
NOMAD - version 3.5.1 - www.gerad.ca/nomad

Copyright (C) 2001-2012 {
	Mark A. Abramson     - The Boeing Company
	Charles Audet        - Ecole Polytechnique de Montreal
	Gilles Couture       - Ecole Polytechnique de Montreal
	John E. Dennis, Jr.  - Rice University
	Sebastien Le Digabel - Ecole Polytechnique de Montreal
	Christophe Tribes    - Ecole Polytechnique de Montreal
} 

Funded in part by AFOSR and Exxon Mobil.

License   : '$NOMAD_HOME/src/lgpl.txt'
User guide: '$NOMAD_HOME/doc/user_guide.pdf'
Examples  : '$NOMAD_HOME/examples'
Tools     : '$NOMAD_HOME/tools'

Please report bugs to nomad@gerad.ca

parameters {

	problem directory    : ./
	dimension            : n=2
	blackbox input types : (   cat(C)   int(I) )
	extended poll trigger: 0.1 (relative)
	neighbors executable : $python neighbors.py
	variable groups {
		group #0 {
			indexes: { 0 }
			no directions (categorical variables)
		} 
		group #1 {
			indexes: { 1 }
			directions {
				n             : 1
				types         : { [Ortho-MADS 2n] }
				sec poll types: { }
				halton_seed   : 3
			} 
		} 
	} 
	blackbox outputs (m=1) {
		#0          OBJ	$python blackbox.py
	} 
	signature                       : standard
	has surrogate                   : no
	add seed to output file names   : yes
	solution file                   : nomad-solution.6515.txt
	history file                    : none
	stats file                      : none
	cache file                      : none
	x0                              : ( 555111511    0 )
	directions         : Ortho-MADS 2n
	user halton seed   : 3
	mesh {
		update basis       :   4
		coarsening exponent:   1
		refining exponent  :  -1
		initial mesh index :   0
		max mesh index     :   2
		initial mesh size  : (    1    1 )
		min poll size      : (  NaN    1 )
	} 
	snap to bounds                   : yes
	opportunistic evaluations        : yes
	use models                       : no
	speculative search               : yes
	VNS search                       : no
	Latin-Hypercube (LH) search      : no
	cache search                     : no
	random seed / run id             : 6515
	epsilon                          : 1e-13
	undefined string                 : NaN
	infinity string                  : inf
	display degrees {
		general  : full (3)
		search   : full (3)
		poll     : full (3)
		iterative: full (3)
	} 
	display stats                : EVAL BBE [ SOL, ] BBO TIME
	display all evaluations      : no
	point display limit          : no limit
	max number of blackbox eval. : 100
	max cache memory             : 2000 MB
} 

MADS run {

	starting point evaluation {

		x0 eval point: ( 555111511  0 )

		list of points evaluation (x0 evaluation) {

			evaluation 1/1 {

				point #0 ( 555111511  0 )


				x0 evaluation dominating point #0 {
					x    = ( 555111511  0 )
					F(x) = [ 0.0252802372 ]
					h    = 0
					f    = 0.0252802372
				} 
			} 

		} end of evaluations


		terminate MADS       : no
		iteration status     : dominating
		new feas. incumbent  : #0 {
			x    = ( 555111511  0 )
			F(x) = [ 0.0252802372 ]
			h    = 0
			f    = 0.0252802372
		} 
		new infeas. incumbent: none

	} end of starting point evaluation

	MADS iteration 0 {

		blackbox evaluations : 1
		best feas. solution  : ( 555111511  0 ) h=0 f=0.0252802372
		best infeas. solution: none
		poll center          : ( 555111511  0 )
		mesh size            : (  1  1 )
		poll size            : (  1  1 )
		mesh index           : 0
		h_max                : inf

		MADS search {
		} end of search

		MADS poll {

			poll center: ( 555111511  0 )

			poll directions (include mesh size parameter) {
				dir 0 : (  0 -1 ) Ortho-MADS 2n
				dir 1 : (  0  1 ) Ortho-MADS 2n
			} 

			re-ordered list of 2 poll trial points {
				#1 : ( 555111511 -1 ) (dir 0)
				#2 : ( 555111511  1 ) (dir 1)
			} 

			list of points evaluation (poll) {

				evaluation 1/2 {

					point #1 ( 555111511 -1 )
					direction  : (  0 -1 ) Ortho-MADS 2n
					mesh index : 0

					poll unsuccessful point #1: evaluation failed
				} 

				evaluation 2/2 {

					point #2 ( 555111511  1 )
					direction  : (  0  1 ) Ortho-MADS 2n
					mesh index : 0

					poll unsuccessful point #2: evaluation failed
				} 

			} end of evaluations


			MADS extended poll {


				extended poll pts sorting {


					list of points evaluation (extended poll) {

						evaluation 1/28 {

							point #3 ( 455111511  0 )
							mesh index : 0

							extended poll unsuccessful point #3 [ h=0 f=0.02680277824 ]
						} 

						evaluation 2/28 {

							point #4 ( 545111511  0 )
							mesh index : 0

							extended poll unsuccessful point #4 [ h=0 f=0.02757811546 ]
						} 

						evaluation 3/28 {

							point #5 ( 554111511  0 )
							mesh index : 0


							extended poll dominating point #5 {
								x    = ( 554111511  0 )
								F(x) = [ 0.0241792202 ]
								h    = 0
								f    = 0.0241792202
							} 

							opport. strategy: stop evaluations
						} 

					} end of evaluations


				} end of ext poll pts sorting (success)


			} end of extended poll

		} end of poll

		Mesh update {
			previous mesh index: 0
			new mesh index     : -1
		} 


		terminate MADS       : no
		iteration status     : dominating
		new feas. incumbent  : #5 {
			x    = ( 554111511  0 )
			F(x) = [ 0.0241792202 ]
			h    = 0
			f    = 0.0241792202
		} 
		new infeas. incumbent: none

	} end of iteration 0

	MADS iteration 1 {

		blackbox evaluations : 6
		best feas. solution  : ( 554111511  0 ) h=0 f=0.0241792202
		best infeas. solution: none
		poll center          : ( 554111511  0 )
		mesh size            : (  1  1 )
		poll size            : (  2  2 )
		mesh index           : -1
		h_max                : inf

		MADS search {

			speculative search {

			} end of speculative search (unsuccessful)

		} end of search

		MADS poll {

			poll center: ( 554111511  0 )

			poll directions (include mesh size parameter) {
				dir 0 : (  0 -1 ) Ortho-MADS 2n
				dir 1 : (  0  1 ) Ortho-MADS 2n
			} 

			re-ordered list of 2 poll trial points {
				#31 : ( 554111511 -1 ) (dir 0)
				#32 : ( 554111511  1 ) (dir 1)
			} 

			list of points evaluation (poll) {

				evaluation 1/2 {

					point #31 ( 554111511 -1 )
					direction  : (  0 -1 ) Ortho-MADS 2n
					mesh index : -1

					poll unsuccessful point #31: evaluation failed
				} 

				evaluation 2/2 {

					point #32 ( 554111511  1 )
					direction  : (  0  1 ) Ortho-MADS 2n
					mesh index : -1

					poll unsuccessful point #32: evaluation failed
				} 

			} end of evaluations


			MADS extended poll {


				extended poll pts sorting {


					list of points evaluation (extended poll) {

						evaluation 1/28 {

							point #33 ( 454111511  0 )
							mesh index : -1

							extended poll unsuccessful point #33 [ h=0 f=0.02995038033 ]
						} 

						evaluation 2/28 {

							point #34 ( 544111511  0 )
							mesh index : -1

							extended poll unsuccessful point #34 [ h=0 f=0.03016018867 ]
						} 

						evaluation 3/28 {

							point #35 ( 555111511  0 )
							mesh index : -1

							cache hit: #35 --> #0
							extended poll unsuccessful point #0 [ h=0 f=0.0252802372 ]
						} 

						evaluation 4/28 {

							point #36 ( 5511511  0 )
							mesh index : -1

							extended poll unsuccessful point #36 [ h=0 f=0.0255548954 ]
						} 

						evaluation 5/28 {

							point #37 ( 5511511  0 )
							mesh index : -1

							cache hit: #37 --> #36
							extended poll unsuccessful point #36 [ h=0 f=0.0255548954 ]
						} 

						evaluation 6/28 {

							point #38 ( 554211511  0 )
							mesh index : -1

							extended poll unsuccessful point #38 [ h=0 f=0.02759218216 ]
						} 

						evaluation 7/28 {

							point #39 ( 554311511  0 )
							mesh index : -1

							extended poll unsuccessful point #39 [ h=0 f=0.03068971634 ]
						} 

						evaluation 8/28 {

							point #40 ( 5.544231151e+10  0 )
							mesh index : -1

							extended poll unsuccessful point #40 [ h=0 f=0.03369283676 ]
						} 

						evaluation 9/28 {

							point #41 ( 5.545231151e+10  0 )
							mesh index : -1

							extended poll unsuccessful point #41 [ h=0 f=0.03186225891 ]
						} 

						evaluation 10/28 {

							point #42 ( 554121511  0 )
							mesh index : -1

							extended poll unsuccessful point #42 [ h=0 f=0.02866697311 ]
						} 

						evaluation 11/28 {

							point #43 ( 554131511  0 )
							mesh index : -1

							extended poll unsuccessful point #43 [ h=0 f=0.03504920006 ]
						} 

						evaluation 12/28 {

							point #44 ( 5.541423151e+10  0 )
							mesh index : -1

							extended poll unsuccessful point #44 [ h=0 f=0.03701615334 ]
						} 

						evaluation 13/28 {

							point #45 ( 5.541523151e+10  0 )
							mesh index : -1

							extended poll unsuccessful point #45 [ h=0 f=0.03335428238 ]
						} 

						evaluation 14/28 {

							point #46 ( 554112511  0 )
							mesh index : -1

							extended poll unsuccessful point #46 [ h=0 f=0.02971315384 ]
						} 

						evaluation 15/28 {

							point #47 ( 554113511  0 )
							mesh index : -1

							extended poll unsuccessful point #47 [ h=0 f=0.04001903534 ]
						} 

						evaluation 16/28 {

							point #48 ( 5.541142351e+10  0 )
							mesh index : -1

							extended poll unsuccessful point #48 [ h=0 f=0.03747367859 ]
						} 

						evaluation 17/28 {

							point #49 ( 5.541152351e+10  0 )
							mesh index : -1

							extended poll unsuccessful point #49: evaluation failed
						} 

						evaluation 18/28 {

							point #50 ( 554111411  0 )
							mesh index : -1

							extended poll unsuccessful point #50 [ h=0 f=0.027115345 ]
						} 

						evaluation 19/28 {

							point #51 ( 5541111  0 )
							mesh index : -1

							extended poll unsuccessful point #51 [ h=0 f=0.02560734749 ]
						} 

						evaluation 20/28 {

							point #52 ( 5541111  0 )
							mesh index : -1

							cache hit: #52 --> #51
							extended poll unsuccessful point #51 [ h=0 f=0.02560734749 ]
						} 

						evaluation 21/28 {

							point #53 ( 554111521  0 )
							mesh index : -1

							extended poll unsuccessful point #53 [ h=0 f=0.03424954414 ]
						} 

						evaluation 22/28 {

							point #54 ( 554111531  0 )
							mesh index : -1

							extended poll unsuccessful point #54 [ h=0 f=0.03486633301 ]
						} 

						evaluation 23/28 {

							point #55 ( 5.541115423e+10  0 )
							mesh index : -1

							extended poll unsuccessful point #55 [ h=0 f=0.04025244713 ]
						} 

						evaluation 24/28 {

							point #56 ( 5.541115523e+10  0 )
							mesh index : -1

							extended poll unsuccessful point #56 [ h=0 f=0.03184390068 ]
						} 

						evaluation 25/28 {

							point #57 ( 554111512  0 )
							mesh index : -1

							extended poll unsuccessful point #57 [ h=0 f=0.02923059463 ]
						} 

						evaluation 26/28 {

							point #58 ( 554111513  0 )
							mesh index : -1

							extended poll unsuccessful point #58 [ h=0 f=0.04258751869 ]
						} 

						evaluation 27/28 {

							point #59 ( 5.541115142e+10  0 )
							mesh index : -1

							extended poll unsuccessful point #59 [ h=0 f=0.03520894051 ]
						} 

						evaluation 28/28 {

							point #60 ( 5.541115152e+10  0 )
							mesh index : -1

							extended poll unsuccessful point #60 [ h=0 f=0.04223418236 ]
						} 

					} end of evaluations


					sorted ext poll pts {

						point # 1/26 : ( 555111511     0 )
						point # 2/26 : ( 5511511     0 )
						point # 3/26 : ( 5541111     0 )
						point # 4/26 : ( 554111411     0 )
						point # 5/26 : ( 554211511     0 )
						point # 6/26 : ( 554121511     0 )
						point # 7/26 : ( 554111512     0 )
						point # 8/26 : ( 554112511     0 )
						point # 9/26 : ( 454111511     0 )
						point #10/26 : ( 544111511     0 )
						point #11/26 : ( 554311511     0 )
						point #12/26 : ( 5.541115523e+10     0 )
						point #13/26 : ( 5.545231151e+10     0 )
						point #14/26 : ( 5.541523151e+10     0 )
						point #15/26 : ( 5.544231151e+10     0 )
						point #16/26 : ( 554111521     0 )
						point #17/26 : ( 554111531     0 )
						point #18/26 : ( 554131511     0 )
						point #19/26 : ( 5.541115142e+10     0 )
						point #20/26 : ( 5.541423151e+10     0 )
						point #21/26 : ( 5.541142351e+10     0 )
						point #22/26 : ( 554113511     0 )
						point #23/26 : ( 5.541115423e+10     0 )
						point #24/26 : ( 5.541115152e+10     0 )
						point #25/26 : ( 554111513     0 )
						point #26/26 : ( 5.541152351e+10     0 )

					} 


				} end of ext poll pts sorting


				extended poll point eval {

					extended poll point = ( 555111511     0 )

					list of points evaluation (extended poll) {

						evaluation 1/1 {

							point #61 ( 555111511  0 )
							mesh index : -1

							cache hit: #61 --> #0
							extended poll unsuccessful point #0 [ h=0 f=0.0252802372 ]
						} 

					} end of evaluations


				} 


				extended poll center: ( 555111511     0 )

				perform extended poll descent ...... yes

				extended poll descent {

					       iteration = 1
					 blackbox eval.  = 33
					      mesh index = -1
					ext. poll center = ( 555111511     0 ) f=0.0252802372 h=0


					MADS run {

						33+BBE	OBJ	(ext-poll)

						33+ 0	0.0252802372	(ext-poll)

					} end of run (max mesh index)

					blackbox evaluations    : 0
					best feasible solution  : ( 555111511 0 ) h=0 f=0.0252802372

				} end of extended poll descent (unsuccessful)


				extended poll point eval {

					extended poll point = ( 5511511     0 )

					list of points evaluation (extended poll) {

						evaluation 1/1 {

							point #62 ( 5511511  0 )
							mesh index : -1

							cache hit: #62 --> #36
							extended poll unsuccessful point #36 [ h=0 f=0.0255548954 ]
						} 

					} end of evaluations


				} 


				extended poll center: ( 5511511     0 )

				perform extended poll descent ...... yes

				extended poll descent {

					       iteration = 1
					 blackbox eval.  = 33
					      mesh index = -1
					ext. poll center = ( 5511511     0 ) f=0.0255548954 h=0


					MADS run {

						33+BBE	OBJ	(ext-poll)

						33+ 0	0.0255548954	(ext-poll)
						33+ 2	0.0255548954	(ext-poll)

					} end of run (max mesh index)

					blackbox evaluations    : 2
					best feasible solution  : ( 5511511 0 ) h=0 f=0.0255548954

				} end of extended poll descent (unsuccessful)


				extended poll point eval {

					extended poll point = ( 5541111     0 )

					list of points evaluation (extended poll) {

						evaluation 1/1 {

							point #63 ( 5541111  0 )
							mesh index : -1

							cache hit: #63 --> #51
							extended poll unsuccessful point #51 [ h=0 f=0.02560734749 ]
						} 

					} end of evaluations


				} 


				extended poll center: ( 5541111     0 )

				perform extended poll descent ...... yes

				extended poll descent {

					       iteration = 1
					 blackbox eval.  = 35
					      mesh index = -1
					ext. poll center = ( 5541111     0 ) f=0.02560734749 h=0


					MADS run {

						35+BBE	OBJ	(ext-poll)

						35+ 0	0.0256073475	(ext-poll)
						35+ 2	0.0256073475	(ext-poll)

					} end of run (max mesh index)

					blackbox evaluations    : 2
					best feasible solution  : ( 5541111 0 ) h=0 f=0.02560734749

				} end of extended poll descent (unsuccessful)


				extended poll point eval {

					extended poll point = ( 554111411     0 )

					list of points evaluation (extended poll) {

						evaluation 1/1 {

							point #64 ( 554111411  0 )
							mesh index : -1

							cache hit: #64 --> #50
							extended poll unsuccessful point #50 [ h=0 f=0.027115345 ]
						} 

					} end of evaluations


				} 


				extended poll center: ( 554111411     0 )

				perform extended poll descent ...... no

				extended poll point eval {

					extended poll point = ( 554211511     0 )

					list of points evaluation (extended poll) {

						evaluation 1/1 {

							point #65 ( 554211511  0 )
							mesh index : -1

							cache hit: #65 --> #38
							extended poll unsuccessful point #38 [ h=0 f=0.02759218216 ]
						} 

					} end of evaluations


				} 


				extended poll center: ( 554211511     0 )

				perform extended poll descent ...... no

				extended poll point eval {

					extended poll point = ( 554121511     0 )

					list of points evaluation (extended poll) {

						evaluation 1/1 {

							point #66 ( 554121511  0 )
							mesh index : -1

							cache hit: #66 --> #42
							extended poll unsuccessful point #42 [ h=0 f=0.02866697311 ]
						} 

					} end of evaluations


				} 


				extended poll center: ( 554121511     0 )

				perform extended poll descent ...... no

				extended poll point eval {

					extended poll point = ( 554111512     0 )

					list of points evaluation (extended poll) {

						evaluation 1/1 {

							point #67 ( 554111512  0 )
							mesh index : -1

							cache hit: #67 --> #57
							extended poll unsuccessful point #57 [ h=0 f=0.02923059463 ]
						} 

					} end of evaluations


				} 


				extended poll center: ( 554111512     0 )

				perform extended poll descent ...... no

				extended poll point eval {

					extended poll point = ( 554112511     0 )

					list of points evaluation (extended poll) {

						evaluation 1/1 {

							point #68 ( 554112511  0 )
							mesh index : -1

							cache hit: #68 --> #46
							extended poll unsuccessful point #46 [ h=0 f=0.02971315384 ]
						} 

					} end of evaluations


				} 


				extended poll center: ( 554112511     0 )

				perform extended poll descent ...... no

				extended poll point eval {

					extended poll point = ( 454111511     0 )

					list of points evaluation (extended poll) {

						evaluation 1/1 {

							point #69 ( 454111511  0 )
							mesh index : -1

							cache hit: #69 --> #33
							extended poll unsuccessful point #33 [ h=0 f=0.02995038033 ]
						} 

					} end of evaluations


				} 


				extended poll center: ( 454111511     0 )

				perform extended poll descent ...... no

				extended poll point eval {

					extended poll point = ( 544111511     0 )

					list of points evaluation (extended poll) {

						evaluation 1/1 {

							point #70 ( 544111511  0 )
							mesh index : -1

							cache hit: #70 --> #34
							extended poll unsuccessful point #34 [ h=0 f=0.03016018867 ]
						} 

					} end of evaluations


				} 


				extended poll center: ( 544111511     0 )

				perform extended poll descent ...... no

				extended poll point eval {

					extended poll point = ( 554311511     0 )

					list of points evaluation (extended poll) {

						evaluation 1/1 {

							point #71 ( 554311511  0 )
							mesh index : -1

							cache hit: #71 --> #39
							extended poll unsuccessful point #39 [ h=0 f=0.03068971634 ]
						} 

					} end of evaluations


				} 


				extended poll center: ( 554311511     0 )

				perform extended poll descent ...... no

				extended poll point eval {

					extended poll point = ( 5.541115523e+10     0 )

					list of points evaluation (extended poll) {

						evaluation 1/1 {

							point #72 ( 5.541115523e+10  0 )
							mesh index : -1

							cache hit: #72 --> #56
							extended poll unsuccessful point #56 [ h=0 f=0.03184390068 ]
						} 

					} end of evaluations


				} 


				extended poll center: ( 5.541115523e+10     0 )

				perform extended poll descent ...... no

				extended poll point eval {

					extended poll point = ( 5.545231151e+10     0 )

					list of points evaluation (extended poll) {

						evaluation 1/1 {

							point #73 ( 5.545231151e+10  0 )
							mesh index : -1

							cache hit: #73 --> #41
							extended poll unsuccessful point #41 [ h=0 f=0.03186225891 ]
						} 

					} end of evaluations


				} 


				extended poll center: ( 5.545231151e+10     0 )

				perform extended poll descent ...... no

				extended poll point eval {

					extended poll point = ( 5.541523151e+10     0 )

					list of points evaluation (extended poll) {

						evaluation 1/1 {

							point #74 ( 5.541523151e+10  0 )
							mesh index : -1

							cache hit: #74 --> #45
							extended poll unsuccessful point #45 [ h=0 f=0.03335428238 ]
						} 

					} end of evaluations


				} 


				extended poll center: ( 5.541523151e+10     0 )

				perform extended poll descent ...... no

				extended poll point eval {

					extended poll point = ( 5.544231151e+10     0 )

					list of points evaluation (extended poll) {

						evaluation 1/1 {

							point #75 ( 5.544231151e+10  0 )
							mesh index : -1

							cache hit: #75 --> #40
							extended poll unsuccessful point #40 [ h=0 f=0.03369283676 ]
						} 

					} end of evaluations


				} 


				extended poll center: ( 5.544231151e+10     0 )

				perform extended poll descent ...... no

				extended poll point eval {

					extended poll point = ( 554111521     0 )

					list of points evaluation (extended poll) {

						evaluation 1/1 {

							point #76 ( 554111521  0 )
							mesh index : -1

							cache hit: #76 --> #53
							extended poll unsuccessful point #53 [ h=0 f=0.03424954414 ]
						} 

					} end of evaluations


				} 


				extended poll center: ( 554111521     0 )

				perform extended poll descent ...... no

				extended poll point eval {

					extended poll point = ( 554111531     0 )

					list of points evaluation (extended poll) {

						evaluation 1/1 {

							point #77 ( 554111531  0 )
							mesh index : -1

							cache hit: #77 --> #54
							extended poll unsuccessful point #54 [ h=0 f=0.03486633301 ]
						} 

					} end of evaluations


				} 


				extended poll center: ( 554111531     0 )

				perform extended poll descent ...... no

				extended poll point eval {

					extended poll point = ( 554131511     0 )

					list of points evaluation (extended poll) {

						evaluation 1/1 {

							point #78 ( 554131511  0 )
							mesh index : -1

							cache hit: #78 --> #43
							extended poll unsuccessful point #43 [ h=0 f=0.03504920006 ]
						} 

					} end of evaluations


				} 


				extended poll center: ( 554131511     0 )

				perform extended poll descent ...... no

				extended poll point eval {

					extended poll point = ( 5.541115142e+10     0 )

					list of points evaluation (extended poll) {

						evaluation 1/1 {

							point #79 ( 5.541115142e+10  0 )
							mesh index : -1

							cache hit: #79 --> #59
							extended poll unsuccessful point #59 [ h=0 f=0.03520894051 ]
						} 

					} end of evaluations


				} 


				extended poll center: ( 5.541115142e+10     0 )

				perform extended poll descent ...... no

				extended poll point eval {

					extended poll point = ( 5.541423151e+10     0 )

					list of points evaluation (extended poll) {

						evaluation 1/1 {

							point #80 ( 5.541423151e+10  0 )
							mesh index : -1

							cache hit: #80 --> #44
							extended poll unsuccessful point #44 [ h=0 f=0.03701615334 ]
						} 

					} end of evaluations


				} 


				extended poll center: ( 5.541423151e+10     0 )

				perform extended poll descent ...... no

				extended poll point eval {

					extended poll point = ( 5.541142351e+10     0 )

					list of points evaluation (extended poll) {

						evaluation 1/1 {

							point #81 ( 5.541142351e+10  0 )
							mesh index : -1

							cache hit: #81 --> #48
							extended poll unsuccessful point #48 [ h=0 f=0.03747367859 ]
						} 

					} end of evaluations


				} 


				extended poll center: ( 5.541142351e+10     0 )

				perform extended poll descent ...... no

				extended poll point eval {

					extended poll point = ( 554113511     0 )

					list of points evaluation (extended poll) {

						evaluation 1/1 {

							point #82 ( 554113511  0 )
							mesh index : -1

							cache hit: #82 --> #47
							extended poll unsuccessful point #47 [ h=0 f=0.04001903534 ]
						} 

					} end of evaluations


				} 


				extended poll center: ( 554113511     0 )

				perform extended poll descent ...... no

				extended poll point eval {

					extended poll point = ( 5.541115423e+10     0 )

					list of points evaluation (extended poll) {

						evaluation 1/1 {

							point #83 ( 5.541115423e+10  0 )
							mesh index : -1

							cache hit: #83 --> #55
							extended poll unsuccessful point #55 [ h=0 f=0.04025244713 ]
						} 

					} end of evaluations


				} 


				extended poll center: ( 5.541115423e+10     0 )

				perform extended poll descent ...... no

				extended poll point eval {

					extended poll point = ( 5.541115152e+10     0 )

					list of points evaluation (extended poll) {

						evaluation 1/1 {

							point #84 ( 5.541115152e+10  0 )
							mesh index : -1

							cache hit: #84 --> #60
							extended poll unsuccessful point #60 [ h=0 f=0.04223418236 ]
						} 

					} end of evaluations


				} 


				extended poll center: ( 5.541115152e+10     0 )

				perform extended poll descent ...... no

				extended poll point eval {

					extended poll point = ( 554111513     0 )

					list of points evaluation (extended poll) {

						evaluation 1/1 {

							point #85 ( 554111513  0 )
							mesh index : -1

							cache hit: #85 --> #58
							extended poll unsuccessful point #58 [ h=0 f=0.04258751869 ]
						} 

					} end of evaluations


				} 


				extended poll center: ( 554111513     0 )

				perform extended poll descent ...... no

				extended poll point eval {

					extended poll point = ( 5.541152351e+10     0 )

					list of points evaluation (extended poll) {

						evaluation 1/1 {

							point #86 ( 5.541152351e+10  0 )
							mesh index : -1

							cache hit: #86 --> #49
							extended poll unsuccessful point #49: evaluation failed
						} 

					} end of evaluations


				} 


				extended poll center: ( 5.541152351e+10     0 )

				perform extended poll descent ...... no

			} end of extended poll

		} end of poll

		Mesh update {
			previous mesh index: -1
			new mesh index     : 0
		} 


		terminate MADS       : no
		iteration status     : unsuccessful
		new feas. incumbent  : none
		new infeas. incumbent: none

	} end of iteration 1

	MADS iteration 2 {

		blackbox evaluations : 37
		best feas. solution  : ( 554111511  0 ) h=0 f=0.0241792202
		best infeas. solution: none
		poll center          : ( 554111511  0 )
		mesh size            : (  1  1 )
		poll size            : (  1  1 )
		mesh index           : 0
		h_max                : inf

		MADS search {
		} end of search

		MADS poll {

			poll center: ( 554111511  0 )

			poll directions (include mesh size parameter) {
				dir 0 : (  0 -1 ) Ortho-MADS 2n
				dir 1 : (  0  1 ) Ortho-MADS 2n
			} 

			re-ordered list of 2 poll trial points {
				#96 : ( 554111511 -1 ) (dir 0)
				#97 : ( 554111511  1 ) (dir 1)
			} 

			list of points evaluation (poll) {

				evaluation 1/2 {

					point #96 ( 554111511 -1 )
					direction  : (  0 -1 ) Ortho-MADS 2n
					mesh index : 0

					cache hit: #96 --> #31
					poll unsuccessful point #31: evaluation failed
				} 

				evaluation 2/2 {

					point #97 ( 554111511  1 )
					direction  : (  0  1 ) Ortho-MADS 2n
					mesh index : 0

					cache hit: #97 --> #32
					poll unsuccessful point #32: evaluation failed
				} 

			} end of evaluations


			MADS extended poll {


				extended poll pts sorting {


					list of points evaluation (extended poll) {

						evaluation 1/28 {

							point #98 ( 454111511  0 )
							mesh index : 0

							cache hit: #98 --> #33
							extended poll unsuccessful point #33 [ h=0 f=0.02995038033 ]
						} 

						evaluation 2/28 {

							point #99 ( 544111511  0 )
							mesh index : 0

							cache hit: #99 --> #34
							extended poll unsuccessful point #34 [ h=0 f=0.03016018867 ]
						} 

						evaluation 3/28 {

							point #100 ( 555111511  0 )
							mesh index : 0

							cache hit: #100 --> #0
							extended poll unsuccessful point #0 [ h=0 f=0.0252802372 ]
						} 

						evaluation 4/28 {

							point #101 ( 5511511  0 )
							mesh index : 0

							cache hit: #101 --> #36
							extended poll unsuccessful point #36 [ h=0 f=0.0255548954 ]
						} 

						evaluation 5/28 {

							point #102 ( 5511511  0 )
							mesh index : 0

							cache hit: #102 --> #36
							extended poll unsuccessful point #36 [ h=0 f=0.0255548954 ]
						} 

						evaluation 6/28 {

							point #103 ( 554211511  0 )
							mesh index : 0

							cache hit: #103 --> #38
							extended poll unsuccessful point #38 [ h=0 f=0.02759218216 ]
						} 

						evaluation 7/28 {

							point #104 ( 554311511  0 )
							mesh index : 0

							cache hit: #104 --> #39
							extended poll unsuccessful point #39 [ h=0 f=0.03068971634 ]
						} 

						evaluation 8/28 {

							point #105 ( 5.544231151e+10  0 )
							mesh index : 0

							cache hit: #105 --> #40
							extended poll unsuccessful point #40 [ h=0 f=0.03369283676 ]
						} 

						evaluation 9/28 {

							point #106 ( 5.545231151e+10  0 )
							mesh index : 0

							cache hit: #106 --> #41
							extended poll unsuccessful point #41 [ h=0 f=0.03186225891 ]
						} 

						evaluation 10/28 {

							point #107 ( 554121511  0 )
							mesh index : 0

							cache hit: #107 --> #42
							extended poll unsuccessful point #42 [ h=0 f=0.02866697311 ]
						} 

						evaluation 11/28 {

							point #108 ( 554131511  0 )
							mesh index : 0

							cache hit: #108 --> #43
							extended poll unsuccessful point #43 [ h=0 f=0.03504920006 ]
						} 

						evaluation 12/28 {

							point #109 ( 5.541423151e+10  0 )
							mesh index : 0

							cache hit: #109 --> #44
							extended poll unsuccessful point #44 [ h=0 f=0.03701615334 ]
						} 

						evaluation 13/28 {

							point #110 ( 5.541523151e+10  0 )
							mesh index : 0

							cache hit: #110 --> #45
							extended poll unsuccessful point #45 [ h=0 f=0.03335428238 ]
						} 

						evaluation 14/28 {

							point #111 ( 554112511  0 )
							mesh index : 0

							cache hit: #111 --> #46
							extended poll unsuccessful point #46 [ h=0 f=0.02971315384 ]
						} 

						evaluation 15/28 {

							point #112 ( 554113511  0 )
							mesh index : 0

							cache hit: #112 --> #47
							extended poll unsuccessful point #47 [ h=0 f=0.04001903534 ]
						} 

						evaluation 16/28 {

							point #113 ( 5.541142351e+10  0 )
							mesh index : 0

							cache hit: #113 --> #48
							extended poll unsuccessful point #48 [ h=0 f=0.03747367859 ]
						} 

						evaluation 17/28 {

							point #114 ( 5.541152351e+10  0 )
							mesh index : 0

							cache hit: #114 --> #49
							extended poll unsuccessful point #49: evaluation failed
						} 

						evaluation 18/28 {

							point #115 ( 554111411  0 )
							mesh index : 0

							cache hit: #115 --> #50
							extended poll unsuccessful point #50 [ h=0 f=0.027115345 ]
						} 

						evaluation 19/28 {

							point #116 ( 5541111  0 )
							mesh index : 0

							cache hit: #116 --> #51
							extended poll unsuccessful point #51 [ h=0 f=0.02560734749 ]
						} 

						evaluation 20/28 {

							point #117 ( 5541111  0 )
							mesh index : 0

							cache hit: #117 --> #51
							extended poll unsuccessful point #51 [ h=0 f=0.02560734749 ]
						} 

						evaluation 21/28 {

							point #118 ( 554111521  0 )
							mesh index : 0

							cache hit: #118 --> #53
							extended poll unsuccessful point #53 [ h=0 f=0.03424954414 ]
						} 

						evaluation 22/28 {

							point #119 ( 554111531  0 )
							mesh index : 0

							cache hit: #119 --> #54
							extended poll unsuccessful point #54 [ h=0 f=0.03486633301 ]
						} 

						evaluation 23/28 {

							point #120 ( 5.541115423e+10  0 )
							mesh index : 0

							cache hit: #120 --> #55
							extended poll unsuccessful point #55 [ h=0 f=0.04025244713 ]
						} 

						evaluation 24/28 {

							point #121 ( 5.541115523e+10  0 )
							mesh index : 0

							cache hit: #121 --> #56
							extended poll unsuccessful point #56 [ h=0 f=0.03184390068 ]
						} 

						evaluation 25/28 {

							point #122 ( 554111512  0 )
							mesh index : 0

							cache hit: #122 --> #57
							extended poll unsuccessful point #57 [ h=0 f=0.02923059463 ]
						} 

						evaluation 26/28 {

							point #123 ( 554111513  0 )
							mesh index : 0

							cache hit: #123 --> #58
							extended poll unsuccessful point #58 [ h=0 f=0.04258751869 ]
						} 

						evaluation 27/28 {

							point #124 ( 5.541115142e+10  0 )
							mesh index : 0

							cache hit: #124 --> #59
							extended poll unsuccessful point #59 [ h=0 f=0.03520894051 ]
						} 

						evaluation 28/28 {

							point #125 ( 5.541115152e+10  0 )
							mesh index : 0

							cache hit: #125 --> #60
							extended poll unsuccessful point #60 [ h=0 f=0.04223418236 ]
						} 

					} end of evaluations


					sorted ext poll pts {

						point # 1/26 : ( 555111511     0 )
						point # 2/26 : ( 5511511     0 )
						point # 3/26 : ( 5541111     0 )
						point # 4/26 : ( 554111411     0 )
						point # 5/26 : ( 554211511     0 )
						point # 6/26 : ( 554121511     0 )
						point # 7/26 : ( 554111512     0 )
						point # 8/26 : ( 554112511     0 )
						point # 9/26 : ( 454111511     0 )
						point #10/26 : ( 544111511     0 )
						point #11/26 : ( 554311511     0 )
						point #12/26 : ( 5.541115523e+10     0 )
						point #13/26 : ( 5.545231151e+10     0 )
						point #14/26 : ( 5.541523151e+10     0 )
						point #15/26 : ( 5.544231151e+10     0 )
						point #16/26 : ( 554111521     0 )
						point #17/26 : ( 554111531     0 )
						point #18/26 : ( 554131511     0 )
						point #19/26 : ( 5.541115142e+10     0 )
						point #20/26 : ( 5.541423151e+10     0 )
						point #21/26 : ( 5.541142351e+10     0 )
						point #22/26 : ( 554113511     0 )
						point #23/26 : ( 5.541115423e+10     0 )
						point #24/26 : ( 5.541115152e+10     0 )
						point #25/26 : ( 554111513     0 )
						point #26/26 : ( 5.541152351e+10     0 )

					} 


				} end of ext poll pts sorting


				extended poll point eval {

					extended poll point = ( 555111511     0 )

					list of points evaluation (extended poll) {

						evaluation 1/1 {

							point #126 ( 555111511  0 )
							mesh index : 0

							cache hit: #126 --> #0
							extended poll unsuccessful point #0 [ h=0 f=0.0252802372 ]
						} 

					} end of evaluations


				} 


				extended poll center: ( 555111511     0 )

				perform extended poll descent ...... yes

				extended poll descent {

					       iteration = 2
					 blackbox eval.  = 37
					      mesh index = 0
					ext. poll center = ( 555111511     0 ) f=0.0252802372 h=0


					MADS run {

						37+BBE	OBJ	(ext-poll)

						37+ 0	0.0252802372	(ext-poll)

					} end of run (max mesh index)

					blackbox evaluations    : 0
					best feasible solution  : ( 555111511 0 ) h=0 f=0.0252802372

				} end of extended poll descent (unsuccessful)


				extended poll point eval {

					extended poll point = ( 5511511     0 )

					list of points evaluation (extended poll) {

						evaluation 1/1 {

							point #127 ( 5511511  0 )
							mesh index : 0

							cache hit: #127 --> #36
							extended poll unsuccessful point #36 [ h=0 f=0.0255548954 ]
						} 

					} end of evaluations


				} 


				extended poll center: ( 5511511     0 )

				perform extended poll descent ...... yes

				extended poll descent {

					       iteration = 2
					 blackbox eval.  = 37
					      mesh index = 0
					ext. poll center = ( 5511511     0 ) f=0.0255548954 h=0


					MADS run {

						37+BBE	OBJ	(ext-poll)

						37+ 0	0.0255548954	(ext-poll)

					} end of run (max mesh index)

					blackbox evaluations    : 0
					best feasible solution  : ( 5511511 0 ) h=0 f=0.0255548954

				} end of extended poll descent (unsuccessful)


				extended poll point eval {

					extended poll point = ( 5541111     0 )

					list of points evaluation (extended poll) {

						evaluation 1/1 {

							point #128 ( 5541111  0 )
							mesh index : 0

							cache hit: #128 --> #51
							extended poll unsuccessful point #51 [ h=0 f=0.02560734749 ]
						} 

					} end of evaluations


				} 


				extended poll center: ( 5541111     0 )

				perform extended poll descent ...... yes

				extended poll descent {

					       iteration = 2
					 blackbox eval.  = 37
					      mesh index = 0
					ext. poll center = ( 5541111     0 ) f=0.02560734749 h=0


					MADS run {

						37+BBE	OBJ	(ext-poll)

						37+ 0	0.0256073475	(ext-poll)

					} end of run (max mesh index)

					blackbox evaluations    : 0
					best feasible solution  : ( 5541111 0 ) h=0 f=0.02560734749

				} end of extended poll descent (unsuccessful)


				extended poll point eval {

					extended poll point = ( 554111411     0 )

					list of points evaluation (extended poll) {

						evaluation 1/1 {

							point #129 ( 554111411  0 )
							mesh index : 0

							cache hit: #129 --> #50
							extended poll unsuccessful point #50 [ h=0 f=0.027115345 ]
						} 

					} end of evaluations


				} 


				extended poll center: ( 554111411     0 )

				perform extended poll descent ...... no

				extended poll point eval {

					extended poll point = ( 554211511     0 )

					list of points evaluation (extended poll) {

						evaluation 1/1 {

							point #130 ( 554211511  0 )
							mesh index : 0

							cache hit: #130 --> #38
							extended poll unsuccessful point #38 [ h=0 f=0.02759218216 ]
						} 

					} end of evaluations


				} 


				extended poll center: ( 554211511     0 )

				perform extended poll descent ...... no

				extended poll point eval {

					extended poll point = ( 554121511     0 )

					list of points evaluation (extended poll) {

						evaluation 1/1 {

							point #131 ( 554121511  0 )
							mesh index : 0

							cache hit: #131 --> #42
							extended poll unsuccessful point #42 [ h=0 f=0.02866697311 ]
						} 

					} end of evaluations


				} 


				extended poll center: ( 554121511     0 )

				perform extended poll descent ...... no

				extended poll point eval {

					extended poll point = ( 554111512     0 )

					list of points evaluation (extended poll) {

						evaluation 1/1 {

							point #132 ( 554111512  0 )
							mesh index : 0

							cache hit: #132 --> #57
							extended poll unsuccessful point #57 [ h=0 f=0.02923059463 ]
						} 

					} end of evaluations


				} 


				extended poll center: ( 554111512     0 )

				perform extended poll descent ...... no

				extended poll point eval {

					extended poll point = ( 554112511     0 )

					list of points evaluation (extended poll) {

						evaluation 1/1 {

							point #133 ( 554112511  0 )
							mesh index : 0

							cache hit: #133 --> #46
							extended poll unsuccessful point #46 [ h=0 f=0.02971315384 ]
						} 

					} end of evaluations


				} 


				extended poll center: ( 554112511     0 )

				perform extended poll descent ...... no

				extended poll point eval {

					extended poll point = ( 454111511     0 )

					list of points evaluation (extended poll) {

						evaluation 1/1 {

							point #134 ( 454111511  0 )
							mesh index : 0

							cache hit: #134 --> #33
							extended poll unsuccessful point #33 [ h=0 f=0.02995038033 ]
						} 

					} end of evaluations


				} 


				extended poll center: ( 454111511     0 )

				perform extended poll descent ...... no

				extended poll point eval {

					extended poll point = ( 544111511     0 )

					list of points evaluation (extended poll) {

						evaluation 1/1 {

							point #135 ( 544111511  0 )
							mesh index : 0

							cache hit: #135 --> #34
							extended poll unsuccessful point #34 [ h=0 f=0.03016018867 ]
						} 

					} end of evaluations


				} 


				extended poll center: ( 544111511     0 )

				perform extended poll descent ...... no

				extended poll point eval {

					extended poll point = ( 554311511     0 )

					list of points evaluation (extended poll) {

						evaluation 1/1 {

							point #136 ( 554311511  0 )
							mesh index : 0

							cache hit: #136 --> #39
							extended poll unsuccessful point #39 [ h=0 f=0.03068971634 ]
						} 

					} end of evaluations


				} 


				extended poll center: ( 554311511     0 )

				perform extended poll descent ...... no

				extended poll point eval {

					extended poll point = ( 5.541115523e+10     0 )

					list of points evaluation (extended poll) {

						evaluation 1/1 {

							point #137 ( 5.541115523e+10  0 )
							mesh index : 0

							cache hit: #137 --> #56
							extended poll unsuccessful point #56 [ h=0 f=0.03184390068 ]
						} 

					} end of evaluations


				} 


				extended poll center: ( 5.541115523e+10     0 )

				perform extended poll descent ...... no

				extended poll point eval {

					extended poll point = ( 5.545231151e+10     0 )

					list of points evaluation (extended poll) {

						evaluation 1/1 {

							point #138 ( 5.545231151e+10  0 )
							mesh index : 0

							cache hit: #138 --> #41
							extended poll unsuccessful point #41 [ h=0 f=0.03186225891 ]
						} 

					} end of evaluations


				} 


				extended poll center: ( 5.545231151e+10     0 )

				perform extended poll descent ...... no

				extended poll point eval {

					extended poll point = ( 5.541523151e+10     0 )

					list of points evaluation (extended poll) {

						evaluation 1/1 {

							point #139 ( 5.541523151e+10  0 )
							mesh index : 0

							cache hit: #139 --> #45
							extended poll unsuccessful point #45 [ h=0 f=0.03335428238 ]
						} 

					} end of evaluations


				} 


				extended poll center: ( 5.541523151e+10     0 )

				perform extended poll descent ...... no

				extended poll point eval {

					extended poll point = ( 5.544231151e+10     0 )

					list of points evaluation (extended poll) {

						evaluation 1/1 {

							point #140 ( 5.544231151e+10  0 )
							mesh index : 0

							cache hit: #140 --> #40
							extended poll unsuccessful point #40 [ h=0 f=0.03369283676 ]
						} 

					} end of evaluations


				} 


				extended poll center: ( 5.544231151e+10     0 )

				perform extended poll descent ...... no

				extended poll point eval {

					extended poll point = ( 554111521     0 )

					list of points evaluation (extended poll) {

						evaluation 1/1 {

							point #141 ( 554111521  0 )
							mesh index : 0

							cache hit: #141 --> #53
							extended poll unsuccessful point #53 [ h=0 f=0.03424954414 ]
						} 

					} end of evaluations


				} 


				extended poll center: ( 554111521     0 )

				perform extended poll descent ...... no

				extended poll point eval {

					extended poll point = ( 554111531     0 )

					list of points evaluation (extended poll) {

						evaluation 1/1 {

							point #142 ( 554111531  0 )
							mesh index : 0

							cache hit: #142 --> #54
							extended poll unsuccessful point #54 [ h=0 f=0.03486633301 ]
						} 

					} end of evaluations


				} 


				extended poll center: ( 554111531     0 )

				perform extended poll descent ...... no

				extended poll point eval {

					extended poll point = ( 554131511     0 )

					list of points evaluation (extended poll) {

						evaluation 1/1 {

							point #143 ( 554131511  0 )
							mesh index : 0

							cache hit: #143 --> #43
							extended poll unsuccessful point #43 [ h=0 f=0.03504920006 ]
						} 

					} end of evaluations


				} 


				extended poll center: ( 554131511     0 )

				perform extended poll descent ...... no

				extended poll point eval {

					extended poll point = ( 5.541115142e+10     0 )

					list of points evaluation (extended poll) {

						evaluation 1/1 {

							point #144 ( 5.541115142e+10  0 )
							mesh index : 0

							cache hit: #144 --> #59
							extended poll unsuccessful point #59 [ h=0 f=0.03520894051 ]
						} 

					} end of evaluations


				} 


				extended poll center: ( 5.541115142e+10     0 )

				perform extended poll descent ...... no

				extended poll point eval {

					extended poll point = ( 5.541423151e+10     0 )

					list of points evaluation (extended poll) {

						evaluation 1/1 {

							point #145 ( 5.541423151e+10  0 )
							mesh index : 0

							cache hit: #145 --> #44
							extended poll unsuccessful point #44 [ h=0 f=0.03701615334 ]
						} 

					} end of evaluations


				} 


				extended poll center: ( 5.541423151e+10     0 )

				perform extended poll descent ...... no

				extended poll point eval {

					extended poll point = ( 5.541142351e+10     0 )

					list of points evaluation (extended poll) {

						evaluation 1/1 {

							point #146 ( 5.541142351e+10  0 )
							mesh index : 0

							cache hit: #146 --> #48
							extended poll unsuccessful point #48 [ h=0 f=0.03747367859 ]
						} 

					} end of evaluations


				} 


				extended poll center: ( 5.541142351e+10     0 )

				perform extended poll descent ...... no

				extended poll point eval {

					extended poll point = ( 554113511     0 )

					list of points evaluation (extended poll) {

						evaluation 1/1 {

							point #147 ( 554113511  0 )
							mesh index : 0

							cache hit: #147 --> #47
							extended poll unsuccessful point #47 [ h=0 f=0.04001903534 ]
						} 

					} end of evaluations


				} 


				extended poll center: ( 554113511     0 )

				perform extended poll descent ...... no

				extended poll point eval {

					extended poll point = ( 5.541115423e+10     0 )

					list of points evaluation (extended poll) {

						evaluation 1/1 {

							point #148 ( 5.541115423e+10  0 )
							mesh index : 0

							cache hit: #148 --> #55
							extended poll unsuccessful point #55 [ h=0 f=0.04025244713 ]
						} 

					} end of evaluations


				} 


				extended poll center: ( 5.541115423e+10     0 )

				perform extended poll descent ...... no

				extended poll point eval {

					extended poll point = ( 5.541115152e+10     0 )

					list of points evaluation (extended poll) {

						evaluation 1/1 {

							point #149 ( 5.541115152e+10  0 )
							mesh index : 0

							cache hit: #149 --> #60
							extended poll unsuccessful point #60 [ h=0 f=0.04223418236 ]
						} 

					} end of evaluations


				} 


				extended poll center: ( 5.541115152e+10     0 )

				perform extended poll descent ...... no

				extended poll point eval {

					extended poll point = ( 554111513     0 )

					list of points evaluation (extended poll) {

						evaluation 1/1 {

							point #150 ( 554111513  0 )
							mesh index : 0

							cache hit: #150 --> #58
							extended poll unsuccessful point #58 [ h=0 f=0.04258751869 ]
						} 

					} end of evaluations


				} 


				extended poll center: ( 554111513     0 )

				perform extended poll descent ...... no

				extended poll point eval {

					extended poll point = ( 5.541152351e+10     0 )

					list of points evaluation (extended poll) {

						evaluation 1/1 {

							point #151 ( 5.541152351e+10  0 )
							mesh index : -1

							cache hit: #151 --> #49
							extended poll unsuccessful point #49: evaluation failed
						} 

					} end of evaluations


				} 


				extended poll center: ( 5.541152351e+10     0 )

				perform extended poll descent ...... no

			} end of extended poll

		} end of poll

		Mesh update {
			previous mesh index: 0
			new mesh index     : 1
		} 


		terminate MADS       : no
		iteration status     : unsuccessful
		new feas. incumbent  : none
		new infeas. incumbent: none

	} end of iteration 2

	MADS iteration 3 {

		blackbox evaluations : 37
		best feas. solution  : ( 554111511  0 ) h=0 f=0.0241792202
		best infeas. solution: none
		poll center          : ( 554111511  0 )
		mesh size            : ( 0.25 0.25 )
		poll size            : ( 0.5 0.5 )
		mesh index           : 1
		h_max                : inf

		MADS search {
		} end of search

		MADS poll {

			poll center: ( 554111511  0 )

			poll directions (include mesh size parameter) {
				dir 0 : (  0 -1 ) Ortho-MADS 2n
				dir 1 : (  0  1 ) Ortho-MADS 2n
			} 

			re-ordered list of 2 poll trial points {
				#161 : ( 554111511 -1 ) (dir 0)
				#162 : ( 554111511  1 ) (dir 1)
			} 

			list of points evaluation (poll) {

				evaluation 1/2 {

					point #161 ( 554111511 -1 )
					direction  : (  0 -1 ) Ortho-MADS 2n
					mesh index : 1

					cache hit: #161 --> #31
					poll unsuccessful point #31: evaluation failed
				} 

				evaluation 2/2 {

					point #162 ( 554111511  1 )
					direction  : (  0  1 ) Ortho-MADS 2n
					mesh index : 1

					cache hit: #162 --> #32
					poll unsuccessful point #32: evaluation failed
				} 

			} end of evaluations


			MADS extended poll {


				extended poll pts sorting {


					list of points evaluation (extended poll) {

						evaluation 1/28 {

							point #163 ( 454111511  0 )
							mesh index : 1

							cache hit: #163 --> #33
							extended poll unsuccessful point #33 [ h=0 f=0.02995038033 ]
						} 

						evaluation 2/28 {

							point #164 ( 544111511  0 )
							mesh index : 1

							cache hit: #164 --> #34
							extended poll unsuccessful point #34 [ h=0 f=0.03016018867 ]
						} 

						evaluation 3/28 {

							point #165 ( 555111511  0 )
							mesh index : 1

							cache hit: #165 --> #0
							extended poll unsuccessful point #0 [ h=0 f=0.0252802372 ]
						} 

						evaluation 4/28 {

							point #166 ( 5511511  0 )
							mesh index : 1

							cache hit: #166 --> #36
							extended poll unsuccessful point #36 [ h=0 f=0.0255548954 ]
						} 

						evaluation 5/28 {

							point #167 ( 5511511  0 )
							mesh index : 1

							cache hit: #167 --> #36
							extended poll unsuccessful point #36 [ h=0 f=0.0255548954 ]
						} 

						evaluation 6/28 {

							point #168 ( 554211511  0 )
							mesh index : 1

							cache hit: #168 --> #38
							extended poll unsuccessful point #38 [ h=0 f=0.02759218216 ]
						} 

						evaluation 7/28 {

							point #169 ( 554311511  0 )
							mesh index : 1

							cache hit: #169 --> #39
							extended poll unsuccessful point #39 [ h=0 f=0.03068971634 ]
						} 

						evaluation 8/28 {

							point #170 ( 5.544231151e+10  0 )
							mesh index : 1

							cache hit: #170 --> #40
							extended poll unsuccessful point #40 [ h=0 f=0.03369283676 ]
						} 

						evaluation 9/28 {

							point #171 ( 5.545231151e+10  0 )
							mesh index : 1

							cache hit: #171 --> #41
							extended poll unsuccessful point #41 [ h=0 f=0.03186225891 ]
						} 

						evaluation 10/28 {

							point #172 ( 554121511  0 )
							mesh index : 1

							cache hit: #172 --> #42
							extended poll unsuccessful point #42 [ h=0 f=0.02866697311 ]
						} 

						evaluation 11/28 {

							point #173 ( 554131511  0 )
							mesh index : 1

							cache hit: #173 --> #43
							extended poll unsuccessful point #43 [ h=0 f=0.03504920006 ]
						} 

						evaluation 12/28 {

							point #174 ( 5.541423151e+10  0 )
							mesh index : 1

							cache hit: #174 --> #44
							extended poll unsuccessful point #44 [ h=0 f=0.03701615334 ]
						} 

						evaluation 13/28 {

							point #175 ( 5.541523151e+10  0 )
							mesh index : 1

							cache hit: #175 --> #45
							extended poll unsuccessful point #45 [ h=0 f=0.03335428238 ]
						} 

						evaluation 14/28 {

							point #176 ( 554112511  0 )
							mesh index : 1

							cache hit: #176 --> #46
							extended poll unsuccessful point #46 [ h=0 f=0.02971315384 ]
						} 

						evaluation 15/28 {

							point #177 ( 554113511  0 )
							mesh index : 1

							cache hit: #177 --> #47
							extended poll unsuccessful point #47 [ h=0 f=0.04001903534 ]
						} 

						evaluation 16/28 {

							point #178 ( 5.541142351e+10  0 )
							mesh index : 1

							cache hit: #178 --> #48
							extended poll unsuccessful point #48 [ h=0 f=0.03747367859 ]
						} 

						evaluation 17/28 {

							point #179 ( 5.541152351e+10  0 )
							mesh index : 1

							cache hit: #179 --> #49
							extended poll unsuccessful point #49: evaluation failed
						} 

						evaluation 18/28 {

							point #180 ( 554111411  0 )
							mesh index : 1

							cache hit: #180 --> #50
							extended poll unsuccessful point #50 [ h=0 f=0.027115345 ]
						} 

						evaluation 19/28 {

							point #181 ( 5541111  0 )
							mesh index : 1

							cache hit: #181 --> #51
							extended poll unsuccessful point #51 [ h=0 f=0.02560734749 ]
						} 

						evaluation 20/28 {

							point #182 ( 5541111  0 )
							mesh index : 1

							cache hit: #182 --> #51
							extended poll unsuccessful point #51 [ h=0 f=0.02560734749 ]
						} 

						evaluation 21/28 {

							point #183 ( 554111521  0 )
							mesh index : 1

							cache hit: #183 --> #53
							extended poll unsuccessful point #53 [ h=0 f=0.03424954414 ]
						} 

						evaluation 22/28 {

							point #184 ( 554111531  0 )
							mesh index : 1

							cache hit: #184 --> #54
							extended poll unsuccessful point #54 [ h=0 f=0.03486633301 ]
						} 

						evaluation 23/28 {

							point #185 ( 5.541115423e+10  0 )
							mesh index : 1

							cache hit: #185 --> #55
							extended poll unsuccessful point #55 [ h=0 f=0.04025244713 ]
						} 

						evaluation 24/28 {

							point #186 ( 5.541115523e+10  0 )
							mesh index : 1

							cache hit: #186 --> #56
							extended poll unsuccessful point #56 [ h=0 f=0.03184390068 ]
						} 

						evaluation 25/28 {

							point #187 ( 554111512  0 )
							mesh index : 1

							cache hit: #187 --> #57
							extended poll unsuccessful point #57 [ h=0 f=0.02923059463 ]
						} 

						evaluation 26/28 {

							point #188 ( 554111513  0 )
							mesh index : 1

							cache hit: #188 --> #58
							extended poll unsuccessful point #58 [ h=0 f=0.04258751869 ]
						} 

						evaluation 27/28 {

							point #189 ( 5.541115142e+10  0 )
							mesh index : 1

							cache hit: #189 --> #59
							extended poll unsuccessful point #59 [ h=0 f=0.03520894051 ]
						} 

						evaluation 28/28 {

							point #190 ( 5.541115152e+10  0 )
							mesh index : 1

							cache hit: #190 --> #60
							extended poll unsuccessful point #60 [ h=0 f=0.04223418236 ]
						} 

					} end of evaluations


					sorted ext poll pts {

						point # 1/26 : ( 555111511     0 )
						point # 2/26 : ( 5511511     0 )
						point # 3/26 : ( 5541111     0 )
						point # 4/26 : ( 554111411     0 )
						point # 5/26 : ( 554211511     0 )
						point # 6/26 : ( 554121511     0 )
						point # 7/26 : ( 554111512     0 )
						point # 8/26 : ( 554112511     0 )
						point # 9/26 : ( 454111511     0 )
						point #10/26 : ( 544111511     0 )
						point #11/26 : ( 554311511     0 )
						point #12/26 : ( 5.541115523e+10     0 )
						point #13/26 : ( 5.545231151e+10     0 )
						point #14/26 : ( 5.541523151e+10     0 )
						point #15/26 : ( 5.544231151e+10     0 )
						point #16/26 : ( 554111521     0 )
						point #17/26 : ( 554111531     0 )
						point #18/26 : ( 554131511     0 )
						point #19/26 : ( 5.541115142e+10     0 )
						point #20/26 : ( 5.541423151e+10     0 )
						point #21/26 : ( 5.541142351e+10     0 )
						point #22/26 : ( 554113511     0 )
						point #23/26 : ( 5.541115423e+10     0 )
						point #24/26 : ( 5.541115152e+10     0 )
						point #25/26 : ( 554111513     0 )
						point #26/26 : ( 5.541152351e+10     0 )

					} 


				} end of ext poll pts sorting


				extended poll point eval {

					extended poll point = ( 555111511     0 )

					list of points evaluation (extended poll) {

						evaluation 1/1 {

							point #191 ( 555111511  0 )
							mesh index : 1

							cache hit: #191 --> #0
							extended poll unsuccessful point #0 [ h=0 f=0.0252802372 ]
						} 

					} end of evaluations


				} 


				extended poll center: ( 555111511     0 )

				perform extended poll descent ...... yes

				extended poll descent {

					       iteration = 3
					 blackbox eval.  = 37
					      mesh index = 1
					ext. poll center = ( 555111511     0 ) f=0.0252802372 h=0


					MADS run {

						37+BBE	OBJ	(ext-poll)

						37+ 0	0.0252802372	(ext-poll)

					} end of run (max mesh index)

					blackbox evaluations    : 0
					best feasible solution  : ( 555111511 0 ) h=0 f=0.0252802372

				} end of extended poll descent (unsuccessful)


				extended poll point eval {

					extended poll point = ( 5511511     0 )

					list of points evaluation (extended poll) {

						evaluation 1/1 {

							point #192 ( 5511511  0 )
							mesh index : 1

							cache hit: #192 --> #36
							extended poll unsuccessful point #36 [ h=0 f=0.0255548954 ]
						} 

					} end of evaluations


				} 


				extended poll center: ( 5511511     0 )

				perform extended poll descent ...... yes

				extended poll descent {

					       iteration = 3
					 blackbox eval.  = 37
					      mesh index = 1
					ext. poll center = ( 5511511     0 ) f=0.0255548954 h=0


					MADS run {

						37+BBE	OBJ	(ext-poll)

						37+ 0	0.0255548954	(ext-poll)

					} end of run (max mesh index)

					blackbox evaluations    : 0
					best feasible solution  : ( 5511511 0 ) h=0 f=0.0255548954

				} end of extended poll descent (unsuccessful)


				extended poll point eval {

					extended poll point = ( 5541111     0 )

					list of points evaluation (extended poll) {

						evaluation 1/1 {

							point #193 ( 5541111  0 )
							mesh index : 1

							cache hit: #193 --> #51
							extended poll unsuccessful point #51 [ h=0 f=0.02560734749 ]
						} 

					} end of evaluations


				} 


				extended poll center: ( 5541111     0 )

				perform extended poll descent ...... yes

				extended poll descent {

					       iteration = 3
					 blackbox eval.  = 37
					      mesh index = 1
					ext. poll center = ( 5541111     0 ) f=0.02560734749 h=0


					MADS run {

						37+BBE	OBJ	(ext-poll)

						37+ 0	0.0256073475	(ext-poll)

					} end of run (max mesh index)

					blackbox evaluations    : 0
					best feasible solution  : ( 5541111 0 ) h=0 f=0.02560734749

				} end of extended poll descent (unsuccessful)


				extended poll point eval {

					extended poll point = ( 554111411     0 )

					list of points evaluation (extended poll) {

						evaluation 1/1 {

							point #194 ( 554111411  0 )
							mesh index : 1

							cache hit: #194 --> #50
							extended poll unsuccessful point #50 [ h=0 f=0.027115345 ]
						} 

					} end of evaluations


				} 


				extended poll center: ( 554111411     0 )

				perform extended poll descent ...... no

				extended poll point eval {

					extended poll point = ( 554211511     0 )

					list of points evaluation (extended poll) {

						evaluation 1/1 {

							point #195 ( 554211511  0 )
							mesh index : 1

							cache hit: #195 --> #38
							extended poll unsuccessful point #38 [ h=0 f=0.02759218216 ]
						} 

					} end of evaluations


				} 


				extended poll center: ( 554211511     0 )

				perform extended poll descent ...... no

				extended poll point eval {

					extended poll point = ( 554121511     0 )

					list of points evaluation (extended poll) {

						evaluation 1/1 {

							point #196 ( 554121511  0 )
							mesh index : 1

							cache hit: #196 --> #42
							extended poll unsuccessful point #42 [ h=0 f=0.02866697311 ]
						} 

					} end of evaluations


				} 


				extended poll center: ( 554121511     0 )

				perform extended poll descent ...... no

				extended poll point eval {

					extended poll point = ( 554111512     0 )

					list of points evaluation (extended poll) {

						evaluation 1/1 {

							point #197 ( 554111512  0 )
							mesh index : 1

							cache hit: #197 --> #57
							extended poll unsuccessful point #57 [ h=0 f=0.02923059463 ]
						} 

					} end of evaluations


				} 


				extended poll center: ( 554111512     0 )

				perform extended poll descent ...... no

				extended poll point eval {

					extended poll point = ( 554112511     0 )

					list of points evaluation (extended poll) {

						evaluation 1/1 {

							point #198 ( 554112511  0 )
							mesh index : 1

							cache hit: #198 --> #46
							extended poll unsuccessful point #46 [ h=0 f=0.02971315384 ]
						} 

					} end of evaluations


				} 


				extended poll center: ( 554112511     0 )

				perform extended poll descent ...... no

				extended poll point eval {

					extended poll point = ( 454111511     0 )

					list of points evaluation (extended poll) {

						evaluation 1/1 {

							point #199 ( 454111511  0 )
							mesh index : 1

							cache hit: #199 --> #33
							extended poll unsuccessful point #33 [ h=0 f=0.02995038033 ]
						} 

					} end of evaluations


				} 


				extended poll center: ( 454111511     0 )

				perform extended poll descent ...... no

				extended poll point eval {

					extended poll point = ( 544111511     0 )

					list of points evaluation (extended poll) {

						evaluation 1/1 {

							point #200 ( 544111511  0 )
							mesh index : 1

							cache hit: #200 --> #34
							extended poll unsuccessful point #34 [ h=0 f=0.03016018867 ]
						} 

					} end of evaluations


				} 


				extended poll center: ( 544111511     0 )

				perform extended poll descent ...... no

				extended poll point eval {

					extended poll point = ( 554311511     0 )

					list of points evaluation (extended poll) {

						evaluation 1/1 {

							point #201 ( 554311511  0 )
							mesh index : 1

							cache hit: #201 --> #39
							extended poll unsuccessful point #39 [ h=0 f=0.03068971634 ]
						} 

					} end of evaluations


				} 


				extended poll center: ( 554311511     0 )

				perform extended poll descent ...... no

				extended poll point eval {

					extended poll point = ( 5.541115523e+10     0 )

					list of points evaluation (extended poll) {

						evaluation 1/1 {

							point #202 ( 5.541115523e+10  0 )
							mesh index : 1

							cache hit: #202 --> #56
							extended poll unsuccessful point #56 [ h=0 f=0.03184390068 ]
						} 

					} end of evaluations


				} 


				extended poll center: ( 5.541115523e+10     0 )

				perform extended poll descent ...... no

				extended poll point eval {

					extended poll point = ( 5.545231151e+10     0 )

					list of points evaluation (extended poll) {

						evaluation 1/1 {

							point #203 ( 5.545231151e+10  0 )
							mesh index : 1

							cache hit: #203 --> #41
							extended poll unsuccessful point #41 [ h=0 f=0.03186225891 ]
						} 

					} end of evaluations


				} 


				extended poll center: ( 5.545231151e+10     0 )

				perform extended poll descent ...... no

				extended poll point eval {

					extended poll point = ( 5.541523151e+10     0 )

					list of points evaluation (extended poll) {

						evaluation 1/1 {

							point #204 ( 5.541523151e+10  0 )
							mesh index : 1

							cache hit: #204 --> #45
							extended poll unsuccessful point #45 [ h=0 f=0.03335428238 ]
						} 

					} end of evaluations


				} 


				extended poll center: ( 5.541523151e+10     0 )

				perform extended poll descent ...... no

				extended poll point eval {

					extended poll point = ( 5.544231151e+10     0 )

					list of points evaluation (extended poll) {

						evaluation 1/1 {

							point #205 ( 5.544231151e+10  0 )
							mesh index : 1

							cache hit: #205 --> #40
							extended poll unsuccessful point #40 [ h=0 f=0.03369283676 ]
						} 

					} end of evaluations


				} 


				extended poll center: ( 5.544231151e+10     0 )

				perform extended poll descent ...... no

				extended poll point eval {

					extended poll point = ( 554111521     0 )

					list of points evaluation (extended poll) {

						evaluation 1/1 {

							point #206 ( 554111521  0 )
							mesh index : 1

							cache hit: #206 --> #53
							extended poll unsuccessful point #53 [ h=0 f=0.03424954414 ]
						} 

					} end of evaluations


				} 


				extended poll center: ( 554111521     0 )

				perform extended poll descent ...... no

				extended poll point eval {

					extended poll point = ( 554111531     0 )

					list of points evaluation (extended poll) {

						evaluation 1/1 {

							point #207 ( 554111531  0 )
							mesh index : 1

							cache hit: #207 --> #54
							extended poll unsuccessful point #54 [ h=0 f=0.03486633301 ]
						} 

					} end of evaluations


				} 


				extended poll center: ( 554111531     0 )

				perform extended poll descent ...... no

				extended poll point eval {

					extended poll point = ( 554131511     0 )

					list of points evaluation (extended poll) {

						evaluation 1/1 {

							point #208 ( 554131511  0 )
							mesh index : 1

							cache hit: #208 --> #43
							extended poll unsuccessful point #43 [ h=0 f=0.03504920006 ]
						} 

					} end of evaluations


				} 


				extended poll center: ( 554131511     0 )

				perform extended poll descent ...... no

				extended poll point eval {

					extended poll point = ( 5.541115142e+10     0 )

					list of points evaluation (extended poll) {

						evaluation 1/1 {

							point #209 ( 5.541115142e+10  0 )
							mesh index : 1

							cache hit: #209 --> #59
							extended poll unsuccessful point #59 [ h=0 f=0.03520894051 ]
						} 

					} end of evaluations


				} 


				extended poll center: ( 5.541115142e+10     0 )

				perform extended poll descent ...... no

				extended poll point eval {

					extended poll point = ( 5.541423151e+10     0 )

					list of points evaluation (extended poll) {

						evaluation 1/1 {

							point #210 ( 5.541423151e+10  0 )
							mesh index : 1

							cache hit: #210 --> #44
							extended poll unsuccessful point #44 [ h=0 f=0.03701615334 ]
						} 

					} end of evaluations


				} 


				extended poll center: ( 5.541423151e+10     0 )

				perform extended poll descent ...... no

				extended poll point eval {

					extended poll point = ( 5.541142351e+10     0 )

					list of points evaluation (extended poll) {

						evaluation 1/1 {

							point #211 ( 5.541142351e+10  0 )
							mesh index : 1

							cache hit: #211 --> #48
							extended poll unsuccessful point #48 [ h=0 f=0.03747367859 ]
						} 

					} end of evaluations


				} 


				extended poll center: ( 5.541142351e+10     0 )

				perform extended poll descent ...... no

				extended poll point eval {

					extended poll point = ( 554113511     0 )

					list of points evaluation (extended poll) {

						evaluation 1/1 {

							point #212 ( 554113511  0 )
							mesh index : 1

							cache hit: #212 --> #47
							extended poll unsuccessful point #47 [ h=0 f=0.04001903534 ]
						} 

					} end of evaluations


				} 


				extended poll center: ( 554113511     0 )

				perform extended poll descent ...... no

				extended poll point eval {

					extended poll point = ( 5.541115423e+10     0 )

					list of points evaluation (extended poll) {

						evaluation 1/1 {

							point #213 ( 5.541115423e+10  0 )
							mesh index : 1

							cache hit: #213 --> #55
							extended poll unsuccessful point #55 [ h=0 f=0.04025244713 ]
						} 

					} end of evaluations


				} 


				extended poll center: ( 5.541115423e+10     0 )

				perform extended poll descent ...... no

				extended poll point eval {

					extended poll point = ( 5.541115152e+10     0 )

					list of points evaluation (extended poll) {

						evaluation 1/1 {

							point #214 ( 5.541115152e+10  0 )
							mesh index : 1

							cache hit: #214 --> #60
							extended poll unsuccessful point #60 [ h=0 f=0.04223418236 ]
						} 

					} end of evaluations


				} 


				extended poll center: ( 5.541115152e+10     0 )

				perform extended poll descent ...... no

				extended poll point eval {

					extended poll point = ( 554111513     0 )

					list of points evaluation (extended poll) {

						evaluation 1/1 {

							point #215 ( 554111513  0 )
							mesh index : 1

							cache hit: #215 --> #58
							extended poll unsuccessful point #58 [ h=0 f=0.04258751869 ]
						} 

					} end of evaluations


				} 


				extended poll center: ( 554111513     0 )

				perform extended poll descent ...... no

				extended poll point eval {

					extended poll point = ( 5.541152351e+10     0 )

					list of points evaluation (extended poll) {

						evaluation 1/1 {

							point #216 ( 5.541152351e+10  0 )
							mesh index : -1

							cache hit: #216 --> #49
							extended poll unsuccessful point #49: evaluation failed
						} 

					} end of evaluations


				} 


				extended poll center: ( 5.541152351e+10     0 )

				perform extended poll descent ...... no

			} end of extended poll

		} end of poll

		Mesh update {
			previous mesh index: 1
			new mesh index     : 2
		} 


		terminate MADS       : no
		iteration status     : unsuccessful
		new feas. incumbent  : none
		new infeas. incumbent: none

	} end of iteration 3

	MADS iteration 4 {

		blackbox evaluations : 37
		best feas. solution  : ( 554111511  0 ) h=0 f=0.0241792202
		best infeas. solution: none
		poll center          : ( 554111511  0 )
		mesh size            : ( 0.0625 0.0625 )
		poll size            : ( 0.25 0.25 )
		mesh index           : 2
		h_max                : inf

		MADS search {
		} end of search

		MADS poll {

			poll center: ( 554111511  0 )

			poll directions (include mesh size parameter) {
				dir 0 : (  0 -1 ) Ortho-MADS 2n
				dir 1 : (  0  1 ) Ortho-MADS 2n
			} 

			re-ordered list of 2 poll trial points {
				#226 : ( 554111511 -1 ) (dir 0)
				#227 : ( 554111511  1 ) (dir 1)
			} 

			list of points evaluation (poll) {

				evaluation 1/2 {

					point #226 ( 554111511 -1 )
					direction  : (  0 -1 ) Ortho-MADS 2n
					mesh index : 2

					cache hit: #226 --> #31
					poll unsuccessful point #31: evaluation failed
				} 

				evaluation 2/2 {

					point #227 ( 554111511  1 )
					direction  : (  0  1 ) Ortho-MADS 2n
					mesh index : 2

					cache hit: #227 --> #32
					poll unsuccessful point #32: evaluation failed
				} 

			} end of evaluations


			MADS extended poll {


				extended poll pts sorting {


					list of points evaluation (extended poll) {

						evaluation 1/28 {

							point #228 ( 454111511  0 )
							mesh index : 2

							cache hit: #228 --> #33
							extended poll unsuccessful point #33 [ h=0 f=0.02995038033 ]
						} 

						evaluation 2/28 {

							point #229 ( 544111511  0 )
							mesh index : 2

							cache hit: #229 --> #34
							extended poll unsuccessful point #34 [ h=0 f=0.03016018867 ]
						} 

						evaluation 3/28 {

							point #230 ( 555111511  0 )
							mesh index : 2

							cache hit: #230 --> #0
							extended poll unsuccessful point #0 [ h=0 f=0.0252802372 ]
						} 

						evaluation 4/28 {

							point #231 ( 5511511  0 )
							mesh index : 2

							cache hit: #231 --> #36
							extended poll unsuccessful point #36 [ h=0 f=0.0255548954 ]
						} 

						evaluation 5/28 {

							point #232 ( 5511511  0 )
							mesh index : 2

							cache hit: #232 --> #36
							extended poll unsuccessful point #36 [ h=0 f=0.0255548954 ]
						} 

						evaluation 6/28 {

							point #233 ( 554211511  0 )
							mesh index : 2

							cache hit: #233 --> #38
							extended poll unsuccessful point #38 [ h=0 f=0.02759218216 ]
						} 

						evaluation 7/28 {

							point #234 ( 554311511  0 )
							mesh index : 2

							cache hit: #234 --> #39
							extended poll unsuccessful point #39 [ h=0 f=0.03068971634 ]
						} 

						evaluation 8/28 {

							point #235 ( 5.544231151e+10  0 )
							mesh index : 2

							cache hit: #235 --> #40
							extended poll unsuccessful point #40 [ h=0 f=0.03369283676 ]
						} 

						evaluation 9/28 {

							point #236 ( 5.545231151e+10  0 )
							mesh index : 2

							cache hit: #236 --> #41
							extended poll unsuccessful point #41 [ h=0 f=0.03186225891 ]
						} 

						evaluation 10/28 {

							point #237 ( 554121511  0 )
							mesh index : 2

							cache hit: #237 --> #42
							extended poll unsuccessful point #42 [ h=0 f=0.02866697311 ]
						} 

						evaluation 11/28 {

							point #238 ( 554131511  0 )
							mesh index : 2

							cache hit: #238 --> #43
							extended poll unsuccessful point #43 [ h=0 f=0.03504920006 ]
						} 

						evaluation 12/28 {

							point #239 ( 5.541423151e+10  0 )
							mesh index : 2

							cache hit: #239 --> #44
							extended poll unsuccessful point #44 [ h=0 f=0.03701615334 ]
						} 

						evaluation 13/28 {

							point #240 ( 5.541523151e+10  0 )
							mesh index : 2

							cache hit: #240 --> #45
							extended poll unsuccessful point #45 [ h=0 f=0.03335428238 ]
						} 

						evaluation 14/28 {

							point #241 ( 554112511  0 )
							mesh index : 2

							cache hit: #241 --> #46
							extended poll unsuccessful point #46 [ h=0 f=0.02971315384 ]
						} 

						evaluation 15/28 {

							point #242 ( 554113511  0 )
							mesh index : 2

							cache hit: #242 --> #47
							extended poll unsuccessful point #47 [ h=0 f=0.04001903534 ]
						} 

						evaluation 16/28 {

							point #243 ( 5.541142351e+10  0 )
							mesh index : 2

							cache hit: #243 --> #48
							extended poll unsuccessful point #48 [ h=0 f=0.03747367859 ]
						} 

						evaluation 17/28 {

							point #244 ( 5.541152351e+10  0 )
							mesh index : 2

							cache hit: #244 --> #49
							extended poll unsuccessful point #49: evaluation failed
						} 

						evaluation 18/28 {

							point #245 ( 554111411  0 )
							mesh index : 2

							cache hit: #245 --> #50
							extended poll unsuccessful point #50 [ h=0 f=0.027115345 ]
						} 

						evaluation 19/28 {

							point #246 ( 5541111  0 )
							mesh index : 2

							cache hit: #246 --> #51
							extended poll unsuccessful point #51 [ h=0 f=0.02560734749 ]
						} 

						evaluation 20/28 {

							point #247 ( 5541111  0 )
							mesh index : 2

							cache hit: #247 --> #51
							extended poll unsuccessful point #51 [ h=0 f=0.02560734749 ]
						} 

						evaluation 21/28 {

							point #248 ( 554111521  0 )
							mesh index : 2

							cache hit: #248 --> #53
							extended poll unsuccessful point #53 [ h=0 f=0.03424954414 ]
						} 

						evaluation 22/28 {

							point #249 ( 554111531  0 )
							mesh index : 2

							cache hit: #249 --> #54
							extended poll unsuccessful point #54 [ h=0 f=0.03486633301 ]
						} 

						evaluation 23/28 {

							point #250 ( 5.541115423e+10  0 )
							mesh index : 2

							cache hit: #250 --> #55
							extended poll unsuccessful point #55 [ h=0 f=0.04025244713 ]
						} 

						evaluation 24/28 {

							point #251 ( 5.541115523e+10  0 )
							mesh index : 2

							cache hit: #251 --> #56
							extended poll unsuccessful point #56 [ h=0 f=0.03184390068 ]
						} 

						evaluation 25/28 {

							point #252 ( 554111512  0 )
							mesh index : 2

							cache hit: #252 --> #57
							extended poll unsuccessful point #57 [ h=0 f=0.02923059463 ]
						} 

						evaluation 26/28 {

							point #253 ( 554111513  0 )
							mesh index : 2

							cache hit: #253 --> #58
							extended poll unsuccessful point #58 [ h=0 f=0.04258751869 ]
						} 

						evaluation 27/28 {

							point #254 ( 5.541115142e+10  0 )
							mesh index : 2

							cache hit: #254 --> #59
							extended poll unsuccessful point #59 [ h=0 f=0.03520894051 ]
						} 

						evaluation 28/28 {

							point #255 ( 5.541115152e+10  0 )
							mesh index : 2

							cache hit: #255 --> #60
							extended poll unsuccessful point #60 [ h=0 f=0.04223418236 ]
						} 

					} end of evaluations


					sorted ext poll pts {

						point # 1/26 : ( 555111511     0 )
						point # 2/26 : ( 5511511     0 )
						point # 3/26 : ( 5541111     0 )
						point # 4/26 : ( 554111411     0 )
						point # 5/26 : ( 554211511     0 )
						point # 6/26 : ( 554121511     0 )
						point # 7/26 : ( 554111512     0 )
						point # 8/26 : ( 554112511     0 )
						point # 9/26 : ( 454111511     0 )
						point #10/26 : ( 544111511     0 )
						point #11/26 : ( 554311511     0 )
						point #12/26 : ( 5.541115523e+10     0 )
						point #13/26 : ( 5.545231151e+10     0 )
						point #14/26 : ( 5.541523151e+10     0 )
						point #15/26 : ( 5.544231151e+10     0 )
						point #16/26 : ( 554111521     0 )
						point #17/26 : ( 554111531     0 )
						point #18/26 : ( 554131511     0 )
						point #19/26 : ( 5.541115142e+10     0 )
						point #20/26 : ( 5.541423151e+10     0 )
						point #21/26 : ( 5.541142351e+10     0 )
						point #22/26 : ( 554113511     0 )
						point #23/26 : ( 5.541115423e+10     0 )
						point #24/26 : ( 5.541115152e+10     0 )
						point #25/26 : ( 554111513     0 )
						point #26/26 : ( 5.541152351e+10     0 )

					} 


				} end of ext poll pts sorting


				extended poll point eval {

					extended poll point = ( 555111511     0 )

					list of points evaluation (extended poll) {

						evaluation 1/1 {

							point #256 ( 555111511  0 )
							mesh index : 2

							cache hit: #256 --> #0
							extended poll unsuccessful point #0 [ h=0 f=0.0252802372 ]
						} 

					} end of evaluations


				} 


				extended poll center: ( 555111511     0 )

				perform extended poll descent ...... yes

				extended poll descent {

					       iteration = 4
					 blackbox eval.  = 37
					      mesh index = 2
					ext. poll center = ( 555111511     0 ) f=0.0252802372 h=0


					MADS run {

						37+BBE	OBJ	(ext-poll)

						37+ 0	0.0252802372	(ext-poll)

					} end of run (max mesh index)

					blackbox evaluations    : 0
					best feasible solution  : ( 555111511 0 ) h=0 f=0.0252802372

				} end of extended poll descent (unsuccessful)


				extended poll point eval {

					extended poll point = ( 5511511     0 )

					list of points evaluation (extended poll) {

						evaluation 1/1 {

							point #257 ( 5511511  0 )
							mesh index : 2

							cache hit: #257 --> #36
							extended poll unsuccessful point #36 [ h=0 f=0.0255548954 ]
						} 

					} end of evaluations


				} 


				extended poll center: ( 5511511     0 )

				perform extended poll descent ...... yes

				extended poll descent {

					       iteration = 4
					 blackbox eval.  = 37
					      mesh index = 2
					ext. poll center = ( 5511511     0 ) f=0.0255548954 h=0


					MADS run {

						37+BBE	OBJ	(ext-poll)

						37+ 0	0.0255548954	(ext-poll)

					} end of run (max mesh index)

					blackbox evaluations    : 0
					best feasible solution  : ( 5511511 0 ) h=0 f=0.0255548954

				} end of extended poll descent (unsuccessful)


				extended poll point eval {

					extended poll point = ( 5541111     0 )

					list of points evaluation (extended poll) {

						evaluation 1/1 {

							point #258 ( 5541111  0 )
							mesh index : 2

							cache hit: #258 --> #51
							extended poll unsuccessful point #51 [ h=0 f=0.02560734749 ]
						} 

					} end of evaluations


				} 


				extended poll center: ( 5541111     0 )

				perform extended poll descent ...... yes

				extended poll descent {

					       iteration = 4
					 blackbox eval.  = 37
					      mesh index = 2
					ext. poll center = ( 5541111     0 ) f=0.02560734749 h=0


					MADS run {

						37+BBE	OBJ	(ext-poll)

						37+ 0	0.0256073475	(ext-poll)

					} end of run (max mesh index)

					blackbox evaluations    : 0
					best feasible solution  : ( 5541111 0 ) h=0 f=0.02560734749

				} end of extended poll descent (unsuccessful)


				extended poll point eval {

					extended poll point = ( 554111411     0 )

					list of points evaluation (extended poll) {

						evaluation 1/1 {

							point #259 ( 554111411  0 )
							mesh index : 2

							cache hit: #259 --> #50
							extended poll unsuccessful point #50 [ h=0 f=0.027115345 ]
						} 

					} end of evaluations


				} 


				extended poll center: ( 554111411     0 )

				perform extended poll descent ...... no

				extended poll point eval {

					extended poll point = ( 554211511     0 )

					list of points evaluation (extended poll) {

						evaluation 1/1 {

							point #260 ( 554211511  0 )
							mesh index : 2

							cache hit: #260 --> #38
							extended poll unsuccessful point #38 [ h=0 f=0.02759218216 ]
						} 

					} end of evaluations


				} 


				extended poll center: ( 554211511     0 )

				perform extended poll descent ...... no

				extended poll point eval {

					extended poll point = ( 554121511     0 )

					list of points evaluation (extended poll) {

						evaluation 1/1 {

							point #261 ( 554121511  0 )
							mesh index : 2

							cache hit: #261 --> #42
							extended poll unsuccessful point #42 [ h=0 f=0.02866697311 ]
						} 

					} end of evaluations


				} 


				extended poll center: ( 554121511     0 )

				perform extended poll descent ...... no

				extended poll point eval {

					extended poll point = ( 554111512     0 )

					list of points evaluation (extended poll) {

						evaluation 1/1 {

							point #262 ( 554111512  0 )
							mesh index : 2

							cache hit: #262 --> #57
							extended poll unsuccessful point #57 [ h=0 f=0.02923059463 ]
						} 

					} end of evaluations


				} 


				extended poll center: ( 554111512     0 )

				perform extended poll descent ...... no

				extended poll point eval {

					extended poll point = ( 554112511     0 )

					list of points evaluation (extended poll) {

						evaluation 1/1 {

							point #263 ( 554112511  0 )
							mesh index : 2

							cache hit: #263 --> #46
							extended poll unsuccessful point #46 [ h=0 f=0.02971315384 ]
						} 

					} end of evaluations


				} 


				extended poll center: ( 554112511     0 )

				perform extended poll descent ...... no

				extended poll point eval {

					extended poll point = ( 454111511     0 )

					list of points evaluation (extended poll) {

						evaluation 1/1 {

							point #264 ( 454111511  0 )
							mesh index : 2

							cache hit: #264 --> #33
							extended poll unsuccessful point #33 [ h=0 f=0.02995038033 ]
						} 

					} end of evaluations


				} 


				extended poll center: ( 454111511     0 )

				perform extended poll descent ...... no

				extended poll point eval {

					extended poll point = ( 544111511     0 )

					list of points evaluation (extended poll) {

						evaluation 1/1 {

							point #265 ( 544111511  0 )
							mesh index : 2

							cache hit: #265 --> #34
							extended poll unsuccessful point #34 [ h=0 f=0.03016018867 ]
						} 

					} end of evaluations


				} 


				extended poll center: ( 544111511     0 )

				perform extended poll descent ...... no

				extended poll point eval {

					extended poll point = ( 554311511     0 )

					list of points evaluation (extended poll) {

						evaluation 1/1 {

							point #266 ( 554311511  0 )
							mesh index : 2

							cache hit: #266 --> #39
							extended poll unsuccessful point #39 [ h=0 f=0.03068971634 ]
						} 

					} end of evaluations


				} 


				extended poll center: ( 554311511     0 )

				perform extended poll descent ...... no

				extended poll point eval {

					extended poll point = ( 5.541115523e+10     0 )

					list of points evaluation (extended poll) {

						evaluation 1/1 {

							point #267 ( 5.541115523e+10  0 )
							mesh index : 2

							cache hit: #267 --> #56
							extended poll unsuccessful point #56 [ h=0 f=0.03184390068 ]
						} 

					} end of evaluations


				} 


				extended poll center: ( 5.541115523e+10     0 )

				perform extended poll descent ...... no

				extended poll point eval {

					extended poll point = ( 5.545231151e+10     0 )

					list of points evaluation (extended poll) {

						evaluation 1/1 {

							point #268 ( 5.545231151e+10  0 )
							mesh index : 2

							cache hit: #268 --> #41
							extended poll unsuccessful point #41 [ h=0 f=0.03186225891 ]
						} 

					} end of evaluations


				} 


				extended poll center: ( 5.545231151e+10     0 )

				perform extended poll descent ...... no

				extended poll point eval {

					extended poll point = ( 5.541523151e+10     0 )

					list of points evaluation (extended poll) {

						evaluation 1/1 {

							point #269 ( 5.541523151e+10  0 )
							mesh index : 2

							cache hit: #269 --> #45
							extended poll unsuccessful point #45 [ h=0 f=0.03335428238 ]
						} 

					} end of evaluations


				} 


				extended poll center: ( 5.541523151e+10     0 )

				perform extended poll descent ...... no

				extended poll point eval {

					extended poll point = ( 5.544231151e+10     0 )

					list of points evaluation (extended poll) {

						evaluation 1/1 {

							point #270 ( 5.544231151e+10  0 )
							mesh index : 2

							cache hit: #270 --> #40
							extended poll unsuccessful point #40 [ h=0 f=0.03369283676 ]
						} 

					} end of evaluations


				} 


				extended poll center: ( 5.544231151e+10     0 )

				perform extended poll descent ...... no

				extended poll point eval {

					extended poll point = ( 554111521     0 )

					list of points evaluation (extended poll) {

						evaluation 1/1 {

							point #271 ( 554111521  0 )
							mesh index : 2

							cache hit: #271 --> #53
							extended poll unsuccessful point #53 [ h=0 f=0.03424954414 ]
						} 

					} end of evaluations


				} 


				extended poll center: ( 554111521     0 )

				perform extended poll descent ...... no

				extended poll point eval {

					extended poll point = ( 554111531     0 )

					list of points evaluation (extended poll) {

						evaluation 1/1 {

							point #272 ( 554111531  0 )
							mesh index : 2

							cache hit: #272 --> #54
							extended poll unsuccessful point #54 [ h=0 f=0.03486633301 ]
						} 

					} end of evaluations


				} 


				extended poll center: ( 554111531     0 )

				perform extended poll descent ...... no

				extended poll point eval {

					extended poll point = ( 554131511     0 )

					list of points evaluation (extended poll) {

						evaluation 1/1 {

							point #273 ( 554131511  0 )
							mesh index : 2

							cache hit: #273 --> #43
							extended poll unsuccessful point #43 [ h=0 f=0.03504920006 ]
						} 

					} end of evaluations


				} 


				extended poll center: ( 554131511     0 )

				perform extended poll descent ...... no

				extended poll point eval {

					extended poll point = ( 5.541115142e+10     0 )

					list of points evaluation (extended poll) {

						evaluation 1/1 {

							point #274 ( 5.541115142e+10  0 )
							mesh index : 2

							cache hit: #274 --> #59
							extended poll unsuccessful point #59 [ h=0 f=0.03520894051 ]
						} 

					} end of evaluations


				} 


				extended poll center: ( 5.541115142e+10     0 )

				perform extended poll descent ...... no

				extended poll point eval {

					extended poll point = ( 5.541423151e+10     0 )

					list of points evaluation (extended poll) {

						evaluation 1/1 {

							point #275 ( 5.541423151e+10  0 )
							mesh index : 2

							cache hit: #275 --> #44
							extended poll unsuccessful point #44 [ h=0 f=0.03701615334 ]
						} 

					} end of evaluations


				} 


				extended poll center: ( 5.541423151e+10     0 )

				perform extended poll descent ...... no

				extended poll point eval {

					extended poll point = ( 5.541142351e+10     0 )

					list of points evaluation (extended poll) {

						evaluation 1/1 {

							point #276 ( 5.541142351e+10  0 )
							mesh index : 2

							cache hit: #276 --> #48
							extended poll unsuccessful point #48 [ h=0 f=0.03747367859 ]
						} 

					} end of evaluations


				} 


				extended poll center: ( 5.541142351e+10     0 )

				perform extended poll descent ...... no

				extended poll point eval {

					extended poll point = ( 554113511     0 )

					list of points evaluation (extended poll) {

						evaluation 1/1 {

							point #277 ( 554113511  0 )
							mesh index : 2

							cache hit: #277 --> #47
							extended poll unsuccessful point #47 [ h=0 f=0.04001903534 ]
						} 

					} end of evaluations


				} 


				extended poll center: ( 554113511     0 )

				perform extended poll descent ...... no

				extended poll point eval {

					extended poll point = ( 5.541115423e+10     0 )

					list of points evaluation (extended poll) {

						evaluation 1/1 {

							point #278 ( 5.541115423e+10  0 )
							mesh index : 2

							cache hit: #278 --> #55
							extended poll unsuccessful point #55 [ h=0 f=0.04025244713 ]
						} 

					} end of evaluations


				} 


				extended poll center: ( 5.541115423e+10     0 )

				perform extended poll descent ...... no

				extended poll point eval {

					extended poll point = ( 5.541115152e+10     0 )

					list of points evaluation (extended poll) {

						evaluation 1/1 {

							point #279 ( 5.541115152e+10  0 )
							mesh index : 2

							cache hit: #279 --> #60
							extended poll unsuccessful point #60 [ h=0 f=0.04223418236 ]
						} 

					} end of evaluations


				} 


				extended poll center: ( 5.541115152e+10     0 )

				perform extended poll descent ...... no

				extended poll point eval {

					extended poll point = ( 554111513     0 )

					list of points evaluation (extended poll) {

						evaluation 1/1 {

							point #280 ( 554111513  0 )
							mesh index : 2

							cache hit: #280 --> #58
							extended poll unsuccessful point #58 [ h=0 f=0.04258751869 ]
						} 

					} end of evaluations


				} 


				extended poll center: ( 554111513     0 )

				perform extended poll descent ...... no

				extended poll point eval {

					extended poll point = ( 5.541152351e+10     0 )

					list of points evaluation (extended poll) {

						evaluation 1/1 {

							point #281 ( 5.541152351e+10  0 )
							mesh index : -1

							cache hit: #281 --> #49
							extended poll unsuccessful point #49: evaluation failed
						} 

					} end of evaluations


				} 


				extended poll center: ( 5.541152351e+10     0 )

				perform extended poll descent ...... no

			} end of extended poll

		} end of poll

		Mesh update {
			previous mesh index: 2
			new mesh index     : 3
		} 


		terminate MADS       : yes
		termination cause    : max mesh index
		iteration status     : unsuccessful
		new feas. incumbent  : none
		new infeas. incumbent: none

	} end of iteration 4

} end of run (max mesh index)

NOMAD final display {

	cache {
		number of cache points: 37
		size in memory        : 4.5 KB
		cache file            : -
	} 

	stats {
		MADS iterations                 : 5
		blackbox evaluations            : 37
		simulated blackbox evaluations  : 0
		evaluations                     : 266
		failed evaluations              : 9
		interrupted sequences of eval.  : 1
		cache hits                      : 229
		number of poll searches         : 5
		poll successes                  : 1
		poll points                     : 10
		number of extended polls        : 5
		number of ext. poll descents    : 12
		number of ext. poll successes   : 1
		number of ext. poll points      : 280
		number of ext. poll bb eval     : 32
		number of speculative searches  : 1
		speculative search successes    : 0
		speculative search points       : 0
		number of user searches         : 0
		number of LH searches           : 0
		number of cache searches        : 0
		number of VNS searches          : 0
		no model has been constructed
		wall-clock time                 : 2m 55s
	} 

	miscellaneous {
		mesh index      : min=-1, max=3, last=2
		best feas. sol  : ( 554111511 0 ) h=0 f=0.0241792202
		best infeas. sol: none
	} 
} 
