
NOMAD - version 3.5.1 - www.gerad.ca/nomad

Copyright (C) 2001-2012 {
	Mark A. Abramson     - The Boeing Company
	Charles Audet        - Ecole Polytechnique de Montreal
	Gilles Couture       - Ecole Polytechnique de Montreal
	John E. Dennis, Jr.  - Rice University
	Sebastien Le Digabel - Ecole Polytechnique de Montreal
	Christophe Tribes    - Ecole Polytechnique de Montreal
} 

Funded in part by AFOSR and Exxon Mobil.

License   : '$NOMAD_HOME/src/lgpl.txt'
User guide: '$NOMAD_HOME/doc/user_guide.pdf'
Examples  : '$NOMAD_HOME/examples'
Tools     : '$NOMAD_HOME/tools'

Please report bugs to nomad@gerad.ca

parameters {

	problem directory    : ./
	dimension            : n=2
	blackbox input types : (   cat(C)   int(I) )
	extended poll trigger: 0.10000000000000000555 (relative)
	neighbors executable : $python neighbors.py
	variable groups {
		group #0 {
			indexes: { 0 }
			no directions (categorical variables)
		} 
		group #1 {
			indexes: { 1 }
			directions {
				n             : 1
				types         : { [Ortho-MADS 2n] }
				sec poll types: { }
				halton_seed   : 3
			} 
		} 
	} 
	blackbox outputs (m=1) {
		#0          OBJ	$python blackbox.py	$python surrogate.py
	} 
	signature                       : standard
	has surrogate                   : yes
	sort trial points with surrogate: yes
	surrogate cost                  : none
	add seed to output file names   : yes
	solution file                   : nomad-solution.10673.txt
	history file                    : none
	stats file                      : none
	cache file                      : none
	x0                              : ( 220910    0 )
	directions         : Ortho-MADS 2n
	user halton seed   : 3
	mesh {
		update basis       :   4
		coarsening exponent:   1
		refining exponent  :  -1
		initial mesh index :   0
		max mesh index     :   2
		initial mesh size  : (    1    1 )
		min poll size      : (  NaN    1 )
	} 
	snap to bounds                   : yes
	opportunistic evaluations        : yes
	use models                       : no
	speculative search               : yes
	VNS search                       : no
	Latin-Hypercube (LH) search      : no
	cache search                     : no
	random seed / run id             : 10673
	epsilon                          : 1.0000000000000000304e-13
	undefined string                 : NaN
	infinity string                  : inf
	display degrees {
		general  : full (3)
		search   : full (3)
		poll     : full (3)
		iterative: full (3)
	} 
	display stats                : EVAL BBE [ SOL, ] BBO TIME
	display all evaluations      : no
	point display limit          : no limit
	max number of blackbox eval. : 100
	max cache memory             : 2000 MB
} 

MADS run {

	starting point evaluation {

		x0 eval point: ( 220910  0 )

		list of points evaluation (x0 evaluation) {

			evaluation 1/1 {

				point #0 ( 220910  0 )


				x0 evaluation dominating point #0 {
					x    = ( 220910  0 )
					F(x) = [ 0.012253167629199999966 ]
					h    = 0
					f    = 0.012253167629199999966
				} 
			} 

		} end of evaluations


		terminate MADS       : no
		iteration status     : dominating
		new feas. incumbent  : #0 {
			x    = ( 220910  0 )
			F(x) = [ 0.012253167629199999966 ]
			h    = 0
			f    = 0.012253167629199999966
		} 
		new infeas. incumbent: none

	} end of starting point evaluation

	MADS iteration 0 {

		blackbox evaluations : 1
		best feas. solution  : ( 220910  0 ) h=0 f=0.012253167629199999966
		best infeas. solution: none
		poll center          : ( 220910  0 )
		mesh size            : (  1  1 )
		poll size            : (  1  1 )
		mesh index           : 0
		h_max                : inf

		MADS search {
		} end of search

		MADS poll {

			poll center: ( 220910  0 )

			poll directions (include mesh size parameter) {
				dir 0 : (  0 -1 ) Ortho-MADS 2n
				dir 1 : (  0  1 ) Ortho-MADS 2n
			} 

			re-ordered list of 2 poll trial points {
				#1 : ( 220910 -1 ) (dir 0)
				#2 : ( 220910  1 ) (dir 1)
			} 

			list of points evaluation (poll) {

				surrogate evaluation 1/2 {

					point #1 ( 220910 -1 )
					direction  : (  0 -1 ) Ortho-MADS 2n
					mesh index : 0


					point #1 sgte eval: failed
				} 

				surrogate evaluation 2/2 {

					point #2 ( 220910  1 )
					direction  : (  0  1 ) Ortho-MADS 2n
					mesh index : 0


					point #2 sgte eval: failed
				} 

			} end of evaluations

			re-ordered list of 2 poll trial points {

				#3: ( 220910 -1 ) (dir 0)
				#4: ( 220910  1 ) (dir 1)
			} 

			list of points evaluation (poll) {

				evaluation 1/2 {

					point #3 ( 220910 -1 )
					direction  : (  0 -1 ) Ortho-MADS 2n
					mesh index : 0

					poll unsuccessful point #3: evaluation failed
				} 

				evaluation 2/2 {

					point #4 ( 220910  1 )
					direction  : (  0  1 ) Ortho-MADS 2n
					mesh index : 0

					poll unsuccessful point #4: evaluation failed
				} 

			} end of evaluations


			MADS extended poll {


				extended poll pts sorting (on surrogates) {


					list of points evaluation (extended poll) {

						surrogate evaluation 1/23 {

							point #5 ( 267566  0 )
							mesh index : 0


							point #5 sgte eval: h=0 f=0.01257970333099999935
						} 

						surrogate evaluation 2/23 {

							point #6 ( 228686  0 )
							mesh index : 0


							point #6 sgte eval: h=0 f=0.012106776237500000218
						} 

						surrogate evaluation 3/23 {

							point #7 ( 5774  0 )
							mesh index : 0


							point #7 sgte eval: h=0 f=0.011715388297999999867
						} 

						surrogate evaluation 4/23 {

							point #8 ( 5774  0 )
							mesh index : 0

							surrogate cache hit: #8 --> #7

							point #7 sgte eval: h=0 f=0.011715388297999999867
						} 

						surrogate evaluation 5/23 {

							point #9 ( 219614  0 )
							mesh index : 0


							point #9 sgte eval: h=0 f=0.015761137008700000506
						} 

						surrogate evaluation 6/23 {

							point #10 ( 222206  0 )
							mesh index : 0


							point #10 sgte eval: h=0 f=0.013482499122599999816
						} 

						surrogate evaluation 7/23 {

							point #11 ( 8037086  0 )
							mesh index : 0


							point #11 sgte eval: h=0 f=0.013587284088099999338
						} 

						surrogate evaluation 8/23 {

							point #12 ( 8083742  0 )
							mesh index : 0


							point #12 sgte eval: h=0 f=0.013214302063000000001
						} 

						surrogate evaluation 9/23 {

							point #13 ( 220694  0 )
							mesh index : 0


							point #13 sgte eval: h=0 f=0.013078117370600000555
						} 

						surrogate evaluation 10/23 {

							point #14 ( 221126  0 )
							mesh index : 0


							point #14 sgte eval: h=0 f=0.013194394111599999989
						} 

						surrogate evaluation 11/23 {

							point #15 ( 7964726  0 )
							mesh index : 0


							point #15 sgte eval: h=0 f=0.013348054885900000749
						} 

						surrogate evaluation 12/23 {

							point #16 ( 7972502  0 )
							mesh index : 0


							point #16 sgte eval: h=0 f=0.015447783470200000117
						} 

						surrogate evaluation 13/23 {

							point #17 ( 220946  0 )
							mesh index : 0


							point #17 sgte eval: h=0 f=0.013411164283800000585
						} 

						surrogate evaluation 14/23 {

							point #18 ( 6134  0 )
							mesh index : 0


							point #18 sgte eval: h=0 f=0.011753892898600000125
						} 

						surrogate evaluation 15/23 {

							point #19 ( 6134  0 )
							mesh index : 0

							surrogate cache hit: #19 --> #18

							point #18 sgte eval: h=0 f=0.011753892898600000125
						} 

						surrogate evaluation 16/23 {

							point #20 ( 220904  0 )
							mesh index : 0


							point #20 sgte eval: h=0 f=0.014490032196000000864
						} 

						surrogate evaluation 17/23 {

							point #21 ( 220916  0 )
							mesh index : 0


							point #21 sgte eval: h=0 f=0.013377451896699999248
						} 

						surrogate evaluation 18/23 {

							point #22 ( 7953176  0 )
							mesh index : 0


							point #22 sgte eval: h=0 f=0.015832257270799999366
						} 

						surrogate evaluation 19/23 {

							point #23 ( 7953392  0 )
							mesh index : 0


							point #23 sgte eval: h=0 f=0.016480922698999998788
						} 

						surrogate evaluation 20/23 {

							point #24 ( 220909  0 )
							mesh index : 0


							point #24 sgte eval: h=0 f=0.012881541252100000422
						} 

						surrogate evaluation 21/23 {

							point #25 ( 220911  0 )
							mesh index : 0


							point #25 sgte eval: h=0 f=0.014569759368900000659
						} 

						surrogate evaluation 22/23 {

							point #26 ( 7952841  0 )
							mesh index : 0


							point #26 sgte eval: h=0 f=0.014187145233199999206
						} 

						surrogate evaluation 23/23 {

							point #27 ( 7952877  0 )
							mesh index : 0


							point #27 sgte eval: h=0 f=0.01568231582639999927
						} 

					} end of evaluations


					sorted ext poll pts {

						point # 1/21 : (  5774     0 )
						point # 2/21 : (  6134     0 )
						point # 3/21 : ( 228686     0 )
						point # 4/21 : ( 267566     0 )
						point # 5/21 : ( 220909     0 )
						point # 6/21 : ( 220694     0 )
						point # 7/21 : ( 221126     0 )
						point # 8/21 : ( 8083742     0 )
						point # 9/21 : ( 7964726     0 )
						point #10/21 : ( 220916     0 )
						point #11/21 : ( 220946     0 )
						point #12/21 : ( 222206     0 )
						point #13/21 : ( 8037086     0 )
						point #14/21 : ( 7952841     0 )
						point #15/21 : ( 220904     0 )
						point #16/21 : ( 220911     0 )
						point #17/21 : ( 7972502     0 )
						point #18/21 : ( 7952877     0 )
						point #19/21 : ( 219614     0 )
						point #20/21 : ( 7953176     0 )
						point #21/21 : ( 7953392     0 )

					} 


				} end of ext poll pts sorting (on surrogates)


				extended poll point eval {

					extended poll point = (  5774     0 )

					list of points evaluation (extended poll) {

						evaluation 1/1 {

							point #28 ( 5774  0 )
							mesh index : 0


							extended poll dominating point #28 {
								x    = ( 5774  0 )
								F(x) = [ 0.012019190788300000705 ]
								h    = 0
								f    = 0.012019190788300000705
							} 
						} 

					} end of evaluations


				} 


			} end of extended poll

		} end of poll

		Mesh update {
			previous mesh index: 0
			new mesh index     : -1
		} 


		terminate MADS       : no
		iteration status     : dominating
		new feas. incumbent  : #28 {
			x    = ( 5774  0 )
			F(x) = [ 0.012019190788300000705 ]
			h    = 0
			f    = 0.012019190788300000705
		} 
		new infeas. incumbent: none

	} end of iteration 0

	MADS iteration 1 {

		blackbox evaluations : 4
		best feas. solution  : ( 5774  0 ) h=0 f=0.012019190788300000705
		best infeas. solution: none
		poll center          : ( 5774  0 )
		mesh size            : (  1  1 )
		poll size            : (  2  2 )
		mesh index           : -1
		h_max                : inf

		MADS search {

			speculative search {

			} end of speculative search (unsuccessful)

		} end of search

		MADS poll {

			poll center: ( 5774  0 )

			poll directions (include mesh size parameter) {
				dir 0 : (  0 -1 ) Ortho-MADS 2n
				dir 1 : (  0  1 ) Ortho-MADS 2n
			} 

			re-ordered list of 2 poll trial points {
				#49 : ( 5774 -1 ) (dir 0)
				#50 : ( 5774  1 ) (dir 1)
			} 

			list of points evaluation (poll) {

				surrogate evaluation 1/2 {

					point #49 ( 5774 -1 )
					direction  : (  0 -1 ) Ortho-MADS 2n
					mesh index : -1


					point #49 sgte eval: failed
				} 

				surrogate evaluation 2/2 {

					point #50 ( 5774  1 )
					direction  : (  0  1 ) Ortho-MADS 2n
					mesh index : -1


					point #50 sgte eval: failed
				} 

			} end of evaluations

			re-ordered list of 2 poll trial points {

				#51: ( 5774 -1 ) (dir 0)
				#52: ( 5774  1 ) (dir 1)
			} 

			list of points evaluation (poll) {

				evaluation 1/2 {

					point #51 ( 5774 -1 )
					direction  : (  0 -1 ) Ortho-MADS 2n
					mesh index : -1

					poll unsuccessful point #51: evaluation failed
				} 

				evaluation 2/2 {

					point #52 ( 5774  1 )
					direction  : (  0  1 ) Ortho-MADS 2n
					mesh index : -1

					poll unsuccessful point #52: evaluation failed
				} 

			} end of evaluations


			MADS extended poll {


				extended poll pts sorting (on surrogates) {


					list of points evaluation (extended poll) {

						surrogate evaluation 1/16 {

							point #53 ( 7070  0 )
							mesh index : -1


							point #53 sgte eval: h=0 f=0.012592816352800000751
						} 

						surrogate evaluation 2/16 {

							point #54 ( 5558  0 )
							mesh index : -1


							point #54 sgte eval: h=0 f=0.017292165756200000154
						} 

						surrogate evaluation 3/16 {

							point #55 ( 5990  0 )
							mesh index : -1


							point #55 sgte eval: h=0 f=0.013791990280200000854
						} 

						surrogate evaluation 4/16 {

							point #56 ( 219830  0 )
							mesh index : -1


							point #56 sgte eval: h=0 f=0.014369082450899999664
						} 

						surrogate evaluation 5/16 {

							point #57 ( 227606  0 )
							mesh index : -1


							point #57 sgte eval: h=0 f=0.014511823654199999811
						} 

						surrogate evaluation 6/16 {

							point #58 ( 5810  0 )
							mesh index : -1


							point #58 sgte eval: h=0 f=0.012916994094800000534
						} 

						surrogate evaluation 7/16 {

							point #59 ( 158  0 )
							mesh index : -1


							point #59 sgte eval: h=0 f=0.01197764873500000056
						} 

						surrogate evaluation 8/16 {

							point #60 ( 158  0 )
							mesh index : -1

							surrogate cache hit: #60 --> #59

							point #59 sgte eval: h=0 f=0.01197764873500000056
						} 

						surrogate evaluation 9/16 {

							point #61 ( 5768  0 )
							mesh index : -1


							point #61 sgte eval: h=0 f=0.013356900215099999987
						} 

						surrogate evaluation 10/16 {

							point #62 ( 5780  0 )
							mesh index : -1


							point #62 sgte eval: h=0 f=0.015514302253699999157
						} 

						surrogate evaluation 11/16 {

							point #63 ( 208280  0 )
							mesh index : -1


							point #63 sgte eval: h=0 f=0.013465929031400000401
						} 

						surrogate evaluation 12/16 {

							point #64 ( 208496  0 )
							mesh index : -1


							point #64 sgte eval: h=0 f=0.014890217781099999647
						} 

						surrogate evaluation 13/16 {

							point #65 ( 5773  0 )
							mesh index : -1


							point #65 sgte eval: h=0 f=0.016144251823399999313
						} 

						surrogate evaluation 14/16 {

							point #66 ( 5775  0 )
							mesh index : -1


							point #66 sgte eval: h=0 f=0.013357710838300000666
						} 

						surrogate evaluation 15/16 {

							point #67 ( 207945  0 )
							mesh index : -1


							point #67 sgte eval: h=0 f=0.013699173927299999193
						} 

						surrogate evaluation 16/16 {

							point #68 ( 207981  0 )
							mesh index : -1


							point #68 sgte eval: h=0 f=0.014098286628699999851
						} 

					} end of evaluations


					sorted ext poll pts {

						point # 1/15 : (   158     0 )
						point # 2/15 : (  7070     0 )
						point # 3/15 : (  5810     0 )
						point # 4/15 : (  5768     0 )
						point # 5/15 : (  5775     0 )
						point # 6/15 : ( 208280     0 )
						point # 7/15 : ( 207945     0 )
						point # 8/15 : (  5990     0 )
						point # 9/15 : ( 207981     0 )
						point #10/15 : ( 219830     0 )
						point #11/15 : ( 227606     0 )
						point #12/15 : ( 208496     0 )
						point #13/15 : (  5780     0 )
						point #14/15 : (  5773     0 )
						point #15/15 : (  5558     0 )

					} 


				} end of ext poll pts sorting (on surrogates)


				extended poll point eval {

					extended poll point = (   158     0 )

					list of points evaluation (extended poll) {

						evaluation 1/1 {

							point #69 ( 158  0 )
							mesh index : -1


							extended poll dominating point #69 {
								x    = ( 158  0 )
								F(x) = [ 0.011883060932200000329 ]
								h    = 0
								f    = 0.011883060932200000329
							} 
						} 

					} end of evaluations


				} 


			} end of extended poll

		} end of poll

		Mesh update {
			previous mesh index: -1
			new mesh index     : -2
		} 


		terminate MADS       : no
		iteration status     : dominating
		new feas. incumbent  : #69 {
			x    = ( 158  0 )
			F(x) = [ 0.011883060932200000329 ]
			h    = 0
			f    = 0.011883060932200000329
		} 
		new infeas. incumbent: none

	} end of iteration 1

	MADS iteration 2 {

		blackbox evaluations : 7
		best feas. solution  : ( 158  0 ) h=0 f=0.011883060932200000329
		best infeas. solution: none
		poll center          : ( 158  0 )
		mesh size            : (  1  1 )
		poll size            : (  4  4 )
		mesh index           : -2
		h_max                : inf

		MADS search {

			speculative search {

			} end of speculative search (unsuccessful)

		} end of search

		MADS poll {

			poll center: ( 158  0 )

			poll directions (include mesh size parameter) {
				dir 0 : (  0 -4 ) Ortho-MADS 2n
				dir 1 : (  0  4 ) Ortho-MADS 2n
			} 

			re-ordered list of 2 poll trial points {
				#84 : ( 158 -4 ) (dir 0)
				#85 : ( 158  4 ) (dir 1)
			} 

			list of points evaluation (poll) {

				surrogate evaluation 1/2 {

					point #84 ( 158 -4 )
					direction  : (  0 -4 ) Ortho-MADS 2n
					mesh index : -2


					point #84 sgte eval: failed
				} 

				surrogate evaluation 2/2 {

					point #85 ( 158  4 )
					direction  : (  0  4 ) Ortho-MADS 2n
					mesh index : -2


					point #85 sgte eval: failed
				} 

			} end of evaluations

			re-ordered list of 2 poll trial points {

				#86: ( 158 -4 ) (dir 0)
				#87: ( 158  4 ) (dir 1)
			} 

			list of points evaluation (poll) {

				evaluation 1/2 {

					point #86 ( 158 -4 )
					direction  : (  0 -4 ) Ortho-MADS 2n
					mesh index : -2

					poll unsuccessful point #86: evaluation failed
				} 

				evaluation 2/2 {

					point #87 ( 158  4 )
					direction  : (  0  4 ) Ortho-MADS 2n
					mesh index : -2

					poll unsuccessful point #87: evaluation failed
				} 

			} end of evaluations


			MADS extended poll {


				extended poll pts sorting (on surrogates) {


					list of points evaluation (extended poll) {

						surrogate evaluation 1/11 {

							point #88 ( 194  0 )
							mesh index : -2


							point #88 sgte eval: h=0 f=0.015231728553800000583
						} 

						surrogate evaluation 2/11 {

							point #89 (  2  0 )
							mesh index : -2


							point #89 sgte eval: h=0 f=0.015203666686999999652
						} 

						surrogate evaluation 3/11 {

							point #90 (  2  0 )
							mesh index : -2

							surrogate cache hit: #90 --> #89

							point #89 sgte eval: h=0 f=0.015203666686999999652
						} 

						surrogate evaluation 4/11 {

							point #91 ( 152  0 )
							mesh index : -2


							point #91 sgte eval: h=0 f=0.015163922309899999577
						} 

						surrogate evaluation 5/11 {

							point #92 ( 164  0 )
							mesh index : -2


							point #92 sgte eval: h=0 f=0.01416022777560000008
						} 

						surrogate evaluation 6/11 {

							point #93 ( 6104  0 )
							mesh index : -2


							point #93 sgte eval: h=0 f=0.015911245346100000297
						} 

						surrogate evaluation 7/11 {

							point #94 ( 6320  0 )
							mesh index : -2


							point #94 sgte eval: h=0 f=0.01425180435180000045
						} 

						surrogate evaluation 8/11 {

							point #95 ( 157  0 )
							mesh index : -2


							point #95 sgte eval: h=0 f=0.014183068275499999614
						} 

						surrogate evaluation 9/11 {

							point #96 ( 159  0 )
							mesh index : -2


							point #96 sgte eval: h=0 f=0.01676528453830000015
						} 

						surrogate evaluation 10/11 {

							point #97 ( 5769  0 )
							mesh index : -2


							point #97 sgte eval: h=0 f=0.015861845016499998701
						} 

						surrogate evaluation 11/11 {

							point #98 ( 5805  0 )
							mesh index : -2


							point #98 sgte eval: h=0 f=0.015655064582799999018
						} 

					} end of evaluations


					sorted ext poll pts {

						point # 1/10 : (   164     0 )
						point # 2/10 : (   157     0 )
						point # 3/10 : (  6320     0 )
						point # 4/10 : (   152     0 )
						point # 5/10 : (     2     0 )
						point # 6/10 : (   194     0 )
						point # 7/10 : (  5805     0 )
						point # 8/10 : (  5769     0 )
						point # 9/10 : (  6104     0 )
						point #10/10 : (   159     0 )

					} 


				} end of ext poll pts sorting (on surrogates)


				extended poll point eval {

					extended poll point = (   164     0 )

					list of points evaluation (extended poll) {

						evaluation 1/1 {

							point #99 ( 164  0 )
							mesh index : -2

							extended poll unsuccessful point #99 [ h=0 f=0.013867182731599999798 ]
						} 

					} end of evaluations


				} 


				extended poll center: (   164     0 )

				perform extended poll descent ...... no

				extended poll point eval {

					extended poll point = (   157     0 )

					list of points evaluation (extended poll) {

						evaluation 1/1 {

							point #100 ( 157  0 )
							mesh index : -2

							extended poll unsuccessful point #100 [ h=0 f=0.014150083064999999238 ]
						} 

					} end of evaluations


				} 


				extended poll center: (   157     0 )

				perform extended poll descent ...... no

				extended poll point eval {

					extended poll point = (  6320     0 )

					list of points evaluation (extended poll) {

						evaluation 1/1 {

							point #101 ( 6320  0 )
							mesh index : -2

							extended poll unsuccessful point #101 [ h=0 f=0.014236817359899999261 ]
						} 

					} end of evaluations


				} 


				extended poll center: (  6320     0 )

				perform extended poll descent ...... no

				extended poll point eval {

					extended poll point = (   152     0 )

					list of points evaluation (extended poll) {

						evaluation 1/1 {

							point #102 ( 152  0 )
							mesh index : -2

							extended poll unsuccessful point #102 [ h=0 f=0.014426562786099999744 ]
						} 

					} end of evaluations


				} 


				extended poll center: (   152     0 )

				perform extended poll descent ...... no

				extended poll point eval {

					extended poll point = (     2     0 )

					list of points evaluation (extended poll) {

						evaluation 1/1 {

							point #103 (  2  0 )
							mesh index : -2

							extended poll unsuccessful point #103 [ h=0 f=0.013449277877800000155 ]
						} 

					} end of evaluations


				} 


				extended poll center: (     2     0 )

				perform extended poll descent ...... no

				extended poll point eval {

					extended poll point = (   194     0 )

					list of points evaluation (extended poll) {

						evaluation 1/1 {

							point #104 ( 194  0 )
							mesh index : -2

							extended poll unsuccessful point #104 [ h=0 f=0.013623085022000000835 ]
						} 

					} end of evaluations


				} 


				extended poll center: (   194     0 )

				perform extended poll descent ...... no

				extended poll point eval {

					extended poll point = (  5805     0 )

					list of points evaluation (extended poll) {

						evaluation 1/1 {

							point #105 ( 5805  0 )
							mesh index : -2

							extended poll unsuccessful point #105 [ h=0 f=0.014186022281599999784 ]
						} 

					} end of evaluations


				} 


				extended poll center: (  5805     0 )

				perform extended poll descent ...... no

				extended poll point eval {

					extended poll point = (  5769     0 )

					list of points evaluation (extended poll) {

						evaluation 1/1 {

							point #106 ( 5769  0 )
							mesh index : -2

							extended poll unsuccessful point #106 [ h=0 f=0.014476897716500000679 ]
						} 

					} end of evaluations


				} 


				extended poll center: (  5769     0 )

				perform extended poll descent ...... no

				extended poll point eval {

					extended poll point = (  6104     0 )

					list of points evaluation (extended poll) {

						evaluation 1/1 {

							point #107 ( 6104  0 )
							mesh index : -2

							extended poll unsuccessful point #107 [ h=0 f=0.014643077850299999684 ]
						} 

					} end of evaluations


				} 


				extended poll center: (  6104     0 )

				perform extended poll descent ...... no

				extended poll point eval {

					extended poll point = (   159     0 )

					list of points evaluation (extended poll) {

						evaluation 1/1 {

							point #108 ( 159  0 )
							mesh index : -2

							extended poll unsuccessful point #108 [ h=0 f=0.013786439895599999703 ]
						} 

					} end of evaluations


				} 


				extended poll center: (   159     0 )

				perform extended poll descent ...... no

			} end of extended poll

		} end of poll

		Mesh update {
			previous mesh index: -2
			new mesh index     : -1
		} 


		terminate MADS       : no
		iteration status     : unsuccessful
		new feas. incumbent  : none
		new infeas. incumbent: none

	} end of iteration 2

	MADS iteration 3 {

		blackbox evaluations : 19
		best feas. solution  : ( 158  0 ) h=0 f=0.011883060932200000329
		best infeas. solution: none
		poll center          : ( 158  0 )
		mesh size            : (  1  1 )
		poll size            : (  2  2 )
		mesh index           : -1
		h_max                : inf

		MADS search {
		} end of search

		MADS poll {

			poll center: ( 158  0 )

			poll directions (include mesh size parameter) {
				dir 0 : (  0 -1 ) Ortho-MADS 2n
				dir 1 : (  0  1 ) Ortho-MADS 2n
			} 

			re-ordered list of 2 poll trial points {
				#109 : ( 158 -1 ) (dir 0)
				#110 : ( 158  1 ) (dir 1)
			} 

			list of points evaluation (poll) {

				surrogate evaluation 1/2 {

					point #109 ( 158 -1 )
					direction  : (  0 -1 ) Ortho-MADS 2n
					mesh index : -1


					point #109 sgte eval: failed
				} 

				surrogate evaluation 2/2 {

					point #110 ( 158  1 )
					direction  : (  0  1 ) Ortho-MADS 2n
					mesh index : -1


					point #110 sgte eval: failed
				} 

			} end of evaluations

			re-ordered list of 2 poll trial points {

				#111: ( 158 -1 ) (dir 0)
				#112: ( 158  1 ) (dir 1)
			} 

			list of points evaluation (poll) {

				evaluation 1/2 {

					point #111 ( 158 -1 )
					direction  : (  0 -1 ) Ortho-MADS 2n
					mesh index : -1

					poll unsuccessful point #111: evaluation failed
				} 

				evaluation 2/2 {

					point #112 ( 158  1 )
					direction  : (  0  1 ) Ortho-MADS 2n
					mesh index : -1

					poll unsuccessful point #112: evaluation failed
				} 

			} end of evaluations


			MADS extended poll {


				extended poll pts sorting (on surrogates) {


					list of points evaluation (extended poll) {

						surrogate evaluation 1/11 {

							point #113 ( 194  0 )
							mesh index : -1

							surrogate cache hit: #113 --> #88

							point #88 sgte eval: h=0 f=0.015231728553800000583
						} 

						surrogate evaluation 2/11 {

							point #114 (  2  0 )
							mesh index : -1

							surrogate cache hit: #114 --> #89

							point #89 sgte eval: h=0 f=0.015203666686999999652
						} 

						surrogate evaluation 3/11 {

							point #115 (  2  0 )
							mesh index : -1

							surrogate cache hit: #115 --> #89

							point #89 sgte eval: h=0 f=0.015203666686999999652
						} 

						surrogate evaluation 4/11 {

							point #116 ( 152  0 )
							mesh index : -1

							surrogate cache hit: #116 --> #91

							point #91 sgte eval: h=0 f=0.015163922309899999577
						} 

						surrogate evaluation 5/11 {

							point #117 ( 164  0 )
							mesh index : -1

							surrogate cache hit: #117 --> #92

							point #92 sgte eval: h=0 f=0.01416022777560000008
						} 

						surrogate evaluation 6/11 {

							point #118 ( 6104  0 )
							mesh index : -1

							surrogate cache hit: #118 --> #93

							point #93 sgte eval: h=0 f=0.015911245346100000297
						} 

						surrogate evaluation 7/11 {

							point #119 ( 6320  0 )
							mesh index : -1

							surrogate cache hit: #119 --> #94

							point #94 sgte eval: h=0 f=0.01425180435180000045
						} 

						surrogate evaluation 8/11 {

							point #120 ( 157  0 )
							mesh index : -1

							surrogate cache hit: #120 --> #95

							point #95 sgte eval: h=0 f=0.014183068275499999614
						} 

						surrogate evaluation 9/11 {

							point #121 ( 159  0 )
							mesh index : -1

							surrogate cache hit: #121 --> #96

							point #96 sgte eval: h=0 f=0.01676528453830000015
						} 

						surrogate evaluation 10/11 {

							point #122 ( 5769  0 )
							mesh index : -1

							surrogate cache hit: #122 --> #97

							point #97 sgte eval: h=0 f=0.015861845016499998701
						} 

						surrogate evaluation 11/11 {

							point #123 ( 5805  0 )
							mesh index : -1

							surrogate cache hit: #123 --> #98

							point #98 sgte eval: h=0 f=0.015655064582799999018
						} 

					} end of evaluations


					sorted ext poll pts {

						point # 1/10 : (   164     0 )
						point # 2/10 : (   157     0 )
						point # 3/10 : (  6320     0 )
						point # 4/10 : (   152     0 )
						point # 5/10 : (     2     0 )
						point # 6/10 : (   194     0 )
						point # 7/10 : (  5805     0 )
						point # 8/10 : (  5769     0 )
						point # 9/10 : (  6104     0 )
						point #10/10 : (   159     0 )

					} 


				} end of ext poll pts sorting (on surrogates)


				extended poll point eval {

					extended poll point = (   164     0 )

					list of points evaluation (extended poll) {

						evaluation 1/1 {

							point #124 ( 164  0 )
							mesh index : -1

							cache hit: #124 --> #99
							extended poll unsuccessful point #99 [ h=0 f=0.013867182731599999798 ]
						} 

					} end of evaluations


				} 


				extended poll center: (   164     0 )

				perform extended poll descent ...... no

				extended poll point eval {

					extended poll point = (   157     0 )

					list of points evaluation (extended poll) {

						evaluation 1/1 {

							point #125 ( 157  0 )
							mesh index : -1

							cache hit: #125 --> #100
							extended poll unsuccessful point #100 [ h=0 f=0.014150083064999999238 ]
						} 

					} end of evaluations


				} 


				extended poll center: (   157     0 )

				perform extended poll descent ...... no

				extended poll point eval {

					extended poll point = (  6320     0 )

					list of points evaluation (extended poll) {

						evaluation 1/1 {

							point #126 ( 6320  0 )
							mesh index : -1

							cache hit: #126 --> #101
							extended poll unsuccessful point #101 [ h=0 f=0.014236817359899999261 ]
						} 

					} end of evaluations


				} 


				extended poll center: (  6320     0 )

				perform extended poll descent ...... no

				extended poll point eval {

					extended poll point = (   152     0 )

					list of points evaluation (extended poll) {

						evaluation 1/1 {

							point #127 ( 152  0 )
							mesh index : -1

							cache hit: #127 --> #102
							extended poll unsuccessful point #102 [ h=0 f=0.014426562786099999744 ]
						} 

					} end of evaluations


				} 


				extended poll center: (   152     0 )

				perform extended poll descent ...... no

				extended poll point eval {

					extended poll point = (     2     0 )

					list of points evaluation (extended poll) {

						evaluation 1/1 {

							point #128 (  2  0 )
							mesh index : -1

							cache hit: #128 --> #103
							extended poll unsuccessful point #103 [ h=0 f=0.013449277877800000155 ]
						} 

					} end of evaluations


				} 


				extended poll center: (     2     0 )

				perform extended poll descent ...... no

				extended poll point eval {

					extended poll point = (   194     0 )

					list of points evaluation (extended poll) {

						evaluation 1/1 {

							point #129 ( 194  0 )
							mesh index : -1

							cache hit: #129 --> #104
							extended poll unsuccessful point #104 [ h=0 f=0.013623085022000000835 ]
						} 

					} end of evaluations


				} 


				extended poll center: (   194     0 )

				perform extended poll descent ...... no

				extended poll point eval {

					extended poll point = (  5805     0 )

					list of points evaluation (extended poll) {

						evaluation 1/1 {

							point #130 ( 5805  0 )
							mesh index : -1

							cache hit: #130 --> #105
							extended poll unsuccessful point #105 [ h=0 f=0.014186022281599999784 ]
						} 

					} end of evaluations


				} 


				extended poll center: (  5805     0 )

				perform extended poll descent ...... no

				extended poll point eval {

					extended poll point = (  5769     0 )

					list of points evaluation (extended poll) {

						evaluation 1/1 {

							point #131 ( 5769  0 )
							mesh index : -1

							cache hit: #131 --> #106
							extended poll unsuccessful point #106 [ h=0 f=0.014476897716500000679 ]
						} 

					} end of evaluations


				} 


				extended poll center: (  5769     0 )

				perform extended poll descent ...... no

				extended poll point eval {

					extended poll point = (  6104     0 )

					list of points evaluation (extended poll) {

						evaluation 1/1 {

							point #132 ( 6104  0 )
							mesh index : -1

							cache hit: #132 --> #107
							extended poll unsuccessful point #107 [ h=0 f=0.014643077850299999684 ]
						} 

					} end of evaluations


				} 


				extended poll center: (  6104     0 )

				perform extended poll descent ...... no

				extended poll point eval {

					extended poll point = (   159     0 )

					list of points evaluation (extended poll) {

						evaluation 1/1 {

							point #133 ( 159  0 )
							mesh index : -1

							cache hit: #133 --> #108
							extended poll unsuccessful point #108 [ h=0 f=0.013786439895599999703 ]
						} 

					} end of evaluations


				} 


				extended poll center: (   159     0 )

				perform extended poll descent ...... no

			} end of extended poll

		} end of poll

		Mesh update {
			previous mesh index: -1
			new mesh index     : 0
		} 


		terminate MADS       : no
		iteration status     : unsuccessful
		new feas. incumbent  : none
		new infeas. incumbent: none

	} end of iteration 3

	MADS iteration 4 {

		blackbox evaluations : 21
		best feas. solution  : ( 158  0 ) h=0 f=0.011883060932200000329
		best infeas. solution: none
		poll center          : ( 158  0 )
		mesh size            : (  1  1 )
		poll size            : (  1  1 )
		mesh index           : 0
		h_max                : inf

		MADS search {
		} end of search

		MADS poll {

			poll center: ( 158  0 )

			poll directions (include mesh size parameter) {
				dir 0 : (  0 -1 ) Ortho-MADS 2n
				dir 1 : (  0  1 ) Ortho-MADS 2n
			} 

			re-ordered list of 2 poll trial points {
				#134 : ( 158 -1 ) (dir 0)
				#135 : ( 158  1 ) (dir 1)
			} 

			list of points evaluation (poll) {

				surrogate evaluation 1/2 {

					point #134 ( 158 -1 )
					direction  : (  0 -1 ) Ortho-MADS 2n
					mesh index : 0

					surrogate cache hit: #134 --> #109

					point #109 sgte eval: failed
				} 

				surrogate evaluation 2/2 {

					point #135 ( 158  1 )
					direction  : (  0  1 ) Ortho-MADS 2n
					mesh index : 0

					surrogate cache hit: #135 --> #110

					point #110 sgte eval: failed
				} 

			} end of evaluations

			re-ordered list of 2 poll trial points {

				#136: ( 158 -1 ) (dir 0)
				#137: ( 158  1 ) (dir 1)
			} 

			list of points evaluation (poll) {

				evaluation 1/2 {

					point #136 ( 158 -1 )
					direction  : (  0 -1 ) Ortho-MADS 2n
					mesh index : -1

					cache hit: #136 --> #111
					poll unsuccessful point #111: evaluation failed
				} 

				evaluation 2/2 {

					point #137 ( 158  1 )
					direction  : (  0  1 ) Ortho-MADS 2n
					mesh index : -1

					cache hit: #137 --> #112
					poll unsuccessful point #112: evaluation failed
				} 

			} end of evaluations


			MADS extended poll {


				extended poll pts sorting (on surrogates) {


					list of points evaluation (extended poll) {

						surrogate evaluation 1/11 {

							point #138 ( 194  0 )
							mesh index : 0

							surrogate cache hit: #138 --> #88

							point #88 sgte eval: h=0 f=0.015231728553800000583
						} 

						surrogate evaluation 2/11 {

							point #139 (  2  0 )
							mesh index : 0

							surrogate cache hit: #139 --> #89

							point #89 sgte eval: h=0 f=0.015203666686999999652
						} 

						surrogate evaluation 3/11 {

							point #140 (  2  0 )
							mesh index : 0

							surrogate cache hit: #140 --> #89

							point #89 sgte eval: h=0 f=0.015203666686999999652
						} 

						surrogate evaluation 4/11 {

							point #141 ( 152  0 )
							mesh index : 0

							surrogate cache hit: #141 --> #91

							point #91 sgte eval: h=0 f=0.015163922309899999577
						} 

						surrogate evaluation 5/11 {

							point #142 ( 164  0 )
							mesh index : 0

							surrogate cache hit: #142 --> #92

							point #92 sgte eval: h=0 f=0.01416022777560000008
						} 

						surrogate evaluation 6/11 {

							point #143 ( 6104  0 )
							mesh index : 0

							surrogate cache hit: #143 --> #93

							point #93 sgte eval: h=0 f=0.015911245346100000297
						} 

						surrogate evaluation 7/11 {

							point #144 ( 6320  0 )
							mesh index : 0

							surrogate cache hit: #144 --> #94

							point #94 sgte eval: h=0 f=0.01425180435180000045
						} 

						surrogate evaluation 8/11 {

							point #145 ( 157  0 )
							mesh index : 0

							surrogate cache hit: #145 --> #95

							point #95 sgte eval: h=0 f=0.014183068275499999614
						} 

						surrogate evaluation 9/11 {

							point #146 ( 159  0 )
							mesh index : 0

							surrogate cache hit: #146 --> #96

							point #96 sgte eval: h=0 f=0.01676528453830000015
						} 

						surrogate evaluation 10/11 {

							point #147 ( 5769  0 )
							mesh index : 0

							surrogate cache hit: #147 --> #97

							point #97 sgte eval: h=0 f=0.015861845016499998701
						} 

						surrogate evaluation 11/11 {

							point #148 ( 5805  0 )
							mesh index : 0

							surrogate cache hit: #148 --> #98

							point #98 sgte eval: h=0 f=0.015655064582799999018
						} 

					} end of evaluations


					sorted ext poll pts {

						point # 1/10 : (   164     0 )
						point # 2/10 : (   157     0 )
						point # 3/10 : (  6320     0 )
						point # 4/10 : (   152     0 )
						point # 5/10 : (     2     0 )
						point # 6/10 : (   194     0 )
						point # 7/10 : (  5805     0 )
						point # 8/10 : (  5769     0 )
						point # 9/10 : (  6104     0 )
						point #10/10 : (   159     0 )

					} 


				} end of ext poll pts sorting (on surrogates)


				extended poll point eval {

					extended poll point = (   164     0 )

					list of points evaluation (extended poll) {

						evaluation 1/1 {

							point #149 ( 164  0 )
							mesh index : 0

							cache hit: #149 --> #99
							extended poll unsuccessful point #99 [ h=0 f=0.013867182731599999798 ]
						} 

					} end of evaluations


				} 


				extended poll center: (   164     0 )

				perform extended poll descent ...... no

				extended poll point eval {

					extended poll point = (   157     0 )

					list of points evaluation (extended poll) {

						evaluation 1/1 {

							point #150 ( 157  0 )
							mesh index : 0

							cache hit: #150 --> #100
							extended poll unsuccessful point #100 [ h=0 f=0.014150083064999999238 ]
						} 

					} end of evaluations


				} 


				extended poll center: (   157     0 )

				perform extended poll descent ...... no

				extended poll point eval {

					extended poll point = (  6320     0 )

					list of points evaluation (extended poll) {

						evaluation 1/1 {

							point #151 ( 6320  0 )
							mesh index : 0

							cache hit: #151 --> #101
							extended poll unsuccessful point #101 [ h=0 f=0.014236817359899999261 ]
						} 

					} end of evaluations


				} 


				extended poll center: (  6320     0 )

				perform extended poll descent ...... no

				extended poll point eval {

					extended poll point = (   152     0 )

					list of points evaluation (extended poll) {

						evaluation 1/1 {

							point #152 ( 152  0 )
							mesh index : 0

							cache hit: #152 --> #102
							extended poll unsuccessful point #102 [ h=0 f=0.014426562786099999744 ]
						} 

					} end of evaluations


				} 


				extended poll center: (   152     0 )

				perform extended poll descent ...... no

				extended poll point eval {

					extended poll point = (     2     0 )

					list of points evaluation (extended poll) {

						evaluation 1/1 {

							point #153 (  2  0 )
							mesh index : 0

							cache hit: #153 --> #103
							extended poll unsuccessful point #103 [ h=0 f=0.013449277877800000155 ]
						} 

					} end of evaluations


				} 


				extended poll center: (     2     0 )

				perform extended poll descent ...... no

				extended poll point eval {

					extended poll point = (   194     0 )

					list of points evaluation (extended poll) {

						evaluation 1/1 {

							point #154 ( 194  0 )
							mesh index : 0

							cache hit: #154 --> #104
							extended poll unsuccessful point #104 [ h=0 f=0.013623085022000000835 ]
						} 

					} end of evaluations


				} 


				extended poll center: (   194     0 )

				perform extended poll descent ...... no

				extended poll point eval {

					extended poll point = (  5805     0 )

					list of points evaluation (extended poll) {

						evaluation 1/1 {

							point #155 ( 5805  0 )
							mesh index : 0

							cache hit: #155 --> #105
							extended poll unsuccessful point #105 [ h=0 f=0.014186022281599999784 ]
						} 

					} end of evaluations


				} 


				extended poll center: (  5805     0 )

				perform extended poll descent ...... no

				extended poll point eval {

					extended poll point = (  5769     0 )

					list of points evaluation (extended poll) {

						evaluation 1/1 {

							point #156 ( 5769  0 )
							mesh index : 0

							cache hit: #156 --> #106
							extended poll unsuccessful point #106 [ h=0 f=0.014476897716500000679 ]
						} 

					} end of evaluations


				} 


				extended poll center: (  5769     0 )

				perform extended poll descent ...... no

				extended poll point eval {

					extended poll point = (  6104     0 )

					list of points evaluation (extended poll) {

						evaluation 1/1 {

							point #157 ( 6104  0 )
							mesh index : 0

							cache hit: #157 --> #107
							extended poll unsuccessful point #107 [ h=0 f=0.014643077850299999684 ]
						} 

					} end of evaluations


				} 


				extended poll center: (  6104     0 )

				perform extended poll descent ...... no

				extended poll point eval {

					extended poll point = (   159     0 )

					list of points evaluation (extended poll) {

						evaluation 1/1 {

							point #158 ( 159  0 )
							mesh index : 0

							cache hit: #158 --> #108
							extended poll unsuccessful point #108 [ h=0 f=0.013786439895599999703 ]
						} 

					} end of evaluations


				} 


				extended poll center: (   159     0 )

				perform extended poll descent ...... no

			} end of extended poll

		} end of poll

		Mesh update {
			previous mesh index: 0
			new mesh index     : 1
		} 


		terminate MADS       : no
		iteration status     : unsuccessful
		new feas. incumbent  : none
		new infeas. incumbent: none

	} end of iteration 4

	MADS iteration 5 {

		blackbox evaluations : 21
		best feas. solution  : ( 158  0 ) h=0 f=0.011883060932200000329
		best infeas. solution: none
		poll center          : ( 158  0 )
		mesh size            : ( 0.25 0.25 )
		poll size            : ( 0.5 0.5 )
		mesh index           : 1
		h_max                : inf

		MADS search {
		} end of search

		MADS poll {

			poll center: ( 158  0 )

			poll directions (include mesh size parameter) {
				dir 0 : (  0 -1 ) Ortho-MADS 2n
				dir 1 : (  0  1 ) Ortho-MADS 2n
			} 

			re-ordered list of 2 poll trial points {
				#159 : ( 158 -1 ) (dir 0)
				#160 : ( 158  1 ) (dir 1)
			} 

			list of points evaluation (poll) {

				surrogate evaluation 1/2 {

					point #159 ( 158 -1 )
					direction  : (  0 -1 ) Ortho-MADS 2n
					mesh index : 1

					surrogate cache hit: #159 --> #109

					point #109 sgte eval: failed
				} 

				surrogate evaluation 2/2 {

					point #160 ( 158  1 )
					direction  : (  0  1 ) Ortho-MADS 2n
					mesh index : 1

					surrogate cache hit: #160 --> #110

					point #110 sgte eval: failed
				} 

			} end of evaluations

			re-ordered list of 2 poll trial points {

				#161: ( 158 -1 ) (dir 0)
				#162: ( 158  1 ) (dir 1)
			} 

			list of points evaluation (poll) {

				evaluation 1/2 {

					point #161 ( 158 -1 )
					direction  : (  0 -1 ) Ortho-MADS 2n
					mesh index : -1

					cache hit: #161 --> #111
					poll unsuccessful point #111: evaluation failed
				} 

				evaluation 2/2 {

					point #162 ( 158  1 )
					direction  : (  0  1 ) Ortho-MADS 2n
					mesh index : -1

					cache hit: #162 --> #112
					poll unsuccessful point #112: evaluation failed
				} 

			} end of evaluations


			MADS extended poll {


				extended poll pts sorting (on surrogates) {


					list of points evaluation (extended poll) {

						surrogate evaluation 1/11 {

							point #163 ( 194  0 )
							mesh index : 1

							surrogate cache hit: #163 --> #88

							point #88 sgte eval: h=0 f=0.015231728553800000583
						} 

						surrogate evaluation 2/11 {

							point #164 (  2  0 )
							mesh index : 1

							surrogate cache hit: #164 --> #89

							point #89 sgte eval: h=0 f=0.015203666686999999652
						} 

						surrogate evaluation 3/11 {

							point #165 (  2  0 )
							mesh index : 1

							surrogate cache hit: #165 --> #89

							point #89 sgte eval: h=0 f=0.015203666686999999652
						} 

						surrogate evaluation 4/11 {

							point #166 ( 152  0 )
							mesh index : 1

							surrogate cache hit: #166 --> #91

							point #91 sgte eval: h=0 f=0.015163922309899999577
						} 

						surrogate evaluation 5/11 {

							point #167 ( 164  0 )
							mesh index : 1

							surrogate cache hit: #167 --> #92

							point #92 sgte eval: h=0 f=0.01416022777560000008
						} 

						surrogate evaluation 6/11 {

							point #168 ( 6104  0 )
							mesh index : 1

							surrogate cache hit: #168 --> #93

							point #93 sgte eval: h=0 f=0.015911245346100000297
						} 

						surrogate evaluation 7/11 {

							point #169 ( 6320  0 )
							mesh index : 1

							surrogate cache hit: #169 --> #94

							point #94 sgte eval: h=0 f=0.01425180435180000045
						} 

						surrogate evaluation 8/11 {

							point #170 ( 157  0 )
							mesh index : 1

							surrogate cache hit: #170 --> #95

							point #95 sgte eval: h=0 f=0.014183068275499999614
						} 

						surrogate evaluation 9/11 {

							point #171 ( 159  0 )
							mesh index : 1

							surrogate cache hit: #171 --> #96

							point #96 sgte eval: h=0 f=0.01676528453830000015
						} 

						surrogate evaluation 10/11 {

							point #172 ( 5769  0 )
							mesh index : 1

							surrogate cache hit: #172 --> #97

							point #97 sgte eval: h=0 f=0.015861845016499998701
						} 

						surrogate evaluation 11/11 {

							point #173 ( 5805  0 )
							mesh index : 1

							surrogate cache hit: #173 --> #98

							point #98 sgte eval: h=0 f=0.015655064582799999018
						} 

					} end of evaluations


					sorted ext poll pts {

						point # 1/10 : (   164     0 )
						point # 2/10 : (   157     0 )
						point # 3/10 : (  6320     0 )
						point # 4/10 : (   152     0 )
						point # 5/10 : (     2     0 )
						point # 6/10 : (   194     0 )
						point # 7/10 : (  5805     0 )
						point # 8/10 : (  5769     0 )
						point # 9/10 : (  6104     0 )
						point #10/10 : (   159     0 )

					} 


				} end of ext poll pts sorting (on surrogates)


				extended poll point eval {

					extended poll point = (   164     0 )

					list of points evaluation (extended poll) {

						evaluation 1/1 {

							point #174 ( 164  0 )
							mesh index : 1

							cache hit: #174 --> #99
							extended poll unsuccessful point #99 [ h=0 f=0.013867182731599999798 ]
						} 

					} end of evaluations


				} 


				extended poll center: (   164     0 )

				perform extended poll descent ...... no

				extended poll point eval {

					extended poll point = (   157     0 )

					list of points evaluation (extended poll) {

						evaluation 1/1 {

							point #175 ( 157  0 )
							mesh index : 1

							cache hit: #175 --> #100
							extended poll unsuccessful point #100 [ h=0 f=0.014150083064999999238 ]
						} 

					} end of evaluations


				} 


				extended poll center: (   157     0 )

				perform extended poll descent ...... no

				extended poll point eval {

					extended poll point = (  6320     0 )

					list of points evaluation (extended poll) {

						evaluation 1/1 {

							point #176 ( 6320  0 )
							mesh index : 1

							cache hit: #176 --> #101
							extended poll unsuccessful point #101 [ h=0 f=0.014236817359899999261 ]
						} 

					} end of evaluations


				} 


				extended poll center: (  6320     0 )

				perform extended poll descent ...... no

				extended poll point eval {

					extended poll point = (   152     0 )

					list of points evaluation (extended poll) {

						evaluation 1/1 {

							point #177 ( 152  0 )
							mesh index : 1

							cache hit: #177 --> #102
							extended poll unsuccessful point #102 [ h=0 f=0.014426562786099999744 ]
						} 

					} end of evaluations


				} 


				extended poll center: (   152     0 )

				perform extended poll descent ...... no

				extended poll point eval {

					extended poll point = (     2     0 )

					list of points evaluation (extended poll) {

						evaluation 1/1 {

							point #178 (  2  0 )
							mesh index : 1

							cache hit: #178 --> #103
							extended poll unsuccessful point #103 [ h=0 f=0.013449277877800000155 ]
						} 

					} end of evaluations


				} 


				extended poll center: (     2     0 )

				perform extended poll descent ...... no

				extended poll point eval {

					extended poll point = (   194     0 )

					list of points evaluation (extended poll) {

						evaluation 1/1 {

							point #179 ( 194  0 )
							mesh index : 1

							cache hit: #179 --> #104
							extended poll unsuccessful point #104 [ h=0 f=0.013623085022000000835 ]
						} 

					} end of evaluations


				} 


				extended poll center: (   194     0 )

				perform extended poll descent ...... no

				extended poll point eval {

					extended poll point = (  5805     0 )

					list of points evaluation (extended poll) {

						evaluation 1/1 {

							point #180 ( 5805  0 )
							mesh index : 1

							cache hit: #180 --> #105
							extended poll unsuccessful point #105 [ h=0 f=0.014186022281599999784 ]
						} 

					} end of evaluations


				} 


				extended poll center: (  5805     0 )

				perform extended poll descent ...... no

				extended poll point eval {

					extended poll point = (  5769     0 )

					list of points evaluation (extended poll) {

						evaluation 1/1 {

							point #181 ( 5769  0 )
							mesh index : 1

							cache hit: #181 --> #106
							extended poll unsuccessful point #106 [ h=0 f=0.014476897716500000679 ]
						} 

					} end of evaluations


				} 


				extended poll center: (  5769     0 )

				perform extended poll descent ...... no

				extended poll point eval {

					extended poll point = (  6104     0 )

					list of points evaluation (extended poll) {

						evaluation 1/1 {

							point #182 ( 6104  0 )
							mesh index : 1

							cache hit: #182 --> #107
							extended poll unsuccessful point #107 [ h=0 f=0.014643077850299999684 ]
						} 

					} end of evaluations


				} 


				extended poll center: (  6104     0 )

				perform extended poll descent ...... no

				extended poll point eval {

					extended poll point = (   159     0 )

					list of points evaluation (extended poll) {

						evaluation 1/1 {

							point #183 ( 159  0 )
							mesh index : 1

							cache hit: #183 --> #108
							extended poll unsuccessful point #108 [ h=0 f=0.013786439895599999703 ]
						} 

					} end of evaluations


				} 


				extended poll center: (   159     0 )

				perform extended poll descent ...... no

			} end of extended poll

		} end of poll

		Mesh update {
			previous mesh index: 1
			new mesh index     : 2
		} 


		terminate MADS       : no
		iteration status     : unsuccessful
		new feas. incumbent  : none
		new infeas. incumbent: none

	} end of iteration 5

	MADS iteration 6 {

		blackbox evaluations : 21
		best feas. solution  : ( 158  0 ) h=0 f=0.011883060932200000329
		best infeas. solution: none
		poll center          : ( 158  0 )
		mesh size            : ( 0.0625 0.0625 )
		poll size            : ( 0.25 0.25 )
		mesh index           : 2
		h_max                : inf

		MADS search {
		} end of search

		MADS poll {

			poll center: ( 158  0 )

			poll directions (include mesh size parameter) {
				dir 0 : (  0 -1 ) Ortho-MADS 2n
				dir 1 : (  0  1 ) Ortho-MADS 2n
			} 

			re-ordered list of 2 poll trial points {
				#184 : ( 158 -1 ) (dir 0)
				#185 : ( 158  1 ) (dir 1)
			} 

			list of points evaluation (poll) {

				surrogate evaluation 1/2 {

					point #184 ( 158 -1 )
					direction  : (  0 -1 ) Ortho-MADS 2n
					mesh index : 2

					surrogate cache hit: #184 --> #109

					point #109 sgte eval: failed
				} 

				surrogate evaluation 2/2 {

					point #185 ( 158  1 )
					direction  : (  0  1 ) Ortho-MADS 2n
					mesh index : 2

					surrogate cache hit: #185 --> #110

					point #110 sgte eval: failed
				} 

			} end of evaluations

			re-ordered list of 2 poll trial points {

				#186: ( 158 -1 ) (dir 0)
				#187: ( 158  1 ) (dir 1)
			} 

			list of points evaluation (poll) {

				evaluation 1/2 {

					point #186 ( 158 -1 )
					direction  : (  0 -1 ) Ortho-MADS 2n
					mesh index : -1

					cache hit: #186 --> #111
					poll unsuccessful point #111: evaluation failed
				} 

				evaluation 2/2 {

					point #187 ( 158  1 )
					direction  : (  0  1 ) Ortho-MADS 2n
					mesh index : -1

					cache hit: #187 --> #112
					poll unsuccessful point #112: evaluation failed
				} 

			} end of evaluations


			MADS extended poll {


				extended poll pts sorting (on surrogates) {


					list of points evaluation (extended poll) {

						surrogate evaluation 1/11 {

							point #188 ( 194  0 )
							mesh index : 2

							surrogate cache hit: #188 --> #88

							point #88 sgte eval: h=0 f=0.015231728553800000583
						} 

						surrogate evaluation 2/11 {

							point #189 (  2  0 )
							mesh index : 2

							surrogate cache hit: #189 --> #89

							point #89 sgte eval: h=0 f=0.015203666686999999652
						} 

						surrogate evaluation 3/11 {

							point #190 (  2  0 )
							mesh index : 2

							surrogate cache hit: #190 --> #89

							point #89 sgte eval: h=0 f=0.015203666686999999652
						} 

						surrogate evaluation 4/11 {

							point #191 ( 152  0 )
							mesh index : 2

							surrogate cache hit: #191 --> #91

							point #91 sgte eval: h=0 f=0.015163922309899999577
						} 

						surrogate evaluation 5/11 {

							point #192 ( 164  0 )
							mesh index : 2

							surrogate cache hit: #192 --> #92

							point #92 sgte eval: h=0 f=0.01416022777560000008
						} 

						surrogate evaluation 6/11 {

							point #193 ( 6104  0 )
							mesh index : 2

							surrogate cache hit: #193 --> #93

							point #93 sgte eval: h=0 f=0.015911245346100000297
						} 

						surrogate evaluation 7/11 {

							point #194 ( 6320  0 )
							mesh index : 2

							surrogate cache hit: #194 --> #94

							point #94 sgte eval: h=0 f=0.01425180435180000045
						} 

						surrogate evaluation 8/11 {

							point #195 ( 157  0 )
							mesh index : 2

							surrogate cache hit: #195 --> #95

							point #95 sgte eval: h=0 f=0.014183068275499999614
						} 

						surrogate evaluation 9/11 {

							point #196 ( 159  0 )
							mesh index : 2

							surrogate cache hit: #196 --> #96

							point #96 sgte eval: h=0 f=0.01676528453830000015
						} 

						surrogate evaluation 10/11 {

							point #197 ( 5769  0 )
							mesh index : 2

							surrogate cache hit: #197 --> #97

							point #97 sgte eval: h=0 f=0.015861845016499998701
						} 

						surrogate evaluation 11/11 {

							point #198 ( 5805  0 )
							mesh index : 2

							surrogate cache hit: #198 --> #98

							point #98 sgte eval: h=0 f=0.015655064582799999018
						} 

					} end of evaluations


					sorted ext poll pts {

						point # 1/10 : (   164     0 )
						point # 2/10 : (   157     0 )
						point # 3/10 : (  6320     0 )
						point # 4/10 : (   152     0 )
						point # 5/10 : (     2     0 )
						point # 6/10 : (   194     0 )
						point # 7/10 : (  5805     0 )
						point # 8/10 : (  5769     0 )
						point # 9/10 : (  6104     0 )
						point #10/10 : (   159     0 )

					} 


				} end of ext poll pts sorting (on surrogates)


				extended poll point eval {

					extended poll point = (   164     0 )

					list of points evaluation (extended poll) {

						evaluation 1/1 {

							point #199 ( 164  0 )
							mesh index : 2

							cache hit: #199 --> #99
							extended poll unsuccessful point #99 [ h=0 f=0.013867182731599999798 ]
						} 

					} end of evaluations


				} 


				extended poll center: (   164     0 )

				perform extended poll descent ...... no

				extended poll point eval {

					extended poll point = (   157     0 )

					list of points evaluation (extended poll) {

						evaluation 1/1 {

							point #200 ( 157  0 )
							mesh index : 2

							cache hit: #200 --> #100
							extended poll unsuccessful point #100 [ h=0 f=0.014150083064999999238 ]
						} 

					} end of evaluations


				} 


				extended poll center: (   157     0 )

				perform extended poll descent ...... no

				extended poll point eval {

					extended poll point = (  6320     0 )

					list of points evaluation (extended poll) {

						evaluation 1/1 {

							point #201 ( 6320  0 )
							mesh index : 2

							cache hit: #201 --> #101
							extended poll unsuccessful point #101 [ h=0 f=0.014236817359899999261 ]
						} 

					} end of evaluations


				} 


				extended poll center: (  6320     0 )

				perform extended poll descent ...... no

				extended poll point eval {

					extended poll point = (   152     0 )

					list of points evaluation (extended poll) {

						evaluation 1/1 {

							point #202 ( 152  0 )
							mesh index : 2

							cache hit: #202 --> #102
							extended poll unsuccessful point #102 [ h=0 f=0.014426562786099999744 ]
						} 

					} end of evaluations


				} 


				extended poll center: (   152     0 )

				perform extended poll descent ...... no

				extended poll point eval {

					extended poll point = (     2     0 )

					list of points evaluation (extended poll) {

						evaluation 1/1 {

							point #203 (  2  0 )
							mesh index : 2

							cache hit: #203 --> #103
							extended poll unsuccessful point #103 [ h=0 f=0.013449277877800000155 ]
						} 

					} end of evaluations


				} 


				extended poll center: (     2     0 )

				perform extended poll descent ...... no

				extended poll point eval {

					extended poll point = (   194     0 )

					list of points evaluation (extended poll) {

						evaluation 1/1 {

							point #204 ( 194  0 )
							mesh index : 2

							cache hit: #204 --> #104
							extended poll unsuccessful point #104 [ h=0 f=0.013623085022000000835 ]
						} 

					} end of evaluations


				} 


				extended poll center: (   194     0 )

				perform extended poll descent ...... no

				extended poll point eval {

					extended poll point = (  5805     0 )

					list of points evaluation (extended poll) {

						evaluation 1/1 {

							point #205 ( 5805  0 )
							mesh index : 2

							cache hit: #205 --> #105
							extended poll unsuccessful point #105 [ h=0 f=0.014186022281599999784 ]
						} 

					} end of evaluations


				} 


				extended poll center: (  5805     0 )

				perform extended poll descent ...... no

				extended poll point eval {

					extended poll point = (  5769     0 )

					list of points evaluation (extended poll) {

						evaluation 1/1 {

							point #206 ( 5769  0 )
							mesh index : 2

							cache hit: #206 --> #106
							extended poll unsuccessful point #106 [ h=0 f=0.014476897716500000679 ]
						} 

					} end of evaluations


				} 


				extended poll center: (  5769     0 )

				perform extended poll descent ...... no

				extended poll point eval {

					extended poll point = (  6104     0 )

					list of points evaluation (extended poll) {

						evaluation 1/1 {

							point #207 ( 6104  0 )
							mesh index : 2

							cache hit: #207 --> #107
							extended poll unsuccessful point #107 [ h=0 f=0.014643077850299999684 ]
						} 

					} end of evaluations


				} 


				extended poll center: (  6104     0 )

				perform extended poll descent ...... no

				extended poll point eval {

					extended poll point = (   159     0 )

					list of points evaluation (extended poll) {

						evaluation 1/1 {

							point #208 ( 159  0 )
							mesh index : 2

							cache hit: #208 --> #108
							extended poll unsuccessful point #108 [ h=0 f=0.013786439895599999703 ]
						} 

					} end of evaluations


				} 


				extended poll center: (   159     0 )

				perform extended poll descent ...... no

			} end of extended poll

		} end of poll

		Mesh update {
			previous mesh index: 2
			new mesh index     : 3
		} 


		terminate MADS       : yes
		termination cause    : max mesh index
		iteration status     : unsuccessful
		new feas. incumbent  : none
		new infeas. incumbent: none

	} end of iteration 6

} end of run (max mesh index)

NOMAD final display {

	cache {
		number of cache points: 21
		size in memory        : 2.7000000000000001776 KB
		cache file            : -
	} 

	stats {
		MADS iterations                 : 7
		blackbox evaluations            : 21
		simulated blackbox evaluations  : 0
		evaluations                     : 67
		surrogate evaluations           : 54
		failed evaluations              : 16
		interrupted sequences of eval.  : 0
		cache hits                      : 100
		number of poll searches         : 7
		poll successes                  : 2
		poll points                     : 14
		number of extended polls        : 7
		number of ext. poll descents    : 0
		number of ext. poll successes   : 2
		number of ext. poll points      : 146
		number of ext. poll bb eval     : 12
		number of speculative searches  : 2
		speculative search successes    : 0
		speculative search points       : 0
		number of user searches         : 0
		number of LH searches           : 0
		number of cache searches        : 0
		number of VNS searches          : 0
		no model has been constructed
		wall-clock time                 : 2m 35s
	} 

	miscellaneous {
		mesh index      : min=-2, max=3, last=2
		best feas. sol  : ( 158 0 ) h=0 f=0.011883060932200000329
		best infeas. sol: none
	} 
} 
