
NOMAD - version 3.5.1 - www.gerad.ca/nomad

Copyright (C) 2001-2012 {
	Mark A. Abramson     - The Boeing Company
	Charles Audet        - Ecole Polytechnique de Montreal
	Gilles Couture       - Ecole Polytechnique de Montreal
	John E. Dennis, Jr.  - Rice University
	Sebastien Le Digabel - Ecole Polytechnique de Montreal
	Christophe Tribes    - Ecole Polytechnique de Montreal
} 

Funded in part by AFOSR and Exxon Mobil.

License   : '$NOMAD_HOME/src/lgpl.txt'
User guide: '$NOMAD_HOME/doc/user_guide.pdf'
Examples  : '$NOMAD_HOME/examples'
Tools     : '$NOMAD_HOME/tools'

Please report bugs to nomad@gerad.ca

MADS run {

	EVAL	BBE	[	SOL,	]	BBO	TIME

	  1	  1	[	275378 , 0 	]	0.01704226017000000024    4
	  4	  4	[	228722 , 0 	]	0.01227234601970000026   45
	  8	  8	[	220946 , 0 	]	0.01164313077929999933   94
	 11	 11	[	220910 , 0 	]	0.01106420278550000053  133
	149	 34	[	220910 , 0 	]	0.01106420278550000053  246

} end of run (max mesh index)

blackbox evaluations    : 34
best feasible solution  : ( 220910 0 ) h=0 f=0.011064202785500000525
