
NOMAD - version 3.5.1 - www.gerad.ca/nomad

Copyright (C) 2001-2012 {
	Mark A. Abramson     - The Boeing Company
	Charles Audet        - Ecole Polytechnique de Montreal
	Gilles Couture       - Ecole Polytechnique de Montreal
	John E. Dennis, Jr.  - Rice University
	Sebastien Le Digabel - Ecole Polytechnique de Montreal
	Christophe Tribes    - Ecole Polytechnique de Montreal
} 

Funded in part by AFOSR and Exxon Mobil.

License   : '$NOMAD_HOME/src/lgpl.txt'
User guide: '$NOMAD_HOME/doc/user_guide.pdf'
Examples  : '$NOMAD_HOME/examples'
Tools     : '$NOMAD_HOME/tools'

Please report bugs to nomad@gerad.ca

parameters {

	problem directory    : ./
	dimension            : n=2
	blackbox input types : (   cat(C)   int(I) )
	extended poll trigger: 0.10000000000000000555 (relative)
	neighbors executable : $python neighbors.py
	variable groups {
		group #0 {
			indexes: { 0 }
			no directions (categorical variables)
		} 
		group #1 {
			indexes: { 1 }
			directions {
				n             : 1
				types         : { [Ortho-MADS 2n] }
				sec poll types: { }
				halton_seed   : 3
			} 
		} 
	} 
	blackbox outputs (m=1) {
		#0          OBJ	$python blackbox.py	$python surrogate.py
	} 
	signature                       : standard
	has surrogate                   : yes
	sort trial points with surrogate: yes
	surrogate cost                  : none
	add seed to output file names   : yes
	solution file                   : nomad-solution.10028.txt
	history file                    : none
	stats file                      : none
	cache file                      : none
	x0                              : ( 4422422    0 )
	directions         : Ortho-MADS 2n
	user halton seed   : 3
	mesh {
		update basis       :   4
		coarsening exponent:   1
		refining exponent  :  -1
		initial mesh index :   0
		max mesh index     :   2
		initial mesh size  : (    1    1 )
		min poll size      : (  NaN    1 )
	} 
	snap to bounds                   : yes
	opportunistic evaluations        : yes
	use models                       : no
	speculative search               : yes
	VNS search                       : no
	Latin-Hypercube (LH) search      : no
	cache search                     : no
	random seed / run id             : 10028
	epsilon                          : 1.0000000000000000304e-13
	undefined string                 : NaN
	infinity string                  : inf
	display degrees {
		general  : full (3)
		search   : full (3)
		poll     : full (3)
		iterative: full (3)
	} 
	display stats                : EVAL BBE [ SOL, ] BBO TIME
	display all evaluations      : no
	point display limit          : no limit
	max number of blackbox eval. : 100
	max cache memory             : 2000 MB
} 

MADS run {

	starting point evaluation {

		x0 eval point: ( 4422422  0 )

		list of points evaluation (x0 evaluation) {

			evaluation 1/1 {

				point #0 ( 4422422  0 )


				x0 evaluation dominating point #0 {
					x    = ( 4422422  0 )
					F(x) = [ 0.003765640258790000066 ]
					h    = 0
					f    = 0.003765640258790000066
				} 
			} 

		} end of evaluations


		terminate MADS       : no
		iteration status     : dominating
		new feas. incumbent  : #0 {
			x    = ( 4422422  0 )
			F(x) = [ 0.003765640258790000066 ]
			h    = 0
			f    = 0.003765640258790000066
		} 
		new infeas. incumbent: none

	} end of starting point evaluation

	MADS iteration 0 {

		blackbox evaluations : 1
		best feas. solution  : ( 4422422  0 ) h=0 f=0.003765640258790000066
		best infeas. solution: none
		poll center          : ( 4422422  0 )
		mesh size            : (  1  1 )
		poll size            : (  1  1 )
		mesh index           : 0
		h_max                : inf

		MADS search {
		} end of search

		MADS poll {

			poll center: ( 4422422  0 )

			poll directions (include mesh size parameter) {
				dir 0 : (  0 -1 ) Ortho-MADS 2n
				dir 1 : (  0  1 ) Ortho-MADS 2n
			} 

			re-ordered list of 2 poll trial points {
				#1 : ( 4422422 -1 ) (dir 0)
				#2 : ( 4422422  1 ) (dir 1)
			} 

			list of points evaluation (poll) {

				surrogate evaluation 1/2 {

					point #1 ( 4422422 -1 )
					direction  : (  0 -1 ) Ortho-MADS 2n
					mesh index : 0


					point #1 sgte eval: failed
				} 

				surrogate evaluation 2/2 {

					point #2 ( 4422422  1 )
					direction  : (  0  1 ) Ortho-MADS 2n
					mesh index : 0


					point #2 sgte eval: failed
				} 

			} end of evaluations

			re-ordered list of 2 poll trial points {

				#3: ( 4422422 -1 ) (dir 0)
				#4: ( 4422422  1 ) (dir 1)
			} 

			list of points evaluation (poll) {

				evaluation 1/2 {

					point #3 ( 4422422 -1 )
					direction  : (  0 -1 ) Ortho-MADS 2n
					mesh index : 0

					poll unsuccessful point #3: evaluation failed
				} 

				evaluation 2/2 {

					point #4 ( 4422422  1 )
					direction  : (  0  1 ) Ortho-MADS 2n
					mesh index : 0

					poll unsuccessful point #4: evaluation failed
				} 

			} end of evaluations


			MADS extended poll {


				extended poll pts sorting (on surrogates) {


					list of points evaluation (extended poll) {

						surrogate evaluation 1/23 {

							point #5 ( 5422422  0 )
							mesh index : 0


							point #5 sgte eval: h=0 f=0.0034620761871299999927
						} 

						surrogate evaluation 2/23 {

							point #6 ( 4522422  0 )
							mesh index : 0


							point #6 sgte eval: h=0 f=0.0032730102539100000385
						} 

						surrogate evaluation 3/23 {

							point #7 ( 42422  0 )
							mesh index : 0


							point #7 sgte eval: h=0 f=0.0032241344451899999098
						} 

						surrogate evaluation 4/23 {

							point #8 ( 42422  0 )
							mesh index : 0

							surrogate cache hit: #8 --> #7

							point #7 sgte eval: h=0 f=0.0032241344451899999098
						} 

						surrogate evaluation 5/23 {

							point #9 ( 4402422  0 )
							mesh index : 0


							point #9 sgte eval: h=0 f=0.0050108432769799997678
						} 

						surrogate evaluation 6/23 {

							point #10 ( 4432422  0 )
							mesh index : 0


							point #10 sgte eval: h=0 f=0.003587007522579999802
						} 

						surrogate evaluation 7/23 {

							point #11 ( 444032422  0 )
							mesh index : 0


							point #11 sgte eval: h=0 f=0.0040650367736799995766
						} 

						surrogate evaluation 8/23 {

							point #12 ( 445032422  0 )
							mesh index : 0


							point #12 sgte eval: h=0 f=0.0037009716033899998054
						} 

						surrogate evaluation 9/23 {

							point #13 ( 4420422  0 )
							mesh index : 0


							point #13 sgte eval: h=0 f=0.0052871704101599996048
						} 

						surrogate evaluation 10/23 {

							point #14 ( 4423422  0 )
							mesh index : 0


							point #14 sgte eval: h=0 f=0.0041990280151399999795
						} 

						surrogate evaluation 11/23 {

							point #15 ( 442403422  0 )
							mesh index : 0


							point #15 sgte eval: h=0 f=0.0045120716095000002605
						} 

						surrogate evaluation 12/23 {

							point #16 ( 442503422  0 )
							mesh index : 0


							point #16 sgte eval: h=0 f=0.0052478313446000001211
						} 

						surrogate evaluation 13/23 {

							point #17 ( 4422522  0 )
							mesh index : 0


							point #17 sgte eval: h=0 f=0.0032730102539100000385
						} 

						surrogate evaluation 14/23 {

							point #18 ( 44222  0 )
							mesh index : 0


							point #18 sgte eval: h=0 f=0.0038380622863800001668
						} 

						surrogate evaluation 15/23 {

							point #19 ( 44222  0 )
							mesh index : 0

							surrogate cache hit: #19 --> #18

							point #18 sgte eval: h=0 f=0.0038380622863800001668
						} 

						surrogate evaluation 16/23 {

							point #20 ( 4422402  0 )
							mesh index : 0


							point #20 sgte eval: h=0 f=0.0065469741821299999932
						} 

						surrogate evaluation 17/23 {

							point #21 ( 4422432  0 )
							mesh index : 0


							point #21 sgte eval: h=0 f=0.0055799484252899997708
						} 

						surrogate evaluation 18/23 {

							point #22 ( 442244032  0 )
							mesh index : 0


							point #22 sgte eval: h=0 f=0.0046579837799100003853
						} 

						surrogate evaluation 19/23 {

							point #23 ( 442245032  0 )
							mesh index : 0


							point #23 sgte eval: h=0 f=0.0036249160766600001249
						} 

						surrogate evaluation 20/23 {

							point #24 ( 4422420  0 )
							mesh index : 0


							point #24 sgte eval: h=0 f=0.0058019161224399998233
						} 

						surrogate evaluation 21/23 {

							point #25 ( 4422423  0 )
							mesh index : 0


							point #25 sgte eval: h=0 f=0.0037419795990000000868
						} 

						surrogate evaluation 22/23 {

							point #26 ( 442242403  0 )
							mesh index : 0


							point #26 sgte eval: h=0 f=0.0039718151092499997395
						} 

						surrogate evaluation 23/23 {

							point #27 ( 442242503  0 )
							mesh index : 0


							point #27 sgte eval: h=0 f=0.0066809654235799997152
						} 

					} end of evaluations


					sorted ext poll pts {

						point # 1/21 : ( 42422     0 )
						point # 2/21 : ( 4522422     0 )
						point # 3/21 : ( 4422522     0 )
						point # 4/21 : ( 5422422     0 )
						point # 5/21 : ( 4432422     0 )
						point # 6/21 : ( 442245032     0 )
						point # 7/21 : ( 445032422     0 )
						point # 8/21 : ( 4422423     0 )
						point # 9/21 : ( 44222     0 )
						point #10/21 : ( 442242403     0 )
						point #11/21 : ( 444032422     0 )
						point #12/21 : ( 4423422     0 )
						point #13/21 : ( 442403422     0 )
						point #14/21 : ( 442244032     0 )
						point #15/21 : ( 4402422     0 )
						point #16/21 : ( 442503422     0 )
						point #17/21 : ( 4420422     0 )
						point #18/21 : ( 4422432     0 )
						point #19/21 : ( 4422420     0 )
						point #20/21 : ( 4422402     0 )
						point #21/21 : ( 442242503     0 )

					} 


				} end of ext poll pts sorting (on surrogates)


				extended poll point eval {

					extended poll point = ( 42422     0 )

					list of points evaluation (extended poll) {

						evaluation 1/1 {

							point #28 ( 42422  0 )
							mesh index : 0


							extended poll dominating point #28 {
								x    = ( 42422  0 )
								F(x) = [ 0.0037653064727799999932 ]
								h    = 0
								f    = 0.0037653064727799999932
							} 
						} 

					} end of evaluations


				} 


			} end of extended poll

		} end of poll

		Mesh update {
			previous mesh index: 0
			new mesh index     : -1
		} 


		terminate MADS       : no
		iteration status     : dominating
		new feas. incumbent  : #28 {
			x    = ( 42422  0 )
			F(x) = [ 0.0037653064727799999932 ]
			h    = 0
			f    = 0.0037653064727799999932
		} 
		new infeas. incumbent: none

	} end of iteration 0

	MADS iteration 1 {

		blackbox evaluations : 4
		best feas. solution  : ( 42422  0 ) h=0 f=0.0037653064727799999932
		best infeas. solution: none
		poll center          : ( 42422  0 )
		mesh size            : (  1  1 )
		poll size            : (  2  2 )
		mesh index           : -1
		h_max                : inf

		MADS search {

			speculative search {

			} end of speculative search (unsuccessful)

		} end of search

		MADS poll {

			poll center: ( 42422  0 )

			poll directions (include mesh size parameter) {
				dir 0 : (  0 -1 ) Ortho-MADS 2n
				dir 1 : (  0  1 ) Ortho-MADS 2n
			} 

			re-ordered list of 2 poll trial points {
				#49 : ( 42422 -1 ) (dir 0)
				#50 : ( 42422  1 ) (dir 1)
			} 

			list of points evaluation (poll) {

				surrogate evaluation 1/2 {

					point #49 ( 42422 -1 )
					direction  : (  0 -1 ) Ortho-MADS 2n
					mesh index : -1


					point #49 sgte eval: failed
				} 

				surrogate evaluation 2/2 {

					point #50 ( 42422  1 )
					direction  : (  0  1 ) Ortho-MADS 2n
					mesh index : -1


					point #50 sgte eval: failed
				} 

			} end of evaluations

			re-ordered list of 2 poll trial points {

				#51: ( 42422 -1 ) (dir 0)
				#52: ( 42422  1 ) (dir 1)
			} 

			list of points evaluation (poll) {

				evaluation 1/2 {

					point #51 ( 42422 -1 )
					direction  : (  0 -1 ) Ortho-MADS 2n
					mesh index : -1

					poll unsuccessful point #51: evaluation failed
				} 

				evaluation 2/2 {

					point #52 ( 42422  1 )
					direction  : (  0  1 ) Ortho-MADS 2n
					mesh index : -1

					poll unsuccessful point #52: evaluation failed
				} 

			} end of evaluations


			MADS extended poll {


				extended poll pts sorting (on surrogates) {


					list of points evaluation (extended poll) {

						surrogate evaluation 1/16 {

							point #53 ( 52422  0 )
							mesh index : -1


							point #53 sgte eval: h=0 f=0.0039899349212600002459
						} 

						surrogate evaluation 2/16 {

							point #54 ( 40422  0 )
							mesh index : -1


							point #54 sgte eval: h=0 f=0.012125015258799999932
						} 

						surrogate evaluation 3/16 {

							point #55 ( 43422  0 )
							mesh index : -1


							point #55 sgte eval: h=0 f=0.0037200450897200000415
						} 

						surrogate evaluation 4/16 {

							point #56 ( 4403422  0 )
							mesh index : -1


							point #56 sgte eval: h=0 f=0.0057020187377899997708
						} 

						surrogate evaluation 5/16 {

							point #57 ( 4503422  0 )
							mesh index : -1


							point #57 sgte eval: h=0 f=0.011973857879599999685
						} 

						surrogate evaluation 6/16 {

							point #58 ( 42522  0 )
							mesh index : -1


							point #58 sgte eval: h=0 f=0.0039451122283900002391
						} 

						surrogate evaluation 7/16 {

							point #59 ( 422  0 )
							mesh index : -1


							point #59 sgte eval: h=0 f=0.0034489631652799999581
						} 

						surrogate evaluation 8/16 {

							point #60 ( 422  0 )
							mesh index : -1

							surrogate cache hit: #60 --> #59

							point #59 sgte eval: h=0 f=0.0034489631652799999581
						} 

						surrogate evaluation 9/16 {

							point #61 ( 42402  0 )
							mesh index : -1


							point #61 sgte eval: h=0 f=0.0052731037139900002741
						} 

						surrogate evaluation 10/16 {

							point #62 ( 42432  0 )
							mesh index : -1


							point #62 sgte eval: h=0 f=0.0037751197814899998401
						} 

						surrogate evaluation 11/16 {

							point #63 ( 4244032  0 )
							mesh index : -1


							point #63 sgte eval: h=0 f=0.0041239261627199997814
						} 

						surrogate evaluation 12/16 {

							point #64 ( 4245032  0 )
							mesh index : -1


							point #64 sgte eval: h=0 f=0.0043709278106700000244
						} 

						surrogate evaluation 13/16 {

							point #65 ( 42420  0 )
							mesh index : -1


							point #65 sgte eval: h=0 f=0.0059239864349399998233
						} 

						surrogate evaluation 14/16 {

							point #66 ( 42423  0 )
							mesh index : -1


							point #66 sgte eval: h=0 f=0.0038111209869400000834
						} 

						surrogate evaluation 15/16 {

							point #67 ( 4242403  0 )
							mesh index : -1


							point #67 sgte eval: h=0 f=0.0040788650512699996253
						} 

						surrogate evaluation 16/16 {

							point #68 ( 4242503  0 )
							mesh index : -1


							point #68 sgte eval: h=0 f=0.0043778419494599997083
						} 

					} end of evaluations


					sorted ext poll pts {

						point # 1/15 : (   422     0 )
						point # 2/15 : ( 43422     0 )
						point # 3/15 : ( 42432     0 )
						point # 4/15 : ( 42423     0 )
						point # 5/15 : ( 42522     0 )
						point # 6/15 : ( 52422     0 )
						point # 7/15 : ( 4242403     0 )
						point # 8/15 : ( 4244032     0 )
						point # 9/15 : ( 4245032     0 )
						point #10/15 : ( 4242503     0 )
						point #11/15 : ( 42402     0 )
						point #12/15 : ( 4403422     0 )
						point #13/15 : ( 42420     0 )
						point #14/15 : ( 4503422     0 )
						point #15/15 : ( 40422     0 )

					} 


				} end of ext poll pts sorting (on surrogates)


				extended poll point eval {

					extended poll point = (   422     0 )

					list of points evaluation (extended poll) {

						evaluation 1/1 {

							point #69 ( 422  0 )
							mesh index : -1


							extended poll dominating point #69 {
								x    = ( 422  0 )
								F(x) = [ 0.0033747053146399997973 ]
								h    = 0
								f    = 0.0033747053146399997973
							} 
						} 

					} end of evaluations


				} 


			} end of extended poll

		} end of poll

		Mesh update {
			previous mesh index: -1
			new mesh index     : -2
		} 


		terminate MADS       : no
		iteration status     : dominating
		new feas. incumbent  : #69 {
			x    = ( 422  0 )
			F(x) = [ 0.0033747053146399997973 ]
			h    = 0
			f    = 0.0033747053146399997973
		} 
		new infeas. incumbent: none

	} end of iteration 1

	MADS iteration 2 {

		blackbox evaluations : 7
		best feas. solution  : ( 422  0 ) h=0 f=0.0033747053146399997973
		best infeas. solution: none
		poll center          : ( 422  0 )
		mesh size            : (  1  1 )
		poll size            : (  4  4 )
		mesh index           : -2
		h_max                : inf

		MADS search {

			speculative search {

			} end of speculative search (unsuccessful)

		} end of search

		MADS poll {

			poll center: ( 422  0 )

			poll directions (include mesh size parameter) {
				dir 0 : (  0 -4 ) Ortho-MADS 2n
				dir 1 : (  0  4 ) Ortho-MADS 2n
			} 

			re-ordered list of 2 poll trial points {
				#84 : ( 422 -4 ) (dir 0)
				#85 : ( 422  4 ) (dir 1)
			} 

			list of points evaluation (poll) {

				surrogate evaluation 1/2 {

					point #84 ( 422 -4 )
					direction  : (  0 -4 ) Ortho-MADS 2n
					mesh index : -2


					point #84 sgte eval: failed
				} 

				surrogate evaluation 2/2 {

					point #85 ( 422  4 )
					direction  : (  0  4 ) Ortho-MADS 2n
					mesh index : -2


					point #85 sgte eval: failed
				} 

			} end of evaluations

			re-ordered list of 2 poll trial points {

				#86: ( 422 -4 ) (dir 0)
				#87: ( 422  4 ) (dir 1)
			} 

			list of points evaluation (poll) {

				evaluation 1/2 {

					point #86 ( 422 -4 )
					direction  : (  0 -4 ) Ortho-MADS 2n
					mesh index : -2

					poll unsuccessful point #86: evaluation failed
				} 

				evaluation 2/2 {

					point #87 ( 422  4 )
					direction  : (  0  4 ) Ortho-MADS 2n
					mesh index : -2

					poll unsuccessful point #87: evaluation failed
				} 

			} end of evaluations


			MADS extended poll {


				extended poll pts sorting (on surrogates) {


					list of points evaluation (extended poll) {

						surrogate evaluation 1/11 {

							point #88 ( 522  0 )
							mesh index : -2


							point #88 sgte eval: h=0 f=0.0043308734893799999063
						} 

						surrogate evaluation 2/11 {

							point #89 (  2  0 )
							mesh index : -2


							point #89 sgte eval: h=0 f=0.0042331218719500003297
						} 

						surrogate evaluation 3/11 {

							point #90 (  2  0 )
							mesh index : -2

							surrogate cache hit: #90 --> #89

							point #89 sgte eval: h=0 f=0.0042331218719500003297
						} 

						surrogate evaluation 4/11 {

							point #91 ( 402  0 )
							mesh index : -2


							point #91 sgte eval: h=0 f=0.012254953384400000399
						} 

						surrogate evaluation 5/11 {

							point #92 ( 432  0 )
							mesh index : -2


							point #92 sgte eval: h=0 f=0.0038888454437299999414
						} 

						surrogate evaluation 6/11 {

							point #93 ( 44032  0 )
							mesh index : -2


							point #93 sgte eval: h=0 f=0.0058989524841299998195
						} 

						surrogate evaluation 7/11 {

							point #94 ( 45032  0 )
							mesh index : -2


							point #94 sgte eval: h=0 f=0.0061938762664799995941
						} 

						surrogate evaluation 8/11 {

							point #95 ( 420  0 )
							mesh index : -2


							point #95 sgte eval: h=0 f=0.012698888778700000504
						} 

						surrogate evaluation 9/11 {

							point #96 ( 423  0 )
							mesh index : -2


							point #96 sgte eval: h=0 f=0.0039010047912599998127
						} 

						surrogate evaluation 10/11 {

							point #97 ( 42403  0 )
							mesh index : -2


							point #97 sgte eval: h=0 f=0.0058090686798099996566
						} 

						surrogate evaluation 11/11 {

							point #98 ( 42503  0 )
							mesh index : -2


							point #98 sgte eval: h=0 f=0.0038819313049300000103
						} 

					} end of evaluations


					sorted ext poll pts {

						point # 1/10 : ( 42503     0 )
						point # 2/10 : (   432     0 )
						point # 3/10 : (   423     0 )
						point # 4/10 : (     2     0 )
						point # 5/10 : (   522     0 )
						point # 6/10 : ( 42403     0 )
						point # 7/10 : ( 44032     0 )
						point # 8/10 : ( 45032     0 )
						point # 9/10 : (   402     0 )
						point #10/10 : (   420     0 )

					} 


				} end of ext poll pts sorting (on surrogates)


				extended poll point eval {

					extended poll point = ( 42503     0 )

					list of points evaluation (extended poll) {

						evaluation 1/1 {

							point #99 ( 42503  0 )
							mesh index : -2

							extended poll unsuccessful point #99 [ h=0 f=0.0068933391570999997394 ]
						} 

					} end of evaluations


				} 


				extended poll center: ( 42503     0 )

				perform extended poll descent ...... no

				extended poll point eval {

					extended poll point = (   432     0 )

					list of points evaluation (extended poll) {

						evaluation 1/1 {

							point #100 ( 432  0 )
							mesh index : -2

							extended poll unsuccessful point #100 [ h=0 f=0.0040727233886700001456 ]
						} 

					} end of evaluations


				} 


				extended poll center: (   432     0 )

				perform extended poll descent ...... no

				extended poll point eval {

					extended poll point = (   423     0 )

					list of points evaluation (extended poll) {

						evaluation 1/1 {

							point #101 ( 423  0 )
							mesh index : -2

							extended poll unsuccessful point #101 [ h=0 f=0.0041195726394699996864 ]
						} 

					} end of evaluations


				} 


				extended poll center: (   423     0 )

				perform extended poll descent ...... no

				extended poll point eval {

					extended poll point = (     2     0 )

					list of points evaluation (extended poll) {

						evaluation 1/1 {

							point #102 (  2  0 )
							mesh index : -2

							extended poll unsuccessful point #102 [ h=0 f=0.0042799282073999996359 ]
						} 

					} end of evaluations


				} 


				extended poll center: (     2     0 )

				perform extended poll descent ...... no

				extended poll point eval {

					extended poll point = (   522     0 )

					list of points evaluation (extended poll) {

						evaluation 1/1 {

							point #103 ( 522  0 )
							mesh index : -2

							extended poll unsuccessful point #103 [ h=0 f=0.0042849969863900001787 ]
						} 

					} end of evaluations


				} 


				extended poll center: (   522     0 )

				perform extended poll descent ...... no

				extended poll point eval {

					extended poll point = ( 42403     0 )

					list of points evaluation (extended poll) {

						evaluation 1/1 {

							point #104 ( 42403  0 )
							mesh index : -2

							extended poll unsuccessful point #104 [ h=0 f=0.0057707357406600002722 ]
						} 

					} end of evaluations


				} 


				extended poll center: ( 42403     0 )

				perform extended poll descent ...... no

				extended poll point eval {

					extended poll point = ( 44032     0 )

					list of points evaluation (extended poll) {

						evaluation 1/1 {

							point #105 ( 44032  0 )
							mesh index : -2

							extended poll unsuccessful point #105 [ h=0 f=0.0061007165908800002618 ]
						} 

					} end of evaluations


				} 


				extended poll center: ( 44032     0 )

				perform extended poll descent ...... no

				extended poll point eval {

					extended poll point = ( 45032     0 )

					list of points evaluation (extended poll) {

						evaluation 1/1 {

							point #106 ( 45032  0 )
							mesh index : -2

							extended poll unsuccessful point #106 [ h=0 f=0.0069698572158799999496 ]
						} 

					} end of evaluations


				} 


				extended poll center: ( 45032     0 )

				perform extended poll descent ...... no

				extended poll point eval {

					extended poll point = (   402     0 )

					list of points evaluation (extended poll) {

						evaluation 1/1 {

							point #107 ( 402  0 )
							mesh index : -2

							extended poll unsuccessful point #107 [ h=0 f=0.012614612579299999337 ]
						} 

					} end of evaluations


				} 


				extended poll center: (   402     0 )

				perform extended poll descent ...... no

				extended poll point eval {

					extended poll point = (   420     0 )

					list of points evaluation (extended poll) {

						evaluation 1/1 {

							point #108 ( 420  0 )
							mesh index : -2

							extended poll unsuccessful point #108 [ h=0 f=0.012470741271999999378 ]
						} 

					} end of evaluations


				} 


				extended poll center: (   420     0 )

				perform extended poll descent ...... no

			} end of extended poll

		} end of poll

		Mesh update {
			previous mesh index: -2
			new mesh index     : -1
		} 


		terminate MADS       : no
		iteration status     : unsuccessful
		new feas. incumbent  : none
		new infeas. incumbent: none

	} end of iteration 2

	MADS iteration 3 {

		blackbox evaluations : 19
		best feas. solution  : ( 422  0 ) h=0 f=0.0033747053146399997973
		best infeas. solution: none
		poll center          : ( 422  0 )
		mesh size            : (  1  1 )
		poll size            : (  2  2 )
		mesh index           : -1
		h_max                : inf

		MADS search {
		} end of search

		MADS poll {

			poll center: ( 422  0 )

			poll directions (include mesh size parameter) {
				dir 0 : (  0 -1 ) Ortho-MADS 2n
				dir 1 : (  0  1 ) Ortho-MADS 2n
			} 

			re-ordered list of 2 poll trial points {
				#109 : ( 422 -1 ) (dir 0)
				#110 : ( 422  1 ) (dir 1)
			} 

			list of points evaluation (poll) {

				surrogate evaluation 1/2 {

					point #109 ( 422 -1 )
					direction  : (  0 -1 ) Ortho-MADS 2n
					mesh index : -1


					point #109 sgte eval: failed
				} 

				surrogate evaluation 2/2 {

					point #110 ( 422  1 )
					direction  : (  0  1 ) Ortho-MADS 2n
					mesh index : -1


					point #110 sgte eval: failed
				} 

			} end of evaluations

			re-ordered list of 2 poll trial points {

				#111: ( 422 -1 ) (dir 0)
				#112: ( 422  1 ) (dir 1)
			} 

			list of points evaluation (poll) {

				evaluation 1/2 {

					point #111 ( 422 -1 )
					direction  : (  0 -1 ) Ortho-MADS 2n
					mesh index : -1

					poll unsuccessful point #111: evaluation failed
				} 

				evaluation 2/2 {

					point #112 ( 422  1 )
					direction  : (  0  1 ) Ortho-MADS 2n
					mesh index : -1

					poll unsuccessful point #112: evaluation failed
				} 

			} end of evaluations


			MADS extended poll {


				extended poll pts sorting (on surrogates) {


					list of points evaluation (extended poll) {

						surrogate evaluation 1/11 {

							point #113 ( 522  0 )
							mesh index : -1

							surrogate cache hit: #113 --> #88

							point #88 sgte eval: h=0 f=0.0043308734893799999063
						} 

						surrogate evaluation 2/11 {

							point #114 (  2  0 )
							mesh index : -1

							surrogate cache hit: #114 --> #89

							point #89 sgte eval: h=0 f=0.0042331218719500003297
						} 

						surrogate evaluation 3/11 {

							point #115 (  2  0 )
							mesh index : -1

							surrogate cache hit: #115 --> #89

							point #89 sgte eval: h=0 f=0.0042331218719500003297
						} 

						surrogate evaluation 4/11 {

							point #116 ( 402  0 )
							mesh index : -1

							surrogate cache hit: #116 --> #91

							point #91 sgte eval: h=0 f=0.012254953384400000399
						} 

						surrogate evaluation 5/11 {

							point #117 ( 432  0 )
							mesh index : -1

							surrogate cache hit: #117 --> #92

							point #92 sgte eval: h=0 f=0.0038888454437299999414
						} 

						surrogate evaluation 6/11 {

							point #118 ( 44032  0 )
							mesh index : -1

							surrogate cache hit: #118 --> #93

							point #93 sgte eval: h=0 f=0.0058989524841299998195
						} 

						surrogate evaluation 7/11 {

							point #119 ( 45032  0 )
							mesh index : -1

							surrogate cache hit: #119 --> #94

							point #94 sgte eval: h=0 f=0.0061938762664799995941
						} 

						surrogate evaluation 8/11 {

							point #120 ( 420  0 )
							mesh index : -1

							surrogate cache hit: #120 --> #95

							point #95 sgte eval: h=0 f=0.012698888778700000504
						} 

						surrogate evaluation 9/11 {

							point #121 ( 423  0 )
							mesh index : -1

							surrogate cache hit: #121 --> #96

							point #96 sgte eval: h=0 f=0.0039010047912599998127
						} 

						surrogate evaluation 10/11 {

							point #122 ( 42403  0 )
							mesh index : -1

							surrogate cache hit: #122 --> #97

							point #97 sgte eval: h=0 f=0.0058090686798099996566
						} 

						surrogate evaluation 11/11 {

							point #123 ( 42503  0 )
							mesh index : -1

							surrogate cache hit: #123 --> #98

							point #98 sgte eval: h=0 f=0.0038819313049300000103
						} 

					} end of evaluations


					sorted ext poll pts {

						point # 1/10 : ( 42503     0 )
						point # 2/10 : (   432     0 )
						point # 3/10 : (   423     0 )
						point # 4/10 : (     2     0 )
						point # 5/10 : (   522     0 )
						point # 6/10 : ( 42403     0 )
						point # 7/10 : ( 44032     0 )
						point # 8/10 : ( 45032     0 )
						point # 9/10 : (   402     0 )
						point #10/10 : (   420     0 )

					} 


				} end of ext poll pts sorting (on surrogates)


				extended poll point eval {

					extended poll point = ( 42503     0 )

					list of points evaluation (extended poll) {

						evaluation 1/1 {

							point #124 ( 42503  0 )
							mesh index : -1

							cache hit: #124 --> #99
							extended poll unsuccessful point #99 [ h=0 f=0.0068933391570999997394 ]
						} 

					} end of evaluations


				} 


				extended poll center: ( 42503     0 )

				perform extended poll descent ...... no

				extended poll point eval {

					extended poll point = (   432     0 )

					list of points evaluation (extended poll) {

						evaluation 1/1 {

							point #125 ( 432  0 )
							mesh index : -1

							cache hit: #125 --> #100
							extended poll unsuccessful point #100 [ h=0 f=0.0040727233886700001456 ]
						} 

					} end of evaluations


				} 


				extended poll center: (   432     0 )

				perform extended poll descent ...... no

				extended poll point eval {

					extended poll point = (   423     0 )

					list of points evaluation (extended poll) {

						evaluation 1/1 {

							point #126 ( 423  0 )
							mesh index : -1

							cache hit: #126 --> #101
							extended poll unsuccessful point #101 [ h=0 f=0.0041195726394699996864 ]
						} 

					} end of evaluations


				} 


				extended poll center: (   423     0 )

				perform extended poll descent ...... no

				extended poll point eval {

					extended poll point = (     2     0 )

					list of points evaluation (extended poll) {

						evaluation 1/1 {

							point #127 (  2  0 )
							mesh index : -1

							cache hit: #127 --> #102
							extended poll unsuccessful point #102 [ h=0 f=0.0042799282073999996359 ]
						} 

					} end of evaluations


				} 


				extended poll center: (     2     0 )

				perform extended poll descent ...... no

				extended poll point eval {

					extended poll point = (   522     0 )

					list of points evaluation (extended poll) {

						evaluation 1/1 {

							point #128 ( 522  0 )
							mesh index : -1

							cache hit: #128 --> #103
							extended poll unsuccessful point #103 [ h=0 f=0.0042849969863900001787 ]
						} 

					} end of evaluations


				} 


				extended poll center: (   522     0 )

				perform extended poll descent ...... no

				extended poll point eval {

					extended poll point = ( 42403     0 )

					list of points evaluation (extended poll) {

						evaluation 1/1 {

							point #129 ( 42403  0 )
							mesh index : -1

							cache hit: #129 --> #104
							extended poll unsuccessful point #104 [ h=0 f=0.0057707357406600002722 ]
						} 

					} end of evaluations


				} 


				extended poll center: ( 42403     0 )

				perform extended poll descent ...... no

				extended poll point eval {

					extended poll point = ( 44032     0 )

					list of points evaluation (extended poll) {

						evaluation 1/1 {

							point #130 ( 44032  0 )
							mesh index : -1

							cache hit: #130 --> #105
							extended poll unsuccessful point #105 [ h=0 f=0.0061007165908800002618 ]
						} 

					} end of evaluations


				} 


				extended poll center: ( 44032     0 )

				perform extended poll descent ...... no

				extended poll point eval {

					extended poll point = ( 45032     0 )

					list of points evaluation (extended poll) {

						evaluation 1/1 {

							point #131 ( 45032  0 )
							mesh index : -1

							cache hit: #131 --> #106
							extended poll unsuccessful point #106 [ h=0 f=0.0069698572158799999496 ]
						} 

					} end of evaluations


				} 


				extended poll center: ( 45032     0 )

				perform extended poll descent ...... no

				extended poll point eval {

					extended poll point = (   402     0 )

					list of points evaluation (extended poll) {

						evaluation 1/1 {

							point #132 ( 402  0 )
							mesh index : -1

							cache hit: #132 --> #107
							extended poll unsuccessful point #107 [ h=0 f=0.012614612579299999337 ]
						} 

					} end of evaluations


				} 


				extended poll center: (   402     0 )

				perform extended poll descent ...... no

				extended poll point eval {

					extended poll point = (   420     0 )

					list of points evaluation (extended poll) {

						evaluation 1/1 {

							point #133 ( 420  0 )
							mesh index : -1

							cache hit: #133 --> #108
							extended poll unsuccessful point #108 [ h=0 f=0.012470741271999999378 ]
						} 

					} end of evaluations


				} 


				extended poll center: (   420     0 )

				perform extended poll descent ...... no

			} end of extended poll

		} end of poll

		Mesh update {
			previous mesh index: -1
			new mesh index     : 0
		} 


		terminate MADS       : no
		iteration status     : unsuccessful
		new feas. incumbent  : none
		new infeas. incumbent: none

	} end of iteration 3

	MADS iteration 4 {

		blackbox evaluations : 21
		best feas. solution  : ( 422  0 ) h=0 f=0.0033747053146399997973
		best infeas. solution: none
		poll center          : ( 422  0 )
		mesh size            : (  1  1 )
		poll size            : (  1  1 )
		mesh index           : 0
		h_max                : inf

		MADS search {
		} end of search

		MADS poll {

			poll center: ( 422  0 )

			poll directions (include mesh size parameter) {
				dir 0 : (  0 -1 ) Ortho-MADS 2n
				dir 1 : (  0  1 ) Ortho-MADS 2n
			} 

			re-ordered list of 2 poll trial points {
				#134 : ( 422 -1 ) (dir 0)
				#135 : ( 422  1 ) (dir 1)
			} 

			list of points evaluation (poll) {

				surrogate evaluation 1/2 {

					point #134 ( 422 -1 )
					direction  : (  0 -1 ) Ortho-MADS 2n
					mesh index : 0

					surrogate cache hit: #134 --> #109

					point #109 sgte eval: failed
				} 

				surrogate evaluation 2/2 {

					point #135 ( 422  1 )
					direction  : (  0  1 ) Ortho-MADS 2n
					mesh index : 0

					surrogate cache hit: #135 --> #110

					point #110 sgte eval: failed
				} 

			} end of evaluations

			re-ordered list of 2 poll trial points {

				#136: ( 422 -1 ) (dir 0)
				#137: ( 422  1 ) (dir 1)
			} 

			list of points evaluation (poll) {

				evaluation 1/2 {

					point #136 ( 422 -1 )
					direction  : (  0 -1 ) Ortho-MADS 2n
					mesh index : -1

					cache hit: #136 --> #111
					poll unsuccessful point #111: evaluation failed
				} 

				evaluation 2/2 {

					point #137 ( 422  1 )
					direction  : (  0  1 ) Ortho-MADS 2n
					mesh index : -1

					cache hit: #137 --> #112
					poll unsuccessful point #112: evaluation failed
				} 

			} end of evaluations


			MADS extended poll {


				extended poll pts sorting (on surrogates) {


					list of points evaluation (extended poll) {

						surrogate evaluation 1/11 {

							point #138 ( 522  0 )
							mesh index : 0

							surrogate cache hit: #138 --> #88

							point #88 sgte eval: h=0 f=0.0043308734893799999063
						} 

						surrogate evaluation 2/11 {

							point #139 (  2  0 )
							mesh index : 0

							surrogate cache hit: #139 --> #89

							point #89 sgte eval: h=0 f=0.0042331218719500003297
						} 

						surrogate evaluation 3/11 {

							point #140 (  2  0 )
							mesh index : 0

							surrogate cache hit: #140 --> #89

							point #89 sgte eval: h=0 f=0.0042331218719500003297
						} 

						surrogate evaluation 4/11 {

							point #141 ( 402  0 )
							mesh index : 0

							surrogate cache hit: #141 --> #91

							point #91 sgte eval: h=0 f=0.012254953384400000399
						} 

						surrogate evaluation 5/11 {

							point #142 ( 432  0 )
							mesh index : 0

							surrogate cache hit: #142 --> #92

							point #92 sgte eval: h=0 f=0.0038888454437299999414
						} 

						surrogate evaluation 6/11 {

							point #143 ( 44032  0 )
							mesh index : 0

							surrogate cache hit: #143 --> #93

							point #93 sgte eval: h=0 f=0.0058989524841299998195
						} 

						surrogate evaluation 7/11 {

							point #144 ( 45032  0 )
							mesh index : 0

							surrogate cache hit: #144 --> #94

							point #94 sgte eval: h=0 f=0.0061938762664799995941
						} 

						surrogate evaluation 8/11 {

							point #145 ( 420  0 )
							mesh index : 0

							surrogate cache hit: #145 --> #95

							point #95 sgte eval: h=0 f=0.012698888778700000504
						} 

						surrogate evaluation 9/11 {

							point #146 ( 423  0 )
							mesh index : 0

							surrogate cache hit: #146 --> #96

							point #96 sgte eval: h=0 f=0.0039010047912599998127
						} 

						surrogate evaluation 10/11 {

							point #147 ( 42403  0 )
							mesh index : 0

							surrogate cache hit: #147 --> #97

							point #97 sgte eval: h=0 f=0.0058090686798099996566
						} 

						surrogate evaluation 11/11 {

							point #148 ( 42503  0 )
							mesh index : 0

							surrogate cache hit: #148 --> #98

							point #98 sgte eval: h=0 f=0.0038819313049300000103
						} 

					} end of evaluations


					sorted ext poll pts {

						point # 1/10 : ( 42503     0 )
						point # 2/10 : (   432     0 )
						point # 3/10 : (   423     0 )
						point # 4/10 : (     2     0 )
						point # 5/10 : (   522     0 )
						point # 6/10 : ( 42403     0 )
						point # 7/10 : ( 44032     0 )
						point # 8/10 : ( 45032     0 )
						point # 9/10 : (   402     0 )
						point #10/10 : (   420     0 )

					} 


				} end of ext poll pts sorting (on surrogates)


				extended poll point eval {

					extended poll point = ( 42503     0 )

					list of points evaluation (extended poll) {

						evaluation 1/1 {

							point #149 ( 42503  0 )
							mesh index : 0

							cache hit: #149 --> #99
							extended poll unsuccessful point #99 [ h=0 f=0.0068933391570999997394 ]
						} 

					} end of evaluations


				} 


				extended poll center: ( 42503     0 )

				perform extended poll descent ...... no

				extended poll point eval {

					extended poll point = (   432     0 )

					list of points evaluation (extended poll) {

						evaluation 1/1 {

							point #150 ( 432  0 )
							mesh index : 0

							cache hit: #150 --> #100
							extended poll unsuccessful point #100 [ h=0 f=0.0040727233886700001456 ]
						} 

					} end of evaluations


				} 


				extended poll center: (   432     0 )

				perform extended poll descent ...... no

				extended poll point eval {

					extended poll point = (   423     0 )

					list of points evaluation (extended poll) {

						evaluation 1/1 {

							point #151 ( 423  0 )
							mesh index : 0

							cache hit: #151 --> #101
							extended poll unsuccessful point #101 [ h=0 f=0.0041195726394699996864 ]
						} 

					} end of evaluations


				} 


				extended poll center: (   423     0 )

				perform extended poll descent ...... no

				extended poll point eval {

					extended poll point = (     2     0 )

					list of points evaluation (extended poll) {

						evaluation 1/1 {

							point #152 (  2  0 )
							mesh index : 0

							cache hit: #152 --> #102
							extended poll unsuccessful point #102 [ h=0 f=0.0042799282073999996359 ]
						} 

					} end of evaluations


				} 


				extended poll center: (     2     0 )

				perform extended poll descent ...... no

				extended poll point eval {

					extended poll point = (   522     0 )

					list of points evaluation (extended poll) {

						evaluation 1/1 {

							point #153 ( 522  0 )
							mesh index : 0

							cache hit: #153 --> #103
							extended poll unsuccessful point #103 [ h=0 f=0.0042849969863900001787 ]
						} 

					} end of evaluations


				} 


				extended poll center: (   522     0 )

				perform extended poll descent ...... no

				extended poll point eval {

					extended poll point = ( 42403     0 )

					list of points evaluation (extended poll) {

						evaluation 1/1 {

							point #154 ( 42403  0 )
							mesh index : 0

							cache hit: #154 --> #104
							extended poll unsuccessful point #104 [ h=0 f=0.0057707357406600002722 ]
						} 

					} end of evaluations


				} 


				extended poll center: ( 42403     0 )

				perform extended poll descent ...... no

				extended poll point eval {

					extended poll point = ( 44032     0 )

					list of points evaluation (extended poll) {

						evaluation 1/1 {

							point #155 ( 44032  0 )
							mesh index : 0

							cache hit: #155 --> #105
							extended poll unsuccessful point #105 [ h=0 f=0.0061007165908800002618 ]
						} 

					} end of evaluations


				} 


				extended poll center: ( 44032     0 )

				perform extended poll descent ...... no

				extended poll point eval {

					extended poll point = ( 45032     0 )

					list of points evaluation (extended poll) {

						evaluation 1/1 {

							point #156 ( 45032  0 )
							mesh index : 0

							cache hit: #156 --> #106
							extended poll unsuccessful point #106 [ h=0 f=0.0069698572158799999496 ]
						} 

					} end of evaluations


				} 


				extended poll center: ( 45032     0 )

				perform extended poll descent ...... no

				extended poll point eval {

					extended poll point = (   402     0 )

					list of points evaluation (extended poll) {

						evaluation 1/1 {

							point #157 ( 402  0 )
							mesh index : 0

							cache hit: #157 --> #107
							extended poll unsuccessful point #107 [ h=0 f=0.012614612579299999337 ]
						} 

					} end of evaluations


				} 


				extended poll center: (   402     0 )

				perform extended poll descent ...... no

				extended poll point eval {

					extended poll point = (   420     0 )

					list of points evaluation (extended poll) {

						evaluation 1/1 {

							point #158 ( 420  0 )
							mesh index : 0

							cache hit: #158 --> #108
							extended poll unsuccessful point #108 [ h=0 f=0.012470741271999999378 ]
						} 

					} end of evaluations


				} 


				extended poll center: (   420     0 )

				perform extended poll descent ...... no

			} end of extended poll

		} end of poll

		Mesh update {
			previous mesh index: 0
			new mesh index     : 1
		} 


		terminate MADS       : no
		iteration status     : unsuccessful
		new feas. incumbent  : none
		new infeas. incumbent: none

	} end of iteration 4

	MADS iteration 5 {

		blackbox evaluations : 21
		best feas. solution  : ( 422  0 ) h=0 f=0.0033747053146399997973
		best infeas. solution: none
		poll center          : ( 422  0 )
		mesh size            : ( 0.25 0.25 )
		poll size            : ( 0.5 0.5 )
		mesh index           : 1
		h_max                : inf

		MADS search {
		} end of search

		MADS poll {

			poll center: ( 422  0 )

			poll directions (include mesh size parameter) {
				dir 0 : (  0 -1 ) Ortho-MADS 2n
				dir 1 : (  0  1 ) Ortho-MADS 2n
			} 

			re-ordered list of 2 poll trial points {
				#159 : ( 422 -1 ) (dir 0)
				#160 : ( 422  1 ) (dir 1)
			} 

			list of points evaluation (poll) {

				surrogate evaluation 1/2 {

					point #159 ( 422 -1 )
					direction  : (  0 -1 ) Ortho-MADS 2n
					mesh index : 1

					surrogate cache hit: #159 --> #109

					point #109 sgte eval: failed
				} 

				surrogate evaluation 2/2 {

					point #160 ( 422  1 )
					direction  : (  0  1 ) Ortho-MADS 2n
					mesh index : 1

					surrogate cache hit: #160 --> #110

					point #110 sgte eval: failed
				} 

			} end of evaluations

			re-ordered list of 2 poll trial points {

				#161: ( 422 -1 ) (dir 0)
				#162: ( 422  1 ) (dir 1)
			} 

			list of points evaluation (poll) {

				evaluation 1/2 {

					point #161 ( 422 -1 )
					direction  : (  0 -1 ) Ortho-MADS 2n
					mesh index : -1

					cache hit: #161 --> #111
					poll unsuccessful point #111: evaluation failed
				} 

				evaluation 2/2 {

					point #162 ( 422  1 )
					direction  : (  0  1 ) Ortho-MADS 2n
					mesh index : -1

					cache hit: #162 --> #112
					poll unsuccessful point #112: evaluation failed
				} 

			} end of evaluations


			MADS extended poll {


				extended poll pts sorting (on surrogates) {


					list of points evaluation (extended poll) {

						surrogate evaluation 1/11 {

							point #163 ( 522  0 )
							mesh index : 1

							surrogate cache hit: #163 --> #88

							point #88 sgte eval: h=0 f=0.0043308734893799999063
						} 

						surrogate evaluation 2/11 {

							point #164 (  2  0 )
							mesh index : 1

							surrogate cache hit: #164 --> #89

							point #89 sgte eval: h=0 f=0.0042331218719500003297
						} 

						surrogate evaluation 3/11 {

							point #165 (  2  0 )
							mesh index : 1

							surrogate cache hit: #165 --> #89

							point #89 sgte eval: h=0 f=0.0042331218719500003297
						} 

						surrogate evaluation 4/11 {

							point #166 ( 402  0 )
							mesh index : 1

							surrogate cache hit: #166 --> #91

							point #91 sgte eval: h=0 f=0.012254953384400000399
						} 

						surrogate evaluation 5/11 {

							point #167 ( 432  0 )
							mesh index : 1

							surrogate cache hit: #167 --> #92

							point #92 sgte eval: h=0 f=0.0038888454437299999414
						} 

						surrogate evaluation 6/11 {

							point #168 ( 44032  0 )
							mesh index : 1

							surrogate cache hit: #168 --> #93

							point #93 sgte eval: h=0 f=0.0058989524841299998195
						} 

						surrogate evaluation 7/11 {

							point #169 ( 45032  0 )
							mesh index : 1

							surrogate cache hit: #169 --> #94

							point #94 sgte eval: h=0 f=0.0061938762664799995941
						} 

						surrogate evaluation 8/11 {

							point #170 ( 420  0 )
							mesh index : 1

							surrogate cache hit: #170 --> #95

							point #95 sgte eval: h=0 f=0.012698888778700000504
						} 

						surrogate evaluation 9/11 {

							point #171 ( 423  0 )
							mesh index : 1

							surrogate cache hit: #171 --> #96

							point #96 sgte eval: h=0 f=0.0039010047912599998127
						} 

						surrogate evaluation 10/11 {

							point #172 ( 42403  0 )
							mesh index : 1

							surrogate cache hit: #172 --> #97

							point #97 sgte eval: h=0 f=0.0058090686798099996566
						} 

						surrogate evaluation 11/11 {

							point #173 ( 42503  0 )
							mesh index : 1

							surrogate cache hit: #173 --> #98

							point #98 sgte eval: h=0 f=0.0038819313049300000103
						} 

					} end of evaluations


					sorted ext poll pts {

						point # 1/10 : ( 42503     0 )
						point # 2/10 : (   432     0 )
						point # 3/10 : (   423     0 )
						point # 4/10 : (     2     0 )
						point # 5/10 : (   522     0 )
						point # 6/10 : ( 42403     0 )
						point # 7/10 : ( 44032     0 )
						point # 8/10 : ( 45032     0 )
						point # 9/10 : (   402     0 )
						point #10/10 : (   420     0 )

					} 


				} end of ext poll pts sorting (on surrogates)


				extended poll point eval {

					extended poll point = ( 42503     0 )

					list of points evaluation (extended poll) {

						evaluation 1/1 {

							point #174 ( 42503  0 )
							mesh index : 1

							cache hit: #174 --> #99
							extended poll unsuccessful point #99 [ h=0 f=0.0068933391570999997394 ]
						} 

					} end of evaluations


				} 


				extended poll center: ( 42503     0 )

				perform extended poll descent ...... no

				extended poll point eval {

					extended poll point = (   432     0 )

					list of points evaluation (extended poll) {

						evaluation 1/1 {

							point #175 ( 432  0 )
							mesh index : 1

							cache hit: #175 --> #100
							extended poll unsuccessful point #100 [ h=0 f=0.0040727233886700001456 ]
						} 

					} end of evaluations


				} 


				extended poll center: (   432     0 )

				perform extended poll descent ...... no

				extended poll point eval {

					extended poll point = (   423     0 )

					list of points evaluation (extended poll) {

						evaluation 1/1 {

							point #176 ( 423  0 )
							mesh index : 1

							cache hit: #176 --> #101
							extended poll unsuccessful point #101 [ h=0 f=0.0041195726394699996864 ]
						} 

					} end of evaluations


				} 


				extended poll center: (   423     0 )

				perform extended poll descent ...... no

				extended poll point eval {

					extended poll point = (     2     0 )

					list of points evaluation (extended poll) {

						evaluation 1/1 {

							point #177 (  2  0 )
							mesh index : 1

							cache hit: #177 --> #102
							extended poll unsuccessful point #102 [ h=0 f=0.0042799282073999996359 ]
						} 

					} end of evaluations


				} 


				extended poll center: (     2     0 )

				perform extended poll descent ...... no

				extended poll point eval {

					extended poll point = (   522     0 )

					list of points evaluation (extended poll) {

						evaluation 1/1 {

							point #178 ( 522  0 )
							mesh index : 1

							cache hit: #178 --> #103
							extended poll unsuccessful point #103 [ h=0 f=0.0042849969863900001787 ]
						} 

					} end of evaluations


				} 


				extended poll center: (   522     0 )

				perform extended poll descent ...... no

				extended poll point eval {

					extended poll point = ( 42403     0 )

					list of points evaluation (extended poll) {

						evaluation 1/1 {

							point #179 ( 42403  0 )
							mesh index : 1

							cache hit: #179 --> #104
							extended poll unsuccessful point #104 [ h=0 f=0.0057707357406600002722 ]
						} 

					} end of evaluations


				} 


				extended poll center: ( 42403     0 )

				perform extended poll descent ...... no

				extended poll point eval {

					extended poll point = ( 44032     0 )

					list of points evaluation (extended poll) {

						evaluation 1/1 {

							point #180 ( 44032  0 )
							mesh index : 1

							cache hit: #180 --> #105
							extended poll unsuccessful point #105 [ h=0 f=0.0061007165908800002618 ]
						} 

					} end of evaluations


				} 


				extended poll center: ( 44032     0 )

				perform extended poll descent ...... no

				extended poll point eval {

					extended poll point = ( 45032     0 )

					list of points evaluation (extended poll) {

						evaluation 1/1 {

							point #181 ( 45032  0 )
							mesh index : 1

							cache hit: #181 --> #106
							extended poll unsuccessful point #106 [ h=0 f=0.0069698572158799999496 ]
						} 

					} end of evaluations


				} 


				extended poll center: ( 45032     0 )

				perform extended poll descent ...... no

				extended poll point eval {

					extended poll point = (   402     0 )

					list of points evaluation (extended poll) {

						evaluation 1/1 {

							point #182 ( 402  0 )
							mesh index : 1

							cache hit: #182 --> #107
							extended poll unsuccessful point #107 [ h=0 f=0.012614612579299999337 ]
						} 

					} end of evaluations


				} 


				extended poll center: (   402     0 )

				perform extended poll descent ...... no

				extended poll point eval {

					extended poll point = (   420     0 )

					list of points evaluation (extended poll) {

						evaluation 1/1 {

							point #183 ( 420  0 )
							mesh index : 1

							cache hit: #183 --> #108
							extended poll unsuccessful point #108 [ h=0 f=0.012470741271999999378 ]
						} 

					} end of evaluations


				} 


				extended poll center: (   420     0 )

				perform extended poll descent ...... no

			} end of extended poll

		} end of poll

		Mesh update {
			previous mesh index: 1
			new mesh index     : 2
		} 


		terminate MADS       : no
		iteration status     : unsuccessful
		new feas. incumbent  : none
		new infeas. incumbent: none

	} end of iteration 5

	MADS iteration 6 {

		blackbox evaluations : 21
		best feas. solution  : ( 422  0 ) h=0 f=0.0033747053146399997973
		best infeas. solution: none
		poll center          : ( 422  0 )
		mesh size            : ( 0.0625 0.0625 )
		poll size            : ( 0.25 0.25 )
		mesh index           : 2
		h_max                : inf

		MADS search {
		} end of search

		MADS poll {

			poll center: ( 422  0 )

			poll directions (include mesh size parameter) {
				dir 0 : (  0 -1 ) Ortho-MADS 2n
				dir 1 : (  0  1 ) Ortho-MADS 2n
			} 

			re-ordered list of 2 poll trial points {
				#184 : ( 422 -1 ) (dir 0)
				#185 : ( 422  1 ) (dir 1)
			} 

			list of points evaluation (poll) {

				surrogate evaluation 1/2 {

					point #184 ( 422 -1 )
					direction  : (  0 -1 ) Ortho-MADS 2n
					mesh index : 2

					surrogate cache hit: #184 --> #109

					point #109 sgte eval: failed
				} 

				surrogate evaluation 2/2 {

					point #185 ( 422  1 )
					direction  : (  0  1 ) Ortho-MADS 2n
					mesh index : 2

					surrogate cache hit: #185 --> #110

					point #110 sgte eval: failed
				} 

			} end of evaluations

			re-ordered list of 2 poll trial points {

				#186: ( 422 -1 ) (dir 0)
				#187: ( 422  1 ) (dir 1)
			} 

			list of points evaluation (poll) {

				evaluation 1/2 {

					point #186 ( 422 -1 )
					direction  : (  0 -1 ) Ortho-MADS 2n
					mesh index : -1

					cache hit: #186 --> #111
					poll unsuccessful point #111: evaluation failed
				} 

				evaluation 2/2 {

					point #187 ( 422  1 )
					direction  : (  0  1 ) Ortho-MADS 2n
					mesh index : -1

					cache hit: #187 --> #112
					poll unsuccessful point #112: evaluation failed
				} 

			} end of evaluations


			MADS extended poll {


				extended poll pts sorting (on surrogates) {


					list of points evaluation (extended poll) {

						surrogate evaluation 1/11 {

							point #188 ( 522  0 )
							mesh index : 2

							surrogate cache hit: #188 --> #88

							point #88 sgte eval: h=0 f=0.0043308734893799999063
						} 

						surrogate evaluation 2/11 {

							point #189 (  2  0 )
							mesh index : 2

							surrogate cache hit: #189 --> #89

							point #89 sgte eval: h=0 f=0.0042331218719500003297
						} 

						surrogate evaluation 3/11 {

							point #190 (  2  0 )
							mesh index : 2

							surrogate cache hit: #190 --> #89

							point #89 sgte eval: h=0 f=0.0042331218719500003297
						} 

						surrogate evaluation 4/11 {

							point #191 ( 402  0 )
							mesh index : 2

							surrogate cache hit: #191 --> #91

							point #91 sgte eval: h=0 f=0.012254953384400000399
						} 

						surrogate evaluation 5/11 {

							point #192 ( 432  0 )
							mesh index : 2

							surrogate cache hit: #192 --> #92

							point #92 sgte eval: h=0 f=0.0038888454437299999414
						} 

						surrogate evaluation 6/11 {

							point #193 ( 44032  0 )
							mesh index : 2

							surrogate cache hit: #193 --> #93

							point #93 sgte eval: h=0 f=0.0058989524841299998195
						} 

						surrogate evaluation 7/11 {

							point #194 ( 45032  0 )
							mesh index : 2

							surrogate cache hit: #194 --> #94

							point #94 sgte eval: h=0 f=0.0061938762664799995941
						} 

						surrogate evaluation 8/11 {

							point #195 ( 420  0 )
							mesh index : 2

							surrogate cache hit: #195 --> #95

							point #95 sgte eval: h=0 f=0.012698888778700000504
						} 

						surrogate evaluation 9/11 {

							point #196 ( 423  0 )
							mesh index : 2

							surrogate cache hit: #196 --> #96

							point #96 sgte eval: h=0 f=0.0039010047912599998127
						} 

						surrogate evaluation 10/11 {

							point #197 ( 42403  0 )
							mesh index : 2

							surrogate cache hit: #197 --> #97

							point #97 sgte eval: h=0 f=0.0058090686798099996566
						} 

						surrogate evaluation 11/11 {

							point #198 ( 42503  0 )
							mesh index : 2

							surrogate cache hit: #198 --> #98

							point #98 sgte eval: h=0 f=0.0038819313049300000103
						} 

					} end of evaluations


					sorted ext poll pts {

						point # 1/10 : ( 42503     0 )
						point # 2/10 : (   432     0 )
						point # 3/10 : (   423     0 )
						point # 4/10 : (     2     0 )
						point # 5/10 : (   522     0 )
						point # 6/10 : ( 42403     0 )
						point # 7/10 : ( 44032     0 )
						point # 8/10 : ( 45032     0 )
						point # 9/10 : (   402     0 )
						point #10/10 : (   420     0 )

					} 


				} end of ext poll pts sorting (on surrogates)


				extended poll point eval {

					extended poll point = ( 42503     0 )

					list of points evaluation (extended poll) {

						evaluation 1/1 {

							point #199 ( 42503  0 )
							mesh index : 2

							cache hit: #199 --> #99
							extended poll unsuccessful point #99 [ h=0 f=0.0068933391570999997394 ]
						} 

					} end of evaluations


				} 


				extended poll center: ( 42503     0 )

				perform extended poll descent ...... no

				extended poll point eval {

					extended poll point = (   432     0 )

					list of points evaluation (extended poll) {

						evaluation 1/1 {

							point #200 ( 432  0 )
							mesh index : 2

							cache hit: #200 --> #100
							extended poll unsuccessful point #100 [ h=0 f=0.0040727233886700001456 ]
						} 

					} end of evaluations


				} 


				extended poll center: (   432     0 )

				perform extended poll descent ...... no

				extended poll point eval {

					extended poll point = (   423     0 )

					list of points evaluation (extended poll) {

						evaluation 1/1 {

							point #201 ( 423  0 )
							mesh index : 2

							cache hit: #201 --> #101
							extended poll unsuccessful point #101 [ h=0 f=0.0041195726394699996864 ]
						} 

					} end of evaluations


				} 


				extended poll center: (   423     0 )

				perform extended poll descent ...... no

				extended poll point eval {

					extended poll point = (     2     0 )

					list of points evaluation (extended poll) {

						evaluation 1/1 {

							point #202 (  2  0 )
							mesh index : 2

							cache hit: #202 --> #102
							extended poll unsuccessful point #102 [ h=0 f=0.0042799282073999996359 ]
						} 

					} end of evaluations


				} 


				extended poll center: (     2     0 )

				perform extended poll descent ...... no

				extended poll point eval {

					extended poll point = (   522     0 )

					list of points evaluation (extended poll) {

						evaluation 1/1 {

							point #203 ( 522  0 )
							mesh index : 2

							cache hit: #203 --> #103
							extended poll unsuccessful point #103 [ h=0 f=0.0042849969863900001787 ]
						} 

					} end of evaluations


				} 


				extended poll center: (   522     0 )

				perform extended poll descent ...... no

				extended poll point eval {

					extended poll point = ( 42403     0 )

					list of points evaluation (extended poll) {

						evaluation 1/1 {

							point #204 ( 42403  0 )
							mesh index : 2

							cache hit: #204 --> #104
							extended poll unsuccessful point #104 [ h=0 f=0.0057707357406600002722 ]
						} 

					} end of evaluations


				} 


				extended poll center: ( 42403     0 )

				perform extended poll descent ...... no

				extended poll point eval {

					extended poll point = ( 44032     0 )

					list of points evaluation (extended poll) {

						evaluation 1/1 {

							point #205 ( 44032  0 )
							mesh index : 2

							cache hit: #205 --> #105
							extended poll unsuccessful point #105 [ h=0 f=0.0061007165908800002618 ]
						} 

					} end of evaluations


				} 


				extended poll center: ( 44032     0 )

				perform extended poll descent ...... no

				extended poll point eval {

					extended poll point = ( 45032     0 )

					list of points evaluation (extended poll) {

						evaluation 1/1 {

							point #206 ( 45032  0 )
							mesh index : 2

							cache hit: #206 --> #106
							extended poll unsuccessful point #106 [ h=0 f=0.0069698572158799999496 ]
						} 

					} end of evaluations


				} 


				extended poll center: ( 45032     0 )

				perform extended poll descent ...... no

				extended poll point eval {

					extended poll point = (   402     0 )

					list of points evaluation (extended poll) {

						evaluation 1/1 {

							point #207 ( 402  0 )
							mesh index : 2

							cache hit: #207 --> #107
							extended poll unsuccessful point #107 [ h=0 f=0.012614612579299999337 ]
						} 

					} end of evaluations


				} 


				extended poll center: (   402     0 )

				perform extended poll descent ...... no

				extended poll point eval {

					extended poll point = (   420     0 )

					list of points evaluation (extended poll) {

						evaluation 1/1 {

							point #208 ( 420  0 )
							mesh index : 2

							cache hit: #208 --> #108
							extended poll unsuccessful point #108 [ h=0 f=0.012470741271999999378 ]
						} 

					} end of evaluations


				} 


				extended poll center: (   420     0 )

				perform extended poll descent ...... no

			} end of extended poll

		} end of poll

		Mesh update {
			previous mesh index: 2
			new mesh index     : 3
		} 


		terminate MADS       : yes
		termination cause    : max mesh index
		iteration status     : unsuccessful
		new feas. incumbent  : none
		new infeas. incumbent: none

	} end of iteration 6

} end of run (max mesh index)

NOMAD final display {

	cache {
		number of cache points: 21
		size in memory        : 2.7000000000000001776 KB
		cache file            : -
	} 

	stats {
		MADS iterations                 : 7
		blackbox evaluations            : 21
		simulated blackbox evaluations  : 0
		evaluations                     : 67
		surrogate evaluations           : 54
		failed evaluations              : 16
		interrupted sequences of eval.  : 0
		cache hits                      : 100
		number of poll searches         : 7
		poll successes                  : 2
		poll points                     : 14
		number of extended polls        : 7
		number of ext. poll descents    : 0
		number of ext. poll successes   : 2
		number of ext. poll points      : 146
		number of ext. poll bb eval     : 12
		number of speculative searches  : 2
		speculative search successes    : 0
		speculative search points       : 0
		number of user searches         : 0
		number of LH searches           : 0
		number of cache searches        : 0
		number of VNS searches          : 0
		no model has been constructed
		wall-clock time                 : 1m 56s
	} 

	miscellaneous {
		mesh index      : min=-2, max=3, last=2
		best feas. sol  : ( 422 0 ) h=0 f=0.0033747053146399997973
		best infeas. sol: none
	} 
} 
