
NOMAD - version 3.5.1 - www.gerad.ca/nomad

Copyright (C) 2001-2012 {
	Mark A. Abramson     - The Boeing Company
	Charles Audet        - Ecole Polytechnique de Montreal
	Gilles Couture       - Ecole Polytechnique de Montreal
	John E. Dennis, Jr.  - Rice University
	Sebastien Le Digabel - Ecole Polytechnique de Montreal
	Christophe Tribes    - Ecole Polytechnique de Montreal
} 

Funded in part by AFOSR and Exxon Mobil.

License   : '$NOMAD_HOME/src/lgpl.txt'
User guide: '$NOMAD_HOME/doc/user_guide.pdf'
Examples  : '$NOMAD_HOME/examples'
Tools     : '$NOMAD_HOME/tools'

Please report bugs to nomad@gerad.ca

parameters {

	problem directory    : ./
	dimension            : n=2
	blackbox input types : (   cat(C)   int(I) )
	extended poll trigger: 0.10000000000000000555 (relative)
	neighbors executable : $python neighbors.py
	variable groups {
		group #0 {
			indexes: { 0 }
			no directions (categorical variables)
		} 
		group #1 {
			indexes: { 1 }
			directions {
				n             : 1
				types         : { [Ortho-MADS 2n] }
				sec poll types: { }
				halton_seed   : 3
			} 
		} 
	} 
	blackbox outputs (m=1) {
		#0          OBJ	$python blackbox.py	$python surrogate.py
	} 
	signature                       : standard
	has surrogate                   : yes
	sort trial points with surrogate: yes
	surrogate cost                  : none
	add seed to output file names   : yes
	solution file                   : nomad-solution.29170.txt
	history file                    : none
	stats file                      : none
	cache file                      : none
	x0                              : ( 5511511    0 )
	directions         : Ortho-MADS 2n
	user halton seed   : 3
	mesh {
		update basis       :   4
		coarsening exponent:   1
		refining exponent  :  -1
		initial mesh index :   0
		max mesh index     :   2
		initial mesh size  : (    1    1 )
		min poll size      : (  NaN    1 )
	} 
	snap to bounds                   : yes
	opportunistic evaluations        : yes
	use models                       : no
	speculative search               : yes
	VNS search                       : no
	Latin-Hypercube (LH) search      : no
	cache search                     : no
	random seed / run id             : 29170
	epsilon                          : 1.0000000000000000304e-13
	undefined string                 : NaN
	infinity string                  : inf
	display degrees {
		general  : full (3)
		search   : full (3)
		poll     : full (3)
		iterative: full (3)
	} 
	display stats                : EVAL BBE [ SOL, ] BBO TIME
	display all evaluations      : no
	point display limit          : no limit
	max number of blackbox eval. : 100
	max cache memory             : 2000 MB
} 

MADS run {

	starting point evaluation {

		x0 eval point: ( 5511511  0 )

		list of points evaluation (x0 evaluation) {

			evaluation 1/1 {

				point #0 ( 5511511  0 )


				x0 evaluation dominating point #0 {
					x    = ( 5511511  0 )
					F(x) = [ 0.011237473487899999475 ]
					h    = 0
					f    = 0.011237473487899999475
				} 
			} 

		} end of evaluations


		terminate MADS       : no
		iteration status     : dominating
		new feas. incumbent  : #0 {
			x    = ( 5511511  0 )
			F(x) = [ 0.011237473487899999475 ]
			h    = 0
			f    = 0.011237473487899999475
		} 
		new infeas. incumbent: none

	} end of starting point evaluation

	MADS iteration 0 {

		blackbox evaluations : 1
		best feas. solution  : ( 5511511  0 ) h=0 f=0.011237473487899999475
		best infeas. solution: none
		poll center          : ( 5511511  0 )
		mesh size            : (  1  1 )
		poll size            : (  1  1 )
		mesh index           : 0
		h_max                : inf

		MADS search {
		} end of search

		MADS poll {

			poll center: ( 5511511  0 )

			poll directions (include mesh size parameter) {
				dir 0 : (  0 -1 ) Ortho-MADS 2n
				dir 1 : (  0  1 ) Ortho-MADS 2n
			} 

			re-ordered list of 2 poll trial points {
				#1 : ( 5511511 -1 ) (dir 0)
				#2 : ( 5511511  1 ) (dir 1)
			} 

			list of points evaluation (poll) {

				surrogate evaluation 1/2 {

					point #1 ( 5511511 -1 )
					direction  : (  0 -1 ) Ortho-MADS 2n
					mesh index : 0


					point #1 sgte eval: failed
				} 

				surrogate evaluation 2/2 {

					point #2 ( 5511511  1 )
					direction  : (  0  1 ) Ortho-MADS 2n
					mesh index : 0


					point #2 sgte eval: failed
				} 

			} end of evaluations

			re-ordered list of 2 poll trial points {

				#3: ( 5511511 -1 ) (dir 0)
				#4: ( 5511511  1 ) (dir 1)
			} 

			list of points evaluation (poll) {

				evaluation 1/2 {

					point #3 ( 5511511 -1 )
					direction  : (  0 -1 ) Ortho-MADS 2n
					mesh index : 0

					poll unsuccessful point #3: evaluation failed
				} 

				evaluation 2/2 {

					point #4 ( 5511511  1 )
					direction  : (  0  1 ) Ortho-MADS 2n
					mesh index : 0

					poll unsuccessful point #4: evaluation failed
				} 

			} end of evaluations


			MADS extended poll {


				extended poll pts sorting (on surrogates) {


					list of points evaluation (extended poll) {

						surrogate evaluation 1/23 {

							point #5 ( 4511511  0 )
							mesh index : 0


							point #5 sgte eval: h=0 f=0.011447429656999999828
						} 

						surrogate evaluation 2/23 {

							point #6 ( 5411511  0 )
							mesh index : 0


							point #6 sgte eval: h=0 f=0.010250568389899999272
						} 

						surrogate evaluation 3/23 {

							point #7 ( 51511  0 )
							mesh index : 0


							point #7 sgte eval: h=0 f=0.011293172836300000364
						} 

						surrogate evaluation 4/23 {

							point #8 ( 51511  0 )
							mesh index : 0

							surrogate cache hit: #8 --> #7

							point #7 sgte eval: h=0 f=0.011293172836300000364
						} 

						surrogate evaluation 5/23 {

							point #9 ( 5521511  0 )
							mesh index : 0


							point #9 sgte eval: h=0 f=0.015619277954099999514
						} 

						surrogate evaluation 6/23 {

							point #10 ( 5531511  0 )
							mesh index : 0


							point #10 sgte eval: h=0 f=0.017111539840700001197
						} 

						surrogate evaluation 7/23 {

							point #11 ( 554231511  0 )
							mesh index : 0


							point #11 sgte eval: h=0 f=0.022562265396100001508
						} 

						surrogate evaluation 8/23 {

							point #12 ( 555231511  0 )
							mesh index : 0


							point #12 sgte eval: h=0 f=0.023847341537500000436
						} 

						surrogate evaluation 9/23 {

							point #13 ( 5512511  0 )
							mesh index : 0


							point #13 sgte eval: h=0 f=0.011246681213400000487
						} 

						surrogate evaluation 10/23 {

							point #14 ( 5513511  0 )
							mesh index : 0


							point #14 sgte eval: h=0 f=0.017871141433699999634
						} 

						surrogate evaluation 11/23 {

							point #15 ( 551423511  0 )
							mesh index : 0


							point #15 sgte eval: h=0 f=0.017629146575899999616
						} 

						surrogate evaluation 12/23 {

							point #16 ( 551523511  0 )
							mesh index : 0


							point #16 sgte eval: h=0 f=0.015446424484299999674
						} 

						surrogate evaluation 13/23 {

							point #17 ( 5511411  0 )
							mesh index : 0


							point #17 sgte eval: h=0 f=0.012010335922200000847
						} 

						surrogate evaluation 14/23 {

							point #18 ( 55111  0 )
							mesh index : 0


							point #18 sgte eval: h=0 f=0.011986255645799999761
						} 

						surrogate evaluation 15/23 {

							point #19 ( 55111  0 )
							mesh index : 0

							surrogate cache hit: #19 --> #18

							point #18 sgte eval: h=0 f=0.011986255645799999761
						} 

						surrogate evaluation 16/23 {

							point #20 ( 5511521  0 )
							mesh index : 0


							point #20 sgte eval: h=0 f=0.013341903686499999651
						} 

						surrogate evaluation 17/23 {

							point #21 ( 5511531  0 )
							mesh index : 0


							point #21 sgte eval: h=0 f=0.016498088836699998511
						} 

						surrogate evaluation 18/23 {

							point #22 ( 551154231  0 )
							mesh index : 0


							point #22 sgte eval: h=0 f=0.017149448394799999412
						} 

						surrogate evaluation 19/23 {

							point #23 ( 551155231  0 )
							mesh index : 0


							point #23 sgte eval: h=0 f=0.017031192779499999823
						} 

						surrogate evaluation 20/23 {

							point #24 ( 5511512  0 )
							mesh index : 0


							point #24 sgte eval: h=0 f=0.01042962074279999915
						} 

						surrogate evaluation 21/23 {

							point #25 ( 5511513  0 )
							mesh index : 0


							point #25 sgte eval: h=0 f=0.017344474792499998267
						} 

						surrogate evaluation 22/23 {

							point #26 ( 551151423  0 )
							mesh index : 0


							point #26 sgte eval: h=0 f=0.015745878219599999254
						} 

						surrogate evaluation 23/23 {

							point #27 ( 551151523  0 )
							mesh index : 0


							point #27 sgte eval: h=0 f=0.015329837799100000384
						} 

					} end of evaluations


					sorted ext poll pts {

						point # 1/21 : ( 5411511     0 )
						point # 2/21 : ( 5511512     0 )
						point # 3/21 : ( 5512511     0 )
						point # 4/21 : ( 51511     0 )
						point # 5/21 : ( 4511511     0 )
						point # 6/21 : ( 55111     0 )
						point # 7/21 : ( 5511411     0 )
						point # 8/21 : ( 5511521     0 )
						point # 9/21 : ( 551151523     0 )
						point #10/21 : ( 551523511     0 )
						point #11/21 : ( 5521511     0 )
						point #12/21 : ( 551151423     0 )
						point #13/21 : ( 5511531     0 )
						point #14/21 : ( 551155231     0 )
						point #15/21 : ( 5531511     0 )
						point #16/21 : ( 551154231     0 )
						point #17/21 : ( 5511513     0 )
						point #18/21 : ( 551423511     0 )
						point #19/21 : ( 5513511     0 )
						point #20/21 : ( 554231511     0 )
						point #21/21 : ( 555231511     0 )

					} 


				} end of ext poll pts sorting (on surrogates)


				extended poll point eval {

					extended poll point = ( 5411511     0 )

					list of points evaluation (extended poll) {

						evaluation 1/1 {

							point #28 ( 5411511  0 )
							mesh index : 0


							extended poll dominating point #28 {
								x    = ( 5411511  0 )
								F(x) = [ 0.010553452968600000178 ]
								h    = 0
								f    = 0.010553452968600000178
							} 
						} 

					} end of evaluations


				} 


			} end of extended poll

		} end of poll

		Mesh update {
			previous mesh index: 0
			new mesh index     : -1
		} 


		terminate MADS       : no
		iteration status     : dominating
		new feas. incumbent  : #28 {
			x    = ( 5411511  0 )
			F(x) = [ 0.010553452968600000178 ]
			h    = 0
			f    = 0.010553452968600000178
		} 
		new infeas. incumbent: none

	} end of iteration 0

	MADS iteration 1 {

		blackbox evaluations : 4
		best feas. solution  : ( 5411511  0 ) h=0 f=0.010553452968600000178
		best infeas. solution: none
		poll center          : ( 5411511  0 )
		mesh size            : (  1  1 )
		poll size            : (  2  2 )
		mesh index           : -1
		h_max                : inf

		MADS search {

			speculative search {

			} end of speculative search (unsuccessful)

		} end of search

		MADS poll {

			poll center: ( 5411511  0 )

			poll directions (include mesh size parameter) {
				dir 0 : (  0 -1 ) Ortho-MADS 2n
				dir 1 : (  0  1 ) Ortho-MADS 2n
			} 

			re-ordered list of 2 poll trial points {
				#49 : ( 5411511 -1 ) (dir 0)
				#50 : ( 5411511  1 ) (dir 1)
			} 

			list of points evaluation (poll) {

				surrogate evaluation 1/2 {

					point #49 ( 5411511 -1 )
					direction  : (  0 -1 ) Ortho-MADS 2n
					mesh index : -1


					point #49 sgte eval: failed
				} 

				surrogate evaluation 2/2 {

					point #50 ( 5411511  1 )
					direction  : (  0  1 ) Ortho-MADS 2n
					mesh index : -1


					point #50 sgte eval: failed
				} 

			} end of evaluations

			re-ordered list of 2 poll trial points {

				#51: ( 5411511 -1 ) (dir 0)
				#52: ( 5411511  1 ) (dir 1)
			} 

			list of points evaluation (poll) {

				evaluation 1/2 {

					point #51 ( 5411511 -1 )
					direction  : (  0 -1 ) Ortho-MADS 2n
					mesh index : -1

					poll unsuccessful point #51: evaluation failed
				} 

				evaluation 2/2 {

					point #52 ( 5411511  1 )
					direction  : (  0  1 ) Ortho-MADS 2n
					mesh index : -1

					poll unsuccessful point #52: evaluation failed
				} 

			} end of evaluations


			MADS extended poll {


				extended poll pts sorting (on surrogates) {


					list of points evaluation (extended poll) {

						surrogate evaluation 1/23 {

							point #53 ( 4411511  0 )
							mesh index : -1


							point #53 sgte eval: h=0 f=0.011033773422200000847
						} 

						surrogate evaluation 2/23 {

							point #54 ( 5511511  0 )
							mesh index : -1


							point #54 sgte eval: h=0 f=0.010813474655100000291
						} 

						surrogate evaluation 3/23 {

							point #55 ( 51511  0 )
							mesh index : -1

							surrogate cache hit: #55 --> #7

							point #7 sgte eval: h=0 f=0.011293172836300000364
						} 

						surrogate evaluation 4/23 {

							point #56 ( 51511  0 )
							mesh index : -1

							surrogate cache hit: #56 --> #7

							point #7 sgte eval: h=0 f=0.011293172836300000364
						} 

						surrogate evaluation 5/23 {

							point #57 ( 5421511  0 )
							mesh index : -1


							point #57 sgte eval: h=0 f=0.011200428009000000518
						} 

						surrogate evaluation 6/23 {

							point #58 ( 5431511  0 )
							mesh index : -1


							point #58 sgte eval: h=0 f=0.016543149948100001334
						} 

						surrogate evaluation 7/23 {

							point #59 ( 544231511  0 )
							mesh index : -1


							point #59 sgte eval: h=0 f=0.016580581664999999997
						} 

						surrogate evaluation 8/23 {

							point #60 ( 545231511  0 )
							mesh index : -1


							point #60 sgte eval: h=0 f=0.017698049545300000018
						} 

						surrogate evaluation 9/23 {

							point #61 ( 5412511  0 )
							mesh index : -1


							point #61 sgte eval: h=0 f=0.012064695358299999325
						} 

						surrogate evaluation 10/23 {

							point #62 ( 5413511  0 )
							mesh index : -1


							point #62 sgte eval: h=0 f=0.017846107482900001179
						} 

						surrogate evaluation 11/23 {

							point #63 ( 541423511  0 )
							mesh index : -1


							point #63 sgte eval: h=0 f=0.017989873886099998906
						} 

						surrogate evaluation 12/23 {

							point #64 ( 541523511  0 )
							mesh index : -1


							point #64 sgte eval: h=0 f=0.017030954361000001651
						} 

						surrogate evaluation 13/23 {

							point #65 ( 5411411  0 )
							mesh index : -1


							point #65 sgte eval: h=0 f=0.011669158935499999302
						} 

						surrogate evaluation 14/23 {

							point #66 ( 54111  0 )
							mesh index : -1


							point #66 sgte eval: h=0 f=0.011442661285400000312
						} 

						surrogate evaluation 15/23 {

							point #67 ( 54111  0 )
							mesh index : -1

							surrogate cache hit: #67 --> #66

							point #66 sgte eval: h=0 f=0.011442661285400000312
						} 

						surrogate evaluation 16/23 {

							point #68 ( 5411521  0 )
							mesh index : -1


							point #68 sgte eval: h=0 f=0.011764287948600000641
						} 

						surrogate evaluation 17/23 {

							point #69 ( 5411531  0 )
							mesh index : -1


							point #69 sgte eval: h=0 f=0.017681598663300001489
						} 

						surrogate evaluation 18/23 {

							point #70 ( 541154231  0 )
							mesh index : -1


							point #70 sgte eval: h=0 f=0.017431020736700001544
						} 

						surrogate evaluation 19/23 {

							point #71 ( 541155231  0 )
							mesh index : -1


							point #71 sgte eval: h=0 f=0.016742706298800001663
						} 

						surrogate evaluation 20/23 {

							point #72 ( 5411512  0 )
							mesh index : -1


							point #72 sgte eval: h=0 f=0.010508060455300000449
						} 

						surrogate evaluation 21/23 {

							point #73 ( 5411513  0 )
							mesh index : -1


							point #73 sgte eval: h=0 f=0.016867637634299999239
						} 

						surrogate evaluation 22/23 {

							point #74 ( 541151423  0 )
							mesh index : -1


							point #74 sgte eval: h=0 f=0.019031763076800000539
						} 

						surrogate evaluation 23/23 {

							point #75 ( 541151523  0 )
							mesh index : -1


							point #75 sgte eval: h=0 f=0.015587806701699999379
						} 

					} end of evaluations


					sorted ext poll pts {

						point # 1/21 : ( 5411512     0 )
						point # 2/21 : ( 5511511     0 )
						point # 3/21 : ( 4411511     0 )
						point # 4/21 : ( 5421511     0 )
						point # 5/21 : ( 51511     0 )
						point # 6/21 : ( 54111     0 )
						point # 7/21 : ( 5411411     0 )
						point # 8/21 : ( 5411521     0 )
						point # 9/21 : ( 5412511     0 )
						point #10/21 : ( 541151523     0 )
						point #11/21 : ( 5431511     0 )
						point #12/21 : ( 544231511     0 )
						point #13/21 : ( 541155231     0 )
						point #14/21 : ( 5411513     0 )
						point #15/21 : ( 541523511     0 )
						point #16/21 : ( 541154231     0 )
						point #17/21 : ( 5411531     0 )
						point #18/21 : ( 545231511     0 )
						point #19/21 : ( 5413511     0 )
						point #20/21 : ( 541423511     0 )
						point #21/21 : ( 541151423     0 )

					} 


				} end of ext poll pts sorting (on surrogates)


				extended poll point eval {

					extended poll point = ( 5411512     0 )

					list of points evaluation (extended poll) {

						evaluation 1/1 {

							point #76 ( 5411512  0 )
							mesh index : -1

							extended poll unsuccessful point #76 [ h=0 f=0.010704996585800000131 ]
						} 

					} end of evaluations


				} 


				extended poll center: ( 5411512     0 )

				perform extended poll descent ...... yes

				extended poll descent (on surrogates) {

					       iteration = 1
					 blackbox eval.  = 7
					      sgte eval. = 45
					      mesh index = -1
					ext. poll center = ( 5411512     0 ) f=0.010704996585800000131 h=0


					MADS run {

						45+SGTE	OBJ	(ext-poll--surrogate)

						45+ 0	0.01050806045530000045	(ext-poll--surrogate)

					} end of run (max mesh index)

					blackbox evaluations    : 0
					best feasible solution  : ( 5411512 0 ) h=0 f=0.010508060455300000449

				} end of extended poll descent (unsuccessful)


				extended poll point eval {

					extended poll point = ( 5511511     0 )

					list of points evaluation (extended poll) {

						evaluation 1/1 {

							point #77 ( 5511511  0 )
							mesh index : -1

							cache hit: #77 --> #0
							extended poll unsuccessful point #0 [ h=0 f=0.011237473487899999475 ]
						} 

					} end of evaluations


				} 


				extended poll center: ( 5511511     0 )

				perform extended poll descent ...... yes

				extended poll descent (on surrogates) {

					       iteration = 1
					 blackbox eval.  = 7
					      sgte eval. = 47
					      mesh index = -1
					ext. poll center = ( 5511511     0 ) f=0.011237473487899999475 h=0


					MADS run {

						47+SGTE	OBJ	(ext-poll--surrogate)

						47+ 0	0.01081347465510000029	(ext-poll--surrogate)

					} end of run (max mesh index)

					blackbox evaluations    : 0
					best feasible solution  : ( 5511511 0 ) h=0 f=0.010813474655100000291

				} end of extended poll descent (unsuccessful)


				extended poll point eval {

					extended poll point = ( 4411511     0 )

					list of points evaluation (extended poll) {

						evaluation 1/1 {

							point #78 ( 4411511  0 )
							mesh index : -1

							extended poll unsuccessful point #78 [ h=0 f=0.011780779361699999716 ]
						} 

					} end of evaluations


				} 


				extended poll center: ( 4411511     0 )

				perform extended poll descent ...... no

				extended poll point eval {

					extended poll point = ( 5421511     0 )

					list of points evaluation (extended poll) {

						evaluation 1/1 {

							point #79 ( 5421511  0 )
							mesh index : -1

							extended poll unsuccessful point #79 [ h=0 f=0.011181442737599999945 ]
						} 

					} end of evaluations


				} 


				extended poll center: ( 5421511     0 )

				perform extended poll descent ...... yes

				extended poll descent (on surrogates) {

					       iteration = 1
					 blackbox eval.  = 9
					      sgte eval. = 47
					      mesh index = -1
					ext. poll center = ( 5421511     0 ) f=0.011181442737599999945 h=0


					MADS run {

						47+SGTE	OBJ	(ext-poll--surrogate)

						47+ 0	0.01120042800900000052	(ext-poll--surrogate)

					} end of run (max mesh index)

					blackbox evaluations    : 0
					best feasible solution  : ( 5421511 0 ) h=0 f=0.011200428009000000518

				} end of extended poll descent (unsuccessful)


				extended poll point eval {

					extended poll point = ( 51511     0 )

					list of points evaluation (extended poll) {

						evaluation 1/1 {

							point #80 ( 51511  0 )
							mesh index : -1


							extended poll dominating point #80 {
								x    = ( 51511  0 )
								F(x) = [ 0.010494585037200000743 ]
								h    = 0
								f    = 0.010494585037200000743
							} 
						} 

					} end of evaluations


				} 


			} end of extended poll

		} end of poll

		Mesh update {
			previous mesh index: -1
			new mesh index     : -2
		} 


		terminate MADS       : no
		iteration status     : dominating
		new feas. incumbent  : #80 {
			x    = ( 51511  0 )
			F(x) = [ 0.010494585037200000743 ]
			h    = 0
			f    = 0.010494585037200000743
		} 
		new infeas. incumbent: none

	} end of iteration 1

	MADS iteration 2 {

		blackbox evaluations : 10
		best feas. solution  : ( 51511  0 ) h=0 f=0.010494585037200000743
		best infeas. solution: none
		poll center          : ( 51511  0 )
		mesh size            : (  1  1 )
		poll size            : (  4  4 )
		mesh index           : -2
		h_max                : inf

		MADS search {

			speculative search {

			} end of speculative search (unsuccessful)

		} end of search

		MADS poll {

			poll center: ( 51511  0 )

			poll directions (include mesh size parameter) {
				dir 0 : (  0 -4 ) Ortho-MADS 2n
				dir 1 : (  0  4 ) Ortho-MADS 2n
			} 

			re-ordered list of 2 poll trial points {
				#106 : ( 51511 -4 ) (dir 0)
				#107 : ( 51511  4 ) (dir 1)
			} 

			list of points evaluation (poll) {

				surrogate evaluation 1/2 {

					point #106 ( 51511 -4 )
					direction  : (  0 -4 ) Ortho-MADS 2n
					mesh index : -2


					point #106 sgte eval: failed
				} 

				surrogate evaluation 2/2 {

					point #107 ( 51511  4 )
					direction  : (  0  4 ) Ortho-MADS 2n
					mesh index : -2


					point #107 sgte eval: failed
				} 

			} end of evaluations

			re-ordered list of 2 poll trial points {

				#108: ( 51511 -4 ) (dir 0)
				#109: ( 51511  4 ) (dir 1)
			} 

			list of points evaluation (poll) {

				evaluation 1/2 {

					point #108 ( 51511 -4 )
					direction  : (  0 -4 ) Ortho-MADS 2n
					mesh index : -2

					poll unsuccessful point #108: evaluation failed
				} 

				evaluation 2/2 {

					point #109 ( 51511  4 )
					direction  : (  0  4 ) Ortho-MADS 2n
					mesh index : -2

					poll unsuccessful point #109: evaluation failed
				} 

			} end of evaluations


			MADS extended poll {


				extended poll pts sorting (on surrogates) {


					list of points evaluation (extended poll) {

						surrogate evaluation 1/16 {

							point #110 ( 41511  0 )
							mesh index : -2


							point #110 sgte eval: h=0 f=0.011739730835000000003
						} 

						surrogate evaluation 2/16 {

							point #111 ( 52511  0 )
							mesh index : -2


							point #111 sgte eval: h=0 f=0.016945838928200000761
						} 

						surrogate evaluation 3/16 {

							point #112 ( 53511  0 )
							mesh index : -2


							point #112 sgte eval: h=0 f=0.016441345214800000274
						} 

						surrogate evaluation 4/16 {

							point #113 ( 5423511  0 )
							mesh index : -2


							point #113 sgte eval: h=0 f=0.017507076263399999616
						} 

						surrogate evaluation 5/16 {

							point #114 ( 5523511  0 )
							mesh index : -2


							point #114 sgte eval: h=0 f=0.019077777862499999129
						} 

						surrogate evaluation 6/16 {

							point #115 ( 51411  0 )
							mesh index : -2


							point #115 sgte eval: h=0 f=0.012391805648800000364
						} 

						surrogate evaluation 7/16 {

							point #116 ( 511  0 )
							mesh index : -2


							point #116 sgte eval: h=0 f=0.011494159698499999481
						} 

						surrogate evaluation 8/16 {

							point #117 ( 511  0 )
							mesh index : -2

							surrogate cache hit: #117 --> #116

							point #116 sgte eval: h=0 f=0.011494159698499999481
						} 

						surrogate evaluation 9/16 {

							point #118 ( 51521  0 )
							mesh index : -2


							point #118 sgte eval: h=0 f=0.014461278915399999878
						} 

						surrogate evaluation 10/16 {

							point #119 ( 51531  0 )
							mesh index : -2


							point #119 sgte eval: h=0 f=0.017401218414300000104
						} 

						surrogate evaluation 11/16 {

							point #120 ( 5154231  0 )
							mesh index : -2


							point #120 sgte eval: h=0 f=0.016047000884999999132
						} 

						surrogate evaluation 12/16 {

							point #121 ( 5155231  0 )
							mesh index : -2


							point #121 sgte eval: h=0 f=0.015858650207500001733
						} 

						surrogate evaluation 13/16 {

							point #122 ( 51512  0 )
							mesh index : -2


							point #122 sgte eval: h=0 f=0.011931180954000000088
						} 

						surrogate evaluation 14/16 {

							point #123 ( 51513  0 )
							mesh index : -2


							point #123 sgte eval: h=0 f=0.019886255264300000539
						} 

						surrogate evaluation 15/16 {

							point #124 ( 5151423  0 )
							mesh index : -2


							point #124 sgte eval: h=0 f=0.016796112060499999302
						} 

						surrogate evaluation 16/16 {

							point #125 ( 5151523  0 )
							mesh index : -2


							point #125 sgte eval: h=0 f=0.016661882400500000606
						} 

					} end of evaluations


					sorted ext poll pts {

						point # 1/15 : (   511     0 )
						point # 2/15 : ( 41511     0 )
						point # 3/15 : ( 51512     0 )
						point # 4/15 : ( 51411     0 )
						point # 5/15 : ( 51521     0 )
						point # 6/15 : ( 5155231     0 )
						point # 7/15 : ( 5154231     0 )
						point # 8/15 : ( 53511     0 )
						point # 9/15 : ( 5151523     0 )
						point #10/15 : ( 5151423     0 )
						point #11/15 : ( 52511     0 )
						point #12/15 : ( 51531     0 )
						point #13/15 : ( 5423511     0 )
						point #14/15 : ( 5523511     0 )
						point #15/15 : ( 51513     0 )

					} 


				} end of ext poll pts sorting (on surrogates)


				extended poll point eval {

					extended poll point = (   511     0 )

					list of points evaluation (extended poll) {

						evaluation 1/1 {

							point #126 ( 511  0 )
							mesh index : -2

							extended poll unsuccessful point #126 [ h=0 f=0.010839648246799999179 ]
						} 

					} end of evaluations


				} 


				extended poll center: (   511     0 )

				perform extended poll descent ...... yes

				extended poll descent (on surrogates) {

					       iteration = 2
					 blackbox eval.  = 13
					      sgte eval. = 66
					      mesh index = -2
					ext. poll center = (   511     0 ) f=0.010839648246799999179 h=0


					MADS run {

						66+SGTE	OBJ	(ext-poll--surrogate)

						66+ 0	0.01149415969849999948	(ext-poll--surrogate)

					} end of run (max mesh index)

					blackbox evaluations    : 0
					best feasible solution  : ( 511 0 ) h=0 f=0.011494159698499999481

				} end of extended poll descent (unsuccessful)


				extended poll point eval {

					extended poll point = ( 41511     0 )

					list of points evaluation (extended poll) {

						evaluation 1/1 {

							point #127 ( 41511  0 )
							mesh index : -2

							extended poll unsuccessful point #127 [ h=0 f=0.011132414340999999269 ]
						} 

					} end of evaluations


				} 


				extended poll center: ( 41511     0 )

				perform extended poll descent ...... yes

				extended poll descent (on surrogates) {

					       iteration = 2
					 blackbox eval.  = 14
					      sgte eval. = 68
					      mesh index = -2
					ext. poll center = ( 41511     0 ) f=0.011132414340999999269 h=0


					MADS run {

						68+SGTE	OBJ	(ext-poll--surrogate)

						68+ 0	0.01173973083500000000	(ext-poll--surrogate)

					} end of run (max mesh index)

					blackbox evaluations    : 0
					best feasible solution  : ( 41511 0 ) h=0 f=0.011739730835000000003

				} end of extended poll descent (unsuccessful)


				extended poll point eval {

					extended poll point = ( 51512     0 )

					list of points evaluation (extended poll) {

						evaluation 1/1 {

							point #128 ( 51512  0 )
							mesh index : -2

							extended poll unsuccessful point #128 [ h=0 f=0.010526144504500000235 ]
						} 

					} end of evaluations


				} 


				extended poll center: ( 51512     0 )

				perform extended poll descent ...... yes

				extended poll descent (on surrogates) {

					       iteration = 2
					 blackbox eval.  = 15
					      sgte eval. = 70
					      mesh index = -2
					ext. poll center = ( 51512     0 ) f=0.010526144504500000235 h=0


					MADS run {

						70+SGTE	OBJ	(ext-poll--surrogate)

						70+ 0	0.01193118095400000009	(ext-poll--surrogate)

					} end of run (max mesh index)

					blackbox evaluations    : 0
					best feasible solution  : ( 51512 0 ) h=0 f=0.011931180954000000088

				} end of extended poll descent (unsuccessful)


				extended poll point eval {

					extended poll point = ( 51411     0 )

					list of points evaluation (extended poll) {

						evaluation 1/1 {

							point #129 ( 51411  0 )
							mesh index : -2

							extended poll unsuccessful point #129 [ h=0 f=0.011137964725500000551 ]
						} 

					} end of evaluations


				} 


				extended poll center: ( 51411     0 )

				perform extended poll descent ...... yes

				extended poll descent (on surrogates) {

					       iteration = 2
					 blackbox eval.  = 16
					      sgte eval. = 72
					      mesh index = -2
					ext. poll center = ( 51411     0 ) f=0.011137964725500000551 h=0


					MADS run {

						72+SGTE	OBJ	(ext-poll--surrogate)

						72+ 0	0.01239180564880000036	(ext-poll--surrogate)

					} end of run (max mesh index)

					blackbox evaluations    : 0
					best feasible solution  : ( 51411 0 ) h=0 f=0.012391805648800000364

				} end of extended poll descent (unsuccessful)


				extended poll point eval {

					extended poll point = ( 51521     0 )

					list of points evaluation (extended poll) {

						evaluation 1/1 {

							point #130 ( 51521  0 )
							mesh index : -2

							extended poll unsuccessful point #130 [ h=0 f=0.011745307445499999707 ]
						} 

					} end of evaluations


				} 


				extended poll center: ( 51521     0 )

				perform extended poll descent ...... no

				extended poll point eval {

					extended poll point = ( 5155231     0 )

					list of points evaluation (extended poll) {

						evaluation 1/1 {

							point #131 ( 5155231  0 )
							mesh index : -2

							extended poll unsuccessful point #131 [ h=0 f=0.017151100635499998831 ]
						} 

					} end of evaluations


				} 


				extended poll center: ( 5155231     0 )

				perform extended poll descent ...... no

				extended poll point eval {

					extended poll point = ( 5154231     0 )

					list of points evaluation (extended poll) {

						evaluation 1/1 {

							point #132 ( 5154231  0 )
							mesh index : -2

							extended poll unsuccessful point #132 [ h=0 f=0.01624152898789999952 ]
						} 

					} end of evaluations


				} 


				extended poll center: ( 5154231     0 )

				perform extended poll descent ...... no

				extended poll point eval {

					extended poll point = ( 53511     0 )

					list of points evaluation (extended poll) {

						evaluation 1/1 {

							point #133 ( 53511  0 )
							mesh index : -2

							extended poll unsuccessful point #133 [ h=0 f=0.017123703956600001136 ]
						} 

					} end of evaluations


				} 


				extended poll center: ( 53511     0 )

				perform extended poll descent ...... no

				extended poll point eval {

					extended poll point = ( 5151523     0 )

					list of points evaluation (extended poll) {

						evaluation 1/1 {

							point #134 ( 5151523  0 )
							mesh index : -2

							extended poll unsuccessful point #134 [ h=0 f=0.015220484733599999594 ]
						} 

					} end of evaluations


				} 


				extended poll center: ( 5151523     0 )

				perform extended poll descent ...... no

				extended poll point eval {

					extended poll point = ( 5151423     0 )

					list of points evaluation (extended poll) {

						evaluation 1/1 {

							point #135 ( 5151423  0 )
							mesh index : -2

							extended poll unsuccessful point #135 [ h=0 f=0.014670212268799999802 ]
						} 

					} end of evaluations


				} 


				extended poll center: ( 5151423     0 )

				perform extended poll descent ...... no

				extended poll point eval {

					extended poll point = ( 52511     0 )

					list of points evaluation (extended poll) {

						evaluation 1/1 {

							point #136 ( 52511  0 )
							mesh index : -2

							extended poll unsuccessful point #136 [ h=0 f=0.014830965995799999524 ]
						} 

					} end of evaluations


				} 


				extended poll center: ( 52511     0 )

				perform extended poll descent ...... no

				extended poll point eval {

					extended poll point = ( 51531     0 )

					list of points evaluation (extended poll) {

						evaluation 1/1 {

							point #137 ( 51531  0 )
							mesh index : -2

							extended poll unsuccessful point #137 [ h=0 f=0.015357310771899999532 ]
						} 

					} end of evaluations


				} 


				extended poll center: ( 51531     0 )

				perform extended poll descent ...... no

				extended poll point eval {

					extended poll point = ( 5423511     0 )

					list of points evaluation (extended poll) {

						evaluation 1/1 {

							point #138 ( 5423511  0 )
							mesh index : -2

							extended poll unsuccessful point #138 [ h=0 f=0.017008948326100000598 ]
						} 

					} end of evaluations


				} 


				extended poll center: ( 5423511     0 )

				perform extended poll descent ...... no

				extended poll point eval {

					extended poll point = ( 5523511     0 )

					list of points evaluation (extended poll) {

						evaluation 1/1 {

							point #139 ( 5523511  0 )
							mesh index : -2

							extended poll unsuccessful point #139 [ h=0 f=0.019235396385199998726 ]
						} 

					} end of evaluations


				} 


				extended poll center: ( 5523511     0 )

				perform extended poll descent ...... no

				extended poll point eval {

					extended poll point = ( 51513     0 )

					list of points evaluation (extended poll) {

						evaluation 1/1 {

							point #140 ( 51513  0 )
							mesh index : -2

							extended poll unsuccessful point #140 [ h=0 f=0.015331530571000000218 ]
						} 

					} end of evaluations


				} 


				extended poll center: ( 51513     0 )

				perform extended poll descent ...... no

			} end of extended poll

		} end of poll

		Mesh update {
			previous mesh index: -2
			new mesh index     : -1
		} 


		terminate MADS       : no
		iteration status     : unsuccessful
		new feas. incumbent  : none
		new infeas. incumbent: none

	} end of iteration 2

	MADS iteration 3 {

		blackbox evaluations : 27
		best feas. solution  : ( 51511  0 ) h=0 f=0.010494585037200000743
		best infeas. solution: none
		poll center          : ( 51511  0 )
		mesh size            : (  1  1 )
		poll size            : (  2  2 )
		mesh index           : -1
		h_max                : inf

		MADS search {
		} end of search

		MADS poll {

			poll center: ( 51511  0 )

			poll directions (include mesh size parameter) {
				dir 0 : (  0 -1 ) Ortho-MADS 2n
				dir 1 : (  0  1 ) Ortho-MADS 2n
			} 

			re-ordered list of 2 poll trial points {
				#153 : ( 51511 -1 ) (dir 0)
				#154 : ( 51511  1 ) (dir 1)
			} 

			list of points evaluation (poll) {

				surrogate evaluation 1/2 {

					point #153 ( 51511 -1 )
					direction  : (  0 -1 ) Ortho-MADS 2n
					mesh index : -1


					point #153 sgte eval: failed
				} 

				surrogate evaluation 2/2 {

					point #154 ( 51511  1 )
					direction  : (  0  1 ) Ortho-MADS 2n
					mesh index : -1


					point #154 sgte eval: failed
				} 

			} end of evaluations

			re-ordered list of 2 poll trial points {

				#155: ( 51511 -1 ) (dir 0)
				#156: ( 51511  1 ) (dir 1)
			} 

			list of points evaluation (poll) {

				evaluation 1/2 {

					point #155 ( 51511 -1 )
					direction  : (  0 -1 ) Ortho-MADS 2n
					mesh index : -1

					poll unsuccessful point #155: evaluation failed
				} 

				evaluation 2/2 {

					point #156 ( 51511  1 )
					direction  : (  0  1 ) Ortho-MADS 2n
					mesh index : -1

					poll unsuccessful point #156: evaluation failed
				} 

			} end of evaluations


			MADS extended poll {


				extended poll pts sorting (on surrogates) {


					list of points evaluation (extended poll) {

						surrogate evaluation 1/16 {

							point #157 ( 41511  0 )
							mesh index : -1

							surrogate cache hit: #157 --> #110

							point #110 sgte eval: h=0 f=0.011739730835000000003
						} 

						surrogate evaluation 2/16 {

							point #158 ( 52511  0 )
							mesh index : -1

							surrogate cache hit: #158 --> #111

							point #111 sgte eval: h=0 f=0.016945838928200000761
						} 

						surrogate evaluation 3/16 {

							point #159 ( 53511  0 )
							mesh index : -1

							surrogate cache hit: #159 --> #112

							point #112 sgte eval: h=0 f=0.016441345214800000274
						} 

						surrogate evaluation 4/16 {

							point #160 ( 5423511  0 )
							mesh index : -1

							surrogate cache hit: #160 --> #113

							point #113 sgte eval: h=0 f=0.017507076263399999616
						} 

						surrogate evaluation 5/16 {

							point #161 ( 5523511  0 )
							mesh index : -1

							surrogate cache hit: #161 --> #114

							point #114 sgte eval: h=0 f=0.019077777862499999129
						} 

						surrogate evaluation 6/16 {

							point #162 ( 51411  0 )
							mesh index : -1

							surrogate cache hit: #162 --> #115

							point #115 sgte eval: h=0 f=0.012391805648800000364
						} 

						surrogate evaluation 7/16 {

							point #163 ( 511  0 )
							mesh index : -1

							surrogate cache hit: #163 --> #116

							point #116 sgte eval: h=0 f=0.011494159698499999481
						} 

						surrogate evaluation 8/16 {

							point #164 ( 511  0 )
							mesh index : -1

							surrogate cache hit: #164 --> #116

							point #116 sgte eval: h=0 f=0.011494159698499999481
						} 

						surrogate evaluation 9/16 {

							point #165 ( 51521  0 )
							mesh index : -1

							surrogate cache hit: #165 --> #118

							point #118 sgte eval: h=0 f=0.014461278915399999878
						} 

						surrogate evaluation 10/16 {

							point #166 ( 51531  0 )
							mesh index : -1

							surrogate cache hit: #166 --> #119

							point #119 sgte eval: h=0 f=0.017401218414300000104
						} 

						surrogate evaluation 11/16 {

							point #167 ( 5154231  0 )
							mesh index : -1

							surrogate cache hit: #167 --> #120

							point #120 sgte eval: h=0 f=0.016047000884999999132
						} 

						surrogate evaluation 12/16 {

							point #168 ( 5155231  0 )
							mesh index : -1

							surrogate cache hit: #168 --> #121

							point #121 sgte eval: h=0 f=0.015858650207500001733
						} 

						surrogate evaluation 13/16 {

							point #169 ( 51512  0 )
							mesh index : -1

							surrogate cache hit: #169 --> #122

							point #122 sgte eval: h=0 f=0.011931180954000000088
						} 

						surrogate evaluation 14/16 {

							point #170 ( 51513  0 )
							mesh index : -1

							surrogate cache hit: #170 --> #123

							point #123 sgte eval: h=0 f=0.019886255264300000539
						} 

						surrogate evaluation 15/16 {

							point #171 ( 5151423  0 )
							mesh index : -1

							surrogate cache hit: #171 --> #124

							point #124 sgte eval: h=0 f=0.016796112060499999302
						} 

						surrogate evaluation 16/16 {

							point #172 ( 5151523  0 )
							mesh index : -1

							surrogate cache hit: #172 --> #125

							point #125 sgte eval: h=0 f=0.016661882400500000606
						} 

					} end of evaluations


					sorted ext poll pts {

						point # 1/15 : (   511     0 )
						point # 2/15 : ( 41511     0 )
						point # 3/15 : ( 51512     0 )
						point # 4/15 : ( 51411     0 )
						point # 5/15 : ( 51521     0 )
						point # 6/15 : ( 5155231     0 )
						point # 7/15 : ( 5154231     0 )
						point # 8/15 : ( 53511     0 )
						point # 9/15 : ( 5151523     0 )
						point #10/15 : ( 5151423     0 )
						point #11/15 : ( 52511     0 )
						point #12/15 : ( 51531     0 )
						point #13/15 : ( 5423511     0 )
						point #14/15 : ( 5523511     0 )
						point #15/15 : ( 51513     0 )

					} 


				} end of ext poll pts sorting (on surrogates)


				extended poll point eval {

					extended poll point = (   511     0 )

					list of points evaluation (extended poll) {

						evaluation 1/1 {

							point #173 ( 511  0 )
							mesh index : -1

							cache hit: #173 --> #126
							extended poll unsuccessful point #126 [ h=0 f=0.010839648246799999179 ]
						} 

					} end of evaluations


				} 


				extended poll center: (   511     0 )

				perform extended poll descent ...... yes

				extended poll descent (on surrogates) {

					       iteration = 3
					 blackbox eval.  = 29
					      sgte eval. = 76
					      mesh index = -1
					ext. poll center = (   511     0 ) f=0.010839648246799999179 h=0


					MADS run {

						76+SGTE	OBJ	(ext-poll--surrogate)

						76+ 0	0.01149415969849999948	(ext-poll--surrogate)

					} end of run (max mesh index)

					blackbox evaluations    : 0
					best feasible solution  : ( 511 0 ) h=0 f=0.011494159698499999481

				} end of extended poll descent (unsuccessful)


				extended poll point eval {

					extended poll point = ( 41511     0 )

					list of points evaluation (extended poll) {

						evaluation 1/1 {

							point #174 ( 41511  0 )
							mesh index : -1

							cache hit: #174 --> #127
							extended poll unsuccessful point #127 [ h=0 f=0.011132414340999999269 ]
						} 

					} end of evaluations


				} 


				extended poll center: ( 41511     0 )

				perform extended poll descent ...... yes

				extended poll descent (on surrogates) {

					       iteration = 3
					 blackbox eval.  = 29
					      sgte eval. = 78
					      mesh index = -1
					ext. poll center = ( 41511     0 ) f=0.011132414340999999269 h=0


					MADS run {

						78+SGTE	OBJ	(ext-poll--surrogate)

						78+ 0	0.01173973083500000000	(ext-poll--surrogate)

					} end of run (max mesh index)

					blackbox evaluations    : 0
					best feasible solution  : ( 41511 0 ) h=0 f=0.011739730835000000003

				} end of extended poll descent (unsuccessful)


				extended poll point eval {

					extended poll point = ( 51512     0 )

					list of points evaluation (extended poll) {

						evaluation 1/1 {

							point #175 ( 51512  0 )
							mesh index : -1

							cache hit: #175 --> #128
							extended poll unsuccessful point #128 [ h=0 f=0.010526144504500000235 ]
						} 

					} end of evaluations


				} 


				extended poll center: ( 51512     0 )

				perform extended poll descent ...... yes

				extended poll descent (on surrogates) {

					       iteration = 3
					 blackbox eval.  = 29
					      sgte eval. = 80
					      mesh index = -1
					ext. poll center = ( 51512     0 ) f=0.010526144504500000235 h=0


					MADS run {

						80+SGTE	OBJ	(ext-poll--surrogate)

						80+ 0	0.01193118095400000009	(ext-poll--surrogate)

					} end of run (max mesh index)

					blackbox evaluations    : 0
					best feasible solution  : ( 51512 0 ) h=0 f=0.011931180954000000088

				} end of extended poll descent (unsuccessful)


				extended poll point eval {

					extended poll point = ( 51411     0 )

					list of points evaluation (extended poll) {

						evaluation 1/1 {

							point #176 ( 51411  0 )
							mesh index : -1

							cache hit: #176 --> #129
							extended poll unsuccessful point #129 [ h=0 f=0.011137964725500000551 ]
						} 

					} end of evaluations


				} 


				extended poll center: ( 51411     0 )

				perform extended poll descent ...... yes

				extended poll descent (on surrogates) {

					       iteration = 3
					 blackbox eval.  = 29
					      sgte eval. = 82
					      mesh index = -1
					ext. poll center = ( 51411     0 ) f=0.011137964725500000551 h=0


					MADS run {

						82+SGTE	OBJ	(ext-poll--surrogate)

						82+ 0	0.01239180564880000036	(ext-poll--surrogate)

					} end of run (max mesh index)

					blackbox evaluations    : 0
					best feasible solution  : ( 51411 0 ) h=0 f=0.012391805648800000364

				} end of extended poll descent (unsuccessful)


				extended poll point eval {

					extended poll point = ( 51521     0 )

					list of points evaluation (extended poll) {

						evaluation 1/1 {

							point #177 ( 51521  0 )
							mesh index : -1

							cache hit: #177 --> #130
							extended poll unsuccessful point #130 [ h=0 f=0.011745307445499999707 ]
						} 

					} end of evaluations


				} 


				extended poll center: ( 51521     0 )

				perform extended poll descent ...... no

				extended poll point eval {

					extended poll point = ( 5155231     0 )

					list of points evaluation (extended poll) {

						evaluation 1/1 {

							point #178 ( 5155231  0 )
							mesh index : -1

							cache hit: #178 --> #131
							extended poll unsuccessful point #131 [ h=0 f=0.017151100635499998831 ]
						} 

					} end of evaluations


				} 


				extended poll center: ( 5155231     0 )

				perform extended poll descent ...... no

				extended poll point eval {

					extended poll point = ( 5154231     0 )

					list of points evaluation (extended poll) {

						evaluation 1/1 {

							point #179 ( 5154231  0 )
							mesh index : -1

							cache hit: #179 --> #132
							extended poll unsuccessful point #132 [ h=0 f=0.01624152898789999952 ]
						} 

					} end of evaluations


				} 


				extended poll center: ( 5154231     0 )

				perform extended poll descent ...... no

				extended poll point eval {

					extended poll point = ( 53511     0 )

					list of points evaluation (extended poll) {

						evaluation 1/1 {

							point #180 ( 53511  0 )
							mesh index : -1

							cache hit: #180 --> #133
							extended poll unsuccessful point #133 [ h=0 f=0.017123703956600001136 ]
						} 

					} end of evaluations


				} 


				extended poll center: ( 53511     0 )

				perform extended poll descent ...... no

				extended poll point eval {

					extended poll point = ( 5151523     0 )

					list of points evaluation (extended poll) {

						evaluation 1/1 {

							point #181 ( 5151523  0 )
							mesh index : -1

							cache hit: #181 --> #134
							extended poll unsuccessful point #134 [ h=0 f=0.015220484733599999594 ]
						} 

					} end of evaluations


				} 


				extended poll center: ( 5151523     0 )

				perform extended poll descent ...... no

				extended poll point eval {

					extended poll point = ( 5151423     0 )

					list of points evaluation (extended poll) {

						evaluation 1/1 {

							point #182 ( 5151423  0 )
							mesh index : -1

							cache hit: #182 --> #135
							extended poll unsuccessful point #135 [ h=0 f=0.014670212268799999802 ]
						} 

					} end of evaluations


				} 


				extended poll center: ( 5151423     0 )

				perform extended poll descent ...... no

				extended poll point eval {

					extended poll point = ( 52511     0 )

					list of points evaluation (extended poll) {

						evaluation 1/1 {

							point #183 ( 52511  0 )
							mesh index : -1

							cache hit: #183 --> #136
							extended poll unsuccessful point #136 [ h=0 f=0.014830965995799999524 ]
						} 

					} end of evaluations


				} 


				extended poll center: ( 52511     0 )

				perform extended poll descent ...... no

				extended poll point eval {

					extended poll point = ( 51531     0 )

					list of points evaluation (extended poll) {

						evaluation 1/1 {

							point #184 ( 51531  0 )
							mesh index : -1

							cache hit: #184 --> #137
							extended poll unsuccessful point #137 [ h=0 f=0.015357310771899999532 ]
						} 

					} end of evaluations


				} 


				extended poll center: ( 51531     0 )

				perform extended poll descent ...... no

				extended poll point eval {

					extended poll point = ( 5423511     0 )

					list of points evaluation (extended poll) {

						evaluation 1/1 {

							point #185 ( 5423511  0 )
							mesh index : -1

							cache hit: #185 --> #138
							extended poll unsuccessful point #138 [ h=0 f=0.017008948326100000598 ]
						} 

					} end of evaluations


				} 


				extended poll center: ( 5423511     0 )

				perform extended poll descent ...... no

				extended poll point eval {

					extended poll point = ( 5523511     0 )

					list of points evaluation (extended poll) {

						evaluation 1/1 {

							point #186 ( 5523511  0 )
							mesh index : -1

							cache hit: #186 --> #139
							extended poll unsuccessful point #139 [ h=0 f=0.019235396385199998726 ]
						} 

					} end of evaluations


				} 


				extended poll center: ( 5523511     0 )

				perform extended poll descent ...... no

				extended poll point eval {

					extended poll point = ( 51513     0 )

					list of points evaluation (extended poll) {

						evaluation 1/1 {

							point #187 ( 51513  0 )
							mesh index : -1

							cache hit: #187 --> #140
							extended poll unsuccessful point #140 [ h=0 f=0.015331530571000000218 ]
						} 

					} end of evaluations


				} 


				extended poll center: ( 51513     0 )

				perform extended poll descent ...... no

			} end of extended poll

		} end of poll

		Mesh update {
			previous mesh index: -1
			new mesh index     : 0
		} 


		terminate MADS       : no
		iteration status     : unsuccessful
		new feas. incumbent  : none
		new infeas. incumbent: none

	} end of iteration 3

	MADS iteration 4 {

		blackbox evaluations : 29
		best feas. solution  : ( 51511  0 ) h=0 f=0.010494585037200000743
		best infeas. solution: none
		poll center          : ( 51511  0 )
		mesh size            : (  1  1 )
		poll size            : (  1  1 )
		mesh index           : 0
		h_max                : inf

		MADS search {
		} end of search

		MADS poll {

			poll center: ( 51511  0 )

			poll directions (include mesh size parameter) {
				dir 0 : (  0 -1 ) Ortho-MADS 2n
				dir 1 : (  0  1 ) Ortho-MADS 2n
			} 

			re-ordered list of 2 poll trial points {
				#200 : ( 51511 -1 ) (dir 0)
				#201 : ( 51511  1 ) (dir 1)
			} 

			list of points evaluation (poll) {

				surrogate evaluation 1/2 {

					point #200 ( 51511 -1 )
					direction  : (  0 -1 ) Ortho-MADS 2n
					mesh index : 0

					surrogate cache hit: #200 --> #153

					point #153 sgte eval: failed
				} 

				surrogate evaluation 2/2 {

					point #201 ( 51511  1 )
					direction  : (  0  1 ) Ortho-MADS 2n
					mesh index : 0

					surrogate cache hit: #201 --> #154

					point #154 sgte eval: failed
				} 

			} end of evaluations

			re-ordered list of 2 poll trial points {

				#202: ( 51511 -1 ) (dir 0)
				#203: ( 51511  1 ) (dir 1)
			} 

			list of points evaluation (poll) {

				evaluation 1/2 {

					point #202 ( 51511 -1 )
					direction  : (  0 -1 ) Ortho-MADS 2n
					mesh index : -1

					cache hit: #202 --> #155
					poll unsuccessful point #155: evaluation failed
				} 

				evaluation 2/2 {

					point #203 ( 51511  1 )
					direction  : (  0  1 ) Ortho-MADS 2n
					mesh index : -1

					cache hit: #203 --> #156
					poll unsuccessful point #156: evaluation failed
				} 

			} end of evaluations


			MADS extended poll {


				extended poll pts sorting (on surrogates) {


					list of points evaluation (extended poll) {

						surrogate evaluation 1/16 {

							point #204 ( 41511  0 )
							mesh index : 0

							surrogate cache hit: #204 --> #110

							point #110 sgte eval: h=0 f=0.011739730835000000003
						} 

						surrogate evaluation 2/16 {

							point #205 ( 52511  0 )
							mesh index : 0

							surrogate cache hit: #205 --> #111

							point #111 sgte eval: h=0 f=0.016945838928200000761
						} 

						surrogate evaluation 3/16 {

							point #206 ( 53511  0 )
							mesh index : 0

							surrogate cache hit: #206 --> #112

							point #112 sgte eval: h=0 f=0.016441345214800000274
						} 

						surrogate evaluation 4/16 {

							point #207 ( 5423511  0 )
							mesh index : 0

							surrogate cache hit: #207 --> #113

							point #113 sgte eval: h=0 f=0.017507076263399999616
						} 

						surrogate evaluation 5/16 {

							point #208 ( 5523511  0 )
							mesh index : 0

							surrogate cache hit: #208 --> #114

							point #114 sgte eval: h=0 f=0.019077777862499999129
						} 

						surrogate evaluation 6/16 {

							point #209 ( 51411  0 )
							mesh index : 0

							surrogate cache hit: #209 --> #115

							point #115 sgte eval: h=0 f=0.012391805648800000364
						} 

						surrogate evaluation 7/16 {

							point #210 ( 511  0 )
							mesh index : 0

							surrogate cache hit: #210 --> #116

							point #116 sgte eval: h=0 f=0.011494159698499999481
						} 

						surrogate evaluation 8/16 {

							point #211 ( 511  0 )
							mesh index : 0

							surrogate cache hit: #211 --> #116

							point #116 sgte eval: h=0 f=0.011494159698499999481
						} 

						surrogate evaluation 9/16 {

							point #212 ( 51521  0 )
							mesh index : 0

							surrogate cache hit: #212 --> #118

							point #118 sgte eval: h=0 f=0.014461278915399999878
						} 

						surrogate evaluation 10/16 {

							point #213 ( 51531  0 )
							mesh index : 0

							surrogate cache hit: #213 --> #119

							point #119 sgte eval: h=0 f=0.017401218414300000104
						} 

						surrogate evaluation 11/16 {

							point #214 ( 5154231  0 )
							mesh index : 0

							surrogate cache hit: #214 --> #120

							point #120 sgte eval: h=0 f=0.016047000884999999132
						} 

						surrogate evaluation 12/16 {

							point #215 ( 5155231  0 )
							mesh index : 0

							surrogate cache hit: #215 --> #121

							point #121 sgte eval: h=0 f=0.015858650207500001733
						} 

						surrogate evaluation 13/16 {

							point #216 ( 51512  0 )
							mesh index : 0

							surrogate cache hit: #216 --> #122

							point #122 sgte eval: h=0 f=0.011931180954000000088
						} 

						surrogate evaluation 14/16 {

							point #217 ( 51513  0 )
							mesh index : 0

							surrogate cache hit: #217 --> #123

							point #123 sgte eval: h=0 f=0.019886255264300000539
						} 

						surrogate evaluation 15/16 {

							point #218 ( 5151423  0 )
							mesh index : 0

							surrogate cache hit: #218 --> #124

							point #124 sgte eval: h=0 f=0.016796112060499999302
						} 

						surrogate evaluation 16/16 {

							point #219 ( 5151523  0 )
							mesh index : 0

							surrogate cache hit: #219 --> #125

							point #125 sgte eval: h=0 f=0.016661882400500000606
						} 

					} end of evaluations


					sorted ext poll pts {

						point # 1/15 : (   511     0 )
						point # 2/15 : ( 41511     0 )
						point # 3/15 : ( 51512     0 )
						point # 4/15 : ( 51411     0 )
						point # 5/15 : ( 51521     0 )
						point # 6/15 : ( 5155231     0 )
						point # 7/15 : ( 5154231     0 )
						point # 8/15 : ( 53511     0 )
						point # 9/15 : ( 5151523     0 )
						point #10/15 : ( 5151423     0 )
						point #11/15 : ( 52511     0 )
						point #12/15 : ( 51531     0 )
						point #13/15 : ( 5423511     0 )
						point #14/15 : ( 5523511     0 )
						point #15/15 : ( 51513     0 )

					} 


				} end of ext poll pts sorting (on surrogates)


				extended poll point eval {

					extended poll point = (   511     0 )

					list of points evaluation (extended poll) {

						evaluation 1/1 {

							point #220 ( 511  0 )
							mesh index : 0

							cache hit: #220 --> #126
							extended poll unsuccessful point #126 [ h=0 f=0.010839648246799999179 ]
						} 

					} end of evaluations


				} 


				extended poll center: (   511     0 )

				perform extended poll descent ...... yes

				extended poll descent (on surrogates) {

					       iteration = 4
					 blackbox eval.  = 29
					      sgte eval. = 84
					      mesh index = 0
					ext. poll center = (   511     0 ) f=0.010839648246799999179 h=0


					MADS run {

						84+SGTE	OBJ	(ext-poll--surrogate)

						84+ 0	0.01149415969849999948	(ext-poll--surrogate)

					} end of run (max mesh index)

					blackbox evaluations    : 0
					best feasible solution  : ( 511 0 ) h=0 f=0.011494159698499999481

				} end of extended poll descent (unsuccessful)


				extended poll point eval {

					extended poll point = ( 41511     0 )

					list of points evaluation (extended poll) {

						evaluation 1/1 {

							point #221 ( 41511  0 )
							mesh index : 0

							cache hit: #221 --> #127
							extended poll unsuccessful point #127 [ h=0 f=0.011132414340999999269 ]
						} 

					} end of evaluations


				} 


				extended poll center: ( 41511     0 )

				perform extended poll descent ...... yes

				extended poll descent (on surrogates) {

					       iteration = 4
					 blackbox eval.  = 29
					      sgte eval. = 84
					      mesh index = 0
					ext. poll center = ( 41511     0 ) f=0.011132414340999999269 h=0


					MADS run {

						84+SGTE	OBJ	(ext-poll--surrogate)

						84+ 0	0.01173973083500000000	(ext-poll--surrogate)

					} end of run (max mesh index)

					blackbox evaluations    : 0
					best feasible solution  : ( 41511 0 ) h=0 f=0.011739730835000000003

				} end of extended poll descent (unsuccessful)


				extended poll point eval {

					extended poll point = ( 51512     0 )

					list of points evaluation (extended poll) {

						evaluation 1/1 {

							point #222 ( 51512  0 )
							mesh index : 0

							cache hit: #222 --> #128
							extended poll unsuccessful point #128 [ h=0 f=0.010526144504500000235 ]
						} 

					} end of evaluations


				} 


				extended poll center: ( 51512     0 )

				perform extended poll descent ...... yes

				extended poll descent (on surrogates) {

					       iteration = 4
					 blackbox eval.  = 29
					      sgte eval. = 84
					      mesh index = 0
					ext. poll center = ( 51512     0 ) f=0.010526144504500000235 h=0


					MADS run {

						84+SGTE	OBJ	(ext-poll--surrogate)

						84+ 0	0.01193118095400000009	(ext-poll--surrogate)

					} end of run (max mesh index)

					blackbox evaluations    : 0
					best feasible solution  : ( 51512 0 ) h=0 f=0.011931180954000000088

				} end of extended poll descent (unsuccessful)


				extended poll point eval {

					extended poll point = ( 51411     0 )

					list of points evaluation (extended poll) {

						evaluation 1/1 {

							point #223 ( 51411  0 )
							mesh index : 0

							cache hit: #223 --> #129
							extended poll unsuccessful point #129 [ h=0 f=0.011137964725500000551 ]
						} 

					} end of evaluations


				} 


				extended poll center: ( 51411     0 )

				perform extended poll descent ...... yes

				extended poll descent (on surrogates) {

					       iteration = 4
					 blackbox eval.  = 29
					      sgte eval. = 84
					      mesh index = 0
					ext. poll center = ( 51411     0 ) f=0.011137964725500000551 h=0


					MADS run {

						84+SGTE	OBJ	(ext-poll--surrogate)

						84+ 0	0.01239180564880000036	(ext-poll--surrogate)

					} end of run (max mesh index)

					blackbox evaluations    : 0
					best feasible solution  : ( 51411 0 ) h=0 f=0.012391805648800000364

				} end of extended poll descent (unsuccessful)


				extended poll point eval {

					extended poll point = ( 51521     0 )

					list of points evaluation (extended poll) {

						evaluation 1/1 {

							point #224 ( 51521  0 )
							mesh index : 0

							cache hit: #224 --> #130
							extended poll unsuccessful point #130 [ h=0 f=0.011745307445499999707 ]
						} 

					} end of evaluations


				} 


				extended poll center: ( 51521     0 )

				perform extended poll descent ...... no

				extended poll point eval {

					extended poll point = ( 5155231     0 )

					list of points evaluation (extended poll) {

						evaluation 1/1 {

							point #225 ( 5155231  0 )
							mesh index : 0

							cache hit: #225 --> #131
							extended poll unsuccessful point #131 [ h=0 f=0.017151100635499998831 ]
						} 

					} end of evaluations


				} 


				extended poll center: ( 5155231     0 )

				perform extended poll descent ...... no

				extended poll point eval {

					extended poll point = ( 5154231     0 )

					list of points evaluation (extended poll) {

						evaluation 1/1 {

							point #226 ( 5154231  0 )
							mesh index : 0

							cache hit: #226 --> #132
							extended poll unsuccessful point #132 [ h=0 f=0.01624152898789999952 ]
						} 

					} end of evaluations


				} 


				extended poll center: ( 5154231     0 )

				perform extended poll descent ...... no

				extended poll point eval {

					extended poll point = ( 53511     0 )

					list of points evaluation (extended poll) {

						evaluation 1/1 {

							point #227 ( 53511  0 )
							mesh index : 0

							cache hit: #227 --> #133
							extended poll unsuccessful point #133 [ h=0 f=0.017123703956600001136 ]
						} 

					} end of evaluations


				} 


				extended poll center: ( 53511     0 )

				perform extended poll descent ...... no

				extended poll point eval {

					extended poll point = ( 5151523     0 )

					list of points evaluation (extended poll) {

						evaluation 1/1 {

							point #228 ( 5151523  0 )
							mesh index : 0

							cache hit: #228 --> #134
							extended poll unsuccessful point #134 [ h=0 f=0.015220484733599999594 ]
						} 

					} end of evaluations


				} 


				extended poll center: ( 5151523     0 )

				perform extended poll descent ...... no

				extended poll point eval {

					extended poll point = ( 5151423     0 )

					list of points evaluation (extended poll) {

						evaluation 1/1 {

							point #229 ( 5151423  0 )
							mesh index : 0

							cache hit: #229 --> #135
							extended poll unsuccessful point #135 [ h=0 f=0.014670212268799999802 ]
						} 

					} end of evaluations


				} 


				extended poll center: ( 5151423     0 )

				perform extended poll descent ...... no

				extended poll point eval {

					extended poll point = ( 52511     0 )

					list of points evaluation (extended poll) {

						evaluation 1/1 {

							point #230 ( 52511  0 )
							mesh index : 0

							cache hit: #230 --> #136
							extended poll unsuccessful point #136 [ h=0 f=0.014830965995799999524 ]
						} 

					} end of evaluations


				} 


				extended poll center: ( 52511     0 )

				perform extended poll descent ...... no

				extended poll point eval {

					extended poll point = ( 51531     0 )

					list of points evaluation (extended poll) {

						evaluation 1/1 {

							point #231 ( 51531  0 )
							mesh index : 0

							cache hit: #231 --> #137
							extended poll unsuccessful point #137 [ h=0 f=0.015357310771899999532 ]
						} 

					} end of evaluations


				} 


				extended poll center: ( 51531     0 )

				perform extended poll descent ...... no

				extended poll point eval {

					extended poll point = ( 5423511     0 )

					list of points evaluation (extended poll) {

						evaluation 1/1 {

							point #232 ( 5423511  0 )
							mesh index : 0

							cache hit: #232 --> #138
							extended poll unsuccessful point #138 [ h=0 f=0.017008948326100000598 ]
						} 

					} end of evaluations


				} 


				extended poll center: ( 5423511     0 )

				perform extended poll descent ...... no

				extended poll point eval {

					extended poll point = ( 5523511     0 )

					list of points evaluation (extended poll) {

						evaluation 1/1 {

							point #233 ( 5523511  0 )
							mesh index : 0

							cache hit: #233 --> #139
							extended poll unsuccessful point #139 [ h=0 f=0.019235396385199998726 ]
						} 

					} end of evaluations


				} 


				extended poll center: ( 5523511     0 )

				perform extended poll descent ...... no

				extended poll point eval {

					extended poll point = ( 51513     0 )

					list of points evaluation (extended poll) {

						evaluation 1/1 {

							point #234 ( 51513  0 )
							mesh index : 0

							cache hit: #234 --> #140
							extended poll unsuccessful point #140 [ h=0 f=0.015331530571000000218 ]
						} 

					} end of evaluations


				} 


				extended poll center: ( 51513     0 )

				perform extended poll descent ...... no

			} end of extended poll

		} end of poll

		Mesh update {
			previous mesh index: 0
			new mesh index     : 1
		} 


		terminate MADS       : no
		iteration status     : unsuccessful
		new feas. incumbent  : none
		new infeas. incumbent: none

	} end of iteration 4

	MADS iteration 5 {

		blackbox evaluations : 29
		best feas. solution  : ( 51511  0 ) h=0 f=0.010494585037200000743
		best infeas. solution: none
		poll center          : ( 51511  0 )
		mesh size            : ( 0.25 0.25 )
		poll size            : ( 0.5 0.5 )
		mesh index           : 1
		h_max                : inf

		MADS search {
		} end of search

		MADS poll {

			poll center: ( 51511  0 )

			poll directions (include mesh size parameter) {
				dir 0 : (  0 -1 ) Ortho-MADS 2n
				dir 1 : (  0  1 ) Ortho-MADS 2n
			} 

			re-ordered list of 2 poll trial points {
				#247 : ( 51511 -1 ) (dir 0)
				#248 : ( 51511  1 ) (dir 1)
			} 

			list of points evaluation (poll) {

				surrogate evaluation 1/2 {

					point #247 ( 51511 -1 )
					direction  : (  0 -1 ) Ortho-MADS 2n
					mesh index : 1

					surrogate cache hit: #247 --> #153

					point #153 sgte eval: failed
				} 

				surrogate evaluation 2/2 {

					point #248 ( 51511  1 )
					direction  : (  0  1 ) Ortho-MADS 2n
					mesh index : 1

					surrogate cache hit: #248 --> #154

					point #154 sgte eval: failed
				} 

			} end of evaluations

			re-ordered list of 2 poll trial points {

				#249: ( 51511 -1 ) (dir 0)
				#250: ( 51511  1 ) (dir 1)
			} 

			list of points evaluation (poll) {

				evaluation 1/2 {

					point #249 ( 51511 -1 )
					direction  : (  0 -1 ) Ortho-MADS 2n
					mesh index : -1

					cache hit: #249 --> #155
					poll unsuccessful point #155: evaluation failed
				} 

				evaluation 2/2 {

					point #250 ( 51511  1 )
					direction  : (  0  1 ) Ortho-MADS 2n
					mesh index : -1

					cache hit: #250 --> #156
					poll unsuccessful point #156: evaluation failed
				} 

			} end of evaluations


			MADS extended poll {


				extended poll pts sorting (on surrogates) {


					list of points evaluation (extended poll) {

						surrogate evaluation 1/16 {

							point #251 ( 41511  0 )
							mesh index : 1

							surrogate cache hit: #251 --> #110

							point #110 sgte eval: h=0 f=0.011739730835000000003
						} 

						surrogate evaluation 2/16 {

							point #252 ( 52511  0 )
							mesh index : 1

							surrogate cache hit: #252 --> #111

							point #111 sgte eval: h=0 f=0.016945838928200000761
						} 

						surrogate evaluation 3/16 {

							point #253 ( 53511  0 )
							mesh index : 1

							surrogate cache hit: #253 --> #112

							point #112 sgte eval: h=0 f=0.016441345214800000274
						} 

						surrogate evaluation 4/16 {

							point #254 ( 5423511  0 )
							mesh index : 1

							surrogate cache hit: #254 --> #113

							point #113 sgte eval: h=0 f=0.017507076263399999616
						} 

						surrogate evaluation 5/16 {

							point #255 ( 5523511  0 )
							mesh index : 1

							surrogate cache hit: #255 --> #114

							point #114 sgte eval: h=0 f=0.019077777862499999129
						} 

						surrogate evaluation 6/16 {

							point #256 ( 51411  0 )
							mesh index : 1

							surrogate cache hit: #256 --> #115

							point #115 sgte eval: h=0 f=0.012391805648800000364
						} 

						surrogate evaluation 7/16 {

							point #257 ( 511  0 )
							mesh index : 1

							surrogate cache hit: #257 --> #116

							point #116 sgte eval: h=0 f=0.011494159698499999481
						} 

						surrogate evaluation 8/16 {

							point #258 ( 511  0 )
							mesh index : 1

							surrogate cache hit: #258 --> #116

							point #116 sgte eval: h=0 f=0.011494159698499999481
						} 

						surrogate evaluation 9/16 {

							point #259 ( 51521  0 )
							mesh index : 1

							surrogate cache hit: #259 --> #118

							point #118 sgte eval: h=0 f=0.014461278915399999878
						} 

						surrogate evaluation 10/16 {

							point #260 ( 51531  0 )
							mesh index : 1

							surrogate cache hit: #260 --> #119

							point #119 sgte eval: h=0 f=0.017401218414300000104
						} 

						surrogate evaluation 11/16 {

							point #261 ( 5154231  0 )
							mesh index : 1

							surrogate cache hit: #261 --> #120

							point #120 sgte eval: h=0 f=0.016047000884999999132
						} 

						surrogate evaluation 12/16 {

							point #262 ( 5155231  0 )
							mesh index : 1

							surrogate cache hit: #262 --> #121

							point #121 sgte eval: h=0 f=0.015858650207500001733
						} 

						surrogate evaluation 13/16 {

							point #263 ( 51512  0 )
							mesh index : 1

							surrogate cache hit: #263 --> #122

							point #122 sgte eval: h=0 f=0.011931180954000000088
						} 

						surrogate evaluation 14/16 {

							point #264 ( 51513  0 )
							mesh index : 1

							surrogate cache hit: #264 --> #123

							point #123 sgte eval: h=0 f=0.019886255264300000539
						} 

						surrogate evaluation 15/16 {

							point #265 ( 5151423  0 )
							mesh index : 1

							surrogate cache hit: #265 --> #124

							point #124 sgte eval: h=0 f=0.016796112060499999302
						} 

						surrogate evaluation 16/16 {

							point #266 ( 5151523  0 )
							mesh index : 1

							surrogate cache hit: #266 --> #125

							point #125 sgte eval: h=0 f=0.016661882400500000606
						} 

					} end of evaluations


					sorted ext poll pts {

						point # 1/15 : (   511     0 )
						point # 2/15 : ( 41511     0 )
						point # 3/15 : ( 51512     0 )
						point # 4/15 : ( 51411     0 )
						point # 5/15 : ( 51521     0 )
						point # 6/15 : ( 5155231     0 )
						point # 7/15 : ( 5154231     0 )
						point # 8/15 : ( 53511     0 )
						point # 9/15 : ( 5151523     0 )
						point #10/15 : ( 5151423     0 )
						point #11/15 : ( 52511     0 )
						point #12/15 : ( 51531     0 )
						point #13/15 : ( 5423511     0 )
						point #14/15 : ( 5523511     0 )
						point #15/15 : ( 51513     0 )

					} 


				} end of ext poll pts sorting (on surrogates)


				extended poll point eval {

					extended poll point = (   511     0 )

					list of points evaluation (extended poll) {

						evaluation 1/1 {

							point #267 ( 511  0 )
							mesh index : 1

							cache hit: #267 --> #126
							extended poll unsuccessful point #126 [ h=0 f=0.010839648246799999179 ]
						} 

					} end of evaluations


				} 


				extended poll center: (   511     0 )

				perform extended poll descent ...... yes

				extended poll descent (on surrogates) {

					       iteration = 5
					 blackbox eval.  = 29
					      sgte eval. = 84
					      mesh index = 1
					ext. poll center = (   511     0 ) f=0.010839648246799999179 h=0


					MADS run {

						84+SGTE	OBJ	(ext-poll--surrogate)

						84+ 0	0.01149415969849999948	(ext-poll--surrogate)

					} end of run (max mesh index)

					blackbox evaluations    : 0
					best feasible solution  : ( 511 0 ) h=0 f=0.011494159698499999481

				} end of extended poll descent (unsuccessful)


				extended poll point eval {

					extended poll point = ( 41511     0 )

					list of points evaluation (extended poll) {

						evaluation 1/1 {

							point #268 ( 41511  0 )
							mesh index : 1

							cache hit: #268 --> #127
							extended poll unsuccessful point #127 [ h=0 f=0.011132414340999999269 ]
						} 

					} end of evaluations


				} 


				extended poll center: ( 41511     0 )

				perform extended poll descent ...... yes

				extended poll descent (on surrogates) {

					       iteration = 5
					 blackbox eval.  = 29
					      sgte eval. = 84
					      mesh index = 1
					ext. poll center = ( 41511     0 ) f=0.011132414340999999269 h=0


					MADS run {

						84+SGTE	OBJ	(ext-poll--surrogate)

						84+ 0	0.01173973083500000000	(ext-poll--surrogate)

					} end of run (max mesh index)

					blackbox evaluations    : 0
					best feasible solution  : ( 41511 0 ) h=0 f=0.011739730835000000003

				} end of extended poll descent (unsuccessful)


				extended poll point eval {

					extended poll point = ( 51512     0 )

					list of points evaluation (extended poll) {

						evaluation 1/1 {

							point #269 ( 51512  0 )
							mesh index : 1

							cache hit: #269 --> #128
							extended poll unsuccessful point #128 [ h=0 f=0.010526144504500000235 ]
						} 

					} end of evaluations


				} 


				extended poll center: ( 51512     0 )

				perform extended poll descent ...... yes

				extended poll descent (on surrogates) {

					       iteration = 5
					 blackbox eval.  = 29
					      sgte eval. = 84
					      mesh index = 1
					ext. poll center = ( 51512     0 ) f=0.010526144504500000235 h=0


					MADS run {

						84+SGTE	OBJ	(ext-poll--surrogate)

						84+ 0	0.01193118095400000009	(ext-poll--surrogate)

					} end of run (max mesh index)

					blackbox evaluations    : 0
					best feasible solution  : ( 51512 0 ) h=0 f=0.011931180954000000088

				} end of extended poll descent (unsuccessful)


				extended poll point eval {

					extended poll point = ( 51411     0 )

					list of points evaluation (extended poll) {

						evaluation 1/1 {

							point #270 ( 51411  0 )
							mesh index : 1

							cache hit: #270 --> #129
							extended poll unsuccessful point #129 [ h=0 f=0.011137964725500000551 ]
						} 

					} end of evaluations


				} 


				extended poll center: ( 51411     0 )

				perform extended poll descent ...... yes

				extended poll descent (on surrogates) {

					       iteration = 5
					 blackbox eval.  = 29
					      sgte eval. = 84
					      mesh index = 1
					ext. poll center = ( 51411     0 ) f=0.011137964725500000551 h=0


					MADS run {

						84+SGTE	OBJ	(ext-poll--surrogate)

						84+ 0	0.01239180564880000036	(ext-poll--surrogate)

					} end of run (max mesh index)

					blackbox evaluations    : 0
					best feasible solution  : ( 51411 0 ) h=0 f=0.012391805648800000364

				} end of extended poll descent (unsuccessful)


				extended poll point eval {

					extended poll point = ( 51521     0 )

					list of points evaluation (extended poll) {

						evaluation 1/1 {

							point #271 ( 51521  0 )
							mesh index : 1

							cache hit: #271 --> #130
							extended poll unsuccessful point #130 [ h=0 f=0.011745307445499999707 ]
						} 

					} end of evaluations


				} 


				extended poll center: ( 51521     0 )

				perform extended poll descent ...... no

				extended poll point eval {

					extended poll point = ( 5155231     0 )

					list of points evaluation (extended poll) {

						evaluation 1/1 {

							point #272 ( 5155231  0 )
							mesh index : 1

							cache hit: #272 --> #131
							extended poll unsuccessful point #131 [ h=0 f=0.017151100635499998831 ]
						} 

					} end of evaluations


				} 


				extended poll center: ( 5155231     0 )

				perform extended poll descent ...... no

				extended poll point eval {

					extended poll point = ( 5154231     0 )

					list of points evaluation (extended poll) {

						evaluation 1/1 {

							point #273 ( 5154231  0 )
							mesh index : 1

							cache hit: #273 --> #132
							extended poll unsuccessful point #132 [ h=0 f=0.01624152898789999952 ]
						} 

					} end of evaluations


				} 


				extended poll center: ( 5154231     0 )

				perform extended poll descent ...... no

				extended poll point eval {

					extended poll point = ( 53511     0 )

					list of points evaluation (extended poll) {

						evaluation 1/1 {

							point #274 ( 53511  0 )
							mesh index : 1

							cache hit: #274 --> #133
							extended poll unsuccessful point #133 [ h=0 f=0.017123703956600001136 ]
						} 

					} end of evaluations


				} 


				extended poll center: ( 53511     0 )

				perform extended poll descent ...... no

				extended poll point eval {

					extended poll point = ( 5151523     0 )

					list of points evaluation (extended poll) {

						evaluation 1/1 {

							point #275 ( 5151523  0 )
							mesh index : 1

							cache hit: #275 --> #134
							extended poll unsuccessful point #134 [ h=0 f=0.015220484733599999594 ]
						} 

					} end of evaluations


				} 


				extended poll center: ( 5151523     0 )

				perform extended poll descent ...... no

				extended poll point eval {

					extended poll point = ( 5151423     0 )

					list of points evaluation (extended poll) {

						evaluation 1/1 {

							point #276 ( 5151423  0 )
							mesh index : 1

							cache hit: #276 --> #135
							extended poll unsuccessful point #135 [ h=0 f=0.014670212268799999802 ]
						} 

					} end of evaluations


				} 


				extended poll center: ( 5151423     0 )

				perform extended poll descent ...... no

				extended poll point eval {

					extended poll point = ( 52511     0 )

					list of points evaluation (extended poll) {

						evaluation 1/1 {

							point #277 ( 52511  0 )
							mesh index : 1

							cache hit: #277 --> #136
							extended poll unsuccessful point #136 [ h=0 f=0.014830965995799999524 ]
						} 

					} end of evaluations


				} 


				extended poll center: ( 52511     0 )

				perform extended poll descent ...... no

				extended poll point eval {

					extended poll point = ( 51531     0 )

					list of points evaluation (extended poll) {

						evaluation 1/1 {

							point #278 ( 51531  0 )
							mesh index : 1

							cache hit: #278 --> #137
							extended poll unsuccessful point #137 [ h=0 f=0.015357310771899999532 ]
						} 

					} end of evaluations


				} 


				extended poll center: ( 51531     0 )

				perform extended poll descent ...... no

				extended poll point eval {

					extended poll point = ( 5423511     0 )

					list of points evaluation (extended poll) {

						evaluation 1/1 {

							point #279 ( 5423511  0 )
							mesh index : 1

							cache hit: #279 --> #138
							extended poll unsuccessful point #138 [ h=0 f=0.017008948326100000598 ]
						} 

					} end of evaluations


				} 


				extended poll center: ( 5423511     0 )

				perform extended poll descent ...... no

				extended poll point eval {

					extended poll point = ( 5523511     0 )

					list of points evaluation (extended poll) {

						evaluation 1/1 {

							point #280 ( 5523511  0 )
							mesh index : 1

							cache hit: #280 --> #139
							extended poll unsuccessful point #139 [ h=0 f=0.019235396385199998726 ]
						} 

					} end of evaluations


				} 


				extended poll center: ( 5523511     0 )

				perform extended poll descent ...... no

				extended poll point eval {

					extended poll point = ( 51513     0 )

					list of points evaluation (extended poll) {

						evaluation 1/1 {

							point #281 ( 51513  0 )
							mesh index : 1

							cache hit: #281 --> #140
							extended poll unsuccessful point #140 [ h=0 f=0.015331530571000000218 ]
						} 

					} end of evaluations


				} 


				extended poll center: ( 51513     0 )

				perform extended poll descent ...... no

			} end of extended poll

		} end of poll

		Mesh update {
			previous mesh index: 1
			new mesh index     : 2
		} 


		terminate MADS       : no
		iteration status     : unsuccessful
		new feas. incumbent  : none
		new infeas. incumbent: none

	} end of iteration 5

	MADS iteration 6 {

		blackbox evaluations : 29
		best feas. solution  : ( 51511  0 ) h=0 f=0.010494585037200000743
		best infeas. solution: none
		poll center          : ( 51511  0 )
		mesh size            : ( 0.0625 0.0625 )
		poll size            : ( 0.25 0.25 )
		mesh index           : 2
		h_max                : inf

		MADS search {
		} end of search

		MADS poll {

			poll center: ( 51511  0 )

			poll directions (include mesh size parameter) {
				dir 0 : (  0 -1 ) Ortho-MADS 2n
				dir 1 : (  0  1 ) Ortho-MADS 2n
			} 

			re-ordered list of 2 poll trial points {
				#294 : ( 51511 -1 ) (dir 0)
				#295 : ( 51511  1 ) (dir 1)
			} 

			list of points evaluation (poll) {

				surrogate evaluation 1/2 {

					point #294 ( 51511 -1 )
					direction  : (  0 -1 ) Ortho-MADS 2n
					mesh index : 2

					surrogate cache hit: #294 --> #153

					point #153 sgte eval: failed
				} 

				surrogate evaluation 2/2 {

					point #295 ( 51511  1 )
					direction  : (  0  1 ) Ortho-MADS 2n
					mesh index : 2

					surrogate cache hit: #295 --> #154

					point #154 sgte eval: failed
				} 

			} end of evaluations

			re-ordered list of 2 poll trial points {

				#296: ( 51511 -1 ) (dir 0)
				#297: ( 51511  1 ) (dir 1)
			} 

			list of points evaluation (poll) {

				evaluation 1/2 {

					point #296 ( 51511 -1 )
					direction  : (  0 -1 ) Ortho-MADS 2n
					mesh index : -1

					cache hit: #296 --> #155
					poll unsuccessful point #155: evaluation failed
				} 

				evaluation 2/2 {

					point #297 ( 51511  1 )
					direction  : (  0  1 ) Ortho-MADS 2n
					mesh index : -1

					cache hit: #297 --> #156
					poll unsuccessful point #156: evaluation failed
				} 

			} end of evaluations


			MADS extended poll {


				extended poll pts sorting (on surrogates) {


					list of points evaluation (extended poll) {

						surrogate evaluation 1/16 {

							point #298 ( 41511  0 )
							mesh index : 2

							surrogate cache hit: #298 --> #110

							point #110 sgte eval: h=0 f=0.011739730835000000003
						} 

						surrogate evaluation 2/16 {

							point #299 ( 52511  0 )
							mesh index : 2

							surrogate cache hit: #299 --> #111

							point #111 sgte eval: h=0 f=0.016945838928200000761
						} 

						surrogate evaluation 3/16 {

							point #300 ( 53511  0 )
							mesh index : 2

							surrogate cache hit: #300 --> #112

							point #112 sgte eval: h=0 f=0.016441345214800000274
						} 

						surrogate evaluation 4/16 {

							point #301 ( 5423511  0 )
							mesh index : 2

							surrogate cache hit: #301 --> #113

							point #113 sgte eval: h=0 f=0.017507076263399999616
						} 

						surrogate evaluation 5/16 {

							point #302 ( 5523511  0 )
							mesh index : 2

							surrogate cache hit: #302 --> #114

							point #114 sgte eval: h=0 f=0.019077777862499999129
						} 

						surrogate evaluation 6/16 {

							point #303 ( 51411  0 )
							mesh index : 2

							surrogate cache hit: #303 --> #115

							point #115 sgte eval: h=0 f=0.012391805648800000364
						} 

						surrogate evaluation 7/16 {

							point #304 ( 511  0 )
							mesh index : 2

							surrogate cache hit: #304 --> #116

							point #116 sgte eval: h=0 f=0.011494159698499999481
						} 

						surrogate evaluation 8/16 {

							point #305 ( 511  0 )
							mesh index : 2

							surrogate cache hit: #305 --> #116

							point #116 sgte eval: h=0 f=0.011494159698499999481
						} 

						surrogate evaluation 9/16 {

							point #306 ( 51521  0 )
							mesh index : 2

							surrogate cache hit: #306 --> #118

							point #118 sgte eval: h=0 f=0.014461278915399999878
						} 

						surrogate evaluation 10/16 {

							point #307 ( 51531  0 )
							mesh index : 2

							surrogate cache hit: #307 --> #119

							point #119 sgte eval: h=0 f=0.017401218414300000104
						} 

						surrogate evaluation 11/16 {

							point #308 ( 5154231  0 )
							mesh index : 2

							surrogate cache hit: #308 --> #120

							point #120 sgte eval: h=0 f=0.016047000884999999132
						} 

						surrogate evaluation 12/16 {

							point #309 ( 5155231  0 )
							mesh index : 2

							surrogate cache hit: #309 --> #121

							point #121 sgte eval: h=0 f=0.015858650207500001733
						} 

						surrogate evaluation 13/16 {

							point #310 ( 51512  0 )
							mesh index : 2

							surrogate cache hit: #310 --> #122

							point #122 sgte eval: h=0 f=0.011931180954000000088
						} 

						surrogate evaluation 14/16 {

							point #311 ( 51513  0 )
							mesh index : 2

							surrogate cache hit: #311 --> #123

							point #123 sgte eval: h=0 f=0.019886255264300000539
						} 

						surrogate evaluation 15/16 {

							point #312 ( 5151423  0 )
							mesh index : 2

							surrogate cache hit: #312 --> #124

							point #124 sgte eval: h=0 f=0.016796112060499999302
						} 

						surrogate evaluation 16/16 {

							point #313 ( 5151523  0 )
							mesh index : 2

							surrogate cache hit: #313 --> #125

							point #125 sgte eval: h=0 f=0.016661882400500000606
						} 

					} end of evaluations


					sorted ext poll pts {

						point # 1/15 : (   511     0 )
						point # 2/15 : ( 41511     0 )
						point # 3/15 : ( 51512     0 )
						point # 4/15 : ( 51411     0 )
						point # 5/15 : ( 51521     0 )
						point # 6/15 : ( 5155231     0 )
						point # 7/15 : ( 5154231     0 )
						point # 8/15 : ( 53511     0 )
						point # 9/15 : ( 5151523     0 )
						point #10/15 : ( 5151423     0 )
						point #11/15 : ( 52511     0 )
						point #12/15 : ( 51531     0 )
						point #13/15 : ( 5423511     0 )
						point #14/15 : ( 5523511     0 )
						point #15/15 : ( 51513     0 )

					} 


				} end of ext poll pts sorting (on surrogates)


				extended poll point eval {

					extended poll point = (   511     0 )

					list of points evaluation (extended poll) {

						evaluation 1/1 {

							point #314 ( 511  0 )
							mesh index : 2

							cache hit: #314 --> #126
							extended poll unsuccessful point #126 [ h=0 f=0.010839648246799999179 ]
						} 

					} end of evaluations


				} 


				extended poll center: (   511     0 )

				perform extended poll descent ...... yes

				extended poll descent (on surrogates) {

					       iteration = 6
					 blackbox eval.  = 29
					      sgte eval. = 84
					      mesh index = 2
					ext. poll center = (   511     0 ) f=0.010839648246799999179 h=0


					MADS run {

						84+SGTE	OBJ	(ext-poll--surrogate)

						84+ 0	0.01149415969849999948	(ext-poll--surrogate)

					} end of run (max mesh index)

					blackbox evaluations    : 0
					best feasible solution  : ( 511 0 ) h=0 f=0.011494159698499999481

				} end of extended poll descent (unsuccessful)


				extended poll point eval {

					extended poll point = ( 41511     0 )

					list of points evaluation (extended poll) {

						evaluation 1/1 {

							point #315 ( 41511  0 )
							mesh index : 2

							cache hit: #315 --> #127
							extended poll unsuccessful point #127 [ h=0 f=0.011132414340999999269 ]
						} 

					} end of evaluations


				} 


				extended poll center: ( 41511     0 )

				perform extended poll descent ...... yes

				extended poll descent (on surrogates) {

					       iteration = 6
					 blackbox eval.  = 29
					      sgte eval. = 84
					      mesh index = 2
					ext. poll center = ( 41511     0 ) f=0.011132414340999999269 h=0


					MADS run {

						84+SGTE	OBJ	(ext-poll--surrogate)

						84+ 0	0.01173973083500000000	(ext-poll--surrogate)

					} end of run (max mesh index)

					blackbox evaluations    : 0
					best feasible solution  : ( 41511 0 ) h=0 f=0.011739730835000000003

				} end of extended poll descent (unsuccessful)


				extended poll point eval {

					extended poll point = ( 51512     0 )

					list of points evaluation (extended poll) {

						evaluation 1/1 {

							point #316 ( 51512  0 )
							mesh index : 2

							cache hit: #316 --> #128
							extended poll unsuccessful point #128 [ h=0 f=0.010526144504500000235 ]
						} 

					} end of evaluations


				} 


				extended poll center: ( 51512     0 )

				perform extended poll descent ...... yes

				extended poll descent (on surrogates) {

					       iteration = 6
					 blackbox eval.  = 29
					      sgte eval. = 84
					      mesh index = 2
					ext. poll center = ( 51512     0 ) f=0.010526144504500000235 h=0


					MADS run {

						84+SGTE	OBJ	(ext-poll--surrogate)

						84+ 0	0.01193118095400000009	(ext-poll--surrogate)

					} end of run (max mesh index)

					blackbox evaluations    : 0
					best feasible solution  : ( 51512 0 ) h=0 f=0.011931180954000000088

				} end of extended poll descent (unsuccessful)


				extended poll point eval {

					extended poll point = ( 51411     0 )

					list of points evaluation (extended poll) {

						evaluation 1/1 {

							point #317 ( 51411  0 )
							mesh index : 2

							cache hit: #317 --> #129
							extended poll unsuccessful point #129 [ h=0 f=0.011137964725500000551 ]
						} 

					} end of evaluations


				} 


				extended poll center: ( 51411     0 )

				perform extended poll descent ...... yes

				extended poll descent (on surrogates) {

					       iteration = 6
					 blackbox eval.  = 29
					      sgte eval. = 84
					      mesh index = 2
					ext. poll center = ( 51411     0 ) f=0.011137964725500000551 h=0


					MADS run {

						84+SGTE	OBJ	(ext-poll--surrogate)

						84+ 0	0.01239180564880000036	(ext-poll--surrogate)

					} end of run (max mesh index)

					blackbox evaluations    : 0
					best feasible solution  : ( 51411 0 ) h=0 f=0.012391805648800000364

				} end of extended poll descent (unsuccessful)


				extended poll point eval {

					extended poll point = ( 51521     0 )

					list of points evaluation (extended poll) {

						evaluation 1/1 {

							point #318 ( 51521  0 )
							mesh index : 2

							cache hit: #318 --> #130
							extended poll unsuccessful point #130 [ h=0 f=0.011745307445499999707 ]
						} 

					} end of evaluations


				} 


				extended poll center: ( 51521     0 )

				perform extended poll descent ...... no

				extended poll point eval {

					extended poll point = ( 5155231     0 )

					list of points evaluation (extended poll) {

						evaluation 1/1 {

							point #319 ( 5155231  0 )
							mesh index : 2

							cache hit: #319 --> #131
							extended poll unsuccessful point #131 [ h=0 f=0.017151100635499998831 ]
						} 

					} end of evaluations


				} 


				extended poll center: ( 5155231     0 )

				perform extended poll descent ...... no

				extended poll point eval {

					extended poll point = ( 5154231     0 )

					list of points evaluation (extended poll) {

						evaluation 1/1 {

							point #320 ( 5154231  0 )
							mesh index : 2

							cache hit: #320 --> #132
							extended poll unsuccessful point #132 [ h=0 f=0.01624152898789999952 ]
						} 

					} end of evaluations


				} 


				extended poll center: ( 5154231     0 )

				perform extended poll descent ...... no

				extended poll point eval {

					extended poll point = ( 53511     0 )

					list of points evaluation (extended poll) {

						evaluation 1/1 {

							point #321 ( 53511  0 )
							mesh index : 2

							cache hit: #321 --> #133
							extended poll unsuccessful point #133 [ h=0 f=0.017123703956600001136 ]
						} 

					} end of evaluations


				} 


				extended poll center: ( 53511     0 )

				perform extended poll descent ...... no

				extended poll point eval {

					extended poll point = ( 5151523     0 )

					list of points evaluation (extended poll) {

						evaluation 1/1 {

							point #322 ( 5151523  0 )
							mesh index : 2

							cache hit: #322 --> #134
							extended poll unsuccessful point #134 [ h=0 f=0.015220484733599999594 ]
						} 

					} end of evaluations


				} 


				extended poll center: ( 5151523     0 )

				perform extended poll descent ...... no

				extended poll point eval {

					extended poll point = ( 5151423     0 )

					list of points evaluation (extended poll) {

						evaluation 1/1 {

							point #323 ( 5151423  0 )
							mesh index : 2

							cache hit: #323 --> #135
							extended poll unsuccessful point #135 [ h=0 f=0.014670212268799999802 ]
						} 

					} end of evaluations


				} 


				extended poll center: ( 5151423     0 )

				perform extended poll descent ...... no

				extended poll point eval {

					extended poll point = ( 52511     0 )

					list of points evaluation (extended poll) {

						evaluation 1/1 {

							point #324 ( 52511  0 )
							mesh index : 2

							cache hit: #324 --> #136
							extended poll unsuccessful point #136 [ h=0 f=0.014830965995799999524 ]
						} 

					} end of evaluations


				} 


				extended poll center: ( 52511     0 )

				perform extended poll descent ...... no

				extended poll point eval {

					extended poll point = ( 51531     0 )

					list of points evaluation (extended poll) {

						evaluation 1/1 {

							point #325 ( 51531  0 )
							mesh index : 2

							cache hit: #325 --> #137
							extended poll unsuccessful point #137 [ h=0 f=0.015357310771899999532 ]
						} 

					} end of evaluations


				} 


				extended poll center: ( 51531     0 )

				perform extended poll descent ...... no

				extended poll point eval {

					extended poll point = ( 5423511     0 )

					list of points evaluation (extended poll) {

						evaluation 1/1 {

							point #326 ( 5423511  0 )
							mesh index : 2

							cache hit: #326 --> #138
							extended poll unsuccessful point #138 [ h=0 f=0.017008948326100000598 ]
						} 

					} end of evaluations


				} 


				extended poll center: ( 5423511     0 )

				perform extended poll descent ...... no

				extended poll point eval {

					extended poll point = ( 5523511     0 )

					list of points evaluation (extended poll) {

						evaluation 1/1 {

							point #327 ( 5523511  0 )
							mesh index : 2

							cache hit: #327 --> #139
							extended poll unsuccessful point #139 [ h=0 f=0.019235396385199998726 ]
						} 

					} end of evaluations


				} 


				extended poll center: ( 5523511     0 )

				perform extended poll descent ...... no

				extended poll point eval {

					extended poll point = ( 51513     0 )

					list of points evaluation (extended poll) {

						evaluation 1/1 {

							point #328 ( 51513  0 )
							mesh index : 2

							cache hit: #328 --> #140
							extended poll unsuccessful point #140 [ h=0 f=0.015331530571000000218 ]
						} 

					} end of evaluations


				} 


				extended poll center: ( 51513     0 )

				perform extended poll descent ...... no

			} end of extended poll

		} end of poll

		Mesh update {
			previous mesh index: 2
			new mesh index     : 3
		} 


		terminate MADS       : yes
		termination cause    : max mesh index
		iteration status     : unsuccessful
		new feas. incumbent  : none
		new infeas. incumbent: none

	} end of iteration 6

} end of run (max mesh index)

NOMAD final display {

	cache {
		number of cache points: 29
		size in memory        : 3.6000000000000000888 KB
		cache file            : -
	} 

	stats {
		MADS iterations                 : 7
		blackbox evaluations            : 29
		simulated blackbox evaluations  : 0
		evaluations                     : 96
		surrogate evaluations           : 84
		failed evaluations              : 36
		interrupted sequences of eval.  : 0
		cache hits                      : 192
		number of poll searches         : 7
		poll successes                  : 2
		poll points                     : 14
		number of extended polls        : 7
		number of ext. poll descents    : 23
		number of ext. poll successes   : 2
		number of ext. poll points      : 207
		number of ext. poll bb eval     : 20
		number of speculative searches  : 2
		speculative search successes    : 0
		speculative search points       : 0
		number of user searches         : 0
		number of LH searches           : 0
		number of cache searches        : 0
		number of VNS searches          : 0
		no model has been constructed
		wall-clock time                 : 9m 34s
	} 

	miscellaneous {
		mesh index      : min=-2, max=3, last=2
		best feas. sol  : ( 51511 0 ) h=0 f=0.010494585037200000743
		best infeas. sol: none
	} 
} 
