
NOMAD - version 3.5.1 - www.gerad.ca/nomad

Copyright (C) 2001-2012 {
	Mark A. Abramson     - The Boeing Company
	Charles Audet        - Ecole Polytechnique de Montreal
	Gilles Couture       - Ecole Polytechnique de Montreal
	John E. Dennis, Jr.  - Rice University
	Sebastien Le Digabel - Ecole Polytechnique de Montreal
	Christophe Tribes    - Ecole Polytechnique de Montreal
} 

Funded in part by AFOSR and Exxon Mobil.

License   : '$NOMAD_HOME/src/lgpl.txt'
User guide: '$NOMAD_HOME/doc/user_guide.pdf'
Examples  : '$NOMAD_HOME/examples'
Tools     : '$NOMAD_HOME/tools'

Please report bugs to nomad@gerad.ca

parameters {

	problem directory    : ./
	dimension            : n=2
	blackbox input types : (   cat(C)   int(I) )
	extended poll trigger: 0.10000000000000000555 (relative)
	neighbors executable : $python neighbors.py
	variable groups {
		group #0 {
			indexes: { 0 }
			no directions (categorical variables)
		} 
		group #1 {
			indexes: { 1 }
			directions {
				n             : 1
				types         : { [Ortho-MADS 2n] }
				sec poll types: { }
				halton_seed   : 3
			} 
		} 
	} 
	blackbox outputs (m=1) {
		#0          OBJ	$python blackbox.py	$python surrogate.py
	} 
	signature                       : standard
	has surrogate                   : yes
	sort trial points with surrogate: yes
	surrogate cost                  : none
	add seed to output file names   : yes
	solution file                   : nomad-solution.19909.txt
	history file                    : none
	stats file                      : none
	cache file                      : none
	x0                              : ( 220910    0 )
	directions         : Ortho-MADS 2n
	user halton seed   : 3
	mesh {
		update basis       :   4
		coarsening exponent:   1
		refining exponent  :  -1
		initial mesh index :   0
		max mesh index     :   2
		initial mesh size  : (    1    1 )
		min poll size      : (  NaN    1 )
	} 
	snap to bounds                   : yes
	opportunistic evaluations        : yes
	use models                       : no
	speculative search               : yes
	VNS search                       : no
	Latin-Hypercube (LH) search      : no
	cache search                     : no
	random seed / run id             : 19909
	epsilon                          : 1.0000000000000000304e-13
	undefined string                 : NaN
	infinity string                  : inf
	display degrees {
		general  : full (3)
		search   : full (3)
		poll     : full (3)
		iterative: full (3)
	} 
	display stats                : EVAL BBE [ SOL, ] BBO TIME
	display all evaluations      : no
	point display limit          : no limit
	max number of blackbox eval. : 100
	max cache memory             : 2000 MB
} 

MADS run {

	starting point evaluation {

		x0 eval point: ( 220910  0 )

		list of points evaluation (x0 evaluation) {

			evaluation 1/1 {

				point #0 ( 220910  0 )


				x0 evaluation dominating point #0 {
					x    = ( 220910  0 )
					F(x) = [ 0.012240612506900000814 ]
					h    = 0
					f    = 0.012240612506900000814
				} 
			} 

		} end of evaluations


		terminate MADS       : no
		iteration status     : dominating
		new feas. incumbent  : #0 {
			x    = ( 220910  0 )
			F(x) = [ 0.012240612506900000814 ]
			h    = 0
			f    = 0.012240612506900000814
		} 
		new infeas. incumbent: none

	} end of starting point evaluation

	MADS iteration 0 {

		blackbox evaluations : 1
		best feas. solution  : ( 220910  0 ) h=0 f=0.012240612506900000814
		best infeas. solution: none
		poll center          : ( 220910  0 )
		mesh size            : (  1  1 )
		poll size            : (  1  1 )
		mesh index           : 0
		h_max                : inf

		MADS search {
		} end of search

		MADS poll {

			poll center: ( 220910  0 )

			poll directions (include mesh size parameter) {
				dir 0 : (  0 -1 ) Ortho-MADS 2n
				dir 1 : (  0  1 ) Ortho-MADS 2n
			} 

			re-ordered list of 2 poll trial points {
				#1 : ( 220910 -1 ) (dir 0)
				#2 : ( 220910  1 ) (dir 1)
			} 

			list of points evaluation (poll) {

				surrogate evaluation 1/2 {

					point #1 ( 220910 -1 )
					direction  : (  0 -1 ) Ortho-MADS 2n
					mesh index : 0


					point #1 sgte eval: failed
				} 

				surrogate evaluation 2/2 {

					point #2 ( 220910  1 )
					direction  : (  0  1 ) Ortho-MADS 2n
					mesh index : 0


					point #2 sgte eval: failed
				} 

			} end of evaluations

			re-ordered list of 2 poll trial points {

				#3: ( 220910 -1 ) (dir 0)
				#4: ( 220910  1 ) (dir 1)
			} 

			list of points evaluation (poll) {

				evaluation 1/2 {

					point #3 ( 220910 -1 )
					direction  : (  0 -1 ) Ortho-MADS 2n
					mesh index : 0

					poll unsuccessful point #3: evaluation failed
				} 

				evaluation 2/2 {

					point #4 ( 220910  1 )
					direction  : (  0  1 ) Ortho-MADS 2n
					mesh index : 0

					poll unsuccessful point #4: evaluation failed
				} 

			} end of evaluations


			MADS extended poll {


				extended poll pts sorting (on surrogates) {


					list of points evaluation (extended poll) {

						surrogate evaluation 1/23 {

							point #5 ( 267566  0 )
							mesh index : 0


							point #5 sgte eval: h=0 f=0.012345981597899999271
						} 

						surrogate evaluation 2/23 {

							point #6 ( 228686  0 )
							mesh index : 0


							point #6 sgte eval: h=0 f=0.01196749210359999982
						} 

						surrogate evaluation 3/23 {

							point #7 ( 5774  0 )
							mesh index : 0


							point #7 sgte eval: h=0 f=0.011759328842200000159
						} 

						surrogate evaluation 4/23 {

							point #8 ( 5774  0 )
							mesh index : 0

							surrogate cache hit: #8 --> #7

							point #7 sgte eval: h=0 f=0.011759328842200000159
						} 

						surrogate evaluation 5/23 {

							point #9 ( 219614  0 )
							mesh index : 0


							point #9 sgte eval: h=0 f=0.013068270683299999801
						} 

						surrogate evaluation 6/23 {

							point #10 ( 222206  0 )
							mesh index : 0


							point #10 sgte eval: h=0 f=0.013194465637200000069
						} 

						surrogate evaluation 7/23 {

							point #11 ( 8037086  0 )
							mesh index : 0


							point #11 sgte eval: h=0 f=0.016141128540000000691
						} 

						surrogate evaluation 8/23 {

							point #12 ( 8083742  0 )
							mesh index : 0


							point #12 sgte eval: h=0 f=0.013361096382100000335
						} 

						surrogate evaluation 9/23 {

							point #13 ( 220694  0 )
							mesh index : 0


							point #13 sgte eval: h=0 f=0.012914299964900000789
						} 

						surrogate evaluation 10/23 {

							point #14 ( 221126  0 )
							mesh index : 0


							point #14 sgte eval: h=0 f=0.013195443153400000444
						} 

						surrogate evaluation 11/23 {

							point #15 ( 7964726  0 )
							mesh index : 0


							point #15 sgte eval: h=0 f=0.013420104980499999309
						} 

						surrogate evaluation 12/23 {

							point #16 ( 7972502  0 )
							mesh index : 0


							point #16 sgte eval: h=0 f=0.014106059074400000702
						} 

						surrogate evaluation 13/23 {

							point #17 ( 220946  0 )
							mesh index : 0


							point #17 sgte eval: h=0 f=0.011913394928000000522
						} 

						surrogate evaluation 14/23 {

							point #18 ( 6134  0 )
							mesh index : 0


							point #18 sgte eval: h=0 f=0.013163280487100000385
						} 

						surrogate evaluation 15/23 {

							point #19 ( 6134  0 )
							mesh index : 0

							surrogate cache hit: #19 --> #18

							point #18 sgte eval: h=0 f=0.013163280487100000385
						} 

						surrogate evaluation 16/23 {

							point #20 ( 220904  0 )
							mesh index : 0


							point #20 sgte eval: h=0 f=0.012842297553999999435
						} 

						surrogate evaluation 17/23 {

							point #21 ( 220916  0 )
							mesh index : 0


							point #21 sgte eval: h=0 f=0.014803624153099999294
						} 

						surrogate evaluation 18/23 {

							point #22 ( 7953176  0 )
							mesh index : 0


							point #22 sgte eval: h=0 f=0.015623307228100000166
						} 

						surrogate evaluation 19/23 {

							point #23 ( 7953392  0 )
							mesh index : 0


							point #23 sgte eval: h=0 f=0.013206124305699999677
						} 

						surrogate evaluation 20/23 {

							point #24 ( 220909  0 )
							mesh index : 0


							point #24 sgte eval: h=0 f=0.012959313392599999468
						} 

						surrogate evaluation 21/23 {

							point #25 ( 220911  0 )
							mesh index : 0


							point #25 sgte eval: h=0 f=0.016536903381300000621
						} 

						surrogate evaluation 22/23 {

							point #26 ( 7952841  0 )
							mesh index : 0


							point #26 sgte eval: h=0 f=0.013453078270000000047
						} 

						surrogate evaluation 23/23 {

							point #27 ( 7952877  0 )
							mesh index : 0


							point #27 sgte eval: h=0 f=0.014692854881299999975
						} 

					} end of evaluations


					sorted ext poll pts {

						point # 1/21 : (  5774     0 )
						point # 2/21 : ( 220946     0 )
						point # 3/21 : ( 228686     0 )
						point # 4/21 : ( 267566     0 )
						point # 5/21 : ( 220904     0 )
						point # 6/21 : ( 220694     0 )
						point # 7/21 : ( 220909     0 )
						point # 8/21 : ( 219614     0 )
						point # 9/21 : (  6134     0 )
						point #10/21 : ( 222206     0 )
						point #11/21 : ( 221126     0 )
						point #12/21 : ( 7953392     0 )
						point #13/21 : ( 8083742     0 )
						point #14/21 : ( 7964726     0 )
						point #15/21 : ( 7952841     0 )
						point #16/21 : ( 7972502     0 )
						point #17/21 : ( 7952877     0 )
						point #18/21 : ( 220916     0 )
						point #19/21 : ( 7953176     0 )
						point #20/21 : ( 8037086     0 )
						point #21/21 : ( 220911     0 )

					} 


				} end of ext poll pts sorting (on surrogates)


				extended poll point eval {

					extended poll point = (  5774     0 )

					list of points evaluation (extended poll) {

						evaluation 1/1 {

							point #28 ( 5774  0 )
							mesh index : 0


							extended poll dominating point #28 {
								x    = ( 5774  0 )
								F(x) = [ 0.01178671836849999946 ]
								h    = 0
								f    = 0.01178671836849999946
							} 
						} 

					} end of evaluations


				} 


			} end of extended poll

		} end of poll

		Mesh update {
			previous mesh index: 0
			new mesh index     : -1
		} 


		terminate MADS       : no
		iteration status     : dominating
		new feas. incumbent  : #28 {
			x    = ( 5774  0 )
			F(x) = [ 0.01178671836849999946 ]
			h    = 0
			f    = 0.01178671836849999946
		} 
		new infeas. incumbent: none

	} end of iteration 0

	MADS iteration 1 {

		blackbox evaluations : 4
		best feas. solution  : ( 5774  0 ) h=0 f=0.01178671836849999946
		best infeas. solution: none
		poll center          : ( 5774  0 )
		mesh size            : (  1  1 )
		poll size            : (  2  2 )
		mesh index           : -1
		h_max                : inf

		MADS search {

			speculative search {

			} end of speculative search (unsuccessful)

		} end of search

		MADS poll {

			poll center: ( 5774  0 )

			poll directions (include mesh size parameter) {
				dir 0 : (  0 -1 ) Ortho-MADS 2n
				dir 1 : (  0  1 ) Ortho-MADS 2n
			} 

			re-ordered list of 2 poll trial points {
				#49 : ( 5774 -1 ) (dir 0)
				#50 : ( 5774  1 ) (dir 1)
			} 

			list of points evaluation (poll) {

				surrogate evaluation 1/2 {

					point #49 ( 5774 -1 )
					direction  : (  0 -1 ) Ortho-MADS 2n
					mesh index : -1


					point #49 sgte eval: failed
				} 

				surrogate evaluation 2/2 {

					point #50 ( 5774  1 )
					direction  : (  0  1 ) Ortho-MADS 2n
					mesh index : -1


					point #50 sgte eval: failed
				} 

			} end of evaluations

			re-ordered list of 2 poll trial points {

				#51: ( 5774 -1 ) (dir 0)
				#52: ( 5774  1 ) (dir 1)
			} 

			list of points evaluation (poll) {

				evaluation 1/2 {

					point #51 ( 5774 -1 )
					direction  : (  0 -1 ) Ortho-MADS 2n
					mesh index : -1

					poll unsuccessful point #51: evaluation failed
				} 

				evaluation 2/2 {

					point #52 ( 5774  1 )
					direction  : (  0  1 ) Ortho-MADS 2n
					mesh index : -1

					poll unsuccessful point #52: evaluation failed
				} 

			} end of evaluations


			MADS extended poll {


				extended poll pts sorting (on surrogates) {


					list of points evaluation (extended poll) {

						surrogate evaluation 1/16 {

							point #53 ( 7070  0 )
							mesh index : -1


							point #53 sgte eval: h=0 f=0.012369918823200000066
						} 

						surrogate evaluation 2/16 {

							point #54 ( 5558  0 )
							mesh index : -1


							point #54 sgte eval: h=0 f=0.014037895202599999164
						} 

						surrogate evaluation 3/16 {

							point #55 ( 5990  0 )
							mesh index : -1


							point #55 sgte eval: h=0 f=0.013821530342099999644
						} 

						surrogate evaluation 4/16 {

							point #56 ( 219830  0 )
							mesh index : -1


							point #56 sgte eval: h=0 f=0.014381909370400000614
						} 

						surrogate evaluation 5/16 {

							point #57 ( 227606  0 )
							mesh index : -1


							point #57 sgte eval: h=0 f=0.015374755859399999447
						} 

						surrogate evaluation 6/16 {

							point #58 ( 5810  0 )
							mesh index : -1


							point #58 sgte eval: h=0 f=0.011968874931299999798
						} 

						surrogate evaluation 7/16 {

							point #59 ( 158  0 )
							mesh index : -1


							point #59 sgte eval: h=0 f=0.011824488639800000492
						} 

						surrogate evaluation 8/16 {

							point #60 ( 158  0 )
							mesh index : -1

							surrogate cache hit: #60 --> #59

							point #59 sgte eval: h=0 f=0.011824488639800000492
						} 

						surrogate evaluation 9/16 {

							point #61 ( 5768  0 )
							mesh index : -1


							point #61 sgte eval: h=0 f=0.013673543930100000299
						} 

						surrogate evaluation 10/16 {

							point #62 ( 5780  0 )
							mesh index : -1


							point #62 sgte eval: h=0 f=0.014256882667499999953
						} 

						surrogate evaluation 11/16 {

							point #63 ( 208280  0 )
							mesh index : -1


							point #63 sgte eval: h=0 f=0.013571572303799999543
						} 

						surrogate evaluation 12/16 {

							point #64 ( 208496  0 )
							mesh index : -1


							point #64 sgte eval: h=0 f=0.013314986228900000526
						} 

						surrogate evaluation 13/16 {

							point #65 ( 5773  0 )
							mesh index : -1


							point #65 sgte eval: h=0 f=0.01308648586270000011
						} 

						surrogate evaluation 14/16 {

							point #66 ( 5775  0 )
							mesh index : -1


							point #66 sgte eval: h=0 f=0.013258337974500000039
						} 

						surrogate evaluation 15/16 {

							point #67 ( 207945  0 )
							mesh index : -1


							point #67 sgte eval: h=0 f=0.01814687252039999879
						} 

						surrogate evaluation 16/16 {

							point #68 ( 207981  0 )
							mesh index : -1


							point #68 sgte eval: h=0 f=0.013268113136300000582
						} 

					} end of evaluations


					sorted ext poll pts {

						point # 1/15 : (   158     0 )
						point # 2/15 : (  5810     0 )
						point # 3/15 : (  7070     0 )
						point # 4/15 : (  5773     0 )
						point # 5/15 : (  5775     0 )
						point # 6/15 : ( 207981     0 )
						point # 7/15 : ( 208496     0 )
						point # 8/15 : ( 208280     0 )
						point # 9/15 : (  5768     0 )
						point #10/15 : (  5990     0 )
						point #11/15 : (  5558     0 )
						point #12/15 : (  5780     0 )
						point #13/15 : ( 219830     0 )
						point #14/15 : ( 227606     0 )
						point #15/15 : ( 207945     0 )

					} 


				} end of ext poll pts sorting (on surrogates)


				extended poll point eval {

					extended poll point = (   158     0 )

					list of points evaluation (extended poll) {

						evaluation 1/1 {

							point #69 ( 158  0 )
							mesh index : -1

							extended poll unsuccessful point #69 [ h=0 f=0.01280910968780000006 ]
						} 

					} end of evaluations


				} 


				extended poll center: (   158     0 )

				perform extended poll descent ...... yes

				extended poll descent (on surrogates) {

					       iteration = 1
					 blackbox eval.  = 7
					      sgte eval. = 40
					      mesh index = -1
					ext. poll center = (   158     0 ) f=0.01280910968780000006 h=0


					MADS run {

						40+SGTE	OBJ	(ext-poll--surrogate)

						40+ 0	0.01182448863980000049	(ext-poll--surrogate)

					} end of run (max mesh index)

					blackbox evaluations    : 0
					best feasible solution  : ( 158 0 ) h=0 f=0.011824488639800000492

				} end of extended poll descent (unsuccessful)


				extended poll point eval {

					extended poll point = (  5810     0 )

					list of points evaluation (extended poll) {

						evaluation 1/1 {

							point #70 ( 5810  0 )
							mesh index : -1

							extended poll unsuccessful point #70 [ h=0 f=0.011911575794199999803 ]
						} 

					} end of evaluations


				} 


				extended poll center: (  5810     0 )

				perform extended poll descent ...... yes

				extended poll descent (on surrogates) {

					       iteration = 1
					 blackbox eval.  = 8
					      sgte eval. = 42
					      mesh index = -1
					ext. poll center = (  5810     0 ) f=0.011911575794199999803 h=0


					MADS run {

						42+SGTE	OBJ	(ext-poll--surrogate)

						42+ 0	0.01196887493129999980	(ext-poll--surrogate)

					} end of run (max mesh index)

					blackbox evaluations    : 0
					best feasible solution  : ( 5810 0 ) h=0 f=0.011968874931299999798

				} end of extended poll descent (unsuccessful)


				extended poll point eval {

					extended poll point = (  7070     0 )

					list of points evaluation (extended poll) {

						evaluation 1/1 {

							point #71 ( 7070  0 )
							mesh index : -1

							extended poll unsuccessful point #71 [ h=0 f=0.012566363811499999675 ]
						} 

					} end of evaluations


				} 


				extended poll center: (  7070     0 )

				perform extended poll descent ...... yes

				extended poll descent (on surrogates) {

					       iteration = 1
					 blackbox eval.  = 9
					      sgte eval. = 44
					      mesh index = -1
					ext. poll center = (  7070     0 ) f=0.012566363811499999675 h=0


					MADS run {

						44+SGTE	OBJ	(ext-poll--surrogate)

						44+ 0	0.01236991882320000007	(ext-poll--surrogate)

					} end of run (max mesh index)

					blackbox evaluations    : 0
					best feasible solution  : ( 7070 0 ) h=0 f=0.012369918823200000066

				} end of extended poll descent (unsuccessful)


				extended poll point eval {

					extended poll point = (  5773     0 )

					list of points evaluation (extended poll) {

						evaluation 1/1 {

							point #72 ( 5773  0 )
							mesh index : -1

							extended poll unsuccessful point #72 [ h=0 f=0.013198740482300000756 ]
						} 

					} end of evaluations


				} 


				extended poll center: (  5773     0 )

				perform extended poll descent ...... no

				extended poll point eval {

					extended poll point = (  5775     0 )

					list of points evaluation (extended poll) {

						evaluation 1/1 {

							point #73 ( 5775  0 )
							mesh index : -1

							extended poll unsuccessful point #73 [ h=0 f=0.0132527923584 ]
						} 

					} end of evaluations


				} 


				extended poll center: (  5775     0 )

				perform extended poll descent ...... no

				extended poll point eval {

					extended poll point = ( 207981     0 )

					list of points evaluation (extended poll) {

						evaluation 1/1 {

							point #74 ( 207981  0 )
							mesh index : -1

							extended poll unsuccessful point #74 [ h=0 f=0.013324270248399999392 ]
						} 

					} end of evaluations


				} 


				extended poll center: ( 207981     0 )

				perform extended poll descent ...... no

				extended poll point eval {

					extended poll point = ( 208496     0 )

					list of points evaluation (extended poll) {

						evaluation 1/1 {

							point #75 ( 208496  0 )
							mesh index : -1

							extended poll unsuccessful point #75 [ h=0 f=0.013326065540300000706 ]
						} 

					} end of evaluations


				} 


				extended poll center: ( 208496     0 )

				perform extended poll descent ...... no

				extended poll point eval {

					extended poll point = ( 208280     0 )

					list of points evaluation (extended poll) {

						evaluation 1/1 {

							point #76 ( 208280  0 )
							mesh index : -1

							extended poll unsuccessful point #76 [ h=0 f=0.013584861755399999655 ]
						} 

					} end of evaluations


				} 


				extended poll center: ( 208280     0 )

				perform extended poll descent ...... no

				extended poll point eval {

					extended poll point = (  5768     0 )

					list of points evaluation (extended poll) {

						evaluation 1/1 {

							point #77 ( 5768  0 )
							mesh index : -1

							extended poll unsuccessful point #77 [ h=0 f=0.013071818351699999658 ]
						} 

					} end of evaluations


				} 


				extended poll center: (  5768     0 )

				perform extended poll descent ...... no

				extended poll point eval {

					extended poll point = (  5990     0 )

					list of points evaluation (extended poll) {

						evaluation 1/1 {

							point #78 ( 5990  0 )
							mesh index : -1

							extended poll unsuccessful point #78 [ h=0 f=0.013906776905099999322 ]
						} 

					} end of evaluations


				} 


				extended poll center: (  5990     0 )

				perform extended poll descent ...... no

				extended poll point eval {

					extended poll point = (  5558     0 )

					list of points evaluation (extended poll) {

						evaluation 1/1 {

							point #79 ( 5558  0 )
							mesh index : -1

							extended poll unsuccessful point #79 [ h=0 f=0.014123828411099999258 ]
						} 

					} end of evaluations


				} 


				extended poll center: (  5558     0 )

				perform extended poll descent ...... no

				extended poll point eval {

					extended poll point = (  5780     0 )

					list of points evaluation (extended poll) {

						evaluation 1/1 {

							point #80 ( 5780  0 )
							mesh index : -1

							extended poll unsuccessful point #80 [ h=0 f=0.013232395649000000537 ]
						} 

					} end of evaluations


				} 


				extended poll center: (  5780     0 )

				perform extended poll descent ...... no

				extended poll point eval {

					extended poll point = ( 219830     0 )

					list of points evaluation (extended poll) {

						evaluation 1/1 {

							point #81 ( 219830  0 )
							mesh index : -1

							extended poll unsuccessful point #81 [ h=0 f=0.014336509704600000625 ]
						} 

					} end of evaluations


				} 


				extended poll center: ( 219830     0 )

				perform extended poll descent ...... no

				extended poll point eval {

					extended poll point = ( 227606     0 )

					list of points evaluation (extended poll) {

						evaluation 1/1 {

							point #82 ( 227606  0 )
							mesh index : -1

							extended poll unsuccessful point #82 [ h=0 f=0.014493420124099999288 ]
						} 

					} end of evaluations


				} 


				extended poll center: ( 227606     0 )

				perform extended poll descent ...... no

				extended poll point eval {

					extended poll point = ( 207945     0 )

					list of points evaluation (extended poll) {

						evaluation 1/1 {

							point #83 ( 207945  0 )
							mesh index : -1

							extended poll unsuccessful point #83 [ h=0 f=0.0134784388541999995 ]
						} 

					} end of evaluations


				} 


				extended poll center: ( 207945     0 )

				perform extended poll descent ...... no

			} end of extended poll

		} end of poll

		Mesh update {
			previous mesh index: -1
			new mesh index     : 0
		} 


		terminate MADS       : no
		iteration status     : unsuccessful
		new feas. incumbent  : none
		new infeas. incumbent: none

	} end of iteration 1

	MADS iteration 2 {

		blackbox evaluations : 21
		best feas. solution  : ( 5774  0 ) h=0 f=0.01178671836849999946
		best infeas. solution: none
		poll center          : ( 5774  0 )
		mesh size            : (  1  1 )
		poll size            : (  1  1 )
		mesh index           : 0
		h_max                : inf

		MADS search {
		} end of search

		MADS poll {

			poll center: ( 5774  0 )

			poll directions (include mesh size parameter) {
				dir 0 : (  0 -1 ) Ortho-MADS 2n
				dir 1 : (  0  1 ) Ortho-MADS 2n
			} 

			re-ordered list of 2 poll trial points {
				#93 : ( 5774 -1 ) (dir 0)
				#94 : ( 5774  1 ) (dir 1)
			} 

			list of points evaluation (poll) {

				surrogate evaluation 1/2 {

					point #93 ( 5774 -1 )
					direction  : (  0 -1 ) Ortho-MADS 2n
					mesh index : 0

					surrogate cache hit: #93 --> #49

					point #49 sgte eval: failed
				} 

				surrogate evaluation 2/2 {

					point #94 ( 5774  1 )
					direction  : (  0  1 ) Ortho-MADS 2n
					mesh index : 0

					surrogate cache hit: #94 --> #50

					point #50 sgte eval: failed
				} 

			} end of evaluations

			re-ordered list of 2 poll trial points {

				#95: ( 5774 -1 ) (dir 0)
				#96: ( 5774  1 ) (dir 1)
			} 

			list of points evaluation (poll) {

				evaluation 1/2 {

					point #95 ( 5774 -1 )
					direction  : (  0 -1 ) Ortho-MADS 2n
					mesh index : -1

					cache hit: #95 --> #51
					poll unsuccessful point #51: evaluation failed
				} 

				evaluation 2/2 {

					point #96 ( 5774  1 )
					direction  : (  0  1 ) Ortho-MADS 2n
					mesh index : -1

					cache hit: #96 --> #52
					poll unsuccessful point #52: evaluation failed
				} 

			} end of evaluations


			MADS extended poll {


				extended poll pts sorting (on surrogates) {


					list of points evaluation (extended poll) {

						surrogate evaluation 1/16 {

							point #97 ( 7070  0 )
							mesh index : 0

							surrogate cache hit: #97 --> #53

							point #53 sgte eval: h=0 f=0.012369918823200000066
						} 

						surrogate evaluation 2/16 {

							point #98 ( 5558  0 )
							mesh index : 0

							surrogate cache hit: #98 --> #54

							point #54 sgte eval: h=0 f=0.014037895202599999164
						} 

						surrogate evaluation 3/16 {

							point #99 ( 5990  0 )
							mesh index : 0

							surrogate cache hit: #99 --> #55

							point #55 sgte eval: h=0 f=0.013821530342099999644
						} 

						surrogate evaluation 4/16 {

							point #100 ( 219830  0 )
							mesh index : 0

							surrogate cache hit: #100 --> #56

							point #56 sgte eval: h=0 f=0.014381909370400000614
						} 

						surrogate evaluation 5/16 {

							point #101 ( 227606  0 )
							mesh index : 0

							surrogate cache hit: #101 --> #57

							point #57 sgte eval: h=0 f=0.015374755859399999447
						} 

						surrogate evaluation 6/16 {

							point #102 ( 5810  0 )
							mesh index : 0

							surrogate cache hit: #102 --> #58

							point #58 sgte eval: h=0 f=0.011968874931299999798
						} 

						surrogate evaluation 7/16 {

							point #103 ( 158  0 )
							mesh index : 0

							surrogate cache hit: #103 --> #59

							point #59 sgte eval: h=0 f=0.011824488639800000492
						} 

						surrogate evaluation 8/16 {

							point #104 ( 158  0 )
							mesh index : 0

							surrogate cache hit: #104 --> #59

							point #59 sgte eval: h=0 f=0.011824488639800000492
						} 

						surrogate evaluation 9/16 {

							point #105 ( 5768  0 )
							mesh index : 0

							surrogate cache hit: #105 --> #61

							point #61 sgte eval: h=0 f=0.013673543930100000299
						} 

						surrogate evaluation 10/16 {

							point #106 ( 5780  0 )
							mesh index : 0

							surrogate cache hit: #106 --> #62

							point #62 sgte eval: h=0 f=0.014256882667499999953
						} 

						surrogate evaluation 11/16 {

							point #107 ( 208280  0 )
							mesh index : 0

							surrogate cache hit: #107 --> #63

							point #63 sgte eval: h=0 f=0.013571572303799999543
						} 

						surrogate evaluation 12/16 {

							point #108 ( 208496  0 )
							mesh index : 0

							surrogate cache hit: #108 --> #64

							point #64 sgte eval: h=0 f=0.013314986228900000526
						} 

						surrogate evaluation 13/16 {

							point #109 ( 5773  0 )
							mesh index : 0

							surrogate cache hit: #109 --> #65

							point #65 sgte eval: h=0 f=0.01308648586270000011
						} 

						surrogate evaluation 14/16 {

							point #110 ( 5775  0 )
							mesh index : 0

							surrogate cache hit: #110 --> #66

							point #66 sgte eval: h=0 f=0.013258337974500000039
						} 

						surrogate evaluation 15/16 {

							point #111 ( 207945  0 )
							mesh index : 0

							surrogate cache hit: #111 --> #67

							point #67 sgte eval: h=0 f=0.01814687252039999879
						} 

						surrogate evaluation 16/16 {

							point #112 ( 207981  0 )
							mesh index : 0

							surrogate cache hit: #112 --> #68

							point #68 sgte eval: h=0 f=0.013268113136300000582
						} 

					} end of evaluations


					sorted ext poll pts {

						point # 1/15 : (   158     0 )
						point # 2/15 : (  5810     0 )
						point # 3/15 : (  7070     0 )
						point # 4/15 : (  5773     0 )
						point # 5/15 : (  5775     0 )
						point # 6/15 : ( 207981     0 )
						point # 7/15 : ( 208496     0 )
						point # 8/15 : ( 208280     0 )
						point # 9/15 : (  5768     0 )
						point #10/15 : (  5990     0 )
						point #11/15 : (  5558     0 )
						point #12/15 : (  5780     0 )
						point #13/15 : ( 219830     0 )
						point #14/15 : ( 227606     0 )
						point #15/15 : ( 207945     0 )

					} 


				} end of ext poll pts sorting (on surrogates)


				extended poll point eval {

					extended poll point = (   158     0 )

					list of points evaluation (extended poll) {

						evaluation 1/1 {

							point #113 ( 158  0 )
							mesh index : 0

							cache hit: #113 --> #69
							extended poll unsuccessful point #69 [ h=0 f=0.01280910968780000006 ]
						} 

					} end of evaluations


				} 


				extended poll center: (   158     0 )

				perform extended poll descent ...... yes

				extended poll descent (on surrogates) {

					       iteration = 2
					 blackbox eval.  = 21
					      sgte eval. = 46
					      mesh index = 0
					ext. poll center = (   158     0 ) f=0.01280910968780000006 h=0


					MADS run {

						46+SGTE	OBJ	(ext-poll--surrogate)

						46+ 0	0.01182448863980000049	(ext-poll--surrogate)

					} end of run (max mesh index)

					blackbox evaluations    : 0
					best feasible solution  : ( 158 0 ) h=0 f=0.011824488639800000492

				} end of extended poll descent (unsuccessful)


				extended poll point eval {

					extended poll point = (  5810     0 )

					list of points evaluation (extended poll) {

						evaluation 1/1 {

							point #114 ( 5810  0 )
							mesh index : 0

							cache hit: #114 --> #70
							extended poll unsuccessful point #70 [ h=0 f=0.011911575794199999803 ]
						} 

					} end of evaluations


				} 


				extended poll center: (  5810     0 )

				perform extended poll descent ...... yes

				extended poll descent (on surrogates) {

					       iteration = 2
					 blackbox eval.  = 21
					      sgte eval. = 46
					      mesh index = 0
					ext. poll center = (  5810     0 ) f=0.011911575794199999803 h=0


					MADS run {

						46+SGTE	OBJ	(ext-poll--surrogate)

						46+ 0	0.01196887493129999980	(ext-poll--surrogate)

					} end of run (max mesh index)

					blackbox evaluations    : 0
					best feasible solution  : ( 5810 0 ) h=0 f=0.011968874931299999798

				} end of extended poll descent (unsuccessful)


				extended poll point eval {

					extended poll point = (  7070     0 )

					list of points evaluation (extended poll) {

						evaluation 1/1 {

							point #115 ( 7070  0 )
							mesh index : 0

							cache hit: #115 --> #71
							extended poll unsuccessful point #71 [ h=0 f=0.012566363811499999675 ]
						} 

					} end of evaluations


				} 


				extended poll center: (  7070     0 )

				perform extended poll descent ...... yes

				extended poll descent (on surrogates) {

					       iteration = 2
					 blackbox eval.  = 21
					      sgte eval. = 46
					      mesh index = 0
					ext. poll center = (  7070     0 ) f=0.012566363811499999675 h=0


					MADS run {

						46+SGTE	OBJ	(ext-poll--surrogate)

						46+ 0	0.01236991882320000007	(ext-poll--surrogate)

					} end of run (max mesh index)

					blackbox evaluations    : 0
					best feasible solution  : ( 7070 0 ) h=0 f=0.012369918823200000066

				} end of extended poll descent (unsuccessful)


				extended poll point eval {

					extended poll point = (  5773     0 )

					list of points evaluation (extended poll) {

						evaluation 1/1 {

							point #116 ( 5773  0 )
							mesh index : 0

							cache hit: #116 --> #72
							extended poll unsuccessful point #72 [ h=0 f=0.013198740482300000756 ]
						} 

					} end of evaluations


				} 


				extended poll center: (  5773     0 )

				perform extended poll descent ...... no

				extended poll point eval {

					extended poll point = (  5775     0 )

					list of points evaluation (extended poll) {

						evaluation 1/1 {

							point #117 ( 5775  0 )
							mesh index : 0

							cache hit: #117 --> #73
							extended poll unsuccessful point #73 [ h=0 f=0.0132527923584 ]
						} 

					} end of evaluations


				} 


				extended poll center: (  5775     0 )

				perform extended poll descent ...... no

				extended poll point eval {

					extended poll point = ( 207981     0 )

					list of points evaluation (extended poll) {

						evaluation 1/1 {

							point #118 ( 207981  0 )
							mesh index : 0

							cache hit: #118 --> #74
							extended poll unsuccessful point #74 [ h=0 f=0.013324270248399999392 ]
						} 

					} end of evaluations


				} 


				extended poll center: ( 207981     0 )

				perform extended poll descent ...... no

				extended poll point eval {

					extended poll point = ( 208496     0 )

					list of points evaluation (extended poll) {

						evaluation 1/1 {

							point #119 ( 208496  0 )
							mesh index : 0

							cache hit: #119 --> #75
							extended poll unsuccessful point #75 [ h=0 f=0.013326065540300000706 ]
						} 

					} end of evaluations


				} 


				extended poll center: ( 208496     0 )

				perform extended poll descent ...... no

				extended poll point eval {

					extended poll point = ( 208280     0 )

					list of points evaluation (extended poll) {

						evaluation 1/1 {

							point #120 ( 208280  0 )
							mesh index : 0

							cache hit: #120 --> #76
							extended poll unsuccessful point #76 [ h=0 f=0.013584861755399999655 ]
						} 

					} end of evaluations


				} 


				extended poll center: ( 208280     0 )

				perform extended poll descent ...... no

				extended poll point eval {

					extended poll point = (  5768     0 )

					list of points evaluation (extended poll) {

						evaluation 1/1 {

							point #121 ( 5768  0 )
							mesh index : 0

							cache hit: #121 --> #77
							extended poll unsuccessful point #77 [ h=0 f=0.013071818351699999658 ]
						} 

					} end of evaluations


				} 


				extended poll center: (  5768     0 )

				perform extended poll descent ...... no

				extended poll point eval {

					extended poll point = (  5990     0 )

					list of points evaluation (extended poll) {

						evaluation 1/1 {

							point #122 ( 5990  0 )
							mesh index : 0

							cache hit: #122 --> #78
							extended poll unsuccessful point #78 [ h=0 f=0.013906776905099999322 ]
						} 

					} end of evaluations


				} 


				extended poll center: (  5990     0 )

				perform extended poll descent ...... no

				extended poll point eval {

					extended poll point = (  5558     0 )

					list of points evaluation (extended poll) {

						evaluation 1/1 {

							point #123 ( 5558  0 )
							mesh index : 0

							cache hit: #123 --> #79
							extended poll unsuccessful point #79 [ h=0 f=0.014123828411099999258 ]
						} 

					} end of evaluations


				} 


				extended poll center: (  5558     0 )

				perform extended poll descent ...... no

				extended poll point eval {

					extended poll point = (  5780     0 )

					list of points evaluation (extended poll) {

						evaluation 1/1 {

							point #124 ( 5780  0 )
							mesh index : 0

							cache hit: #124 --> #80
							extended poll unsuccessful point #80 [ h=0 f=0.013232395649000000537 ]
						} 

					} end of evaluations


				} 


				extended poll center: (  5780     0 )

				perform extended poll descent ...... no

				extended poll point eval {

					extended poll point = ( 219830     0 )

					list of points evaluation (extended poll) {

						evaluation 1/1 {

							point #125 ( 219830  0 )
							mesh index : 0

							cache hit: #125 --> #81
							extended poll unsuccessful point #81 [ h=0 f=0.014336509704600000625 ]
						} 

					} end of evaluations


				} 


				extended poll center: ( 219830     0 )

				perform extended poll descent ...... no

				extended poll point eval {

					extended poll point = ( 227606     0 )

					list of points evaluation (extended poll) {

						evaluation 1/1 {

							point #126 ( 227606  0 )
							mesh index : 0

							cache hit: #126 --> #82
							extended poll unsuccessful point #82 [ h=0 f=0.014493420124099999288 ]
						} 

					} end of evaluations


				} 


				extended poll center: ( 227606     0 )

				perform extended poll descent ...... no

				extended poll point eval {

					extended poll point = ( 207945     0 )

					list of points evaluation (extended poll) {

						evaluation 1/1 {

							point #127 ( 207945  0 )
							mesh index : 0

							cache hit: #127 --> #83
							extended poll unsuccessful point #83 [ h=0 f=0.0134784388541999995 ]
						} 

					} end of evaluations


				} 


				extended poll center: ( 207945     0 )

				perform extended poll descent ...... no

			} end of extended poll

		} end of poll

		Mesh update {
			previous mesh index: 0
			new mesh index     : 1
		} 


		terminate MADS       : no
		iteration status     : unsuccessful
		new feas. incumbent  : none
		new infeas. incumbent: none

	} end of iteration 2

	MADS iteration 3 {

		blackbox evaluations : 21
		best feas. solution  : ( 5774  0 ) h=0 f=0.01178671836849999946
		best infeas. solution: none
		poll center          : ( 5774  0 )
		mesh size            : ( 0.25 0.25 )
		poll size            : ( 0.5 0.5 )
		mesh index           : 1
		h_max                : inf

		MADS search {
		} end of search

		MADS poll {

			poll center: ( 5774  0 )

			poll directions (include mesh size parameter) {
				dir 0 : (  0 -1 ) Ortho-MADS 2n
				dir 1 : (  0  1 ) Ortho-MADS 2n
			} 

			re-ordered list of 2 poll trial points {
				#137 : ( 5774 -1 ) (dir 0)
				#138 : ( 5774  1 ) (dir 1)
			} 

			list of points evaluation (poll) {

				surrogate evaluation 1/2 {

					point #137 ( 5774 -1 )
					direction  : (  0 -1 ) Ortho-MADS 2n
					mesh index : 1

					surrogate cache hit: #137 --> #49

					point #49 sgte eval: failed
				} 

				surrogate evaluation 2/2 {

					point #138 ( 5774  1 )
					direction  : (  0  1 ) Ortho-MADS 2n
					mesh index : 1

					surrogate cache hit: #138 --> #50

					point #50 sgte eval: failed
				} 

			} end of evaluations

			re-ordered list of 2 poll trial points {

				#139: ( 5774 -1 ) (dir 0)
				#140: ( 5774  1 ) (dir 1)
			} 

			list of points evaluation (poll) {

				evaluation 1/2 {

					point #139 ( 5774 -1 )
					direction  : (  0 -1 ) Ortho-MADS 2n
					mesh index : -1

					cache hit: #139 --> #51
					poll unsuccessful point #51: evaluation failed
				} 

				evaluation 2/2 {

					point #140 ( 5774  1 )
					direction  : (  0  1 ) Ortho-MADS 2n
					mesh index : -1

					cache hit: #140 --> #52
					poll unsuccessful point #52: evaluation failed
				} 

			} end of evaluations


			MADS extended poll {


				extended poll pts sorting (on surrogates) {


					list of points evaluation (extended poll) {

						surrogate evaluation 1/16 {

							point #141 ( 7070  0 )
							mesh index : 1

							surrogate cache hit: #141 --> #53

							point #53 sgte eval: h=0 f=0.012369918823200000066
						} 

						surrogate evaluation 2/16 {

							point #142 ( 5558  0 )
							mesh index : 1

							surrogate cache hit: #142 --> #54

							point #54 sgte eval: h=0 f=0.014037895202599999164
						} 

						surrogate evaluation 3/16 {

							point #143 ( 5990  0 )
							mesh index : 1

							surrogate cache hit: #143 --> #55

							point #55 sgte eval: h=0 f=0.013821530342099999644
						} 

						surrogate evaluation 4/16 {

							point #144 ( 219830  0 )
							mesh index : 1

							surrogate cache hit: #144 --> #56

							point #56 sgte eval: h=0 f=0.014381909370400000614
						} 

						surrogate evaluation 5/16 {

							point #145 ( 227606  0 )
							mesh index : 1

							surrogate cache hit: #145 --> #57

							point #57 sgte eval: h=0 f=0.015374755859399999447
						} 

						surrogate evaluation 6/16 {

							point #146 ( 5810  0 )
							mesh index : 1

							surrogate cache hit: #146 --> #58

							point #58 sgte eval: h=0 f=0.011968874931299999798
						} 

						surrogate evaluation 7/16 {

							point #147 ( 158  0 )
							mesh index : 1

							surrogate cache hit: #147 --> #59

							point #59 sgte eval: h=0 f=0.011824488639800000492
						} 

						surrogate evaluation 8/16 {

							point #148 ( 158  0 )
							mesh index : 1

							surrogate cache hit: #148 --> #59

							point #59 sgte eval: h=0 f=0.011824488639800000492
						} 

						surrogate evaluation 9/16 {

							point #149 ( 5768  0 )
							mesh index : 1

							surrogate cache hit: #149 --> #61

							point #61 sgte eval: h=0 f=0.013673543930100000299
						} 

						surrogate evaluation 10/16 {

							point #150 ( 5780  0 )
							mesh index : 1

							surrogate cache hit: #150 --> #62

							point #62 sgte eval: h=0 f=0.014256882667499999953
						} 

						surrogate evaluation 11/16 {

							point #151 ( 208280  0 )
							mesh index : 1

							surrogate cache hit: #151 --> #63

							point #63 sgte eval: h=0 f=0.013571572303799999543
						} 

						surrogate evaluation 12/16 {

							point #152 ( 208496  0 )
							mesh index : 1

							surrogate cache hit: #152 --> #64

							point #64 sgte eval: h=0 f=0.013314986228900000526
						} 

						surrogate evaluation 13/16 {

							point #153 ( 5773  0 )
							mesh index : 1

							surrogate cache hit: #153 --> #65

							point #65 sgte eval: h=0 f=0.01308648586270000011
						} 

						surrogate evaluation 14/16 {

							point #154 ( 5775  0 )
							mesh index : 1

							surrogate cache hit: #154 --> #66

							point #66 sgte eval: h=0 f=0.013258337974500000039
						} 

						surrogate evaluation 15/16 {

							point #155 ( 207945  0 )
							mesh index : 1

							surrogate cache hit: #155 --> #67

							point #67 sgte eval: h=0 f=0.01814687252039999879
						} 

						surrogate evaluation 16/16 {

							point #156 ( 207981  0 )
							mesh index : 1

							surrogate cache hit: #156 --> #68

							point #68 sgte eval: h=0 f=0.013268113136300000582
						} 

					} end of evaluations


					sorted ext poll pts {

						point # 1/15 : (   158     0 )
						point # 2/15 : (  5810     0 )
						point # 3/15 : (  7070     0 )
						point # 4/15 : (  5773     0 )
						point # 5/15 : (  5775     0 )
						point # 6/15 : ( 207981     0 )
						point # 7/15 : ( 208496     0 )
						point # 8/15 : ( 208280     0 )
						point # 9/15 : (  5768     0 )
						point #10/15 : (  5990     0 )
						point #11/15 : (  5558     0 )
						point #12/15 : (  5780     0 )
						point #13/15 : ( 219830     0 )
						point #14/15 : ( 227606     0 )
						point #15/15 : ( 207945     0 )

					} 


				} end of ext poll pts sorting (on surrogates)


				extended poll point eval {

					extended poll point = (   158     0 )

					list of points evaluation (extended poll) {

						evaluation 1/1 {

							point #157 ( 158  0 )
							mesh index : 1

							cache hit: #157 --> #69
							extended poll unsuccessful point #69 [ h=0 f=0.01280910968780000006 ]
						} 

					} end of evaluations


				} 


				extended poll center: (   158     0 )

				perform extended poll descent ...... yes

				extended poll descent (on surrogates) {

					       iteration = 3
					 blackbox eval.  = 21
					      sgte eval. = 46
					      mesh index = 1
					ext. poll center = (   158     0 ) f=0.01280910968780000006 h=0


					MADS run {

						46+SGTE	OBJ	(ext-poll--surrogate)

						46+ 0	0.01182448863980000049	(ext-poll--surrogate)

					} end of run (max mesh index)

					blackbox evaluations    : 0
					best feasible solution  : ( 158 0 ) h=0 f=0.011824488639800000492

				} end of extended poll descent (unsuccessful)


				extended poll point eval {

					extended poll point = (  5810     0 )

					list of points evaluation (extended poll) {

						evaluation 1/1 {

							point #158 ( 5810  0 )
							mesh index : 1

							cache hit: #158 --> #70
							extended poll unsuccessful point #70 [ h=0 f=0.011911575794199999803 ]
						} 

					} end of evaluations


				} 


				extended poll center: (  5810     0 )

				perform extended poll descent ...... yes

				extended poll descent (on surrogates) {

					       iteration = 3
					 blackbox eval.  = 21
					      sgte eval. = 46
					      mesh index = 1
					ext. poll center = (  5810     0 ) f=0.011911575794199999803 h=0


					MADS run {

						46+SGTE	OBJ	(ext-poll--surrogate)

						46+ 0	0.01196887493129999980	(ext-poll--surrogate)

					} end of run (max mesh index)

					blackbox evaluations    : 0
					best feasible solution  : ( 5810 0 ) h=0 f=0.011968874931299999798

				} end of extended poll descent (unsuccessful)


				extended poll point eval {

					extended poll point = (  7070     0 )

					list of points evaluation (extended poll) {

						evaluation 1/1 {

							point #159 ( 7070  0 )
							mesh index : 1

							cache hit: #159 --> #71
							extended poll unsuccessful point #71 [ h=0 f=0.012566363811499999675 ]
						} 

					} end of evaluations


				} 


				extended poll center: (  7070     0 )

				perform extended poll descent ...... yes

				extended poll descent (on surrogates) {

					       iteration = 3
					 blackbox eval.  = 21
					      sgte eval. = 46
					      mesh index = 1
					ext. poll center = (  7070     0 ) f=0.012566363811499999675 h=0


					MADS run {

						46+SGTE	OBJ	(ext-poll--surrogate)

						46+ 0	0.01236991882320000007	(ext-poll--surrogate)

					} end of run (max mesh index)

					blackbox evaluations    : 0
					best feasible solution  : ( 7070 0 ) h=0 f=0.012369918823200000066

				} end of extended poll descent (unsuccessful)


				extended poll point eval {

					extended poll point = (  5773     0 )

					list of points evaluation (extended poll) {

						evaluation 1/1 {

							point #160 ( 5773  0 )
							mesh index : 1

							cache hit: #160 --> #72
							extended poll unsuccessful point #72 [ h=0 f=0.013198740482300000756 ]
						} 

					} end of evaluations


				} 


				extended poll center: (  5773     0 )

				perform extended poll descent ...... no

				extended poll point eval {

					extended poll point = (  5775     0 )

					list of points evaluation (extended poll) {

						evaluation 1/1 {

							point #161 ( 5775  0 )
							mesh index : 1

							cache hit: #161 --> #73
							extended poll unsuccessful point #73 [ h=0 f=0.0132527923584 ]
						} 

					} end of evaluations


				} 


				extended poll center: (  5775     0 )

				perform extended poll descent ...... no

				extended poll point eval {

					extended poll point = ( 207981     0 )

					list of points evaluation (extended poll) {

						evaluation 1/1 {

							point #162 ( 207981  0 )
							mesh index : 1

							cache hit: #162 --> #74
							extended poll unsuccessful point #74 [ h=0 f=0.013324270248399999392 ]
						} 

					} end of evaluations


				} 


				extended poll center: ( 207981     0 )

				perform extended poll descent ...... no

				extended poll point eval {

					extended poll point = ( 208496     0 )

					list of points evaluation (extended poll) {

						evaluation 1/1 {

							point #163 ( 208496  0 )
							mesh index : 1

							cache hit: #163 --> #75
							extended poll unsuccessful point #75 [ h=0 f=0.013326065540300000706 ]
						} 

					} end of evaluations


				} 


				extended poll center: ( 208496     0 )

				perform extended poll descent ...... no

				extended poll point eval {

					extended poll point = ( 208280     0 )

					list of points evaluation (extended poll) {

						evaluation 1/1 {

							point #164 ( 208280  0 )
							mesh index : 1

							cache hit: #164 --> #76
							extended poll unsuccessful point #76 [ h=0 f=0.013584861755399999655 ]
						} 

					} end of evaluations


				} 


				extended poll center: ( 208280     0 )

				perform extended poll descent ...... no

				extended poll point eval {

					extended poll point = (  5768     0 )

					list of points evaluation (extended poll) {

						evaluation 1/1 {

							point #165 ( 5768  0 )
							mesh index : 1

							cache hit: #165 --> #77
							extended poll unsuccessful point #77 [ h=0 f=0.013071818351699999658 ]
						} 

					} end of evaluations


				} 


				extended poll center: (  5768     0 )

				perform extended poll descent ...... no

				extended poll point eval {

					extended poll point = (  5990     0 )

					list of points evaluation (extended poll) {

						evaluation 1/1 {

							point #166 ( 5990  0 )
							mesh index : 1

							cache hit: #166 --> #78
							extended poll unsuccessful point #78 [ h=0 f=0.013906776905099999322 ]
						} 

					} end of evaluations


				} 


				extended poll center: (  5990     0 )

				perform extended poll descent ...... no

				extended poll point eval {

					extended poll point = (  5558     0 )

					list of points evaluation (extended poll) {

						evaluation 1/1 {

							point #167 ( 5558  0 )
							mesh index : 1

							cache hit: #167 --> #79
							extended poll unsuccessful point #79 [ h=0 f=0.014123828411099999258 ]
						} 

					} end of evaluations


				} 


				extended poll center: (  5558     0 )

				perform extended poll descent ...... no

				extended poll point eval {

					extended poll point = (  5780     0 )

					list of points evaluation (extended poll) {

						evaluation 1/1 {

							point #168 ( 5780  0 )
							mesh index : 1

							cache hit: #168 --> #80
							extended poll unsuccessful point #80 [ h=0 f=0.013232395649000000537 ]
						} 

					} end of evaluations


				} 


				extended poll center: (  5780     0 )

				perform extended poll descent ...... no

				extended poll point eval {

					extended poll point = ( 219830     0 )

					list of points evaluation (extended poll) {

						evaluation 1/1 {

							point #169 ( 219830  0 )
							mesh index : 1

							cache hit: #169 --> #81
							extended poll unsuccessful point #81 [ h=0 f=0.014336509704600000625 ]
						} 

					} end of evaluations


				} 


				extended poll center: ( 219830     0 )

				perform extended poll descent ...... no

				extended poll point eval {

					extended poll point = ( 227606     0 )

					list of points evaluation (extended poll) {

						evaluation 1/1 {

							point #170 ( 227606  0 )
							mesh index : 1

							cache hit: #170 --> #82
							extended poll unsuccessful point #82 [ h=0 f=0.014493420124099999288 ]
						} 

					} end of evaluations


				} 


				extended poll center: ( 227606     0 )

				perform extended poll descent ...... no

				extended poll point eval {

					extended poll point = ( 207945     0 )

					list of points evaluation (extended poll) {

						evaluation 1/1 {

							point #171 ( 207945  0 )
							mesh index : 1

							cache hit: #171 --> #83
							extended poll unsuccessful point #83 [ h=0 f=0.0134784388541999995 ]
						} 

					} end of evaluations


				} 


				extended poll center: ( 207945     0 )

				perform extended poll descent ...... no

			} end of extended poll

		} end of poll

		Mesh update {
			previous mesh index: 1
			new mesh index     : 2
		} 


		terminate MADS       : no
		iteration status     : unsuccessful
		new feas. incumbent  : none
		new infeas. incumbent: none

	} end of iteration 3

	MADS iteration 4 {

		blackbox evaluations : 21
		best feas. solution  : ( 5774  0 ) h=0 f=0.01178671836849999946
		best infeas. solution: none
		poll center          : ( 5774  0 )
		mesh size            : ( 0.0625 0.0625 )
		poll size            : ( 0.25 0.25 )
		mesh index           : 2
		h_max                : inf

		MADS search {
		} end of search

		MADS poll {

			poll center: ( 5774  0 )

			poll directions (include mesh size parameter) {
				dir 0 : (  0 -1 ) Ortho-MADS 2n
				dir 1 : (  0  1 ) Ortho-MADS 2n
			} 

			re-ordered list of 2 poll trial points {
				#181 : ( 5774 -1 ) (dir 0)
				#182 : ( 5774  1 ) (dir 1)
			} 

			list of points evaluation (poll) {

				surrogate evaluation 1/2 {

					point #181 ( 5774 -1 )
					direction  : (  0 -1 ) Ortho-MADS 2n
					mesh index : 2

					surrogate cache hit: #181 --> #49

					point #49 sgte eval: failed
				} 

				surrogate evaluation 2/2 {

					point #182 ( 5774  1 )
					direction  : (  0  1 ) Ortho-MADS 2n
					mesh index : 2

					surrogate cache hit: #182 --> #50

					point #50 sgte eval: failed
				} 

			} end of evaluations

			re-ordered list of 2 poll trial points {

				#183: ( 5774 -1 ) (dir 0)
				#184: ( 5774  1 ) (dir 1)
			} 

			list of points evaluation (poll) {

				evaluation 1/2 {

					point #183 ( 5774 -1 )
					direction  : (  0 -1 ) Ortho-MADS 2n
					mesh index : -1

					cache hit: #183 --> #51
					poll unsuccessful point #51: evaluation failed
				} 

				evaluation 2/2 {

					point #184 ( 5774  1 )
					direction  : (  0  1 ) Ortho-MADS 2n
					mesh index : -1

					cache hit: #184 --> #52
					poll unsuccessful point #52: evaluation failed
				} 

			} end of evaluations


			MADS extended poll {


				extended poll pts sorting (on surrogates) {


					list of points evaluation (extended poll) {

						surrogate evaluation 1/16 {

							point #185 ( 7070  0 )
							mesh index : 2

							surrogate cache hit: #185 --> #53

							point #53 sgte eval: h=0 f=0.012369918823200000066
						} 

						surrogate evaluation 2/16 {

							point #186 ( 5558  0 )
							mesh index : 2

							surrogate cache hit: #186 --> #54

							point #54 sgte eval: h=0 f=0.014037895202599999164
						} 

						surrogate evaluation 3/16 {

							point #187 ( 5990  0 )
							mesh index : 2

							surrogate cache hit: #187 --> #55

							point #55 sgte eval: h=0 f=0.013821530342099999644
						} 

						surrogate evaluation 4/16 {

							point #188 ( 219830  0 )
							mesh index : 2

							surrogate cache hit: #188 --> #56

							point #56 sgte eval: h=0 f=0.014381909370400000614
						} 

						surrogate evaluation 5/16 {

							point #189 ( 227606  0 )
							mesh index : 2

							surrogate cache hit: #189 --> #57

							point #57 sgte eval: h=0 f=0.015374755859399999447
						} 

						surrogate evaluation 6/16 {

							point #190 ( 5810  0 )
							mesh index : 2

							surrogate cache hit: #190 --> #58

							point #58 sgte eval: h=0 f=0.011968874931299999798
						} 

						surrogate evaluation 7/16 {

							point #191 ( 158  0 )
							mesh index : 2

							surrogate cache hit: #191 --> #59

							point #59 sgte eval: h=0 f=0.011824488639800000492
						} 

						surrogate evaluation 8/16 {

							point #192 ( 158  0 )
							mesh index : 2

							surrogate cache hit: #192 --> #59

							point #59 sgte eval: h=0 f=0.011824488639800000492
						} 

						surrogate evaluation 9/16 {

							point #193 ( 5768  0 )
							mesh index : 2

							surrogate cache hit: #193 --> #61

							point #61 sgte eval: h=0 f=0.013673543930100000299
						} 

						surrogate evaluation 10/16 {

							point #194 ( 5780  0 )
							mesh index : 2

							surrogate cache hit: #194 --> #62

							point #62 sgte eval: h=0 f=0.014256882667499999953
						} 

						surrogate evaluation 11/16 {

							point #195 ( 208280  0 )
							mesh index : 2

							surrogate cache hit: #195 --> #63

							point #63 sgte eval: h=0 f=0.013571572303799999543
						} 

						surrogate evaluation 12/16 {

							point #196 ( 208496  0 )
							mesh index : 2

							surrogate cache hit: #196 --> #64

							point #64 sgte eval: h=0 f=0.013314986228900000526
						} 

						surrogate evaluation 13/16 {

							point #197 ( 5773  0 )
							mesh index : 2

							surrogate cache hit: #197 --> #65

							point #65 sgte eval: h=0 f=0.01308648586270000011
						} 

						surrogate evaluation 14/16 {

							point #198 ( 5775  0 )
							mesh index : 2

							surrogate cache hit: #198 --> #66

							point #66 sgte eval: h=0 f=0.013258337974500000039
						} 

						surrogate evaluation 15/16 {

							point #199 ( 207945  0 )
							mesh index : 2

							surrogate cache hit: #199 --> #67

							point #67 sgte eval: h=0 f=0.01814687252039999879
						} 

						surrogate evaluation 16/16 {

							point #200 ( 207981  0 )
							mesh index : 2

							surrogate cache hit: #200 --> #68

							point #68 sgte eval: h=0 f=0.013268113136300000582
						} 

					} end of evaluations


					sorted ext poll pts {

						point # 1/15 : (   158     0 )
						point # 2/15 : (  5810     0 )
						point # 3/15 : (  7070     0 )
						point # 4/15 : (  5773     0 )
						point # 5/15 : (  5775     0 )
						point # 6/15 : ( 207981     0 )
						point # 7/15 : ( 208496     0 )
						point # 8/15 : ( 208280     0 )
						point # 9/15 : (  5768     0 )
						point #10/15 : (  5990     0 )
						point #11/15 : (  5558     0 )
						point #12/15 : (  5780     0 )
						point #13/15 : ( 219830     0 )
						point #14/15 : ( 227606     0 )
						point #15/15 : ( 207945     0 )

					} 


				} end of ext poll pts sorting (on surrogates)


				extended poll point eval {

					extended poll point = (   158     0 )

					list of points evaluation (extended poll) {

						evaluation 1/1 {

							point #201 ( 158  0 )
							mesh index : 2

							cache hit: #201 --> #69
							extended poll unsuccessful point #69 [ h=0 f=0.01280910968780000006 ]
						} 

					} end of evaluations


				} 


				extended poll center: (   158     0 )

				perform extended poll descent ...... yes

				extended poll descent (on surrogates) {

					       iteration = 4
					 blackbox eval.  = 21
					      sgte eval. = 46
					      mesh index = 2
					ext. poll center = (   158     0 ) f=0.01280910968780000006 h=0


					MADS run {

						46+SGTE	OBJ	(ext-poll--surrogate)

						46+ 0	0.01182448863980000049	(ext-poll--surrogate)

					} end of run (max mesh index)

					blackbox evaluations    : 0
					best feasible solution  : ( 158 0 ) h=0 f=0.011824488639800000492

				} end of extended poll descent (unsuccessful)


				extended poll point eval {

					extended poll point = (  5810     0 )

					list of points evaluation (extended poll) {

						evaluation 1/1 {

							point #202 ( 5810  0 )
							mesh index : 2

							cache hit: #202 --> #70
							extended poll unsuccessful point #70 [ h=0 f=0.011911575794199999803 ]
						} 

					} end of evaluations


				} 


				extended poll center: (  5810     0 )

				perform extended poll descent ...... yes

				extended poll descent (on surrogates) {

					       iteration = 4
					 blackbox eval.  = 21
					      sgte eval. = 46
					      mesh index = 2
					ext. poll center = (  5810     0 ) f=0.011911575794199999803 h=0


					MADS run {

						46+SGTE	OBJ	(ext-poll--surrogate)

						46+ 0	0.01196887493129999980	(ext-poll--surrogate)

					} end of run (max mesh index)

					blackbox evaluations    : 0
					best feasible solution  : ( 5810 0 ) h=0 f=0.011968874931299999798

				} end of extended poll descent (unsuccessful)


				extended poll point eval {

					extended poll point = (  7070     0 )

					list of points evaluation (extended poll) {

						evaluation 1/1 {

							point #203 ( 7070  0 )
							mesh index : 2

							cache hit: #203 --> #71
							extended poll unsuccessful point #71 [ h=0 f=0.012566363811499999675 ]
						} 

					} end of evaluations


				} 


				extended poll center: (  7070     0 )

				perform extended poll descent ...... yes

				extended poll descent (on surrogates) {

					       iteration = 4
					 blackbox eval.  = 21
					      sgte eval. = 46
					      mesh index = 2
					ext. poll center = (  7070     0 ) f=0.012566363811499999675 h=0


					MADS run {

						46+SGTE	OBJ	(ext-poll--surrogate)

						46+ 0	0.01236991882320000007	(ext-poll--surrogate)

					} end of run (max mesh index)

					blackbox evaluations    : 0
					best feasible solution  : ( 7070 0 ) h=0 f=0.012369918823200000066

				} end of extended poll descent (unsuccessful)


				extended poll point eval {

					extended poll point = (  5773     0 )

					list of points evaluation (extended poll) {

						evaluation 1/1 {

							point #204 ( 5773  0 )
							mesh index : 2

							cache hit: #204 --> #72
							extended poll unsuccessful point #72 [ h=0 f=0.013198740482300000756 ]
						} 

					} end of evaluations


				} 


				extended poll center: (  5773     0 )

				perform extended poll descent ...... no

				extended poll point eval {

					extended poll point = (  5775     0 )

					list of points evaluation (extended poll) {

						evaluation 1/1 {

							point #205 ( 5775  0 )
							mesh index : 2

							cache hit: #205 --> #73
							extended poll unsuccessful point #73 [ h=0 f=0.0132527923584 ]
						} 

					} end of evaluations


				} 


				extended poll center: (  5775     0 )

				perform extended poll descent ...... no

				extended poll point eval {

					extended poll point = ( 207981     0 )

					list of points evaluation (extended poll) {

						evaluation 1/1 {

							point #206 ( 207981  0 )
							mesh index : 2

							cache hit: #206 --> #74
							extended poll unsuccessful point #74 [ h=0 f=0.013324270248399999392 ]
						} 

					} end of evaluations


				} 


				extended poll center: ( 207981     0 )

				perform extended poll descent ...... no

				extended poll point eval {

					extended poll point = ( 208496     0 )

					list of points evaluation (extended poll) {

						evaluation 1/1 {

							point #207 ( 208496  0 )
							mesh index : 2

							cache hit: #207 --> #75
							extended poll unsuccessful point #75 [ h=0 f=0.013326065540300000706 ]
						} 

					} end of evaluations


				} 


				extended poll center: ( 208496     0 )

				perform extended poll descent ...... no

				extended poll point eval {

					extended poll point = ( 208280     0 )

					list of points evaluation (extended poll) {

						evaluation 1/1 {

							point #208 ( 208280  0 )
							mesh index : 2

							cache hit: #208 --> #76
							extended poll unsuccessful point #76 [ h=0 f=0.013584861755399999655 ]
						} 

					} end of evaluations


				} 


				extended poll center: ( 208280     0 )

				perform extended poll descent ...... no

				extended poll point eval {

					extended poll point = (  5768     0 )

					list of points evaluation (extended poll) {

						evaluation 1/1 {

							point #209 ( 5768  0 )
							mesh index : 2

							cache hit: #209 --> #77
							extended poll unsuccessful point #77 [ h=0 f=0.013071818351699999658 ]
						} 

					} end of evaluations


				} 


				extended poll center: (  5768     0 )

				perform extended poll descent ...... no

				extended poll point eval {

					extended poll point = (  5990     0 )

					list of points evaluation (extended poll) {

						evaluation 1/1 {

							point #210 ( 5990  0 )
							mesh index : 2

							cache hit: #210 --> #78
							extended poll unsuccessful point #78 [ h=0 f=0.013906776905099999322 ]
						} 

					} end of evaluations


				} 


				extended poll center: (  5990     0 )

				perform extended poll descent ...... no

				extended poll point eval {

					extended poll point = (  5558     0 )

					list of points evaluation (extended poll) {

						evaluation 1/1 {

							point #211 ( 5558  0 )
							mesh index : 2

							cache hit: #211 --> #79
							extended poll unsuccessful point #79 [ h=0 f=0.014123828411099999258 ]
						} 

					} end of evaluations


				} 


				extended poll center: (  5558     0 )

				perform extended poll descent ...... no

				extended poll point eval {

					extended poll point = (  5780     0 )

					list of points evaluation (extended poll) {

						evaluation 1/1 {

							point #212 ( 5780  0 )
							mesh index : 2

							cache hit: #212 --> #80
							extended poll unsuccessful point #80 [ h=0 f=0.013232395649000000537 ]
						} 

					} end of evaluations


				} 


				extended poll center: (  5780     0 )

				perform extended poll descent ...... no

				extended poll point eval {

					extended poll point = ( 219830     0 )

					list of points evaluation (extended poll) {

						evaluation 1/1 {

							point #213 ( 219830  0 )
							mesh index : 2

							cache hit: #213 --> #81
							extended poll unsuccessful point #81 [ h=0 f=0.014336509704600000625 ]
						} 

					} end of evaluations


				} 


				extended poll center: ( 219830     0 )

				perform extended poll descent ...... no

				extended poll point eval {

					extended poll point = ( 227606     0 )

					list of points evaluation (extended poll) {

						evaluation 1/1 {

							point #214 ( 227606  0 )
							mesh index : 2

							cache hit: #214 --> #82
							extended poll unsuccessful point #82 [ h=0 f=0.014493420124099999288 ]
						} 

					} end of evaluations


				} 


				extended poll center: ( 227606     0 )

				perform extended poll descent ...... no

				extended poll point eval {

					extended poll point = ( 207945     0 )

					list of points evaluation (extended poll) {

						evaluation 1/1 {

							point #215 ( 207945  0 )
							mesh index : 2

							cache hit: #215 --> #83
							extended poll unsuccessful point #83 [ h=0 f=0.0134784388541999995 ]
						} 

					} end of evaluations


				} 


				extended poll center: ( 207945     0 )

				perform extended poll descent ...... no

			} end of extended poll

		} end of poll

		Mesh update {
			previous mesh index: 2
			new mesh index     : 3
		} 


		terminate MADS       : yes
		termination cause    : max mesh index
		iteration status     : unsuccessful
		new feas. incumbent  : none
		new infeas. incumbent: none

	} end of iteration 4

} end of run (max mesh index)

NOMAD final display {

	cache {
		number of cache points: 21
		size in memory        : 2.6000000000000000888 KB
		cache file            : -
	} 

	stats {
		MADS iterations                 : 5
		blackbox evaluations            : 21
		simulated blackbox evaluations  : 0
		evaluations                     : 72
		surrogate evaluations           : 46
		failed evaluations              : 14
		interrupted sequences of eval.  : 0
		cache hits                      : 138
		number of poll searches         : 5
		poll successes                  : 1
		poll points                     : 10
		number of extended polls        : 5
		number of ext. poll descents    : 12
		number of ext. poll successes   : 1
		number of ext. poll points      : 148
		number of ext. poll bb eval     : 16
		number of speculative searches  : 1
		speculative search successes    : 0
		speculative search points       : 0
		number of user searches         : 0
		number of LH searches           : 0
		number of cache searches        : 0
		number of VNS searches          : 0
		no model has been constructed
		wall-clock time                 : 2m 23s
	} 

	miscellaneous {
		mesh index      : min=-1, max=3, last=2
		best feas. sol  : ( 5774 0 ) h=0 f=0.01178671836849999946
		best infeas. sol: none
	} 
} 
