
NOMAD - version 3.5.1 - www.gerad.ca/nomad

Copyright (C) 2001-2012 {
	Mark A. Abramson     - The Boeing Company
	Charles Audet        - Ecole Polytechnique de Montreal
	Gilles Couture       - Ecole Polytechnique de Montreal
	John E. Dennis, Jr.  - Rice University
	Sebastien Le Digabel - Ecole Polytechnique de Montreal
	Christophe Tribes    - Ecole Polytechnique de Montreal
} 

Funded in part by AFOSR and Exxon Mobil.

License   : '$NOMAD_HOME/src/lgpl.txt'
User guide: '$NOMAD_HOME/doc/user_guide.pdf'
Examples  : '$NOMAD_HOME/examples'
Tools     : '$NOMAD_HOME/tools'

Please report bugs to nomad@gerad.ca

parameters {

	problem directory    : ./
	dimension            : n=2
	blackbox input types : (   cat(C)   int(I) )
	extended poll trigger: 0.10000000000000000555 (relative)
	neighbors executable : $python neighbors.py
	variable groups {
		group #0 {
			indexes: { 0 }
			no directions (categorical variables)
		} 
		group #1 {
			indexes: { 1 }
			directions {
				n             : 1
				types         : { [Ortho-MADS 2n] }
				sec poll types: { }
				halton_seed   : 3
			} 
		} 
	} 
	blackbox outputs (m=1) {
		#0          OBJ	$python blackbox.py	$python surrogate.py
	} 
	signature                       : standard
	has surrogate                   : yes
	sort trial points with surrogate: yes
	surrogate cost                  : none
	add seed to output file names   : yes
	solution file                   : nomad-solution.705.txt
	history file                    : none
	stats file                      : none
	cache file                      : none
	x0                              : ( 275378    0 )
	directions         : Ortho-MADS 2n
	user halton seed   : 3
	mesh {
		update basis       :   4
		coarsening exponent:   1
		refining exponent  :  -1
		initial mesh index :   0
		max mesh index     :   2
		initial mesh size  : (    1    1 )
		min poll size      : (  NaN    1 )
	} 
	snap to bounds                   : yes
	opportunistic evaluations        : yes
	use models                       : no
	speculative search               : yes
	VNS search                       : no
	Latin-Hypercube (LH) search      : no
	cache search                     : no
	random seed / run id             : 705
	epsilon                          : 1.0000000000000000304e-13
	undefined string                 : NaN
	infinity string                  : inf
	display degrees {
		general  : full (3)
		search   : full (3)
		poll     : full (3)
		iterative: full (3)
	} 
	display stats                : EVAL BBE [ SOL, ] BBO TIME
	display all evaluations      : no
	point display limit          : no limit
	max number of blackbox eval. : 100
	max cache memory             : 2000 MB
} 

MADS run {

	starting point evaluation {

		x0 eval point: ( 275378  0 )

		list of points evaluation (x0 evaluation) {

			evaluation 1/1 {

				point #0 ( 275378  0 )


				x0 evaluation dominating point #0 {
					x    = ( 275378  0 )
					F(x) = [ 7.941961288449999332e-05 ]
					h    = 0
					f    = 7.941961288449999332e-05
				} 
			} 

		} end of evaluations


		terminate MADS       : no
		iteration status     : dominating
		new feas. incumbent  : #0 {
			x    = ( 275378  0 )
			F(x) = [ 7.941961288449999332e-05 ]
			h    = 0
			f    = 7.941961288449999332e-05
		} 
		new infeas. incumbent: none

	} end of starting point evaluation

	MADS iteration 0 {

		blackbox evaluations : 1
		best feas. solution  : ( 275378  0 ) h=0 f=7.941961288449999332e-05
		best infeas. solution: none
		poll center          : ( 275378  0 )
		mesh size            : (  1  1 )
		poll size            : (  1  1 )
		mesh index           : 0
		h_max                : inf

		MADS search {
		} end of search

		MADS poll {

			poll center: ( 275378  0 )

			poll directions (include mesh size parameter) {
				dir 0 : (  0 -1 ) Ortho-MADS 2n
				dir 1 : (  0  1 ) Ortho-MADS 2n
			} 

			re-ordered list of 2 poll trial points {
				#1 : ( 275378 -1 ) (dir 0)
				#2 : ( 275378  1 ) (dir 1)
			} 

			list of points evaluation (poll) {

				surrogate evaluation 1/2 {

					point #1 ( 275378 -1 )
					direction  : (  0 -1 ) Ortho-MADS 2n
					mesh index : 0


					point #1 sgte eval: failed
				} 

				surrogate evaluation 2/2 {

					point #2 ( 275378  1 )
					direction  : (  0  1 ) Ortho-MADS 2n
					mesh index : 0


					point #2 sgte eval: failed
				} 

			} end of evaluations

			re-ordered list of 2 poll trial points {

				#3: ( 275378 -1 ) (dir 0)
				#4: ( 275378  1 ) (dir 1)
			} 

			list of points evaluation (poll) {

				evaluation 1/2 {

					point #3 ( 275378 -1 )
					direction  : (  0 -1 ) Ortho-MADS 2n
					mesh index : 0

					poll unsuccessful point #3: evaluation failed
				} 

				evaluation 2/2 {

					point #4 ( 275378  1 )
					direction  : (  0  1 ) Ortho-MADS 2n
					mesh index : 0

					poll unsuccessful point #4: evaluation failed
				} 

			} end of evaluations


			MADS extended poll {


				extended poll pts sorting (on surrogates) {


					list of points evaluation (extended poll) {

						surrogate evaluation 1/23 {

							point #5 ( 228722  0 )
							mesh index : 0


							point #5 sgte eval: h=0 f=0.00088109970092799998285
						} 

						surrogate evaluation 2/23 {

							point #6 ( 267602  0 )
							mesh index : 0


							point #6 sgte eval: h=0 f=0.00084509849548299997152
						} 

						surrogate evaluation 3/23 {

							point #7 ( 7106  0 )
							mesh index : 0


							point #7 sgte eval: h=0 f=0.00080230236053500003819
						} 

						surrogate evaluation 4/23 {

							point #8 ( 7106  0 )
							mesh index : 0

							surrogate cache hit: #8 --> #7

							point #7 sgte eval: h=0 f=0.00080230236053500003819
						} 

						surrogate evaluation 5/23 {

							point #9 ( 274082  0 )
							mesh index : 0


							point #9 sgte eval: h=0 f=0.0015158176422100000554
						} 

						surrogate evaluation 6/23 {

							point #10 ( 276674  0 )
							mesh index : 0


							point #10 sgte eval: h=0 f=0.0011420011520400000747
						} 

						surrogate evaluation 7/23 {

							point #11 ( 9996674  0 )
							mesh index : 0


							point #11 sgte eval: h=0 f=0.0012794971466100000645
						} 

						surrogate evaluation 8/23 {

							point #12 ( 10043330  0 )
							mesh index : 0


							point #12 sgte eval: h=0 f=0.0015034914016700000241
						} 

						surrogate evaluation 9/23 {

							point #13 ( 275162  0 )
							mesh index : 0


							point #13 sgte eval: h=0 f=0.00085649490356399995018
						} 

						surrogate evaluation 10/23 {

							point #14 ( 275594  0 )
							mesh index : 0


							point #14 sgte eval: h=0 f=0.00092689990997299996373
						} 

						surrogate evaluation 11/23 {

							point #15 ( 9924314  0 )
							mesh index : 0


							point #15 sgte eval: h=0 f=0.00085718631744400003002
						} 

						surrogate evaluation 12/23 {

							point #16 ( 9932090  0 )
							mesh index : 0


							point #16 sgte eval: h=0 f=0.00086801052093500000346
						} 

						surrogate evaluation 13/23 {

							point #17 ( 275342  0 )
							mesh index : 0


							point #17 sgte eval: h=0 f=0.00093140602111800000103
						} 

						surrogate evaluation 14/23 {

							point #18 ( 7646  0 )
							mesh index : 0


							point #18 sgte eval: h=0 f=0.00083019733429000005295
						} 

						surrogate evaluation 15/23 {

							point #19 ( 7646  0 )
							mesh index : 0

							surrogate cache hit: #19 --> #18

							point #18 sgte eval: h=0 f=0.00083019733429000005295
						} 

						surrogate evaluation 16/23 {

							point #20 ( 275372  0 )
							mesh index : 0


							point #20 sgte eval: h=0 f=0.0013442993164099999517
						} 

						surrogate evaluation 17/23 {

							point #21 ( 275384  0 )
							mesh index : 0


							point #21 sgte eval: h=0 f=0.0010084867477399999704
						} 

						surrogate evaluation 18/23 {

							point #22 ( 9914024  0 )
							mesh index : 0


							point #22 sgte eval: h=0 f=0.0011001110076900000832
						} 

						surrogate evaluation 19/23 {

							point #23 ( 9914240  0 )
							mesh index : 0


							point #23 sgte eval: h=0 f=0.00088710784912100000988
						} 

						surrogate evaluation 20/23 {

							point #24 ( 275377  0 )
							mesh index : 0


							point #24 sgte eval: h=0 f=0.0012603044509899999706
						} 

						surrogate evaluation 21/23 {

							point #25 ( 275379  0 )
							mesh index : 0


							point #25 sgte eval: h=0 f=0.000952410697936999966
						} 

						surrogate evaluation 22/23 {

							point #26 ( 9913689  0 )
							mesh index : 0


							point #26 sgte eval: h=0 f=0.0011984109878499999476
						} 

						surrogate evaluation 23/23 {

							point #27 ( 9913725  0 )
							mesh index : 0


							point #27 sgte eval: h=0 f=0.0013574838638299999757
						} 

					} end of evaluations


					sorted ext poll pts {

						point # 1/21 : (  7106     0 )
						point # 2/21 : (  7646     0 )
						point # 3/21 : ( 267602     0 )
						point # 4/21 : ( 275162     0 )
						point # 5/21 : ( 9924314     0 )
						point # 6/21 : ( 9932090     0 )
						point # 7/21 : ( 228722     0 )
						point # 8/21 : ( 9914240     0 )
						point # 9/21 : ( 275594     0 )
						point #10/21 : ( 275342     0 )
						point #11/21 : ( 275379     0 )
						point #12/21 : ( 275384     0 )
						point #13/21 : ( 9914024     0 )
						point #14/21 : ( 276674     0 )
						point #15/21 : ( 9913689     0 )
						point #16/21 : ( 275377     0 )
						point #17/21 : ( 9996674     0 )
						point #18/21 : ( 275372     0 )
						point #19/21 : ( 9913725     0 )
						point #20/21 : ( 10043330     0 )
						point #21/21 : ( 274082     0 )

					} 


				} end of ext poll pts sorting (on surrogates)


				extended poll point eval {

					extended poll point = (  7106     0 )

					list of points evaluation (extended poll) {

						evaluation 1/1 {

							point #28 ( 7106  0 )
							mesh index : 0

							extended poll unsuccessful point #28 [ h=0 f=7.952928543090000222e-05 ]
						} 

					} end of evaluations


				} 


				extended poll center: (  7106     0 )

				perform extended poll descent ...... yes

				extended poll descent (on surrogates) {

					       iteration = 0
					 blackbox eval.  = 4
					      sgte eval. = 23
					      mesh index = 0
					ext. poll center = (  7106     0 ) f=7.952928543090000222e-05 h=0


					MADS run {

						23+SGTE	OBJ	(ext-poll--surrogate)

						23+ 0	0.00080230236053500004	(ext-poll--surrogate)

					} end of run (max mesh index)

					blackbox evaluations    : 0
					best feasible solution  : ( 7106 0 ) h=0 f=0.00080230236053500003819

				} end of extended poll descent (unsuccessful)


				extended poll point eval {

					extended poll point = (  7646     0 )

					list of points evaluation (extended poll) {

						evaluation 1/1 {

							point #29 ( 7646  0 )
							mesh index : 0

							extended poll unsuccessful point #29 [ h=0 f=8.0821514129599995131e-05 ]
						} 

					} end of evaluations


				} 


				extended poll center: (  7646     0 )

				perform extended poll descent ...... yes

				extended poll descent (on surrogates) {

					       iteration = 0
					 blackbox eval.  = 5
					      sgte eval. = 25
					      mesh index = 0
					ext. poll center = (  7646     0 ) f=8.0821514129599995131e-05 h=0


					MADS run {

						25+SGTE	OBJ	(ext-poll--surrogate)

						25+ 0	0.00083019733429000005	(ext-poll--surrogate)

					} end of run (max mesh index)

					blackbox evaluations    : 0
					best feasible solution  : ( 7646 0 ) h=0 f=0.00083019733429000005295

				} end of extended poll descent (unsuccessful)


				extended poll point eval {

					extended poll point = ( 267602     0 )

					list of points evaluation (extended poll) {

						evaluation 1/1 {

							point #30 ( 267602  0 )
							mesh index : 0

							extended poll unsuccessful point #30 [ h=0 f=8.3858966827399995694e-05 ]
						} 

					} end of evaluations


				} 


				extended poll center: ( 267602     0 )

				perform extended poll descent ...... yes

				extended poll descent (on surrogates) {

					       iteration = 0
					 blackbox eval.  = 6
					      sgte eval. = 27
					      mesh index = 0
					ext. poll center = ( 267602     0 ) f=8.3858966827399995694e-05 h=0


					MADS run {

						27+SGTE	OBJ	(ext-poll--surrogate)

						27+ 0	0.00084509849548299997	(ext-poll--surrogate)

					} end of run (max mesh index)

					blackbox evaluations    : 0
					best feasible solution  : ( 267602 0 ) h=0 f=0.00084509849548299997152

				} end of extended poll descent (unsuccessful)


				extended poll point eval {

					extended poll point = ( 275162     0 )

					list of points evaluation (extended poll) {

						evaluation 1/1 {

							point #31 ( 275162  0 )
							mesh index : 0

							extended poll unsuccessful point #31 [ h=0 f=8.3529949188199996099e-05 ]
						} 

					} end of evaluations


				} 


				extended poll center: ( 275162     0 )

				perform extended poll descent ...... yes

				extended poll descent (on surrogates) {

					       iteration = 0
					 blackbox eval.  = 7
					      sgte eval. = 29
					      mesh index = 0
					ext. poll center = ( 275162     0 ) f=8.3529949188199996099e-05 h=0


					MADS run {

						29+SGTE	OBJ	(ext-poll--surrogate)

						29+ 0	0.00085649490356399995	(ext-poll--surrogate)

					} end of run (max mesh index)

					blackbox evaluations    : 0
					best feasible solution  : ( 275162 0 ) h=0 f=0.00085649490356399995018

				} end of extended poll descent (unsuccessful)


				extended poll point eval {

					extended poll point = ( 9924314     0 )

					list of points evaluation (extended poll) {

						evaluation 1/1 {

							point #32 ( 9924314  0 )
							mesh index : 0

							extended poll unsuccessful point #32 [ h=0 f=8.604049682619999541e-05 ]
						} 

					} end of evaluations


				} 


				extended poll center: ( 9924314     0 )

				perform extended poll descent ...... yes

				extended poll descent (on surrogates) {

					       iteration = 0
					 blackbox eval.  = 8
					      sgte eval. = 31
					      mesh index = 0
					ext. poll center = ( 9924314     0 ) f=8.604049682619999541e-05 h=0


					MADS run {

						31+SGTE	OBJ	(ext-poll--surrogate)

						31+ 0	0.00085718631744400003	(ext-poll--surrogate)

					} end of run (max mesh index)

					blackbox evaluations    : 0
					best feasible solution  : ( 9924314 0 ) h=0 f=0.00085718631744400003002

				} end of extended poll descent (unsuccessful)


				extended poll point eval {

					extended poll point = ( 9932090     0 )

					list of points evaluation (extended poll) {

						evaluation 1/1 {

							point #33 ( 9932090  0 )
							mesh index : 0

							extended poll unsuccessful point #33 [ h=0 f=8.4700584411600003849e-05 ]
						} 

					} end of evaluations


				} 


				extended poll center: ( 9932090     0 )

				perform extended poll descent ...... yes

				extended poll descent (on surrogates) {

					       iteration = 0
					 blackbox eval.  = 9
					      sgte eval. = 33
					      mesh index = 0
					ext. poll center = ( 9932090     0 ) f=8.4700584411600003849e-05 h=0


					MADS run {

						33+SGTE	OBJ	(ext-poll--surrogate)

						33+ 0	0.00086801052093500000	(ext-poll--surrogate)

					} end of run (max mesh index)

					blackbox evaluations    : 0
					best feasible solution  : ( 9932090 0 ) h=0 f=0.00086801052093500000346

				} end of extended poll descent (unsuccessful)


				extended poll point eval {

					extended poll point = ( 228722     0 )

					list of points evaluation (extended poll) {

						evaluation 1/1 {

							point #34 ( 228722  0 )
							mesh index : 0

							extended poll unsuccessful point #34 [ h=0 f=9.0858936309800000168e-05 ]
						} 

					} end of evaluations


				} 


				extended poll center: ( 228722     0 )

				perform extended poll descent ...... no

				extended poll point eval {

					extended poll point = ( 9914240     0 )

					list of points evaluation (extended poll) {

						evaluation 1/1 {

							point #35 ( 9914240  0 )
							mesh index : 0

							extended poll unsuccessful point #35 [ h=0 f=9.2580318450900006447e-05 ]
						} 

					} end of evaluations


				} 


				extended poll center: ( 9914240     0 )

				perform extended poll descent ...... no

				extended poll point eval {

					extended poll point = ( 275594     0 )

					list of points evaluation (extended poll) {

						evaluation 1/1 {

							point #36 ( 275594  0 )
							mesh index : 0

							extended poll unsuccessful point #36 [ h=0 f=8.6939334869399993245e-05 ]
						} 

					} end of evaluations


				} 


				extended poll center: ( 275594     0 )

				perform extended poll descent ...... yes

				extended poll descent (on surrogates) {

					       iteration = 0
					 blackbox eval.  = 12
					      sgte eval. = 35
					      mesh index = 0
					ext. poll center = ( 275594     0 ) f=8.6939334869399993245e-05 h=0


					MADS run {

						35+SGTE	OBJ	(ext-poll--surrogate)

						35+ 0	0.00092689990997299996	(ext-poll--surrogate)

					} end of run (max mesh index)

					blackbox evaluations    : 0
					best feasible solution  : ( 275594 0 ) h=0 f=0.00092689990997299996373

				} end of extended poll descent (unsuccessful)


				extended poll point eval {

					extended poll point = ( 275342     0 )

					list of points evaluation (extended poll) {

						evaluation 1/1 {

							point #37 ( 275342  0 )
							mesh index : 0

							extended poll unsuccessful point #37 [ h=0 f=8.9390277862499999996e-05 ]
						} 

					} end of evaluations


				} 


				extended poll center: ( 275342     0 )

				perform extended poll descent ...... no

				extended poll point eval {

					extended poll point = ( 275379     0 )

					list of points evaluation (extended poll) {

						evaluation 1/1 {

							point #38 ( 275379  0 )
							mesh index : 0

							extended poll unsuccessful point #38 [ h=0 f=9.5779895782499994473e-05 ]
						} 

					} end of evaluations


				} 


				extended poll center: ( 275379     0 )

				perform extended poll descent ...... no

				extended poll point eval {

					extended poll point = ( 275384     0 )

					list of points evaluation (extended poll) {

						evaluation 1/1 {

							point #39 ( 275384  0 )
							mesh index : 0

							extended poll unsuccessful point #39 [ h=0 f=9.6430778503400006773e-05 ]
						} 

					} end of evaluations


				} 


				extended poll center: ( 275384     0 )

				perform extended poll descent ...... no

				extended poll point eval {

					extended poll point = ( 9914024     0 )

					list of points evaluation (extended poll) {

						evaluation 1/1 {

							point #40 ( 9914024  0 )
							mesh index : 0

							extended poll unsuccessful point #40 [ h=0 f=0.00013942956924399999637 ]
						} 

					} end of evaluations


				} 


				extended poll center: ( 9914024     0 )

				perform extended poll descent ...... no

				extended poll point eval {

					extended poll point = ( 276674     0 )

					list of points evaluation (extended poll) {

						evaluation 1/1 {

							point #41 ( 276674  0 )
							mesh index : 0

							extended poll unsuccessful point #41 [ h=0 f=0.00013225793838500001214 ]
						} 

					} end of evaluations


				} 


				extended poll center: ( 276674     0 )

				perform extended poll descent ...... no

				extended poll point eval {

					extended poll point = ( 9913689     0 )

					list of points evaluation (extended poll) {

						evaluation 1/1 {

							point #42 ( 9913689  0 )
							mesh index : 0

							extended poll unsuccessful point #42 [ h=0 f=9.1791152954100003959e-05 ]
						} 

					} end of evaluations


				} 


				extended poll center: ( 9913689     0 )

				perform extended poll descent ...... no

				extended poll point eval {

					extended poll point = ( 275377     0 )

					list of points evaluation (extended poll) {

						evaluation 1/1 {

							point #43 ( 275377  0 )
							mesh index : 0

							extended poll unsuccessful point #43 [ h=0 f=0.00011336088180500000333 ]
						} 

					} end of evaluations


				} 


				extended poll center: ( 275377     0 )

				perform extended poll descent ...... no

				extended poll point eval {

					extended poll point = ( 9996674     0 )

					list of points evaluation (extended poll) {

						evaluation 1/1 {

							point #44 ( 9996674  0 )
							mesh index : 0

							extended poll unsuccessful point #44 [ h=0 f=0.00016418933868400000377 ]
						} 

					} end of evaluations


				} 


				extended poll center: ( 9996674     0 )

				perform extended poll descent ...... no

				extended poll point eval {

					extended poll point = ( 275372     0 )

					list of points evaluation (extended poll) {

						evaluation 1/1 {

							point #45 ( 275372  0 )
							mesh index : 0

							extended poll unsuccessful point #45 [ h=0 f=8.7518692016600000165e-05 ]
						} 

					} end of evaluations


				} 


				extended poll center: ( 275372     0 )

				perform extended poll descent ...... no

				extended poll point eval {

					extended poll point = ( 9913725     0 )

					list of points evaluation (extended poll) {

						evaluation 1/1 {

							point #46 ( 9913725  0 )
							mesh index : 0

							extended poll unsuccessful point #46 [ h=0 f=9.1290473937999998765e-05 ]
						} 

					} end of evaluations


				} 


				extended poll center: ( 9913725     0 )

				perform extended poll descent ...... no

				extended poll point eval {

					extended poll point = ( 10043330     0 )

					list of points evaluation (extended poll) {

						evaluation 1/1 {

							point #47 ( 10043330  0 )
							mesh index : 0

							extended poll unsuccessful point #47 [ h=0 f=0.0001737689971919999883 ]
						} 

					} end of evaluations


				} 


				extended poll center: ( 10043330     0 )

				perform extended poll descent ...... no

				extended poll point eval {

					extended poll point = ( 274082     0 )

					list of points evaluation (extended poll) {

						evaluation 1/1 {

							point #48 ( 274082  0 )
							mesh index : 0

							extended poll unsuccessful point #48 [ h=0 f=0.00013176918029800000496 ]
						} 

					} end of evaluations


				} 


				extended poll center: ( 274082     0 )

				perform extended poll descent ...... no

			} end of extended poll

		} end of poll

		Mesh update {
			previous mesh index: 0
			new mesh index     : 1
		} 


		terminate MADS       : no
		iteration status     : unsuccessful
		new feas. incumbent  : none
		new infeas. incumbent: none

	} end of iteration 0

	MADS iteration 1 {

		blackbox evaluations : 24
		best feas. solution  : ( 275378  0 ) h=0 f=7.941961288449999332e-05
		best infeas. solution: none
		poll center          : ( 275378  0 )
		mesh size            : ( 0.25 0.25 )
		poll size            : ( 0.5 0.5 )
		mesh index           : 1
		h_max                : inf

		MADS search {
		} end of search

		MADS poll {

			poll center: ( 275378  0 )

			poll directions (include mesh size parameter) {
				dir 0 : (  0 -1 ) Ortho-MADS 2n
				dir 1 : (  0  1 ) Ortho-MADS 2n
			} 

			re-ordered list of 2 poll trial points {
				#70 : ( 275378 -1 ) (dir 0)
				#71 : ( 275378  1 ) (dir 1)
			} 

			list of points evaluation (poll) {

				surrogate evaluation 1/2 {

					point #70 ( 275378 -1 )
					direction  : (  0 -1 ) Ortho-MADS 2n
					mesh index : 1

					surrogate cache hit: #70 --> #1

					point #1 sgte eval: failed
				} 

				surrogate evaluation 2/2 {

					point #71 ( 275378  1 )
					direction  : (  0  1 ) Ortho-MADS 2n
					mesh index : 1

					surrogate cache hit: #71 --> #2

					point #2 sgte eval: failed
				} 

			} end of evaluations

			re-ordered list of 2 poll trial points {

				#72: ( 275378 -1 ) (dir 0)
				#73: ( 275378  1 ) (dir 1)
			} 

			list of points evaluation (poll) {

				evaluation 1/2 {

					point #72 ( 275378 -1 )
					direction  : (  0 -1 ) Ortho-MADS 2n
					mesh index : 0

					cache hit: #72 --> #3
					poll unsuccessful point #3: evaluation failed
				} 

				evaluation 2/2 {

					point #73 ( 275378  1 )
					direction  : (  0  1 ) Ortho-MADS 2n
					mesh index : 0

					cache hit: #73 --> #4
					poll unsuccessful point #4: evaluation failed
				} 

			} end of evaluations


			MADS extended poll {


				extended poll pts sorting (on surrogates) {


					list of points evaluation (extended poll) {

						surrogate evaluation 1/23 {

							point #74 ( 228722  0 )
							mesh index : 1

							surrogate cache hit: #74 --> #5

							point #5 sgte eval: h=0 f=0.00088109970092799998285
						} 

						surrogate evaluation 2/23 {

							point #75 ( 267602  0 )
							mesh index : 1

							surrogate cache hit: #75 --> #6

							point #6 sgte eval: h=0 f=0.00084509849548299997152
						} 

						surrogate evaluation 3/23 {

							point #76 ( 7106  0 )
							mesh index : 1

							surrogate cache hit: #76 --> #7

							point #7 sgte eval: h=0 f=0.00080230236053500003819
						} 

						surrogate evaluation 4/23 {

							point #77 ( 7106  0 )
							mesh index : 1

							surrogate cache hit: #77 --> #7

							point #7 sgte eval: h=0 f=0.00080230236053500003819
						} 

						surrogate evaluation 5/23 {

							point #78 ( 274082  0 )
							mesh index : 1

							surrogate cache hit: #78 --> #9

							point #9 sgte eval: h=0 f=0.0015158176422100000554
						} 

						surrogate evaluation 6/23 {

							point #79 ( 276674  0 )
							mesh index : 1

							surrogate cache hit: #79 --> #10

							point #10 sgte eval: h=0 f=0.0011420011520400000747
						} 

						surrogate evaluation 7/23 {

							point #80 ( 9996674  0 )
							mesh index : 1

							surrogate cache hit: #80 --> #11

							point #11 sgte eval: h=0 f=0.0012794971466100000645
						} 

						surrogate evaluation 8/23 {

							point #81 ( 10043330  0 )
							mesh index : 1

							surrogate cache hit: #81 --> #12

							point #12 sgte eval: h=0 f=0.0015034914016700000241
						} 

						surrogate evaluation 9/23 {

							point #82 ( 275162  0 )
							mesh index : 1

							surrogate cache hit: #82 --> #13

							point #13 sgte eval: h=0 f=0.00085649490356399995018
						} 

						surrogate evaluation 10/23 {

							point #83 ( 275594  0 )
							mesh index : 1

							surrogate cache hit: #83 --> #14

							point #14 sgte eval: h=0 f=0.00092689990997299996373
						} 

						surrogate evaluation 11/23 {

							point #84 ( 9924314  0 )
							mesh index : 1

							surrogate cache hit: #84 --> #15

							point #15 sgte eval: h=0 f=0.00085718631744400003002
						} 

						surrogate evaluation 12/23 {

							point #85 ( 9932090  0 )
							mesh index : 1

							surrogate cache hit: #85 --> #16

							point #16 sgte eval: h=0 f=0.00086801052093500000346
						} 

						surrogate evaluation 13/23 {

							point #86 ( 275342  0 )
							mesh index : 1

							surrogate cache hit: #86 --> #17

							point #17 sgte eval: h=0 f=0.00093140602111800000103
						} 

						surrogate evaluation 14/23 {

							point #87 ( 7646  0 )
							mesh index : 1

							surrogate cache hit: #87 --> #18

							point #18 sgte eval: h=0 f=0.00083019733429000005295
						} 

						surrogate evaluation 15/23 {

							point #88 ( 7646  0 )
							mesh index : 1

							surrogate cache hit: #88 --> #18

							point #18 sgte eval: h=0 f=0.00083019733429000005295
						} 

						surrogate evaluation 16/23 {

							point #89 ( 275372  0 )
							mesh index : 1

							surrogate cache hit: #89 --> #20

							point #20 sgte eval: h=0 f=0.0013442993164099999517
						} 

						surrogate evaluation 17/23 {

							point #90 ( 275384  0 )
							mesh index : 1

							surrogate cache hit: #90 --> #21

							point #21 sgte eval: h=0 f=0.0010084867477399999704
						} 

						surrogate evaluation 18/23 {

							point #91 ( 9914024  0 )
							mesh index : 1

							surrogate cache hit: #91 --> #22

							point #22 sgte eval: h=0 f=0.0011001110076900000832
						} 

						surrogate evaluation 19/23 {

							point #92 ( 9914240  0 )
							mesh index : 1

							surrogate cache hit: #92 --> #23

							point #23 sgte eval: h=0 f=0.00088710784912100000988
						} 

						surrogate evaluation 20/23 {

							point #93 ( 275377  0 )
							mesh index : 1

							surrogate cache hit: #93 --> #24

							point #24 sgte eval: h=0 f=0.0012603044509899999706
						} 

						surrogate evaluation 21/23 {

							point #94 ( 275379  0 )
							mesh index : 1

							surrogate cache hit: #94 --> #25

							point #25 sgte eval: h=0 f=0.000952410697936999966
						} 

						surrogate evaluation 22/23 {

							point #95 ( 9913689  0 )
							mesh index : 1

							surrogate cache hit: #95 --> #26

							point #26 sgte eval: h=0 f=0.0011984109878499999476
						} 

						surrogate evaluation 23/23 {

							point #96 ( 9913725  0 )
							mesh index : 1

							surrogate cache hit: #96 --> #27

							point #27 sgte eval: h=0 f=0.0013574838638299999757
						} 

					} end of evaluations


					sorted ext poll pts {

						point # 1/21 : (  7106     0 )
						point # 2/21 : (  7646     0 )
						point # 3/21 : ( 267602     0 )
						point # 4/21 : ( 275162     0 )
						point # 5/21 : ( 9924314     0 )
						point # 6/21 : ( 9932090     0 )
						point # 7/21 : ( 228722     0 )
						point # 8/21 : ( 9914240     0 )
						point # 9/21 : ( 275594     0 )
						point #10/21 : ( 275342     0 )
						point #11/21 : ( 275379     0 )
						point #12/21 : ( 275384     0 )
						point #13/21 : ( 9914024     0 )
						point #14/21 : ( 276674     0 )
						point #15/21 : ( 9913689     0 )
						point #16/21 : ( 275377     0 )
						point #17/21 : ( 9996674     0 )
						point #18/21 : ( 275372     0 )
						point #19/21 : ( 9913725     0 )
						point #20/21 : ( 10043330     0 )
						point #21/21 : ( 274082     0 )

					} 


				} end of ext poll pts sorting (on surrogates)


				extended poll point eval {

					extended poll point = (  7106     0 )

					list of points evaluation (extended poll) {

						evaluation 1/1 {

							point #97 ( 7106  0 )
							mesh index : 1

							cache hit: #97 --> #28
							extended poll unsuccessful point #28 [ h=0 f=7.952928543090000222e-05 ]
						} 

					} end of evaluations


				} 


				extended poll center: (  7106     0 )

				perform extended poll descent ...... yes

				extended poll descent (on surrogates) {

					       iteration = 1
					 blackbox eval.  = 24
					      sgte eval. = 37
					      mesh index = 1
					ext. poll center = (  7106     0 ) f=7.952928543090000222e-05 h=0


					MADS run {

						37+SGTE	OBJ	(ext-poll--surrogate)

						37+ 0	0.00080230236053500004	(ext-poll--surrogate)

					} end of run (max mesh index)

					blackbox evaluations    : 0
					best feasible solution  : ( 7106 0 ) h=0 f=0.00080230236053500003819

				} end of extended poll descent (unsuccessful)


				extended poll point eval {

					extended poll point = (  7646     0 )

					list of points evaluation (extended poll) {

						evaluation 1/1 {

							point #98 ( 7646  0 )
							mesh index : 1

							cache hit: #98 --> #29
							extended poll unsuccessful point #29 [ h=0 f=8.0821514129599995131e-05 ]
						} 

					} end of evaluations


				} 


				extended poll center: (  7646     0 )

				perform extended poll descent ...... yes

				extended poll descent (on surrogates) {

					       iteration = 1
					 blackbox eval.  = 24
					      sgte eval. = 37
					      mesh index = 1
					ext. poll center = (  7646     0 ) f=8.0821514129599995131e-05 h=0


					MADS run {

						37+SGTE	OBJ	(ext-poll--surrogate)

						37+ 0	0.00083019733429000005	(ext-poll--surrogate)

					} end of run (max mesh index)

					blackbox evaluations    : 0
					best feasible solution  : ( 7646 0 ) h=0 f=0.00083019733429000005295

				} end of extended poll descent (unsuccessful)


				extended poll point eval {

					extended poll point = ( 267602     0 )

					list of points evaluation (extended poll) {

						evaluation 1/1 {

							point #99 ( 267602  0 )
							mesh index : 1

							cache hit: #99 --> #30
							extended poll unsuccessful point #30 [ h=0 f=8.3858966827399995694e-05 ]
						} 

					} end of evaluations


				} 


				extended poll center: ( 267602     0 )

				perform extended poll descent ...... yes

				extended poll descent (on surrogates) {

					       iteration = 1
					 blackbox eval.  = 24
					      sgte eval. = 37
					      mesh index = 1
					ext. poll center = ( 267602     0 ) f=8.3858966827399995694e-05 h=0


					MADS run {

						37+SGTE	OBJ	(ext-poll--surrogate)

						37+ 0	0.00084509849548299997	(ext-poll--surrogate)

					} end of run (max mesh index)

					blackbox evaluations    : 0
					best feasible solution  : ( 267602 0 ) h=0 f=0.00084509849548299997152

				} end of extended poll descent (unsuccessful)


				extended poll point eval {

					extended poll point = ( 275162     0 )

					list of points evaluation (extended poll) {

						evaluation 1/1 {

							point #100 ( 275162  0 )
							mesh index : 1

							cache hit: #100 --> #31
							extended poll unsuccessful point #31 [ h=0 f=8.3529949188199996099e-05 ]
						} 

					} end of evaluations


				} 


				extended poll center: ( 275162     0 )

				perform extended poll descent ...... yes

				extended poll descent (on surrogates) {

					       iteration = 1
					 blackbox eval.  = 24
					      sgte eval. = 37
					      mesh index = 1
					ext. poll center = ( 275162     0 ) f=8.3529949188199996099e-05 h=0


					MADS run {

						37+SGTE	OBJ	(ext-poll--surrogate)

						37+ 0	0.00085649490356399995	(ext-poll--surrogate)

					} end of run (max mesh index)

					blackbox evaluations    : 0
					best feasible solution  : ( 275162 0 ) h=0 f=0.00085649490356399995018

				} end of extended poll descent (unsuccessful)


				extended poll point eval {

					extended poll point = ( 9924314     0 )

					list of points evaluation (extended poll) {

						evaluation 1/1 {

							point #101 ( 9924314  0 )
							mesh index : 1

							cache hit: #101 --> #32
							extended poll unsuccessful point #32 [ h=0 f=8.604049682619999541e-05 ]
						} 

					} end of evaluations


				} 


				extended poll center: ( 9924314     0 )

				perform extended poll descent ...... yes

				extended poll descent (on surrogates) {

					       iteration = 1
					 blackbox eval.  = 24
					      sgte eval. = 37
					      mesh index = 1
					ext. poll center = ( 9924314     0 ) f=8.604049682619999541e-05 h=0


					MADS run {

						37+SGTE	OBJ	(ext-poll--surrogate)

						37+ 0	0.00085718631744400003	(ext-poll--surrogate)

					} end of run (max mesh index)

					blackbox evaluations    : 0
					best feasible solution  : ( 9924314 0 ) h=0 f=0.00085718631744400003002

				} end of extended poll descent (unsuccessful)


				extended poll point eval {

					extended poll point = ( 9932090     0 )

					list of points evaluation (extended poll) {

						evaluation 1/1 {

							point #102 ( 9932090  0 )
							mesh index : 1

							cache hit: #102 --> #33
							extended poll unsuccessful point #33 [ h=0 f=8.4700584411600003849e-05 ]
						} 

					} end of evaluations


				} 


				extended poll center: ( 9932090     0 )

				perform extended poll descent ...... yes

				extended poll descent (on surrogates) {

					       iteration = 1
					 blackbox eval.  = 24
					      sgte eval. = 37
					      mesh index = 1
					ext. poll center = ( 9932090     0 ) f=8.4700584411600003849e-05 h=0


					MADS run {

						37+SGTE	OBJ	(ext-poll--surrogate)

						37+ 0	0.00086801052093500000	(ext-poll--surrogate)

					} end of run (max mesh index)

					blackbox evaluations    : 0
					best feasible solution  : ( 9932090 0 ) h=0 f=0.00086801052093500000346

				} end of extended poll descent (unsuccessful)


				extended poll point eval {

					extended poll point = ( 228722     0 )

					list of points evaluation (extended poll) {

						evaluation 1/1 {

							point #103 ( 228722  0 )
							mesh index : 1

							cache hit: #103 --> #34
							extended poll unsuccessful point #34 [ h=0 f=9.0858936309800000168e-05 ]
						} 

					} end of evaluations


				} 


				extended poll center: ( 228722     0 )

				perform extended poll descent ...... no

				extended poll point eval {

					extended poll point = ( 9914240     0 )

					list of points evaluation (extended poll) {

						evaluation 1/1 {

							point #104 ( 9914240  0 )
							mesh index : 1

							cache hit: #104 --> #35
							extended poll unsuccessful point #35 [ h=0 f=9.2580318450900006447e-05 ]
						} 

					} end of evaluations


				} 


				extended poll center: ( 9914240     0 )

				perform extended poll descent ...... no

				extended poll point eval {

					extended poll point = ( 275594     0 )

					list of points evaluation (extended poll) {

						evaluation 1/1 {

							point #105 ( 275594  0 )
							mesh index : 1

							cache hit: #105 --> #36
							extended poll unsuccessful point #36 [ h=0 f=8.6939334869399993245e-05 ]
						} 

					} end of evaluations


				} 


				extended poll center: ( 275594     0 )

				perform extended poll descent ...... yes

				extended poll descent (on surrogates) {

					       iteration = 1
					 blackbox eval.  = 24
					      sgte eval. = 37
					      mesh index = 1
					ext. poll center = ( 275594     0 ) f=8.6939334869399993245e-05 h=0


					MADS run {

						37+SGTE	OBJ	(ext-poll--surrogate)

						37+ 0	0.00092689990997299996	(ext-poll--surrogate)

					} end of run (max mesh index)

					blackbox evaluations    : 0
					best feasible solution  : ( 275594 0 ) h=0 f=0.00092689990997299996373

				} end of extended poll descent (unsuccessful)


				extended poll point eval {

					extended poll point = ( 275342     0 )

					list of points evaluation (extended poll) {

						evaluation 1/1 {

							point #106 ( 275342  0 )
							mesh index : 1

							cache hit: #106 --> #37
							extended poll unsuccessful point #37 [ h=0 f=8.9390277862499999996e-05 ]
						} 

					} end of evaluations


				} 


				extended poll center: ( 275342     0 )

				perform extended poll descent ...... no

				extended poll point eval {

					extended poll point = ( 275379     0 )

					list of points evaluation (extended poll) {

						evaluation 1/1 {

							point #107 ( 275379  0 )
							mesh index : 1

							cache hit: #107 --> #38
							extended poll unsuccessful point #38 [ h=0 f=9.5779895782499994473e-05 ]
						} 

					} end of evaluations


				} 


				extended poll center: ( 275379     0 )

				perform extended poll descent ...... no

				extended poll point eval {

					extended poll point = ( 275384     0 )

					list of points evaluation (extended poll) {

						evaluation 1/1 {

							point #108 ( 275384  0 )
							mesh index : 1

							cache hit: #108 --> #39
							extended poll unsuccessful point #39 [ h=0 f=9.6430778503400006773e-05 ]
						} 

					} end of evaluations


				} 


				extended poll center: ( 275384     0 )

				perform extended poll descent ...... no

				extended poll point eval {

					extended poll point = ( 9914024     0 )

					list of points evaluation (extended poll) {

						evaluation 1/1 {

							point #109 ( 9914024  0 )
							mesh index : 1

							cache hit: #109 --> #40
							extended poll unsuccessful point #40 [ h=0 f=0.00013942956924399999637 ]
						} 

					} end of evaluations


				} 


				extended poll center: ( 9914024     0 )

				perform extended poll descent ...... no

				extended poll point eval {

					extended poll point = ( 276674     0 )

					list of points evaluation (extended poll) {

						evaluation 1/1 {

							point #110 ( 276674  0 )
							mesh index : 1

							cache hit: #110 --> #41
							extended poll unsuccessful point #41 [ h=0 f=0.00013225793838500001214 ]
						} 

					} end of evaluations


				} 


				extended poll center: ( 276674     0 )

				perform extended poll descent ...... no

				extended poll point eval {

					extended poll point = ( 9913689     0 )

					list of points evaluation (extended poll) {

						evaluation 1/1 {

							point #111 ( 9913689  0 )
							mesh index : 1

							cache hit: #111 --> #42
							extended poll unsuccessful point #42 [ h=0 f=9.1791152954100003959e-05 ]
						} 

					} end of evaluations


				} 


				extended poll center: ( 9913689     0 )

				perform extended poll descent ...... no

				extended poll point eval {

					extended poll point = ( 275377     0 )

					list of points evaluation (extended poll) {

						evaluation 1/1 {

							point #112 ( 275377  0 )
							mesh index : 1

							cache hit: #112 --> #43
							extended poll unsuccessful point #43 [ h=0 f=0.00011336088180500000333 ]
						} 

					} end of evaluations


				} 


				extended poll center: ( 275377     0 )

				perform extended poll descent ...... no

				extended poll point eval {

					extended poll point = ( 9996674     0 )

					list of points evaluation (extended poll) {

						evaluation 1/1 {

							point #113 ( 9996674  0 )
							mesh index : 1

							cache hit: #113 --> #44
							extended poll unsuccessful point #44 [ h=0 f=0.00016418933868400000377 ]
						} 

					} end of evaluations


				} 


				extended poll center: ( 9996674     0 )

				perform extended poll descent ...... no

				extended poll point eval {

					extended poll point = ( 275372     0 )

					list of points evaluation (extended poll) {

						evaluation 1/1 {

							point #114 ( 275372  0 )
							mesh index : 1

							cache hit: #114 --> #45
							extended poll unsuccessful point #45 [ h=0 f=8.7518692016600000165e-05 ]
						} 

					} end of evaluations


				} 


				extended poll center: ( 275372     0 )

				perform extended poll descent ...... no

				extended poll point eval {

					extended poll point = ( 9913725     0 )

					list of points evaluation (extended poll) {

						evaluation 1/1 {

							point #115 ( 9913725  0 )
							mesh index : 1

							cache hit: #115 --> #46
							extended poll unsuccessful point #46 [ h=0 f=9.1290473937999998765e-05 ]
						} 

					} end of evaluations


				} 


				extended poll center: ( 9913725     0 )

				perform extended poll descent ...... no

				extended poll point eval {

					extended poll point = ( 10043330     0 )

					list of points evaluation (extended poll) {

						evaluation 1/1 {

							point #116 ( 10043330  0 )
							mesh index : 1

							cache hit: #116 --> #47
							extended poll unsuccessful point #47 [ h=0 f=0.0001737689971919999883 ]
						} 

					} end of evaluations


				} 


				extended poll center: ( 10043330     0 )

				perform extended poll descent ...... no

				extended poll point eval {

					extended poll point = ( 274082     0 )

					list of points evaluation (extended poll) {

						evaluation 1/1 {

							point #117 ( 274082  0 )
							mesh index : 1

							cache hit: #117 --> #48
							extended poll unsuccessful point #48 [ h=0 f=0.00013176918029800000496 ]
						} 

					} end of evaluations


				} 


				extended poll center: ( 274082     0 )

				perform extended poll descent ...... no

			} end of extended poll

		} end of poll

		Mesh update {
			previous mesh index: 1
			new mesh index     : 2
		} 


		terminate MADS       : no
		iteration status     : unsuccessful
		new feas. incumbent  : none
		new infeas. incumbent: none

	} end of iteration 1

	MADS iteration 2 {

		blackbox evaluations : 24
		best feas. solution  : ( 275378  0 ) h=0 f=7.941961288449999332e-05
		best infeas. solution: none
		poll center          : ( 275378  0 )
		mesh size            : ( 0.0625 0.0625 )
		poll size            : ( 0.25 0.25 )
		mesh index           : 2
		h_max                : inf

		MADS search {
		} end of search

		MADS poll {

			poll center: ( 275378  0 )

			poll directions (include mesh size parameter) {
				dir 0 : (  0 -1 ) Ortho-MADS 2n
				dir 1 : (  0  1 ) Ortho-MADS 2n
			} 

			re-ordered list of 2 poll trial points {
				#139 : ( 275378 -1 ) (dir 0)
				#140 : ( 275378  1 ) (dir 1)
			} 

			list of points evaluation (poll) {

				surrogate evaluation 1/2 {

					point #139 ( 275378 -1 )
					direction  : (  0 -1 ) Ortho-MADS 2n
					mesh index : 2

					surrogate cache hit: #139 --> #1

					point #1 sgte eval: failed
				} 

				surrogate evaluation 2/2 {

					point #140 ( 275378  1 )
					direction  : (  0  1 ) Ortho-MADS 2n
					mesh index : 2

					surrogate cache hit: #140 --> #2

					point #2 sgte eval: failed
				} 

			} end of evaluations

			re-ordered list of 2 poll trial points {

				#141: ( 275378 -1 ) (dir 0)
				#142: ( 275378  1 ) (dir 1)
			} 

			list of points evaluation (poll) {

				evaluation 1/2 {

					point #141 ( 275378 -1 )
					direction  : (  0 -1 ) Ortho-MADS 2n
					mesh index : 0

					cache hit: #141 --> #3
					poll unsuccessful point #3: evaluation failed
				} 

				evaluation 2/2 {

					point #142 ( 275378  1 )
					direction  : (  0  1 ) Ortho-MADS 2n
					mesh index : 0

					cache hit: #142 --> #4
					poll unsuccessful point #4: evaluation failed
				} 

			} end of evaluations


			MADS extended poll {


				extended poll pts sorting (on surrogates) {


					list of points evaluation (extended poll) {

						surrogate evaluation 1/23 {

							point #143 ( 228722  0 )
							mesh index : 2

							surrogate cache hit: #143 --> #5

							point #5 sgte eval: h=0 f=0.00088109970092799998285
						} 

						surrogate evaluation 2/23 {

							point #144 ( 267602  0 )
							mesh index : 2

							surrogate cache hit: #144 --> #6

							point #6 sgte eval: h=0 f=0.00084509849548299997152
						} 

						surrogate evaluation 3/23 {

							point #145 ( 7106  0 )
							mesh index : 2

							surrogate cache hit: #145 --> #7

							point #7 sgte eval: h=0 f=0.00080230236053500003819
						} 

						surrogate evaluation 4/23 {

							point #146 ( 7106  0 )
							mesh index : 2

							surrogate cache hit: #146 --> #7

							point #7 sgte eval: h=0 f=0.00080230236053500003819
						} 

						surrogate evaluation 5/23 {

							point #147 ( 274082  0 )
							mesh index : 2

							surrogate cache hit: #147 --> #9

							point #9 sgte eval: h=0 f=0.0015158176422100000554
						} 

						surrogate evaluation 6/23 {

							point #148 ( 276674  0 )
							mesh index : 2

							surrogate cache hit: #148 --> #10

							point #10 sgte eval: h=0 f=0.0011420011520400000747
						} 

						surrogate evaluation 7/23 {

							point #149 ( 9996674  0 )
							mesh index : 2

							surrogate cache hit: #149 --> #11

							point #11 sgte eval: h=0 f=0.0012794971466100000645
						} 

						surrogate evaluation 8/23 {

							point #150 ( 10043330  0 )
							mesh index : 2

							surrogate cache hit: #150 --> #12

							point #12 sgte eval: h=0 f=0.0015034914016700000241
						} 

						surrogate evaluation 9/23 {

							point #151 ( 275162  0 )
							mesh index : 2

							surrogate cache hit: #151 --> #13

							point #13 sgte eval: h=0 f=0.00085649490356399995018
						} 

						surrogate evaluation 10/23 {

							point #152 ( 275594  0 )
							mesh index : 2

							surrogate cache hit: #152 --> #14

							point #14 sgte eval: h=0 f=0.00092689990997299996373
						} 

						surrogate evaluation 11/23 {

							point #153 ( 9924314  0 )
							mesh index : 2

							surrogate cache hit: #153 --> #15

							point #15 sgte eval: h=0 f=0.00085718631744400003002
						} 

						surrogate evaluation 12/23 {

							point #154 ( 9932090  0 )
							mesh index : 2

							surrogate cache hit: #154 --> #16

							point #16 sgte eval: h=0 f=0.00086801052093500000346
						} 

						surrogate evaluation 13/23 {

							point #155 ( 275342  0 )
							mesh index : 2

							surrogate cache hit: #155 --> #17

							point #17 sgte eval: h=0 f=0.00093140602111800000103
						} 

						surrogate evaluation 14/23 {

							point #156 ( 7646  0 )
							mesh index : 2

							surrogate cache hit: #156 --> #18

							point #18 sgte eval: h=0 f=0.00083019733429000005295
						} 

						surrogate evaluation 15/23 {

							point #157 ( 7646  0 )
							mesh index : 2

							surrogate cache hit: #157 --> #18

							point #18 sgte eval: h=0 f=0.00083019733429000005295
						} 

						surrogate evaluation 16/23 {

							point #158 ( 275372  0 )
							mesh index : 2

							surrogate cache hit: #158 --> #20

							point #20 sgte eval: h=0 f=0.0013442993164099999517
						} 

						surrogate evaluation 17/23 {

							point #159 ( 275384  0 )
							mesh index : 2

							surrogate cache hit: #159 --> #21

							point #21 sgte eval: h=0 f=0.0010084867477399999704
						} 

						surrogate evaluation 18/23 {

							point #160 ( 9914024  0 )
							mesh index : 2

							surrogate cache hit: #160 --> #22

							point #22 sgte eval: h=0 f=0.0011001110076900000832
						} 

						surrogate evaluation 19/23 {

							point #161 ( 9914240  0 )
							mesh index : 2

							surrogate cache hit: #161 --> #23

							point #23 sgte eval: h=0 f=0.00088710784912100000988
						} 

						surrogate evaluation 20/23 {

							point #162 ( 275377  0 )
							mesh index : 2

							surrogate cache hit: #162 --> #24

							point #24 sgte eval: h=0 f=0.0012603044509899999706
						} 

						surrogate evaluation 21/23 {

							point #163 ( 275379  0 )
							mesh index : 2

							surrogate cache hit: #163 --> #25

							point #25 sgte eval: h=0 f=0.000952410697936999966
						} 

						surrogate evaluation 22/23 {

							point #164 ( 9913689  0 )
							mesh index : 2

							surrogate cache hit: #164 --> #26

							point #26 sgte eval: h=0 f=0.0011984109878499999476
						} 

						surrogate evaluation 23/23 {

							point #165 ( 9913725  0 )
							mesh index : 2

							surrogate cache hit: #165 --> #27

							point #27 sgte eval: h=0 f=0.0013574838638299999757
						} 

					} end of evaluations


					sorted ext poll pts {

						point # 1/21 : (  7106     0 )
						point # 2/21 : (  7646     0 )
						point # 3/21 : ( 267602     0 )
						point # 4/21 : ( 275162     0 )
						point # 5/21 : ( 9924314     0 )
						point # 6/21 : ( 9932090     0 )
						point # 7/21 : ( 228722     0 )
						point # 8/21 : ( 9914240     0 )
						point # 9/21 : ( 275594     0 )
						point #10/21 : ( 275342     0 )
						point #11/21 : ( 275379     0 )
						point #12/21 : ( 275384     0 )
						point #13/21 : ( 9914024     0 )
						point #14/21 : ( 276674     0 )
						point #15/21 : ( 9913689     0 )
						point #16/21 : ( 275377     0 )
						point #17/21 : ( 9996674     0 )
						point #18/21 : ( 275372     0 )
						point #19/21 : ( 9913725     0 )
						point #20/21 : ( 10043330     0 )
						point #21/21 : ( 274082     0 )

					} 


				} end of ext poll pts sorting (on surrogates)


				extended poll point eval {

					extended poll point = (  7106     0 )

					list of points evaluation (extended poll) {

						evaluation 1/1 {

							point #166 ( 7106  0 )
							mesh index : 2

							cache hit: #166 --> #28
							extended poll unsuccessful point #28 [ h=0 f=7.952928543090000222e-05 ]
						} 

					} end of evaluations


				} 


				extended poll center: (  7106     0 )

				perform extended poll descent ...... yes

				extended poll descent (on surrogates) {

					       iteration = 2
					 blackbox eval.  = 24
					      sgte eval. = 37
					      mesh index = 2
					ext. poll center = (  7106     0 ) f=7.952928543090000222e-05 h=0


					MADS run {

						37+SGTE	OBJ	(ext-poll--surrogate)

						37+ 0	0.00080230236053500004	(ext-poll--surrogate)

					} end of run (max mesh index)

					blackbox evaluations    : 0
					best feasible solution  : ( 7106 0 ) h=0 f=0.00080230236053500003819

				} end of extended poll descent (unsuccessful)


				extended poll point eval {

					extended poll point = (  7646     0 )

					list of points evaluation (extended poll) {

						evaluation 1/1 {

							point #167 ( 7646  0 )
							mesh index : 2

							cache hit: #167 --> #29
							extended poll unsuccessful point #29 [ h=0 f=8.0821514129599995131e-05 ]
						} 

					} end of evaluations


				} 


				extended poll center: (  7646     0 )

				perform extended poll descent ...... yes

				extended poll descent (on surrogates) {

					       iteration = 2
					 blackbox eval.  = 24
					      sgte eval. = 37
					      mesh index = 2
					ext. poll center = (  7646     0 ) f=8.0821514129599995131e-05 h=0


					MADS run {

						37+SGTE	OBJ	(ext-poll--surrogate)

						37+ 0	0.00083019733429000005	(ext-poll--surrogate)

					} end of run (max mesh index)

					blackbox evaluations    : 0
					best feasible solution  : ( 7646 0 ) h=0 f=0.00083019733429000005295

				} end of extended poll descent (unsuccessful)


				extended poll point eval {

					extended poll point = ( 267602     0 )

					list of points evaluation (extended poll) {

						evaluation 1/1 {

							point #168 ( 267602  0 )
							mesh index : 2

							cache hit: #168 --> #30
							extended poll unsuccessful point #30 [ h=0 f=8.3858966827399995694e-05 ]
						} 

					} end of evaluations


				} 


				extended poll center: ( 267602     0 )

				perform extended poll descent ...... yes

				extended poll descent (on surrogates) {

					       iteration = 2
					 blackbox eval.  = 24
					      sgte eval. = 37
					      mesh index = 2
					ext. poll center = ( 267602     0 ) f=8.3858966827399995694e-05 h=0


					MADS run {

						37+SGTE	OBJ	(ext-poll--surrogate)

						37+ 0	0.00084509849548299997	(ext-poll--surrogate)

					} end of run (max mesh index)

					blackbox evaluations    : 0
					best feasible solution  : ( 267602 0 ) h=0 f=0.00084509849548299997152

				} end of extended poll descent (unsuccessful)


				extended poll point eval {

					extended poll point = ( 275162     0 )

					list of points evaluation (extended poll) {

						evaluation 1/1 {

							point #169 ( 275162  0 )
							mesh index : 2

							cache hit: #169 --> #31
							extended poll unsuccessful point #31 [ h=0 f=8.3529949188199996099e-05 ]
						} 

					} end of evaluations


				} 


				extended poll center: ( 275162     0 )

				perform extended poll descent ...... yes

				extended poll descent (on surrogates) {

					       iteration = 2
					 blackbox eval.  = 24
					      sgte eval. = 37
					      mesh index = 2
					ext. poll center = ( 275162     0 ) f=8.3529949188199996099e-05 h=0


					MADS run {

						37+SGTE	OBJ	(ext-poll--surrogate)

						37+ 0	0.00085649490356399995	(ext-poll--surrogate)

					} end of run (max mesh index)

					blackbox evaluations    : 0
					best feasible solution  : ( 275162 0 ) h=0 f=0.00085649490356399995018

				} end of extended poll descent (unsuccessful)


				extended poll point eval {

					extended poll point = ( 9924314     0 )

					list of points evaluation (extended poll) {

						evaluation 1/1 {

							point #170 ( 9924314  0 )
							mesh index : 2

							cache hit: #170 --> #32
							extended poll unsuccessful point #32 [ h=0 f=8.604049682619999541e-05 ]
						} 

					} end of evaluations


				} 


				extended poll center: ( 9924314     0 )

				perform extended poll descent ...... yes

				extended poll descent (on surrogates) {

					       iteration = 2
					 blackbox eval.  = 24
					      sgte eval. = 37
					      mesh index = 2
					ext. poll center = ( 9924314     0 ) f=8.604049682619999541e-05 h=0


					MADS run {

						37+SGTE	OBJ	(ext-poll--surrogate)

						37+ 0	0.00085718631744400003	(ext-poll--surrogate)

					} end of run (max mesh index)

					blackbox evaluations    : 0
					best feasible solution  : ( 9924314 0 ) h=0 f=0.00085718631744400003002

				} end of extended poll descent (unsuccessful)


				extended poll point eval {

					extended poll point = ( 9932090     0 )

					list of points evaluation (extended poll) {

						evaluation 1/1 {

							point #171 ( 9932090  0 )
							mesh index : 2

							cache hit: #171 --> #33
							extended poll unsuccessful point #33 [ h=0 f=8.4700584411600003849e-05 ]
						} 

					} end of evaluations


				} 


				extended poll center: ( 9932090     0 )

				perform extended poll descent ...... yes

				extended poll descent (on surrogates) {

					       iteration = 2
					 blackbox eval.  = 24
					      sgte eval. = 37
					      mesh index = 2
					ext. poll center = ( 9932090     0 ) f=8.4700584411600003849e-05 h=0


					MADS run {

						37+SGTE	OBJ	(ext-poll--surrogate)

						37+ 0	0.00086801052093500000	(ext-poll--surrogate)

					} end of run (max mesh index)

					blackbox evaluations    : 0
					best feasible solution  : ( 9932090 0 ) h=0 f=0.00086801052093500000346

				} end of extended poll descent (unsuccessful)


				extended poll point eval {

					extended poll point = ( 228722     0 )

					list of points evaluation (extended poll) {

						evaluation 1/1 {

							point #172 ( 228722  0 )
							mesh index : 2

							cache hit: #172 --> #34
							extended poll unsuccessful point #34 [ h=0 f=9.0858936309800000168e-05 ]
						} 

					} end of evaluations


				} 


				extended poll center: ( 228722     0 )

				perform extended poll descent ...... no

				extended poll point eval {

					extended poll point = ( 9914240     0 )

					list of points evaluation (extended poll) {

						evaluation 1/1 {

							point #173 ( 9914240  0 )
							mesh index : 2

							cache hit: #173 --> #35
							extended poll unsuccessful point #35 [ h=0 f=9.2580318450900006447e-05 ]
						} 

					} end of evaluations


				} 


				extended poll center: ( 9914240     0 )

				perform extended poll descent ...... no

				extended poll point eval {

					extended poll point = ( 275594     0 )

					list of points evaluation (extended poll) {

						evaluation 1/1 {

							point #174 ( 275594  0 )
							mesh index : 2

							cache hit: #174 --> #36
							extended poll unsuccessful point #36 [ h=0 f=8.6939334869399993245e-05 ]
						} 

					} end of evaluations


				} 


				extended poll center: ( 275594     0 )

				perform extended poll descent ...... yes

				extended poll descent (on surrogates) {

					       iteration = 2
					 blackbox eval.  = 24
					      sgte eval. = 37
					      mesh index = 2
					ext. poll center = ( 275594     0 ) f=8.6939334869399993245e-05 h=0


					MADS run {

						37+SGTE	OBJ	(ext-poll--surrogate)

						37+ 0	0.00092689990997299996	(ext-poll--surrogate)

					} end of run (max mesh index)

					blackbox evaluations    : 0
					best feasible solution  : ( 275594 0 ) h=0 f=0.00092689990997299996373

				} end of extended poll descent (unsuccessful)


				extended poll point eval {

					extended poll point = ( 275342     0 )

					list of points evaluation (extended poll) {

						evaluation 1/1 {

							point #175 ( 275342  0 )
							mesh index : 2

							cache hit: #175 --> #37
							extended poll unsuccessful point #37 [ h=0 f=8.9390277862499999996e-05 ]
						} 

					} end of evaluations


				} 


				extended poll center: ( 275342     0 )

				perform extended poll descent ...... no

				extended poll point eval {

					extended poll point = ( 275379     0 )

					list of points evaluation (extended poll) {

						evaluation 1/1 {

							point #176 ( 275379  0 )
							mesh index : 2

							cache hit: #176 --> #38
							extended poll unsuccessful point #38 [ h=0 f=9.5779895782499994473e-05 ]
						} 

					} end of evaluations


				} 


				extended poll center: ( 275379     0 )

				perform extended poll descent ...... no

				extended poll point eval {

					extended poll point = ( 275384     0 )

					list of points evaluation (extended poll) {

						evaluation 1/1 {

							point #177 ( 275384  0 )
							mesh index : 2

							cache hit: #177 --> #39
							extended poll unsuccessful point #39 [ h=0 f=9.6430778503400006773e-05 ]
						} 

					} end of evaluations


				} 


				extended poll center: ( 275384     0 )

				perform extended poll descent ...... no

				extended poll point eval {

					extended poll point = ( 9914024     0 )

					list of points evaluation (extended poll) {

						evaluation 1/1 {

							point #178 ( 9914024  0 )
							mesh index : 2

							cache hit: #178 --> #40
							extended poll unsuccessful point #40 [ h=0 f=0.00013942956924399999637 ]
						} 

					} end of evaluations


				} 


				extended poll center: ( 9914024     0 )

				perform extended poll descent ...... no

				extended poll point eval {

					extended poll point = ( 276674     0 )

					list of points evaluation (extended poll) {

						evaluation 1/1 {

							point #179 ( 276674  0 )
							mesh index : 2

							cache hit: #179 --> #41
							extended poll unsuccessful point #41 [ h=0 f=0.00013225793838500001214 ]
						} 

					} end of evaluations


				} 


				extended poll center: ( 276674     0 )

				perform extended poll descent ...... no

				extended poll point eval {

					extended poll point = ( 9913689     0 )

					list of points evaluation (extended poll) {

						evaluation 1/1 {

							point #180 ( 9913689  0 )
							mesh index : 2

							cache hit: #180 --> #42
							extended poll unsuccessful point #42 [ h=0 f=9.1791152954100003959e-05 ]
						} 

					} end of evaluations


				} 


				extended poll center: ( 9913689     0 )

				perform extended poll descent ...... no

				extended poll point eval {

					extended poll point = ( 275377     0 )

					list of points evaluation (extended poll) {

						evaluation 1/1 {

							point #181 ( 275377  0 )
							mesh index : 2

							cache hit: #181 --> #43
							extended poll unsuccessful point #43 [ h=0 f=0.00011336088180500000333 ]
						} 

					} end of evaluations


				} 


				extended poll center: ( 275377     0 )

				perform extended poll descent ...... no

				extended poll point eval {

					extended poll point = ( 9996674     0 )

					list of points evaluation (extended poll) {

						evaluation 1/1 {

							point #182 ( 9996674  0 )
							mesh index : 2

							cache hit: #182 --> #44
							extended poll unsuccessful point #44 [ h=0 f=0.00016418933868400000377 ]
						} 

					} end of evaluations


				} 


				extended poll center: ( 9996674     0 )

				perform extended poll descent ...... no

				extended poll point eval {

					extended poll point = ( 275372     0 )

					list of points evaluation (extended poll) {

						evaluation 1/1 {

							point #183 ( 275372  0 )
							mesh index : 2

							cache hit: #183 --> #45
							extended poll unsuccessful point #45 [ h=0 f=8.7518692016600000165e-05 ]
						} 

					} end of evaluations


				} 


				extended poll center: ( 275372     0 )

				perform extended poll descent ...... no

				extended poll point eval {

					extended poll point = ( 9913725     0 )

					list of points evaluation (extended poll) {

						evaluation 1/1 {

							point #184 ( 9913725  0 )
							mesh index : 2

							cache hit: #184 --> #46
							extended poll unsuccessful point #46 [ h=0 f=9.1290473937999998765e-05 ]
						} 

					} end of evaluations


				} 


				extended poll center: ( 9913725     0 )

				perform extended poll descent ...... no

				extended poll point eval {

					extended poll point = ( 10043330     0 )

					list of points evaluation (extended poll) {

						evaluation 1/1 {

							point #185 ( 10043330  0 )
							mesh index : 2

							cache hit: #185 --> #47
							extended poll unsuccessful point #47 [ h=0 f=0.0001737689971919999883 ]
						} 

					} end of evaluations


				} 


				extended poll center: ( 10043330     0 )

				perform extended poll descent ...... no

				extended poll point eval {

					extended poll point = ( 274082     0 )

					list of points evaluation (extended poll) {

						evaluation 1/1 {

							point #186 ( 274082  0 )
							mesh index : 2

							cache hit: #186 --> #48
							extended poll unsuccessful point #48 [ h=0 f=0.00013176918029800000496 ]
						} 

					} end of evaluations


				} 


				extended poll center: ( 274082     0 )

				perform extended poll descent ...... no

			} end of extended poll

		} end of poll

		Mesh update {
			previous mesh index: 2
			new mesh index     : 3
		} 


		terminate MADS       : yes
		termination cause    : max mesh index
		iteration status     : unsuccessful
		new feas. incumbent  : none
		new infeas. incumbent: none

	} end of iteration 2

} end of run (max mesh index)

NOMAD final display {

	cache {
		number of cache points: 24
		size in memory        : 2.8999999999999999112 KB
		cache file            : -
	} 

	stats {
		MADS iterations                 : 3
		blackbox evaluations            : 24
		simulated blackbox evaluations  : 0
		evaluations                     : 70
		surrogate evaluations           : 37
		failed evaluations              : 18
		interrupted sequences of eval.  : 0
		cache hits                      : 147
		number of poll searches         : 3
		poll successes                  : 0
		poll points                     : 6
		number of extended polls        : 3
		number of ext. poll descents    : 21
		number of ext. poll successes   : 0
		number of ext. poll points      : 132
		number of ext. poll bb eval     : 21
		number of speculative searches  : 0
		number of user searches         : 0
		number of LH searches           : 0
		number of cache searches        : 0
		number of VNS searches          : 0
		no model has been constructed
		wall-clock time                 : 2m 6s
	} 

	miscellaneous {
		mesh index      : min=0, max=3, last=2
		best feas. sol  : ( 275378 0 ) h=0 f=7.941961288449999332e-05
		best infeas. sol: none
	} 
} 
