
NOMAD - version 3.5.1 - www.gerad.ca/nomad

Copyright (C) 2001-2012 {
	Mark A. Abramson     - The Boeing Company
	Charles Audet        - Ecole Polytechnique de Montreal
	Gilles Couture       - Ecole Polytechnique de Montreal
	John E. Dennis, Jr.  - Rice University
	Sebastien Le Digabel - Ecole Polytechnique de Montreal
	Christophe Tribes    - Ecole Polytechnique de Montreal
} 

Funded in part by AFOSR and Exxon Mobil.

License   : '$NOMAD_HOME/src/lgpl.txt'
User guide: '$NOMAD_HOME/doc/user_guide.pdf'
Examples  : '$NOMAD_HOME/examples'
Tools     : '$NOMAD_HOME/tools'

Please report bugs to nomad@gerad.ca

parameters {

	problem directory    : ./
	dimension            : n=2
	blackbox input types : (   cat(C)   int(I) )
	extended poll trigger: 0.1 (relative)
	neighbors executable : $python neighbors.py
	variable groups {
		group #0 {
			indexes: { 0 }
			no directions (categorical variables)
		} 
		group #1 {
			indexes: { 1 }
			directions {
				n             : 1
				types         : { [Ortho-MADS 2n] }
				sec poll types: { }
				halton_seed   : 3
			} 
		} 
	} 
	blackbox outputs (m=1) {
		#0          OBJ	$python blackbox.py
	} 
	signature                       : standard
	has surrogate                   : no
	add seed to output file names   : yes
	solution file                   : nomad-solution.26607.txt
	history file                    : none
	stats file                      : none
	cache file                      : none
	x0                              : ( 555111511    0 )
	directions         : Ortho-MADS 2n
	user halton seed   : 3
	mesh {
		update basis       :   4
		coarsening exponent:   1
		refining exponent  :  -1
		initial mesh index :   0
		max mesh index     :   2
		initial mesh size  : (    1    1 )
		min poll size      : (  NaN    1 )
	} 
	snap to bounds                   : yes
	opportunistic evaluations        : yes
	use models                       : no
	speculative search               : yes
	VNS search                       : no
	Latin-Hypercube (LH) search      : no
	cache search                     : no
	random seed / run id             : 26607
	epsilon                          : 1e-13
	undefined string                 : NaN
	infinity string                  : inf
	display degrees {
		general  : full (3)
		search   : full (3)
		poll     : full (3)
		iterative: full (3)
	} 
	display stats                : EVAL BBE [ SOL, ] BBO TIME
	display all evaluations      : no
	point display limit          : no limit
	max number of blackbox eval. : 100
	max cache memory             : 2000 MB
} 

MADS run {

	starting point evaluation {

		x0 eval point: ( 555111511  0 )

		list of points evaluation (x0 evaluation) {

			evaluation 1/1 {

				point #0 ( 555111511  0 )


				x0 evaluation dominating point #0 {
					x    = ( 555111511  0 )
					F(x) = [ 8.27765584 ]
					h    = 0
					f    = 8.27765584
				} 
			} 

		} end of evaluations


		terminate MADS       : no
		iteration status     : dominating
		new feas. incumbent  : #0 {
			x    = ( 555111511  0 )
			F(x) = [ 8.27765584 ]
			h    = 0
			f    = 8.27765584
		} 
		new infeas. incumbent: none

	} end of starting point evaluation

	MADS iteration 0 {

		blackbox evaluations : 1
		best feas. solution  : ( 555111511  0 ) h=0 f=8.27765584
		best infeas. solution: none
		poll center          : ( 555111511  0 )
		mesh size            : (  1  1 )
		poll size            : (  1  1 )
		mesh index           : 0
		h_max                : inf

		MADS search {
		} end of search

		MADS poll {

			poll center: ( 555111511  0 )

			poll directions (include mesh size parameter) {
				dir 0 : (  0 -1 ) Ortho-MADS 2n
				dir 1 : (  0  1 ) Ortho-MADS 2n
			} 

			re-ordered list of 2 poll trial points {
				#1 : ( 555111511 -1 ) (dir 0)
				#2 : ( 555111511  1 ) (dir 1)
			} 

			list of points evaluation (poll) {

				evaluation 1/2 {

					point #1 ( 555111511 -1 )
					direction  : (  0 -1 ) Ortho-MADS 2n
					mesh index : 0

					poll unsuccessful point #1: evaluation failed
				} 

				evaluation 2/2 {

					point #2 ( 555111511  1 )
					direction  : (  0  1 ) Ortho-MADS 2n
					mesh index : 0

					poll unsuccessful point #2: evaluation failed
				} 

			} end of evaluations


			MADS extended poll {


				extended poll pts sorting {


					list of points evaluation (extended poll) {

						evaluation 1/28 {

							point #3 ( 455111511  0 )
							mesh index : 0


							extended poll dominating point #3 {
								x    = ( 455111511  0 )
								F(x) = [ 8.130957127 ]
								h    = 0
								f    = 8.130957127
							} 

							opport. strategy: stop evaluations
						} 

					} end of evaluations


				} end of ext poll pts sorting (success)


			} end of extended poll

		} end of poll

		Mesh update {
			previous mesh index: 0
			new mesh index     : -1
		} 


		terminate MADS       : no
		iteration status     : dominating
		new feas. incumbent  : #3 {
			x    = ( 455111511  0 )
			F(x) = [ 8.130957127 ]
			h    = 0
			f    = 8.130957127
		} 
		new infeas. incumbent: none

	} end of iteration 0

	MADS iteration 1 {

		blackbox evaluations : 4
		best feas. solution  : ( 455111511  0 ) h=0 f=8.130957127
		best infeas. solution: none
		poll center          : ( 455111511  0 )
		mesh size            : (  1  1 )
		poll size            : (  2  2 )
		mesh index           : -1
		h_max                : inf

		MADS search {

			speculative search {

			} end of speculative search (unsuccessful)

		} end of search

		MADS poll {

			poll center: ( 455111511  0 )

			poll directions (include mesh size parameter) {
				dir 0 : (  0 -1 ) Ortho-MADS 2n
				dir 1 : (  0  1 ) Ortho-MADS 2n
			} 

			re-ordered list of 2 poll trial points {
				#31 : ( 455111511 -1 ) (dir 0)
				#32 : ( 455111511  1 ) (dir 1)
			} 

			list of points evaluation (poll) {

				evaluation 1/2 {

					point #31 ( 455111511 -1 )
					direction  : (  0 -1 ) Ortho-MADS 2n
					mesh index : -1

					poll unsuccessful point #31: evaluation failed
				} 

				evaluation 2/2 {

					point #32 ( 455111511  1 )
					direction  : (  0  1 ) Ortho-MADS 2n
					mesh index : -1

					poll unsuccessful point #32: evaluation failed
				} 

			} end of evaluations


			MADS extended poll {


				extended poll pts sorting {


					list of points evaluation (extended poll) {

						evaluation 1/28 {

							point #33 ( 555111511  0 )
							mesh index : -1

							cache hit: #33 --> #0
							extended poll unsuccessful point #0 [ h=0 f=8.27765584 ]
						} 

						evaluation 2/28 {

							point #34 ( 445111511  0 )
							mesh index : -1

							extended poll unsuccessful point #34 [ h=0 f=8.131055593 ]
						} 

						evaluation 3/28 {

							point #35 ( 454111511  0 )
							mesh index : -1

							extended poll unsuccessful point #35 [ h=0 f=8.200467587 ]
						} 

						evaluation 4/28 {

							point #36 ( 4511511  0 )
							mesh index : -1

							extended poll unsuccessful point #36 [ h=0 f=8.33681488 ]
						} 

						evaluation 5/28 {

							point #37 ( 4511511  0 )
							mesh index : -1

							cache hit: #37 --> #36
							extended poll unsuccessful point #36 [ h=0 f=8.33681488 ]
						} 

						evaluation 6/28 {

							point #38 ( 455211511  0 )
							mesh index : -1

							extended poll unsuccessful point #38 [ h=0 f=14.08883929 ]
						} 

						evaluation 7/28 {

							point #39 ( 455311511  0 )
							mesh index : -1

							extended poll unsuccessful point #39 [ h=0 f=9.003980398 ]
						} 

						evaluation 8/28 {

							point #40 ( 4.554231151e+10  0 )
							mesh index : -1

							extended poll unsuccessful point #40 [ h=0 f=11.58872628 ]
						} 

						evaluation 9/28 {

							point #41 ( 4.555231151e+10  0 )
							mesh index : -1

							extended poll unsuccessful point #41 [ h=0 f=11.41077399 ]
						} 

						evaluation 10/28 {

							point #42 ( 455121511  0 )
							mesh index : -1

							extended poll unsuccessful point #42 [ h=0 f=13.66743565 ]
						} 

						evaluation 11/28 {

							point #43 ( 455131511  0 )
							mesh index : -1

							extended poll unsuccessful point #43 [ h=0 f=9.071579456 ]
						} 

						evaluation 12/28 {

							point #44 ( 4.551423151e+10  0 )
							mesh index : -1

							extended poll unsuccessful point #44 [ h=0 f=11.18197274 ]
						} 

						evaluation 13/28 {

							point #45 ( 4.551523151e+10  0 )
							mesh index : -1

							extended poll unsuccessful point #45: evaluation failed
						} 

						evaluation 14/28 {

							point #46 ( 455112511  0 )
							mesh index : -1

							extended poll unsuccessful point #46 [ h=0 f=20.1870203 ]
						} 

						evaluation 15/28 {

							point #47 ( 455113511  0 )
							mesh index : -1

							extended poll unsuccessful point #47 [ h=0 f=9.267315865 ]
						} 

						evaluation 16/28 {

							point #48 ( 4.551142351e+10  0 )
							mesh index : -1

							extended poll unsuccessful point #48 [ h=0 f=14.64635992 ]
						} 

						evaluation 17/28 {

							point #49 ( 4.551152351e+10  0 )
							mesh index : -1

							extended poll unsuccessful point #49 [ h=0 f=14.04254341 ]
						} 

						evaluation 18/28 {

							point #50 ( 455111411  0 )
							mesh index : -1

							extended poll unsuccessful point #50 [ h=0 f=8.448883533 ]
						} 

						evaluation 19/28 {

							point #51 ( 4551111  0 )
							mesh index : -1

							extended poll unsuccessful point #51 [ h=0 f=8.16364789 ]
						} 

						evaluation 20/28 {

							point #52 ( 4551111  0 )
							mesh index : -1

							cache hit: #52 --> #51
							extended poll unsuccessful point #51 [ h=0 f=8.16364789 ]
						} 

						evaluation 21/28 {

							point #53 ( 455111521  0 )
							mesh index : -1


							extended poll dominating point #53 {
								x    = ( 455111521  0 )
								F(x) = [ 7.759144545 ]
								h    = 0
								f    = 7.759144545
							} 

							opport. strategy: stop evaluations
						} 

					} end of evaluations


				} end of ext poll pts sorting (success)


			} end of extended poll

		} end of poll

		Mesh update {
			previous mesh index: -1
			new mesh index     : -2
		} 


		terminate MADS       : no
		iteration status     : dominating
		new feas. incumbent  : #53 {
			x    = ( 455111521  0 )
			F(x) = [ 7.759144545 ]
			h    = 0
			f    = 7.759144545
		} 
		new infeas. incumbent: none

	} end of iteration 1

	MADS iteration 2 {

		blackbox evaluations : 24
		best feas. solution  : ( 455111521  0 ) h=0 f=7.759144545
		best infeas. solution: none
		poll center          : ( 455111521  0 )
		mesh size            : (  1  1 )
		poll size            : (  4  4 )
		mesh index           : -2
		h_max                : inf

		MADS search {

			speculative search {

			} end of speculative search (unsuccessful)

		} end of search

		MADS poll {

			poll center: ( 455111521  0 )

			poll directions (include mesh size parameter) {
				dir 0 : (  0 -4 ) Ortho-MADS 2n
				dir 1 : (  0  4 ) Ortho-MADS 2n
			} 

			re-ordered list of 2 poll trial points {
				#61 : ( 455111521 -4 ) (dir 0)
				#62 : ( 455111521  4 ) (dir 1)
			} 

			list of points evaluation (poll) {

				evaluation 1/2 {

					point #61 ( 455111521 -4 )
					direction  : (  0 -4 ) Ortho-MADS 2n
					mesh index : -2

					poll unsuccessful point #61: evaluation failed
				} 

				evaluation 2/2 {

					point #62 ( 455111521  4 )
					direction  : (  0  4 ) Ortho-MADS 2n
					mesh index : -2

					poll unsuccessful point #62: evaluation failed
				} 

			} end of evaluations


			MADS extended poll {


				extended poll pts sorting {


					list of points evaluation (extended poll) {

						evaluation 1/28 {

							point #63 ( 555111521  0 )
							mesh index : -2


							extended poll dominating point #63 {
								x    = ( 555111521  0 )
								F(x) = [ 7.210636616 ]
								h    = 0
								f    = 7.210636616
							} 

							opport. strategy: stop evaluations
						} 

					} end of evaluations


				} end of ext poll pts sorting (success)


			} end of extended poll

		} end of poll

		Mesh update {
			previous mesh index: -2
			new mesh index     : -3
		} 


		terminate MADS       : no
		iteration status     : dominating
		new feas. incumbent  : #63 {
			x    = ( 555111521  0 )
			F(x) = [ 7.210636616 ]
			h    = 0
			f    = 7.210636616
		} 
		new infeas. incumbent: none

	} end of iteration 2

	MADS iteration 3 {

		blackbox evaluations : 27
		best feas. solution  : ( 555111521  0 ) h=0 f=7.210636616
		best infeas. solution: none
		poll center          : ( 555111521  0 )
		mesh size            : (  1  1 )
		poll size            : (  8  8 )
		mesh index           : -3
		h_max                : inf

		MADS search {

			speculative search {

			} end of speculative search (unsuccessful)

		} end of search

		MADS poll {

			poll center: ( 555111521  0 )

			poll directions (include mesh size parameter) {
				dir 0 : (  0 -4 ) Ortho-MADS 2n
				dir 1 : (  0  4 ) Ortho-MADS 2n
			} 

			re-ordered list of 2 poll trial points {
				#91 : ( 555111521 -4 ) (dir 0)
				#92 : ( 555111521  4 ) (dir 1)
			} 

			list of points evaluation (poll) {

				evaluation 1/2 {

					point #91 ( 555111521 -4 )
					direction  : (  0 -4 ) Ortho-MADS 2n
					mesh index : -3

					poll unsuccessful point #91: evaluation failed
				} 

				evaluation 2/2 {

					point #92 ( 555111521  4 )
					direction  : (  0  4 ) Ortho-MADS 2n
					mesh index : -3

					poll unsuccessful point #92: evaluation failed
				} 

			} end of evaluations


			MADS extended poll {


				extended poll pts sorting {


					list of points evaluation (extended poll) {

						evaluation 1/28 {

							point #93 ( 455111521  0 )
							mesh index : -3

							cache hit: #93 --> #53
							extended poll unsuccessful point #53 [ h=0 f=7.759144545 ]
						} 

						evaluation 2/28 {

							point #94 ( 545111521  0 )
							mesh index : -3

							extended poll unsuccessful point #94 [ h=0 f=7.515327692 ]
						} 

						evaluation 3/28 {

							point #95 ( 554111521  0 )
							mesh index : -3

							extended poll unsuccessful point #95 [ h=0 f=7.64179039 ]
						} 

						evaluation 4/28 {

							point #96 ( 5511521  0 )
							mesh index : -3

							extended poll unsuccessful point #96 [ h=0 f=7.461933613 ]
						} 

						evaluation 5/28 {

							point #97 ( 5511521  0 )
							mesh index : -3

							cache hit: #97 --> #96
							extended poll unsuccessful point #96 [ h=0 f=7.461933613 ]
						} 

						evaluation 6/28 {

							point #98 ( 555211521  0 )
							mesh index : -3

							extended poll unsuccessful point #98 [ h=0 f=7.403597832 ]
						} 

						evaluation 7/28 {

							point #99 ( 555311521  0 )
							mesh index : -3

							extended poll unsuccessful point #99 [ h=0 f=7.336994648 ]
						} 

						evaluation 8/28 {

							point #100 ( 5.554231152e+10  0 )
							mesh index : -3

							extended poll unsuccessful point #100 [ h=0 f=10.58378386 ]
						} 

						evaluation 9/28 {

							point #101 ( 5.555231152e+10  0 )
							mesh index : -3

							extended poll unsuccessful point #101 [ h=0 f=7.58249855 ]
						} 

						evaluation 10/28 {

							point #102 ( 555121521  0 )
							mesh index : -3


							extended poll dominating point #102 {
								x    = ( 555121521  0 )
								F(x) = [ 7.083409071 ]
								h    = 0
								f    = 7.083409071
							} 

							opport. strategy: stop evaluations
						} 

					} end of evaluations


				} end of ext poll pts sorting (success)


			} end of extended poll

		} end of poll

		Mesh update {
			previous mesh index: -3
			new mesh index     : -4
		} 


		terminate MADS       : no
		iteration status     : dominating
		new feas. incumbent  : #102 {
			x    = ( 555121521  0 )
			F(x) = [ 7.083409071 ]
			h    = 0
			f    = 7.083409071
		} 
		new infeas. incumbent: none

	} end of iteration 3

	MADS iteration 4 {

		blackbox evaluations : 37
		best feas. solution  : ( 555121521  0 ) h=0 f=7.083409071
		best infeas. solution: none
		poll center          : ( 555121521  0 )
		mesh size            : (  1  1 )
		poll size            : ( 16 16 )
		mesh index           : -4
		h_max                : inf

		MADS search {

			speculative search {

			} end of speculative search (unsuccessful)

		} end of search

		MADS poll {

			poll center: ( 555121521  0 )

			poll directions (include mesh size parameter) {
				dir 0 : (  0 -16 ) Ortho-MADS 2n
				dir 1 : (  0 16 ) Ortho-MADS 2n
			} 

			re-ordered list of 2 poll trial points {
				#121 : ( 555121521 -16 ) (dir 0)
				#122 : ( 555121521 16 ) (dir 1)
			} 

			list of points evaluation (poll) {

				evaluation 1/2 {

					point #121 ( 555121521 -16 )
					direction  : (  0 -16 ) Ortho-MADS 2n
					mesh index : -4

					poll unsuccessful point #121: evaluation failed
				} 

				evaluation 2/2 {

					point #122 ( 555121521 16 )
					direction  : (  0 16 ) Ortho-MADS 2n
					mesh index : -4

					poll unsuccessful point #122: evaluation failed
				} 

			} end of evaluations


			MADS extended poll {


				extended poll pts sorting {


					list of points evaluation (extended poll) {

						evaluation 1/28 {

							point #123 ( 455121521  0 )
							mesh index : -4

							extended poll unsuccessful point #123 [ h=0 f=13.42413092 ]
						} 

						evaluation 2/28 {

							point #124 ( 545121521  0 )
							mesh index : -4

							extended poll unsuccessful point #124 [ h=0 f=14.08631921 ]
						} 

						evaluation 3/28 {

							point #125 ( 554121521  0 )
							mesh index : -4

							extended poll unsuccessful point #125 [ h=0 f=7.582844257 ]
						} 

						evaluation 4/28 {

							point #126 ( 5511521  0 )
							mesh index : -4

							cache hit: #126 --> #96
							extended poll unsuccessful point #96 [ h=0 f=7.461933613 ]
						} 

						evaluation 5/28 {

							point #127 ( 5521521  0 )
							mesh index : -4


							extended poll dominating point #127 {
								x    = ( 5521521  0 )
								F(x) = [ 7.076428175 ]
								h    = 0
								f    = 7.076428175
							} 

							opport. strategy: stop evaluations
						} 

					} end of evaluations


				} end of ext poll pts sorting (success)


			} end of extended poll

		} end of poll

		Mesh update {
			previous mesh index: -4
			new mesh index     : -5
		} 


		terminate MADS       : no
		iteration status     : dominating
		new feas. incumbent  : #127 {
			x    = ( 5521521  0 )
			F(x) = [ 7.076428175 ]
			h    = 0
			f    = 7.076428175
		} 
		new infeas. incumbent: none

	} end of iteration 4

	MADS iteration 5 {

		blackbox evaluations : 43
		best feas. solution  : ( 5521521  0 ) h=0 f=7.076428175
		best infeas. solution: none
		poll center          : ( 5521521  0 )
		mesh size            : (  1  1 )
		poll size            : ( 32 32 )
		mesh index           : -5
		h_max                : inf

		MADS search {

			speculative search {

			} end of speculative search (unsuccessful)

		} end of search

		MADS poll {

			poll center: ( 5521521  0 )

			poll directions (include mesh size parameter) {
				dir 0 : (  0 -25 ) Ortho-MADS 2n
				dir 1 : (  0 25 ) Ortho-MADS 2n
			} 

			re-ordered list of 2 poll trial points {
				#151 : ( 5521521 -25 ) (dir 0)
				#152 : ( 5521521 25 ) (dir 1)
			} 

			list of points evaluation (poll) {

				evaluation 1/2 {

					point #151 ( 5521521 -25 )
					direction  : (  0 -25 ) Ortho-MADS 2n
					mesh index : -5

					poll unsuccessful point #151: evaluation failed
				} 

				evaluation 2/2 {

					point #152 ( 5521521 25 )
					direction  : (  0 25 ) Ortho-MADS 2n
					mesh index : -5

					poll unsuccessful point #152: evaluation failed
				} 

			} end of evaluations


			MADS extended poll {


				extended poll pts sorting {


					list of points evaluation (extended poll) {

						evaluation 1/23 {

							point #153 ( 4521521  0 )
							mesh index : -5

							extended poll unsuccessful point #153 [ h=0 f=19.30348492 ]
						} 

						evaluation 2/23 {

							point #154 ( 5421521  0 )
							mesh index : -5

							extended poll unsuccessful point #154 [ h=0 f=20.44143558 ]
						} 

						evaluation 3/23 {

							point #155 ( 52521  0 )
							mesh index : -5


							extended poll dominating point #155 {
								x    = ( 52521  0 )
								F(x) = [ 5.63657403 ]
								h    = 0
								f    = 5.63657403
							} 

							opport. strategy: stop evaluations
						} 

					} end of evaluations


				} end of ext poll pts sorting (success)


			} end of extended poll

		} end of poll

		Mesh update {
			previous mesh index: -5
			new mesh index     : -6
		} 


		terminate MADS       : no
		iteration status     : dominating
		new feas. incumbent  : #155 {
			x    = ( 52521  0 )
			F(x) = [ 5.63657403 ]
			h    = 0
			f    = 5.63657403
		} 
		new infeas. incumbent: none

	} end of iteration 5

	MADS iteration 6 {

		blackbox evaluations : 48
		best feas. solution  : ( 52521  0 ) h=0 f=5.63657403
		best infeas. solution: none
		poll center          : ( 52521  0 )
		mesh size            : (  1  1 )
		poll size            : ( 64 64 )
		mesh index           : -6
		h_max                : inf

		MADS search {

			speculative search {

			} end of speculative search (unsuccessful)

		} end of search

		MADS poll {

			poll center: ( 52521  0 )

			poll directions (include mesh size parameter) {
				dir 0 : (  0 -64 ) Ortho-MADS 2n
				dir 1 : (  0 64 ) Ortho-MADS 2n
			} 

			re-ordered list of 2 poll trial points {
				#176 : ( 52521 -64 ) (dir 0)
				#177 : ( 52521 64 ) (dir 1)
			} 

			list of points evaluation (poll) {

				evaluation 1/2 {

					point #176 ( 52521 -64 )
					direction  : (  0 -64 ) Ortho-MADS 2n
					mesh index : -6

					poll unsuccessful point #176: evaluation failed
				} 

				evaluation 2/2 {

					point #177 ( 52521 64 )
					direction  : (  0 64 ) Ortho-MADS 2n
					mesh index : -6

					poll unsuccessful point #177: evaluation failed
				} 

			} end of evaluations


			MADS extended poll {


				extended poll pts sorting {


					list of points evaluation (extended poll) {

						evaluation 1/16 {

							point #178 ( 42521  0 )
							mesh index : -6

							extended poll unsuccessful point #178 [ h=0 f=32.62906623 ]
						} 

						evaluation 2/16 {

							point #179 ( 51521  0 )
							mesh index : -6

							extended poll unsuccessful point #179 [ h=0 f=7.70050168 ]
						} 

						evaluation 3/16 {

							point #180 ( 53521  0 )
							mesh index : -6

							extended poll unsuccessful point #180 [ h=0 f=10.13636756 ]
						} 

						evaluation 4/16 {

							point #181 ( 5413521  0 )
							mesh index : -6

							extended poll unsuccessful point #181 [ h=0 f=8.819841623 ]
						} 

						evaluation 5/16 {

							point #182 ( 5513521  0 )
							mesh index : -6

							extended poll unsuccessful point #182 [ h=0 f=9.275364637 ]
						} 

						evaluation 6/16 {

							point #183 ( 52421  0 )
							mesh index : -6

							extended poll unsuccessful point #183 [ h=0 f=18.15964866 ]
						} 

						evaluation 7/16 {

							point #184 ( 522  0 )
							mesh index : -6

							extended poll unsuccessful point #184 [ h=0 f=5.660361767 ]
						} 

						evaluation 8/16 {

							point #185 ( 521  0 )
							mesh index : -6

							extended poll unsuccessful point #185 [ h=0 f=7.169648409 ]
						} 

						evaluation 9/16 {

							point #186 ( 52511  0 )
							mesh index : -6

							extended poll unsuccessful point #186 [ h=0 f=6.500622034 ]
						} 

						evaluation 10/16 {

							point #187 ( 52531  0 )
							mesh index : -6

							extended poll unsuccessful point #187 [ h=0 f=8.312312126 ]
						} 

						evaluation 11/16 {

							point #188 ( 5254131  0 )
							mesh index : -6

							extended poll unsuccessful point #188 [ h=0 f=7.835046053 ]
						} 

						evaluation 12/16 {

							point #189 ( 5255131  0 )
							mesh index : -6

							extended poll unsuccessful point #189 [ h=0 f=8.152340174 ]
						} 

						evaluation 13/16 {

							point #190 ( 52522  0 )
							mesh index : -6

							extended poll unsuccessful point #190 [ h=0 f=5.972643852 ]
						} 

						evaluation 14/16 {

							point #191 ( 52523  0 )
							mesh index : -6

							extended poll unsuccessful point #191 [ h=0 f=7.531285763 ]
						} 

						evaluation 15/16 {

							point #192 ( 5252423  0 )
							mesh index : -6

							extended poll unsuccessful point #192 [ h=0 f=11.81697512 ]
						} 

						evaluation 16/16 {

							point #193 ( 5252523  0 )
							mesh index : -6

							extended poll unsuccessful point #193 [ h=0 f=6.085905075 ]
						} 

					} end of evaluations


					sorted ext poll pts {

						point # 1/16 : (   522     0 )
						point # 2/16 : ( 52522     0 )
						point # 3/16 : ( 5252523     0 )
						point # 4/16 : ( 52511     0 )
						point # 5/16 : (   521     0 )
						point # 6/16 : ( 52523     0 )
						point # 7/16 : ( 51521     0 )
						point # 8/16 : ( 5254131     0 )
						point # 9/16 : ( 5255131     0 )
						point #10/16 : ( 52531     0 )
						point #11/16 : ( 5413521     0 )
						point #12/16 : ( 5513521     0 )
						point #13/16 : ( 53521     0 )
						point #14/16 : ( 5252423     0 )
						point #15/16 : ( 52421     0 )
						point #16/16 : ( 42521     0 )

					} 


				} end of ext poll pts sorting


				extended poll point eval {

					extended poll point = (   522     0 )

					list of points evaluation (extended poll) {

						evaluation 1/1 {

							point #194 ( 522  0 )
							mesh index : -6

							cache hit: #194 --> #184
							extended poll unsuccessful point #184 [ h=0 f=5.660361767 ]
						} 

					} end of evaluations


				} 


				extended poll center: (   522     0 )

				perform extended poll descent ...... yes

				extended poll descent {

					       iteration = 6
					 blackbox eval.  = 66
					      mesh index = -6
					ext. poll center = (   522     0 ) f=5.660361767 h=0


					MADS run {

						66+BBE	OBJ	(ext-poll)

						66+ 0	5.6603617668	(ext-poll)
						66+ 2	5.6603617668	(ext-poll)

					} end of run (max mesh index)

					blackbox evaluations    : 2
					best feasible solution  : ( 522 0 ) h=0 f=5.660361767

				} end of extended poll descent (unsuccessful)


				extended poll point eval {

					extended poll point = ( 52522     0 )

					list of points evaluation (extended poll) {

						evaluation 1/1 {

							point #195 ( 52522  0 )
							mesh index : -6

							cache hit: #195 --> #190
							extended poll unsuccessful point #190 [ h=0 f=5.972643852 ]
						} 

					} end of evaluations


				} 


				extended poll center: ( 52522     0 )

				perform extended poll descent ...... yes

				extended poll descent {

					       iteration = 6
					 blackbox eval.  = 68
					      mesh index = -6
					ext. poll center = ( 52522     0 ) f=5.972643852 h=0


					MADS run {

						68+BBE	OBJ	(ext-poll)

						68+ 0	5.9726438522	(ext-poll)
						68+ 2	5.9726438522	(ext-poll)

					} end of run (max mesh index)

					blackbox evaluations    : 2
					best feasible solution  : ( 52522 0 ) h=0 f=5.972643852

				} end of extended poll descent (unsuccessful)


				extended poll point eval {

					extended poll point = ( 5252523     0 )

					list of points evaluation (extended poll) {

						evaluation 1/1 {

							point #196 ( 5252523  0 )
							mesh index : -6

							cache hit: #196 --> #193
							extended poll unsuccessful point #193 [ h=0 f=6.085905075 ]
						} 

					} end of evaluations


				} 


				extended poll center: ( 5252523     0 )

				perform extended poll descent ...... yes

				extended poll descent {

					       iteration = 6
					 blackbox eval.  = 70
					      mesh index = -6
					ext. poll center = ( 5252523     0 ) f=6.085905075 h=0


					MADS run {

						70+BBE	OBJ	(ext-poll)

						70+ 0	6.0859050751	(ext-poll)
						70+ 2	6.0859050751	(ext-poll)

					} end of run (max mesh index)

					blackbox evaluations    : 2
					best feasible solution  : ( 5252523 0 ) h=0 f=6.085905075

				} end of extended poll descent (unsuccessful)


				extended poll point eval {

					extended poll point = ( 52511     0 )

					list of points evaluation (extended poll) {

						evaluation 1/1 {

							point #197 ( 52511  0 )
							mesh index : -6

							cache hit: #197 --> #186
							extended poll unsuccessful point #186 [ h=0 f=6.500622034 ]
						} 

					} end of evaluations


				} 


				extended poll center: ( 52511     0 )

				perform extended poll descent ...... no

				extended poll point eval {

					extended poll point = (   521     0 )

					list of points evaluation (extended poll) {

						evaluation 1/1 {

							point #198 ( 521  0 )
							mesh index : -6

							cache hit: #198 --> #185
							extended poll unsuccessful point #185 [ h=0 f=7.169648409 ]
						} 

					} end of evaluations


				} 


				extended poll center: (   521     0 )

				perform extended poll descent ...... no

				extended poll point eval {

					extended poll point = ( 52523     0 )

					list of points evaluation (extended poll) {

						evaluation 1/1 {

							point #199 ( 52523  0 )
							mesh index : -6

							cache hit: #199 --> #191
							extended poll unsuccessful point #191 [ h=0 f=7.531285763 ]
						} 

					} end of evaluations


				} 


				extended poll center: ( 52523     0 )

				perform extended poll descent ...... no

				extended poll point eval {

					extended poll point = ( 51521     0 )

					list of points evaluation (extended poll) {

						evaluation 1/1 {

							point #200 ( 51521  0 )
							mesh index : -6

							cache hit: #200 --> #179
							extended poll unsuccessful point #179 [ h=0 f=7.70050168 ]
						} 

					} end of evaluations


				} 


				extended poll center: ( 51521     0 )

				perform extended poll descent ...... no

				extended poll point eval {

					extended poll point = ( 5254131     0 )

					list of points evaluation (extended poll) {

						evaluation 1/1 {

							point #201 ( 5254131  0 )
							mesh index : -6

							cache hit: #201 --> #188
							extended poll unsuccessful point #188 [ h=0 f=7.835046053 ]
						} 

					} end of evaluations


				} 


				extended poll center: ( 5254131     0 )

				perform extended poll descent ...... no

				extended poll point eval {

					extended poll point = ( 5255131     0 )

					list of points evaluation (extended poll) {

						evaluation 1/1 {

							point #202 ( 5255131  0 )
							mesh index : -6

							cache hit: #202 --> #189
							extended poll unsuccessful point #189 [ h=0 f=8.152340174 ]
						} 

					} end of evaluations


				} 


				extended poll center: ( 5255131     0 )

				perform extended poll descent ...... no

				extended poll point eval {

					extended poll point = ( 52531     0 )

					list of points evaluation (extended poll) {

						evaluation 1/1 {

							point #203 ( 52531  0 )
							mesh index : -6

							cache hit: #203 --> #187
							extended poll unsuccessful point #187 [ h=0 f=8.312312126 ]
						} 

					} end of evaluations


				} 


				extended poll center: ( 52531     0 )

				perform extended poll descent ...... no

				extended poll point eval {

					extended poll point = ( 5413521     0 )

					list of points evaluation (extended poll) {

						evaluation 1/1 {

							point #204 ( 5413521  0 )
							mesh index : -6

							cache hit: #204 --> #181
							extended poll unsuccessful point #181 [ h=0 f=8.819841623 ]
						} 

					} end of evaluations


				} 


				extended poll center: ( 5413521     0 )

				perform extended poll descent ...... no

				extended poll point eval {

					extended poll point = ( 5513521     0 )

					list of points evaluation (extended poll) {

						evaluation 1/1 {

							point #205 ( 5513521  0 )
							mesh index : -6

							cache hit: #205 --> #182
							extended poll unsuccessful point #182 [ h=0 f=9.275364637 ]
						} 

					} end of evaluations


				} 


				extended poll center: ( 5513521     0 )

				perform extended poll descent ...... no

				extended poll point eval {

					extended poll point = ( 53521     0 )

					list of points evaluation (extended poll) {

						evaluation 1/1 {

							point #206 ( 53521  0 )
							mesh index : -6

							cache hit: #206 --> #180
							extended poll unsuccessful point #180 [ h=0 f=10.13636756 ]
						} 

					} end of evaluations


				} 


				extended poll center: ( 53521     0 )

				perform extended poll descent ...... no

				extended poll point eval {

					extended poll point = ( 5252423     0 )

					list of points evaluation (extended poll) {

						evaluation 1/1 {

							point #207 ( 5252423  0 )
							mesh index : -6

							cache hit: #207 --> #192
							extended poll unsuccessful point #192 [ h=0 f=11.81697512 ]
						} 

					} end of evaluations


				} 


				extended poll center: ( 5252423     0 )

				perform extended poll descent ...... no

				extended poll point eval {

					extended poll point = ( 52421     0 )

					list of points evaluation (extended poll) {

						evaluation 1/1 {

							point #208 ( 52421  0 )
							mesh index : -6

							cache hit: #208 --> #183
							extended poll unsuccessful point #183 [ h=0 f=18.15964866 ]
						} 

					} end of evaluations


				} 


				extended poll center: ( 52421     0 )

				perform extended poll descent ...... no

				extended poll point eval {

					extended poll point = ( 42521     0 )

					list of points evaluation (extended poll) {

						evaluation 1/1 {

							point #209 ( 42521  0 )
							mesh index : -6

							cache hit: #209 --> #178
							extended poll unsuccessful point #178 [ h=0 f=32.62906623 ]
						} 

					} end of evaluations


				} 


				extended poll center: ( 42521     0 )

				perform extended poll descent ...... no

			} end of extended poll

		} end of poll

		Mesh update {
			previous mesh index: -6
			new mesh index     : -5
		} 


		terminate MADS       : no
		iteration status     : unsuccessful
		new feas. incumbent  : none
		new infeas. incumbent: none

	} end of iteration 6

	MADS iteration 7 {

		blackbox evaluations : 72
		best feas. solution  : ( 52521  0 ) h=0 f=5.63657403
		best infeas. solution: none
		poll center          : ( 52521  0 )
		mesh size            : (  1  1 )
		poll size            : ( 32 32 )
		mesh index           : -5
		h_max                : inf

		MADS search {
		} end of search

		MADS poll {

			poll center: ( 52521  0 )

			poll directions (include mesh size parameter) {
				dir 0 : (  0 -25 ) Ortho-MADS 2n
				dir 1 : (  0 25 ) Ortho-MADS 2n
			} 

			re-ordered list of 2 poll trial points {
				#219 : ( 52521 -25 ) (dir 0)
				#220 : ( 52521 25 ) (dir 1)
			} 

			list of points evaluation (poll) {

				evaluation 1/2 {

					point #219 ( 52521 -25 )
					direction  : (  0 -25 ) Ortho-MADS 2n
					mesh index : -5

					poll unsuccessful point #219: evaluation failed
				} 

				evaluation 2/2 {

					point #220 ( 52521 25 )
					direction  : (  0 25 ) Ortho-MADS 2n
					mesh index : -5

					poll unsuccessful point #220: evaluation failed
				} 

			} end of evaluations


			MADS extended poll {


				extended poll pts sorting {


					list of points evaluation (extended poll) {

						evaluation 1/16 {

							point #221 ( 42521  0 )
							mesh index : -5

							cache hit: #221 --> #178
							extended poll unsuccessful point #178 [ h=0 f=32.62906623 ]
						} 

						evaluation 2/16 {

							point #222 ( 51521  0 )
							mesh index : -5

							cache hit: #222 --> #179
							extended poll unsuccessful point #179 [ h=0 f=7.70050168 ]
						} 

						evaluation 3/16 {

							point #223 ( 53521  0 )
							mesh index : -5

							cache hit: #223 --> #180
							extended poll unsuccessful point #180 [ h=0 f=10.13636756 ]
						} 

						evaluation 4/16 {

							point #224 ( 5413521  0 )
							mesh index : -5

							cache hit: #224 --> #181
							extended poll unsuccessful point #181 [ h=0 f=8.819841623 ]
						} 

						evaluation 5/16 {

							point #225 ( 5513521  0 )
							mesh index : -5

							cache hit: #225 --> #182
							extended poll unsuccessful point #182 [ h=0 f=9.275364637 ]
						} 

						evaluation 6/16 {

							point #226 ( 52421  0 )
							mesh index : -5

							cache hit: #226 --> #183
							extended poll unsuccessful point #183 [ h=0 f=18.15964866 ]
						} 

						evaluation 7/16 {

							point #227 ( 522  0 )
							mesh index : -5

							cache hit: #227 --> #184
							extended poll unsuccessful point #184 [ h=0 f=5.660361767 ]
						} 

						evaluation 8/16 {

							point #228 ( 521  0 )
							mesh index : -5

							cache hit: #228 --> #185
							extended poll unsuccessful point #185 [ h=0 f=7.169648409 ]
						} 

						evaluation 9/16 {

							point #229 ( 52511  0 )
							mesh index : -5

							cache hit: #229 --> #186
							extended poll unsuccessful point #186 [ h=0 f=6.500622034 ]
						} 

						evaluation 10/16 {

							point #230 ( 52531  0 )
							mesh index : -5

							cache hit: #230 --> #187
							extended poll unsuccessful point #187 [ h=0 f=8.312312126 ]
						} 

						evaluation 11/16 {

							point #231 ( 5254131  0 )
							mesh index : -5

							cache hit: #231 --> #188
							extended poll unsuccessful point #188 [ h=0 f=7.835046053 ]
						} 

						evaluation 12/16 {

							point #232 ( 5255131  0 )
							mesh index : -5

							cache hit: #232 --> #189
							extended poll unsuccessful point #189 [ h=0 f=8.152340174 ]
						} 

						evaluation 13/16 {

							point #233 ( 52522  0 )
							mesh index : -5

							cache hit: #233 --> #190
							extended poll unsuccessful point #190 [ h=0 f=5.972643852 ]
						} 

						evaluation 14/16 {

							point #234 ( 52523  0 )
							mesh index : -5

							cache hit: #234 --> #191
							extended poll unsuccessful point #191 [ h=0 f=7.531285763 ]
						} 

						evaluation 15/16 {

							point #235 ( 5252423  0 )
							mesh index : -5

							cache hit: #235 --> #192
							extended poll unsuccessful point #192 [ h=0 f=11.81697512 ]
						} 

						evaluation 16/16 {

							point #236 ( 5252523  0 )
							mesh index : -5

							cache hit: #236 --> #193
							extended poll unsuccessful point #193 [ h=0 f=6.085905075 ]
						} 

					} end of evaluations


					sorted ext poll pts {

						point # 1/16 : (   522     0 )
						point # 2/16 : ( 52522     0 )
						point # 3/16 : ( 5252523     0 )
						point # 4/16 : ( 52511     0 )
						point # 5/16 : (   521     0 )
						point # 6/16 : ( 52523     0 )
						point # 7/16 : ( 51521     0 )
						point # 8/16 : ( 5254131     0 )
						point # 9/16 : ( 5255131     0 )
						point #10/16 : ( 52531     0 )
						point #11/16 : ( 5413521     0 )
						point #12/16 : ( 5513521     0 )
						point #13/16 : ( 53521     0 )
						point #14/16 : ( 5252423     0 )
						point #15/16 : ( 52421     0 )
						point #16/16 : ( 42521     0 )

					} 


				} end of ext poll pts sorting


				extended poll point eval {

					extended poll point = (   522     0 )

					list of points evaluation (extended poll) {

						evaluation 1/1 {

							point #237 ( 522  0 )
							mesh index : -5

							cache hit: #237 --> #184
							extended poll unsuccessful point #184 [ h=0 f=5.660361767 ]
						} 

					} end of evaluations


				} 


				extended poll center: (   522     0 )

				perform extended poll descent ...... yes

				extended poll descent {

					       iteration = 7
					 blackbox eval.  = 74
					      mesh index = -5
					ext. poll center = (   522     0 ) f=5.660361767 h=0


					MADS run {

						74+BBE	OBJ	(ext-poll)

						74+ 0	5.6603617668	(ext-poll)
						74+ 2	5.6603617668	(ext-poll)

					} end of run (max mesh index)

					blackbox evaluations    : 2
					best feasible solution  : ( 522 0 ) h=0 f=5.660361767

				} end of extended poll descent (unsuccessful)


				extended poll point eval {

					extended poll point = ( 52522     0 )

					list of points evaluation (extended poll) {

						evaluation 1/1 {

							point #238 ( 52522  0 )
							mesh index : -5

							cache hit: #238 --> #190
							extended poll unsuccessful point #190 [ h=0 f=5.972643852 ]
						} 

					} end of evaluations


				} 


				extended poll center: ( 52522     0 )

				perform extended poll descent ...... yes

				extended poll descent {

					       iteration = 7
					 blackbox eval.  = 76
					      mesh index = -5
					ext. poll center = ( 52522     0 ) f=5.972643852 h=0


					MADS run {

						76+BBE	OBJ	(ext-poll)

						76+ 0	5.9726438522	(ext-poll)
						76+ 2	5.9726438522	(ext-poll)

					} end of run (max mesh index)

					blackbox evaluations    : 2
					best feasible solution  : ( 52522 0 ) h=0 f=5.972643852

				} end of extended poll descent (unsuccessful)


				extended poll point eval {

					extended poll point = ( 5252523     0 )

					list of points evaluation (extended poll) {

						evaluation 1/1 {

							point #239 ( 5252523  0 )
							mesh index : -5

							cache hit: #239 --> #193
							extended poll unsuccessful point #193 [ h=0 f=6.085905075 ]
						} 

					} end of evaluations


				} 


				extended poll center: ( 5252523     0 )

				perform extended poll descent ...... yes

				extended poll descent {

					       iteration = 7
					 blackbox eval.  = 78
					      mesh index = -5
					ext. poll center = ( 5252523     0 ) f=6.085905075 h=0


					MADS run {

						78+BBE	OBJ	(ext-poll)

						78+ 0	6.0859050751	(ext-poll)
						78+ 2	6.0859050751	(ext-poll)

					} end of run (max mesh index)

					blackbox evaluations    : 2
					best feasible solution  : ( 5252523 0 ) h=0 f=6.085905075

				} end of extended poll descent (unsuccessful)


				extended poll point eval {

					extended poll point = ( 52511     0 )

					list of points evaluation (extended poll) {

						evaluation 1/1 {

							point #240 ( 52511  0 )
							mesh index : -5

							cache hit: #240 --> #186
							extended poll unsuccessful point #186 [ h=0 f=6.500622034 ]
						} 

					} end of evaluations


				} 


				extended poll center: ( 52511     0 )

				perform extended poll descent ...... no

				extended poll point eval {

					extended poll point = (   521     0 )

					list of points evaluation (extended poll) {

						evaluation 1/1 {

							point #241 ( 521  0 )
							mesh index : -5

							cache hit: #241 --> #185
							extended poll unsuccessful point #185 [ h=0 f=7.169648409 ]
						} 

					} end of evaluations


				} 


				extended poll center: (   521     0 )

				perform extended poll descent ...... no

				extended poll point eval {

					extended poll point = ( 52523     0 )

					list of points evaluation (extended poll) {

						evaluation 1/1 {

							point #242 ( 52523  0 )
							mesh index : -5

							cache hit: #242 --> #191
							extended poll unsuccessful point #191 [ h=0 f=7.531285763 ]
						} 

					} end of evaluations


				} 


				extended poll center: ( 52523     0 )

				perform extended poll descent ...... no

				extended poll point eval {

					extended poll point = ( 51521     0 )

					list of points evaluation (extended poll) {

						evaluation 1/1 {

							point #243 ( 51521  0 )
							mesh index : -5

							cache hit: #243 --> #179
							extended poll unsuccessful point #179 [ h=0 f=7.70050168 ]
						} 

					} end of evaluations


				} 


				extended poll center: ( 51521     0 )

				perform extended poll descent ...... no

				extended poll point eval {

					extended poll point = ( 5254131     0 )

					list of points evaluation (extended poll) {

						evaluation 1/1 {

							point #244 ( 5254131  0 )
							mesh index : -5

							cache hit: #244 --> #188
							extended poll unsuccessful point #188 [ h=0 f=7.835046053 ]
						} 

					} end of evaluations


				} 


				extended poll center: ( 5254131     0 )

				perform extended poll descent ...... no

				extended poll point eval {

					extended poll point = ( 5255131     0 )

					list of points evaluation (extended poll) {

						evaluation 1/1 {

							point #245 ( 5255131  0 )
							mesh index : -5

							cache hit: #245 --> #189
							extended poll unsuccessful point #189 [ h=0 f=8.152340174 ]
						} 

					} end of evaluations


				} 


				extended poll center: ( 5255131     0 )

				perform extended poll descent ...... no

				extended poll point eval {

					extended poll point = ( 52531     0 )

					list of points evaluation (extended poll) {

						evaluation 1/1 {

							point #246 ( 52531  0 )
							mesh index : -5

							cache hit: #246 --> #187
							extended poll unsuccessful point #187 [ h=0 f=8.312312126 ]
						} 

					} end of evaluations


				} 


				extended poll center: ( 52531     0 )

				perform extended poll descent ...... no

				extended poll point eval {

					extended poll point = ( 5413521     0 )

					list of points evaluation (extended poll) {

						evaluation 1/1 {

							point #247 ( 5413521  0 )
							mesh index : -5

							cache hit: #247 --> #181
							extended poll unsuccessful point #181 [ h=0 f=8.819841623 ]
						} 

					} end of evaluations


				} 


				extended poll center: ( 5413521     0 )

				perform extended poll descent ...... no

				extended poll point eval {

					extended poll point = ( 5513521     0 )

					list of points evaluation (extended poll) {

						evaluation 1/1 {

							point #248 ( 5513521  0 )
							mesh index : -5

							cache hit: #248 --> #182
							extended poll unsuccessful point #182 [ h=0 f=9.275364637 ]
						} 

					} end of evaluations


				} 


				extended poll center: ( 5513521     0 )

				perform extended poll descent ...... no

				extended poll point eval {

					extended poll point = ( 53521     0 )

					list of points evaluation (extended poll) {

						evaluation 1/1 {

							point #249 ( 53521  0 )
							mesh index : -5

							cache hit: #249 --> #180
							extended poll unsuccessful point #180 [ h=0 f=10.13636756 ]
						} 

					} end of evaluations


				} 


				extended poll center: ( 53521     0 )

				perform extended poll descent ...... no

				extended poll point eval {

					extended poll point = ( 5252423     0 )

					list of points evaluation (extended poll) {

						evaluation 1/1 {

							point #250 ( 5252423  0 )
							mesh index : -5

							cache hit: #250 --> #192
							extended poll unsuccessful point #192 [ h=0 f=11.81697512 ]
						} 

					} end of evaluations


				} 


				extended poll center: ( 5252423     0 )

				perform extended poll descent ...... no

				extended poll point eval {

					extended poll point = ( 52421     0 )

					list of points evaluation (extended poll) {

						evaluation 1/1 {

							point #251 ( 52421  0 )
							mesh index : -5

							cache hit: #251 --> #183
							extended poll unsuccessful point #183 [ h=0 f=18.15964866 ]
						} 

					} end of evaluations


				} 


				extended poll center: ( 52421     0 )

				perform extended poll descent ...... no

				extended poll point eval {

					extended poll point = ( 42521     0 )

					list of points evaluation (extended poll) {

						evaluation 1/1 {

							point #252 ( 42521  0 )
							mesh index : -5

							cache hit: #252 --> #178
							extended poll unsuccessful point #178 [ h=0 f=32.62906623 ]
						} 

					} end of evaluations


				} 


				extended poll center: ( 42521     0 )

				perform extended poll descent ...... no

			} end of extended poll

		} end of poll

		Mesh update {
			previous mesh index: -5
			new mesh index     : -4
		} 


		terminate MADS       : no
		iteration status     : unsuccessful
		new feas. incumbent  : none
		new infeas. incumbent: none

	} end of iteration 7

	MADS iteration 8 {

		blackbox evaluations : 80
		best feas. solution  : ( 52521  0 ) h=0 f=5.63657403
		best infeas. solution: none
		poll center          : ( 52521  0 )
		mesh size            : (  1  1 )
		poll size            : ( 16 16 )
		mesh index           : -4
		h_max                : inf

		MADS search {
		} end of search

		MADS poll {

			poll center: ( 52521  0 )

			poll directions (include mesh size parameter) {
				dir 0 : (  0 -16 ) Ortho-MADS 2n
				dir 1 : (  0 16 ) Ortho-MADS 2n
			} 

			re-ordered list of 2 poll trial points {
				#262 : ( 52521 -16 ) (dir 0)
				#263 : ( 52521 16 ) (dir 1)
			} 

			list of points evaluation (poll) {

				evaluation 1/2 {

					point #262 ( 52521 -16 )
					direction  : (  0 -16 ) Ortho-MADS 2n
					mesh index : -4

					poll unsuccessful point #262: evaluation failed
				} 

				evaluation 2/2 {

					point #263 ( 52521 16 )
					direction  : (  0 16 ) Ortho-MADS 2n
					mesh index : -4

					poll unsuccessful point #263: evaluation failed
				} 

			} end of evaluations


			MADS extended poll {


				extended poll pts sorting {


					list of points evaluation (extended poll) {

						evaluation 1/16 {

							point #264 ( 42521  0 )
							mesh index : -4

							cache hit: #264 --> #178
							extended poll unsuccessful point #178 [ h=0 f=32.62906623 ]
						} 

						evaluation 2/16 {

							point #265 ( 51521  0 )
							mesh index : -4

							cache hit: #265 --> #179
							extended poll unsuccessful point #179 [ h=0 f=7.70050168 ]
						} 

						evaluation 3/16 {

							point #266 ( 53521  0 )
							mesh index : -4

							cache hit: #266 --> #180
							extended poll unsuccessful point #180 [ h=0 f=10.13636756 ]
						} 

						evaluation 4/16 {

							point #267 ( 5413521  0 )
							mesh index : -4

							cache hit: #267 --> #181
							extended poll unsuccessful point #181 [ h=0 f=8.819841623 ]
						} 

						evaluation 5/16 {

							point #268 ( 5513521  0 )
							mesh index : -4

							cache hit: #268 --> #182
							extended poll unsuccessful point #182 [ h=0 f=9.275364637 ]
						} 

						evaluation 6/16 {

							point #269 ( 52421  0 )
							mesh index : -4

							cache hit: #269 --> #183
							extended poll unsuccessful point #183 [ h=0 f=18.15964866 ]
						} 

						evaluation 7/16 {

							point #270 ( 522  0 )
							mesh index : -4

							cache hit: #270 --> #184
							extended poll unsuccessful point #184 [ h=0 f=5.660361767 ]
						} 

						evaluation 8/16 {

							point #271 ( 521  0 )
							mesh index : -4

							cache hit: #271 --> #185
							extended poll unsuccessful point #185 [ h=0 f=7.169648409 ]
						} 

						evaluation 9/16 {

							point #272 ( 52511  0 )
							mesh index : -4

							cache hit: #272 --> #186
							extended poll unsuccessful point #186 [ h=0 f=6.500622034 ]
						} 

						evaluation 10/16 {

							point #273 ( 52531  0 )
							mesh index : -4

							cache hit: #273 --> #187
							extended poll unsuccessful point #187 [ h=0 f=8.312312126 ]
						} 

						evaluation 11/16 {

							point #274 ( 5254131  0 )
							mesh index : -4

							cache hit: #274 --> #188
							extended poll unsuccessful point #188 [ h=0 f=7.835046053 ]
						} 

						evaluation 12/16 {

							point #275 ( 5255131  0 )
							mesh index : -4

							cache hit: #275 --> #189
							extended poll unsuccessful point #189 [ h=0 f=8.152340174 ]
						} 

						evaluation 13/16 {

							point #276 ( 52522  0 )
							mesh index : -4

							cache hit: #276 --> #190
							extended poll unsuccessful point #190 [ h=0 f=5.972643852 ]
						} 

						evaluation 14/16 {

							point #277 ( 52523  0 )
							mesh index : -4

							cache hit: #277 --> #191
							extended poll unsuccessful point #191 [ h=0 f=7.531285763 ]
						} 

						evaluation 15/16 {

							point #278 ( 5252423  0 )
							mesh index : -4

							cache hit: #278 --> #192
							extended poll unsuccessful point #192 [ h=0 f=11.81697512 ]
						} 

						evaluation 16/16 {

							point #279 ( 5252523  0 )
							mesh index : -4

							cache hit: #279 --> #193
							extended poll unsuccessful point #193 [ h=0 f=6.085905075 ]
						} 

					} end of evaluations


					sorted ext poll pts {

						point # 1/16 : (   522     0 )
						point # 2/16 : ( 52522     0 )
						point # 3/16 : ( 5252523     0 )
						point # 4/16 : ( 52511     0 )
						point # 5/16 : (   521     0 )
						point # 6/16 : ( 52523     0 )
						point # 7/16 : ( 51521     0 )
						point # 8/16 : ( 5254131     0 )
						point # 9/16 : ( 5255131     0 )
						point #10/16 : ( 52531     0 )
						point #11/16 : ( 5413521     0 )
						point #12/16 : ( 5513521     0 )
						point #13/16 : ( 53521     0 )
						point #14/16 : ( 5252423     0 )
						point #15/16 : ( 52421     0 )
						point #16/16 : ( 42521     0 )

					} 


				} end of ext poll pts sorting


				extended poll point eval {

					extended poll point = (   522     0 )

					list of points evaluation (extended poll) {

						evaluation 1/1 {

							point #280 ( 522  0 )
							mesh index : -4

							cache hit: #280 --> #184
							extended poll unsuccessful point #184 [ h=0 f=5.660361767 ]
						} 

					} end of evaluations


				} 


				extended poll center: (   522     0 )

				perform extended poll descent ...... yes

				extended poll descent {

					       iteration = 8
					 blackbox eval.  = 82
					      mesh index = -4
					ext. poll center = (   522     0 ) f=5.660361767 h=0


					MADS run {

						82+BBE	OBJ	(ext-poll)

						82+ 0	5.6603617668	(ext-poll)
						82+ 2	5.6603617668	(ext-poll)

					} end of run (max mesh index)

					blackbox evaluations    : 2
					best feasible solution  : ( 522 0 ) h=0 f=5.660361767

				} end of extended poll descent (unsuccessful)


				extended poll point eval {

					extended poll point = ( 52522     0 )

					list of points evaluation (extended poll) {

						evaluation 1/1 {

							point #281 ( 52522  0 )
							mesh index : -4

							cache hit: #281 --> #190
							extended poll unsuccessful point #190 [ h=0 f=5.972643852 ]
						} 

					} end of evaluations


				} 


				extended poll center: ( 52522     0 )

				perform extended poll descent ...... yes

				extended poll descent {

					       iteration = 8
					 blackbox eval.  = 84
					      mesh index = -4
					ext. poll center = ( 52522     0 ) f=5.972643852 h=0


					MADS run {

						84+BBE	OBJ	(ext-poll)

						84+ 0	5.9726438522	(ext-poll)
						84+ 2	5.9726438522	(ext-poll)

					} end of run (max mesh index)

					blackbox evaluations    : 2
					best feasible solution  : ( 52522 0 ) h=0 f=5.972643852

				} end of extended poll descent (unsuccessful)


				extended poll point eval {

					extended poll point = ( 5252523     0 )

					list of points evaluation (extended poll) {

						evaluation 1/1 {

							point #282 ( 5252523  0 )
							mesh index : -4

							cache hit: #282 --> #193
							extended poll unsuccessful point #193 [ h=0 f=6.085905075 ]
						} 

					} end of evaluations


				} 


				extended poll center: ( 5252523     0 )

				perform extended poll descent ...... yes

				extended poll descent {

					       iteration = 8
					 blackbox eval.  = 86
					      mesh index = -4
					ext. poll center = ( 5252523     0 ) f=6.085905075 h=0


					MADS run {

						86+BBE	OBJ	(ext-poll)

						86+ 0	6.0859050751	(ext-poll)
						86+ 2	6.0859050751	(ext-poll)

					} end of run (max mesh index)

					blackbox evaluations    : 2
					best feasible solution  : ( 5252523 0 ) h=0 f=6.085905075

				} end of extended poll descent (unsuccessful)


				extended poll point eval {

					extended poll point = ( 52511     0 )

					list of points evaluation (extended poll) {

						evaluation 1/1 {

							point #283 ( 52511  0 )
							mesh index : -4

							cache hit: #283 --> #186
							extended poll unsuccessful point #186 [ h=0 f=6.500622034 ]
						} 

					} end of evaluations


				} 


				extended poll center: ( 52511     0 )

				perform extended poll descent ...... no

				extended poll point eval {

					extended poll point = (   521     0 )

					list of points evaluation (extended poll) {

						evaluation 1/1 {

							point #284 ( 521  0 )
							mesh index : -4

							cache hit: #284 --> #185
							extended poll unsuccessful point #185 [ h=0 f=7.169648409 ]
						} 

					} end of evaluations


				} 


				extended poll center: (   521     0 )

				perform extended poll descent ...... no

				extended poll point eval {

					extended poll point = ( 52523     0 )

					list of points evaluation (extended poll) {

						evaluation 1/1 {

							point #285 ( 52523  0 )
							mesh index : -4

							cache hit: #285 --> #191
							extended poll unsuccessful point #191 [ h=0 f=7.531285763 ]
						} 

					} end of evaluations


				} 


				extended poll center: ( 52523     0 )

				perform extended poll descent ...... no

				extended poll point eval {

					extended poll point = ( 51521     0 )

					list of points evaluation (extended poll) {

						evaluation 1/1 {

							point #286 ( 51521  0 )
							mesh index : -4

							cache hit: #286 --> #179
							extended poll unsuccessful point #179 [ h=0 f=7.70050168 ]
						} 

					} end of evaluations


				} 


				extended poll center: ( 51521     0 )

				perform extended poll descent ...... no

				extended poll point eval {

					extended poll point = ( 5254131     0 )

					list of points evaluation (extended poll) {

						evaluation 1/1 {

							point #287 ( 5254131  0 )
							mesh index : -4

							cache hit: #287 --> #188
							extended poll unsuccessful point #188 [ h=0 f=7.835046053 ]
						} 

					} end of evaluations


				} 


				extended poll center: ( 5254131     0 )

				perform extended poll descent ...... no

				extended poll point eval {

					extended poll point = ( 5255131     0 )

					list of points evaluation (extended poll) {

						evaluation 1/1 {

							point #288 ( 5255131  0 )
							mesh index : -4

							cache hit: #288 --> #189
							extended poll unsuccessful point #189 [ h=0 f=8.152340174 ]
						} 

					} end of evaluations


				} 


				extended poll center: ( 5255131     0 )

				perform extended poll descent ...... no

				extended poll point eval {

					extended poll point = ( 52531     0 )

					list of points evaluation (extended poll) {

						evaluation 1/1 {

							point #289 ( 52531  0 )
							mesh index : -4

							cache hit: #289 --> #187
							extended poll unsuccessful point #187 [ h=0 f=8.312312126 ]
						} 

					} end of evaluations


				} 


				extended poll center: ( 52531     0 )

				perform extended poll descent ...... no

				extended poll point eval {

					extended poll point = ( 5413521     0 )

					list of points evaluation (extended poll) {

						evaluation 1/1 {

							point #290 ( 5413521  0 )
							mesh index : -4

							cache hit: #290 --> #181
							extended poll unsuccessful point #181 [ h=0 f=8.819841623 ]
						} 

					} end of evaluations


				} 


				extended poll center: ( 5413521     0 )

				perform extended poll descent ...... no

				extended poll point eval {

					extended poll point = ( 5513521     0 )

					list of points evaluation (extended poll) {

						evaluation 1/1 {

							point #291 ( 5513521  0 )
							mesh index : -4

							cache hit: #291 --> #182
							extended poll unsuccessful point #182 [ h=0 f=9.275364637 ]
						} 

					} end of evaluations


				} 


				extended poll center: ( 5513521     0 )

				perform extended poll descent ...... no

				extended poll point eval {

					extended poll point = ( 53521     0 )

					list of points evaluation (extended poll) {

						evaluation 1/1 {

							point #292 ( 53521  0 )
							mesh index : -4

							cache hit: #292 --> #180
							extended poll unsuccessful point #180 [ h=0 f=10.13636756 ]
						} 

					} end of evaluations


				} 


				extended poll center: ( 53521     0 )

				perform extended poll descent ...... no

				extended poll point eval {

					extended poll point = ( 5252423     0 )

					list of points evaluation (extended poll) {

						evaluation 1/1 {

							point #293 ( 5252423  0 )
							mesh index : -4

							cache hit: #293 --> #192
							extended poll unsuccessful point #192 [ h=0 f=11.81697512 ]
						} 

					} end of evaluations


				} 


				extended poll center: ( 5252423     0 )

				perform extended poll descent ...... no

				extended poll point eval {

					extended poll point = ( 52421     0 )

					list of points evaluation (extended poll) {

						evaluation 1/1 {

							point #294 ( 52421  0 )
							mesh index : -4

							cache hit: #294 --> #183
							extended poll unsuccessful point #183 [ h=0 f=18.15964866 ]
						} 

					} end of evaluations


				} 


				extended poll center: ( 52421     0 )

				perform extended poll descent ...... no

				extended poll point eval {

					extended poll point = ( 42521     0 )

					list of points evaluation (extended poll) {

						evaluation 1/1 {

							point #295 ( 42521  0 )
							mesh index : -4

							cache hit: #295 --> #178
							extended poll unsuccessful point #178 [ h=0 f=32.62906623 ]
						} 

					} end of evaluations


				} 


				extended poll center: ( 42521     0 )

				perform extended poll descent ...... no

			} end of extended poll

		} end of poll

		Mesh update {
			previous mesh index: -4
			new mesh index     : -3
		} 


		terminate MADS       : no
		iteration status     : unsuccessful
		new feas. incumbent  : none
		new infeas. incumbent: none

	} end of iteration 8

	MADS iteration 9 {

		blackbox evaluations : 88
		best feas. solution  : ( 52521  0 ) h=0 f=5.63657403
		best infeas. solution: none
		poll center          : ( 52521  0 )
		mesh size            : (  1  1 )
		poll size            : (  8  8 )
		mesh index           : -3
		h_max                : inf

		MADS search {
		} end of search

		MADS poll {

			poll center: ( 52521  0 )

			poll directions (include mesh size parameter) {
				dir 0 : (  0 -4 ) Ortho-MADS 2n
				dir 1 : (  0  4 ) Ortho-MADS 2n
			} 

			re-ordered list of 2 poll trial points {
				#305 : ( 52521 -4 ) (dir 0)
				#306 : ( 52521  4 ) (dir 1)
			} 

			list of points evaluation (poll) {

				evaluation 1/2 {

					point #305 ( 52521 -4 )
					direction  : (  0 -4 ) Ortho-MADS 2n
					mesh index : -3

					poll unsuccessful point #305: evaluation failed
				} 

				evaluation 2/2 {

					point #306 ( 52521  4 )
					direction  : (  0  4 ) Ortho-MADS 2n
					mesh index : -3

					poll unsuccessful point #306: evaluation failed
				} 

			} end of evaluations


			MADS extended poll {


				extended poll pts sorting {


					list of points evaluation (extended poll) {

						evaluation 1/16 {

							point #307 ( 42521  0 )
							mesh index : -3

							cache hit: #307 --> #178
							extended poll unsuccessful point #178 [ h=0 f=32.62906623 ]
						} 

						evaluation 2/16 {

							point #308 ( 51521  0 )
							mesh index : -3

							cache hit: #308 --> #179
							extended poll unsuccessful point #179 [ h=0 f=7.70050168 ]
						} 

						evaluation 3/16 {

							point #309 ( 53521  0 )
							mesh index : -3

							cache hit: #309 --> #180
							extended poll unsuccessful point #180 [ h=0 f=10.13636756 ]
						} 

						evaluation 4/16 {

							point #310 ( 5413521  0 )
							mesh index : -3

							cache hit: #310 --> #181
							extended poll unsuccessful point #181 [ h=0 f=8.819841623 ]
						} 

						evaluation 5/16 {

							point #311 ( 5513521  0 )
							mesh index : -3

							cache hit: #311 --> #182
							extended poll unsuccessful point #182 [ h=0 f=9.275364637 ]
						} 

						evaluation 6/16 {

							point #312 ( 52421  0 )
							mesh index : -3

							cache hit: #312 --> #183
							extended poll unsuccessful point #183 [ h=0 f=18.15964866 ]
						} 

						evaluation 7/16 {

							point #313 ( 522  0 )
							mesh index : -3

							cache hit: #313 --> #184
							extended poll unsuccessful point #184 [ h=0 f=5.660361767 ]
						} 

						evaluation 8/16 {

							point #314 ( 521  0 )
							mesh index : -3

							cache hit: #314 --> #185
							extended poll unsuccessful point #185 [ h=0 f=7.169648409 ]
						} 

						evaluation 9/16 {

							point #315 ( 52511  0 )
							mesh index : -3

							cache hit: #315 --> #186
							extended poll unsuccessful point #186 [ h=0 f=6.500622034 ]
						} 

						evaluation 10/16 {

							point #316 ( 52531  0 )
							mesh index : -3

							cache hit: #316 --> #187
							extended poll unsuccessful point #187 [ h=0 f=8.312312126 ]
						} 

						evaluation 11/16 {

							point #317 ( 5254131  0 )
							mesh index : -3

							cache hit: #317 --> #188
							extended poll unsuccessful point #188 [ h=0 f=7.835046053 ]
						} 

						evaluation 12/16 {

							point #318 ( 5255131  0 )
							mesh index : -3

							cache hit: #318 --> #189
							extended poll unsuccessful point #189 [ h=0 f=8.152340174 ]
						} 

						evaluation 13/16 {

							point #319 ( 52522  0 )
							mesh index : -3

							cache hit: #319 --> #190
							extended poll unsuccessful point #190 [ h=0 f=5.972643852 ]
						} 

						evaluation 14/16 {

							point #320 ( 52523  0 )
							mesh index : -3

							cache hit: #320 --> #191
							extended poll unsuccessful point #191 [ h=0 f=7.531285763 ]
						} 

						evaluation 15/16 {

							point #321 ( 5252423  0 )
							mesh index : -3

							cache hit: #321 --> #192
							extended poll unsuccessful point #192 [ h=0 f=11.81697512 ]
						} 

						evaluation 16/16 {

							point #322 ( 5252523  0 )
							mesh index : -3

							cache hit: #322 --> #193
							extended poll unsuccessful point #193 [ h=0 f=6.085905075 ]
						} 

					} end of evaluations


					sorted ext poll pts {

						point # 1/16 : (   522     0 )
						point # 2/16 : ( 52522     0 )
						point # 3/16 : ( 5252523     0 )
						point # 4/16 : ( 52511     0 )
						point # 5/16 : (   521     0 )
						point # 6/16 : ( 52523     0 )
						point # 7/16 : ( 51521     0 )
						point # 8/16 : ( 5254131     0 )
						point # 9/16 : ( 5255131     0 )
						point #10/16 : ( 52531     0 )
						point #11/16 : ( 5413521     0 )
						point #12/16 : ( 5513521     0 )
						point #13/16 : ( 53521     0 )
						point #14/16 : ( 5252423     0 )
						point #15/16 : ( 52421     0 )
						point #16/16 : ( 42521     0 )

					} 


				} end of ext poll pts sorting


				extended poll point eval {

					extended poll point = (   522     0 )

					list of points evaluation (extended poll) {

						evaluation 1/1 {

							point #323 ( 522  0 )
							mesh index : -3

							cache hit: #323 --> #184
							extended poll unsuccessful point #184 [ h=0 f=5.660361767 ]
						} 

					} end of evaluations


				} 


				extended poll center: (   522     0 )

				perform extended poll descent ...... yes

				extended poll descent {

					       iteration = 9
					 blackbox eval.  = 90
					      mesh index = -3
					ext. poll center = (   522     0 ) f=5.660361767 h=0


					MADS run {

						90+BBE	OBJ	(ext-poll)

						90+ 0	5.6603617668	(ext-poll)
						90+ 2	5.6603617668	(ext-poll)

					} end of run (max mesh index)

					blackbox evaluations    : 2
					best feasible solution  : ( 522 0 ) h=0 f=5.660361767

				} end of extended poll descent (unsuccessful)


				extended poll point eval {

					extended poll point = ( 52522     0 )

					list of points evaluation (extended poll) {

						evaluation 1/1 {

							point #324 ( 52522  0 )
							mesh index : -3

							cache hit: #324 --> #190
							extended poll unsuccessful point #190 [ h=0 f=5.972643852 ]
						} 

					} end of evaluations


				} 


				extended poll center: ( 52522     0 )

				perform extended poll descent ...... yes

				extended poll descent {

					       iteration = 9
					 blackbox eval.  = 92
					      mesh index = -3
					ext. poll center = ( 52522     0 ) f=5.972643852 h=0


					MADS run {

						92+BBE	OBJ	(ext-poll)

						92+0	5.9726438522	(ext-poll)
						92+2	5.9726438522	(ext-poll)

					} end of run (max mesh index)

					blackbox evaluations    : 2
					best feasible solution  : ( 52522 0 ) h=0 f=5.972643852

				} end of extended poll descent (unsuccessful)


				extended poll point eval {

					extended poll point = ( 5252523     0 )

					list of points evaluation (extended poll) {

						evaluation 1/1 {

							point #325 ( 5252523  0 )
							mesh index : -3

							cache hit: #325 --> #193
							extended poll unsuccessful point #193 [ h=0 f=6.085905075 ]
						} 

					} end of evaluations


				} 


				extended poll center: ( 5252523     0 )

				perform extended poll descent ...... yes

				extended poll descent {

					       iteration = 9
					 blackbox eval.  = 94
					      mesh index = -3
					ext. poll center = ( 5252523     0 ) f=6.085905075 h=0


					MADS run {

						94+BBE	OBJ	(ext-poll)

						94+0	6.0859050751	(ext-poll)
						94+2	6.0859050751	(ext-poll)

					} end of run (max mesh index)

					blackbox evaluations    : 2
					best feasible solution  : ( 5252523 0 ) h=0 f=6.085905075

				} end of extended poll descent (unsuccessful)


				extended poll point eval {

					extended poll point = ( 52511     0 )

					list of points evaluation (extended poll) {

						evaluation 1/1 {

							point #326 ( 52511  0 )
							mesh index : -3

							cache hit: #326 --> #186
							extended poll unsuccessful point #186 [ h=0 f=6.500622034 ]
						} 

					} end of evaluations


				} 


				extended poll center: ( 52511     0 )

				perform extended poll descent ...... no

				extended poll point eval {

					extended poll point = (   521     0 )

					list of points evaluation (extended poll) {

						evaluation 1/1 {

							point #327 ( 521  0 )
							mesh index : -3

							cache hit: #327 --> #185
							extended poll unsuccessful point #185 [ h=0 f=7.169648409 ]
						} 

					} end of evaluations


				} 


				extended poll center: (   521     0 )

				perform extended poll descent ...... no

				extended poll point eval {

					extended poll point = ( 52523     0 )

					list of points evaluation (extended poll) {

						evaluation 1/1 {

							point #328 ( 52523  0 )
							mesh index : -3

							cache hit: #328 --> #191
							extended poll unsuccessful point #191 [ h=0 f=7.531285763 ]
						} 

					} end of evaluations


				} 


				extended poll center: ( 52523     0 )

				perform extended poll descent ...... no

				extended poll point eval {

					extended poll point = ( 51521     0 )

					list of points evaluation (extended poll) {

						evaluation 1/1 {

							point #329 ( 51521  0 )
							mesh index : -3

							cache hit: #329 --> #179
							extended poll unsuccessful point #179 [ h=0 f=7.70050168 ]
						} 

					} end of evaluations


				} 


				extended poll center: ( 51521     0 )

				perform extended poll descent ...... no

				extended poll point eval {

					extended poll point = ( 5254131     0 )

					list of points evaluation (extended poll) {

						evaluation 1/1 {

							point #330 ( 5254131  0 )
							mesh index : -3

							cache hit: #330 --> #188
							extended poll unsuccessful point #188 [ h=0 f=7.835046053 ]
						} 

					} end of evaluations


				} 


				extended poll center: ( 5254131     0 )

				perform extended poll descent ...... no

				extended poll point eval {

					extended poll point = ( 5255131     0 )

					list of points evaluation (extended poll) {

						evaluation 1/1 {

							point #331 ( 5255131  0 )
							mesh index : -3

							cache hit: #331 --> #189
							extended poll unsuccessful point #189 [ h=0 f=8.152340174 ]
						} 

					} end of evaluations


				} 


				extended poll center: ( 5255131     0 )

				perform extended poll descent ...... no

				extended poll point eval {

					extended poll point = ( 52531     0 )

					list of points evaluation (extended poll) {

						evaluation 1/1 {

							point #332 ( 52531  0 )
							mesh index : -3

							cache hit: #332 --> #187
							extended poll unsuccessful point #187 [ h=0 f=8.312312126 ]
						} 

					} end of evaluations


				} 


				extended poll center: ( 52531     0 )

				perform extended poll descent ...... no

				extended poll point eval {

					extended poll point = ( 5413521     0 )

					list of points evaluation (extended poll) {

						evaluation 1/1 {

							point #333 ( 5413521  0 )
							mesh index : -3

							cache hit: #333 --> #181
							extended poll unsuccessful point #181 [ h=0 f=8.819841623 ]
						} 

					} end of evaluations


				} 


				extended poll center: ( 5413521     0 )

				perform extended poll descent ...... no

				extended poll point eval {

					extended poll point = ( 5513521     0 )

					list of points evaluation (extended poll) {

						evaluation 1/1 {

							point #334 ( 5513521  0 )
							mesh index : -3

							cache hit: #334 --> #182
							extended poll unsuccessful point #182 [ h=0 f=9.275364637 ]
						} 

					} end of evaluations


				} 


				extended poll center: ( 5513521     0 )

				perform extended poll descent ...... no

				extended poll point eval {

					extended poll point = ( 53521     0 )

					list of points evaluation (extended poll) {

						evaluation 1/1 {

							point #335 ( 53521  0 )
							mesh index : -3

							cache hit: #335 --> #180
							extended poll unsuccessful point #180 [ h=0 f=10.13636756 ]
						} 

					} end of evaluations


				} 


				extended poll center: ( 53521     0 )

				perform extended poll descent ...... no

				extended poll point eval {

					extended poll point = ( 5252423     0 )

					list of points evaluation (extended poll) {

						evaluation 1/1 {

							point #336 ( 5252423  0 )
							mesh index : -3

							cache hit: #336 --> #192
							extended poll unsuccessful point #192 [ h=0 f=11.81697512 ]
						} 

					} end of evaluations


				} 


				extended poll center: ( 5252423     0 )

				perform extended poll descent ...... no

				extended poll point eval {

					extended poll point = ( 52421     0 )

					list of points evaluation (extended poll) {

						evaluation 1/1 {

							point #337 ( 52421  0 )
							mesh index : -3

							cache hit: #337 --> #183
							extended poll unsuccessful point #183 [ h=0 f=18.15964866 ]
						} 

					} end of evaluations


				} 


				extended poll center: ( 52421     0 )

				perform extended poll descent ...... no

				extended poll point eval {

					extended poll point = ( 42521     0 )

					list of points evaluation (extended poll) {

						evaluation 1/1 {

							point #338 ( 42521  0 )
							mesh index : -3

							cache hit: #338 --> #178
							extended poll unsuccessful point #178 [ h=0 f=32.62906623 ]
						} 

					} end of evaluations


				} 


				extended poll center: ( 42521     0 )

				perform extended poll descent ...... no

			} end of extended poll

		} end of poll

		Mesh update {
			previous mesh index: -3
			new mesh index     : -2
		} 


		terminate MADS       : no
		iteration status     : unsuccessful
		new feas. incumbent  : none
		new infeas. incumbent: none

	} end of iteration 9

	MADS iteration 10 {

		blackbox evaluations : 96
		best feas. solution  : ( 52521  0 ) h=0 f=5.63657403
		best infeas. solution: none
		poll center          : ( 52521  0 )
		mesh size            : (  1  1 )
		poll size            : (  4  4 )
		mesh index           : -2
		h_max                : inf

		MADS search {
		} end of search

		MADS poll {

			poll center: ( 52521  0 )

			poll directions (include mesh size parameter) {
				dir 0 : (  0 -4 ) Ortho-MADS 2n
				dir 1 : (  0  4 ) Ortho-MADS 2n
			} 

			re-ordered list of 2 poll trial points {
				#348 : ( 52521 -4 ) (dir 0)
				#349 : ( 52521  4 ) (dir 1)
			} 

			list of points evaluation (poll) {

				evaluation 1/2 {

					point #348 ( 52521 -4 )
					direction  : (  0 -4 ) Ortho-MADS 2n
					mesh index : -2

					cache hit: #348 --> #305
					poll unsuccessful point #305: evaluation failed
				} 

				evaluation 2/2 {

					point #349 ( 52521  4 )
					direction  : (  0  4 ) Ortho-MADS 2n
					mesh index : -2

					cache hit: #349 --> #306
					poll unsuccessful point #306: evaluation failed
				} 

			} end of evaluations


			MADS extended poll {


				extended poll pts sorting {


					list of points evaluation (extended poll) {

						evaluation 1/16 {

							point #350 ( 42521  0 )
							mesh index : -2

							cache hit: #350 --> #178
							extended poll unsuccessful point #178 [ h=0 f=32.62906623 ]
						} 

						evaluation 2/16 {

							point #351 ( 51521  0 )
							mesh index : -2

							cache hit: #351 --> #179
							extended poll unsuccessful point #179 [ h=0 f=7.70050168 ]
						} 

						evaluation 3/16 {

							point #352 ( 53521  0 )
							mesh index : -2

							cache hit: #352 --> #180
							extended poll unsuccessful point #180 [ h=0 f=10.13636756 ]
						} 

						evaluation 4/16 {

							point #353 ( 5413521  0 )
							mesh index : -2

							cache hit: #353 --> #181
							extended poll unsuccessful point #181 [ h=0 f=8.819841623 ]
						} 

						evaluation 5/16 {

							point #354 ( 5513521  0 )
							mesh index : -2

							cache hit: #354 --> #182
							extended poll unsuccessful point #182 [ h=0 f=9.275364637 ]
						} 

						evaluation 6/16 {

							point #355 ( 52421  0 )
							mesh index : -2

							cache hit: #355 --> #183
							extended poll unsuccessful point #183 [ h=0 f=18.15964866 ]
						} 

						evaluation 7/16 {

							point #356 ( 522  0 )
							mesh index : -2

							cache hit: #356 --> #184
							extended poll unsuccessful point #184 [ h=0 f=5.660361767 ]
						} 

						evaluation 8/16 {

							point #357 ( 521  0 )
							mesh index : -2

							cache hit: #357 --> #185
							extended poll unsuccessful point #185 [ h=0 f=7.169648409 ]
						} 

						evaluation 9/16 {

							point #358 ( 52511  0 )
							mesh index : -2

							cache hit: #358 --> #186
							extended poll unsuccessful point #186 [ h=0 f=6.500622034 ]
						} 

						evaluation 10/16 {

							point #359 ( 52531  0 )
							mesh index : -2

							cache hit: #359 --> #187
							extended poll unsuccessful point #187 [ h=0 f=8.312312126 ]
						} 

						evaluation 11/16 {

							point #360 ( 5254131  0 )
							mesh index : -2

							cache hit: #360 --> #188
							extended poll unsuccessful point #188 [ h=0 f=7.835046053 ]
						} 

						evaluation 12/16 {

							point #361 ( 5255131  0 )
							mesh index : -2

							cache hit: #361 --> #189
							extended poll unsuccessful point #189 [ h=0 f=8.152340174 ]
						} 

						evaluation 13/16 {

							point #362 ( 52522  0 )
							mesh index : -2

							cache hit: #362 --> #190
							extended poll unsuccessful point #190 [ h=0 f=5.972643852 ]
						} 

						evaluation 14/16 {

							point #363 ( 52523  0 )
							mesh index : -2

							cache hit: #363 --> #191
							extended poll unsuccessful point #191 [ h=0 f=7.531285763 ]
						} 

						evaluation 15/16 {

							point #364 ( 5252423  0 )
							mesh index : -2

							cache hit: #364 --> #192
							extended poll unsuccessful point #192 [ h=0 f=11.81697512 ]
						} 

						evaluation 16/16 {

							point #365 ( 5252523  0 )
							mesh index : -2

							cache hit: #365 --> #193
							extended poll unsuccessful point #193 [ h=0 f=6.085905075 ]
						} 

					} end of evaluations


					sorted ext poll pts {

						point # 1/16 : (   522     0 )
						point # 2/16 : ( 52522     0 )
						point # 3/16 : ( 5252523     0 )
						point # 4/16 : ( 52511     0 )
						point # 5/16 : (   521     0 )
						point # 6/16 : ( 52523     0 )
						point # 7/16 : ( 51521     0 )
						point # 8/16 : ( 5254131     0 )
						point # 9/16 : ( 5255131     0 )
						point #10/16 : ( 52531     0 )
						point #11/16 : ( 5413521     0 )
						point #12/16 : ( 5513521     0 )
						point #13/16 : ( 53521     0 )
						point #14/16 : ( 5252423     0 )
						point #15/16 : ( 52421     0 )
						point #16/16 : ( 42521     0 )

					} 


				} end of ext poll pts sorting


				extended poll point eval {

					extended poll point = (   522     0 )

					list of points evaluation (extended poll) {

						evaluation 1/1 {

							point #366 ( 522  0 )
							mesh index : -2

							cache hit: #366 --> #184
							extended poll unsuccessful point #184 [ h=0 f=5.660361767 ]
						} 

					} end of evaluations


				} 


				extended poll center: (   522     0 )

				perform extended poll descent ...... yes

				extended poll descent {

					       iteration = 10
					 blackbox eval.  = 96
					      mesh index = -2
					ext. poll center = (   522     0 ) f=5.660361767 h=0


					MADS run {

						96+BBE	OBJ	(ext-poll)

						96+0	5.6603617668	(ext-poll)

					} end of run (max mesh index)

					blackbox evaluations    : 0
					best feasible solution  : ( 522 0 ) h=0 f=5.660361767

				} end of extended poll descent (unsuccessful)


				extended poll point eval {

					extended poll point = ( 52522     0 )

					list of points evaluation (extended poll) {

						evaluation 1/1 {

							point #367 ( 52522  0 )
							mesh index : -2

							cache hit: #367 --> #190
							extended poll unsuccessful point #190 [ h=0 f=5.972643852 ]
						} 

					} end of evaluations


				} 


				extended poll center: ( 52522     0 )

				perform extended poll descent ...... yes

				extended poll descent {

					       iteration = 10
					 blackbox eval.  = 96
					      mesh index = -2
					ext. poll center = ( 52522     0 ) f=5.972643852 h=0


					MADS run {

						96+BBE	OBJ	(ext-poll)

						96+0	5.9726438522	(ext-poll)

					} end of run (max mesh index)

					blackbox evaluations    : 0
					best feasible solution  : ( 52522 0 ) h=0 f=5.972643852

				} end of extended poll descent (unsuccessful)


				extended poll point eval {

					extended poll point = ( 5252523     0 )

					list of points evaluation (extended poll) {

						evaluation 1/1 {

							point #368 ( 5252523  0 )
							mesh index : -2

							cache hit: #368 --> #193
							extended poll unsuccessful point #193 [ h=0 f=6.085905075 ]
						} 

					} end of evaluations


				} 


				extended poll center: ( 5252523     0 )

				perform extended poll descent ...... yes

				extended poll descent {

					       iteration = 10
					 blackbox eval.  = 96
					      mesh index = -2
					ext. poll center = ( 5252523     0 ) f=6.085905075 h=0


					MADS run {

						96+BBE	OBJ	(ext-poll)

						96+0	6.0859050751	(ext-poll)

					} end of run (max mesh index)

					blackbox evaluations    : 0
					best feasible solution  : ( 5252523 0 ) h=0 f=6.085905075

				} end of extended poll descent (unsuccessful)


				extended poll point eval {

					extended poll point = ( 52511     0 )

					list of points evaluation (extended poll) {

						evaluation 1/1 {

							point #369 ( 52511  0 )
							mesh index : -2

							cache hit: #369 --> #186
							extended poll unsuccessful point #186 [ h=0 f=6.500622034 ]
						} 

					} end of evaluations


				} 


				extended poll center: ( 52511     0 )

				perform extended poll descent ...... no

				extended poll point eval {

					extended poll point = (   521     0 )

					list of points evaluation (extended poll) {

						evaluation 1/1 {

							point #370 ( 521  0 )
							mesh index : -2

							cache hit: #370 --> #185
							extended poll unsuccessful point #185 [ h=0 f=7.169648409 ]
						} 

					} end of evaluations


				} 


				extended poll center: (   521     0 )

				perform extended poll descent ...... no

				extended poll point eval {

					extended poll point = ( 52523     0 )

					list of points evaluation (extended poll) {

						evaluation 1/1 {

							point #371 ( 52523  0 )
							mesh index : -2

							cache hit: #371 --> #191
							extended poll unsuccessful point #191 [ h=0 f=7.531285763 ]
						} 

					} end of evaluations


				} 


				extended poll center: ( 52523     0 )

				perform extended poll descent ...... no

				extended poll point eval {

					extended poll point = ( 51521     0 )

					list of points evaluation (extended poll) {

						evaluation 1/1 {

							point #372 ( 51521  0 )
							mesh index : -2

							cache hit: #372 --> #179
							extended poll unsuccessful point #179 [ h=0 f=7.70050168 ]
						} 

					} end of evaluations


				} 


				extended poll center: ( 51521     0 )

				perform extended poll descent ...... no

				extended poll point eval {

					extended poll point = ( 5254131     0 )

					list of points evaluation (extended poll) {

						evaluation 1/1 {

							point #373 ( 5254131  0 )
							mesh index : -2

							cache hit: #373 --> #188
							extended poll unsuccessful point #188 [ h=0 f=7.835046053 ]
						} 

					} end of evaluations


				} 


				extended poll center: ( 5254131     0 )

				perform extended poll descent ...... no

				extended poll point eval {

					extended poll point = ( 5255131     0 )

					list of points evaluation (extended poll) {

						evaluation 1/1 {

							point #374 ( 5255131  0 )
							mesh index : -2

							cache hit: #374 --> #189
							extended poll unsuccessful point #189 [ h=0 f=8.152340174 ]
						} 

					} end of evaluations


				} 


				extended poll center: ( 5255131     0 )

				perform extended poll descent ...... no

				extended poll point eval {

					extended poll point = ( 52531     0 )

					list of points evaluation (extended poll) {

						evaluation 1/1 {

							point #375 ( 52531  0 )
							mesh index : -2

							cache hit: #375 --> #187
							extended poll unsuccessful point #187 [ h=0 f=8.312312126 ]
						} 

					} end of evaluations


				} 


				extended poll center: ( 52531     0 )

				perform extended poll descent ...... no

				extended poll point eval {

					extended poll point = ( 5413521     0 )

					list of points evaluation (extended poll) {

						evaluation 1/1 {

							point #376 ( 5413521  0 )
							mesh index : -2

							cache hit: #376 --> #181
							extended poll unsuccessful point #181 [ h=0 f=8.819841623 ]
						} 

					} end of evaluations


				} 


				extended poll center: ( 5413521     0 )

				perform extended poll descent ...... no

				extended poll point eval {

					extended poll point = ( 5513521     0 )

					list of points evaluation (extended poll) {

						evaluation 1/1 {

							point #377 ( 5513521  0 )
							mesh index : -2

							cache hit: #377 --> #182
							extended poll unsuccessful point #182 [ h=0 f=9.275364637 ]
						} 

					} end of evaluations


				} 


				extended poll center: ( 5513521     0 )

				perform extended poll descent ...... no

				extended poll point eval {

					extended poll point = ( 53521     0 )

					list of points evaluation (extended poll) {

						evaluation 1/1 {

							point #378 ( 53521  0 )
							mesh index : -2

							cache hit: #378 --> #180
							extended poll unsuccessful point #180 [ h=0 f=10.13636756 ]
						} 

					} end of evaluations


				} 


				extended poll center: ( 53521     0 )

				perform extended poll descent ...... no

				extended poll point eval {

					extended poll point = ( 5252423     0 )

					list of points evaluation (extended poll) {

						evaluation 1/1 {

							point #379 ( 5252423  0 )
							mesh index : -2

							cache hit: #379 --> #192
							extended poll unsuccessful point #192 [ h=0 f=11.81697512 ]
						} 

					} end of evaluations


				} 


				extended poll center: ( 5252423     0 )

				perform extended poll descent ...... no

				extended poll point eval {

					extended poll point = ( 52421     0 )

					list of points evaluation (extended poll) {

						evaluation 1/1 {

							point #380 ( 52421  0 )
							mesh index : -2

							cache hit: #380 --> #183
							extended poll unsuccessful point #183 [ h=0 f=18.15964866 ]
						} 

					} end of evaluations


				} 


				extended poll center: ( 52421     0 )

				perform extended poll descent ...... no

				extended poll point eval {

					extended poll point = ( 42521     0 )

					list of points evaluation (extended poll) {

						evaluation 1/1 {

							point #381 ( 42521  0 )
							mesh index : -2

							cache hit: #381 --> #178
							extended poll unsuccessful point #178 [ h=0 f=32.62906623 ]
						} 

					} end of evaluations


				} 


				extended poll center: ( 42521     0 )

				perform extended poll descent ...... no

			} end of extended poll

		} end of poll

		Mesh update {
			previous mesh index: -2
			new mesh index     : -1
		} 


		terminate MADS       : no
		iteration status     : unsuccessful
		new feas. incumbent  : none
		new infeas. incumbent: none

	} end of iteration 10

	MADS iteration 11 {

		blackbox evaluations : 96
		best feas. solution  : ( 52521  0 ) h=0 f=5.63657403
		best infeas. solution: none
		poll center          : ( 52521  0 )
		mesh size            : (  1  1 )
		poll size            : (  2  2 )
		mesh index           : -1
		h_max                : inf

		MADS search {
		} end of search

		MADS poll {

			poll center: ( 52521  0 )

			poll directions (include mesh size parameter) {
				dir 0 : (  0 -1 ) Ortho-MADS 2n
				dir 1 : (  0  1 ) Ortho-MADS 2n
			} 

			re-ordered list of 2 poll trial points {
				#391 : ( 52521 -1 ) (dir 0)
				#392 : ( 52521  1 ) (dir 1)
			} 

			list of points evaluation (poll) {

				evaluation 1/2 {

					point #391 ( 52521 -1 )
					direction  : (  0 -1 ) Ortho-MADS 2n
					mesh index : -1

					poll unsuccessful point #391: evaluation failed
				} 

				evaluation 2/2 {

					point #392 ( 52521  1 )
					direction  : (  0  1 ) Ortho-MADS 2n
					mesh index : -1

					poll unsuccessful point #392: evaluation failed
				} 

			} end of evaluations


			MADS extended poll {


				extended poll pts sorting {


					list of points evaluation (extended poll) {

						evaluation 1/16 {

							point #393 ( 42521  0 )
							mesh index : -1

							cache hit: #393 --> #178
							extended poll unsuccessful point #178 [ h=0 f=32.62906623 ]
						} 

						evaluation 2/16 {

							point #394 ( 51521  0 )
							mesh index : -1

							cache hit: #394 --> #179
							extended poll unsuccessful point #179 [ h=0 f=7.70050168 ]
						} 

						evaluation 3/16 {

							point #395 ( 53521  0 )
							mesh index : -1

							cache hit: #395 --> #180
							extended poll unsuccessful point #180 [ h=0 f=10.13636756 ]
						} 

						evaluation 4/16 {

							point #396 ( 5413521  0 )
							mesh index : -1

							cache hit: #396 --> #181
							extended poll unsuccessful point #181 [ h=0 f=8.819841623 ]
						} 

						evaluation 5/16 {

							point #397 ( 5513521  0 )
							mesh index : -1

							cache hit: #397 --> #182
							extended poll unsuccessful point #182 [ h=0 f=9.275364637 ]
						} 

						evaluation 6/16 {

							point #398 ( 52421  0 )
							mesh index : -1

							cache hit: #398 --> #183
							extended poll unsuccessful point #183 [ h=0 f=18.15964866 ]
						} 

						evaluation 7/16 {

							point #399 ( 522  0 )
							mesh index : -1

							cache hit: #399 --> #184
							extended poll unsuccessful point #184 [ h=0 f=5.660361767 ]
						} 

						evaluation 8/16 {

							point #400 ( 521  0 )
							mesh index : -1

							cache hit: #400 --> #185
							extended poll unsuccessful point #185 [ h=0 f=7.169648409 ]
						} 

						evaluation 9/16 {

							point #401 ( 52511  0 )
							mesh index : -1

							cache hit: #401 --> #186
							extended poll unsuccessful point #186 [ h=0 f=6.500622034 ]
						} 

						evaluation 10/16 {

							point #402 ( 52531  0 )
							mesh index : -1

							cache hit: #402 --> #187
							extended poll unsuccessful point #187 [ h=0 f=8.312312126 ]
						} 

						evaluation 11/16 {

							point #403 ( 5254131  0 )
							mesh index : -1

							cache hit: #403 --> #188
							extended poll unsuccessful point #188 [ h=0 f=7.835046053 ]
						} 

						evaluation 12/16 {

							point #404 ( 5255131  0 )
							mesh index : -1

							cache hit: #404 --> #189
							extended poll unsuccessful point #189 [ h=0 f=8.152340174 ]
						} 

						evaluation 13/16 {

							point #405 ( 52522  0 )
							mesh index : -1

							cache hit: #405 --> #190
							extended poll unsuccessful point #190 [ h=0 f=5.972643852 ]
						} 

						evaluation 14/16 {

							point #406 ( 52523  0 )
							mesh index : -1

							cache hit: #406 --> #191
							extended poll unsuccessful point #191 [ h=0 f=7.531285763 ]
						} 

						evaluation 15/16 {

							point #407 ( 5252423  0 )
							mesh index : -1

							cache hit: #407 --> #192
							extended poll unsuccessful point #192 [ h=0 f=11.81697512 ]
						} 

						evaluation 16/16 {

							point #408 ( 5252523  0 )
							mesh index : -1

							cache hit: #408 --> #193
							extended poll unsuccessful point #193 [ h=0 f=6.085905075 ]
						} 

					} end of evaluations


					sorted ext poll pts {

						point # 1/16 : (   522     0 )
						point # 2/16 : ( 52522     0 )
						point # 3/16 : ( 5252523     0 )
						point # 4/16 : ( 52511     0 )
						point # 5/16 : (   521     0 )
						point # 6/16 : ( 52523     0 )
						point # 7/16 : ( 51521     0 )
						point # 8/16 : ( 5254131     0 )
						point # 9/16 : ( 5255131     0 )
						point #10/16 : ( 52531     0 )
						point #11/16 : ( 5413521     0 )
						point #12/16 : ( 5513521     0 )
						point #13/16 : ( 53521     0 )
						point #14/16 : ( 5252423     0 )
						point #15/16 : ( 52421     0 )
						point #16/16 : ( 42521     0 )

					} 


				} end of ext poll pts sorting


				extended poll point eval {

					extended poll point = (   522     0 )

					list of points evaluation (extended poll) {

						evaluation 1/1 {

							point #409 ( 522  0 )
							mesh index : -1

							cache hit: #409 --> #184
							extended poll unsuccessful point #184 [ h=0 f=5.660361767 ]
						} 

					} end of evaluations


				} 


				extended poll center: (   522     0 )

				perform extended poll descent ...... yes

				extended poll descent {

					       iteration = 11
					 blackbox eval.  = 98
					      mesh index = -1
					ext. poll center = (   522     0 ) f=5.660361767 h=0


					MADS run {

						98+BBE	OBJ	(ext-poll)

						98+0	5.6603617668	(ext-poll)
						98+2	5.6603617668	(ext-poll)

					} end of run (max number of blackbox evaluations)

					blackbox evaluations    : 2
					best feasible solution  : ( 522 0 ) h=0 f=5.660361767

				} end of extended poll descent (unsuccessful)


			} end of extended poll

		} end of poll

		terminate MADS       : yes
		termination cause    : max number of blackbox evaluations
		iteration status     : unsuccessful
		new feas. incumbent  : none
		new infeas. incumbent: none

	} end of iteration 11

} end of run (max number of blackbox evaluations)

NOMAD final display {

	cache {
		number of cache points: 100
		size in memory        : 12.7 KB
		cache file            : -
	} 

	stats {
		MADS iterations                 : 12
		blackbox evaluations            : 100
		simulated blackbox evaluations  : 0
		evaluations                     : 291
		failed evaluations              : 49
		interrupted sequences of eval.  : 6
		cache hits                      : 191
		number of poll searches         : 12
		poll successes                  : 6
		poll points                     : 24
		number of extended polls        : 12
		number of ext. poll descents    : 16
		number of ext. poll successes   : 6
		number of ext. poll points      : 388
		number of ext. poll bb eval     : 77
		number of speculative searches  : 6
		speculative search successes    : 0
		speculative search points       : 0
		number of user searches         : 0
		number of LH searches           : 0
		number of cache searches        : 0
		number of VNS searches          : 0
		no model has been constructed
		wall-clock time                 : 21m 53s
	} 

	miscellaneous {
		mesh index      : min=-6, max=0, last=-1
		best feas. sol  : ( 52521 0 ) h=0 f=5.63657403
		best infeas. sol: none
	} 
} 
