
NOMAD - version 3.5.1 - www.gerad.ca/nomad

Copyright (C) 2001-2012 {
	Mark A. Abramson     - The Boeing Company
	Charles Audet        - Ecole Polytechnique de Montreal
	Gilles Couture       - Ecole Polytechnique de Montreal
	John E. Dennis, Jr.  - Rice University
	Sebastien Le Digabel - Ecole Polytechnique de Montreal
	Christophe Tribes    - Ecole Polytechnique de Montreal
} 

Funded in part by AFOSR and Exxon Mobil.

License   : '$NOMAD_HOME/src/lgpl.txt'
User guide: '$NOMAD_HOME/doc/user_guide.pdf'
Examples  : '$NOMAD_HOME/examples'
Tools     : '$NOMAD_HOME/tools'

Please report bugs to nomad@gerad.ca

parameters {

	problem directory    : ./
	dimension            : n=2
	blackbox input types : (   cat(C)   int(I) )
	extended poll trigger: 0.10000000000000000555 (relative)
	neighbors executable : $python neighbors.py
	variable groups {
		group #0 {
			indexes: { 0 }
			no directions (categorical variables)
		} 
		group #1 {
			indexes: { 1 }
			directions {
				n             : 1
				types         : { [Ortho-MADS 2n] }
				sec poll types: { }
				halton_seed   : 3
			} 
		} 
	} 
	blackbox outputs (m=1) {
		#0          OBJ	$python blackbox.py	$python surrogate.py
	} 
	signature                       : standard
	has surrogate                   : yes
	sort trial points with surrogate: yes
	surrogate cost                  : none
	add seed to output file names   : yes
	solution file                   : nomad-solution.31069.txt
	history file                    : none
	stats file                      : none
	cache file                      : none
	x0                              : ( 275378    0 )
	directions         : Ortho-MADS 2n
	user halton seed   : 3
	mesh {
		update basis       :   4
		coarsening exponent:   1
		refining exponent  :  -1
		initial mesh index :   0
		max mesh index     :   2
		initial mesh size  : (    1    1 )
		min poll size      : (  NaN    1 )
	} 
	snap to bounds                   : yes
	opportunistic evaluations        : yes
	use models                       : no
	speculative search               : yes
	VNS search                       : no
	Latin-Hypercube (LH) search      : no
	cache search                     : no
	random seed / run id             : 31069
	epsilon                          : 1.0000000000000000304e-13
	undefined string                 : NaN
	infinity string                  : inf
	display degrees {
		general  : full (3)
		search   : full (3)
		poll     : full (3)
		iterative: full (3)
	} 
	display stats                : EVAL BBE [ SOL, ] BBO TIME
	display all evaluations      : no
	point display limit          : no limit
	max number of blackbox eval. : 100
	max cache memory             : 2000 MB
} 

MADS run {

	starting point evaluation {

		x0 eval point: ( 275378  0 )

		list of points evaluation (x0 evaluation) {

			evaluation 1/1 {

				point #0 ( 275378  0 )


				x0 evaluation dominating point #0 {
					x    = ( 275378  0 )
					F(x) = [ 8.5210800170900004172e-05 ]
					h    = 0
					f    = 8.5210800170900004172e-05
				} 
			} 

		} end of evaluations


		terminate MADS       : no
		iteration status     : dominating
		new feas. incumbent  : #0 {
			x    = ( 275378  0 )
			F(x) = [ 8.5210800170900004172e-05 ]
			h    = 0
			f    = 8.5210800170900004172e-05
		} 
		new infeas. incumbent: none

	} end of starting point evaluation

	MADS iteration 0 {

		blackbox evaluations : 1
		best feas. solution  : ( 275378  0 ) h=0 f=8.5210800170900004172e-05
		best infeas. solution: none
		poll center          : ( 275378  0 )
		mesh size            : (  1  1 )
		poll size            : (  1  1 )
		mesh index           : 0
		h_max                : inf

		MADS search {
		} end of search

		MADS poll {

			poll center: ( 275378  0 )

			poll directions (include mesh size parameter) {
				dir 0 : (  0 -1 ) Ortho-MADS 2n
				dir 1 : (  0  1 ) Ortho-MADS 2n
			} 

			re-ordered list of 2 poll trial points {
				#1 : ( 275378 -1 ) (dir 0)
				#2 : ( 275378  1 ) (dir 1)
			} 

			list of points evaluation (poll) {

				surrogate evaluation 1/2 {

					point #1 ( 275378 -1 )
					direction  : (  0 -1 ) Ortho-MADS 2n
					mesh index : 0


					point #1 sgte eval: failed
				} 

				surrogate evaluation 2/2 {

					point #2 ( 275378  1 )
					direction  : (  0  1 ) Ortho-MADS 2n
					mesh index : 0


					point #2 sgte eval: failed
				} 

			} end of evaluations

			re-ordered list of 2 poll trial points {

				#3: ( 275378 -1 ) (dir 0)
				#4: ( 275378  1 ) (dir 1)
			} 

			list of points evaluation (poll) {

				evaluation 1/2 {

					point #3 ( 275378 -1 )
					direction  : (  0 -1 ) Ortho-MADS 2n
					mesh index : 0

					poll unsuccessful point #3: evaluation failed
				} 

				evaluation 2/2 {

					point #4 ( 275378  1 )
					direction  : (  0  1 ) Ortho-MADS 2n
					mesh index : 0

					poll unsuccessful point #4: evaluation failed
				} 

			} end of evaluations


			MADS extended poll {


				extended poll pts sorting (on surrogates) {


					list of points evaluation (extended poll) {

						surrogate evaluation 1/23 {

							point #5 ( 228722  0 )
							mesh index : 0


							point #5 sgte eval: h=0 f=0.00089118480682400002309
						} 

						surrogate evaluation 2/23 {

							point #6 ( 267602  0 )
							mesh index : 0


							point #6 sgte eval: h=0 f=0.00084478855133100002207
						} 

						surrogate evaluation 3/23 {

							point #7 ( 7106  0 )
							mesh index : 0


							point #7 sgte eval: h=0 f=0.00082828998565699998597
						} 

						surrogate evaluation 4/23 {

							point #8 ( 7106  0 )
							mesh index : 0

							surrogate cache hit: #8 --> #7

							point #7 sgte eval: h=0 f=0.00082828998565699998597
						} 

						surrogate evaluation 5/23 {

							point #9 ( 274082  0 )
							mesh index : 0


							point #9 sgte eval: h=0 f=0.00093591213226300003832
						} 

						surrogate evaluation 6/23 {

							point #10 ( 276674  0 )
							mesh index : 0


							point #10 sgte eval: h=0 f=0.001026201248169999981
						} 

						surrogate evaluation 7/23 {

							point #11 ( 9996674  0 )
							mesh index : 0


							point #11 sgte eval: h=0 f=0.001021909713749999957
						} 

						surrogate evaluation 8/23 {

							point #12 ( 10043330  0 )
							mesh index : 0


							point #12 sgte eval: h=0 f=0.00099668502807600005064
						} 

						surrogate evaluation 9/23 {

							point #13 ( 275162  0 )
							mesh index : 0


							point #13 sgte eval: h=0 f=0.00082690715789800000278
						} 

						surrogate evaluation 10/23 {

							point #14 ( 275594  0 )
							mesh index : 0


							point #14 sgte eval: h=0 f=0.0010176897048999999223
						} 

						surrogate evaluation 11/23 {

							point #15 ( 9924314  0 )
							mesh index : 0


							point #15 sgte eval: h=0 f=0.00084800720214799995937
						} 

						surrogate evaluation 12/23 {

							point #16 ( 9932090  0 )
							mesh index : 0


							point #16 sgte eval: h=0 f=0.00086262226104700005184
						} 

						surrogate evaluation 13/23 {

							point #17 ( 275342  0 )
							mesh index : 0


							point #17 sgte eval: h=0 f=0.00087010860443100001334
						} 

						surrogate evaluation 14/23 {

							point #18 ( 7646  0 )
							mesh index : 0


							point #18 sgte eval: h=0 f=0.00087618827819799997673
						} 

						surrogate evaluation 15/23 {

							point #19 ( 7646  0 )
							mesh index : 0

							surrogate cache hit: #19 --> #18

							point #18 sgte eval: h=0 f=0.00087618827819799997673
						} 

						surrogate evaluation 16/23 {

							point #20 ( 275372  0 )
							mesh index : 0


							point #20 sgte eval: h=0 f=0.0012460947036699999806
						} 

						surrogate evaluation 17/23 {

							point #21 ( 275384  0 )
							mesh index : 0


							point #21 sgte eval: h=0 f=0.00093259811401400004131
						} 

						surrogate evaluation 18/23 {

							point #22 ( 9914024  0 )
							mesh index : 0


							point #22 sgte eval: h=0 f=0.0011568069457999999739
						} 

						surrogate evaluation 19/23 {

							point #23 ( 9914240  0 )
							mesh index : 0


							point #23 sgte eval: h=0 f=0.0013134002685500001037
						} 

						surrogate evaluation 20/23 {

							point #24 ( 275377  0 )
							mesh index : 0


							point #24 sgte eval: h=0 f=0.0010062932968100000899
						} 

						surrogate evaluation 21/23 {

							point #25 ( 275379  0 )
							mesh index : 0


							point #25 sgte eval: h=0 f=0.0011412143707300000713
						} 

						surrogate evaluation 22/23 {

							point #26 ( 9913689  0 )
							mesh index : 0


							point #26 sgte eval: h=0 f=0.0010518789291399999793
						} 

						surrogate evaluation 23/23 {

							point #27 ( 9913725  0 )
							mesh index : 0


							point #27 sgte eval: h=0 f=0.00091209411621100003678
						} 

					} end of evaluations


					sorted ext poll pts {

						point # 1/21 : ( 275162     0 )
						point # 2/21 : (  7106     0 )
						point # 3/21 : ( 267602     0 )
						point # 4/21 : ( 9924314     0 )
						point # 5/21 : ( 9932090     0 )
						point # 6/21 : ( 275342     0 )
						point # 7/21 : (  7646     0 )
						point # 8/21 : ( 228722     0 )
						point # 9/21 : ( 9913725     0 )
						point #10/21 : ( 275384     0 )
						point #11/21 : ( 274082     0 )
						point #12/21 : ( 10043330     0 )
						point #13/21 : ( 275377     0 )
						point #14/21 : ( 275594     0 )
						point #15/21 : ( 9996674     0 )
						point #16/21 : ( 276674     0 )
						point #17/21 : ( 9913689     0 )
						point #18/21 : ( 275379     0 )
						point #19/21 : ( 9914024     0 )
						point #20/21 : ( 275372     0 )
						point #21/21 : ( 9914240     0 )

					} 


				} end of ext poll pts sorting (on surrogates)


				extended poll point eval {

					extended poll point = ( 275162     0 )

					list of points evaluation (extended poll) {

						evaluation 1/1 {

							point #28 ( 275162  0 )
							mesh index : 0


							extended poll dominating point #28 {
								x    = ( 275162  0 )
								F(x) = [ 8.332967758179999566e-05 ]
								h    = 0
								f    = 8.332967758179999566e-05
							} 
						} 

					} end of evaluations


				} 


			} end of extended poll

		} end of poll

		Mesh update {
			previous mesh index: 0
			new mesh index     : -1
		} 


		terminate MADS       : no
		iteration status     : dominating
		new feas. incumbent  : #28 {
			x    = ( 275162  0 )
			F(x) = [ 8.332967758179999566e-05 ]
			h    = 0
			f    = 8.332967758179999566e-05
		} 
		new infeas. incumbent: none

	} end of iteration 0

	MADS iteration 1 {

		blackbox evaluations : 4
		best feas. solution  : ( 275162  0 ) h=0 f=8.332967758179999566e-05
		best infeas. solution: none
		poll center          : ( 275162  0 )
		mesh size            : (  1  1 )
		poll size            : (  2  2 )
		mesh index           : -1
		h_max                : inf

		MADS search {

			speculative search {

			} end of speculative search (unsuccessful)

		} end of search

		MADS poll {

			poll center: ( 275162  0 )

			poll directions (include mesh size parameter) {
				dir 0 : (  0 -1 ) Ortho-MADS 2n
				dir 1 : (  0  1 ) Ortho-MADS 2n
			} 

			re-ordered list of 2 poll trial points {
				#49 : ( 275162 -1 ) (dir 0)
				#50 : ( 275162  1 ) (dir 1)
			} 

			list of points evaluation (poll) {

				surrogate evaluation 1/2 {

					point #49 ( 275162 -1 )
					direction  : (  0 -1 ) Ortho-MADS 2n
					mesh index : -1


					point #49 sgte eval: failed
				} 

				surrogate evaluation 2/2 {

					point #50 ( 275162  1 )
					direction  : (  0  1 ) Ortho-MADS 2n
					mesh index : -1


					point #50 sgte eval: failed
				} 

			} end of evaluations

			re-ordered list of 2 poll trial points {

				#51: ( 275162 -1 ) (dir 0)
				#52: ( 275162  1 ) (dir 1)
			} 

			list of points evaluation (poll) {

				evaluation 1/2 {

					point #51 ( 275162 -1 )
					direction  : (  0 -1 ) Ortho-MADS 2n
					mesh index : -1

					poll unsuccessful point #51: evaluation failed
				} 

				evaluation 2/2 {

					point #52 ( 275162  1 )
					direction  : (  0  1 ) Ortho-MADS 2n
					mesh index : -1

					poll unsuccessful point #52: evaluation failed
				} 

			} end of evaluations


			MADS extended poll {


				extended poll pts sorting (on surrogates) {


					list of points evaluation (extended poll) {

						surrogate evaluation 1/23 {

							point #53 ( 228506  0 )
							mesh index : -1


							point #53 sgte eval: h=0 f=0.0015549898147600000296
						} 

						surrogate evaluation 2/23 {

							point #54 ( 267386  0 )
							mesh index : -1


							point #54 sgte eval: h=0 f=0.0010585069656399998927
						} 

						surrogate evaluation 3/23 {

							point #55 ( 7106  0 )
							mesh index : -1

							surrogate cache hit: #55 --> #7

							point #7 sgte eval: h=0 f=0.00082828998565699998597
						} 

						surrogate evaluation 4/23 {

							point #56 ( 6890  0 )
							mesh index : -1


							point #56 sgte eval: h=0 f=0.0010187864303600000643
						} 

						surrogate evaluation 5/23 {

							point #57 ( 273866  0 )
							mesh index : -1


							point #57 sgte eval: h=0 f=0.0013233900070200000591
						} 

						surrogate evaluation 6/23 {

							point #58 ( 276458  0 )
							mesh index : -1


							point #58 sgte eval: h=0 f=0.0013316869735699999027
						} 

						surrogate evaluation 7/23 {

							point #59 ( 9996458  0 )
							mesh index : -1


							point #59 sgte eval: h=0 f=0.001138114929199999896
						} 

						surrogate evaluation 8/23 {

							point #60 ( 10043114  0 )
							mesh index : -1


							point #60 sgte eval: h=0 f=0.0017140865325899999616
						} 

						surrogate evaluation 9/23 {

							point #61 ( 275378  0 )
							mesh index : -1


							point #61 sgte eval: h=0 f=0.00097119808196999995488
						} 

						surrogate evaluation 10/23 {

							point #62 ( 275594  0 )
							mesh index : -1

							surrogate cache hit: #62 --> #14

							point #14 sgte eval: h=0 f=0.0010176897048999999223
						} 

						surrogate evaluation 11/23 {

							point #63 ( 9925610  0 )
							mesh index : -1


							point #63 sgte eval: h=0 f=0.00086071491241500005295
						} 

						surrogate evaluation 12/23 {

							point #64 ( 9933386  0 )
							mesh index : -1


							point #64 sgte eval: h=0 f=0.00085551738739000004422
						} 

						surrogate evaluation 13/23 {

							point #65 ( 275126  0 )
							mesh index : -1


							point #65 sgte eval: h=0 f=0.0008591175079350000035
						} 

						surrogate evaluation 14/23 {

							point #66 ( 7640  0 )
							mesh index : -1


							point #66 sgte eval: h=0 f=0.0010026931762699999289
						} 

						surrogate evaluation 15/23 {

							point #67 ( 7640  0 )
							mesh index : -1

							surrogate cache hit: #67 --> #66

							point #66 sgte eval: h=0 f=0.0010026931762699999289
						} 

						surrogate evaluation 16/23 {

							point #68 ( 275156  0 )
							mesh index : -1


							point #68 sgte eval: h=0 f=0.00090079307556200000941
						} 

						surrogate evaluation 17/23 {

							point #69 ( 275168  0 )
							mesh index : -1


							point #69 sgte eval: h=0 f=0.0015618085861200000069
						} 

						surrogate evaluation 18/23 {

							point #70 ( 9906248  0 )
							mesh index : -1


							point #70 sgte eval: h=0 f=0.00090928077697800000021
						} 

						surrogate evaluation 19/23 {

							point #71 ( 9906464  0 )
							mesh index : -1


							point #71 sgte eval: h=0 f=0.0013067007064799999842
						} 

						surrogate evaluation 20/23 {

							point #72 ( 275161  0 )
							mesh index : -1


							point #72 sgte eval: h=0 f=0.0013468027114899999708
						} 

						surrogate evaluation 21/23 {

							point #73 ( 275163  0 )
							mesh index : -1


							point #73 sgte eval: h=0 f=0.00089900493621799994898
						} 

						surrogate evaluation 22/23 {

							point #74 ( 9905913  0 )
							mesh index : -1


							point #74 sgte eval: h=0 f=0.0013356924056999999392
						} 

						surrogate evaluation 23/23 {

							point #75 ( 9905949  0 )
							mesh index : -1


							point #75 sgte eval: h=0 f=0.00091590881347699995389
						} 

					} end of evaluations


					sorted ext poll pts {

						point # 1/22 : (  7106     0 )
						point # 2/22 : ( 9933386     0 )
						point # 3/22 : ( 275126     0 )
						point # 4/22 : ( 9925610     0 )
						point # 5/22 : ( 275163     0 )
						point # 6/22 : ( 275156     0 )
						point # 7/22 : ( 9906248     0 )
						point # 8/22 : ( 9905949     0 )
						point # 9/22 : ( 275378     0 )
						point #10/22 : (  7640     0 )
						point #11/22 : ( 275594     0 )
						point #12/22 : (  6890     0 )
						point #13/22 : ( 267386     0 )
						point #14/22 : ( 9996458     0 )
						point #15/22 : ( 9906464     0 )
						point #16/22 : ( 273866     0 )
						point #17/22 : ( 276458     0 )
						point #18/22 : ( 9905913     0 )
						point #19/22 : ( 275161     0 )
						point #20/22 : ( 228506     0 )
						point #21/22 : ( 275168     0 )
						point #22/22 : ( 10043114     0 )

					} 


				} end of ext poll pts sorting (on surrogates)


				extended poll point eval {

					extended poll point = (  7106     0 )

					list of points evaluation (extended poll) {

						evaluation 1/1 {

							point #76 ( 7106  0 )
							mesh index : -1


							extended poll dominating point #76 {
								x    = ( 7106  0 )
								F(x) = [ 7.9698562622099999582e-05 ]
								h    = 0
								f    = 7.9698562622099999582e-05
							} 
						} 

					} end of evaluations


				} 


			} end of extended poll

		} end of poll

		Mesh update {
			previous mesh index: -1
			new mesh index     : -2
		} 


		terminate MADS       : no
		iteration status     : dominating
		new feas. incumbent  : #76 {
			x    = ( 7106  0 )
			F(x) = [ 7.9698562622099999582e-05 ]
			h    = 0
			f    = 7.9698562622099999582e-05
		} 
		new infeas. incumbent: none

	} end of iteration 1

	MADS iteration 2 {

		blackbox evaluations : 7
		best feas. solution  : ( 7106  0 ) h=0 f=7.9698562622099999582e-05
		best infeas. solution: none
		poll center          : ( 7106  0 )
		mesh size            : (  1  1 )
		poll size            : (  4  4 )
		mesh index           : -2
		h_max                : inf

		MADS search {

			speculative search {

			} end of speculative search (unsuccessful)

		} end of search

		MADS poll {

			poll center: ( 7106  0 )

			poll directions (include mesh size parameter) {
				dir 0 : (  0 -4 ) Ortho-MADS 2n
				dir 1 : (  0  4 ) Ortho-MADS 2n
			} 

			re-ordered list of 2 poll trial points {
				# 98 : ( 7106 -4 ) (dir 0)
				# 99 : ( 7106  4 ) (dir 1)
			} 

			list of points evaluation (poll) {

				surrogate evaluation 1/2 {

					point #98 ( 7106 -4 )
					direction  : (  0 -4 ) Ortho-MADS 2n
					mesh index : -2


					point #98 sgte eval: failed
				} 

				surrogate evaluation 2/2 {

					point #99 ( 7106  4 )
					direction  : (  0  4 ) Ortho-MADS 2n
					mesh index : -2


					point #99 sgte eval: failed
				} 

			} end of evaluations

			re-ordered list of 2 poll trial points {

				#100: ( 7106 -4 ) (dir 0)
				#101: ( 7106  4 ) (dir 1)
			} 

			list of points evaluation (poll) {

				evaluation 1/2 {

					point #100 ( 7106 -4 )
					direction  : (  0 -4 ) Ortho-MADS 2n
					mesh index : -2

					poll unsuccessful point #100: evaluation failed
				} 

				evaluation 2/2 {

					point #101 ( 7106  4 )
					direction  : (  0  4 ) Ortho-MADS 2n
					mesh index : -2

					poll unsuccessful point #101: evaluation failed
				} 

			} end of evaluations


			MADS extended poll {


				extended poll pts sorting (on surrogates) {


					list of points evaluation (extended poll) {

						surrogate evaluation 1/16 {

							point #102 ( 5810  0 )
							mesh index : -2


							point #102 sgte eval: h=0 f=0.0010151147842400001006
						} 

						surrogate evaluation 2/16 {

							point #103 ( 6890  0 )
							mesh index : -2

							surrogate cache hit: #103 --> #56

							point #56 sgte eval: h=0 f=0.0010187864303600000643
						} 

						surrogate evaluation 3/16 {

							point #104 ( 7322  0 )
							mesh index : -2


							point #104 sgte eval: h=0 f=0.0010566949844399999535
						} 

						surrogate evaluation 4/16 {

							point #105 ( 266522  0 )
							mesh index : -2


							point #105 sgte eval: h=0 f=0.001302385330200000026
						} 

						surrogate evaluation 5/16 {

							point #106 ( 274298  0 )
							mesh index : -2


							point #106 sgte eval: h=0 f=0.0013055086135899999188
						} 

						surrogate evaluation 6/16 {

							point #107 ( 7070  0 )
							mesh index : -2


							point #107 sgte eval: h=0 f=0.00086879730224599996651
						} 

						surrogate evaluation 7/16 {

							point #108 ( 194  0 )
							mesh index : -2


							point #108 sgte eval: h=0 f=0.00097148418426499995749
						} 

						surrogate evaluation 8/16 {

							point #109 ( 194  0 )
							mesh index : -2

							surrogate cache hit: #109 --> #108

							point #108 sgte eval: h=0 f=0.00097148418426499995749
						} 

						surrogate evaluation 9/16 {

							point #110 ( 7100  0 )
							mesh index : -2


							point #110 sgte eval: h=0 f=0.00097520351409900003174
						} 

						surrogate evaluation 10/16 {

							point #111 ( 7112  0 )
							mesh index : -2


							point #111 sgte eval: h=0 f=0.0011396884918199999027
						} 

						surrogate evaluation 11/16 {

							point #112 ( 256232  0 )
							mesh index : -2


							point #112 sgte eval: h=0 f=0.00085320472717299996809
						} 

						surrogate evaluation 12/16 {

							point #113 ( 256448  0 )
							mesh index : -2


							point #113 sgte eval: h=0 f=0.00165100097656000009
						} 

						surrogate evaluation 13/16 {

							point #114 ( 7105  0 )
							mesh index : -2


							point #114 sgte eval: h=0 f=0.00083110332489000002254
						} 

						surrogate evaluation 14/16 {

							point #115 ( 7107  0 )
							mesh index : -2


							point #115 sgte eval: h=0 f=0.0013097047805800000192
						} 

						surrogate evaluation 15/16 {

							point #116 ( 255897  0 )
							mesh index : -2


							point #116 sgte eval: h=0 f=0.00093259811401400004131
						} 

						surrogate evaluation 16/16 {

							point #117 ( 255933  0 )
							mesh index : -2


							point #117 sgte eval: h=0 f=0.0018097162246699998941
						} 

					} end of evaluations


					sorted ext poll pts {

						point # 1/15 : (  7105     0 )
						point # 2/15 : ( 256232     0 )
						point # 3/15 : (  7070     0 )
						point # 4/15 : ( 255897     0 )
						point # 5/15 : (   194     0 )
						point # 6/15 : (  7100     0 )
						point # 7/15 : (  5810     0 )
						point # 8/15 : (  6890     0 )
						point # 9/15 : (  7322     0 )
						point #10/15 : (  7112     0 )
						point #11/15 : ( 266522     0 )
						point #12/15 : ( 274298     0 )
						point #13/15 : (  7107     0 )
						point #14/15 : ( 256448     0 )
						point #15/15 : ( 255933     0 )

					} 


				} end of ext poll pts sorting (on surrogates)


				extended poll point eval {

					extended poll point = (  7105     0 )

					list of points evaluation (extended poll) {

						evaluation 1/1 {

							point #118 ( 7105  0 )
							mesh index : -2

							extended poll unsuccessful point #118 [ h=0 f=0.00011378049850500000014 ]
						} 

					} end of evaluations


				} 


				extended poll center: (  7105     0 )

				perform extended poll descent ...... no

				extended poll point eval {

					extended poll point = ( 256232     0 )

					list of points evaluation (extended poll) {

						evaluation 1/1 {

							point #119 ( 256232  0 )
							mesh index : -2

							extended poll unsuccessful point #119 [ h=0 f=8.970022201539999988e-05 ]
						} 

					} end of evaluations


				} 


				extended poll center: ( 256232     0 )

				perform extended poll descent ...... no

				extended poll point eval {

					extended poll point = (  7070     0 )

					list of points evaluation (extended poll) {

						evaluation 1/1 {

							point #120 ( 7070  0 )
							mesh index : -2

							extended poll unsuccessful point #120 [ h=0 f=8.5048675537100003156e-05 ]
						} 

					} end of evaluations


				} 


				extended poll center: (  7070     0 )

				perform extended poll descent ...... yes

				extended poll descent (on surrogates) {

					       iteration = 2
					 blackbox eval.  = 12
					      sgte eval. = 61
					      mesh index = -2
					ext. poll center = (  7070     0 ) f=8.5048675537100003156e-05 h=0


					MADS run {

						61+SGTE	OBJ	(ext-poll--surrogate)

						61+ 0	0.00086879730224599997	(ext-poll--surrogate)

					} end of run (max mesh index)

					blackbox evaluations    : 0
					best feasible solution  : ( 7070 0 ) h=0 f=0.00086879730224599996651

				} end of extended poll descent (unsuccessful)


				extended poll point eval {

					extended poll point = ( 255897     0 )

					list of points evaluation (extended poll) {

						evaluation 1/1 {

							point #121 ( 255897  0 )
							mesh index : -2

							extended poll unsuccessful point #121 [ h=0 f=0.00010504007339499999503 ]
						} 

					} end of evaluations


				} 


				extended poll center: ( 255897     0 )

				perform extended poll descent ...... no

				extended poll point eval {

					extended poll point = (   194     0 )

					list of points evaluation (extended poll) {

						evaluation 1/1 {

							point #122 ( 194  0 )
							mesh index : -2

							extended poll unsuccessful point #122 [ h=0 f=8.6200237274199997643e-05 ]
						} 

					} end of evaluations


				} 


				extended poll center: (   194     0 )

				perform extended poll descent ...... yes

				extended poll descent (on surrogates) {

					       iteration = 2
					 blackbox eval.  = 14
					      sgte eval. = 63
					      mesh index = -2
					ext. poll center = (   194     0 ) f=8.6200237274199997643e-05 h=0


					MADS run {

						63+SGTE	OBJ	(ext-poll--surrogate)

						63+ 0	0.00097148418426499996	(ext-poll--surrogate)

					} end of run (max mesh index)

					blackbox evaluations    : 0
					best feasible solution  : ( 194 0 ) h=0 f=0.00097148418426499995749

				} end of extended poll descent (unsuccessful)


				extended poll point eval {

					extended poll point = (  7100     0 )

					list of points evaluation (extended poll) {

						evaluation 1/1 {

							point #123 ( 7100  0 )
							mesh index : -2

							extended poll unsuccessful point #123 [ h=0 f=9.1280937194800003637e-05 ]
						} 

					} end of evaluations


				} 


				extended poll center: (  7100     0 )

				perform extended poll descent ...... no

				extended poll point eval {

					extended poll point = (  5810     0 )

					list of points evaluation (extended poll) {

						evaluation 1/1 {

							point #124 ( 5810  0 )
							mesh index : -2

							extended poll unsuccessful point #124 [ h=0 f=8.7788105010999997746e-05 ]
						} 

					} end of evaluations


				} 


				extended poll center: (  5810     0 )

				perform extended poll descent ...... no

				extended poll point eval {

					extended poll point = (  6890     0 )

					list of points evaluation (extended poll) {

						evaluation 1/1 {

							point #125 ( 6890  0 )
							mesh index : -2

							extended poll unsuccessful point #125 [ h=0 f=0.000124769210815000003 ]
						} 

					} end of evaluations


				} 


				extended poll center: (  6890     0 )

				perform extended poll descent ...... no

				extended poll point eval {

					extended poll point = (  7322     0 )

					list of points evaluation (extended poll) {

						evaluation 1/1 {

							point #126 ( 7322  0 )
							mesh index : -2

							extended poll unsuccessful point #126 [ h=0 f=0.0001133894920350000051 ]
						} 

					} end of evaluations


				} 


				extended poll center: (  7322     0 )

				perform extended poll descent ...... no

				extended poll point eval {

					extended poll point = (  7112     0 )

					list of points evaluation (extended poll) {

						evaluation 1/1 {

							point #127 ( 7112  0 )
							mesh index : -2

							extended poll unsuccessful point #127 [ h=0 f=9.0289115905800001929e-05 ]
						} 

					} end of evaluations


				} 


				extended poll center: (  7112     0 )

				perform extended poll descent ...... no

				extended poll point eval {

					extended poll point = ( 266522     0 )

					list of points evaluation (extended poll) {

						evaluation 1/1 {

							point #128 ( 266522  0 )
							mesh index : -2

							extended poll unsuccessful point #128 [ h=0 f=0.00012456893920899999185 ]
						} 

					} end of evaluations


				} 


				extended poll center: ( 266522     0 )

				perform extended poll descent ...... no

				extended poll point eval {

					extended poll point = ( 274298     0 )

					list of points evaluation (extended poll) {

						evaluation 1/1 {

							point #129 ( 274298  0 )
							mesh index : -2

							extended poll unsuccessful point #129 [ h=0 f=0.00014702796935999999802 ]
						} 

					} end of evaluations


				} 


				extended poll center: ( 274298     0 )

				perform extended poll descent ...... no

				extended poll point eval {

					extended poll point = (  7107     0 )

					list of points evaluation (extended poll) {

						evaluation 1/1 {

							point #130 ( 7107  0 )
							mesh index : -2

							extended poll unsuccessful point #130 [ h=0 f=9.2940330505399999664e-05 ]
						} 

					} end of evaluations


				} 


				extended poll center: (  7107     0 )

				perform extended poll descent ...... no

				extended poll point eval {

					extended poll point = ( 256448     0 )

					list of points evaluation (extended poll) {

						evaluation 1/1 {

							point #131 ( 256448  0 )
							mesh index : -2

							extended poll unsuccessful point #131 [ h=0 f=0.00010207891464200000403 ]
						} 

					} end of evaluations


				} 


				extended poll center: ( 256448     0 )

				perform extended poll descent ...... no

				extended poll point eval {

					extended poll point = ( 255933     0 )

					list of points evaluation (extended poll) {

						evaluation 1/1 {

							point #132 ( 255933  0 )
							mesh index : -2

							extended poll unsuccessful point #132 [ h=0 f=9.6461772918700000395e-05 ]
						} 

					} end of evaluations


				} 


				extended poll center: ( 255933     0 )

				perform extended poll descent ...... no

			} end of extended poll

		} end of poll

		Mesh update {
			previous mesh index: -2
			new mesh index     : -1
		} 


		terminate MADS       : no
		iteration status     : unsuccessful
		new feas. incumbent  : none
		new infeas. incumbent: none

	} end of iteration 2

	MADS iteration 3 {

		blackbox evaluations : 24
		best feas. solution  : ( 7106  0 ) h=0 f=7.9698562622099999582e-05
		best infeas. solution: none
		poll center          : ( 7106  0 )
		mesh size            : (  1  1 )
		poll size            : (  2  2 )
		mesh index           : -1
		h_max                : inf

		MADS search {
		} end of search

		MADS poll {

			poll center: ( 7106  0 )

			poll directions (include mesh size parameter) {
				dir 0 : (  0 -1 ) Ortho-MADS 2n
				dir 1 : (  0  1 ) Ortho-MADS 2n
			} 

			re-ordered list of 2 poll trial points {
				#139 : ( 7106 -1 ) (dir 0)
				#140 : ( 7106  1 ) (dir 1)
			} 

			list of points evaluation (poll) {

				surrogate evaluation 1/2 {

					point #139 ( 7106 -1 )
					direction  : (  0 -1 ) Ortho-MADS 2n
					mesh index : -1


					point #139 sgte eval: failed
				} 

				surrogate evaluation 2/2 {

					point #140 ( 7106  1 )
					direction  : (  0  1 ) Ortho-MADS 2n
					mesh index : -1


					point #140 sgte eval: failed
				} 

			} end of evaluations

			re-ordered list of 2 poll trial points {

				#141: ( 7106 -1 ) (dir 0)
				#142: ( 7106  1 ) (dir 1)
			} 

			list of points evaluation (poll) {

				evaluation 1/2 {

					point #141 ( 7106 -1 )
					direction  : (  0 -1 ) Ortho-MADS 2n
					mesh index : -1

					poll unsuccessful point #141: evaluation failed
				} 

				evaluation 2/2 {

					point #142 ( 7106  1 )
					direction  : (  0  1 ) Ortho-MADS 2n
					mesh index : -1

					poll unsuccessful point #142: evaluation failed
				} 

			} end of evaluations


			MADS extended poll {


				extended poll pts sorting (on surrogates) {


					list of points evaluation (extended poll) {

						surrogate evaluation 1/16 {

							point #143 ( 5810  0 )
							mesh index : -1

							surrogate cache hit: #143 --> #102

							point #102 sgte eval: h=0 f=0.0010151147842400001006
						} 

						surrogate evaluation 2/16 {

							point #144 ( 6890  0 )
							mesh index : -1

							surrogate cache hit: #144 --> #56

							point #56 sgte eval: h=0 f=0.0010187864303600000643
						} 

						surrogate evaluation 3/16 {

							point #145 ( 7322  0 )
							mesh index : -1

							surrogate cache hit: #145 --> #104

							point #104 sgte eval: h=0 f=0.0010566949844399999535
						} 

						surrogate evaluation 4/16 {

							point #146 ( 266522  0 )
							mesh index : -1

							surrogate cache hit: #146 --> #105

							point #105 sgte eval: h=0 f=0.001302385330200000026
						} 

						surrogate evaluation 5/16 {

							point #147 ( 274298  0 )
							mesh index : -1

							surrogate cache hit: #147 --> #106

							point #106 sgte eval: h=0 f=0.0013055086135899999188
						} 

						surrogate evaluation 6/16 {

							point #148 ( 7070  0 )
							mesh index : -1

							surrogate cache hit: #148 --> #107

							point #107 sgte eval: h=0 f=0.00086879730224599996651
						} 

						surrogate evaluation 7/16 {

							point #149 ( 194  0 )
							mesh index : -1

							surrogate cache hit: #149 --> #108

							point #108 sgte eval: h=0 f=0.00097148418426499995749
						} 

						surrogate evaluation 8/16 {

							point #150 ( 194  0 )
							mesh index : -1

							surrogate cache hit: #150 --> #108

							point #108 sgte eval: h=0 f=0.00097148418426499995749
						} 

						surrogate evaluation 9/16 {

							point #151 ( 7100  0 )
							mesh index : -1

							surrogate cache hit: #151 --> #110

							point #110 sgte eval: h=0 f=0.00097520351409900003174
						} 

						surrogate evaluation 10/16 {

							point #152 ( 7112  0 )
							mesh index : -1

							surrogate cache hit: #152 --> #111

							point #111 sgte eval: h=0 f=0.0011396884918199999027
						} 

						surrogate evaluation 11/16 {

							point #153 ( 256232  0 )
							mesh index : -1

							surrogate cache hit: #153 --> #112

							point #112 sgte eval: h=0 f=0.00085320472717299996809
						} 

						surrogate evaluation 12/16 {

							point #154 ( 256448  0 )
							mesh index : -1

							surrogate cache hit: #154 --> #113

							point #113 sgte eval: h=0 f=0.00165100097656000009
						} 

						surrogate evaluation 13/16 {

							point #155 ( 7105  0 )
							mesh index : -1

							surrogate cache hit: #155 --> #114

							point #114 sgte eval: h=0 f=0.00083110332489000002254
						} 

						surrogate evaluation 14/16 {

							point #156 ( 7107  0 )
							mesh index : -1

							surrogate cache hit: #156 --> #115

							point #115 sgte eval: h=0 f=0.0013097047805800000192
						} 

						surrogate evaluation 15/16 {

							point #157 ( 255897  0 )
							mesh index : -1

							surrogate cache hit: #157 --> #116

							point #116 sgte eval: h=0 f=0.00093259811401400004131
						} 

						surrogate evaluation 16/16 {

							point #158 ( 255933  0 )
							mesh index : -1

							surrogate cache hit: #158 --> #117

							point #117 sgte eval: h=0 f=0.0018097162246699998941
						} 

					} end of evaluations


					sorted ext poll pts {

						point # 1/15 : (  7105     0 )
						point # 2/15 : ( 256232     0 )
						point # 3/15 : (  7070     0 )
						point # 4/15 : ( 255897     0 )
						point # 5/15 : (   194     0 )
						point # 6/15 : (  7100     0 )
						point # 7/15 : (  5810     0 )
						point # 8/15 : (  6890     0 )
						point # 9/15 : (  7322     0 )
						point #10/15 : (  7112     0 )
						point #11/15 : ( 266522     0 )
						point #12/15 : ( 274298     0 )
						point #13/15 : (  7107     0 )
						point #14/15 : ( 256448     0 )
						point #15/15 : ( 255933     0 )

					} 


				} end of ext poll pts sorting (on surrogates)


				extended poll point eval {

					extended poll point = (  7105     0 )

					list of points evaluation (extended poll) {

						evaluation 1/1 {

							point #159 ( 7105  0 )
							mesh index : -1

							cache hit: #159 --> #118
							extended poll unsuccessful point #118 [ h=0 f=0.00011378049850500000014 ]
						} 

					} end of evaluations


				} 


				extended poll center: (  7105     0 )

				perform extended poll descent ...... no

				extended poll point eval {

					extended poll point = ( 256232     0 )

					list of points evaluation (extended poll) {

						evaluation 1/1 {

							point #160 ( 256232  0 )
							mesh index : -1

							cache hit: #160 --> #119
							extended poll unsuccessful point #119 [ h=0 f=8.970022201539999988e-05 ]
						} 

					} end of evaluations


				} 


				extended poll center: ( 256232     0 )

				perform extended poll descent ...... no

				extended poll point eval {

					extended poll point = (  7070     0 )

					list of points evaluation (extended poll) {

						evaluation 1/1 {

							point #161 ( 7070  0 )
							mesh index : -1

							cache hit: #161 --> #120
							extended poll unsuccessful point #120 [ h=0 f=8.5048675537100003156e-05 ]
						} 

					} end of evaluations


				} 


				extended poll center: (  7070     0 )

				perform extended poll descent ...... yes

				extended poll descent (on surrogates) {

					       iteration = 3
					 blackbox eval.  = 26
					      sgte eval. = 67
					      mesh index = -1
					ext. poll center = (  7070     0 ) f=8.5048675537100003156e-05 h=0


					MADS run {

						67+SGTE	OBJ	(ext-poll--surrogate)

						67+ 0	0.00086879730224599997	(ext-poll--surrogate)

					} end of run (max mesh index)

					blackbox evaluations    : 0
					best feasible solution  : ( 7070 0 ) h=0 f=0.00086879730224599996651

				} end of extended poll descent (unsuccessful)


				extended poll point eval {

					extended poll point = ( 255897     0 )

					list of points evaluation (extended poll) {

						evaluation 1/1 {

							point #162 ( 255897  0 )
							mesh index : -1

							cache hit: #162 --> #121
							extended poll unsuccessful point #121 [ h=0 f=0.00010504007339499999503 ]
						} 

					} end of evaluations


				} 


				extended poll center: ( 255897     0 )

				perform extended poll descent ...... no

				extended poll point eval {

					extended poll point = (   194     0 )

					list of points evaluation (extended poll) {

						evaluation 1/1 {

							point #163 ( 194  0 )
							mesh index : -1

							cache hit: #163 --> #122
							extended poll unsuccessful point #122 [ h=0 f=8.6200237274199997643e-05 ]
						} 

					} end of evaluations


				} 


				extended poll center: (   194     0 )

				perform extended poll descent ...... yes

				extended poll descent (on surrogates) {

					       iteration = 3
					 blackbox eval.  = 26
					      sgte eval. = 69
					      mesh index = -1
					ext. poll center = (   194     0 ) f=8.6200237274199997643e-05 h=0


					MADS run {

						69+SGTE	OBJ	(ext-poll--surrogate)

						69+ 0	0.00097148418426499996	(ext-poll--surrogate)

					} end of run (max mesh index)

					blackbox evaluations    : 0
					best feasible solution  : ( 194 0 ) h=0 f=0.00097148418426499995749

				} end of extended poll descent (unsuccessful)


				extended poll point eval {

					extended poll point = (  7100     0 )

					list of points evaluation (extended poll) {

						evaluation 1/1 {

							point #164 ( 7100  0 )
							mesh index : -1

							cache hit: #164 --> #123
							extended poll unsuccessful point #123 [ h=0 f=9.1280937194800003637e-05 ]
						} 

					} end of evaluations


				} 


				extended poll center: (  7100     0 )

				perform extended poll descent ...... no

				extended poll point eval {

					extended poll point = (  5810     0 )

					list of points evaluation (extended poll) {

						evaluation 1/1 {

							point #165 ( 5810  0 )
							mesh index : -1

							cache hit: #165 --> #124
							extended poll unsuccessful point #124 [ h=0 f=8.7788105010999997746e-05 ]
						} 

					} end of evaluations


				} 


				extended poll center: (  5810     0 )

				perform extended poll descent ...... no

				extended poll point eval {

					extended poll point = (  6890     0 )

					list of points evaluation (extended poll) {

						evaluation 1/1 {

							point #166 ( 6890  0 )
							mesh index : -1

							cache hit: #166 --> #125
							extended poll unsuccessful point #125 [ h=0 f=0.000124769210815000003 ]
						} 

					} end of evaluations


				} 


				extended poll center: (  6890     0 )

				perform extended poll descent ...... no

				extended poll point eval {

					extended poll point = (  7322     0 )

					list of points evaluation (extended poll) {

						evaluation 1/1 {

							point #167 ( 7322  0 )
							mesh index : -1

							cache hit: #167 --> #126
							extended poll unsuccessful point #126 [ h=0 f=0.0001133894920350000051 ]
						} 

					} end of evaluations


				} 


				extended poll center: (  7322     0 )

				perform extended poll descent ...... no

				extended poll point eval {

					extended poll point = (  7112     0 )

					list of points evaluation (extended poll) {

						evaluation 1/1 {

							point #168 ( 7112  0 )
							mesh index : -1

							cache hit: #168 --> #127
							extended poll unsuccessful point #127 [ h=0 f=9.0289115905800001929e-05 ]
						} 

					} end of evaluations


				} 


				extended poll center: (  7112     0 )

				perform extended poll descent ...... no

				extended poll point eval {

					extended poll point = ( 266522     0 )

					list of points evaluation (extended poll) {

						evaluation 1/1 {

							point #169 ( 266522  0 )
							mesh index : -1

							cache hit: #169 --> #128
							extended poll unsuccessful point #128 [ h=0 f=0.00012456893920899999185 ]
						} 

					} end of evaluations


				} 


				extended poll center: ( 266522     0 )

				perform extended poll descent ...... no

				extended poll point eval {

					extended poll point = ( 274298     0 )

					list of points evaluation (extended poll) {

						evaluation 1/1 {

							point #170 ( 274298  0 )
							mesh index : -1

							cache hit: #170 --> #129
							extended poll unsuccessful point #129 [ h=0 f=0.00014702796935999999802 ]
						} 

					} end of evaluations


				} 


				extended poll center: ( 274298     0 )

				perform extended poll descent ...... no

				extended poll point eval {

					extended poll point = (  7107     0 )

					list of points evaluation (extended poll) {

						evaluation 1/1 {

							point #171 ( 7107  0 )
							mesh index : -1

							cache hit: #171 --> #130
							extended poll unsuccessful point #130 [ h=0 f=9.2940330505399999664e-05 ]
						} 

					} end of evaluations


				} 


				extended poll center: (  7107     0 )

				perform extended poll descent ...... no

				extended poll point eval {

					extended poll point = ( 256448     0 )

					list of points evaluation (extended poll) {

						evaluation 1/1 {

							point #172 ( 256448  0 )
							mesh index : -1

							cache hit: #172 --> #131
							extended poll unsuccessful point #131 [ h=0 f=0.00010207891464200000403 ]
						} 

					} end of evaluations


				} 


				extended poll center: ( 256448     0 )

				perform extended poll descent ...... no

				extended poll point eval {

					extended poll point = ( 255933     0 )

					list of points evaluation (extended poll) {

						evaluation 1/1 {

							point #173 ( 255933  0 )
							mesh index : -1

							cache hit: #173 --> #132
							extended poll unsuccessful point #132 [ h=0 f=9.6461772918700000395e-05 ]
						} 

					} end of evaluations


				} 


				extended poll center: ( 255933     0 )

				perform extended poll descent ...... no

			} end of extended poll

		} end of poll

		Mesh update {
			previous mesh index: -1
			new mesh index     : 0
		} 


		terminate MADS       : no
		iteration status     : unsuccessful
		new feas. incumbent  : none
		new infeas. incumbent: none

	} end of iteration 3

	MADS iteration 4 {

		blackbox evaluations : 26
		best feas. solution  : ( 7106  0 ) h=0 f=7.9698562622099999582e-05
		best infeas. solution: none
		poll center          : ( 7106  0 )
		mesh size            : (  1  1 )
		poll size            : (  1  1 )
		mesh index           : 0
		h_max                : inf

		MADS search {
		} end of search

		MADS poll {

			poll center: ( 7106  0 )

			poll directions (include mesh size parameter) {
				dir 0 : (  0 -1 ) Ortho-MADS 2n
				dir 1 : (  0  1 ) Ortho-MADS 2n
			} 

			re-ordered list of 2 poll trial points {
				#180 : ( 7106 -1 ) (dir 0)
				#181 : ( 7106  1 ) (dir 1)
			} 

			list of points evaluation (poll) {

				surrogate evaluation 1/2 {

					point #180 ( 7106 -1 )
					direction  : (  0 -1 ) Ortho-MADS 2n
					mesh index : 0

					surrogate cache hit: #180 --> #139

					point #139 sgte eval: failed
				} 

				surrogate evaluation 2/2 {

					point #181 ( 7106  1 )
					direction  : (  0  1 ) Ortho-MADS 2n
					mesh index : 0

					surrogate cache hit: #181 --> #140

					point #140 sgte eval: failed
				} 

			} end of evaluations

			re-ordered list of 2 poll trial points {

				#182: ( 7106 -1 ) (dir 0)
				#183: ( 7106  1 ) (dir 1)
			} 

			list of points evaluation (poll) {

				evaluation 1/2 {

					point #182 ( 7106 -1 )
					direction  : (  0 -1 ) Ortho-MADS 2n
					mesh index : -1

					cache hit: #182 --> #141
					poll unsuccessful point #141: evaluation failed
				} 

				evaluation 2/2 {

					point #183 ( 7106  1 )
					direction  : (  0  1 ) Ortho-MADS 2n
					mesh index : -1

					cache hit: #183 --> #142
					poll unsuccessful point #142: evaluation failed
				} 

			} end of evaluations


			MADS extended poll {


				extended poll pts sorting (on surrogates) {


					list of points evaluation (extended poll) {

						surrogate evaluation 1/16 {

							point #184 ( 5810  0 )
							mesh index : 0

							surrogate cache hit: #184 --> #102

							point #102 sgte eval: h=0 f=0.0010151147842400001006
						} 

						surrogate evaluation 2/16 {

							point #185 ( 6890  0 )
							mesh index : 0

							surrogate cache hit: #185 --> #56

							point #56 sgte eval: h=0 f=0.0010187864303600000643
						} 

						surrogate evaluation 3/16 {

							point #186 ( 7322  0 )
							mesh index : 0

							surrogate cache hit: #186 --> #104

							point #104 sgte eval: h=0 f=0.0010566949844399999535
						} 

						surrogate evaluation 4/16 {

							point #187 ( 266522  0 )
							mesh index : 0

							surrogate cache hit: #187 --> #105

							point #105 sgte eval: h=0 f=0.001302385330200000026
						} 

						surrogate evaluation 5/16 {

							point #188 ( 274298  0 )
							mesh index : 0

							surrogate cache hit: #188 --> #106

							point #106 sgte eval: h=0 f=0.0013055086135899999188
						} 

						surrogate evaluation 6/16 {

							point #189 ( 7070  0 )
							mesh index : 0

							surrogate cache hit: #189 --> #107

							point #107 sgte eval: h=0 f=0.00086879730224599996651
						} 

						surrogate evaluation 7/16 {

							point #190 ( 194  0 )
							mesh index : 0

							surrogate cache hit: #190 --> #108

							point #108 sgte eval: h=0 f=0.00097148418426499995749
						} 

						surrogate evaluation 8/16 {

							point #191 ( 194  0 )
							mesh index : 0

							surrogate cache hit: #191 --> #108

							point #108 sgte eval: h=0 f=0.00097148418426499995749
						} 

						surrogate evaluation 9/16 {

							point #192 ( 7100  0 )
							mesh index : 0

							surrogate cache hit: #192 --> #110

							point #110 sgte eval: h=0 f=0.00097520351409900003174
						} 

						surrogate evaluation 10/16 {

							point #193 ( 7112  0 )
							mesh index : 0

							surrogate cache hit: #193 --> #111

							point #111 sgte eval: h=0 f=0.0011396884918199999027
						} 

						surrogate evaluation 11/16 {

							point #194 ( 256232  0 )
							mesh index : 0

							surrogate cache hit: #194 --> #112

							point #112 sgte eval: h=0 f=0.00085320472717299996809
						} 

						surrogate evaluation 12/16 {

							point #195 ( 256448  0 )
							mesh index : 0

							surrogate cache hit: #195 --> #113

							point #113 sgte eval: h=0 f=0.00165100097656000009
						} 

						surrogate evaluation 13/16 {

							point #196 ( 7105  0 )
							mesh index : 0

							surrogate cache hit: #196 --> #114

							point #114 sgte eval: h=0 f=0.00083110332489000002254
						} 

						surrogate evaluation 14/16 {

							point #197 ( 7107  0 )
							mesh index : 0

							surrogate cache hit: #197 --> #115

							point #115 sgte eval: h=0 f=0.0013097047805800000192
						} 

						surrogate evaluation 15/16 {

							point #198 ( 255897  0 )
							mesh index : 0

							surrogate cache hit: #198 --> #116

							point #116 sgte eval: h=0 f=0.00093259811401400004131
						} 

						surrogate evaluation 16/16 {

							point #199 ( 255933  0 )
							mesh index : 0

							surrogate cache hit: #199 --> #117

							point #117 sgte eval: h=0 f=0.0018097162246699998941
						} 

					} end of evaluations


					sorted ext poll pts {

						point # 1/15 : (  7105     0 )
						point # 2/15 : ( 256232     0 )
						point # 3/15 : (  7070     0 )
						point # 4/15 : ( 255897     0 )
						point # 5/15 : (   194     0 )
						point # 6/15 : (  7100     0 )
						point # 7/15 : (  5810     0 )
						point # 8/15 : (  6890     0 )
						point # 9/15 : (  7322     0 )
						point #10/15 : (  7112     0 )
						point #11/15 : ( 266522     0 )
						point #12/15 : ( 274298     0 )
						point #13/15 : (  7107     0 )
						point #14/15 : ( 256448     0 )
						point #15/15 : ( 255933     0 )

					} 


				} end of ext poll pts sorting (on surrogates)


				extended poll point eval {

					extended poll point = (  7105     0 )

					list of points evaluation (extended poll) {

						evaluation 1/1 {

							point #200 ( 7105  0 )
							mesh index : 0

							cache hit: #200 --> #118
							extended poll unsuccessful point #118 [ h=0 f=0.00011378049850500000014 ]
						} 

					} end of evaluations


				} 


				extended poll center: (  7105     0 )

				perform extended poll descent ...... no

				extended poll point eval {

					extended poll point = ( 256232     0 )

					list of points evaluation (extended poll) {

						evaluation 1/1 {

							point #201 ( 256232  0 )
							mesh index : 0

							cache hit: #201 --> #119
							extended poll unsuccessful point #119 [ h=0 f=8.970022201539999988e-05 ]
						} 

					} end of evaluations


				} 


				extended poll center: ( 256232     0 )

				perform extended poll descent ...... no

				extended poll point eval {

					extended poll point = (  7070     0 )

					list of points evaluation (extended poll) {

						evaluation 1/1 {

							point #202 ( 7070  0 )
							mesh index : 0

							cache hit: #202 --> #120
							extended poll unsuccessful point #120 [ h=0 f=8.5048675537100003156e-05 ]
						} 

					} end of evaluations


				} 


				extended poll center: (  7070     0 )

				perform extended poll descent ...... yes

				extended poll descent (on surrogates) {

					       iteration = 4
					 blackbox eval.  = 26
					      sgte eval. = 71
					      mesh index = 0
					ext. poll center = (  7070     0 ) f=8.5048675537100003156e-05 h=0


					MADS run {

						71+SGTE	OBJ	(ext-poll--surrogate)

						71+ 0	0.00086879730224599997	(ext-poll--surrogate)

					} end of run (max mesh index)

					blackbox evaluations    : 0
					best feasible solution  : ( 7070 0 ) h=0 f=0.00086879730224599996651

				} end of extended poll descent (unsuccessful)


				extended poll point eval {

					extended poll point = ( 255897     0 )

					list of points evaluation (extended poll) {

						evaluation 1/1 {

							point #203 ( 255897  0 )
							mesh index : 0

							cache hit: #203 --> #121
							extended poll unsuccessful point #121 [ h=0 f=0.00010504007339499999503 ]
						} 

					} end of evaluations


				} 


				extended poll center: ( 255897     0 )

				perform extended poll descent ...... no

				extended poll point eval {

					extended poll point = (   194     0 )

					list of points evaluation (extended poll) {

						evaluation 1/1 {

							point #204 ( 194  0 )
							mesh index : 0

							cache hit: #204 --> #122
							extended poll unsuccessful point #122 [ h=0 f=8.6200237274199997643e-05 ]
						} 

					} end of evaluations


				} 


				extended poll center: (   194     0 )

				perform extended poll descent ...... yes

				extended poll descent (on surrogates) {

					       iteration = 4
					 blackbox eval.  = 26
					      sgte eval. = 71
					      mesh index = 0
					ext. poll center = (   194     0 ) f=8.6200237274199997643e-05 h=0


					MADS run {

						71+SGTE	OBJ	(ext-poll--surrogate)

						71+ 0	0.00097148418426499996	(ext-poll--surrogate)

					} end of run (max mesh index)

					blackbox evaluations    : 0
					best feasible solution  : ( 194 0 ) h=0 f=0.00097148418426499995749

				} end of extended poll descent (unsuccessful)


				extended poll point eval {

					extended poll point = (  7100     0 )

					list of points evaluation (extended poll) {

						evaluation 1/1 {

							point #205 ( 7100  0 )
							mesh index : 0

							cache hit: #205 --> #123
							extended poll unsuccessful point #123 [ h=0 f=9.1280937194800003637e-05 ]
						} 

					} end of evaluations


				} 


				extended poll center: (  7100     0 )

				perform extended poll descent ...... no

				extended poll point eval {

					extended poll point = (  5810     0 )

					list of points evaluation (extended poll) {

						evaluation 1/1 {

							point #206 ( 5810  0 )
							mesh index : 0

							cache hit: #206 --> #124
							extended poll unsuccessful point #124 [ h=0 f=8.7788105010999997746e-05 ]
						} 

					} end of evaluations


				} 


				extended poll center: (  5810     0 )

				perform extended poll descent ...... no

				extended poll point eval {

					extended poll point = (  6890     0 )

					list of points evaluation (extended poll) {

						evaluation 1/1 {

							point #207 ( 6890  0 )
							mesh index : 0

							cache hit: #207 --> #125
							extended poll unsuccessful point #125 [ h=0 f=0.000124769210815000003 ]
						} 

					} end of evaluations


				} 


				extended poll center: (  6890     0 )

				perform extended poll descent ...... no

				extended poll point eval {

					extended poll point = (  7322     0 )

					list of points evaluation (extended poll) {

						evaluation 1/1 {

							point #208 ( 7322  0 )
							mesh index : 0

							cache hit: #208 --> #126
							extended poll unsuccessful point #126 [ h=0 f=0.0001133894920350000051 ]
						} 

					} end of evaluations


				} 


				extended poll center: (  7322     0 )

				perform extended poll descent ...... no

				extended poll point eval {

					extended poll point = (  7112     0 )

					list of points evaluation (extended poll) {

						evaluation 1/1 {

							point #209 ( 7112  0 )
							mesh index : 0

							cache hit: #209 --> #127
							extended poll unsuccessful point #127 [ h=0 f=9.0289115905800001929e-05 ]
						} 

					} end of evaluations


				} 


				extended poll center: (  7112     0 )

				perform extended poll descent ...... no

				extended poll point eval {

					extended poll point = ( 266522     0 )

					list of points evaluation (extended poll) {

						evaluation 1/1 {

							point #210 ( 266522  0 )
							mesh index : 0

							cache hit: #210 --> #128
							extended poll unsuccessful point #128 [ h=0 f=0.00012456893920899999185 ]
						} 

					} end of evaluations


				} 


				extended poll center: ( 266522     0 )

				perform extended poll descent ...... no

				extended poll point eval {

					extended poll point = ( 274298     0 )

					list of points evaluation (extended poll) {

						evaluation 1/1 {

							point #211 ( 274298  0 )
							mesh index : 0

							cache hit: #211 --> #129
							extended poll unsuccessful point #129 [ h=0 f=0.00014702796935999999802 ]
						} 

					} end of evaluations


				} 


				extended poll center: ( 274298     0 )

				perform extended poll descent ...... no

				extended poll point eval {

					extended poll point = (  7107     0 )

					list of points evaluation (extended poll) {

						evaluation 1/1 {

							point #212 ( 7107  0 )
							mesh index : 0

							cache hit: #212 --> #130
							extended poll unsuccessful point #130 [ h=0 f=9.2940330505399999664e-05 ]
						} 

					} end of evaluations


				} 


				extended poll center: (  7107     0 )

				perform extended poll descent ...... no

				extended poll point eval {

					extended poll point = ( 256448     0 )

					list of points evaluation (extended poll) {

						evaluation 1/1 {

							point #213 ( 256448  0 )
							mesh index : 0

							cache hit: #213 --> #131
							extended poll unsuccessful point #131 [ h=0 f=0.00010207891464200000403 ]
						} 

					} end of evaluations


				} 


				extended poll center: ( 256448     0 )

				perform extended poll descent ...... no

				extended poll point eval {

					extended poll point = ( 255933     0 )

					list of points evaluation (extended poll) {

						evaluation 1/1 {

							point #214 ( 255933  0 )
							mesh index : 0

							cache hit: #214 --> #132
							extended poll unsuccessful point #132 [ h=0 f=9.6461772918700000395e-05 ]
						} 

					} end of evaluations


				} 


				extended poll center: ( 255933     0 )

				perform extended poll descent ...... no

			} end of extended poll

		} end of poll

		Mesh update {
			previous mesh index: 0
			new mesh index     : 1
		} 


		terminate MADS       : no
		iteration status     : unsuccessful
		new feas. incumbent  : none
		new infeas. incumbent: none

	} end of iteration 4

	MADS iteration 5 {

		blackbox evaluations : 26
		best feas. solution  : ( 7106  0 ) h=0 f=7.9698562622099999582e-05
		best infeas. solution: none
		poll center          : ( 7106  0 )
		mesh size            : ( 0.25 0.25 )
		poll size            : ( 0.5 0.5 )
		mesh index           : 1
		h_max                : inf

		MADS search {
		} end of search

		MADS poll {

			poll center: ( 7106  0 )

			poll directions (include mesh size parameter) {
				dir 0 : (  0 -1 ) Ortho-MADS 2n
				dir 1 : (  0  1 ) Ortho-MADS 2n
			} 

			re-ordered list of 2 poll trial points {
				#221 : ( 7106 -1 ) (dir 0)
				#222 : ( 7106  1 ) (dir 1)
			} 

			list of points evaluation (poll) {

				surrogate evaluation 1/2 {

					point #221 ( 7106 -1 )
					direction  : (  0 -1 ) Ortho-MADS 2n
					mesh index : 1

					surrogate cache hit: #221 --> #139

					point #139 sgte eval: failed
				} 

				surrogate evaluation 2/2 {

					point #222 ( 7106  1 )
					direction  : (  0  1 ) Ortho-MADS 2n
					mesh index : 1

					surrogate cache hit: #222 --> #140

					point #140 sgte eval: failed
				} 

			} end of evaluations

			re-ordered list of 2 poll trial points {

				#223: ( 7106 -1 ) (dir 0)
				#224: ( 7106  1 ) (dir 1)
			} 

			list of points evaluation (poll) {

				evaluation 1/2 {

					point #223 ( 7106 -1 )
					direction  : (  0 -1 ) Ortho-MADS 2n
					mesh index : -1

					cache hit: #223 --> #141
					poll unsuccessful point #141: evaluation failed
				} 

				evaluation 2/2 {

					point #224 ( 7106  1 )
					direction  : (  0  1 ) Ortho-MADS 2n
					mesh index : -1

					cache hit: #224 --> #142
					poll unsuccessful point #142: evaluation failed
				} 

			} end of evaluations


			MADS extended poll {


				extended poll pts sorting (on surrogates) {


					list of points evaluation (extended poll) {

						surrogate evaluation 1/16 {

							point #225 ( 5810  0 )
							mesh index : 1

							surrogate cache hit: #225 --> #102

							point #102 sgte eval: h=0 f=0.0010151147842400001006
						} 

						surrogate evaluation 2/16 {

							point #226 ( 6890  0 )
							mesh index : 1

							surrogate cache hit: #226 --> #56

							point #56 sgte eval: h=0 f=0.0010187864303600000643
						} 

						surrogate evaluation 3/16 {

							point #227 ( 7322  0 )
							mesh index : 1

							surrogate cache hit: #227 --> #104

							point #104 sgte eval: h=0 f=0.0010566949844399999535
						} 

						surrogate evaluation 4/16 {

							point #228 ( 266522  0 )
							mesh index : 1

							surrogate cache hit: #228 --> #105

							point #105 sgte eval: h=0 f=0.001302385330200000026
						} 

						surrogate evaluation 5/16 {

							point #229 ( 274298  0 )
							mesh index : 1

							surrogate cache hit: #229 --> #106

							point #106 sgte eval: h=0 f=0.0013055086135899999188
						} 

						surrogate evaluation 6/16 {

							point #230 ( 7070  0 )
							mesh index : 1

							surrogate cache hit: #230 --> #107

							point #107 sgte eval: h=0 f=0.00086879730224599996651
						} 

						surrogate evaluation 7/16 {

							point #231 ( 194  0 )
							mesh index : 1

							surrogate cache hit: #231 --> #108

							point #108 sgte eval: h=0 f=0.00097148418426499995749
						} 

						surrogate evaluation 8/16 {

							point #232 ( 194  0 )
							mesh index : 1

							surrogate cache hit: #232 --> #108

							point #108 sgte eval: h=0 f=0.00097148418426499995749
						} 

						surrogate evaluation 9/16 {

							point #233 ( 7100  0 )
							mesh index : 1

							surrogate cache hit: #233 --> #110

							point #110 sgte eval: h=0 f=0.00097520351409900003174
						} 

						surrogate evaluation 10/16 {

							point #234 ( 7112  0 )
							mesh index : 1

							surrogate cache hit: #234 --> #111

							point #111 sgte eval: h=0 f=0.0011396884918199999027
						} 

						surrogate evaluation 11/16 {

							point #235 ( 256232  0 )
							mesh index : 1

							surrogate cache hit: #235 --> #112

							point #112 sgte eval: h=0 f=0.00085320472717299996809
						} 

						surrogate evaluation 12/16 {

							point #236 ( 256448  0 )
							mesh index : 1

							surrogate cache hit: #236 --> #113

							point #113 sgte eval: h=0 f=0.00165100097656000009
						} 

						surrogate evaluation 13/16 {

							point #237 ( 7105  0 )
							mesh index : 1

							surrogate cache hit: #237 --> #114

							point #114 sgte eval: h=0 f=0.00083110332489000002254
						} 

						surrogate evaluation 14/16 {

							point #238 ( 7107  0 )
							mesh index : 1

							surrogate cache hit: #238 --> #115

							point #115 sgte eval: h=0 f=0.0013097047805800000192
						} 

						surrogate evaluation 15/16 {

							point #239 ( 255897  0 )
							mesh index : 1

							surrogate cache hit: #239 --> #116

							point #116 sgte eval: h=0 f=0.00093259811401400004131
						} 

						surrogate evaluation 16/16 {

							point #240 ( 255933  0 )
							mesh index : 1

							surrogate cache hit: #240 --> #117

							point #117 sgte eval: h=0 f=0.0018097162246699998941
						} 

					} end of evaluations


					sorted ext poll pts {

						point # 1/15 : (  7105     0 )
						point # 2/15 : ( 256232     0 )
						point # 3/15 : (  7070     0 )
						point # 4/15 : ( 255897     0 )
						point # 5/15 : (   194     0 )
						point # 6/15 : (  7100     0 )
						point # 7/15 : (  5810     0 )
						point # 8/15 : (  6890     0 )
						point # 9/15 : (  7322     0 )
						point #10/15 : (  7112     0 )
						point #11/15 : ( 266522     0 )
						point #12/15 : ( 274298     0 )
						point #13/15 : (  7107     0 )
						point #14/15 : ( 256448     0 )
						point #15/15 : ( 255933     0 )

					} 


				} end of ext poll pts sorting (on surrogates)


				extended poll point eval {

					extended poll point = (  7105     0 )

					list of points evaluation (extended poll) {

						evaluation 1/1 {

							point #241 ( 7105  0 )
							mesh index : 1

							cache hit: #241 --> #118
							extended poll unsuccessful point #118 [ h=0 f=0.00011378049850500000014 ]
						} 

					} end of evaluations


				} 


				extended poll center: (  7105     0 )

				perform extended poll descent ...... no

				extended poll point eval {

					extended poll point = ( 256232     0 )

					list of points evaluation (extended poll) {

						evaluation 1/1 {

							point #242 ( 256232  0 )
							mesh index : 1

							cache hit: #242 --> #119
							extended poll unsuccessful point #119 [ h=0 f=8.970022201539999988e-05 ]
						} 

					} end of evaluations


				} 


				extended poll center: ( 256232     0 )

				perform extended poll descent ...... no

				extended poll point eval {

					extended poll point = (  7070     0 )

					list of points evaluation (extended poll) {

						evaluation 1/1 {

							point #243 ( 7070  0 )
							mesh index : 1

							cache hit: #243 --> #120
							extended poll unsuccessful point #120 [ h=0 f=8.5048675537100003156e-05 ]
						} 

					} end of evaluations


				} 


				extended poll center: (  7070     0 )

				perform extended poll descent ...... yes

				extended poll descent (on surrogates) {

					       iteration = 5
					 blackbox eval.  = 26
					      sgte eval. = 71
					      mesh index = 1
					ext. poll center = (  7070     0 ) f=8.5048675537100003156e-05 h=0


					MADS run {

						71+SGTE	OBJ	(ext-poll--surrogate)

						71+ 0	0.00086879730224599997	(ext-poll--surrogate)

					} end of run (max mesh index)

					blackbox evaluations    : 0
					best feasible solution  : ( 7070 0 ) h=0 f=0.00086879730224599996651

				} end of extended poll descent (unsuccessful)


				extended poll point eval {

					extended poll point = ( 255897     0 )

					list of points evaluation (extended poll) {

						evaluation 1/1 {

							point #244 ( 255897  0 )
							mesh index : 1

							cache hit: #244 --> #121
							extended poll unsuccessful point #121 [ h=0 f=0.00010504007339499999503 ]
						} 

					} end of evaluations


				} 


				extended poll center: ( 255897     0 )

				perform extended poll descent ...... no

				extended poll point eval {

					extended poll point = (   194     0 )

					list of points evaluation (extended poll) {

						evaluation 1/1 {

							point #245 ( 194  0 )
							mesh index : 1

							cache hit: #245 --> #122
							extended poll unsuccessful point #122 [ h=0 f=8.6200237274199997643e-05 ]
						} 

					} end of evaluations


				} 


				extended poll center: (   194     0 )

				perform extended poll descent ...... yes

				extended poll descent (on surrogates) {

					       iteration = 5
					 blackbox eval.  = 26
					      sgte eval. = 71
					      mesh index = 1
					ext. poll center = (   194     0 ) f=8.6200237274199997643e-05 h=0


					MADS run {

						71+SGTE	OBJ	(ext-poll--surrogate)

						71+ 0	0.00097148418426499996	(ext-poll--surrogate)

					} end of run (max mesh index)

					blackbox evaluations    : 0
					best feasible solution  : ( 194 0 ) h=0 f=0.00097148418426499995749

				} end of extended poll descent (unsuccessful)


				extended poll point eval {

					extended poll point = (  7100     0 )

					list of points evaluation (extended poll) {

						evaluation 1/1 {

							point #246 ( 7100  0 )
							mesh index : 1

							cache hit: #246 --> #123
							extended poll unsuccessful point #123 [ h=0 f=9.1280937194800003637e-05 ]
						} 

					} end of evaluations


				} 


				extended poll center: (  7100     0 )

				perform extended poll descent ...... no

				extended poll point eval {

					extended poll point = (  5810     0 )

					list of points evaluation (extended poll) {

						evaluation 1/1 {

							point #247 ( 5810  0 )
							mesh index : 1

							cache hit: #247 --> #124
							extended poll unsuccessful point #124 [ h=0 f=8.7788105010999997746e-05 ]
						} 

					} end of evaluations


				} 


				extended poll center: (  5810     0 )

				perform extended poll descent ...... no

				extended poll point eval {

					extended poll point = (  6890     0 )

					list of points evaluation (extended poll) {

						evaluation 1/1 {

							point #248 ( 6890  0 )
							mesh index : 1

							cache hit: #248 --> #125
							extended poll unsuccessful point #125 [ h=0 f=0.000124769210815000003 ]
						} 

					} end of evaluations


				} 


				extended poll center: (  6890     0 )

				perform extended poll descent ...... no

				extended poll point eval {

					extended poll point = (  7322     0 )

					list of points evaluation (extended poll) {

						evaluation 1/1 {

							point #249 ( 7322  0 )
							mesh index : 1

							cache hit: #249 --> #126
							extended poll unsuccessful point #126 [ h=0 f=0.0001133894920350000051 ]
						} 

					} end of evaluations


				} 


				extended poll center: (  7322     0 )

				perform extended poll descent ...... no

				extended poll point eval {

					extended poll point = (  7112     0 )

					list of points evaluation (extended poll) {

						evaluation 1/1 {

							point #250 ( 7112  0 )
							mesh index : 1

							cache hit: #250 --> #127
							extended poll unsuccessful point #127 [ h=0 f=9.0289115905800001929e-05 ]
						} 

					} end of evaluations


				} 


				extended poll center: (  7112     0 )

				perform extended poll descent ...... no

				extended poll point eval {

					extended poll point = ( 266522     0 )

					list of points evaluation (extended poll) {

						evaluation 1/1 {

							point #251 ( 266522  0 )
							mesh index : 1

							cache hit: #251 --> #128
							extended poll unsuccessful point #128 [ h=0 f=0.00012456893920899999185 ]
						} 

					} end of evaluations


				} 


				extended poll center: ( 266522     0 )

				perform extended poll descent ...... no

				extended poll point eval {

					extended poll point = ( 274298     0 )

					list of points evaluation (extended poll) {

						evaluation 1/1 {

							point #252 ( 274298  0 )
							mesh index : 1

							cache hit: #252 --> #129
							extended poll unsuccessful point #129 [ h=0 f=0.00014702796935999999802 ]
						} 

					} end of evaluations


				} 


				extended poll center: ( 274298     0 )

				perform extended poll descent ...... no

				extended poll point eval {

					extended poll point = (  7107     0 )

					list of points evaluation (extended poll) {

						evaluation 1/1 {

							point #253 ( 7107  0 )
							mesh index : 1

							cache hit: #253 --> #130
							extended poll unsuccessful point #130 [ h=0 f=9.2940330505399999664e-05 ]
						} 

					} end of evaluations


				} 


				extended poll center: (  7107     0 )

				perform extended poll descent ...... no

				extended poll point eval {

					extended poll point = ( 256448     0 )

					list of points evaluation (extended poll) {

						evaluation 1/1 {

							point #254 ( 256448  0 )
							mesh index : 1

							cache hit: #254 --> #131
							extended poll unsuccessful point #131 [ h=0 f=0.00010207891464200000403 ]
						} 

					} end of evaluations


				} 


				extended poll center: ( 256448     0 )

				perform extended poll descent ...... no

				extended poll point eval {

					extended poll point = ( 255933     0 )

					list of points evaluation (extended poll) {

						evaluation 1/1 {

							point #255 ( 255933  0 )
							mesh index : 1

							cache hit: #255 --> #132
							extended poll unsuccessful point #132 [ h=0 f=9.6461772918700000395e-05 ]
						} 

					} end of evaluations


				} 


				extended poll center: ( 255933     0 )

				perform extended poll descent ...... no

			} end of extended poll

		} end of poll

		Mesh update {
			previous mesh index: 1
			new mesh index     : 2
		} 


		terminate MADS       : no
		iteration status     : unsuccessful
		new feas. incumbent  : none
		new infeas. incumbent: none

	} end of iteration 5

	MADS iteration 6 {

		blackbox evaluations : 26
		best feas. solution  : ( 7106  0 ) h=0 f=7.9698562622099999582e-05
		best infeas. solution: none
		poll center          : ( 7106  0 )
		mesh size            : ( 0.0625 0.0625 )
		poll size            : ( 0.25 0.25 )
		mesh index           : 2
		h_max                : inf

		MADS search {
		} end of search

		MADS poll {

			poll center: ( 7106  0 )

			poll directions (include mesh size parameter) {
				dir 0 : (  0 -1 ) Ortho-MADS 2n
				dir 1 : (  0  1 ) Ortho-MADS 2n
			} 

			re-ordered list of 2 poll trial points {
				#262 : ( 7106 -1 ) (dir 0)
				#263 : ( 7106  1 ) (dir 1)
			} 

			list of points evaluation (poll) {

				surrogate evaluation 1/2 {

					point #262 ( 7106 -1 )
					direction  : (  0 -1 ) Ortho-MADS 2n
					mesh index : 2

					surrogate cache hit: #262 --> #139

					point #139 sgte eval: failed
				} 

				surrogate evaluation 2/2 {

					point #263 ( 7106  1 )
					direction  : (  0  1 ) Ortho-MADS 2n
					mesh index : 2

					surrogate cache hit: #263 --> #140

					point #140 sgte eval: failed
				} 

			} end of evaluations

			re-ordered list of 2 poll trial points {

				#264: ( 7106 -1 ) (dir 0)
				#265: ( 7106  1 ) (dir 1)
			} 

			list of points evaluation (poll) {

				evaluation 1/2 {

					point #264 ( 7106 -1 )
					direction  : (  0 -1 ) Ortho-MADS 2n
					mesh index : -1

					cache hit: #264 --> #141
					poll unsuccessful point #141: evaluation failed
				} 

				evaluation 2/2 {

					point #265 ( 7106  1 )
					direction  : (  0  1 ) Ortho-MADS 2n
					mesh index : -1

					cache hit: #265 --> #142
					poll unsuccessful point #142: evaluation failed
				} 

			} end of evaluations


			MADS extended poll {


				extended poll pts sorting (on surrogates) {


					list of points evaluation (extended poll) {

						surrogate evaluation 1/16 {

							point #266 ( 5810  0 )
							mesh index : 2

							surrogate cache hit: #266 --> #102

							point #102 sgte eval: h=0 f=0.0010151147842400001006
						} 

						surrogate evaluation 2/16 {

							point #267 ( 6890  0 )
							mesh index : 2

							surrogate cache hit: #267 --> #56

							point #56 sgte eval: h=0 f=0.0010187864303600000643
						} 

						surrogate evaluation 3/16 {

							point #268 ( 7322  0 )
							mesh index : 2

							surrogate cache hit: #268 --> #104

							point #104 sgte eval: h=0 f=0.0010566949844399999535
						} 

						surrogate evaluation 4/16 {

							point #269 ( 266522  0 )
							mesh index : 2

							surrogate cache hit: #269 --> #105

							point #105 sgte eval: h=0 f=0.001302385330200000026
						} 

						surrogate evaluation 5/16 {

							point #270 ( 274298  0 )
							mesh index : 2

							surrogate cache hit: #270 --> #106

							point #106 sgte eval: h=0 f=0.0013055086135899999188
						} 

						surrogate evaluation 6/16 {

							point #271 ( 7070  0 )
							mesh index : 2

							surrogate cache hit: #271 --> #107

							point #107 sgte eval: h=0 f=0.00086879730224599996651
						} 

						surrogate evaluation 7/16 {

							point #272 ( 194  0 )
							mesh index : 2

							surrogate cache hit: #272 --> #108

							point #108 sgte eval: h=0 f=0.00097148418426499995749
						} 

						surrogate evaluation 8/16 {

							point #273 ( 194  0 )
							mesh index : 2

							surrogate cache hit: #273 --> #108

							point #108 sgte eval: h=0 f=0.00097148418426499995749
						} 

						surrogate evaluation 9/16 {

							point #274 ( 7100  0 )
							mesh index : 2

							surrogate cache hit: #274 --> #110

							point #110 sgte eval: h=0 f=0.00097520351409900003174
						} 

						surrogate evaluation 10/16 {

							point #275 ( 7112  0 )
							mesh index : 2

							surrogate cache hit: #275 --> #111

							point #111 sgte eval: h=0 f=0.0011396884918199999027
						} 

						surrogate evaluation 11/16 {

							point #276 ( 256232  0 )
							mesh index : 2

							surrogate cache hit: #276 --> #112

							point #112 sgte eval: h=0 f=0.00085320472717299996809
						} 

						surrogate evaluation 12/16 {

							point #277 ( 256448  0 )
							mesh index : 2

							surrogate cache hit: #277 --> #113

							point #113 sgte eval: h=0 f=0.00165100097656000009
						} 

						surrogate evaluation 13/16 {

							point #278 ( 7105  0 )
							mesh index : 2

							surrogate cache hit: #278 --> #114

							point #114 sgte eval: h=0 f=0.00083110332489000002254
						} 

						surrogate evaluation 14/16 {

							point #279 ( 7107  0 )
							mesh index : 2

							surrogate cache hit: #279 --> #115

							point #115 sgte eval: h=0 f=0.0013097047805800000192
						} 

						surrogate evaluation 15/16 {

							point #280 ( 255897  0 )
							mesh index : 2

							surrogate cache hit: #280 --> #116

							point #116 sgte eval: h=0 f=0.00093259811401400004131
						} 

						surrogate evaluation 16/16 {

							point #281 ( 255933  0 )
							mesh index : 2

							surrogate cache hit: #281 --> #117

							point #117 sgte eval: h=0 f=0.0018097162246699998941
						} 

					} end of evaluations


					sorted ext poll pts {

						point # 1/15 : (  7105     0 )
						point # 2/15 : ( 256232     0 )
						point # 3/15 : (  7070     0 )
						point # 4/15 : ( 255897     0 )
						point # 5/15 : (   194     0 )
						point # 6/15 : (  7100     0 )
						point # 7/15 : (  5810     0 )
						point # 8/15 : (  6890     0 )
						point # 9/15 : (  7322     0 )
						point #10/15 : (  7112     0 )
						point #11/15 : ( 266522     0 )
						point #12/15 : ( 274298     0 )
						point #13/15 : (  7107     0 )
						point #14/15 : ( 256448     0 )
						point #15/15 : ( 255933     0 )

					} 


				} end of ext poll pts sorting (on surrogates)


				extended poll point eval {

					extended poll point = (  7105     0 )

					list of points evaluation (extended poll) {

						evaluation 1/1 {

							point #282 ( 7105  0 )
							mesh index : 2

							cache hit: #282 --> #118
							extended poll unsuccessful point #118 [ h=0 f=0.00011378049850500000014 ]
						} 

					} end of evaluations


				} 


				extended poll center: (  7105     0 )

				perform extended poll descent ...... no

				extended poll point eval {

					extended poll point = ( 256232     0 )

					list of points evaluation (extended poll) {

						evaluation 1/1 {

							point #283 ( 256232  0 )
							mesh index : 2

							cache hit: #283 --> #119
							extended poll unsuccessful point #119 [ h=0 f=8.970022201539999988e-05 ]
						} 

					} end of evaluations


				} 


				extended poll center: ( 256232     0 )

				perform extended poll descent ...... no

				extended poll point eval {

					extended poll point = (  7070     0 )

					list of points evaluation (extended poll) {

						evaluation 1/1 {

							point #284 ( 7070  0 )
							mesh index : 2

							cache hit: #284 --> #120
							extended poll unsuccessful point #120 [ h=0 f=8.5048675537100003156e-05 ]
						} 

					} end of evaluations


				} 


				extended poll center: (  7070     0 )

				perform extended poll descent ...... yes

				extended poll descent (on surrogates) {

					       iteration = 6
					 blackbox eval.  = 26
					      sgte eval. = 71
					      mesh index = 2
					ext. poll center = (  7070     0 ) f=8.5048675537100003156e-05 h=0


					MADS run {

						71+SGTE	OBJ	(ext-poll--surrogate)

						71+ 0	0.00086879730224599997	(ext-poll--surrogate)

					} end of run (max mesh index)

					blackbox evaluations    : 0
					best feasible solution  : ( 7070 0 ) h=0 f=0.00086879730224599996651

				} end of extended poll descent (unsuccessful)


				extended poll point eval {

					extended poll point = ( 255897     0 )

					list of points evaluation (extended poll) {

						evaluation 1/1 {

							point #285 ( 255897  0 )
							mesh index : 2

							cache hit: #285 --> #121
							extended poll unsuccessful point #121 [ h=0 f=0.00010504007339499999503 ]
						} 

					} end of evaluations


				} 


				extended poll center: ( 255897     0 )

				perform extended poll descent ...... no

				extended poll point eval {

					extended poll point = (   194     0 )

					list of points evaluation (extended poll) {

						evaluation 1/1 {

							point #286 ( 194  0 )
							mesh index : 2

							cache hit: #286 --> #122
							extended poll unsuccessful point #122 [ h=0 f=8.6200237274199997643e-05 ]
						} 

					} end of evaluations


				} 


				extended poll center: (   194     0 )

				perform extended poll descent ...... yes

				extended poll descent (on surrogates) {

					       iteration = 6
					 blackbox eval.  = 26
					      sgte eval. = 71
					      mesh index = 2
					ext. poll center = (   194     0 ) f=8.6200237274199997643e-05 h=0


					MADS run {

						71+SGTE	OBJ	(ext-poll--surrogate)

						71+ 0	0.00097148418426499996	(ext-poll--surrogate)

					} end of run (max mesh index)

					blackbox evaluations    : 0
					best feasible solution  : ( 194 0 ) h=0 f=0.00097148418426499995749

				} end of extended poll descent (unsuccessful)


				extended poll point eval {

					extended poll point = (  7100     0 )

					list of points evaluation (extended poll) {

						evaluation 1/1 {

							point #287 ( 7100  0 )
							mesh index : 2

							cache hit: #287 --> #123
							extended poll unsuccessful point #123 [ h=0 f=9.1280937194800003637e-05 ]
						} 

					} end of evaluations


				} 


				extended poll center: (  7100     0 )

				perform extended poll descent ...... no

				extended poll point eval {

					extended poll point = (  5810     0 )

					list of points evaluation (extended poll) {

						evaluation 1/1 {

							point #288 ( 5810  0 )
							mesh index : 2

							cache hit: #288 --> #124
							extended poll unsuccessful point #124 [ h=0 f=8.7788105010999997746e-05 ]
						} 

					} end of evaluations


				} 


				extended poll center: (  5810     0 )

				perform extended poll descent ...... no

				extended poll point eval {

					extended poll point = (  6890     0 )

					list of points evaluation (extended poll) {

						evaluation 1/1 {

							point #289 ( 6890  0 )
							mesh index : 2

							cache hit: #289 --> #125
							extended poll unsuccessful point #125 [ h=0 f=0.000124769210815000003 ]
						} 

					} end of evaluations


				} 


				extended poll center: (  6890     0 )

				perform extended poll descent ...... no

				extended poll point eval {

					extended poll point = (  7322     0 )

					list of points evaluation (extended poll) {

						evaluation 1/1 {

							point #290 ( 7322  0 )
							mesh index : 2

							cache hit: #290 --> #126
							extended poll unsuccessful point #126 [ h=0 f=0.0001133894920350000051 ]
						} 

					} end of evaluations


				} 


				extended poll center: (  7322     0 )

				perform extended poll descent ...... no

				extended poll point eval {

					extended poll point = (  7112     0 )

					list of points evaluation (extended poll) {

						evaluation 1/1 {

							point #291 ( 7112  0 )
							mesh index : 2

							cache hit: #291 --> #127
							extended poll unsuccessful point #127 [ h=0 f=9.0289115905800001929e-05 ]
						} 

					} end of evaluations


				} 


				extended poll center: (  7112     0 )

				perform extended poll descent ...... no

				extended poll point eval {

					extended poll point = ( 266522     0 )

					list of points evaluation (extended poll) {

						evaluation 1/1 {

							point #292 ( 266522  0 )
							mesh index : 2

							cache hit: #292 --> #128
							extended poll unsuccessful point #128 [ h=0 f=0.00012456893920899999185 ]
						} 

					} end of evaluations


				} 


				extended poll center: ( 266522     0 )

				perform extended poll descent ...... no

				extended poll point eval {

					extended poll point = ( 274298     0 )

					list of points evaluation (extended poll) {

						evaluation 1/1 {

							point #293 ( 274298  0 )
							mesh index : 2

							cache hit: #293 --> #129
							extended poll unsuccessful point #129 [ h=0 f=0.00014702796935999999802 ]
						} 

					} end of evaluations


				} 


				extended poll center: ( 274298     0 )

				perform extended poll descent ...... no

				extended poll point eval {

					extended poll point = (  7107     0 )

					list of points evaluation (extended poll) {

						evaluation 1/1 {

							point #294 ( 7107  0 )
							mesh index : 2

							cache hit: #294 --> #130
							extended poll unsuccessful point #130 [ h=0 f=9.2940330505399999664e-05 ]
						} 

					} end of evaluations


				} 


				extended poll center: (  7107     0 )

				perform extended poll descent ...... no

				extended poll point eval {

					extended poll point = ( 256448     0 )

					list of points evaluation (extended poll) {

						evaluation 1/1 {

							point #295 ( 256448  0 )
							mesh index : 2

							cache hit: #295 --> #131
							extended poll unsuccessful point #131 [ h=0 f=0.00010207891464200000403 ]
						} 

					} end of evaluations


				} 


				extended poll center: ( 256448     0 )

				perform extended poll descent ...... no

				extended poll point eval {

					extended poll point = ( 255933     0 )

					list of points evaluation (extended poll) {

						evaluation 1/1 {

							point #296 ( 255933  0 )
							mesh index : 2

							cache hit: #296 --> #132
							extended poll unsuccessful point #132 [ h=0 f=9.6461772918700000395e-05 ]
						} 

					} end of evaluations


				} 


				extended poll center: ( 255933     0 )

				perform extended poll descent ...... no

			} end of extended poll

		} end of poll

		Mesh update {
			previous mesh index: 2
			new mesh index     : 3
		} 


		terminate MADS       : yes
		termination cause    : max mesh index
		iteration status     : unsuccessful
		new feas. incumbent  : none
		new infeas. incumbent: none

	} end of iteration 6

} end of run (max mesh index)

NOMAD final display {

	cache {
		number of cache points: 26
		size in memory        : 3.2999999999999998224 KB
		cache file            : -
	} 

	stats {
		MADS iterations                 : 7
		blackbox evaluations            : 26
		simulated blackbox evaluations  : 0
		evaluations                     : 92
		surrogate evaluations           : 71
		failed evaluations              : 24
		interrupted sequences of eval.  : 0
		cache hits                      : 165
		number of poll searches         : 7
		poll successes                  : 2
		poll points                     : 14
		number of extended polls        : 7
		number of ext. poll descents    : 10
		number of ext. poll successes   : 2
		number of ext. poll points      : 203
		number of ext. poll bb eval     : 17
		number of speculative searches  : 2
		speculative search successes    : 0
		speculative search points       : 0
		number of user searches         : 0
		number of LH searches           : 0
		number of cache searches        : 0
		number of VNS searches          : 0
		no model has been constructed
		wall-clock time                 : 3m 6s
	} 

	miscellaneous {
		mesh index      : min=-2, max=3, last=2
		best feas. sol  : ( 7106 0 ) h=0 f=7.9698562622099999582e-05
		best infeas. sol: none
	} 
} 
