
NOMAD - version 3.5.1 - www.gerad.ca/nomad

Copyright (C) 2001-2012 {
	Mark A. Abramson     - The Boeing Company
	Charles Audet        - Ecole Polytechnique de Montreal
	Gilles Couture       - Ecole Polytechnique de Montreal
	John E. Dennis, Jr.  - Rice University
	Sebastien Le Digabel - Ecole Polytechnique de Montreal
	Christophe Tribes    - Ecole Polytechnique de Montreal
} 

Funded in part by AFOSR and Exxon Mobil.

License   : '$NOMAD_HOME/src/lgpl.txt'
User guide: '$NOMAD_HOME/doc/user_guide.pdf'
Examples  : '$NOMAD_HOME/examples'
Tools     : '$NOMAD_HOME/tools'

Please report bugs to nomad@gerad.ca

parameters {

	problem directory    : ./
	dimension            : n=2
	blackbox input types : (   cat(C)   int(I) )
	extended poll trigger: 0.1 (relative)
	neighbors executable : $python neighbors.py
	variable groups {
		group #0 {
			indexes: { 0 }
			no directions (categorical variables)
		} 
		group #1 {
			indexes: { 1 }
			directions {
				n             : 1
				types         : { [Ortho-MADS 2n] }
				sec poll types: { }
				halton_seed   : 3
			} 
		} 
	} 
	blackbox outputs (m=1) {
		#0          OBJ	$python blackbox.py
	} 
	signature                       : standard
	has surrogate                   : no
	add seed to output file names   : yes
	solution file                   : nomad-solution.17571.txt
	history file                    : none
	stats file                      : none
	cache file                      : none
	x0                              : ( 555111511    0 )
	directions         : Ortho-MADS 2n
	user halton seed   : 3
	mesh {
		update basis       :   4
		coarsening exponent:   1
		refining exponent  :  -1
		initial mesh index :   0
		max mesh index     :   2
		initial mesh size  : (    1    1 )
		min poll size      : (  NaN    1 )
	} 
	snap to bounds                   : yes
	opportunistic evaluations        : yes
	use models                       : no
	speculative search               : yes
	VNS search                       : no
	Latin-Hypercube (LH) search      : no
	cache search                     : no
	random seed / run id             : 17571
	epsilon                          : 1e-13
	undefined string                 : NaN
	infinity string                  : inf
	display degrees {
		general  : full (3)
		search   : full (3)
		poll     : full (3)
		iterative: full (3)
	} 
	display stats                : EVAL BBE [ SOL, ] BBO TIME
	display all evaluations      : no
	point display limit          : no limit
	max number of blackbox eval. : 100
	max cache memory             : 2000 MB
} 

MADS run {

	starting point evaluation {

		x0 eval point: ( 555111511  0 )

		list of points evaluation (x0 evaluation) {

			evaluation 1/1 {

				point #0 ( 555111511  0 )


				x0 evaluation dominating point #0 {
					x    = ( 555111511  0 )
					F(x) = [ 0.1005506515 ]
					h    = 0
					f    = 0.1005506515
				} 
			} 

		} end of evaluations


		terminate MADS       : no
		iteration status     : dominating
		new feas. incumbent  : #0 {
			x    = ( 555111511  0 )
			F(x) = [ 0.1005506515 ]
			h    = 0
			f    = 0.1005506515
		} 
		new infeas. incumbent: none

	} end of starting point evaluation

	MADS iteration 0 {

		blackbox evaluations : 1
		best feas. solution  : ( 555111511  0 ) h=0 f=0.1005506515
		best infeas. solution: none
		poll center          : ( 555111511  0 )
		mesh size            : (  1  1 )
		poll size            : (  1  1 )
		mesh index           : 0
		h_max                : inf

		MADS search {
		} end of search

		MADS poll {

			poll center: ( 555111511  0 )

			poll directions (include mesh size parameter) {
				dir 0 : (  0 -1 ) Ortho-MADS 2n
				dir 1 : (  0  1 ) Ortho-MADS 2n
			} 

			re-ordered list of 2 poll trial points {
				#1 : ( 555111511 -1 ) (dir 0)
				#2 : ( 555111511  1 ) (dir 1)
			} 

			list of points evaluation (poll) {

				evaluation 1/2 {

					point #1 ( 555111511 -1 )
					direction  : (  0 -1 ) Ortho-MADS 2n
					mesh index : 0

					poll unsuccessful point #1: evaluation failed
				} 

				evaluation 2/2 {

					point #2 ( 555111511  1 )
					direction  : (  0  1 ) Ortho-MADS 2n
					mesh index : 0

					poll unsuccessful point #2: evaluation failed
				} 

			} end of evaluations


			MADS extended poll {


				extended poll pts sorting {


					list of points evaluation (extended poll) {

						evaluation 1/28 {

							point #3 ( 455111511  0 )
							mesh index : 0

							extended poll unsuccessful point #3 [ h=0 f=0.1263012886 ]
						} 

						evaluation 2/28 {

							point #4 ( 545111511  0 )
							mesh index : 0

							extended poll unsuccessful point #4 [ h=0 f=0.1265304089 ]
						} 

						evaluation 3/28 {

							point #5 ( 554111511  0 )
							mesh index : 0

							extended poll unsuccessful point #5 [ h=0 f=0.1134352684 ]
						} 

						evaluation 4/28 {

							point #6 ( 5511511  0 )
							mesh index : 0


							extended poll dominating point #6 {
								x    = ( 5511511  0 )
								F(x) = [ 0.09193205833 ]
								h    = 0
								f    = 0.09193205833
							} 

							opport. strategy: stop evaluations
						} 

					} end of evaluations


				} end of ext poll pts sorting (success)


			} end of extended poll

		} end of poll

		Mesh update {
			previous mesh index: 0
			new mesh index     : -1
		} 


		terminate MADS       : no
		iteration status     : dominating
		new feas. incumbent  : #6 {
			x    = ( 5511511  0 )
			F(x) = [ 0.09193205833 ]
			h    = 0
			f    = 0.09193205833
		} 
		new infeas. incumbent: none

	} end of iteration 0

	MADS iteration 1 {

		blackbox evaluations : 7
		best feas. solution  : ( 5511511  0 ) h=0 f=0.09193205833
		best infeas. solution: none
		poll center          : ( 5511511  0 )
		mesh size            : (  1  1 )
		poll size            : (  2  2 )
		mesh index           : -1
		h_max                : inf

		MADS search {

			speculative search {

			} end of speculative search (unsuccessful)

		} end of search

		MADS poll {

			poll center: ( 5511511  0 )

			poll directions (include mesh size parameter) {
				dir 0 : (  0 -1 ) Ortho-MADS 2n
				dir 1 : (  0  1 ) Ortho-MADS 2n
			} 

			re-ordered list of 2 poll trial points {
				#31 : ( 5511511 -1 ) (dir 0)
				#32 : ( 5511511  1 ) (dir 1)
			} 

			list of points evaluation (poll) {

				evaluation 1/2 {

					point #31 ( 5511511 -1 )
					direction  : (  0 -1 ) Ortho-MADS 2n
					mesh index : -1

					poll unsuccessful point #31: evaluation failed
				} 

				evaluation 2/2 {

					point #32 ( 5511511  1 )
					direction  : (  0  1 ) Ortho-MADS 2n
					mesh index : -1

					poll unsuccessful point #32: evaluation failed
				} 

			} end of evaluations


			MADS extended poll {


				extended poll pts sorting {


					list of points evaluation (extended poll) {

						evaluation 1/23 {

							point #33 ( 4511511  0 )
							mesh index : -1

							extended poll unsuccessful point #33 [ h=0 f=0.1026058197 ]
						} 

						evaluation 2/23 {

							point #34 ( 5411511  0 )
							mesh index : -1

							extended poll unsuccessful point #34 [ h=0 f=0.1051418781 ]
						} 

						evaluation 3/23 {

							point #35 ( 51511  0 )
							mesh index : -1

							extended poll unsuccessful point #35: evaluation failed
						} 

						evaluation 4/23 {

							point #36 ( 51511  0 )
							mesh index : -1

							cache hit: #36 --> #35
							extended poll unsuccessful point #35: evaluation failed
						} 

						evaluation 5/23 {

							point #37 ( 5521511  0 )
							mesh index : -1

							extended poll unsuccessful point #37 [ h=0 f=0.1385052204 ]
						} 

						evaluation 6/23 {

							point #38 ( 5531511  0 )
							mesh index : -1

							extended poll unsuccessful point #38 [ h=0 f=0.144118309 ]
						} 

						evaluation 7/23 {

							point #39 ( 554231511  0 )
							mesh index : -1

							extended poll unsuccessful point #39 [ h=0 f=0.146597147 ]
						} 

						evaluation 8/23 {

							point #40 ( 555231511  0 )
							mesh index : -1

							extended poll unsuccessful point #40 [ h=0 f=0.1290781498 ]
						} 

						evaluation 9/23 {

							point #41 ( 5512511  0 )
							mesh index : -1

							extended poll unsuccessful point #41 [ h=0 f=0.1562693119 ]
						} 

						evaluation 10/23 {

							point #42 ( 5513511  0 )
							mesh index : -1

							extended poll unsuccessful point #42 [ h=0 f=0.1372201443 ]
						} 

						evaluation 11/23 {

							point #43 ( 551423511  0 )
							mesh index : -1

							extended poll unsuccessful point #43 [ h=0 f=0.1555728912 ]
						} 

						evaluation 12/23 {

							point #44 ( 551523511  0 )
							mesh index : -1

							extended poll unsuccessful point #44: evaluation failed
						} 

						evaluation 13/23 {

							point #45 ( 5511411  0 )
							mesh index : -1

							extended poll unsuccessful point #45 [ h=0 f=0.1086387634 ]
						} 

						evaluation 14/23 {

							point #46 ( 55111  0 )
							mesh index : -1

							extended poll unsuccessful point #46 [ h=0 f=0.09268283844 ]
						} 

						evaluation 15/23 {

							point #47 ( 55111  0 )
							mesh index : -1

							cache hit: #47 --> #46
							extended poll unsuccessful point #46 [ h=0 f=0.09268283844 ]
						} 

						evaluation 16/23 {

							point #48 ( 5511521  0 )
							mesh index : -1

							extended poll unsuccessful point #48 [ h=0 f=0.1498272419 ]
						} 

						evaluation 17/23 {

							point #49 ( 5511531  0 )
							mesh index : -1

							extended poll unsuccessful point #49 [ h=0 f=0.1430959702 ]
						} 

						evaluation 18/23 {

							point #50 ( 551154231  0 )
							mesh index : -1

							extended poll unsuccessful point #50 [ h=0 f=0.1464555264 ]
						} 

						evaluation 19/23 {

							point #51 ( 551155231  0 )
							mesh index : -1

							extended poll unsuccessful point #51 [ h=0 f=0.1439535618 ]
						} 

						evaluation 20/23 {

							point #52 ( 5511512  0 )
							mesh index : -1

							extended poll unsuccessful point #52 [ h=0 f=0.13499403 ]
						} 

						evaluation 21/23 {

							point #53 ( 5511513  0 )
							mesh index : -1

							extended poll unsuccessful point #53 [ h=0 f=0.1331071854 ]
						} 

						evaluation 22/23 {

							point #54 ( 551151423  0 )
							mesh index : -1

							extended poll unsuccessful point #54 [ h=0 f=0.1422307491 ]
						} 

						evaluation 23/23 {

							point #55 ( 551151523  0 )
							mesh index : -1

							extended poll unsuccessful point #55 [ h=0 f=0.1369116306 ]
						} 

					} end of evaluations


					sorted ext poll pts {

						point # 1/21 : ( 55111     0 )
						point # 2/21 : ( 4511511     0 )
						point # 3/21 : ( 5411511     0 )
						point # 4/21 : ( 5511411     0 )
						point # 5/21 : ( 555231511     0 )
						point # 6/21 : ( 5511513     0 )
						point # 7/21 : ( 5511512     0 )
						point # 8/21 : ( 551151523     0 )
						point # 9/21 : ( 5513511     0 )
						point #10/21 : ( 5521511     0 )
						point #11/21 : ( 551151423     0 )
						point #12/21 : ( 5511531     0 )
						point #13/21 : ( 551155231     0 )
						point #14/21 : ( 5531511     0 )
						point #15/21 : ( 551154231     0 )
						point #16/21 : ( 554231511     0 )
						point #17/21 : ( 5511521     0 )
						point #18/21 : ( 551423511     0 )
						point #19/21 : ( 5512511     0 )
						point #20/21 : ( 51511     0 )
						point #21/21 : ( 551523511     0 )

					} 


				} end of ext poll pts sorting


				extended poll point eval {

					extended poll point = ( 55111     0 )

					list of points evaluation (extended poll) {

						evaluation 1/1 {

							point #56 ( 55111  0 )
							mesh index : -1

							cache hit: #56 --> #46
							extended poll unsuccessful point #46 [ h=0 f=0.09268283844 ]
						} 

					} end of evaluations


				} 


				extended poll center: ( 55111     0 )

				perform extended poll descent ...... yes

				extended poll descent {

					       iteration = 1
					 blackbox eval.  = 30
					      mesh index = -1
					ext. poll center = ( 55111     0 ) f=0.09268283844 h=0


					MADS run {

						30+BBE	OBJ	(ext-poll)

						30+ 0	0.0926828384	(ext-poll)
						30+ 2	0.0926828384	(ext-poll)

					} end of run (max mesh index)

					blackbox evaluations    : 2
					best feasible solution  : ( 55111 0 ) h=0 f=0.09268283844

				} end of extended poll descent (unsuccessful)


				extended poll point eval {

					extended poll point = ( 4511511     0 )

					list of points evaluation (extended poll) {

						evaluation 1/1 {

							point #57 ( 4511511  0 )
							mesh index : -1

							cache hit: #57 --> #33
							extended poll unsuccessful point #33 [ h=0 f=0.1026058197 ]
						} 

					} end of evaluations


				} 


				extended poll center: ( 4511511     0 )

				perform extended poll descent ...... no

				extended poll point eval {

					extended poll point = ( 5411511     0 )

					list of points evaluation (extended poll) {

						evaluation 1/1 {

							point #58 ( 5411511  0 )
							mesh index : -1

							cache hit: #58 --> #34
							extended poll unsuccessful point #34 [ h=0 f=0.1051418781 ]
						} 

					} end of evaluations


				} 


				extended poll center: ( 5411511     0 )

				perform extended poll descent ...... no

				extended poll point eval {

					extended poll point = ( 5511411     0 )

					list of points evaluation (extended poll) {

						evaluation 1/1 {

							point #59 ( 5511411  0 )
							mesh index : -1

							cache hit: #59 --> #45
							extended poll unsuccessful point #45 [ h=0 f=0.1086387634 ]
						} 

					} end of evaluations


				} 


				extended poll center: ( 5511411     0 )

				perform extended poll descent ...... no

				extended poll point eval {

					extended poll point = ( 555231511     0 )

					list of points evaluation (extended poll) {

						evaluation 1/1 {

							point #60 ( 555231511  0 )
							mesh index : -1

							cache hit: #60 --> #40
							extended poll unsuccessful point #40 [ h=0 f=0.1290781498 ]
						} 

					} end of evaluations


				} 


				extended poll center: ( 555231511     0 )

				perform extended poll descent ...... no

				extended poll point eval {

					extended poll point = ( 5511513     0 )

					list of points evaluation (extended poll) {

						evaluation 1/1 {

							point #61 ( 5511513  0 )
							mesh index : -1

							cache hit: #61 --> #53
							extended poll unsuccessful point #53 [ h=0 f=0.1331071854 ]
						} 

					} end of evaluations


				} 


				extended poll center: ( 5511513     0 )

				perform extended poll descent ...... no

				extended poll point eval {

					extended poll point = ( 5511512     0 )

					list of points evaluation (extended poll) {

						evaluation 1/1 {

							point #62 ( 5511512  0 )
							mesh index : -1

							cache hit: #62 --> #52
							extended poll unsuccessful point #52 [ h=0 f=0.13499403 ]
						} 

					} end of evaluations


				} 


				extended poll center: ( 5511512     0 )

				perform extended poll descent ...... no

				extended poll point eval {

					extended poll point = ( 551151523     0 )

					list of points evaluation (extended poll) {

						evaluation 1/1 {

							point #63 ( 551151523  0 )
							mesh index : -1

							cache hit: #63 --> #55
							extended poll unsuccessful point #55 [ h=0 f=0.1369116306 ]
						} 

					} end of evaluations


				} 


				extended poll center: ( 551151523     0 )

				perform extended poll descent ...... no

				extended poll point eval {

					extended poll point = ( 5513511     0 )

					list of points evaluation (extended poll) {

						evaluation 1/1 {

							point #64 ( 5513511  0 )
							mesh index : -1

							cache hit: #64 --> #42
							extended poll unsuccessful point #42 [ h=0 f=0.1372201443 ]
						} 

					} end of evaluations


				} 


				extended poll center: ( 5513511     0 )

				perform extended poll descent ...... no

				extended poll point eval {

					extended poll point = ( 5521511     0 )

					list of points evaluation (extended poll) {

						evaluation 1/1 {

							point #65 ( 5521511  0 )
							mesh index : -1

							cache hit: #65 --> #37
							extended poll unsuccessful point #37 [ h=0 f=0.1385052204 ]
						} 

					} end of evaluations


				} 


				extended poll center: ( 5521511     0 )

				perform extended poll descent ...... no

				extended poll point eval {

					extended poll point = ( 551151423     0 )

					list of points evaluation (extended poll) {

						evaluation 1/1 {

							point #66 ( 551151423  0 )
							mesh index : -1

							cache hit: #66 --> #54
							extended poll unsuccessful point #54 [ h=0 f=0.1422307491 ]
						} 

					} end of evaluations


				} 


				extended poll center: ( 551151423     0 )

				perform extended poll descent ...... no

				extended poll point eval {

					extended poll point = ( 5511531     0 )

					list of points evaluation (extended poll) {

						evaluation 1/1 {

							point #67 ( 5511531  0 )
							mesh index : -1

							cache hit: #67 --> #49
							extended poll unsuccessful point #49 [ h=0 f=0.1430959702 ]
						} 

					} end of evaluations


				} 


				extended poll center: ( 5511531     0 )

				perform extended poll descent ...... no

				extended poll point eval {

					extended poll point = ( 551155231     0 )

					list of points evaluation (extended poll) {

						evaluation 1/1 {

							point #68 ( 551155231  0 )
							mesh index : -1

							cache hit: #68 --> #51
							extended poll unsuccessful point #51 [ h=0 f=0.1439535618 ]
						} 

					} end of evaluations


				} 


				extended poll center: ( 551155231     0 )

				perform extended poll descent ...... no

				extended poll point eval {

					extended poll point = ( 5531511     0 )

					list of points evaluation (extended poll) {

						evaluation 1/1 {

							point #69 ( 5531511  0 )
							mesh index : -1

							cache hit: #69 --> #38
							extended poll unsuccessful point #38 [ h=0 f=0.144118309 ]
						} 

					} end of evaluations


				} 


				extended poll center: ( 5531511     0 )

				perform extended poll descent ...... no

				extended poll point eval {

					extended poll point = ( 551154231     0 )

					list of points evaluation (extended poll) {

						evaluation 1/1 {

							point #70 ( 551154231  0 )
							mesh index : -1

							cache hit: #70 --> #50
							extended poll unsuccessful point #50 [ h=0 f=0.1464555264 ]
						} 

					} end of evaluations


				} 


				extended poll center: ( 551154231     0 )

				perform extended poll descent ...... no

				extended poll point eval {

					extended poll point = ( 554231511     0 )

					list of points evaluation (extended poll) {

						evaluation 1/1 {

							point #71 ( 554231511  0 )
							mesh index : -1

							cache hit: #71 --> #39
							extended poll unsuccessful point #39 [ h=0 f=0.146597147 ]
						} 

					} end of evaluations


				} 


				extended poll center: ( 554231511     0 )

				perform extended poll descent ...... no

				extended poll point eval {

					extended poll point = ( 5511521     0 )

					list of points evaluation (extended poll) {

						evaluation 1/1 {

							point #72 ( 5511521  0 )
							mesh index : -1

							cache hit: #72 --> #48
							extended poll unsuccessful point #48 [ h=0 f=0.1498272419 ]
						} 

					} end of evaluations


				} 


				extended poll center: ( 5511521     0 )

				perform extended poll descent ...... no

				extended poll point eval {

					extended poll point = ( 551423511     0 )

					list of points evaluation (extended poll) {

						evaluation 1/1 {

							point #73 ( 551423511  0 )
							mesh index : -1

							cache hit: #73 --> #43
							extended poll unsuccessful point #43 [ h=0 f=0.1555728912 ]
						} 

					} end of evaluations


				} 


				extended poll center: ( 551423511     0 )

				perform extended poll descent ...... no

				extended poll point eval {

					extended poll point = ( 5512511     0 )

					list of points evaluation (extended poll) {

						evaluation 1/1 {

							point #74 ( 5512511  0 )
							mesh index : -1

							cache hit: #74 --> #41
							extended poll unsuccessful point #41 [ h=0 f=0.1562693119 ]
						} 

					} end of evaluations


				} 


				extended poll center: ( 5512511     0 )

				perform extended poll descent ...... no

				extended poll point eval {

					extended poll point = ( 51511     0 )

					list of points evaluation (extended poll) {

						evaluation 1/1 {

							point #75 ( 51511  0 )
							mesh index : -1

							cache hit: #75 --> #35
							extended poll unsuccessful point #35: evaluation failed
						} 

					} end of evaluations


				} 


				extended poll center: ( 51511     0 )

				perform extended poll descent ...... no

				extended poll point eval {

					extended poll point = ( 551523511     0 )

					list of points evaluation (extended poll) {

						evaluation 1/1 {

							point #76 ( 551523511  0 )
							mesh index : -1

							cache hit: #76 --> #44
							extended poll unsuccessful point #44: evaluation failed
						} 

					} end of evaluations


				} 


				extended poll center: ( 551523511     0 )

				perform extended poll descent ...... no

			} end of extended poll

		} end of poll

		Mesh update {
			previous mesh index: -1
			new mesh index     : 0
		} 


		terminate MADS       : no
		iteration status     : unsuccessful
		new feas. incumbent  : none
		new infeas. incumbent: none

	} end of iteration 1

	MADS iteration 2 {

		blackbox evaluations : 32
		best feas. solution  : ( 5511511  0 ) h=0 f=0.09193205833
		best infeas. solution: none
		poll center          : ( 5511511  0 )
		mesh size            : (  1  1 )
		poll size            : (  1  1 )
		mesh index           : 0
		h_max                : inf

		MADS search {
		} end of search

		MADS poll {

			poll center: ( 5511511  0 )

			poll directions (include mesh size parameter) {
				dir 0 : (  0 -1 ) Ortho-MADS 2n
				dir 1 : (  0  1 ) Ortho-MADS 2n
			} 

			re-ordered list of 2 poll trial points {
				#80 : ( 5511511 -1 ) (dir 0)
				#81 : ( 5511511  1 ) (dir 1)
			} 

			list of points evaluation (poll) {

				evaluation 1/2 {

					point #80 ( 5511511 -1 )
					direction  : (  0 -1 ) Ortho-MADS 2n
					mesh index : 0

					cache hit: #80 --> #31
					poll unsuccessful point #31: evaluation failed
				} 

				evaluation 2/2 {

					point #81 ( 5511511  1 )
					direction  : (  0  1 ) Ortho-MADS 2n
					mesh index : 0

					cache hit: #81 --> #32
					poll unsuccessful point #32: evaluation failed
				} 

			} end of evaluations


			MADS extended poll {


				extended poll pts sorting {


					list of points evaluation (extended poll) {

						evaluation 1/23 {

							point #82 ( 4511511  0 )
							mesh index : 0

							cache hit: #82 --> #33
							extended poll unsuccessful point #33 [ h=0 f=0.1026058197 ]
						} 

						evaluation 2/23 {

							point #83 ( 5411511  0 )
							mesh index : 0

							cache hit: #83 --> #34
							extended poll unsuccessful point #34 [ h=0 f=0.1051418781 ]
						} 

						evaluation 3/23 {

							point #84 ( 51511  0 )
							mesh index : 0

							cache hit: #84 --> #35
							extended poll unsuccessful point #35: evaluation failed
						} 

						evaluation 4/23 {

							point #85 ( 51511  0 )
							mesh index : 0

							cache hit: #85 --> #35
							extended poll unsuccessful point #35: evaluation failed
						} 

						evaluation 5/23 {

							point #86 ( 5521511  0 )
							mesh index : 0

							cache hit: #86 --> #37
							extended poll unsuccessful point #37 [ h=0 f=0.1385052204 ]
						} 

						evaluation 6/23 {

							point #87 ( 5531511  0 )
							mesh index : 0

							cache hit: #87 --> #38
							extended poll unsuccessful point #38 [ h=0 f=0.144118309 ]
						} 

						evaluation 7/23 {

							point #88 ( 554231511  0 )
							mesh index : 0

							cache hit: #88 --> #39
							extended poll unsuccessful point #39 [ h=0 f=0.146597147 ]
						} 

						evaluation 8/23 {

							point #89 ( 555231511  0 )
							mesh index : 0

							cache hit: #89 --> #40
							extended poll unsuccessful point #40 [ h=0 f=0.1290781498 ]
						} 

						evaluation 9/23 {

							point #90 ( 5512511  0 )
							mesh index : 0

							cache hit: #90 --> #41
							extended poll unsuccessful point #41 [ h=0 f=0.1562693119 ]
						} 

						evaluation 10/23 {

							point #91 ( 5513511  0 )
							mesh index : 0

							cache hit: #91 --> #42
							extended poll unsuccessful point #42 [ h=0 f=0.1372201443 ]
						} 

						evaluation 11/23 {

							point #92 ( 551423511  0 )
							mesh index : 0

							cache hit: #92 --> #43
							extended poll unsuccessful point #43 [ h=0 f=0.1555728912 ]
						} 

						evaluation 12/23 {

							point #93 ( 551523511  0 )
							mesh index : 0

							cache hit: #93 --> #44
							extended poll unsuccessful point #44: evaluation failed
						} 

						evaluation 13/23 {

							point #94 ( 5511411  0 )
							mesh index : 0

							cache hit: #94 --> #45
							extended poll unsuccessful point #45 [ h=0 f=0.1086387634 ]
						} 

						evaluation 14/23 {

							point #95 ( 55111  0 )
							mesh index : 0

							cache hit: #95 --> #46
							extended poll unsuccessful point #46 [ h=0 f=0.09268283844 ]
						} 

						evaluation 15/23 {

							point #96 ( 55111  0 )
							mesh index : 0

							cache hit: #96 --> #46
							extended poll unsuccessful point #46 [ h=0 f=0.09268283844 ]
						} 

						evaluation 16/23 {

							point #97 ( 5511521  0 )
							mesh index : 0

							cache hit: #97 --> #48
							extended poll unsuccessful point #48 [ h=0 f=0.1498272419 ]
						} 

						evaluation 17/23 {

							point #98 ( 5511531  0 )
							mesh index : 0

							cache hit: #98 --> #49
							extended poll unsuccessful point #49 [ h=0 f=0.1430959702 ]
						} 

						evaluation 18/23 {

							point #99 ( 551154231  0 )
							mesh index : 0

							cache hit: #99 --> #50
							extended poll unsuccessful point #50 [ h=0 f=0.1464555264 ]
						} 

						evaluation 19/23 {

							point #100 ( 551155231  0 )
							mesh index : 0

							cache hit: #100 --> #51
							extended poll unsuccessful point #51 [ h=0 f=0.1439535618 ]
						} 

						evaluation 20/23 {

							point #101 ( 5511512  0 )
							mesh index : 0

							cache hit: #101 --> #52
							extended poll unsuccessful point #52 [ h=0 f=0.13499403 ]
						} 

						evaluation 21/23 {

							point #102 ( 5511513  0 )
							mesh index : 0

							cache hit: #102 --> #53
							extended poll unsuccessful point #53 [ h=0 f=0.1331071854 ]
						} 

						evaluation 22/23 {

							point #103 ( 551151423  0 )
							mesh index : 0

							cache hit: #103 --> #54
							extended poll unsuccessful point #54 [ h=0 f=0.1422307491 ]
						} 

						evaluation 23/23 {

							point #104 ( 551151523  0 )
							mesh index : 0

							cache hit: #104 --> #55
							extended poll unsuccessful point #55 [ h=0 f=0.1369116306 ]
						} 

					} end of evaluations


					sorted ext poll pts {

						point # 1/21 : ( 55111     0 )
						point # 2/21 : ( 4511511     0 )
						point # 3/21 : ( 5411511     0 )
						point # 4/21 : ( 5511411     0 )
						point # 5/21 : ( 555231511     0 )
						point # 6/21 : ( 5511513     0 )
						point # 7/21 : ( 5511512     0 )
						point # 8/21 : ( 551151523     0 )
						point # 9/21 : ( 5513511     0 )
						point #10/21 : ( 5521511     0 )
						point #11/21 : ( 551151423     0 )
						point #12/21 : ( 5511531     0 )
						point #13/21 : ( 551155231     0 )
						point #14/21 : ( 5531511     0 )
						point #15/21 : ( 551154231     0 )
						point #16/21 : ( 554231511     0 )
						point #17/21 : ( 5511521     0 )
						point #18/21 : ( 551423511     0 )
						point #19/21 : ( 5512511     0 )
						point #20/21 : ( 51511     0 )
						point #21/21 : ( 551523511     0 )

					} 


				} end of ext poll pts sorting


				extended poll point eval {

					extended poll point = ( 55111     0 )

					list of points evaluation (extended poll) {

						evaluation 1/1 {

							point #105 ( 55111  0 )
							mesh index : 0

							cache hit: #105 --> #46
							extended poll unsuccessful point #46 [ h=0 f=0.09268283844 ]
						} 

					} end of evaluations


				} 


				extended poll center: ( 55111     0 )

				perform extended poll descent ...... yes

				extended poll descent {

					       iteration = 2
					 blackbox eval.  = 32
					      mesh index = 0
					ext. poll center = ( 55111     0 ) f=0.09268283844 h=0


					MADS run {

						32+BBE	OBJ	(ext-poll)

						32+ 0	0.0926828384	(ext-poll)

					} end of run (max mesh index)

					blackbox evaluations    : 0
					best feasible solution  : ( 55111 0 ) h=0 f=0.09268283844

				} end of extended poll descent (unsuccessful)


				extended poll point eval {

					extended poll point = ( 4511511     0 )

					list of points evaluation (extended poll) {

						evaluation 1/1 {

							point #106 ( 4511511  0 )
							mesh index : 0

							cache hit: #106 --> #33
							extended poll unsuccessful point #33 [ h=0 f=0.1026058197 ]
						} 

					} end of evaluations


				} 


				extended poll center: ( 4511511     0 )

				perform extended poll descent ...... no

				extended poll point eval {

					extended poll point = ( 5411511     0 )

					list of points evaluation (extended poll) {

						evaluation 1/1 {

							point #107 ( 5411511  0 )
							mesh index : 0

							cache hit: #107 --> #34
							extended poll unsuccessful point #34 [ h=0 f=0.1051418781 ]
						} 

					} end of evaluations


				} 


				extended poll center: ( 5411511     0 )

				perform extended poll descent ...... no

				extended poll point eval {

					extended poll point = ( 5511411     0 )

					list of points evaluation (extended poll) {

						evaluation 1/1 {

							point #108 ( 5511411  0 )
							mesh index : 0

							cache hit: #108 --> #45
							extended poll unsuccessful point #45 [ h=0 f=0.1086387634 ]
						} 

					} end of evaluations


				} 


				extended poll center: ( 5511411     0 )

				perform extended poll descent ...... no

				extended poll point eval {

					extended poll point = ( 555231511     0 )

					list of points evaluation (extended poll) {

						evaluation 1/1 {

							point #109 ( 555231511  0 )
							mesh index : 0

							cache hit: #109 --> #40
							extended poll unsuccessful point #40 [ h=0 f=0.1290781498 ]
						} 

					} end of evaluations


				} 


				extended poll center: ( 555231511     0 )

				perform extended poll descent ...... no

				extended poll point eval {

					extended poll point = ( 5511513     0 )

					list of points evaluation (extended poll) {

						evaluation 1/1 {

							point #110 ( 5511513  0 )
							mesh index : 0

							cache hit: #110 --> #53
							extended poll unsuccessful point #53 [ h=0 f=0.1331071854 ]
						} 

					} end of evaluations


				} 


				extended poll center: ( 5511513     0 )

				perform extended poll descent ...... no

				extended poll point eval {

					extended poll point = ( 5511512     0 )

					list of points evaluation (extended poll) {

						evaluation 1/1 {

							point #111 ( 5511512  0 )
							mesh index : 0

							cache hit: #111 --> #52
							extended poll unsuccessful point #52 [ h=0 f=0.13499403 ]
						} 

					} end of evaluations


				} 


				extended poll center: ( 5511512     0 )

				perform extended poll descent ...... no

				extended poll point eval {

					extended poll point = ( 551151523     0 )

					list of points evaluation (extended poll) {

						evaluation 1/1 {

							point #112 ( 551151523  0 )
							mesh index : 0

							cache hit: #112 --> #55
							extended poll unsuccessful point #55 [ h=0 f=0.1369116306 ]
						} 

					} end of evaluations


				} 


				extended poll center: ( 551151523     0 )

				perform extended poll descent ...... no

				extended poll point eval {

					extended poll point = ( 5513511     0 )

					list of points evaluation (extended poll) {

						evaluation 1/1 {

							point #113 ( 5513511  0 )
							mesh index : 0

							cache hit: #113 --> #42
							extended poll unsuccessful point #42 [ h=0 f=0.1372201443 ]
						} 

					} end of evaluations


				} 


				extended poll center: ( 5513511     0 )

				perform extended poll descent ...... no

				extended poll point eval {

					extended poll point = ( 5521511     0 )

					list of points evaluation (extended poll) {

						evaluation 1/1 {

							point #114 ( 5521511  0 )
							mesh index : 0

							cache hit: #114 --> #37
							extended poll unsuccessful point #37 [ h=0 f=0.1385052204 ]
						} 

					} end of evaluations


				} 


				extended poll center: ( 5521511     0 )

				perform extended poll descent ...... no

				extended poll point eval {

					extended poll point = ( 551151423     0 )

					list of points evaluation (extended poll) {

						evaluation 1/1 {

							point #115 ( 551151423  0 )
							mesh index : 0

							cache hit: #115 --> #54
							extended poll unsuccessful point #54 [ h=0 f=0.1422307491 ]
						} 

					} end of evaluations


				} 


				extended poll center: ( 551151423     0 )

				perform extended poll descent ...... no

				extended poll point eval {

					extended poll point = ( 5511531     0 )

					list of points evaluation (extended poll) {

						evaluation 1/1 {

							point #116 ( 5511531  0 )
							mesh index : 0

							cache hit: #116 --> #49
							extended poll unsuccessful point #49 [ h=0 f=0.1430959702 ]
						} 

					} end of evaluations


				} 


				extended poll center: ( 5511531     0 )

				perform extended poll descent ...... no

				extended poll point eval {

					extended poll point = ( 551155231     0 )

					list of points evaluation (extended poll) {

						evaluation 1/1 {

							point #117 ( 551155231  0 )
							mesh index : 0

							cache hit: #117 --> #51
							extended poll unsuccessful point #51 [ h=0 f=0.1439535618 ]
						} 

					} end of evaluations


				} 


				extended poll center: ( 551155231     0 )

				perform extended poll descent ...... no

				extended poll point eval {

					extended poll point = ( 5531511     0 )

					list of points evaluation (extended poll) {

						evaluation 1/1 {

							point #118 ( 5531511  0 )
							mesh index : 0

							cache hit: #118 --> #38
							extended poll unsuccessful point #38 [ h=0 f=0.144118309 ]
						} 

					} end of evaluations


				} 


				extended poll center: ( 5531511     0 )

				perform extended poll descent ...... no

				extended poll point eval {

					extended poll point = ( 551154231     0 )

					list of points evaluation (extended poll) {

						evaluation 1/1 {

							point #119 ( 551154231  0 )
							mesh index : 0

							cache hit: #119 --> #50
							extended poll unsuccessful point #50 [ h=0 f=0.1464555264 ]
						} 

					} end of evaluations


				} 


				extended poll center: ( 551154231     0 )

				perform extended poll descent ...... no

				extended poll point eval {

					extended poll point = ( 554231511     0 )

					list of points evaluation (extended poll) {

						evaluation 1/1 {

							point #120 ( 554231511  0 )
							mesh index : 0

							cache hit: #120 --> #39
							extended poll unsuccessful point #39 [ h=0 f=0.146597147 ]
						} 

					} end of evaluations


				} 


				extended poll center: ( 554231511     0 )

				perform extended poll descent ...... no

				extended poll point eval {

					extended poll point = ( 5511521     0 )

					list of points evaluation (extended poll) {

						evaluation 1/1 {

							point #121 ( 5511521  0 )
							mesh index : 0

							cache hit: #121 --> #48
							extended poll unsuccessful point #48 [ h=0 f=0.1498272419 ]
						} 

					} end of evaluations


				} 


				extended poll center: ( 5511521     0 )

				perform extended poll descent ...... no

				extended poll point eval {

					extended poll point = ( 551423511     0 )

					list of points evaluation (extended poll) {

						evaluation 1/1 {

							point #122 ( 551423511  0 )
							mesh index : 0

							cache hit: #122 --> #43
							extended poll unsuccessful point #43 [ h=0 f=0.1555728912 ]
						} 

					} end of evaluations


				} 


				extended poll center: ( 551423511     0 )

				perform extended poll descent ...... no

				extended poll point eval {

					extended poll point = ( 5512511     0 )

					list of points evaluation (extended poll) {

						evaluation 1/1 {

							point #123 ( 5512511  0 )
							mesh index : 0

							cache hit: #123 --> #41
							extended poll unsuccessful point #41 [ h=0 f=0.1562693119 ]
						} 

					} end of evaluations


				} 


				extended poll center: ( 5512511     0 )

				perform extended poll descent ...... no

				extended poll point eval {

					extended poll point = ( 51511     0 )

					list of points evaluation (extended poll) {

						evaluation 1/1 {

							point #124 ( 51511  0 )
							mesh index : -1

							cache hit: #124 --> #35
							extended poll unsuccessful point #35: evaluation failed
						} 

					} end of evaluations


				} 


				extended poll center: ( 51511     0 )

				perform extended poll descent ...... no

				extended poll point eval {

					extended poll point = ( 551523511     0 )

					list of points evaluation (extended poll) {

						evaluation 1/1 {

							point #125 ( 551523511  0 )
							mesh index : -1

							cache hit: #125 --> #44
							extended poll unsuccessful point #44: evaluation failed
						} 

					} end of evaluations


				} 


				extended poll center: ( 551523511     0 )

				perform extended poll descent ...... no

			} end of extended poll

		} end of poll

		Mesh update {
			previous mesh index: 0
			new mesh index     : 1
		} 


		terminate MADS       : no
		iteration status     : unsuccessful
		new feas. incumbent  : none
		new infeas. incumbent: none

	} end of iteration 2

	MADS iteration 3 {

		blackbox evaluations : 32
		best feas. solution  : ( 5511511  0 ) h=0 f=0.09193205833
		best infeas. solution: none
		poll center          : ( 5511511  0 )
		mesh size            : ( 0.25 0.25 )
		poll size            : ( 0.5 0.5 )
		mesh index           : 1
		h_max                : inf

		MADS search {
		} end of search

		MADS poll {

			poll center: ( 5511511  0 )

			poll directions (include mesh size parameter) {
				dir 0 : (  0 -1 ) Ortho-MADS 2n
				dir 1 : (  0  1 ) Ortho-MADS 2n
			} 

			re-ordered list of 2 poll trial points {
				#129 : ( 5511511 -1 ) (dir 0)
				#130 : ( 5511511  1 ) (dir 1)
			} 

			list of points evaluation (poll) {

				evaluation 1/2 {

					point #129 ( 5511511 -1 )
					direction  : (  0 -1 ) Ortho-MADS 2n
					mesh index : 1

					cache hit: #129 --> #31
					poll unsuccessful point #31: evaluation failed
				} 

				evaluation 2/2 {

					point #130 ( 5511511  1 )
					direction  : (  0  1 ) Ortho-MADS 2n
					mesh index : 1

					cache hit: #130 --> #32
					poll unsuccessful point #32: evaluation failed
				} 

			} end of evaluations


			MADS extended poll {


				extended poll pts sorting {


					list of points evaluation (extended poll) {

						evaluation 1/23 {

							point #131 ( 4511511  0 )
							mesh index : 1

							cache hit: #131 --> #33
							extended poll unsuccessful point #33 [ h=0 f=0.1026058197 ]
						} 

						evaluation 2/23 {

							point #132 ( 5411511  0 )
							mesh index : 1

							cache hit: #132 --> #34
							extended poll unsuccessful point #34 [ h=0 f=0.1051418781 ]
						} 

						evaluation 3/23 {

							point #133 ( 51511  0 )
							mesh index : 1

							cache hit: #133 --> #35
							extended poll unsuccessful point #35: evaluation failed
						} 

						evaluation 4/23 {

							point #134 ( 51511  0 )
							mesh index : 1

							cache hit: #134 --> #35
							extended poll unsuccessful point #35: evaluation failed
						} 

						evaluation 5/23 {

							point #135 ( 5521511  0 )
							mesh index : 1

							cache hit: #135 --> #37
							extended poll unsuccessful point #37 [ h=0 f=0.1385052204 ]
						} 

						evaluation 6/23 {

							point #136 ( 5531511  0 )
							mesh index : 1

							cache hit: #136 --> #38
							extended poll unsuccessful point #38 [ h=0 f=0.144118309 ]
						} 

						evaluation 7/23 {

							point #137 ( 554231511  0 )
							mesh index : 1

							cache hit: #137 --> #39
							extended poll unsuccessful point #39 [ h=0 f=0.146597147 ]
						} 

						evaluation 8/23 {

							point #138 ( 555231511  0 )
							mesh index : 1

							cache hit: #138 --> #40
							extended poll unsuccessful point #40 [ h=0 f=0.1290781498 ]
						} 

						evaluation 9/23 {

							point #139 ( 5512511  0 )
							mesh index : 1

							cache hit: #139 --> #41
							extended poll unsuccessful point #41 [ h=0 f=0.1562693119 ]
						} 

						evaluation 10/23 {

							point #140 ( 5513511  0 )
							mesh index : 1

							cache hit: #140 --> #42
							extended poll unsuccessful point #42 [ h=0 f=0.1372201443 ]
						} 

						evaluation 11/23 {

							point #141 ( 551423511  0 )
							mesh index : 1

							cache hit: #141 --> #43
							extended poll unsuccessful point #43 [ h=0 f=0.1555728912 ]
						} 

						evaluation 12/23 {

							point #142 ( 551523511  0 )
							mesh index : 1

							cache hit: #142 --> #44
							extended poll unsuccessful point #44: evaluation failed
						} 

						evaluation 13/23 {

							point #143 ( 5511411  0 )
							mesh index : 1

							cache hit: #143 --> #45
							extended poll unsuccessful point #45 [ h=0 f=0.1086387634 ]
						} 

						evaluation 14/23 {

							point #144 ( 55111  0 )
							mesh index : 1

							cache hit: #144 --> #46
							extended poll unsuccessful point #46 [ h=0 f=0.09268283844 ]
						} 

						evaluation 15/23 {

							point #145 ( 55111  0 )
							mesh index : 1

							cache hit: #145 --> #46
							extended poll unsuccessful point #46 [ h=0 f=0.09268283844 ]
						} 

						evaluation 16/23 {

							point #146 ( 5511521  0 )
							mesh index : 1

							cache hit: #146 --> #48
							extended poll unsuccessful point #48 [ h=0 f=0.1498272419 ]
						} 

						evaluation 17/23 {

							point #147 ( 5511531  0 )
							mesh index : 1

							cache hit: #147 --> #49
							extended poll unsuccessful point #49 [ h=0 f=0.1430959702 ]
						} 

						evaluation 18/23 {

							point #148 ( 551154231  0 )
							mesh index : 1

							cache hit: #148 --> #50
							extended poll unsuccessful point #50 [ h=0 f=0.1464555264 ]
						} 

						evaluation 19/23 {

							point #149 ( 551155231  0 )
							mesh index : 1

							cache hit: #149 --> #51
							extended poll unsuccessful point #51 [ h=0 f=0.1439535618 ]
						} 

						evaluation 20/23 {

							point #150 ( 5511512  0 )
							mesh index : 1

							cache hit: #150 --> #52
							extended poll unsuccessful point #52 [ h=0 f=0.13499403 ]
						} 

						evaluation 21/23 {

							point #151 ( 5511513  0 )
							mesh index : 1

							cache hit: #151 --> #53
							extended poll unsuccessful point #53 [ h=0 f=0.1331071854 ]
						} 

						evaluation 22/23 {

							point #152 ( 551151423  0 )
							mesh index : 1

							cache hit: #152 --> #54
							extended poll unsuccessful point #54 [ h=0 f=0.1422307491 ]
						} 

						evaluation 23/23 {

							point #153 ( 551151523  0 )
							mesh index : 1

							cache hit: #153 --> #55
							extended poll unsuccessful point #55 [ h=0 f=0.1369116306 ]
						} 

					} end of evaluations


					sorted ext poll pts {

						point # 1/21 : ( 55111     0 )
						point # 2/21 : ( 4511511     0 )
						point # 3/21 : ( 5411511     0 )
						point # 4/21 : ( 5511411     0 )
						point # 5/21 : ( 555231511     0 )
						point # 6/21 : ( 5511513     0 )
						point # 7/21 : ( 5511512     0 )
						point # 8/21 : ( 551151523     0 )
						point # 9/21 : ( 5513511     0 )
						point #10/21 : ( 5521511     0 )
						point #11/21 : ( 551151423     0 )
						point #12/21 : ( 5511531     0 )
						point #13/21 : ( 551155231     0 )
						point #14/21 : ( 5531511     0 )
						point #15/21 : ( 551154231     0 )
						point #16/21 : ( 554231511     0 )
						point #17/21 : ( 5511521     0 )
						point #18/21 : ( 551423511     0 )
						point #19/21 : ( 5512511     0 )
						point #20/21 : ( 51511     0 )
						point #21/21 : ( 551523511     0 )

					} 


				} end of ext poll pts sorting


				extended poll point eval {

					extended poll point = ( 55111     0 )

					list of points evaluation (extended poll) {

						evaluation 1/1 {

							point #154 ( 55111  0 )
							mesh index : 1

							cache hit: #154 --> #46
							extended poll unsuccessful point #46 [ h=0 f=0.09268283844 ]
						} 

					} end of evaluations


				} 


				extended poll center: ( 55111     0 )

				perform extended poll descent ...... yes

				extended poll descent {

					       iteration = 3
					 blackbox eval.  = 32
					      mesh index = 1
					ext. poll center = ( 55111     0 ) f=0.09268283844 h=0


					MADS run {

						32+BBE	OBJ	(ext-poll)

						32+ 0	0.0926828384	(ext-poll)

					} end of run (max mesh index)

					blackbox evaluations    : 0
					best feasible solution  : ( 55111 0 ) h=0 f=0.09268283844

				} end of extended poll descent (unsuccessful)


				extended poll point eval {

					extended poll point = ( 4511511     0 )

					list of points evaluation (extended poll) {

						evaluation 1/1 {

							point #155 ( 4511511  0 )
							mesh index : 1

							cache hit: #155 --> #33
							extended poll unsuccessful point #33 [ h=0 f=0.1026058197 ]
						} 

					} end of evaluations


				} 


				extended poll center: ( 4511511     0 )

				perform extended poll descent ...... no

				extended poll point eval {

					extended poll point = ( 5411511     0 )

					list of points evaluation (extended poll) {

						evaluation 1/1 {

							point #156 ( 5411511  0 )
							mesh index : 1

							cache hit: #156 --> #34
							extended poll unsuccessful point #34 [ h=0 f=0.1051418781 ]
						} 

					} end of evaluations


				} 


				extended poll center: ( 5411511     0 )

				perform extended poll descent ...... no

				extended poll point eval {

					extended poll point = ( 5511411     0 )

					list of points evaluation (extended poll) {

						evaluation 1/1 {

							point #157 ( 5511411  0 )
							mesh index : 1

							cache hit: #157 --> #45
							extended poll unsuccessful point #45 [ h=0 f=0.1086387634 ]
						} 

					} end of evaluations


				} 


				extended poll center: ( 5511411     0 )

				perform extended poll descent ...... no

				extended poll point eval {

					extended poll point = ( 555231511     0 )

					list of points evaluation (extended poll) {

						evaluation 1/1 {

							point #158 ( 555231511  0 )
							mesh index : 1

							cache hit: #158 --> #40
							extended poll unsuccessful point #40 [ h=0 f=0.1290781498 ]
						} 

					} end of evaluations


				} 


				extended poll center: ( 555231511     0 )

				perform extended poll descent ...... no

				extended poll point eval {

					extended poll point = ( 5511513     0 )

					list of points evaluation (extended poll) {

						evaluation 1/1 {

							point #159 ( 5511513  0 )
							mesh index : 1

							cache hit: #159 --> #53
							extended poll unsuccessful point #53 [ h=0 f=0.1331071854 ]
						} 

					} end of evaluations


				} 


				extended poll center: ( 5511513     0 )

				perform extended poll descent ...... no

				extended poll point eval {

					extended poll point = ( 5511512     0 )

					list of points evaluation (extended poll) {

						evaluation 1/1 {

							point #160 ( 5511512  0 )
							mesh index : 1

							cache hit: #160 --> #52
							extended poll unsuccessful point #52 [ h=0 f=0.13499403 ]
						} 

					} end of evaluations


				} 


				extended poll center: ( 5511512     0 )

				perform extended poll descent ...... no

				extended poll point eval {

					extended poll point = ( 551151523     0 )

					list of points evaluation (extended poll) {

						evaluation 1/1 {

							point #161 ( 551151523  0 )
							mesh index : 1

							cache hit: #161 --> #55
							extended poll unsuccessful point #55 [ h=0 f=0.1369116306 ]
						} 

					} end of evaluations


				} 


				extended poll center: ( 551151523     0 )

				perform extended poll descent ...... no

				extended poll point eval {

					extended poll point = ( 5513511     0 )

					list of points evaluation (extended poll) {

						evaluation 1/1 {

							point #162 ( 5513511  0 )
							mesh index : 1

							cache hit: #162 --> #42
							extended poll unsuccessful point #42 [ h=0 f=0.1372201443 ]
						} 

					} end of evaluations


				} 


				extended poll center: ( 5513511     0 )

				perform extended poll descent ...... no

				extended poll point eval {

					extended poll point = ( 5521511     0 )

					list of points evaluation (extended poll) {

						evaluation 1/1 {

							point #163 ( 5521511  0 )
							mesh index : 1

							cache hit: #163 --> #37
							extended poll unsuccessful point #37 [ h=0 f=0.1385052204 ]
						} 

					} end of evaluations


				} 


				extended poll center: ( 5521511     0 )

				perform extended poll descent ...... no

				extended poll point eval {

					extended poll point = ( 551151423     0 )

					list of points evaluation (extended poll) {

						evaluation 1/1 {

							point #164 ( 551151423  0 )
							mesh index : 1

							cache hit: #164 --> #54
							extended poll unsuccessful point #54 [ h=0 f=0.1422307491 ]
						} 

					} end of evaluations


				} 


				extended poll center: ( 551151423     0 )

				perform extended poll descent ...... no

				extended poll point eval {

					extended poll point = ( 5511531     0 )

					list of points evaluation (extended poll) {

						evaluation 1/1 {

							point #165 ( 5511531  0 )
							mesh index : 1

							cache hit: #165 --> #49
							extended poll unsuccessful point #49 [ h=0 f=0.1430959702 ]
						} 

					} end of evaluations


				} 


				extended poll center: ( 5511531     0 )

				perform extended poll descent ...... no

				extended poll point eval {

					extended poll point = ( 551155231     0 )

					list of points evaluation (extended poll) {

						evaluation 1/1 {

							point #166 ( 551155231  0 )
							mesh index : 1

							cache hit: #166 --> #51
							extended poll unsuccessful point #51 [ h=0 f=0.1439535618 ]
						} 

					} end of evaluations


				} 


				extended poll center: ( 551155231     0 )

				perform extended poll descent ...... no

				extended poll point eval {

					extended poll point = ( 5531511     0 )

					list of points evaluation (extended poll) {

						evaluation 1/1 {

							point #167 ( 5531511  0 )
							mesh index : 1

							cache hit: #167 --> #38
							extended poll unsuccessful point #38 [ h=0 f=0.144118309 ]
						} 

					} end of evaluations


				} 


				extended poll center: ( 5531511     0 )

				perform extended poll descent ...... no

				extended poll point eval {

					extended poll point = ( 551154231     0 )

					list of points evaluation (extended poll) {

						evaluation 1/1 {

							point #168 ( 551154231  0 )
							mesh index : 1

							cache hit: #168 --> #50
							extended poll unsuccessful point #50 [ h=0 f=0.1464555264 ]
						} 

					} end of evaluations


				} 


				extended poll center: ( 551154231     0 )

				perform extended poll descent ...... no

				extended poll point eval {

					extended poll point = ( 554231511     0 )

					list of points evaluation (extended poll) {

						evaluation 1/1 {

							point #169 ( 554231511  0 )
							mesh index : 1

							cache hit: #169 --> #39
							extended poll unsuccessful point #39 [ h=0 f=0.146597147 ]
						} 

					} end of evaluations


				} 


				extended poll center: ( 554231511     0 )

				perform extended poll descent ...... no

				extended poll point eval {

					extended poll point = ( 5511521     0 )

					list of points evaluation (extended poll) {

						evaluation 1/1 {

							point #170 ( 5511521  0 )
							mesh index : 1

							cache hit: #170 --> #48
							extended poll unsuccessful point #48 [ h=0 f=0.1498272419 ]
						} 

					} end of evaluations


				} 


				extended poll center: ( 5511521     0 )

				perform extended poll descent ...... no

				extended poll point eval {

					extended poll point = ( 551423511     0 )

					list of points evaluation (extended poll) {

						evaluation 1/1 {

							point #171 ( 551423511  0 )
							mesh index : 1

							cache hit: #171 --> #43
							extended poll unsuccessful point #43 [ h=0 f=0.1555728912 ]
						} 

					} end of evaluations


				} 


				extended poll center: ( 551423511     0 )

				perform extended poll descent ...... no

				extended poll point eval {

					extended poll point = ( 5512511     0 )

					list of points evaluation (extended poll) {

						evaluation 1/1 {

							point #172 ( 5512511  0 )
							mesh index : 1

							cache hit: #172 --> #41
							extended poll unsuccessful point #41 [ h=0 f=0.1562693119 ]
						} 

					} end of evaluations


				} 


				extended poll center: ( 5512511     0 )

				perform extended poll descent ...... no

				extended poll point eval {

					extended poll point = ( 51511     0 )

					list of points evaluation (extended poll) {

						evaluation 1/1 {

							point #173 ( 51511  0 )
							mesh index : -1

							cache hit: #173 --> #35
							extended poll unsuccessful point #35: evaluation failed
						} 

					} end of evaluations


				} 


				extended poll center: ( 51511     0 )

				perform extended poll descent ...... no

				extended poll point eval {

					extended poll point = ( 551523511     0 )

					list of points evaluation (extended poll) {

						evaluation 1/1 {

							point #174 ( 551523511  0 )
							mesh index : -1

							cache hit: #174 --> #44
							extended poll unsuccessful point #44: evaluation failed
						} 

					} end of evaluations


				} 


				extended poll center: ( 551523511     0 )

				perform extended poll descent ...... no

			} end of extended poll

		} end of poll

		Mesh update {
			previous mesh index: 1
			new mesh index     : 2
		} 


		terminate MADS       : no
		iteration status     : unsuccessful
		new feas. incumbent  : none
		new infeas. incumbent: none

	} end of iteration 3

	MADS iteration 4 {

		blackbox evaluations : 32
		best feas. solution  : ( 5511511  0 ) h=0 f=0.09193205833
		best infeas. solution: none
		poll center          : ( 5511511  0 )
		mesh size            : ( 0.0625 0.0625 )
		poll size            : ( 0.25 0.25 )
		mesh index           : 2
		h_max                : inf

		MADS search {
		} end of search

		MADS poll {

			poll center: ( 5511511  0 )

			poll directions (include mesh size parameter) {
				dir 0 : (  0 -1 ) Ortho-MADS 2n
				dir 1 : (  0  1 ) Ortho-MADS 2n
			} 

			re-ordered list of 2 poll trial points {
				#178 : ( 5511511 -1 ) (dir 0)
				#179 : ( 5511511  1 ) (dir 1)
			} 

			list of points evaluation (poll) {

				evaluation 1/2 {

					point #178 ( 5511511 -1 )
					direction  : (  0 -1 ) Ortho-MADS 2n
					mesh index : 2

					cache hit: #178 --> #31
					poll unsuccessful point #31: evaluation failed
				} 

				evaluation 2/2 {

					point #179 ( 5511511  1 )
					direction  : (  0  1 ) Ortho-MADS 2n
					mesh index : 2

					cache hit: #179 --> #32
					poll unsuccessful point #32: evaluation failed
				} 

			} end of evaluations


			MADS extended poll {


				extended poll pts sorting {


					list of points evaluation (extended poll) {

						evaluation 1/23 {

							point #180 ( 4511511  0 )
							mesh index : 2

							cache hit: #180 --> #33
							extended poll unsuccessful point #33 [ h=0 f=0.1026058197 ]
						} 

						evaluation 2/23 {

							point #181 ( 5411511  0 )
							mesh index : 2

							cache hit: #181 --> #34
							extended poll unsuccessful point #34 [ h=0 f=0.1051418781 ]
						} 

						evaluation 3/23 {

							point #182 ( 51511  0 )
							mesh index : 2

							cache hit: #182 --> #35
							extended poll unsuccessful point #35: evaluation failed
						} 

						evaluation 4/23 {

							point #183 ( 51511  0 )
							mesh index : 2

							cache hit: #183 --> #35
							extended poll unsuccessful point #35: evaluation failed
						} 

						evaluation 5/23 {

							point #184 ( 5521511  0 )
							mesh index : 2

							cache hit: #184 --> #37
							extended poll unsuccessful point #37 [ h=0 f=0.1385052204 ]
						} 

						evaluation 6/23 {

							point #185 ( 5531511  0 )
							mesh index : 2

							cache hit: #185 --> #38
							extended poll unsuccessful point #38 [ h=0 f=0.144118309 ]
						} 

						evaluation 7/23 {

							point #186 ( 554231511  0 )
							mesh index : 2

							cache hit: #186 --> #39
							extended poll unsuccessful point #39 [ h=0 f=0.146597147 ]
						} 

						evaluation 8/23 {

							point #187 ( 555231511  0 )
							mesh index : 2

							cache hit: #187 --> #40
							extended poll unsuccessful point #40 [ h=0 f=0.1290781498 ]
						} 

						evaluation 9/23 {

							point #188 ( 5512511  0 )
							mesh index : 2

							cache hit: #188 --> #41
							extended poll unsuccessful point #41 [ h=0 f=0.1562693119 ]
						} 

						evaluation 10/23 {

							point #189 ( 5513511  0 )
							mesh index : 2

							cache hit: #189 --> #42
							extended poll unsuccessful point #42 [ h=0 f=0.1372201443 ]
						} 

						evaluation 11/23 {

							point #190 ( 551423511  0 )
							mesh index : 2

							cache hit: #190 --> #43
							extended poll unsuccessful point #43 [ h=0 f=0.1555728912 ]
						} 

						evaluation 12/23 {

							point #191 ( 551523511  0 )
							mesh index : 2

							cache hit: #191 --> #44
							extended poll unsuccessful point #44: evaluation failed
						} 

						evaluation 13/23 {

							point #192 ( 5511411  0 )
							mesh index : 2

							cache hit: #192 --> #45
							extended poll unsuccessful point #45 [ h=0 f=0.1086387634 ]
						} 

						evaluation 14/23 {

							point #193 ( 55111  0 )
							mesh index : 2

							cache hit: #193 --> #46
							extended poll unsuccessful point #46 [ h=0 f=0.09268283844 ]
						} 

						evaluation 15/23 {

							point #194 ( 55111  0 )
							mesh index : 2

							cache hit: #194 --> #46
							extended poll unsuccessful point #46 [ h=0 f=0.09268283844 ]
						} 

						evaluation 16/23 {

							point #195 ( 5511521  0 )
							mesh index : 2

							cache hit: #195 --> #48
							extended poll unsuccessful point #48 [ h=0 f=0.1498272419 ]
						} 

						evaluation 17/23 {

							point #196 ( 5511531  0 )
							mesh index : 2

							cache hit: #196 --> #49
							extended poll unsuccessful point #49 [ h=0 f=0.1430959702 ]
						} 

						evaluation 18/23 {

							point #197 ( 551154231  0 )
							mesh index : 2

							cache hit: #197 --> #50
							extended poll unsuccessful point #50 [ h=0 f=0.1464555264 ]
						} 

						evaluation 19/23 {

							point #198 ( 551155231  0 )
							mesh index : 2

							cache hit: #198 --> #51
							extended poll unsuccessful point #51 [ h=0 f=0.1439535618 ]
						} 

						evaluation 20/23 {

							point #199 ( 5511512  0 )
							mesh index : 2

							cache hit: #199 --> #52
							extended poll unsuccessful point #52 [ h=0 f=0.13499403 ]
						} 

						evaluation 21/23 {

							point #200 ( 5511513  0 )
							mesh index : 2

							cache hit: #200 --> #53
							extended poll unsuccessful point #53 [ h=0 f=0.1331071854 ]
						} 

						evaluation 22/23 {

							point #201 ( 551151423  0 )
							mesh index : 2

							cache hit: #201 --> #54
							extended poll unsuccessful point #54 [ h=0 f=0.1422307491 ]
						} 

						evaluation 23/23 {

							point #202 ( 551151523  0 )
							mesh index : 2

							cache hit: #202 --> #55
							extended poll unsuccessful point #55 [ h=0 f=0.1369116306 ]
						} 

					} end of evaluations


					sorted ext poll pts {

						point # 1/21 : ( 55111     0 )
						point # 2/21 : ( 4511511     0 )
						point # 3/21 : ( 5411511     0 )
						point # 4/21 : ( 5511411     0 )
						point # 5/21 : ( 555231511     0 )
						point # 6/21 : ( 5511513     0 )
						point # 7/21 : ( 5511512     0 )
						point # 8/21 : ( 551151523     0 )
						point # 9/21 : ( 5513511     0 )
						point #10/21 : ( 5521511     0 )
						point #11/21 : ( 551151423     0 )
						point #12/21 : ( 5511531     0 )
						point #13/21 : ( 551155231     0 )
						point #14/21 : ( 5531511     0 )
						point #15/21 : ( 551154231     0 )
						point #16/21 : ( 554231511     0 )
						point #17/21 : ( 5511521     0 )
						point #18/21 : ( 551423511     0 )
						point #19/21 : ( 5512511     0 )
						point #20/21 : ( 51511     0 )
						point #21/21 : ( 551523511     0 )

					} 


				} end of ext poll pts sorting


				extended poll point eval {

					extended poll point = ( 55111     0 )

					list of points evaluation (extended poll) {

						evaluation 1/1 {

							point #203 ( 55111  0 )
							mesh index : 2

							cache hit: #203 --> #46
							extended poll unsuccessful point #46 [ h=0 f=0.09268283844 ]
						} 

					} end of evaluations


				} 


				extended poll center: ( 55111     0 )

				perform extended poll descent ...... yes

				extended poll descent {

					       iteration = 4
					 blackbox eval.  = 32
					      mesh index = 2
					ext. poll center = ( 55111     0 ) f=0.09268283844 h=0


					MADS run {

						32+BBE	OBJ	(ext-poll)

						32+ 0	0.0926828384	(ext-poll)

					} end of run (max mesh index)

					blackbox evaluations    : 0
					best feasible solution  : ( 55111 0 ) h=0 f=0.09268283844

				} end of extended poll descent (unsuccessful)


				extended poll point eval {

					extended poll point = ( 4511511     0 )

					list of points evaluation (extended poll) {

						evaluation 1/1 {

							point #204 ( 4511511  0 )
							mesh index : 2

							cache hit: #204 --> #33
							extended poll unsuccessful point #33 [ h=0 f=0.1026058197 ]
						} 

					} end of evaluations


				} 


				extended poll center: ( 4511511     0 )

				perform extended poll descent ...... no

				extended poll point eval {

					extended poll point = ( 5411511     0 )

					list of points evaluation (extended poll) {

						evaluation 1/1 {

							point #205 ( 5411511  0 )
							mesh index : 2

							cache hit: #205 --> #34
							extended poll unsuccessful point #34 [ h=0 f=0.1051418781 ]
						} 

					} end of evaluations


				} 


				extended poll center: ( 5411511     0 )

				perform extended poll descent ...... no

				extended poll point eval {

					extended poll point = ( 5511411     0 )

					list of points evaluation (extended poll) {

						evaluation 1/1 {

							point #206 ( 5511411  0 )
							mesh index : 2

							cache hit: #206 --> #45
							extended poll unsuccessful point #45 [ h=0 f=0.1086387634 ]
						} 

					} end of evaluations


				} 


				extended poll center: ( 5511411     0 )

				perform extended poll descent ...... no

				extended poll point eval {

					extended poll point = ( 555231511     0 )

					list of points evaluation (extended poll) {

						evaluation 1/1 {

							point #207 ( 555231511  0 )
							mesh index : 2

							cache hit: #207 --> #40
							extended poll unsuccessful point #40 [ h=0 f=0.1290781498 ]
						} 

					} end of evaluations


				} 


				extended poll center: ( 555231511     0 )

				perform extended poll descent ...... no

				extended poll point eval {

					extended poll point = ( 5511513     0 )

					list of points evaluation (extended poll) {

						evaluation 1/1 {

							point #208 ( 5511513  0 )
							mesh index : 2

							cache hit: #208 --> #53
							extended poll unsuccessful point #53 [ h=0 f=0.1331071854 ]
						} 

					} end of evaluations


				} 


				extended poll center: ( 5511513     0 )

				perform extended poll descent ...... no

				extended poll point eval {

					extended poll point = ( 5511512     0 )

					list of points evaluation (extended poll) {

						evaluation 1/1 {

							point #209 ( 5511512  0 )
							mesh index : 2

							cache hit: #209 --> #52
							extended poll unsuccessful point #52 [ h=0 f=0.13499403 ]
						} 

					} end of evaluations


				} 


				extended poll center: ( 5511512     0 )

				perform extended poll descent ...... no

				extended poll point eval {

					extended poll point = ( 551151523     0 )

					list of points evaluation (extended poll) {

						evaluation 1/1 {

							point #210 ( 551151523  0 )
							mesh index : 2

							cache hit: #210 --> #55
							extended poll unsuccessful point #55 [ h=0 f=0.1369116306 ]
						} 

					} end of evaluations


				} 


				extended poll center: ( 551151523     0 )

				perform extended poll descent ...... no

				extended poll point eval {

					extended poll point = ( 5513511     0 )

					list of points evaluation (extended poll) {

						evaluation 1/1 {

							point #211 ( 5513511  0 )
							mesh index : 2

							cache hit: #211 --> #42
							extended poll unsuccessful point #42 [ h=0 f=0.1372201443 ]
						} 

					} end of evaluations


				} 


				extended poll center: ( 5513511     0 )

				perform extended poll descent ...... no

				extended poll point eval {

					extended poll point = ( 5521511     0 )

					list of points evaluation (extended poll) {

						evaluation 1/1 {

							point #212 ( 5521511  0 )
							mesh index : 2

							cache hit: #212 --> #37
							extended poll unsuccessful point #37 [ h=0 f=0.1385052204 ]
						} 

					} end of evaluations


				} 


				extended poll center: ( 5521511     0 )

				perform extended poll descent ...... no

				extended poll point eval {

					extended poll point = ( 551151423     0 )

					list of points evaluation (extended poll) {

						evaluation 1/1 {

							point #213 ( 551151423  0 )
							mesh index : 2

							cache hit: #213 --> #54
							extended poll unsuccessful point #54 [ h=0 f=0.1422307491 ]
						} 

					} end of evaluations


				} 


				extended poll center: ( 551151423     0 )

				perform extended poll descent ...... no

				extended poll point eval {

					extended poll point = ( 5511531     0 )

					list of points evaluation (extended poll) {

						evaluation 1/1 {

							point #214 ( 5511531  0 )
							mesh index : 2

							cache hit: #214 --> #49
							extended poll unsuccessful point #49 [ h=0 f=0.1430959702 ]
						} 

					} end of evaluations


				} 


				extended poll center: ( 5511531     0 )

				perform extended poll descent ...... no

				extended poll point eval {

					extended poll point = ( 551155231     0 )

					list of points evaluation (extended poll) {

						evaluation 1/1 {

							point #215 ( 551155231  0 )
							mesh index : 2

							cache hit: #215 --> #51
							extended poll unsuccessful point #51 [ h=0 f=0.1439535618 ]
						} 

					} end of evaluations


				} 


				extended poll center: ( 551155231     0 )

				perform extended poll descent ...... no

				extended poll point eval {

					extended poll point = ( 5531511     0 )

					list of points evaluation (extended poll) {

						evaluation 1/1 {

							point #216 ( 5531511  0 )
							mesh index : 2

							cache hit: #216 --> #38
							extended poll unsuccessful point #38 [ h=0 f=0.144118309 ]
						} 

					} end of evaluations


				} 


				extended poll center: ( 5531511     0 )

				perform extended poll descent ...... no

				extended poll point eval {

					extended poll point = ( 551154231     0 )

					list of points evaluation (extended poll) {

						evaluation 1/1 {

							point #217 ( 551154231  0 )
							mesh index : 2

							cache hit: #217 --> #50
							extended poll unsuccessful point #50 [ h=0 f=0.1464555264 ]
						} 

					} end of evaluations


				} 


				extended poll center: ( 551154231     0 )

				perform extended poll descent ...... no

				extended poll point eval {

					extended poll point = ( 554231511     0 )

					list of points evaluation (extended poll) {

						evaluation 1/1 {

							point #218 ( 554231511  0 )
							mesh index : 2

							cache hit: #218 --> #39
							extended poll unsuccessful point #39 [ h=0 f=0.146597147 ]
						} 

					} end of evaluations


				} 


				extended poll center: ( 554231511     0 )

				perform extended poll descent ...... no

				extended poll point eval {

					extended poll point = ( 5511521     0 )

					list of points evaluation (extended poll) {

						evaluation 1/1 {

							point #219 ( 5511521  0 )
							mesh index : 2

							cache hit: #219 --> #48
							extended poll unsuccessful point #48 [ h=0 f=0.1498272419 ]
						} 

					} end of evaluations


				} 


				extended poll center: ( 5511521     0 )

				perform extended poll descent ...... no

				extended poll point eval {

					extended poll point = ( 551423511     0 )

					list of points evaluation (extended poll) {

						evaluation 1/1 {

							point #220 ( 551423511  0 )
							mesh index : 2

							cache hit: #220 --> #43
							extended poll unsuccessful point #43 [ h=0 f=0.1555728912 ]
						} 

					} end of evaluations


				} 


				extended poll center: ( 551423511     0 )

				perform extended poll descent ...... no

				extended poll point eval {

					extended poll point = ( 5512511     0 )

					list of points evaluation (extended poll) {

						evaluation 1/1 {

							point #221 ( 5512511  0 )
							mesh index : 2

							cache hit: #221 --> #41
							extended poll unsuccessful point #41 [ h=0 f=0.1562693119 ]
						} 

					} end of evaluations


				} 


				extended poll center: ( 5512511     0 )

				perform extended poll descent ...... no

				extended poll point eval {

					extended poll point = ( 51511     0 )

					list of points evaluation (extended poll) {

						evaluation 1/1 {

							point #222 ( 51511  0 )
							mesh index : -1

							cache hit: #222 --> #35
							extended poll unsuccessful point #35: evaluation failed
						} 

					} end of evaluations


				} 


				extended poll center: ( 51511     0 )

				perform extended poll descent ...... no

				extended poll point eval {

					extended poll point = ( 551523511     0 )

					list of points evaluation (extended poll) {

						evaluation 1/1 {

							point #223 ( 551523511  0 )
							mesh index : -1

							cache hit: #223 --> #44
							extended poll unsuccessful point #44: evaluation failed
						} 

					} end of evaluations


				} 


				extended poll center: ( 551523511     0 )

				perform extended poll descent ...... no

			} end of extended poll

		} end of poll

		Mesh update {
			previous mesh index: 2
			new mesh index     : 3
		} 


		terminate MADS       : yes
		termination cause    : max mesh index
		iteration status     : unsuccessful
		new feas. incumbent  : none
		new infeas. incumbent: none

	} end of iteration 4

} end of run (max mesh index)

NOMAD final display {

	cache {
		number of cache points: 32
		size in memory        : 3.9 KB
		cache file            : -
	} 

	stats {
		MADS iterations                 : 5
		blackbox evaluations            : 32
		simulated blackbox evaluations  : 0
		evaluations                     : 203
		failed evaluations              : 8
		interrupted sequences of eval.  : 1
		cache hits                      : 171
		number of poll searches         : 5
		poll successes                  : 1
		poll points                     : 10
		number of extended polls        : 5
		number of ext. poll descents    : 4
		number of ext. poll successes   : 1
		number of ext. poll points      : 216
		number of ext. poll bb eval     : 27
		number of speculative searches  : 1
		speculative search successes    : 0
		speculative search points       : 0
		number of user searches         : 0
		number of LH searches           : 0
		number of cache searches        : 0
		number of VNS searches          : 0
		no model has been constructed
		wall-clock time                 : 3m 25s
	} 

	miscellaneous {
		mesh index      : min=-1, max=3, last=2
		best feas. sol  : ( 5511511 0 ) h=0 f=0.09193205833
		best infeas. sol: none
	} 
} 
