
NOMAD - version 3.5.1 - www.gerad.ca/nomad

Copyright (C) 2001-2012 {
	Mark A. Abramson     - The Boeing Company
	Charles Audet        - Ecole Polytechnique de Montreal
	Gilles Couture       - Ecole Polytechnique de Montreal
	John E. Dennis, Jr.  - Rice University
	Sebastien Le Digabel - Ecole Polytechnique de Montreal
	Christophe Tribes    - Ecole Polytechnique de Montreal
} 

Funded in part by AFOSR and Exxon Mobil.

License   : '$NOMAD_HOME/src/lgpl.txt'
User guide: '$NOMAD_HOME/doc/user_guide.pdf'
Examples  : '$NOMAD_HOME/examples'
Tools     : '$NOMAD_HOME/tools'

Please report bugs to nomad@gerad.ca

parameters {

	problem directory    : ./
	dimension            : n=2
	blackbox input types : (   cat(C)   int(I) )
	extended poll trigger: 0.10000000000000000555 (relative)
	neighbors executable : $python neighbors.py
	variable groups {
		group #0 {
			indexes: { 0 }
			no directions (categorical variables)
		} 
		group #1 {
			indexes: { 1 }
			directions {
				n             : 1
				types         : { [Ortho-MADS 2n] }
				sec poll types: { }
				halton_seed   : 3
			} 
		} 
	} 
	blackbox outputs (m=1) {
		#0          OBJ	$python blackbox.py
	} 
	signature                       : standard
	has surrogate                   : no
	add seed to output file names   : yes
	solution file                   : nomad-solution.25339.txt
	history file                    : none
	stats file                      : none
	cache file                      : none
	x0                              : ( 5511511    0 )
	directions         : Ortho-MADS 2n
	user halton seed   : 3
	mesh {
		update basis       :   4
		coarsening exponent:   1
		refining exponent  :  -1
		initial mesh index :   0
		max mesh index     :   2
		initial mesh size  : (    1    1 )
		min poll size      : (  NaN    1 )
	} 
	snap to bounds                   : yes
	opportunistic evaluations        : yes
	use models                       : no
	speculative search               : yes
	VNS search                       : no
	Latin-Hypercube (LH) search      : no
	cache search                     : no
	random seed / run id             : 25339
	epsilon                          : 1.0000000000000000304e-13
	undefined string                 : NaN
	infinity string                  : inf
	display degrees {
		general  : full (3)
		search   : full (3)
		poll     : full (3)
		iterative: full (3)
	} 
	display stats                : EVAL BBE [ SOL, ] BBO TIME
	display all evaluations      : no
	point display limit          : no limit
	max number of blackbox eval. : 100
	max cache memory             : 2000 MB
} 

MADS run {

	starting point evaluation {

		x0 eval point: ( 5511511  0 )

		list of points evaluation (x0 evaluation) {

			evaluation 1/1 {

				point #0 ( 5511511  0 )


				x0 evaluation dominating point #0 {
					x    = ( 5511511  0 )
					F(x) = [ 0.1380145072939999995 ]
					h    = 0
					f    = 0.1380145072939999995
				} 
			} 

		} end of evaluations


		terminate MADS       : no
		iteration status     : dominating
		new feas. incumbent  : #0 {
			x    = ( 5511511  0 )
			F(x) = [ 0.1380145072939999995 ]
			h    = 0
			f    = 0.1380145072939999995
		} 
		new infeas. incumbent: none

	} end of starting point evaluation

	MADS iteration 0 {

		blackbox evaluations : 1
		best feas. solution  : ( 5511511  0 ) h=0 f=0.1380145072939999995
		best infeas. solution: none
		poll center          : ( 5511511  0 )
		mesh size            : (  1  1 )
		poll size            : (  1  1 )
		mesh index           : 0
		h_max                : inf

		MADS search {
		} end of search

		MADS poll {

			poll center: ( 5511511  0 )

			poll directions (include mesh size parameter) {
				dir 0 : (  0 -1 ) Ortho-MADS 2n
				dir 1 : (  0  1 ) Ortho-MADS 2n
			} 

			re-ordered list of 2 poll trial points {
				#1 : ( 5511511 -1 ) (dir 0)
				#2 : ( 5511511  1 ) (dir 1)
			} 

			list of points evaluation (poll) {

				evaluation 1/2 {

					point #1 ( 5511511 -1 )
					direction  : (  0 -1 ) Ortho-MADS 2n
					mesh index : 0

					poll unsuccessful point #1: evaluation failed
				} 

				evaluation 2/2 {

					point #2 ( 5511511  1 )
					direction  : (  0  1 ) Ortho-MADS 2n
					mesh index : 0

					poll unsuccessful point #2: evaluation failed
				} 

			} end of evaluations


			MADS extended poll {


				extended poll pts sorting {


					list of points evaluation (extended poll) {

						evaluation 1/23 {

							point #3 ( 4511511  0 )
							mesh index : 0

							extended poll unsuccessful point #3 [ h=0 f=0.14087715148900001316 ]
						} 

						evaluation 2/23 {

							point #4 ( 5411511  0 )
							mesh index : 0


							extended poll dominating point #4 {
								x    = ( 5411511  0 )
								F(x) = [ 0.13645210266099999652 ]
								h    = 0
								f    = 0.13645210266099999652
							} 

							opport. strategy: stop evaluations
						} 

					} end of evaluations


				} end of ext poll pts sorting (success)


			} end of extended poll

		} end of poll

		Mesh update {
			previous mesh index: 0
			new mesh index     : -1
		} 


		terminate MADS       : no
		iteration status     : dominating
		new feas. incumbent  : #4 {
			x    = ( 5411511  0 )
			F(x) = [ 0.13645210266099999652 ]
			h    = 0
			f    = 0.13645210266099999652
		} 
		new infeas. incumbent: none

	} end of iteration 0

	MADS iteration 1 {

		blackbox evaluations : 5
		best feas. solution  : ( 5411511  0 ) h=0 f=0.13645210266099999652
		best infeas. solution: none
		poll center          : ( 5411511  0 )
		mesh size            : (  1  1 )
		poll size            : (  2  2 )
		mesh index           : -1
		h_max                : inf

		MADS search {

			speculative search {

			} end of speculative search (unsuccessful)

		} end of search

		MADS poll {

			poll center: ( 5411511  0 )

			poll directions (include mesh size parameter) {
				dir 0 : (  0 -1 ) Ortho-MADS 2n
				dir 1 : (  0  1 ) Ortho-MADS 2n
			} 

			re-ordered list of 2 poll trial points {
				#26 : ( 5411511 -1 ) (dir 0)
				#27 : ( 5411511  1 ) (dir 1)
			} 

			list of points evaluation (poll) {

				evaluation 1/2 {

					point #26 ( 5411511 -1 )
					direction  : (  0 -1 ) Ortho-MADS 2n
					mesh index : -1

					poll unsuccessful point #26: evaluation failed
				} 

				evaluation 2/2 {

					point #27 ( 5411511  1 )
					direction  : (  0  1 ) Ortho-MADS 2n
					mesh index : -1

					poll unsuccessful point #27: evaluation failed
				} 

			} end of evaluations


			MADS extended poll {


				extended poll pts sorting {


					list of points evaluation (extended poll) {

						evaluation 1/23 {

							point #28 ( 4411511  0 )
							mesh index : -1

							extended poll unsuccessful point #28 [ h=0 f=0.14184470176700000876 ]
						} 

						evaluation 2/23 {

							point #29 ( 5511511  0 )
							mesh index : -1

							cache hit: #29 --> #0
							extended poll unsuccessful point #0 [ h=0 f=0.1380145072939999995 ]
						} 

						evaluation 3/23 {

							point #30 ( 51511  0 )
							mesh index : -1

							extended poll unsuccessful point #30 [ h=0 f=0.14162955284100001152 ]
						} 

						evaluation 4/23 {

							point #31 ( 51511  0 )
							mesh index : -1

							cache hit: #31 --> #30
							extended poll unsuccessful point #30 [ h=0 f=0.14162955284100001152 ]
						} 

						evaluation 5/23 {

							point #32 ( 5421511  0 )
							mesh index : -1


							extended poll dominating point #32 {
								x    = ( 5421511  0 )
								F(x) = [ 0.12725481987000000772 ]
								h    = 0
								f    = 0.12725481987000000772
							} 

							opport. strategy: stop evaluations
						} 

					} end of evaluations


				} end of ext poll pts sorting (success)


			} end of extended poll

		} end of poll

		Mesh update {
			previous mesh index: -1
			new mesh index     : -2
		} 


		terminate MADS       : no
		iteration status     : dominating
		new feas. incumbent  : #32 {
			x    = ( 5421511  0 )
			F(x) = [ 0.12725481987000000772 ]
			h    = 0
			f    = 0.12725481987000000772
		} 
		new infeas. incumbent: none

	} end of iteration 1

	MADS iteration 2 {

		blackbox evaluations : 10
		best feas. solution  : ( 5421511  0 ) h=0 f=0.12725481987000000772
		best infeas. solution: none
		poll center          : ( 5421511  0 )
		mesh size            : (  1  1 )
		poll size            : (  4  4 )
		mesh index           : -2
		h_max                : inf

		MADS search {

			speculative search {

			} end of speculative search (unsuccessful)

		} end of search

		MADS poll {

			poll center: ( 5421511  0 )

			poll directions (include mesh size parameter) {
				dir 0 : (  0 -4 ) Ortho-MADS 2n
				dir 1 : (  0  4 ) Ortho-MADS 2n
			} 

			re-ordered list of 2 poll trial points {
				#51 : ( 5421511 -4 ) (dir 0)
				#52 : ( 5421511  4 ) (dir 1)
			} 

			list of points evaluation (poll) {

				evaluation 1/2 {

					point #51 ( 5421511 -4 )
					direction  : (  0 -4 ) Ortho-MADS 2n
					mesh index : -2

					poll unsuccessful point #51: evaluation failed
				} 

				evaluation 2/2 {

					point #52 ( 5421511  4 )
					direction  : (  0  4 ) Ortho-MADS 2n
					mesh index : -2

					poll unsuccessful point #52: evaluation failed
				} 

			} end of evaluations


			MADS extended poll {


				extended poll pts sorting {


					list of points evaluation (extended poll) {

						evaluation 1/23 {

							point #53 ( 4421511  0 )
							mesh index : -2


							extended poll dominating point #53 {
								x    = ( 4421511  0 )
								F(x) = [ 0.12330229282400000101 ]
								h    = 0
								f    = 0.12330229282400000101
							} 

							opport. strategy: stop evaluations
						} 

					} end of evaluations


				} end of ext poll pts sorting (success)


			} end of extended poll

		} end of poll

		Mesh update {
			previous mesh index: -2
			new mesh index     : -3
		} 


		terminate MADS       : no
		iteration status     : dominating
		new feas. incumbent  : #53 {
			x    = ( 4421511  0 )
			F(x) = [ 0.12330229282400000101 ]
			h    = 0
			f    = 0.12330229282400000101
		} 
		new infeas. incumbent: none

	} end of iteration 2

	MADS iteration 3 {

		blackbox evaluations : 13
		best feas. solution  : ( 4421511  0 ) h=0 f=0.12330229282400000101
		best infeas. solution: none
		poll center          : ( 4421511  0 )
		mesh size            : (  1  1 )
		poll size            : (  8  8 )
		mesh index           : -3
		h_max                : inf

		MADS search {

			speculative search {

			} end of speculative search (unsuccessful)

		} end of search

		MADS poll {

			poll center: ( 4421511  0 )

			poll directions (include mesh size parameter) {
				dir 0 : (  0 -4 ) Ortho-MADS 2n
				dir 1 : (  0  4 ) Ortho-MADS 2n
			} 

			re-ordered list of 2 poll trial points {
				#76 : ( 4421511 -4 ) (dir 0)
				#77 : ( 4421511  4 ) (dir 1)
			} 

			list of points evaluation (poll) {

				evaluation 1/2 {

					point #76 ( 4421511 -4 )
					direction  : (  0 -4 ) Ortho-MADS 2n
					mesh index : -3

					poll unsuccessful point #76: evaluation failed
				} 

				evaluation 2/2 {

					point #77 ( 4421511  4 )
					direction  : (  0  4 ) Ortho-MADS 2n
					mesh index : -3

					poll unsuccessful point #77: evaluation failed
				} 

			} end of evaluations


			MADS extended poll {


				extended poll pts sorting {


					list of points evaluation (extended poll) {

						evaluation 1/23 {

							point #78 ( 5421511  0 )
							mesh index : -3

							cache hit: #78 --> #32
							extended poll unsuccessful point #32 [ h=0 f=0.12725481987000000772 ]
						} 

						evaluation 2/23 {

							point #79 ( 4521511  0 )
							mesh index : -3

							extended poll unsuccessful point #79 [ h=0 f=0.13032493591300001179 ]
						} 

						evaluation 3/23 {

							point #80 ( 42511  0 )
							mesh index : -3


							extended poll dominating point #80 {
								x    = ( 42511  0 )
								F(x) = [ 0.10938096046400000438 ]
								h    = 0
								f    = 0.10938096046400000438
							} 

							opport. strategy: stop evaluations
						} 

					} end of evaluations


				} end of ext poll pts sorting (success)


			} end of extended poll

		} end of poll

		Mesh update {
			previous mesh index: -3
			new mesh index     : -4
		} 


		terminate MADS       : no
		iteration status     : dominating
		new feas. incumbent  : #80 {
			x    = ( 42511  0 )
			F(x) = [ 0.10938096046400000438 ]
			h    = 0
			f    = 0.10938096046400000438
		} 
		new infeas. incumbent: none

	} end of iteration 3

	MADS iteration 4 {

		blackbox evaluations : 17
		best feas. solution  : ( 42511  0 ) h=0 f=0.10938096046400000438
		best infeas. solution: none
		poll center          : ( 42511  0 )
		mesh size            : (  1  1 )
		poll size            : ( 16 16 )
		mesh index           : -4
		h_max                : inf

		MADS search {

			speculative search {

			} end of speculative search (unsuccessful)

		} end of search

		MADS poll {

			poll center: ( 42511  0 )

			poll directions (include mesh size parameter) {
				dir 0 : (  0 -16 ) Ortho-MADS 2n
				dir 1 : (  0 16 ) Ortho-MADS 2n
			} 

			re-ordered list of 2 poll trial points {
				#101 : ( 42511 -16 ) (dir 0)
				#102 : ( 42511 16 ) (dir 1)
			} 

			list of points evaluation (poll) {

				evaluation 1/2 {

					point #101 ( 42511 -16 )
					direction  : (  0 -16 ) Ortho-MADS 2n
					mesh index : -4

					poll unsuccessful point #101: evaluation failed
				} 

				evaluation 2/2 {

					point #102 ( 42511 16 )
					direction  : (  0 16 ) Ortho-MADS 2n
					mesh index : -4

					poll unsuccessful point #102: evaluation failed
				} 

			} end of evaluations


			MADS extended poll {


				extended poll pts sorting {


					list of points evaluation (extended poll) {

						evaluation 1/16 {

							point #103 ( 52511  0 )
							mesh index : -4


							extended poll dominating point #103 {
								x    = ( 52511  0 )
								F(x) = [ 0.10744943618799999985 ]
								h    = 0
								f    = 0.10744943618799999985
							} 

							opport. strategy: stop evaluations
						} 

					} end of evaluations


				} end of ext poll pts sorting (success)


			} end of extended poll

		} end of poll

		Mesh update {
			previous mesh index: -4
			new mesh index     : -5
		} 


		terminate MADS       : no
		iteration status     : dominating
		new feas. incumbent  : #103 {
			x    = ( 52511  0 )
			F(x) = [ 0.10744943618799999985 ]
			h    = 0
			f    = 0.10744943618799999985
		} 
		new infeas. incumbent: none

	} end of iteration 4

	MADS iteration 5 {

		blackbox evaluations : 20
		best feas. solution  : ( 52511  0 ) h=0 f=0.10744943618799999985
		best infeas. solution: none
		poll center          : ( 52511  0 )
		mesh size            : (  1  1 )
		poll size            : ( 32 32 )
		mesh index           : -5
		h_max                : inf

		MADS search {

			speculative search {

			} end of speculative search (unsuccessful)

		} end of search

		MADS poll {

			poll center: ( 52511  0 )

			poll directions (include mesh size parameter) {
				dir 0 : (  0 -25 ) Ortho-MADS 2n
				dir 1 : (  0 25 ) Ortho-MADS 2n
			} 

			re-ordered list of 2 poll trial points {
				#119 : ( 52511 -25 ) (dir 0)
				#120 : ( 52511 25 ) (dir 1)
			} 

			list of points evaluation (poll) {

				evaluation 1/2 {

					point #119 ( 52511 -25 )
					direction  : (  0 -25 ) Ortho-MADS 2n
					mesh index : -5

					poll unsuccessful point #119: evaluation failed
				} 

				evaluation 2/2 {

					point #120 ( 52511 25 )
					direction  : (  0 25 ) Ortho-MADS 2n
					mesh index : -5

					poll unsuccessful point #120: evaluation failed
				} 

			} end of evaluations


			MADS extended poll {


				extended poll pts sorting {


					list of points evaluation (extended poll) {

						evaluation 1/16 {

							point #121 ( 42511  0 )
							mesh index : -5

							cache hit: #121 --> #80
							extended poll unsuccessful point #80 [ h=0 f=0.10938096046400000438 ]
						} 

						evaluation 2/16 {

							point #122 ( 50511  0 )
							mesh index : -5

							extended poll unsuccessful point #122 [ h=0 f=0.89292361736299996622 ]
						} 

						evaluation 3/16 {

							point #123 ( 53511  0 )
							mesh index : -5

							extended poll unsuccessful point #123 [ h=0 f=0.20786981582700000959 ]
						} 

						evaluation 4/16 {

							point #124 ( 5403511  0 )
							mesh index : -5

							extended poll unsuccessful point #124 [ h=0 f=0.34762830734299998703 ]
						} 

						evaluation 5/16 {

							point #125 ( 5503511  0 )
							mesh index : -5

							extended poll unsuccessful point #125 [ h=0 f=0.84471311569200002722 ]
						} 

						evaluation 6/16 {

							point #126 ( 52411  0 )
							mesh index : -5


							extended poll dominating point #126 {
								x    = ( 52411  0 )
								F(x) = [ 0.10568828582799999483 ]
								h    = 0
								f    = 0.10568828582799999483
							} 

							opport. strategy: stop evaluations
						} 

					} end of evaluations


				} end of ext poll pts sorting (success)


			} end of extended poll

		} end of poll

		Mesh update {
			previous mesh index: -5
			new mesh index     : -6
		} 


		terminate MADS       : no
		iteration status     : dominating
		new feas. incumbent  : #126 {
			x    = ( 52411  0 )
			F(x) = [ 0.10568828582799999483 ]
			h    = 0
			f    = 0.10568828582799999483
		} 
		new infeas. incumbent: none

	} end of iteration 5

	MADS iteration 6 {

		blackbox evaluations : 27
		best feas. solution  : ( 52411  0 ) h=0 f=0.10568828582799999483
		best infeas. solution: none
		poll center          : ( 52411  0 )
		mesh size            : (  1  1 )
		poll size            : ( 64 64 )
		mesh index           : -6
		h_max                : inf

		MADS search {

			speculative search {

			} end of speculative search (unsuccessful)

		} end of search

		MADS poll {

			poll center: ( 52411  0 )

			poll directions (include mesh size parameter) {
				dir 0 : (  0 -64 ) Ortho-MADS 2n
				dir 1 : (  0 64 ) Ortho-MADS 2n
			} 

			re-ordered list of 2 poll trial points {
				#137 : ( 52411 -64 ) (dir 0)
				#138 : ( 52411 64 ) (dir 1)
			} 

			list of points evaluation (poll) {

				evaluation 1/2 {

					point #137 ( 52411 -64 )
					direction  : (  0 -64 ) Ortho-MADS 2n
					mesh index : -6

					poll unsuccessful point #137: evaluation failed
				} 

				evaluation 2/2 {

					point #138 ( 52411 64 )
					direction  : (  0 64 ) Ortho-MADS 2n
					mesh index : -6

					poll unsuccessful point #138: evaluation failed
				} 

			} end of evaluations


			MADS extended poll {


				extended poll pts sorting {


					list of points evaluation (extended poll) {

						evaluation 1/16 {

							point #139 ( 42411  0 )
							mesh index : -6

							extended poll unsuccessful point #139 [ h=0 f=0.1136579513549999948 ]
						} 

						evaluation 2/16 {

							point #140 ( 50411  0 )
							mesh index : -6

							extended poll unsuccessful point #140 [ h=0 f=0.91050992011999998255 ]
						} 

						evaluation 3/16 {

							point #141 ( 53411  0 )
							mesh index : -6

							extended poll unsuccessful point #141 [ h=0 f=0.21174404621099998658 ]
						} 

						evaluation 4/16 {

							point #142 ( 5403411  0 )
							mesh index : -6

							extended poll unsuccessful point #142 [ h=0 f=0.36590542793300001589 ]
						} 

						evaluation 5/16 {

							point #143 ( 5503411  0 )
							mesh index : -6

							extended poll unsuccessful point #143 [ h=0 f=0.83683772087099994597 ]
						} 

						evaluation 6/16 {

							point #144 ( 52511  0 )
							mesh index : -6

							cache hit: #144 --> #103
							extended poll unsuccessful point #103 [ h=0 f=0.10744943618799999985 ]
						} 

						evaluation 7/16 {

							point #145 ( 521  0 )
							mesh index : -6

							extended poll unsuccessful point #145 [ h=0 f=0.10584077835100000331 ]
						} 

						evaluation 8/16 {

							point #146 ( 521  0 )
							mesh index : -6

							cache hit: #146 --> #145
							extended poll unsuccessful point #145 [ h=0 f=0.10584077835100000331 ]
						} 

						evaluation 9/16 {

							point #147 ( 52421  0 )
							mesh index : -6


							extended poll dominating point #147 {
								x    = ( 52421  0 )
								F(x) = [ 0.090823864936800002834 ]
								h    = 0
								f    = 0.090823864936800002834
							} 

							opport. strategy: stop evaluations
						} 

					} end of evaluations


				} end of ext poll pts sorting (success)


			} end of extended poll

		} end of poll

		Mesh update {
			previous mesh index: -6
			new mesh index     : -7
		} 


		terminate MADS       : no
		iteration status     : dominating
		new feas. incumbent  : #147 {
			x    = ( 52421  0 )
			F(x) = [ 0.090823864936800002834 ]
			h    = 0
			f    = 0.090823864936800002834
		} 
		new infeas. incumbent: none

	} end of iteration 6

	MADS iteration 7 {

		blackbox evaluations : 36
		best feas. solution  : ( 52421  0 ) h=0 f=0.090823864936800002834
		best infeas. solution: none
		poll center          : ( 52421  0 )
		mesh size            : (  1  1 )
		poll size            : ( 128 128 )
		mesh index           : -7
		h_max                : inf

		MADS search {

			speculative search {

			} end of speculative search (unsuccessful)

		} end of search

		MADS poll {

			poll center: ( 52421  0 )

			poll directions (include mesh size parameter) {
				dir 0 : (  0 -121 ) Ortho-MADS 2n
				dir 1 : (  0 121 ) Ortho-MADS 2n
			} 

			re-ordered list of 2 poll trial points {
				#155 : ( 52421 -121 ) (dir 0)
				#156 : ( 52421 121 ) (dir 1)
			} 

			list of points evaluation (poll) {

				evaluation 1/2 {

					point #155 ( 52421 -121 )
					direction  : (  0 -121 ) Ortho-MADS 2n
					mesh index : -7

					poll unsuccessful point #155: evaluation failed
				} 

				evaluation 2/2 {

					point #156 ( 52421 121 )
					direction  : (  0 121 ) Ortho-MADS 2n
					mesh index : -7

					poll unsuccessful point #156: evaluation failed
				} 

			} end of evaluations


			MADS extended poll {


				extended poll pts sorting {


					list of points evaluation (extended poll) {

						evaluation 1/16 {

							point #157 ( 42421  0 )
							mesh index : -7

							extended poll unsuccessful point #157 [ h=0 f=0.09393594264990000331 ]
						} 

						evaluation 2/16 {

							point #158 ( 50421  0 )
							mesh index : -7

							extended poll unsuccessful point #158 [ h=0 f=0.87744121551499998368 ]
						} 

						evaluation 3/16 {

							point #159 ( 53421  0 )
							mesh index : -7

							extended poll unsuccessful point #159 [ h=0 f=0.19321212768599999032 ]
						} 

						evaluation 4/16 {

							point #160 ( 5403421  0 )
							mesh index : -7

							extended poll unsuccessful point #160 [ h=0 f=0.29984533786799999477 ]
						} 

						evaluation 5/16 {

							point #161 ( 5503421  0 )
							mesh index : -7

							extended poll unsuccessful point #161 [ h=0 f=0.86437845230099996652 ]
						} 

						evaluation 6/16 {

							point #162 ( 52521  0 )
							mesh index : -7


							extended poll dominating point #162 {
								x    = ( 52521  0 )
								F(x) = [ 0.085527944564799993077 ]
								h    = 0
								f    = 0.085527944564799993077
							} 

							opport. strategy: stop evaluations
						} 

					} end of evaluations


				} end of ext poll pts sorting (success)


			} end of extended poll

		} end of poll

		Mesh update {
			previous mesh index: -7
			new mesh index     : -8
		} 


		terminate MADS       : no
		iteration status     : dominating
		new feas. incumbent  : #162 {
			x    = ( 52521  0 )
			F(x) = [ 0.085527944564799993077 ]
			h    = 0
			f    = 0.085527944564799993077
		} 
		new infeas. incumbent: none

	} end of iteration 7

	MADS iteration 8 {

		blackbox evaluations : 44
		best feas. solution  : ( 52521  0 ) h=0 f=0.085527944564799993077
		best infeas. solution: none
		poll center          : ( 52521  0 )
		mesh size            : (  1  1 )
		poll size            : ( 256 256 )
		mesh index           : -8
		h_max                : inf

		MADS search {

			speculative search {

			} end of speculative search (unsuccessful)

		} end of search

		MADS poll {

			poll center: ( 52521  0 )

			poll directions (include mesh size parameter) {
				dir 0 : (  0 -256 ) Ortho-MADS 2n
				dir 1 : (  0 256 ) Ortho-MADS 2n
			} 

			re-ordered list of 2 poll trial points {
				#173 : ( 52521 -256 ) (dir 0)
				#174 : ( 52521 256 ) (dir 1)
			} 

			list of points evaluation (poll) {

				evaluation 1/2 {

					point #173 ( 52521 -256 )
					direction  : (  0 -256 ) Ortho-MADS 2n
					mesh index : -8

					poll unsuccessful point #173: evaluation failed
				} 

				evaluation 2/2 {

					point #174 ( 52521 256 )
					direction  : (  0 256 ) Ortho-MADS 2n
					mesh index : -8

					poll unsuccessful point #174: evaluation failed
				} 

			} end of evaluations


			MADS extended poll {


				extended poll pts sorting {


					list of points evaluation (extended poll) {

						evaluation 1/16 {

							point #175 ( 42521  0 )
							mesh index : -8

							extended poll unsuccessful point #175 [ h=0 f=0.088372635841399996282 ]
						} 

						evaluation 2/16 {

							point #176 ( 50521  0 )
							mesh index : -8

							extended poll unsuccessful point #176 [ h=0 f=0.87503461837800000644 ]
						} 

						evaluation 3/16 {

							point #177 ( 53521  0 )
							mesh index : -8

							extended poll unsuccessful point #177 [ h=0 f=0.19249911308299999524 ]
						} 

						evaluation 4/16 {

							point #178 ( 5403521  0 )
							mesh index : -8

							extended poll unsuccessful point #178 [ h=0 f=0.34688789844500000914 ]
						} 

						evaluation 5/16 {

							point #179 ( 5503521  0 )
							mesh index : -8

							extended poll unsuccessful point #179 [ h=0 f=0.78264367580399996083 ]
						} 

						evaluation 6/16 {

							point #180 ( 52421  0 )
							mesh index : -8

							cache hit: #180 --> #147
							extended poll unsuccessful point #147 [ h=0 f=0.090823864936800002834 ]
						} 

						evaluation 7/16 {

							point #181 ( 522  0 )
							mesh index : -8


							extended poll dominating point #181 {
								x    = ( 522  0 )
								F(x) = [ 0.07019968032840000205 ]
								h    = 0
								f    = 0.07019968032840000205
							} 

							opport. strategy: stop evaluations
						} 

					} end of evaluations


				} end of ext poll pts sorting (success)


			} end of extended poll

		} end of poll

		Mesh update {
			previous mesh index: -8
			new mesh index     : -9
		} 


		terminate MADS       : no
		iteration status     : dominating
		new feas. incumbent  : #181 {
			x    = ( 522  0 )
			F(x) = [ 0.07019968032840000205 ]
			h    = 0
			f    = 0.07019968032840000205
		} 
		new infeas. incumbent: none

	} end of iteration 8

	MADS iteration 9 {

		blackbox evaluations : 52
		best feas. solution  : ( 522  0 ) h=0 f=0.07019968032840000205
		best infeas. solution: none
		poll center          : ( 522  0 )
		mesh size            : (  1  1 )
		poll size            : ( 512 512 )
		mesh index           : -9
		h_max                : inf

		MADS search {

			speculative search {

			} end of speculative search (unsuccessful)

		} end of search

		MADS poll {

			poll center: ( 522  0 )

			poll directions (include mesh size parameter) {
				dir 0 : (  0 -484 ) Ortho-MADS 2n
				dir 1 : (  0 484 ) Ortho-MADS 2n
			} 

			re-ordered list of 2 poll trial points {
				#191 : ( 522 -484 ) (dir 0)
				#192 : ( 522 484 ) (dir 1)
			} 

			list of points evaluation (poll) {

				evaluation 1/2 {

					point #191 ( 522 -484 )
					direction  : (  0 -484 ) Ortho-MADS 2n
					mesh index : -9

					poll unsuccessful point #191: evaluation failed
				} 

				evaluation 2/2 {

					point #192 ( 522 484 )
					direction  : (  0 484 ) Ortho-MADS 2n
					mesh index : -9

					poll unsuccessful point #192: evaluation failed
				} 

			} end of evaluations


			MADS extended poll {


				extended poll pts sorting {


					list of points evaluation (extended poll) {

						evaluation 1/11 {

							point #193 ( 422  0 )
							mesh index : -9

							extended poll unsuccessful point #193 [ h=0 f=0.073447561263999996961 ]
						} 

						evaluation 2/11 {

							point #194 (  2  0 )
							mesh index : -9

							extended poll unsuccessful point #194 [ h=0 f=0.070400357246399994371 ]
						} 

						evaluation 3/11 {

							point #195 (  2  0 )
							mesh index : -9

							cache hit: #195 --> #194
							extended poll unsuccessful point #194 [ h=0 f=0.070400357246399994371 ]
						} 

						evaluation 4/11 {

							point #196 ( 502  0 )
							mesh index : -9

							extended poll unsuccessful point #196 [ h=0 f=0.83042211532599996548 ]
						} 

						evaluation 5/11 {

							point #197 ( 532  0 )
							mesh index : -9

							extended poll unsuccessful point #197 [ h=0 f=0.18220803737599999828 ]
						} 

						evaluation 6/11 {

							point #198 ( 54032  0 )
							mesh index : -9

							extended poll unsuccessful point #198 [ h=0 f=0.31221666336100001304 ]
						} 

						evaluation 7/11 {

							point #199 ( 55032  0 )
							mesh index : -9

							extended poll unsuccessful point #199 [ h=0 f=0.84481809139300001466 ]
						} 

						evaluation 8/11 {

							point #200 ( 520  0 )
							mesh index : -9

							extended poll unsuccessful point #200 [ h=0 f=0.79642534255999997139 ]
						} 

						evaluation 9/11 {

							point #201 ( 523  0 )
							mesh index : -9

							extended poll unsuccessful point #201 [ h=0 f=0.17202298641200000628 ]
						} 

						evaluation 10/11 {

							point #202 ( 52403  0 )
							mesh index : -9

							extended poll unsuccessful point #202 [ h=0 f=0.29586338996900002352 ]
						} 

						evaluation 11/11 {

							point #203 ( 52503  0 )
							mesh index : -9

							extended poll unsuccessful point #203 [ h=0 f=0.32136361599000001776 ]
						} 

					} end of evaluations


					sorted ext poll pts {

						point # 1/10 : (     2     0 )
						point # 2/10 : (   422     0 )
						point # 3/10 : (   523     0 )
						point # 4/10 : (   532     0 )
						point # 5/10 : ( 52403     0 )
						point # 6/10 : ( 54032     0 )
						point # 7/10 : ( 52503     0 )
						point # 8/10 : (   520     0 )
						point # 9/10 : (   502     0 )
						point #10/10 : ( 55032     0 )

					} 


				} end of ext poll pts sorting


				extended poll point eval {

					extended poll point = (     2     0 )

					list of points evaluation (extended poll) {

						evaluation 1/1 {

							point #204 (  2  0 )
							mesh index : -9

							cache hit: #204 --> #194
							extended poll unsuccessful point #194 [ h=0 f=0.070400357246399994371 ]
						} 

					} end of evaluations


				} 


				extended poll center: (     2     0 )

				perform extended poll descent ...... yes

				extended poll descent {

					       iteration = 9
					 blackbox eval.  = 64
					      mesh index = -9
					ext. poll center = (     2     0 ) f=0.070400357246399994371 h=0


					MADS run {

						64+BBE	OBJ	(ext-poll)

						64+ 0	0.07040035724639999437	(ext-poll)
						64+ 2	0.07040035724639999437	(ext-poll)

					} end of run (max mesh index)

					blackbox evaluations    : 2
					best feasible solution  : ( 2 0 ) h=0 f=0.070400357246399994371

				} end of extended poll descent (unsuccessful)


				extended poll point eval {

					extended poll point = (   422     0 )

					list of points evaluation (extended poll) {

						evaluation 1/1 {

							point #205 ( 422  0 )
							mesh index : -9

							cache hit: #205 --> #193
							extended poll unsuccessful point #193 [ h=0 f=0.073447561263999996961 ]
						} 

					} end of evaluations


				} 


				extended poll center: (   422     0 )

				perform extended poll descent ...... yes

				extended poll descent {

					       iteration = 9
					 blackbox eval.  = 66
					      mesh index = -9
					ext. poll center = (   422     0 ) f=0.073447561263999996961 h=0


					MADS run {

						66+BBE	OBJ	(ext-poll)

						66+ 0	0.07344756126399999696	(ext-poll)
						66+ 2	0.07344756126399999696	(ext-poll)

					} end of run (max mesh index)

					blackbox evaluations    : 2
					best feasible solution  : ( 422 0 ) h=0 f=0.073447561263999996961

				} end of extended poll descent (unsuccessful)


				extended poll point eval {

					extended poll point = (   523     0 )

					list of points evaluation (extended poll) {

						evaluation 1/1 {

							point #206 ( 523  0 )
							mesh index : -9

							cache hit: #206 --> #201
							extended poll unsuccessful point #201 [ h=0 f=0.17202298641200000628 ]
						} 

					} end of evaluations


				} 


				extended poll center: (   523     0 )

				perform extended poll descent ...... no

				extended poll point eval {

					extended poll point = (   532     0 )

					list of points evaluation (extended poll) {

						evaluation 1/1 {

							point #207 ( 532  0 )
							mesh index : -9

							cache hit: #207 --> #197
							extended poll unsuccessful point #197 [ h=0 f=0.18220803737599999828 ]
						} 

					} end of evaluations


				} 


				extended poll center: (   532     0 )

				perform extended poll descent ...... no

				extended poll point eval {

					extended poll point = ( 52403     0 )

					list of points evaluation (extended poll) {

						evaluation 1/1 {

							point #208 ( 52403  0 )
							mesh index : -9

							cache hit: #208 --> #202
							extended poll unsuccessful point #202 [ h=0 f=0.29586338996900002352 ]
						} 

					} end of evaluations


				} 


				extended poll center: ( 52403     0 )

				perform extended poll descent ...... no

				extended poll point eval {

					extended poll point = ( 54032     0 )

					list of points evaluation (extended poll) {

						evaluation 1/1 {

							point #209 ( 54032  0 )
							mesh index : -9

							cache hit: #209 --> #198
							extended poll unsuccessful point #198 [ h=0 f=0.31221666336100001304 ]
						} 

					} end of evaluations


				} 


				extended poll center: ( 54032     0 )

				perform extended poll descent ...... no

				extended poll point eval {

					extended poll point = ( 52503     0 )

					list of points evaluation (extended poll) {

						evaluation 1/1 {

							point #210 ( 52503  0 )
							mesh index : -9

							cache hit: #210 --> #203
							extended poll unsuccessful point #203 [ h=0 f=0.32136361599000001776 ]
						} 

					} end of evaluations


				} 


				extended poll center: ( 52503     0 )

				perform extended poll descent ...... no

				extended poll point eval {

					extended poll point = (   520     0 )

					list of points evaluation (extended poll) {

						evaluation 1/1 {

							point #211 ( 520  0 )
							mesh index : -9

							cache hit: #211 --> #200
							extended poll unsuccessful point #200 [ h=0 f=0.79642534255999997139 ]
						} 

					} end of evaluations


				} 


				extended poll center: (   520     0 )

				perform extended poll descent ...... no

				extended poll point eval {

					extended poll point = (   502     0 )

					list of points evaluation (extended poll) {

						evaluation 1/1 {

							point #212 ( 502  0 )
							mesh index : -9

							cache hit: #212 --> #196
							extended poll unsuccessful point #196 [ h=0 f=0.83042211532599996548 ]
						} 

					} end of evaluations


				} 


				extended poll center: (   502     0 )

				perform extended poll descent ...... no

				extended poll point eval {

					extended poll point = ( 55032     0 )

					list of points evaluation (extended poll) {

						evaluation 1/1 {

							point #213 ( 55032  0 )
							mesh index : -9

							cache hit: #213 --> #199
							extended poll unsuccessful point #199 [ h=0 f=0.84481809139300001466 ]
						} 

					} end of evaluations


				} 


				extended poll center: ( 55032     0 )

				perform extended poll descent ...... no

			} end of extended poll

		} end of poll

		Mesh update {
			previous mesh index: -9
			new mesh index     : -8
		} 


		terminate MADS       : no
		iteration status     : unsuccessful
		new feas. incumbent  : none
		new infeas. incumbent: none

	} end of iteration 9

	MADS iteration 10 {

		blackbox evaluations : 68
		best feas. solution  : ( 522  0 ) h=0 f=0.07019968032840000205
		best infeas. solution: none
		poll center          : ( 522  0 )
		mesh size            : (  1  1 )
		poll size            : ( 256 256 )
		mesh index           : -8
		h_max                : inf

		MADS search {
		} end of search

		MADS poll {

			poll center: ( 522  0 )

			poll directions (include mesh size parameter) {
				dir 0 : (  0 -256 ) Ortho-MADS 2n
				dir 1 : (  0 256 ) Ortho-MADS 2n
			} 

			re-ordered list of 2 poll trial points {
				#220 : ( 522 -256 ) (dir 0)
				#221 : ( 522 256 ) (dir 1)
			} 

			list of points evaluation (poll) {

				evaluation 1/2 {

					point #220 ( 522 -256 )
					direction  : (  0 -256 ) Ortho-MADS 2n
					mesh index : -8

					poll unsuccessful point #220: evaluation failed
				} 

				evaluation 2/2 {

					point #221 ( 522 256 )
					direction  : (  0 256 ) Ortho-MADS 2n
					mesh index : -8

					poll unsuccessful point #221: evaluation failed
				} 

			} end of evaluations


			MADS extended poll {


				extended poll pts sorting {


					list of points evaluation (extended poll) {

						evaluation 1/11 {

							point #222 ( 422  0 )
							mesh index : -8

							cache hit: #222 --> #193
							extended poll unsuccessful point #193 [ h=0 f=0.073447561263999996961 ]
						} 

						evaluation 2/11 {

							point #223 (  2  0 )
							mesh index : -8

							cache hit: #223 --> #194
							extended poll unsuccessful point #194 [ h=0 f=0.070400357246399994371 ]
						} 

						evaluation 3/11 {

							point #224 (  2  0 )
							mesh index : -8

							cache hit: #224 --> #194
							extended poll unsuccessful point #194 [ h=0 f=0.070400357246399994371 ]
						} 

						evaluation 4/11 {

							point #225 ( 502  0 )
							mesh index : -8

							cache hit: #225 --> #196
							extended poll unsuccessful point #196 [ h=0 f=0.83042211532599996548 ]
						} 

						evaluation 5/11 {

							point #226 ( 532  0 )
							mesh index : -8

							cache hit: #226 --> #197
							extended poll unsuccessful point #197 [ h=0 f=0.18220803737599999828 ]
						} 

						evaluation 6/11 {

							point #227 ( 54032  0 )
							mesh index : -8

							cache hit: #227 --> #198
							extended poll unsuccessful point #198 [ h=0 f=0.31221666336100001304 ]
						} 

						evaluation 7/11 {

							point #228 ( 55032  0 )
							mesh index : -8

							cache hit: #228 --> #199
							extended poll unsuccessful point #199 [ h=0 f=0.84481809139300001466 ]
						} 

						evaluation 8/11 {

							point #229 ( 520  0 )
							mesh index : -8

							cache hit: #229 --> #200
							extended poll unsuccessful point #200 [ h=0 f=0.79642534255999997139 ]
						} 

						evaluation 9/11 {

							point #230 ( 523  0 )
							mesh index : -8

							cache hit: #230 --> #201
							extended poll unsuccessful point #201 [ h=0 f=0.17202298641200000628 ]
						} 

						evaluation 10/11 {

							point #231 ( 52403  0 )
							mesh index : -8

							cache hit: #231 --> #202
							extended poll unsuccessful point #202 [ h=0 f=0.29586338996900002352 ]
						} 

						evaluation 11/11 {

							point #232 ( 52503  0 )
							mesh index : -8

							cache hit: #232 --> #203
							extended poll unsuccessful point #203 [ h=0 f=0.32136361599000001776 ]
						} 

					} end of evaluations


					sorted ext poll pts {

						point # 1/10 : (     2     0 )
						point # 2/10 : (   422     0 )
						point # 3/10 : (   523     0 )
						point # 4/10 : (   532     0 )
						point # 5/10 : ( 52403     0 )
						point # 6/10 : ( 54032     0 )
						point # 7/10 : ( 52503     0 )
						point # 8/10 : (   520     0 )
						point # 9/10 : (   502     0 )
						point #10/10 : ( 55032     0 )

					} 


				} end of ext poll pts sorting


				extended poll point eval {

					extended poll point = (     2     0 )

					list of points evaluation (extended poll) {

						evaluation 1/1 {

							point #233 (  2  0 )
							mesh index : -8

							cache hit: #233 --> #194
							extended poll unsuccessful point #194 [ h=0 f=0.070400357246399994371 ]
						} 

					} end of evaluations


				} 


				extended poll center: (     2     0 )

				perform extended poll descent ...... yes

				extended poll descent {

					       iteration = 10
					 blackbox eval.  = 70
					      mesh index = -8
					ext. poll center = (     2     0 ) f=0.070400357246399994371 h=0


					MADS run {

						70+BBE	OBJ	(ext-poll)

						70+ 0	0.07040035724639999437	(ext-poll)
						70+ 2	0.07040035724639999437	(ext-poll)

					} end of run (max mesh index)

					blackbox evaluations    : 2
					best feasible solution  : ( 2 0 ) h=0 f=0.070400357246399994371

				} end of extended poll descent (unsuccessful)


				extended poll point eval {

					extended poll point = (   422     0 )

					list of points evaluation (extended poll) {

						evaluation 1/1 {

							point #234 ( 422  0 )
							mesh index : -8

							cache hit: #234 --> #193
							extended poll unsuccessful point #193 [ h=0 f=0.073447561263999996961 ]
						} 

					} end of evaluations


				} 


				extended poll center: (   422     0 )

				perform extended poll descent ...... yes

				extended poll descent {

					       iteration = 10
					 blackbox eval.  = 72
					      mesh index = -8
					ext. poll center = (   422     0 ) f=0.073447561263999996961 h=0


					MADS run {

						72+BBE	OBJ	(ext-poll)

						72+ 0	0.07344756126399999696	(ext-poll)
						72+ 2	0.07344756126399999696	(ext-poll)

					} end of run (max mesh index)

					blackbox evaluations    : 2
					best feasible solution  : ( 422 0 ) h=0 f=0.073447561263999996961

				} end of extended poll descent (unsuccessful)


				extended poll point eval {

					extended poll point = (   523     0 )

					list of points evaluation (extended poll) {

						evaluation 1/1 {

							point #235 ( 523  0 )
							mesh index : -8

							cache hit: #235 --> #201
							extended poll unsuccessful point #201 [ h=0 f=0.17202298641200000628 ]
						} 

					} end of evaluations


				} 


				extended poll center: (   523     0 )

				perform extended poll descent ...... no

				extended poll point eval {

					extended poll point = (   532     0 )

					list of points evaluation (extended poll) {

						evaluation 1/1 {

							point #236 ( 532  0 )
							mesh index : -8

							cache hit: #236 --> #197
							extended poll unsuccessful point #197 [ h=0 f=0.18220803737599999828 ]
						} 

					} end of evaluations


				} 


				extended poll center: (   532     0 )

				perform extended poll descent ...... no

				extended poll point eval {

					extended poll point = ( 52403     0 )

					list of points evaluation (extended poll) {

						evaluation 1/1 {

							point #237 ( 52403  0 )
							mesh index : -8

							cache hit: #237 --> #202
							extended poll unsuccessful point #202 [ h=0 f=0.29586338996900002352 ]
						} 

					} end of evaluations


				} 


				extended poll center: ( 52403     0 )

				perform extended poll descent ...... no

				extended poll point eval {

					extended poll point = ( 54032     0 )

					list of points evaluation (extended poll) {

						evaluation 1/1 {

							point #238 ( 54032  0 )
							mesh index : -8

							cache hit: #238 --> #198
							extended poll unsuccessful point #198 [ h=0 f=0.31221666336100001304 ]
						} 

					} end of evaluations


				} 


				extended poll center: ( 54032     0 )

				perform extended poll descent ...... no

				extended poll point eval {

					extended poll point = ( 52503     0 )

					list of points evaluation (extended poll) {

						evaluation 1/1 {

							point #239 ( 52503  0 )
							mesh index : -8

							cache hit: #239 --> #203
							extended poll unsuccessful point #203 [ h=0 f=0.32136361599000001776 ]
						} 

					} end of evaluations


				} 


				extended poll center: ( 52503     0 )

				perform extended poll descent ...... no

				extended poll point eval {

					extended poll point = (   520     0 )

					list of points evaluation (extended poll) {

						evaluation 1/1 {

							point #240 ( 520  0 )
							mesh index : -8

							cache hit: #240 --> #200
							extended poll unsuccessful point #200 [ h=0 f=0.79642534255999997139 ]
						} 

					} end of evaluations


				} 


				extended poll center: (   520     0 )

				perform extended poll descent ...... no

				extended poll point eval {

					extended poll point = (   502     0 )

					list of points evaluation (extended poll) {

						evaluation 1/1 {

							point #241 ( 502  0 )
							mesh index : -8

							cache hit: #241 --> #196
							extended poll unsuccessful point #196 [ h=0 f=0.83042211532599996548 ]
						} 

					} end of evaluations


				} 


				extended poll center: (   502     0 )

				perform extended poll descent ...... no

				extended poll point eval {

					extended poll point = ( 55032     0 )

					list of points evaluation (extended poll) {

						evaluation 1/1 {

							point #242 ( 55032  0 )
							mesh index : -8

							cache hit: #242 --> #199
							extended poll unsuccessful point #199 [ h=0 f=0.84481809139300001466 ]
						} 

					} end of evaluations


				} 


				extended poll center: ( 55032     0 )

				perform extended poll descent ...... no

			} end of extended poll

		} end of poll

		Mesh update {
			previous mesh index: -8
			new mesh index     : -7
		} 


		terminate MADS       : no
		iteration status     : unsuccessful
		new feas. incumbent  : none
		new infeas. incumbent: none

	} end of iteration 10

	MADS iteration 11 {

		blackbox evaluations : 74
		best feas. solution  : ( 522  0 ) h=0 f=0.07019968032840000205
		best infeas. solution: none
		poll center          : ( 522  0 )
		mesh size            : (  1  1 )
		poll size            : ( 128 128 )
		mesh index           : -7
		h_max                : inf

		MADS search {
		} end of search

		MADS poll {

			poll center: ( 522  0 )

			poll directions (include mesh size parameter) {
				dir 0 : (  0 -121 ) Ortho-MADS 2n
				dir 1 : (  0 121 ) Ortho-MADS 2n
			} 

			re-ordered list of 2 poll trial points {
				#249 : ( 522 -121 ) (dir 0)
				#250 : ( 522 121 ) (dir 1)
			} 

			list of points evaluation (poll) {

				evaluation 1/2 {

					point #249 ( 522 -121 )
					direction  : (  0 -121 ) Ortho-MADS 2n
					mesh index : -7

					poll unsuccessful point #249: evaluation failed
				} 

				evaluation 2/2 {

					point #250 ( 522 121 )
					direction  : (  0 121 ) Ortho-MADS 2n
					mesh index : -7

					poll unsuccessful point #250: evaluation failed
				} 

			} end of evaluations


			MADS extended poll {


				extended poll pts sorting {


					list of points evaluation (extended poll) {

						evaluation 1/11 {

							point #251 ( 422  0 )
							mesh index : -7

							cache hit: #251 --> #193
							extended poll unsuccessful point #193 [ h=0 f=0.073447561263999996961 ]
						} 

						evaluation 2/11 {

							point #252 (  2  0 )
							mesh index : -7

							cache hit: #252 --> #194
							extended poll unsuccessful point #194 [ h=0 f=0.070400357246399994371 ]
						} 

						evaluation 3/11 {

							point #253 (  2  0 )
							mesh index : -7

							cache hit: #253 --> #194
							extended poll unsuccessful point #194 [ h=0 f=0.070400357246399994371 ]
						} 

						evaluation 4/11 {

							point #254 ( 502  0 )
							mesh index : -7

							cache hit: #254 --> #196
							extended poll unsuccessful point #196 [ h=0 f=0.83042211532599996548 ]
						} 

						evaluation 5/11 {

							point #255 ( 532  0 )
							mesh index : -7

							cache hit: #255 --> #197
							extended poll unsuccessful point #197 [ h=0 f=0.18220803737599999828 ]
						} 

						evaluation 6/11 {

							point #256 ( 54032  0 )
							mesh index : -7

							cache hit: #256 --> #198
							extended poll unsuccessful point #198 [ h=0 f=0.31221666336100001304 ]
						} 

						evaluation 7/11 {

							point #257 ( 55032  0 )
							mesh index : -7

							cache hit: #257 --> #199
							extended poll unsuccessful point #199 [ h=0 f=0.84481809139300001466 ]
						} 

						evaluation 8/11 {

							point #258 ( 520  0 )
							mesh index : -7

							cache hit: #258 --> #200
							extended poll unsuccessful point #200 [ h=0 f=0.79642534255999997139 ]
						} 

						evaluation 9/11 {

							point #259 ( 523  0 )
							mesh index : -7

							cache hit: #259 --> #201
							extended poll unsuccessful point #201 [ h=0 f=0.17202298641200000628 ]
						} 

						evaluation 10/11 {

							point #260 ( 52403  0 )
							mesh index : -7

							cache hit: #260 --> #202
							extended poll unsuccessful point #202 [ h=0 f=0.29586338996900002352 ]
						} 

						evaluation 11/11 {

							point #261 ( 52503  0 )
							mesh index : -7

							cache hit: #261 --> #203
							extended poll unsuccessful point #203 [ h=0 f=0.32136361599000001776 ]
						} 

					} end of evaluations


					sorted ext poll pts {

						point # 1/10 : (     2     0 )
						point # 2/10 : (   422     0 )
						point # 3/10 : (   523     0 )
						point # 4/10 : (   532     0 )
						point # 5/10 : ( 52403     0 )
						point # 6/10 : ( 54032     0 )
						point # 7/10 : ( 52503     0 )
						point # 8/10 : (   520     0 )
						point # 9/10 : (   502     0 )
						point #10/10 : ( 55032     0 )

					} 


				} end of ext poll pts sorting


				extended poll point eval {

					extended poll point = (     2     0 )

					list of points evaluation (extended poll) {

						evaluation 1/1 {

							point #262 (  2  0 )
							mesh index : -7

							cache hit: #262 --> #194
							extended poll unsuccessful point #194 [ h=0 f=0.070400357246399994371 ]
						} 

					} end of evaluations


				} 


				extended poll center: (     2     0 )

				perform extended poll descent ...... yes

				extended poll descent {

					       iteration = 11
					 blackbox eval.  = 76
					      mesh index = -7
					ext. poll center = (     2     0 ) f=0.070400357246399994371 h=0


					MADS run {

						76+BBE	OBJ	(ext-poll)

						76+ 0	0.07040035724639999437	(ext-poll)
						76+ 2	0.07040035724639999437	(ext-poll)

					} end of run (max mesh index)

					blackbox evaluations    : 2
					best feasible solution  : ( 2 0 ) h=0 f=0.070400357246399994371

				} end of extended poll descent (unsuccessful)


				extended poll point eval {

					extended poll point = (   422     0 )

					list of points evaluation (extended poll) {

						evaluation 1/1 {

							point #263 ( 422  0 )
							mesh index : -7

							cache hit: #263 --> #193
							extended poll unsuccessful point #193 [ h=0 f=0.073447561263999996961 ]
						} 

					} end of evaluations


				} 


				extended poll center: (   422     0 )

				perform extended poll descent ...... yes

				extended poll descent {

					       iteration = 11
					 blackbox eval.  = 78
					      mesh index = -7
					ext. poll center = (   422     0 ) f=0.073447561263999996961 h=0


					MADS run {

						78+BBE	OBJ	(ext-poll)

						78+ 0	0.07344756126399999696	(ext-poll)
						78+ 2	0.07344756126399999696	(ext-poll)

					} end of run (max mesh index)

					blackbox evaluations    : 2
					best feasible solution  : ( 422 0 ) h=0 f=0.073447561263999996961

				} end of extended poll descent (unsuccessful)


				extended poll point eval {

					extended poll point = (   523     0 )

					list of points evaluation (extended poll) {

						evaluation 1/1 {

							point #264 ( 523  0 )
							mesh index : -7

							cache hit: #264 --> #201
							extended poll unsuccessful point #201 [ h=0 f=0.17202298641200000628 ]
						} 

					} end of evaluations


				} 


				extended poll center: (   523     0 )

				perform extended poll descent ...... no

				extended poll point eval {

					extended poll point = (   532     0 )

					list of points evaluation (extended poll) {

						evaluation 1/1 {

							point #265 ( 532  0 )
							mesh index : -7

							cache hit: #265 --> #197
							extended poll unsuccessful point #197 [ h=0 f=0.18220803737599999828 ]
						} 

					} end of evaluations


				} 


				extended poll center: (   532     0 )

				perform extended poll descent ...... no

				extended poll point eval {

					extended poll point = ( 52403     0 )

					list of points evaluation (extended poll) {

						evaluation 1/1 {

							point #266 ( 52403  0 )
							mesh index : -7

							cache hit: #266 --> #202
							extended poll unsuccessful point #202 [ h=0 f=0.29586338996900002352 ]
						} 

					} end of evaluations


				} 


				extended poll center: ( 52403     0 )

				perform extended poll descent ...... no

				extended poll point eval {

					extended poll point = ( 54032     0 )

					list of points evaluation (extended poll) {

						evaluation 1/1 {

							point #267 ( 54032  0 )
							mesh index : -7

							cache hit: #267 --> #198
							extended poll unsuccessful point #198 [ h=0 f=0.31221666336100001304 ]
						} 

					} end of evaluations


				} 


				extended poll center: ( 54032     0 )

				perform extended poll descent ...... no

				extended poll point eval {

					extended poll point = ( 52503     0 )

					list of points evaluation (extended poll) {

						evaluation 1/1 {

							point #268 ( 52503  0 )
							mesh index : -7

							cache hit: #268 --> #203
							extended poll unsuccessful point #203 [ h=0 f=0.32136361599000001776 ]
						} 

					} end of evaluations


				} 


				extended poll center: ( 52503     0 )

				perform extended poll descent ...... no

				extended poll point eval {

					extended poll point = (   520     0 )

					list of points evaluation (extended poll) {

						evaluation 1/1 {

							point #269 ( 520  0 )
							mesh index : -7

							cache hit: #269 --> #200
							extended poll unsuccessful point #200 [ h=0 f=0.79642534255999997139 ]
						} 

					} end of evaluations


				} 


				extended poll center: (   520     0 )

				perform extended poll descent ...... no

				extended poll point eval {

					extended poll point = (   502     0 )

					list of points evaluation (extended poll) {

						evaluation 1/1 {

							point #270 ( 502  0 )
							mesh index : -7

							cache hit: #270 --> #196
							extended poll unsuccessful point #196 [ h=0 f=0.83042211532599996548 ]
						} 

					} end of evaluations


				} 


				extended poll center: (   502     0 )

				perform extended poll descent ...... no

				extended poll point eval {

					extended poll point = ( 55032     0 )

					list of points evaluation (extended poll) {

						evaluation 1/1 {

							point #271 ( 55032  0 )
							mesh index : -7

							cache hit: #271 --> #199
							extended poll unsuccessful point #199 [ h=0 f=0.84481809139300001466 ]
						} 

					} end of evaluations


				} 


				extended poll center: ( 55032     0 )

				perform extended poll descent ...... no

			} end of extended poll

		} end of poll

		Mesh update {
			previous mesh index: -7
			new mesh index     : -6
		} 


		terminate MADS       : no
		iteration status     : unsuccessful
		new feas. incumbent  : none
		new infeas. incumbent: none

	} end of iteration 11

	MADS iteration 12 {

		blackbox evaluations : 80
		best feas. solution  : ( 522  0 ) h=0 f=0.07019968032840000205
		best infeas. solution: none
		poll center          : ( 522  0 )
		mesh size            : (  1  1 )
		poll size            : ( 64 64 )
		mesh index           : -6
		h_max                : inf

		MADS search {
		} end of search

		MADS poll {

			poll center: ( 522  0 )

			poll directions (include mesh size parameter) {
				dir 0 : (  0 -64 ) Ortho-MADS 2n
				dir 1 : (  0 64 ) Ortho-MADS 2n
			} 

			re-ordered list of 2 poll trial points {
				#278 : ( 522 -64 ) (dir 0)
				#279 : ( 522 64 ) (dir 1)
			} 

			list of points evaluation (poll) {

				evaluation 1/2 {

					point #278 ( 522 -64 )
					direction  : (  0 -64 ) Ortho-MADS 2n
					mesh index : -6

					poll unsuccessful point #278: evaluation failed
				} 

				evaluation 2/2 {

					point #279 ( 522 64 )
					direction  : (  0 64 ) Ortho-MADS 2n
					mesh index : -6

					poll unsuccessful point #279: evaluation failed
				} 

			} end of evaluations


			MADS extended poll {


				extended poll pts sorting {


					list of points evaluation (extended poll) {

						evaluation 1/11 {

							point #280 ( 422  0 )
							mesh index : -6

							cache hit: #280 --> #193
							extended poll unsuccessful point #193 [ h=0 f=0.073447561263999996961 ]
						} 

						evaluation 2/11 {

							point #281 (  2  0 )
							mesh index : -6

							cache hit: #281 --> #194
							extended poll unsuccessful point #194 [ h=0 f=0.070400357246399994371 ]
						} 

						evaluation 3/11 {

							point #282 (  2  0 )
							mesh index : -6

							cache hit: #282 --> #194
							extended poll unsuccessful point #194 [ h=0 f=0.070400357246399994371 ]
						} 

						evaluation 4/11 {

							point #283 ( 502  0 )
							mesh index : -6

							cache hit: #283 --> #196
							extended poll unsuccessful point #196 [ h=0 f=0.83042211532599996548 ]
						} 

						evaluation 5/11 {

							point #284 ( 532  0 )
							mesh index : -6

							cache hit: #284 --> #197
							extended poll unsuccessful point #197 [ h=0 f=0.18220803737599999828 ]
						} 

						evaluation 6/11 {

							point #285 ( 54032  0 )
							mesh index : -6

							cache hit: #285 --> #198
							extended poll unsuccessful point #198 [ h=0 f=0.31221666336100001304 ]
						} 

						evaluation 7/11 {

							point #286 ( 55032  0 )
							mesh index : -6

							cache hit: #286 --> #199
							extended poll unsuccessful point #199 [ h=0 f=0.84481809139300001466 ]
						} 

						evaluation 8/11 {

							point #287 ( 520  0 )
							mesh index : -6

							cache hit: #287 --> #200
							extended poll unsuccessful point #200 [ h=0 f=0.79642534255999997139 ]
						} 

						evaluation 9/11 {

							point #288 ( 523  0 )
							mesh index : -6

							cache hit: #288 --> #201
							extended poll unsuccessful point #201 [ h=0 f=0.17202298641200000628 ]
						} 

						evaluation 10/11 {

							point #289 ( 52403  0 )
							mesh index : -6

							cache hit: #289 --> #202
							extended poll unsuccessful point #202 [ h=0 f=0.29586338996900002352 ]
						} 

						evaluation 11/11 {

							point #290 ( 52503  0 )
							mesh index : -6

							cache hit: #290 --> #203
							extended poll unsuccessful point #203 [ h=0 f=0.32136361599000001776 ]
						} 

					} end of evaluations


					sorted ext poll pts {

						point # 1/10 : (     2     0 )
						point # 2/10 : (   422     0 )
						point # 3/10 : (   523     0 )
						point # 4/10 : (   532     0 )
						point # 5/10 : ( 52403     0 )
						point # 6/10 : ( 54032     0 )
						point # 7/10 : ( 52503     0 )
						point # 8/10 : (   520     0 )
						point # 9/10 : (   502     0 )
						point #10/10 : ( 55032     0 )

					} 


				} end of ext poll pts sorting


				extended poll point eval {

					extended poll point = (     2     0 )

					list of points evaluation (extended poll) {

						evaluation 1/1 {

							point #291 (  2  0 )
							mesh index : -6

							cache hit: #291 --> #194
							extended poll unsuccessful point #194 [ h=0 f=0.070400357246399994371 ]
						} 

					} end of evaluations


				} 


				extended poll center: (     2     0 )

				perform extended poll descent ...... yes

				extended poll descent {

					       iteration = 12
					 blackbox eval.  = 82
					      mesh index = -6
					ext. poll center = (     2     0 ) f=0.070400357246399994371 h=0


					MADS run {

						82+BBE	OBJ	(ext-poll)

						82+ 0	0.07040035724639999437	(ext-poll)
						82+ 2	0.07040035724639999437	(ext-poll)

					} end of run (max mesh index)

					blackbox evaluations    : 2
					best feasible solution  : ( 2 0 ) h=0 f=0.070400357246399994371

				} end of extended poll descent (unsuccessful)


				extended poll point eval {

					extended poll point = (   422     0 )

					list of points evaluation (extended poll) {

						evaluation 1/1 {

							point #292 ( 422  0 )
							mesh index : -6

							cache hit: #292 --> #193
							extended poll unsuccessful point #193 [ h=0 f=0.073447561263999996961 ]
						} 

					} end of evaluations


				} 


				extended poll center: (   422     0 )

				perform extended poll descent ...... yes

				extended poll descent {

					       iteration = 12
					 blackbox eval.  = 84
					      mesh index = -6
					ext. poll center = (   422     0 ) f=0.073447561263999996961 h=0


					MADS run {

						84+BBE	OBJ	(ext-poll)

						84+ 0	0.07344756126399999696	(ext-poll)
						84+ 2	0.07344756126399999696	(ext-poll)

					} end of run (max mesh index)

					blackbox evaluations    : 2
					best feasible solution  : ( 422 0 ) h=0 f=0.073447561263999996961

				} end of extended poll descent (unsuccessful)


				extended poll point eval {

					extended poll point = (   523     0 )

					list of points evaluation (extended poll) {

						evaluation 1/1 {

							point #293 ( 523  0 )
							mesh index : -6

							cache hit: #293 --> #201
							extended poll unsuccessful point #201 [ h=0 f=0.17202298641200000628 ]
						} 

					} end of evaluations


				} 


				extended poll center: (   523     0 )

				perform extended poll descent ...... no

				extended poll point eval {

					extended poll point = (   532     0 )

					list of points evaluation (extended poll) {

						evaluation 1/1 {

							point #294 ( 532  0 )
							mesh index : -6

							cache hit: #294 --> #197
							extended poll unsuccessful point #197 [ h=0 f=0.18220803737599999828 ]
						} 

					} end of evaluations


				} 


				extended poll center: (   532     0 )

				perform extended poll descent ...... no

				extended poll point eval {

					extended poll point = ( 52403     0 )

					list of points evaluation (extended poll) {

						evaluation 1/1 {

							point #295 ( 52403  0 )
							mesh index : -6

							cache hit: #295 --> #202
							extended poll unsuccessful point #202 [ h=0 f=0.29586338996900002352 ]
						} 

					} end of evaluations


				} 


				extended poll center: ( 52403     0 )

				perform extended poll descent ...... no

				extended poll point eval {

					extended poll point = ( 54032     0 )

					list of points evaluation (extended poll) {

						evaluation 1/1 {

							point #296 ( 54032  0 )
							mesh index : -6

							cache hit: #296 --> #198
							extended poll unsuccessful point #198 [ h=0 f=0.31221666336100001304 ]
						} 

					} end of evaluations


				} 


				extended poll center: ( 54032     0 )

				perform extended poll descent ...... no

				extended poll point eval {

					extended poll point = ( 52503     0 )

					list of points evaluation (extended poll) {

						evaluation 1/1 {

							point #297 ( 52503  0 )
							mesh index : -6

							cache hit: #297 --> #203
							extended poll unsuccessful point #203 [ h=0 f=0.32136361599000001776 ]
						} 

					} end of evaluations


				} 


				extended poll center: ( 52503     0 )

				perform extended poll descent ...... no

				extended poll point eval {

					extended poll point = (   520     0 )

					list of points evaluation (extended poll) {

						evaluation 1/1 {

							point #298 ( 520  0 )
							mesh index : -6

							cache hit: #298 --> #200
							extended poll unsuccessful point #200 [ h=0 f=0.79642534255999997139 ]
						} 

					} end of evaluations


				} 


				extended poll center: (   520     0 )

				perform extended poll descent ...... no

				extended poll point eval {

					extended poll point = (   502     0 )

					list of points evaluation (extended poll) {

						evaluation 1/1 {

							point #299 ( 502  0 )
							mesh index : -6

							cache hit: #299 --> #196
							extended poll unsuccessful point #196 [ h=0 f=0.83042211532599996548 ]
						} 

					} end of evaluations


				} 


				extended poll center: (   502     0 )

				perform extended poll descent ...... no

				extended poll point eval {

					extended poll point = ( 55032     0 )

					list of points evaluation (extended poll) {

						evaluation 1/1 {

							point #300 ( 55032  0 )
							mesh index : -6

							cache hit: #300 --> #199
							extended poll unsuccessful point #199 [ h=0 f=0.84481809139300001466 ]
						} 

					} end of evaluations


				} 


				extended poll center: ( 55032     0 )

				perform extended poll descent ...... no

			} end of extended poll

		} end of poll

		Mesh update {
			previous mesh index: -6
			new mesh index     : -5
		} 


		terminate MADS       : no
		iteration status     : unsuccessful
		new feas. incumbent  : none
		new infeas. incumbent: none

	} end of iteration 12

	MADS iteration 13 {

		blackbox evaluations : 86
		best feas. solution  : ( 522  0 ) h=0 f=0.07019968032840000205
		best infeas. solution: none
		poll center          : ( 522  0 )
		mesh size            : (  1  1 )
		poll size            : ( 32 32 )
		mesh index           : -5
		h_max                : inf

		MADS search {
		} end of search

		MADS poll {

			poll center: ( 522  0 )

			poll directions (include mesh size parameter) {
				dir 0 : (  0 -25 ) Ortho-MADS 2n
				dir 1 : (  0 25 ) Ortho-MADS 2n
			} 

			re-ordered list of 2 poll trial points {
				#307 : ( 522 -25 ) (dir 0)
				#308 : ( 522 25 ) (dir 1)
			} 

			list of points evaluation (poll) {

				evaluation 1/2 {

					point #307 ( 522 -25 )
					direction  : (  0 -25 ) Ortho-MADS 2n
					mesh index : -5

					poll unsuccessful point #307: evaluation failed
				} 

				evaluation 2/2 {

					point #308 ( 522 25 )
					direction  : (  0 25 ) Ortho-MADS 2n
					mesh index : -5

					poll unsuccessful point #308: evaluation failed
				} 

			} end of evaluations


			MADS extended poll {


				extended poll pts sorting {


					list of points evaluation (extended poll) {

						evaluation 1/11 {

							point #309 ( 422  0 )
							mesh index : -5

							cache hit: #309 --> #193
							extended poll unsuccessful point #193 [ h=0 f=0.073447561263999996961 ]
						} 

						evaluation 2/11 {

							point #310 (  2  0 )
							mesh index : -5

							cache hit: #310 --> #194
							extended poll unsuccessful point #194 [ h=0 f=0.070400357246399994371 ]
						} 

						evaluation 3/11 {

							point #311 (  2  0 )
							mesh index : -5

							cache hit: #311 --> #194
							extended poll unsuccessful point #194 [ h=0 f=0.070400357246399994371 ]
						} 

						evaluation 4/11 {

							point #312 ( 502  0 )
							mesh index : -5

							cache hit: #312 --> #196
							extended poll unsuccessful point #196 [ h=0 f=0.83042211532599996548 ]
						} 

						evaluation 5/11 {

							point #313 ( 532  0 )
							mesh index : -5

							cache hit: #313 --> #197
							extended poll unsuccessful point #197 [ h=0 f=0.18220803737599999828 ]
						} 

						evaluation 6/11 {

							point #314 ( 54032  0 )
							mesh index : -5

							cache hit: #314 --> #198
							extended poll unsuccessful point #198 [ h=0 f=0.31221666336100001304 ]
						} 

						evaluation 7/11 {

							point #315 ( 55032  0 )
							mesh index : -5

							cache hit: #315 --> #199
							extended poll unsuccessful point #199 [ h=0 f=0.84481809139300001466 ]
						} 

						evaluation 8/11 {

							point #316 ( 520  0 )
							mesh index : -5

							cache hit: #316 --> #200
							extended poll unsuccessful point #200 [ h=0 f=0.79642534255999997139 ]
						} 

						evaluation 9/11 {

							point #317 ( 523  0 )
							mesh index : -5

							cache hit: #317 --> #201
							extended poll unsuccessful point #201 [ h=0 f=0.17202298641200000628 ]
						} 

						evaluation 10/11 {

							point #318 ( 52403  0 )
							mesh index : -5

							cache hit: #318 --> #202
							extended poll unsuccessful point #202 [ h=0 f=0.29586338996900002352 ]
						} 

						evaluation 11/11 {

							point #319 ( 52503  0 )
							mesh index : -5

							cache hit: #319 --> #203
							extended poll unsuccessful point #203 [ h=0 f=0.32136361599000001776 ]
						} 

					} end of evaluations


					sorted ext poll pts {

						point # 1/10 : (     2     0 )
						point # 2/10 : (   422     0 )
						point # 3/10 : (   523     0 )
						point # 4/10 : (   532     0 )
						point # 5/10 : ( 52403     0 )
						point # 6/10 : ( 54032     0 )
						point # 7/10 : ( 52503     0 )
						point # 8/10 : (   520     0 )
						point # 9/10 : (   502     0 )
						point #10/10 : ( 55032     0 )

					} 


				} end of ext poll pts sorting


				extended poll point eval {

					extended poll point = (     2     0 )

					list of points evaluation (extended poll) {

						evaluation 1/1 {

							point #320 (  2  0 )
							mesh index : -5

							cache hit: #320 --> #194
							extended poll unsuccessful point #194 [ h=0 f=0.070400357246399994371 ]
						} 

					} end of evaluations


				} 


				extended poll center: (     2     0 )

				perform extended poll descent ...... yes

				extended poll descent {

					       iteration = 13
					 blackbox eval.  = 88
					      mesh index = -5
					ext. poll center = (     2     0 ) f=0.070400357246399994371 h=0


					MADS run {

						88+BBE	OBJ	(ext-poll)

						88+ 0	0.07040035724639999437	(ext-poll)
						88+ 2	0.07040035724639999437	(ext-poll)

					} end of run (max mesh index)

					blackbox evaluations    : 2
					best feasible solution  : ( 2 0 ) h=0 f=0.070400357246399994371

				} end of extended poll descent (unsuccessful)


				extended poll point eval {

					extended poll point = (   422     0 )

					list of points evaluation (extended poll) {

						evaluation 1/1 {

							point #321 ( 422  0 )
							mesh index : -5

							cache hit: #321 --> #193
							extended poll unsuccessful point #193 [ h=0 f=0.073447561263999996961 ]
						} 

					} end of evaluations


				} 


				extended poll center: (   422     0 )

				perform extended poll descent ...... yes

				extended poll descent {

					       iteration = 13
					 blackbox eval.  = 90
					      mesh index = -5
					ext. poll center = (   422     0 ) f=0.073447561263999996961 h=0


					MADS run {

						90+BBE	OBJ	(ext-poll)

						90+ 0	0.07344756126399999696	(ext-poll)
						90+ 2	0.07344756126399999696	(ext-poll)

					} end of run (max mesh index)

					blackbox evaluations    : 2
					best feasible solution  : ( 422 0 ) h=0 f=0.073447561263999996961

				} end of extended poll descent (unsuccessful)


				extended poll point eval {

					extended poll point = (   523     0 )

					list of points evaluation (extended poll) {

						evaluation 1/1 {

							point #322 ( 523  0 )
							mesh index : -5

							cache hit: #322 --> #201
							extended poll unsuccessful point #201 [ h=0 f=0.17202298641200000628 ]
						} 

					} end of evaluations


				} 


				extended poll center: (   523     0 )

				perform extended poll descent ...... no

				extended poll point eval {

					extended poll point = (   532     0 )

					list of points evaluation (extended poll) {

						evaluation 1/1 {

							point #323 ( 532  0 )
							mesh index : -5

							cache hit: #323 --> #197
							extended poll unsuccessful point #197 [ h=0 f=0.18220803737599999828 ]
						} 

					} end of evaluations


				} 


				extended poll center: (   532     0 )

				perform extended poll descent ...... no

				extended poll point eval {

					extended poll point = ( 52403     0 )

					list of points evaluation (extended poll) {

						evaluation 1/1 {

							point #324 ( 52403  0 )
							mesh index : -5

							cache hit: #324 --> #202
							extended poll unsuccessful point #202 [ h=0 f=0.29586338996900002352 ]
						} 

					} end of evaluations


				} 


				extended poll center: ( 52403     0 )

				perform extended poll descent ...... no

				extended poll point eval {

					extended poll point = ( 54032     0 )

					list of points evaluation (extended poll) {

						evaluation 1/1 {

							point #325 ( 54032  0 )
							mesh index : -5

							cache hit: #325 --> #198
							extended poll unsuccessful point #198 [ h=0 f=0.31221666336100001304 ]
						} 

					} end of evaluations


				} 


				extended poll center: ( 54032     0 )

				perform extended poll descent ...... no

				extended poll point eval {

					extended poll point = ( 52503     0 )

					list of points evaluation (extended poll) {

						evaluation 1/1 {

							point #326 ( 52503  0 )
							mesh index : -5

							cache hit: #326 --> #203
							extended poll unsuccessful point #203 [ h=0 f=0.32136361599000001776 ]
						} 

					} end of evaluations


				} 


				extended poll center: ( 52503     0 )

				perform extended poll descent ...... no

				extended poll point eval {

					extended poll point = (   520     0 )

					list of points evaluation (extended poll) {

						evaluation 1/1 {

							point #327 ( 520  0 )
							mesh index : -5

							cache hit: #327 --> #200
							extended poll unsuccessful point #200 [ h=0 f=0.79642534255999997139 ]
						} 

					} end of evaluations


				} 


				extended poll center: (   520     0 )

				perform extended poll descent ...... no

				extended poll point eval {

					extended poll point = (   502     0 )

					list of points evaluation (extended poll) {

						evaluation 1/1 {

							point #328 ( 502  0 )
							mesh index : -5

							cache hit: #328 --> #196
							extended poll unsuccessful point #196 [ h=0 f=0.83042211532599996548 ]
						} 

					} end of evaluations


				} 


				extended poll center: (   502     0 )

				perform extended poll descent ...... no

				extended poll point eval {

					extended poll point = ( 55032     0 )

					list of points evaluation (extended poll) {

						evaluation 1/1 {

							point #329 ( 55032  0 )
							mesh index : -5

							cache hit: #329 --> #199
							extended poll unsuccessful point #199 [ h=0 f=0.84481809139300001466 ]
						} 

					} end of evaluations


				} 


				extended poll center: ( 55032     0 )

				perform extended poll descent ...... no

			} end of extended poll

		} end of poll

		Mesh update {
			previous mesh index: -5
			new mesh index     : -4
		} 


		terminate MADS       : no
		iteration status     : unsuccessful
		new feas. incumbent  : none
		new infeas. incumbent: none

	} end of iteration 13

	MADS iteration 14 {

		blackbox evaluations : 92
		best feas. solution  : ( 522  0 ) h=0 f=0.07019968032840000205
		best infeas. solution: none
		poll center          : ( 522  0 )
		mesh size            : (  1  1 )
		poll size            : ( 16 16 )
		mesh index           : -4
		h_max                : inf

		MADS search {
		} end of search

		MADS poll {

			poll center: ( 522  0 )

			poll directions (include mesh size parameter) {
				dir 0 : (  0 -16 ) Ortho-MADS 2n
				dir 1 : (  0 16 ) Ortho-MADS 2n
			} 

			re-ordered list of 2 poll trial points {
				#336 : ( 522 -16 ) (dir 0)
				#337 : ( 522 16 ) (dir 1)
			} 

			list of points evaluation (poll) {

				evaluation 1/2 {

					point #336 ( 522 -16 )
					direction  : (  0 -16 ) Ortho-MADS 2n
					mesh index : -4

					poll unsuccessful point #336: evaluation failed
				} 

				evaluation 2/2 {

					point #337 ( 522 16 )
					direction  : (  0 16 ) Ortho-MADS 2n
					mesh index : -4

					poll unsuccessful point #337: evaluation failed
				} 

			} end of evaluations


			MADS extended poll {


				extended poll pts sorting {


					list of points evaluation (extended poll) {

						evaluation 1/11 {

							point #338 ( 422  0 )
							mesh index : -4

							cache hit: #338 --> #193
							extended poll unsuccessful point #193 [ h=0 f=0.073447561263999996961 ]
						} 

						evaluation 2/11 {

							point #339 (  2  0 )
							mesh index : -4

							cache hit: #339 --> #194
							extended poll unsuccessful point #194 [ h=0 f=0.070400357246399994371 ]
						} 

						evaluation 3/11 {

							point #340 (  2  0 )
							mesh index : -4

							cache hit: #340 --> #194
							extended poll unsuccessful point #194 [ h=0 f=0.070400357246399994371 ]
						} 

						evaluation 4/11 {

							point #341 ( 502  0 )
							mesh index : -4

							cache hit: #341 --> #196
							extended poll unsuccessful point #196 [ h=0 f=0.83042211532599996548 ]
						} 

						evaluation 5/11 {

							point #342 ( 532  0 )
							mesh index : -4

							cache hit: #342 --> #197
							extended poll unsuccessful point #197 [ h=0 f=0.18220803737599999828 ]
						} 

						evaluation 6/11 {

							point #343 ( 54032  0 )
							mesh index : -4

							cache hit: #343 --> #198
							extended poll unsuccessful point #198 [ h=0 f=0.31221666336100001304 ]
						} 

						evaluation 7/11 {

							point #344 ( 55032  0 )
							mesh index : -4

							cache hit: #344 --> #199
							extended poll unsuccessful point #199 [ h=0 f=0.84481809139300001466 ]
						} 

						evaluation 8/11 {

							point #345 ( 520  0 )
							mesh index : -4

							cache hit: #345 --> #200
							extended poll unsuccessful point #200 [ h=0 f=0.79642534255999997139 ]
						} 

						evaluation 9/11 {

							point #346 ( 523  0 )
							mesh index : -4

							cache hit: #346 --> #201
							extended poll unsuccessful point #201 [ h=0 f=0.17202298641200000628 ]
						} 

						evaluation 10/11 {

							point #347 ( 52403  0 )
							mesh index : -4

							cache hit: #347 --> #202
							extended poll unsuccessful point #202 [ h=0 f=0.29586338996900002352 ]
						} 

						evaluation 11/11 {

							point #348 ( 52503  0 )
							mesh index : -4

							cache hit: #348 --> #203
							extended poll unsuccessful point #203 [ h=0 f=0.32136361599000001776 ]
						} 

					} end of evaluations


					sorted ext poll pts {

						point # 1/10 : (     2     0 )
						point # 2/10 : (   422     0 )
						point # 3/10 : (   523     0 )
						point # 4/10 : (   532     0 )
						point # 5/10 : ( 52403     0 )
						point # 6/10 : ( 54032     0 )
						point # 7/10 : ( 52503     0 )
						point # 8/10 : (   520     0 )
						point # 9/10 : (   502     0 )
						point #10/10 : ( 55032     0 )

					} 


				} end of ext poll pts sorting


				extended poll point eval {

					extended poll point = (     2     0 )

					list of points evaluation (extended poll) {

						evaluation 1/1 {

							point #349 (  2  0 )
							mesh index : -4

							cache hit: #349 --> #194
							extended poll unsuccessful point #194 [ h=0 f=0.070400357246399994371 ]
						} 

					} end of evaluations


				} 


				extended poll center: (     2     0 )

				perform extended poll descent ...... yes

				extended poll descent {

					       iteration = 14
					 blackbox eval.  = 94
					      mesh index = -4
					ext. poll center = (     2     0 ) f=0.070400357246399994371 h=0


					MADS run {

						94+BBE	OBJ	(ext-poll)

						94+0	0.07040035724639999437	(ext-poll)
						94+2	0.07040035724639999437	(ext-poll)

					} end of run (max mesh index)

					blackbox evaluations    : 2
					best feasible solution  : ( 2 0 ) h=0 f=0.070400357246399994371

				} end of extended poll descent (unsuccessful)


				extended poll point eval {

					extended poll point = (   422     0 )

					list of points evaluation (extended poll) {

						evaluation 1/1 {

							point #350 ( 422  0 )
							mesh index : -4

							cache hit: #350 --> #193
							extended poll unsuccessful point #193 [ h=0 f=0.073447561263999996961 ]
						} 

					} end of evaluations


				} 


				extended poll center: (   422     0 )

				perform extended poll descent ...... yes

				extended poll descent {

					       iteration = 14
					 blackbox eval.  = 96
					      mesh index = -4
					ext. poll center = (   422     0 ) f=0.073447561263999996961 h=0


					MADS run {

						96+BBE	OBJ	(ext-poll)

						96+0	0.07344756126399999696	(ext-poll)
						96+2	0.07344756126399999696	(ext-poll)

					} end of run (max mesh index)

					blackbox evaluations    : 2
					best feasible solution  : ( 422 0 ) h=0 f=0.073447561263999996961

				} end of extended poll descent (unsuccessful)


				extended poll point eval {

					extended poll point = (   523     0 )

					list of points evaluation (extended poll) {

						evaluation 1/1 {

							point #351 ( 523  0 )
							mesh index : -4

							cache hit: #351 --> #201
							extended poll unsuccessful point #201 [ h=0 f=0.17202298641200000628 ]
						} 

					} end of evaluations


				} 


				extended poll center: (   523     0 )

				perform extended poll descent ...... no

				extended poll point eval {

					extended poll point = (   532     0 )

					list of points evaluation (extended poll) {

						evaluation 1/1 {

							point #352 ( 532  0 )
							mesh index : -4

							cache hit: #352 --> #197
							extended poll unsuccessful point #197 [ h=0 f=0.18220803737599999828 ]
						} 

					} end of evaluations


				} 


				extended poll center: (   532     0 )

				perform extended poll descent ...... no

				extended poll point eval {

					extended poll point = ( 52403     0 )

					list of points evaluation (extended poll) {

						evaluation 1/1 {

							point #353 ( 52403  0 )
							mesh index : -4

							cache hit: #353 --> #202
							extended poll unsuccessful point #202 [ h=0 f=0.29586338996900002352 ]
						} 

					} end of evaluations


				} 


				extended poll center: ( 52403     0 )

				perform extended poll descent ...... no

				extended poll point eval {

					extended poll point = ( 54032     0 )

					list of points evaluation (extended poll) {

						evaluation 1/1 {

							point #354 ( 54032  0 )
							mesh index : -4

							cache hit: #354 --> #198
							extended poll unsuccessful point #198 [ h=0 f=0.31221666336100001304 ]
						} 

					} end of evaluations


				} 


				extended poll center: ( 54032     0 )

				perform extended poll descent ...... no

				extended poll point eval {

					extended poll point = ( 52503     0 )

					list of points evaluation (extended poll) {

						evaluation 1/1 {

							point #355 ( 52503  0 )
							mesh index : -4

							cache hit: #355 --> #203
							extended poll unsuccessful point #203 [ h=0 f=0.32136361599000001776 ]
						} 

					} end of evaluations


				} 


				extended poll center: ( 52503     0 )

				perform extended poll descent ...... no

				extended poll point eval {

					extended poll point = (   520     0 )

					list of points evaluation (extended poll) {

						evaluation 1/1 {

							point #356 ( 520  0 )
							mesh index : -4

							cache hit: #356 --> #200
							extended poll unsuccessful point #200 [ h=0 f=0.79642534255999997139 ]
						} 

					} end of evaluations


				} 


				extended poll center: (   520     0 )

				perform extended poll descent ...... no

				extended poll point eval {

					extended poll point = (   502     0 )

					list of points evaluation (extended poll) {

						evaluation 1/1 {

							point #357 ( 502  0 )
							mesh index : -4

							cache hit: #357 --> #196
							extended poll unsuccessful point #196 [ h=0 f=0.83042211532599996548 ]
						} 

					} end of evaluations


				} 


				extended poll center: (   502     0 )

				perform extended poll descent ...... no

				extended poll point eval {

					extended poll point = ( 55032     0 )

					list of points evaluation (extended poll) {

						evaluation 1/1 {

							point #358 ( 55032  0 )
							mesh index : -4

							cache hit: #358 --> #199
							extended poll unsuccessful point #199 [ h=0 f=0.84481809139300001466 ]
						} 

					} end of evaluations


				} 


				extended poll center: ( 55032     0 )

				perform extended poll descent ...... no

			} end of extended poll

		} end of poll

		Mesh update {
			previous mesh index: -4
			new mesh index     : -3
		} 


		terminate MADS       : no
		iteration status     : unsuccessful
		new feas. incumbent  : none
		new infeas. incumbent: none

	} end of iteration 14

	MADS iteration 15 {

		blackbox evaluations : 98
		best feas. solution  : ( 522  0 ) h=0 f=0.07019968032840000205
		best infeas. solution: none
		poll center          : ( 522  0 )
		mesh size            : (  1  1 )
		poll size            : (  8  8 )
		mesh index           : -3
		h_max                : inf

		MADS search {
		} end of search

		MADS poll {

			poll center: ( 522  0 )

			poll directions (include mesh size parameter) {
				dir 0 : (  0 -4 ) Ortho-MADS 2n
				dir 1 : (  0  4 ) Ortho-MADS 2n
			} 

			re-ordered list of 2 poll trial points {
				#365 : ( 522 -4 ) (dir 0)
				#366 : ( 522  4 ) (dir 1)
			} 

			list of points evaluation (poll) {

				evaluation 1/2 {

					point #365 ( 522 -4 )
					direction  : (  0 -4 ) Ortho-MADS 2n
					mesh index : -3

					poll unsuccessful point #365: evaluation failed
				} 

				evaluation 2/2 {

					point #366 ( 522  4 )
					direction  : (  0  4 ) Ortho-MADS 2n
					mesh index : -3

					poll unsuccessful point #366: evaluation failed
				} 

			} end of evaluations

		} end of poll

		terminate MADS       : yes
		termination cause    : max number of blackbox evaluations
		iteration status     : unsuccessful
		new feas. incumbent  : none
		new infeas. incumbent: none

	} end of iteration 15

} end of run (max number of blackbox evaluations)

NOMAD final display {

	cache {
		number of cache points: 100
		size in memory        : 12.900000000000000355 KB
		cache file            : -
	} 

	stats {
		MADS iterations                 : 16
		blackbox evaluations            : 100
		simulated blackbox evaluations  : 0
		evaluations                     : 235
		failed evaluations              : 56
		interrupted sequences of eval.  : 9
		cache hits                      : 135
		number of poll searches         : 16
		poll successes                  : 9
		poll points                     : 32
		number of extended polls        : 15
		number of ext. poll descents    : 12
		number of ext. poll successes   : 9
		number of ext. poll points      : 334
		number of ext. poll bb eval     : 67
		number of speculative searches  : 9
		speculative search successes    : 0
		speculative search points       : 0
		number of user searches         : 0
		number of LH searches           : 0
		number of cache searches        : 0
		number of VNS searches          : 0
		no model has been constructed
		wall-clock time                 : 19m 2s
	} 

	miscellaneous {
		mesh index      : min=-9, max=0, last=-3
		best feas. sol  : ( 522 0 ) h=0 f=0.07019968032840000205
		best infeas. sol: none
	} 
} 
