
NOMAD - version 3.5.1 - www.gerad.ca/nomad

Copyright (C) 2001-2012 {
	Mark A. Abramson     - The Boeing Company
	Charles Audet        - Ecole Polytechnique de Montreal
	Gilles Couture       - Ecole Polytechnique de Montreal
	John E. Dennis, Jr.  - Rice University
	Sebastien Le Digabel - Ecole Polytechnique de Montreal
	Christophe Tribes    - Ecole Polytechnique de Montreal
} 

Funded in part by AFOSR and Exxon Mobil.

License   : '$NOMAD_HOME/src/lgpl.txt'
User guide: '$NOMAD_HOME/doc/user_guide.pdf'
Examples  : '$NOMAD_HOME/examples'
Tools     : '$NOMAD_HOME/tools'

Please report bugs to nomad@gerad.ca

parameters {

	problem directory    : ./
	dimension            : n=2
	blackbox input types : (   cat(C)   int(I) )
	extended poll trigger: 0.10000000000000000555 (relative)
	neighbors executable : $python neighbors.py
	variable groups {
		group #0 {
			indexes: { 0 }
			no directions (categorical variables)
		} 
		group #1 {
			indexes: { 1 }
			directions {
				n             : 1
				types         : { [Ortho-MADS 2n] }
				sec poll types: { }
				halton_seed   : 3
			} 
		} 
	} 
	blackbox outputs (m=1) {
		#0          OBJ	$python blackbox.py
	} 
	signature                       : standard
	has surrogate                   : no
	add seed to output file names   : yes
	solution file                   : nomad-solution.32048.txt
	history file                    : none
	stats file                      : none
	cache file                      : none
	x0                              : ( 5511511    0 )
	directions         : Ortho-MADS 2n
	user halton seed   : 3
	mesh {
		update basis       :   4
		coarsening exponent:   1
		refining exponent  :  -1
		initial mesh index :   0
		max mesh index     :   2
		initial mesh size  : (    1    1 )
		min poll size      : (  NaN    1 )
	} 
	snap to bounds                   : yes
	opportunistic evaluations        : yes
	use models                       : no
	speculative search               : yes
	VNS search                       : no
	Latin-Hypercube (LH) search      : no
	cache search                     : no
	random seed / run id             : 32048
	epsilon                          : 1.0000000000000000304e-13
	undefined string                 : NaN
	infinity string                  : inf
	display degrees {
		general  : full (3)
		search   : full (3)
		poll     : full (3)
		iterative: full (3)
	} 
	display stats                : EVAL BBE [ SOL, ] BBO TIME
	display all evaluations      : no
	point display limit          : no limit
	max number of blackbox eval. : 100
	max cache memory             : 2000 MB
} 

MADS run {

	starting point evaluation {

		x0 eval point: ( 5511511  0 )

		list of points evaluation (x0 evaluation) {

			evaluation 1/1 {

				point #0 ( 5511511  0 )


				x0 evaluation dominating point #0 {
					x    = ( 5511511  0 )
					F(x) = [ 0.13739337921100000517 ]
					h    = 0
					f    = 0.13739337921100000517
				} 
			} 

		} end of evaluations


		terminate MADS       : no
		iteration status     : dominating
		new feas. incumbent  : #0 {
			x    = ( 5511511  0 )
			F(x) = [ 0.13739337921100000517 ]
			h    = 0
			f    = 0.13739337921100000517
		} 
		new infeas. incumbent: none

	} end of starting point evaluation

	MADS iteration 0 {

		blackbox evaluations : 1
		best feas. solution  : ( 5511511  0 ) h=0 f=0.13739337921100000517
		best infeas. solution: none
		poll center          : ( 5511511  0 )
		mesh size            : (  1  1 )
		poll size            : (  1  1 )
		mesh index           : 0
		h_max                : inf

		MADS search {
		} end of search

		MADS poll {

			poll center: ( 5511511  0 )

			poll directions (include mesh size parameter) {
				dir 0 : (  0 -1 ) Ortho-MADS 2n
				dir 1 : (  0  1 ) Ortho-MADS 2n
			} 

			re-ordered list of 2 poll trial points {
				#1 : ( 5511511 -1 ) (dir 0)
				#2 : ( 5511511  1 ) (dir 1)
			} 

			list of points evaluation (poll) {

				evaluation 1/2 {

					point #1 ( 5511511 -1 )
					direction  : (  0 -1 ) Ortho-MADS 2n
					mesh index : 0

					poll unsuccessful point #1: evaluation failed
				} 

				evaluation 2/2 {

					point #2 ( 5511511  1 )
					direction  : (  0  1 ) Ortho-MADS 2n
					mesh index : 0

					poll unsuccessful point #2: evaluation failed
				} 

			} end of evaluations


			MADS extended poll {


				extended poll pts sorting {


					list of points evaluation (extended poll) {

						evaluation 1/23 {

							point #3 ( 4511511  0 )
							mesh index : 0

							extended poll unsuccessful point #3 [ h=0 f=0.13749392032599999647 ]
						} 

						evaluation 2/23 {

							point #4 ( 5411511  0 )
							mesh index : 0


							extended poll dominating point #4 {
								x    = ( 5411511  0 )
								F(x) = [ 0.13435130119300001117 ]
								h    = 0
								f    = 0.13435130119300001117
							} 

							opport. strategy: stop evaluations
						} 

					} end of evaluations


				} end of ext poll pts sorting (success)


			} end of extended poll

		} end of poll

		Mesh update {
			previous mesh index: 0
			new mesh index     : -1
		} 


		terminate MADS       : no
		iteration status     : dominating
		new feas. incumbent  : #4 {
			x    = ( 5411511  0 )
			F(x) = [ 0.13435130119300001117 ]
			h    = 0
			f    = 0.13435130119300001117
		} 
		new infeas. incumbent: none

	} end of iteration 0

	MADS iteration 1 {

		blackbox evaluations : 5
		best feas. solution  : ( 5411511  0 ) h=0 f=0.13435130119300001117
		best infeas. solution: none
		poll center          : ( 5411511  0 )
		mesh size            : (  1  1 )
		poll size            : (  2  2 )
		mesh index           : -1
		h_max                : inf

		MADS search {

			speculative search {

			} end of speculative search (unsuccessful)

		} end of search

		MADS poll {

			poll center: ( 5411511  0 )

			poll directions (include mesh size parameter) {
				dir 0 : (  0 -1 ) Ortho-MADS 2n
				dir 1 : (  0  1 ) Ortho-MADS 2n
			} 

			re-ordered list of 2 poll trial points {
				#26 : ( 5411511 -1 ) (dir 0)
				#27 : ( 5411511  1 ) (dir 1)
			} 

			list of points evaluation (poll) {

				evaluation 1/2 {

					point #26 ( 5411511 -1 )
					direction  : (  0 -1 ) Ortho-MADS 2n
					mesh index : -1

					poll unsuccessful point #26: evaluation failed
				} 

				evaluation 2/2 {

					point #27 ( 5411511  1 )
					direction  : (  0  1 ) Ortho-MADS 2n
					mesh index : -1

					poll unsuccessful point #27: evaluation failed
				} 

			} end of evaluations


			MADS extended poll {


				extended poll pts sorting {


					list of points evaluation (extended poll) {

						evaluation 1/23 {

							point #28 ( 4411511  0 )
							mesh index : -1

							extended poll unsuccessful point #28 [ h=0 f=0.13797214031200000228 ]
						} 

						evaluation 2/23 {

							point #29 ( 5511511  0 )
							mesh index : -1

							cache hit: #29 --> #0
							extended poll unsuccessful point #0 [ h=0 f=0.13739337921100000517 ]
						} 

						evaluation 3/23 {

							point #30 ( 51511  0 )
							mesh index : -1


							extended poll dominating point #30 {
								x    = ( 51511  0 )
								F(x) = [ 0.13298718929299999103 ]
								h    = 0
								f    = 0.13298718929299999103
							} 

							opport. strategy: stop evaluations
						} 

					} end of evaluations


				} end of ext poll pts sorting (success)


			} end of extended poll

		} end of poll

		Mesh update {
			previous mesh index: -1
			new mesh index     : -2
		} 


		terminate MADS       : no
		iteration status     : dominating
		new feas. incumbent  : #30 {
			x    = ( 51511  0 )
			F(x) = [ 0.13298718929299999103 ]
			h    = 0
			f    = 0.13298718929299999103
		} 
		new infeas. incumbent: none

	} end of iteration 1

	MADS iteration 2 {

		blackbox evaluations : 9
		best feas. solution  : ( 51511  0 ) h=0 f=0.13298718929299999103
		best infeas. solution: none
		poll center          : ( 51511  0 )
		mesh size            : (  1  1 )
		poll size            : (  4  4 )
		mesh index           : -2
		h_max                : inf

		MADS search {

			speculative search {

			} end of speculative search (unsuccessful)

		} end of search

		MADS poll {

			poll center: ( 51511  0 )

			poll directions (include mesh size parameter) {
				dir 0 : (  0 -4 ) Ortho-MADS 2n
				dir 1 : (  0  4 ) Ortho-MADS 2n
			} 

			re-ordered list of 2 poll trial points {
				#51 : ( 51511 -4 ) (dir 0)
				#52 : ( 51511  4 ) (dir 1)
			} 

			list of points evaluation (poll) {

				evaluation 1/2 {

					point #51 ( 51511 -4 )
					direction  : (  0 -4 ) Ortho-MADS 2n
					mesh index : -2

					poll unsuccessful point #51: evaluation failed
				} 

				evaluation 2/2 {

					point #52 ( 51511  4 )
					direction  : (  0  4 ) Ortho-MADS 2n
					mesh index : -2

					poll unsuccessful point #52: evaluation failed
				} 

			} end of evaluations


			MADS extended poll {


				extended poll pts sorting {


					list of points evaluation (extended poll) {

						evaluation 1/16 {

							point #53 ( 41511  0 )
							mesh index : -2

							extended poll unsuccessful point #53 [ h=0 f=0.13601007461500000395 ]
						} 

						evaluation 2/16 {

							point #54 ( 52511  0 )
							mesh index : -2


							extended poll dominating point #54 {
								x    = ( 52511  0 )
								F(x) = [ 0.10288317203499999786 ]
								h    = 0
								f    = 0.10288317203499999786
							} 

							opport. strategy: stop evaluations
						} 

					} end of evaluations


				} end of ext poll pts sorting (success)


			} end of extended poll

		} end of poll

		Mesh update {
			previous mesh index: -2
			new mesh index     : -3
		} 


		terminate MADS       : no
		iteration status     : dominating
		new feas. incumbent  : #54 {
			x    = ( 52511  0 )
			F(x) = [ 0.10288317203499999786 ]
			h    = 0
			f    = 0.10288317203499999786
		} 
		new infeas. incumbent: none

	} end of iteration 2

	MADS iteration 3 {

		blackbox evaluations : 13
		best feas. solution  : ( 52511  0 ) h=0 f=0.10288317203499999786
		best infeas. solution: none
		poll center          : ( 52511  0 )
		mesh size            : (  1  1 )
		poll size            : (  8  8 )
		mesh index           : -3
		h_max                : inf

		MADS search {

			speculative search {

			} end of speculative search (unsuccessful)

		} end of search

		MADS poll {

			poll center: ( 52511  0 )

			poll directions (include mesh size parameter) {
				dir 0 : (  0 -4 ) Ortho-MADS 2n
				dir 1 : (  0  4 ) Ortho-MADS 2n
			} 

			re-ordered list of 2 poll trial points {
				#69 : ( 52511 -4 ) (dir 0)
				#70 : ( 52511  4 ) (dir 1)
			} 

			list of points evaluation (poll) {

				evaluation 1/2 {

					point #69 ( 52511 -4 )
					direction  : (  0 -4 ) Ortho-MADS 2n
					mesh index : -3

					poll unsuccessful point #69: evaluation failed
				} 

				evaluation 2/2 {

					point #70 ( 52511  4 )
					direction  : (  0  4 ) Ortho-MADS 2n
					mesh index : -3

					poll unsuccessful point #70: evaluation failed
				} 

			} end of evaluations


			MADS extended poll {


				extended poll pts sorting {


					list of points evaluation (extended poll) {

						evaluation 1/16 {

							point #71 ( 42511  0 )
							mesh index : -3

							extended poll unsuccessful point #71 [ h=0 f=0.10672414302799999863 ]
						} 

						evaluation 2/16 {

							point #72 ( 50511  0 )
							mesh index : -3

							extended poll unsuccessful point #72 [ h=0 f=0.87592668533299999911 ]
						} 

						evaluation 3/16 {

							point #73 ( 53511  0 )
							mesh index : -3

							extended poll unsuccessful point #73 [ h=0 f=0.20239751339000000563 ]
						} 

						evaluation 4/16 {

							point #74 ( 5403511  0 )
							mesh index : -3

							extended poll unsuccessful point #74 [ h=0 f=0.34738194942500000284 ]
						} 

						evaluation 5/16 {

							point #75 ( 5503511  0 )
							mesh index : -3

							extended poll unsuccessful point #75 [ h=0 f=0.84882607460000003563 ]
						} 

						evaluation 6/16 {

							point #76 ( 52411  0 )
							mesh index : -3

							extended poll unsuccessful point #76 [ h=0 f=0.1065154075619999946 ]
						} 

						evaluation 7/16 {

							point #77 ( 521  0 )
							mesh index : -3

							extended poll unsuccessful point #77 [ h=0 f=0.10379130840299999328 ]
						} 

						evaluation 8/16 {

							point #78 ( 521  0 )
							mesh index : -3

							cache hit: #78 --> #77
							extended poll unsuccessful point #77 [ h=0 f=0.10379130840299999328 ]
						} 

						evaluation 9/16 {

							point #79 ( 52521  0 )
							mesh index : -3


							extended poll dominating point #79 {
								x    = ( 52521  0 )
								F(x) = [ 0.087880682945200003231 ]
								h    = 0
								f    = 0.087880682945200003231
							} 

							opport. strategy: stop evaluations
						} 

					} end of evaluations


				} end of ext poll pts sorting (success)


			} end of extended poll

		} end of poll

		Mesh update {
			previous mesh index: -3
			new mesh index     : -4
		} 


		terminate MADS       : no
		iteration status     : dominating
		new feas. incumbent  : #79 {
			x    = ( 52521  0 )
			F(x) = [ 0.087880682945200003231 ]
			h    = 0
			f    = 0.087880682945200003231
		} 
		new infeas. incumbent: none

	} end of iteration 3

	MADS iteration 4 {

		blackbox evaluations : 23
		best feas. solution  : ( 52521  0 ) h=0 f=0.087880682945200003231
		best infeas. solution: none
		poll center          : ( 52521  0 )
		mesh size            : (  1  1 )
		poll size            : ( 16 16 )
		mesh index           : -4
		h_max                : inf

		MADS search {

			speculative search {

			} end of speculative search (unsuccessful)

		} end of search

		MADS poll {

			poll center: ( 52521  0 )

			poll directions (include mesh size parameter) {
				dir 0 : (  0 -16 ) Ortho-MADS 2n
				dir 1 : (  0 16 ) Ortho-MADS 2n
			} 

			re-ordered list of 2 poll trial points {
				#87 : ( 52521 -16 ) (dir 0)
				#88 : ( 52521 16 ) (dir 1)
			} 

			list of points evaluation (poll) {

				evaluation 1/2 {

					point #87 ( 52521 -16 )
					direction  : (  0 -16 ) Ortho-MADS 2n
					mesh index : -4

					poll unsuccessful point #87: evaluation failed
				} 

				evaluation 2/2 {

					point #88 ( 52521 16 )
					direction  : (  0 16 ) Ortho-MADS 2n
					mesh index : -4

					poll unsuccessful point #88: evaluation failed
				} 

			} end of evaluations


			MADS extended poll {


				extended poll pts sorting {


					list of points evaluation (extended poll) {

						evaluation 1/16 {

							point #89 ( 42521  0 )
							mesh index : -4

							extended poll unsuccessful point #89 [ h=0 f=0.094735431671100003848 ]
						} 

						evaluation 2/16 {

							point #90 ( 50521  0 )
							mesh index : -4

							extended poll unsuccessful point #90 [ h=0 f=0.80086798667900005455 ]
						} 

						evaluation 3/16 {

							point #91 ( 53521  0 )
							mesh index : -4

							extended poll unsuccessful point #91 [ h=0 f=0.18675253391300000727 ]
						} 

						evaluation 4/16 {

							point #92 ( 5403521  0 )
							mesh index : -4

							extended poll unsuccessful point #92 [ h=0 f=0.31956830024700000337 ]
						} 

						evaluation 5/16 {

							point #93 ( 5503521  0 )
							mesh index : -4

							extended poll unsuccessful point #93 [ h=0 f=0.8982490301129999466 ]
						} 

						evaluation 6/16 {

							point #94 ( 52421  0 )
							mesh index : -4

							extended poll unsuccessful point #94 [ h=0 f=0.092077469825700003492 ]
						} 

						evaluation 7/16 {

							point #95 ( 522  0 )
							mesh index : -4


							extended poll dominating point #95 {
								x    = ( 522  0 )
								F(x) = [ 0.068643426895100001506 ]
								h    = 0
								f    = 0.068643426895100001506
							} 

							opport. strategy: stop evaluations
						} 

					} end of evaluations


				} end of ext poll pts sorting (success)


			} end of extended poll

		} end of poll

		Mesh update {
			previous mesh index: -4
			new mesh index     : -5
		} 


		terminate MADS       : no
		iteration status     : dominating
		new feas. incumbent  : #95 {
			x    = ( 522  0 )
			F(x) = [ 0.068643426895100001506 ]
			h    = 0
			f    = 0.068643426895100001506
		} 
		new infeas. incumbent: none

	} end of iteration 4

	MADS iteration 5 {

		blackbox evaluations : 32
		best feas. solution  : ( 522  0 ) h=0 f=0.068643426895100001506
		best infeas. solution: none
		poll center          : ( 522  0 )
		mesh size            : (  1  1 )
		poll size            : ( 32 32 )
		mesh index           : -5
		h_max                : inf

		MADS search {

			speculative search {

			} end of speculative search (unsuccessful)

		} end of search

		MADS poll {

			poll center: ( 522  0 )

			poll directions (include mesh size parameter) {
				dir 0 : (  0 -25 ) Ortho-MADS 2n
				dir 1 : (  0 25 ) Ortho-MADS 2n
			} 

			re-ordered list of 2 poll trial points {
				#105 : ( 522 -25 ) (dir 0)
				#106 : ( 522 25 ) (dir 1)
			} 

			list of points evaluation (poll) {

				evaluation 1/2 {

					point #105 ( 522 -25 )
					direction  : (  0 -25 ) Ortho-MADS 2n
					mesh index : -5

					poll unsuccessful point #105: evaluation failed
				} 

				evaluation 2/2 {

					point #106 ( 522 25 )
					direction  : (  0 25 ) Ortho-MADS 2n
					mesh index : -5

					poll unsuccessful point #106: evaluation failed
				} 

			} end of evaluations


			MADS extended poll {


				extended poll pts sorting {


					list of points evaluation (extended poll) {

						evaluation 1/11 {

							point #107 ( 422  0 )
							mesh index : -5

							extended poll unsuccessful point #107 [ h=0 f=0.074518799781799996418 ]
						} 

						evaluation 2/11 {

							point #108 (  2  0 )
							mesh index : -5

							extended poll unsuccessful point #108 [ h=0 f=0.071433591842699997732 ]
						} 

						evaluation 3/11 {

							point #109 (  2  0 )
							mesh index : -5

							cache hit: #109 --> #108
							extended poll unsuccessful point #108 [ h=0 f=0.071433591842699997732 ]
						} 

						evaluation 4/11 {

							point #110 ( 502  0 )
							mesh index : -5

							extended poll unsuccessful point #110 [ h=0 f=0.81803345680299999199 ]
						} 

						evaluation 5/11 {

							point #111 ( 532  0 )
							mesh index : -5

							extended poll unsuccessful point #111 [ h=0 f=0.17044210434000001131 ]
						} 

						evaluation 6/11 {

							point #112 ( 54032  0 )
							mesh index : -5

							extended poll unsuccessful point #112 [ h=0 f=0.29269442558300001744 ]
						} 

						evaluation 7/11 {

							point #113 ( 55032  0 )
							mesh index : -5

							extended poll unsuccessful point #113 [ h=0 f=0.82151491641999996318 ]
						} 

						evaluation 8/11 {

							point #114 ( 520  0 )
							mesh index : -5

							extended poll unsuccessful point #114 [ h=0 f=0.78579053878799998145 ]
						} 

						evaluation 9/11 {

							point #115 ( 523  0 )
							mesh index : -5

							extended poll unsuccessful point #115 [ h=0 f=0.16879866123199999128 ]
						} 

						evaluation 10/11 {

							point #116 ( 52403  0 )
							mesh index : -5

							extended poll unsuccessful point #116 [ h=0 f=0.32838449478199999154 ]
						} 

						evaluation 11/11 {

							point #117 ( 52503  0 )
							mesh index : -5

							extended poll unsuccessful point #117 [ h=0 f=0.34100739955900000178 ]
						} 

					} end of evaluations


					sorted ext poll pts {

						point # 1/10 : (     2     0 )
						point # 2/10 : (   422     0 )
						point # 3/10 : (   523     0 )
						point # 4/10 : (   532     0 )
						point # 5/10 : ( 54032     0 )
						point # 6/10 : ( 52403     0 )
						point # 7/10 : ( 52503     0 )
						point # 8/10 : (   520     0 )
						point # 9/10 : (   502     0 )
						point #10/10 : ( 55032     0 )

					} 


				} end of ext poll pts sorting


				extended poll point eval {

					extended poll point = (     2     0 )

					list of points evaluation (extended poll) {

						evaluation 1/1 {

							point #118 (  2  0 )
							mesh index : -5

							cache hit: #118 --> #108
							extended poll unsuccessful point #108 [ h=0 f=0.071433591842699997732 ]
						} 

					} end of evaluations


				} 


				extended poll center: (     2     0 )

				perform extended poll descent ...... yes

				extended poll descent {

					       iteration = 5
					 blackbox eval.  = 44
					      mesh index = -5
					ext. poll center = (     2     0 ) f=0.071433591842699997732 h=0


					MADS run {

						44+BBE	OBJ	(ext-poll)

						44+ 0	0.07143359184269999773	(ext-poll)
						44+ 2	0.07143359184269999773	(ext-poll)

					} end of run (max mesh index)

					blackbox evaluations    : 2
					best feasible solution  : ( 2 0 ) h=0 f=0.071433591842699997732

				} end of extended poll descent (unsuccessful)


				extended poll point eval {

					extended poll point = (   422     0 )

					list of points evaluation (extended poll) {

						evaluation 1/1 {

							point #119 ( 422  0 )
							mesh index : -5

							cache hit: #119 --> #107
							extended poll unsuccessful point #107 [ h=0 f=0.074518799781799996418 ]
						} 

					} end of evaluations


				} 


				extended poll center: (   422     0 )

				perform extended poll descent ...... yes

				extended poll descent {

					       iteration = 5
					 blackbox eval.  = 46
					      mesh index = -5
					ext. poll center = (   422     0 ) f=0.074518799781799996418 h=0


					MADS run {

						46+BBE	OBJ	(ext-poll)

						46+ 0	0.07451879978179999642	(ext-poll)
						46+ 2	0.07451879978179999642	(ext-poll)

					} end of run (max mesh index)

					blackbox evaluations    : 2
					best feasible solution  : ( 422 0 ) h=0 f=0.074518799781799996418

				} end of extended poll descent (unsuccessful)


				extended poll point eval {

					extended poll point = (   523     0 )

					list of points evaluation (extended poll) {

						evaluation 1/1 {

							point #120 ( 523  0 )
							mesh index : -5

							cache hit: #120 --> #115
							extended poll unsuccessful point #115 [ h=0 f=0.16879866123199999128 ]
						} 

					} end of evaluations


				} 


				extended poll center: (   523     0 )

				perform extended poll descent ...... no

				extended poll point eval {

					extended poll point = (   532     0 )

					list of points evaluation (extended poll) {

						evaluation 1/1 {

							point #121 ( 532  0 )
							mesh index : -5

							cache hit: #121 --> #111
							extended poll unsuccessful point #111 [ h=0 f=0.17044210434000001131 ]
						} 

					} end of evaluations


				} 


				extended poll center: (   532     0 )

				perform extended poll descent ...... no

				extended poll point eval {

					extended poll point = ( 54032     0 )

					list of points evaluation (extended poll) {

						evaluation 1/1 {

							point #122 ( 54032  0 )
							mesh index : -5

							cache hit: #122 --> #112
							extended poll unsuccessful point #112 [ h=0 f=0.29269442558300001744 ]
						} 

					} end of evaluations


				} 


				extended poll center: ( 54032     0 )

				perform extended poll descent ...... no

				extended poll point eval {

					extended poll point = ( 52403     0 )

					list of points evaluation (extended poll) {

						evaluation 1/1 {

							point #123 ( 52403  0 )
							mesh index : -5

							cache hit: #123 --> #116
							extended poll unsuccessful point #116 [ h=0 f=0.32838449478199999154 ]
						} 

					} end of evaluations


				} 


				extended poll center: ( 52403     0 )

				perform extended poll descent ...... no

				extended poll point eval {

					extended poll point = ( 52503     0 )

					list of points evaluation (extended poll) {

						evaluation 1/1 {

							point #124 ( 52503  0 )
							mesh index : -5

							cache hit: #124 --> #117
							extended poll unsuccessful point #117 [ h=0 f=0.34100739955900000178 ]
						} 

					} end of evaluations


				} 


				extended poll center: ( 52503     0 )

				perform extended poll descent ...... no

				extended poll point eval {

					extended poll point = (   520     0 )

					list of points evaluation (extended poll) {

						evaluation 1/1 {

							point #125 ( 520  0 )
							mesh index : -5

							cache hit: #125 --> #114
							extended poll unsuccessful point #114 [ h=0 f=0.78579053878799998145 ]
						} 

					} end of evaluations


				} 


				extended poll center: (   520     0 )

				perform extended poll descent ...... no

				extended poll point eval {

					extended poll point = (   502     0 )

					list of points evaluation (extended poll) {

						evaluation 1/1 {

							point #126 ( 502  0 )
							mesh index : -5

							cache hit: #126 --> #110
							extended poll unsuccessful point #110 [ h=0 f=0.81803345680299999199 ]
						} 

					} end of evaluations


				} 


				extended poll center: (   502     0 )

				perform extended poll descent ...... no

				extended poll point eval {

					extended poll point = ( 55032     0 )

					list of points evaluation (extended poll) {

						evaluation 1/1 {

							point #127 ( 55032  0 )
							mesh index : -5

							cache hit: #127 --> #113
							extended poll unsuccessful point #113 [ h=0 f=0.82151491641999996318 ]
						} 

					} end of evaluations


				} 


				extended poll center: ( 55032     0 )

				perform extended poll descent ...... no

			} end of extended poll

		} end of poll

		Mesh update {
			previous mesh index: -5
			new mesh index     : -4
		} 


		terminate MADS       : no
		iteration status     : unsuccessful
		new feas. incumbent  : none
		new infeas. incumbent: none

	} end of iteration 5

	MADS iteration 6 {

		blackbox evaluations : 48
		best feas. solution  : ( 522  0 ) h=0 f=0.068643426895100001506
		best infeas. solution: none
		poll center          : ( 522  0 )
		mesh size            : (  1  1 )
		poll size            : ( 16 16 )
		mesh index           : -4
		h_max                : inf

		MADS search {
		} end of search

		MADS poll {

			poll center: ( 522  0 )

			poll directions (include mesh size parameter) {
				dir 0 : (  0 -16 ) Ortho-MADS 2n
				dir 1 : (  0 16 ) Ortho-MADS 2n
			} 

			re-ordered list of 2 poll trial points {
				#134 : ( 522 -16 ) (dir 0)
				#135 : ( 522 16 ) (dir 1)
			} 

			list of points evaluation (poll) {

				evaluation 1/2 {

					point #134 ( 522 -16 )
					direction  : (  0 -16 ) Ortho-MADS 2n
					mesh index : -4

					poll unsuccessful point #134: evaluation failed
				} 

				evaluation 2/2 {

					point #135 ( 522 16 )
					direction  : (  0 16 ) Ortho-MADS 2n
					mesh index : -4

					poll unsuccessful point #135: evaluation failed
				} 

			} end of evaluations


			MADS extended poll {


				extended poll pts sorting {


					list of points evaluation (extended poll) {

						evaluation 1/11 {

							point #136 ( 422  0 )
							mesh index : -4

							cache hit: #136 --> #107
							extended poll unsuccessful point #107 [ h=0 f=0.074518799781799996418 ]
						} 

						evaluation 2/11 {

							point #137 (  2  0 )
							mesh index : -4

							cache hit: #137 --> #108
							extended poll unsuccessful point #108 [ h=0 f=0.071433591842699997732 ]
						} 

						evaluation 3/11 {

							point #138 (  2  0 )
							mesh index : -4

							cache hit: #138 --> #108
							extended poll unsuccessful point #108 [ h=0 f=0.071433591842699997732 ]
						} 

						evaluation 4/11 {

							point #139 ( 502  0 )
							mesh index : -4

							cache hit: #139 --> #110
							extended poll unsuccessful point #110 [ h=0 f=0.81803345680299999199 ]
						} 

						evaluation 5/11 {

							point #140 ( 532  0 )
							mesh index : -4

							cache hit: #140 --> #111
							extended poll unsuccessful point #111 [ h=0 f=0.17044210434000001131 ]
						} 

						evaluation 6/11 {

							point #141 ( 54032  0 )
							mesh index : -4

							cache hit: #141 --> #112
							extended poll unsuccessful point #112 [ h=0 f=0.29269442558300001744 ]
						} 

						evaluation 7/11 {

							point #142 ( 55032  0 )
							mesh index : -4

							cache hit: #142 --> #113
							extended poll unsuccessful point #113 [ h=0 f=0.82151491641999996318 ]
						} 

						evaluation 8/11 {

							point #143 ( 520  0 )
							mesh index : -4

							cache hit: #143 --> #114
							extended poll unsuccessful point #114 [ h=0 f=0.78579053878799998145 ]
						} 

						evaluation 9/11 {

							point #144 ( 523  0 )
							mesh index : -4

							cache hit: #144 --> #115
							extended poll unsuccessful point #115 [ h=0 f=0.16879866123199999128 ]
						} 

						evaluation 10/11 {

							point #145 ( 52403  0 )
							mesh index : -4

							cache hit: #145 --> #116
							extended poll unsuccessful point #116 [ h=0 f=0.32838449478199999154 ]
						} 

						evaluation 11/11 {

							point #146 ( 52503  0 )
							mesh index : -4

							cache hit: #146 --> #117
							extended poll unsuccessful point #117 [ h=0 f=0.34100739955900000178 ]
						} 

					} end of evaluations


					sorted ext poll pts {

						point # 1/10 : (     2     0 )
						point # 2/10 : (   422     0 )
						point # 3/10 : (   523     0 )
						point # 4/10 : (   532     0 )
						point # 5/10 : ( 54032     0 )
						point # 6/10 : ( 52403     0 )
						point # 7/10 : ( 52503     0 )
						point # 8/10 : (   520     0 )
						point # 9/10 : (   502     0 )
						point #10/10 : ( 55032     0 )

					} 


				} end of ext poll pts sorting


				extended poll point eval {

					extended poll point = (     2     0 )

					list of points evaluation (extended poll) {

						evaluation 1/1 {

							point #147 (  2  0 )
							mesh index : -4

							cache hit: #147 --> #108
							extended poll unsuccessful point #108 [ h=0 f=0.071433591842699997732 ]
						} 

					} end of evaluations


				} 


				extended poll center: (     2     0 )

				perform extended poll descent ...... yes

				extended poll descent {

					       iteration = 6
					 blackbox eval.  = 50
					      mesh index = -4
					ext. poll center = (     2     0 ) f=0.071433591842699997732 h=0


					MADS run {

						50+BBE	OBJ	(ext-poll)

						50+ 0	0.07143359184269999773	(ext-poll)
						50+ 2	0.07143359184269999773	(ext-poll)

					} end of run (max mesh index)

					blackbox evaluations    : 2
					best feasible solution  : ( 2 0 ) h=0 f=0.071433591842699997732

				} end of extended poll descent (unsuccessful)


				extended poll point eval {

					extended poll point = (   422     0 )

					list of points evaluation (extended poll) {

						evaluation 1/1 {

							point #148 ( 422  0 )
							mesh index : -4

							cache hit: #148 --> #107
							extended poll unsuccessful point #107 [ h=0 f=0.074518799781799996418 ]
						} 

					} end of evaluations


				} 


				extended poll center: (   422     0 )

				perform extended poll descent ...... yes

				extended poll descent {

					       iteration = 6
					 blackbox eval.  = 52
					      mesh index = -4
					ext. poll center = (   422     0 ) f=0.074518799781799996418 h=0


					MADS run {

						52+BBE	OBJ	(ext-poll)

						52+ 0	0.07451879978179999642	(ext-poll)
						52+ 2	0.07451879978179999642	(ext-poll)

					} end of run (max mesh index)

					blackbox evaluations    : 2
					best feasible solution  : ( 422 0 ) h=0 f=0.074518799781799996418

				} end of extended poll descent (unsuccessful)


				extended poll point eval {

					extended poll point = (   523     0 )

					list of points evaluation (extended poll) {

						evaluation 1/1 {

							point #149 ( 523  0 )
							mesh index : -4

							cache hit: #149 --> #115
							extended poll unsuccessful point #115 [ h=0 f=0.16879866123199999128 ]
						} 

					} end of evaluations


				} 


				extended poll center: (   523     0 )

				perform extended poll descent ...... no

				extended poll point eval {

					extended poll point = (   532     0 )

					list of points evaluation (extended poll) {

						evaluation 1/1 {

							point #150 ( 532  0 )
							mesh index : -4

							cache hit: #150 --> #111
							extended poll unsuccessful point #111 [ h=0 f=0.17044210434000001131 ]
						} 

					} end of evaluations


				} 


				extended poll center: (   532     0 )

				perform extended poll descent ...... no

				extended poll point eval {

					extended poll point = ( 54032     0 )

					list of points evaluation (extended poll) {

						evaluation 1/1 {

							point #151 ( 54032  0 )
							mesh index : -4

							cache hit: #151 --> #112
							extended poll unsuccessful point #112 [ h=0 f=0.29269442558300001744 ]
						} 

					} end of evaluations


				} 


				extended poll center: ( 54032     0 )

				perform extended poll descent ...... no

				extended poll point eval {

					extended poll point = ( 52403     0 )

					list of points evaluation (extended poll) {

						evaluation 1/1 {

							point #152 ( 52403  0 )
							mesh index : -4

							cache hit: #152 --> #116
							extended poll unsuccessful point #116 [ h=0 f=0.32838449478199999154 ]
						} 

					} end of evaluations


				} 


				extended poll center: ( 52403     0 )

				perform extended poll descent ...... no

				extended poll point eval {

					extended poll point = ( 52503     0 )

					list of points evaluation (extended poll) {

						evaluation 1/1 {

							point #153 ( 52503  0 )
							mesh index : -4

							cache hit: #153 --> #117
							extended poll unsuccessful point #117 [ h=0 f=0.34100739955900000178 ]
						} 

					} end of evaluations


				} 


				extended poll center: ( 52503     0 )

				perform extended poll descent ...... no

				extended poll point eval {

					extended poll point = (   520     0 )

					list of points evaluation (extended poll) {

						evaluation 1/1 {

							point #154 ( 520  0 )
							mesh index : -4

							cache hit: #154 --> #114
							extended poll unsuccessful point #114 [ h=0 f=0.78579053878799998145 ]
						} 

					} end of evaluations


				} 


				extended poll center: (   520     0 )

				perform extended poll descent ...... no

				extended poll point eval {

					extended poll point = (   502     0 )

					list of points evaluation (extended poll) {

						evaluation 1/1 {

							point #155 ( 502  0 )
							mesh index : -4

							cache hit: #155 --> #110
							extended poll unsuccessful point #110 [ h=0 f=0.81803345680299999199 ]
						} 

					} end of evaluations


				} 


				extended poll center: (   502     0 )

				perform extended poll descent ...... no

				extended poll point eval {

					extended poll point = ( 55032     0 )

					list of points evaluation (extended poll) {

						evaluation 1/1 {

							point #156 ( 55032  0 )
							mesh index : -4

							cache hit: #156 --> #113
							extended poll unsuccessful point #113 [ h=0 f=0.82151491641999996318 ]
						} 

					} end of evaluations


				} 


				extended poll center: ( 55032     0 )

				perform extended poll descent ...... no

			} end of extended poll

		} end of poll

		Mesh update {
			previous mesh index: -4
			new mesh index     : -3
		} 


		terminate MADS       : no
		iteration status     : unsuccessful
		new feas. incumbent  : none
		new infeas. incumbent: none

	} end of iteration 6

	MADS iteration 7 {

		blackbox evaluations : 54
		best feas. solution  : ( 522  0 ) h=0 f=0.068643426895100001506
		best infeas. solution: none
		poll center          : ( 522  0 )
		mesh size            : (  1  1 )
		poll size            : (  8  8 )
		mesh index           : -3
		h_max                : inf

		MADS search {
		} end of search

		MADS poll {

			poll center: ( 522  0 )

			poll directions (include mesh size parameter) {
				dir 0 : (  0 -4 ) Ortho-MADS 2n
				dir 1 : (  0  4 ) Ortho-MADS 2n
			} 

			re-ordered list of 2 poll trial points {
				#163 : ( 522 -4 ) (dir 0)
				#164 : ( 522  4 ) (dir 1)
			} 

			list of points evaluation (poll) {

				evaluation 1/2 {

					point #163 ( 522 -4 )
					direction  : (  0 -4 ) Ortho-MADS 2n
					mesh index : -3

					poll unsuccessful point #163: evaluation failed
				} 

				evaluation 2/2 {

					point #164 ( 522  4 )
					direction  : (  0  4 ) Ortho-MADS 2n
					mesh index : -3

					poll unsuccessful point #164: evaluation failed
				} 

			} end of evaluations


			MADS extended poll {


				extended poll pts sorting {


					list of points evaluation (extended poll) {

						evaluation 1/11 {

							point #165 ( 422  0 )
							mesh index : -3

							cache hit: #165 --> #107
							extended poll unsuccessful point #107 [ h=0 f=0.074518799781799996418 ]
						} 

						evaluation 2/11 {

							point #166 (  2  0 )
							mesh index : -3

							cache hit: #166 --> #108
							extended poll unsuccessful point #108 [ h=0 f=0.071433591842699997732 ]
						} 

						evaluation 3/11 {

							point #167 (  2  0 )
							mesh index : -3

							cache hit: #167 --> #108
							extended poll unsuccessful point #108 [ h=0 f=0.071433591842699997732 ]
						} 

						evaluation 4/11 {

							point #168 ( 502  0 )
							mesh index : -3

							cache hit: #168 --> #110
							extended poll unsuccessful point #110 [ h=0 f=0.81803345680299999199 ]
						} 

						evaluation 5/11 {

							point #169 ( 532  0 )
							mesh index : -3

							cache hit: #169 --> #111
							extended poll unsuccessful point #111 [ h=0 f=0.17044210434000001131 ]
						} 

						evaluation 6/11 {

							point #170 ( 54032  0 )
							mesh index : -3

							cache hit: #170 --> #112
							extended poll unsuccessful point #112 [ h=0 f=0.29269442558300001744 ]
						} 

						evaluation 7/11 {

							point #171 ( 55032  0 )
							mesh index : -3

							cache hit: #171 --> #113
							extended poll unsuccessful point #113 [ h=0 f=0.82151491641999996318 ]
						} 

						evaluation 8/11 {

							point #172 ( 520  0 )
							mesh index : -3

							cache hit: #172 --> #114
							extended poll unsuccessful point #114 [ h=0 f=0.78579053878799998145 ]
						} 

						evaluation 9/11 {

							point #173 ( 523  0 )
							mesh index : -3

							cache hit: #173 --> #115
							extended poll unsuccessful point #115 [ h=0 f=0.16879866123199999128 ]
						} 

						evaluation 10/11 {

							point #174 ( 52403  0 )
							mesh index : -3

							cache hit: #174 --> #116
							extended poll unsuccessful point #116 [ h=0 f=0.32838449478199999154 ]
						} 

						evaluation 11/11 {

							point #175 ( 52503  0 )
							mesh index : -3

							cache hit: #175 --> #117
							extended poll unsuccessful point #117 [ h=0 f=0.34100739955900000178 ]
						} 

					} end of evaluations


					sorted ext poll pts {

						point # 1/10 : (     2     0 )
						point # 2/10 : (   422     0 )
						point # 3/10 : (   523     0 )
						point # 4/10 : (   532     0 )
						point # 5/10 : ( 54032     0 )
						point # 6/10 : ( 52403     0 )
						point # 7/10 : ( 52503     0 )
						point # 8/10 : (   520     0 )
						point # 9/10 : (   502     0 )
						point #10/10 : ( 55032     0 )

					} 


				} end of ext poll pts sorting


				extended poll point eval {

					extended poll point = (     2     0 )

					list of points evaluation (extended poll) {

						evaluation 1/1 {

							point #176 (  2  0 )
							mesh index : -3

							cache hit: #176 --> #108
							extended poll unsuccessful point #108 [ h=0 f=0.071433591842699997732 ]
						} 

					} end of evaluations


				} 


				extended poll center: (     2     0 )

				perform extended poll descent ...... yes

				extended poll descent {

					       iteration = 7
					 blackbox eval.  = 56
					      mesh index = -3
					ext. poll center = (     2     0 ) f=0.071433591842699997732 h=0


					MADS run {

						56+BBE	OBJ	(ext-poll)

						56+ 0	0.07143359184269999773	(ext-poll)
						56+ 2	0.07143359184269999773	(ext-poll)

					} end of run (max mesh index)

					blackbox evaluations    : 2
					best feasible solution  : ( 2 0 ) h=0 f=0.071433591842699997732

				} end of extended poll descent (unsuccessful)


				extended poll point eval {

					extended poll point = (   422     0 )

					list of points evaluation (extended poll) {

						evaluation 1/1 {

							point #177 ( 422  0 )
							mesh index : -3

							cache hit: #177 --> #107
							extended poll unsuccessful point #107 [ h=0 f=0.074518799781799996418 ]
						} 

					} end of evaluations


				} 


				extended poll center: (   422     0 )

				perform extended poll descent ...... yes

				extended poll descent {

					       iteration = 7
					 blackbox eval.  = 58
					      mesh index = -3
					ext. poll center = (   422     0 ) f=0.074518799781799996418 h=0


					MADS run {

						58+BBE	OBJ	(ext-poll)

						58+ 0	0.07451879978179999642	(ext-poll)
						58+ 2	0.07451879978179999642	(ext-poll)

					} end of run (max mesh index)

					blackbox evaluations    : 2
					best feasible solution  : ( 422 0 ) h=0 f=0.074518799781799996418

				} end of extended poll descent (unsuccessful)


				extended poll point eval {

					extended poll point = (   523     0 )

					list of points evaluation (extended poll) {

						evaluation 1/1 {

							point #178 ( 523  0 )
							mesh index : -3

							cache hit: #178 --> #115
							extended poll unsuccessful point #115 [ h=0 f=0.16879866123199999128 ]
						} 

					} end of evaluations


				} 


				extended poll center: (   523     0 )

				perform extended poll descent ...... no

				extended poll point eval {

					extended poll point = (   532     0 )

					list of points evaluation (extended poll) {

						evaluation 1/1 {

							point #179 ( 532  0 )
							mesh index : -3

							cache hit: #179 --> #111
							extended poll unsuccessful point #111 [ h=0 f=0.17044210434000001131 ]
						} 

					} end of evaluations


				} 


				extended poll center: (   532     0 )

				perform extended poll descent ...... no

				extended poll point eval {

					extended poll point = ( 54032     0 )

					list of points evaluation (extended poll) {

						evaluation 1/1 {

							point #180 ( 54032  0 )
							mesh index : -3

							cache hit: #180 --> #112
							extended poll unsuccessful point #112 [ h=0 f=0.29269442558300001744 ]
						} 

					} end of evaluations


				} 


				extended poll center: ( 54032     0 )

				perform extended poll descent ...... no

				extended poll point eval {

					extended poll point = ( 52403     0 )

					list of points evaluation (extended poll) {

						evaluation 1/1 {

							point #181 ( 52403  0 )
							mesh index : -3

							cache hit: #181 --> #116
							extended poll unsuccessful point #116 [ h=0 f=0.32838449478199999154 ]
						} 

					} end of evaluations


				} 


				extended poll center: ( 52403     0 )

				perform extended poll descent ...... no

				extended poll point eval {

					extended poll point = ( 52503     0 )

					list of points evaluation (extended poll) {

						evaluation 1/1 {

							point #182 ( 52503  0 )
							mesh index : -3

							cache hit: #182 --> #117
							extended poll unsuccessful point #117 [ h=0 f=0.34100739955900000178 ]
						} 

					} end of evaluations


				} 


				extended poll center: ( 52503     0 )

				perform extended poll descent ...... no

				extended poll point eval {

					extended poll point = (   520     0 )

					list of points evaluation (extended poll) {

						evaluation 1/1 {

							point #183 ( 520  0 )
							mesh index : -3

							cache hit: #183 --> #114
							extended poll unsuccessful point #114 [ h=0 f=0.78579053878799998145 ]
						} 

					} end of evaluations


				} 


				extended poll center: (   520     0 )

				perform extended poll descent ...... no

				extended poll point eval {

					extended poll point = (   502     0 )

					list of points evaluation (extended poll) {

						evaluation 1/1 {

							point #184 ( 502  0 )
							mesh index : -3

							cache hit: #184 --> #110
							extended poll unsuccessful point #110 [ h=0 f=0.81803345680299999199 ]
						} 

					} end of evaluations


				} 


				extended poll center: (   502     0 )

				perform extended poll descent ...... no

				extended poll point eval {

					extended poll point = ( 55032     0 )

					list of points evaluation (extended poll) {

						evaluation 1/1 {

							point #185 ( 55032  0 )
							mesh index : -3

							cache hit: #185 --> #113
							extended poll unsuccessful point #113 [ h=0 f=0.82151491641999996318 ]
						} 

					} end of evaluations


				} 


				extended poll center: ( 55032     0 )

				perform extended poll descent ...... no

			} end of extended poll

		} end of poll

		Mesh update {
			previous mesh index: -3
			new mesh index     : -2
		} 


		terminate MADS       : no
		iteration status     : unsuccessful
		new feas. incumbent  : none
		new infeas. incumbent: none

	} end of iteration 7

	MADS iteration 8 {

		blackbox evaluations : 60
		best feas. solution  : ( 522  0 ) h=0 f=0.068643426895100001506
		best infeas. solution: none
		poll center          : ( 522  0 )
		mesh size            : (  1  1 )
		poll size            : (  4  4 )
		mesh index           : -2
		h_max                : inf

		MADS search {
		} end of search

		MADS poll {

			poll center: ( 522  0 )

			poll directions (include mesh size parameter) {
				dir 0 : (  0 -4 ) Ortho-MADS 2n
				dir 1 : (  0  4 ) Ortho-MADS 2n
			} 

			re-ordered list of 2 poll trial points {
				#192 : ( 522 -4 ) (dir 0)
				#193 : ( 522  4 ) (dir 1)
			} 

			list of points evaluation (poll) {

				evaluation 1/2 {

					point #192 ( 522 -4 )
					direction  : (  0 -4 ) Ortho-MADS 2n
					mesh index : -2

					cache hit: #192 --> #163
					poll unsuccessful point #163: evaluation failed
				} 

				evaluation 2/2 {

					point #193 ( 522  4 )
					direction  : (  0  4 ) Ortho-MADS 2n
					mesh index : -2

					cache hit: #193 --> #164
					poll unsuccessful point #164: evaluation failed
				} 

			} end of evaluations


			MADS extended poll {


				extended poll pts sorting {


					list of points evaluation (extended poll) {

						evaluation 1/11 {

							point #194 ( 422  0 )
							mesh index : -2

							cache hit: #194 --> #107
							extended poll unsuccessful point #107 [ h=0 f=0.074518799781799996418 ]
						} 

						evaluation 2/11 {

							point #195 (  2  0 )
							mesh index : -2

							cache hit: #195 --> #108
							extended poll unsuccessful point #108 [ h=0 f=0.071433591842699997732 ]
						} 

						evaluation 3/11 {

							point #196 (  2  0 )
							mesh index : -2

							cache hit: #196 --> #108
							extended poll unsuccessful point #108 [ h=0 f=0.071433591842699997732 ]
						} 

						evaluation 4/11 {

							point #197 ( 502  0 )
							mesh index : -2

							cache hit: #197 --> #110
							extended poll unsuccessful point #110 [ h=0 f=0.81803345680299999199 ]
						} 

						evaluation 5/11 {

							point #198 ( 532  0 )
							mesh index : -2

							cache hit: #198 --> #111
							extended poll unsuccessful point #111 [ h=0 f=0.17044210434000001131 ]
						} 

						evaluation 6/11 {

							point #199 ( 54032  0 )
							mesh index : -2

							cache hit: #199 --> #112
							extended poll unsuccessful point #112 [ h=0 f=0.29269442558300001744 ]
						} 

						evaluation 7/11 {

							point #200 ( 55032  0 )
							mesh index : -2

							cache hit: #200 --> #113
							extended poll unsuccessful point #113 [ h=0 f=0.82151491641999996318 ]
						} 

						evaluation 8/11 {

							point #201 ( 520  0 )
							mesh index : -2

							cache hit: #201 --> #114
							extended poll unsuccessful point #114 [ h=0 f=0.78579053878799998145 ]
						} 

						evaluation 9/11 {

							point #202 ( 523  0 )
							mesh index : -2

							cache hit: #202 --> #115
							extended poll unsuccessful point #115 [ h=0 f=0.16879866123199999128 ]
						} 

						evaluation 10/11 {

							point #203 ( 52403  0 )
							mesh index : -2

							cache hit: #203 --> #116
							extended poll unsuccessful point #116 [ h=0 f=0.32838449478199999154 ]
						} 

						evaluation 11/11 {

							point #204 ( 52503  0 )
							mesh index : -2

							cache hit: #204 --> #117
							extended poll unsuccessful point #117 [ h=0 f=0.34100739955900000178 ]
						} 

					} end of evaluations


					sorted ext poll pts {

						point # 1/10 : (     2     0 )
						point # 2/10 : (   422     0 )
						point # 3/10 : (   523     0 )
						point # 4/10 : (   532     0 )
						point # 5/10 : ( 54032     0 )
						point # 6/10 : ( 52403     0 )
						point # 7/10 : ( 52503     0 )
						point # 8/10 : (   520     0 )
						point # 9/10 : (   502     0 )
						point #10/10 : ( 55032     0 )

					} 


				} end of ext poll pts sorting


				extended poll point eval {

					extended poll point = (     2     0 )

					list of points evaluation (extended poll) {

						evaluation 1/1 {

							point #205 (  2  0 )
							mesh index : -2

							cache hit: #205 --> #108
							extended poll unsuccessful point #108 [ h=0 f=0.071433591842699997732 ]
						} 

					} end of evaluations


				} 


				extended poll center: (     2     0 )

				perform extended poll descent ...... yes

				extended poll descent {

					       iteration = 8
					 blackbox eval.  = 60
					      mesh index = -2
					ext. poll center = (     2     0 ) f=0.071433591842699997732 h=0


					MADS run {

						60+BBE	OBJ	(ext-poll)

						60+ 0	0.07143359184269999773	(ext-poll)

					} end of run (max mesh index)

					blackbox evaluations    : 0
					best feasible solution  : ( 2 0 ) h=0 f=0.071433591842699997732

				} end of extended poll descent (unsuccessful)


				extended poll point eval {

					extended poll point = (   422     0 )

					list of points evaluation (extended poll) {

						evaluation 1/1 {

							point #206 ( 422  0 )
							mesh index : -2

							cache hit: #206 --> #107
							extended poll unsuccessful point #107 [ h=0 f=0.074518799781799996418 ]
						} 

					} end of evaluations


				} 


				extended poll center: (   422     0 )

				perform extended poll descent ...... yes

				extended poll descent {

					       iteration = 8
					 blackbox eval.  = 60
					      mesh index = -2
					ext. poll center = (   422     0 ) f=0.074518799781799996418 h=0


					MADS run {

						60+BBE	OBJ	(ext-poll)

						60+ 0	0.07451879978179999642	(ext-poll)

					} end of run (max mesh index)

					blackbox evaluations    : 0
					best feasible solution  : ( 422 0 ) h=0 f=0.074518799781799996418

				} end of extended poll descent (unsuccessful)


				extended poll point eval {

					extended poll point = (   523     0 )

					list of points evaluation (extended poll) {

						evaluation 1/1 {

							point #207 ( 523  0 )
							mesh index : -2

							cache hit: #207 --> #115
							extended poll unsuccessful point #115 [ h=0 f=0.16879866123199999128 ]
						} 

					} end of evaluations


				} 


				extended poll center: (   523     0 )

				perform extended poll descent ...... no

				extended poll point eval {

					extended poll point = (   532     0 )

					list of points evaluation (extended poll) {

						evaluation 1/1 {

							point #208 ( 532  0 )
							mesh index : -2

							cache hit: #208 --> #111
							extended poll unsuccessful point #111 [ h=0 f=0.17044210434000001131 ]
						} 

					} end of evaluations


				} 


				extended poll center: (   532     0 )

				perform extended poll descent ...... no

				extended poll point eval {

					extended poll point = ( 54032     0 )

					list of points evaluation (extended poll) {

						evaluation 1/1 {

							point #209 ( 54032  0 )
							mesh index : -2

							cache hit: #209 --> #112
							extended poll unsuccessful point #112 [ h=0 f=0.29269442558300001744 ]
						} 

					} end of evaluations


				} 


				extended poll center: ( 54032     0 )

				perform extended poll descent ...... no

				extended poll point eval {

					extended poll point = ( 52403     0 )

					list of points evaluation (extended poll) {

						evaluation 1/1 {

							point #210 ( 52403  0 )
							mesh index : -2

							cache hit: #210 --> #116
							extended poll unsuccessful point #116 [ h=0 f=0.32838449478199999154 ]
						} 

					} end of evaluations


				} 


				extended poll center: ( 52403     0 )

				perform extended poll descent ...... no

				extended poll point eval {

					extended poll point = ( 52503     0 )

					list of points evaluation (extended poll) {

						evaluation 1/1 {

							point #211 ( 52503  0 )
							mesh index : -2

							cache hit: #211 --> #117
							extended poll unsuccessful point #117 [ h=0 f=0.34100739955900000178 ]
						} 

					} end of evaluations


				} 


				extended poll center: ( 52503     0 )

				perform extended poll descent ...... no

				extended poll point eval {

					extended poll point = (   520     0 )

					list of points evaluation (extended poll) {

						evaluation 1/1 {

							point #212 ( 520  0 )
							mesh index : -2

							cache hit: #212 --> #114
							extended poll unsuccessful point #114 [ h=0 f=0.78579053878799998145 ]
						} 

					} end of evaluations


				} 


				extended poll center: (   520     0 )

				perform extended poll descent ...... no

				extended poll point eval {

					extended poll point = (   502     0 )

					list of points evaluation (extended poll) {

						evaluation 1/1 {

							point #213 ( 502  0 )
							mesh index : -2

							cache hit: #213 --> #110
							extended poll unsuccessful point #110 [ h=0 f=0.81803345680299999199 ]
						} 

					} end of evaluations


				} 


				extended poll center: (   502     0 )

				perform extended poll descent ...... no

				extended poll point eval {

					extended poll point = ( 55032     0 )

					list of points evaluation (extended poll) {

						evaluation 1/1 {

							point #214 ( 55032  0 )
							mesh index : -2

							cache hit: #214 --> #113
							extended poll unsuccessful point #113 [ h=0 f=0.82151491641999996318 ]
						} 

					} end of evaluations


				} 


				extended poll center: ( 55032     0 )

				perform extended poll descent ...... no

			} end of extended poll

		} end of poll

		Mesh update {
			previous mesh index: -2
			new mesh index     : -1
		} 


		terminate MADS       : no
		iteration status     : unsuccessful
		new feas. incumbent  : none
		new infeas. incumbent: none

	} end of iteration 8

	MADS iteration 9 {

		blackbox evaluations : 60
		best feas. solution  : ( 522  0 ) h=0 f=0.068643426895100001506
		best infeas. solution: none
		poll center          : ( 522  0 )
		mesh size            : (  1  1 )
		poll size            : (  2  2 )
		mesh index           : -1
		h_max                : inf

		MADS search {
		} end of search

		MADS poll {

			poll center: ( 522  0 )

			poll directions (include mesh size parameter) {
				dir 0 : (  0 -1 ) Ortho-MADS 2n
				dir 1 : (  0  1 ) Ortho-MADS 2n
			} 

			re-ordered list of 2 poll trial points {
				#221 : ( 522 -1 ) (dir 0)
				#222 : ( 522  1 ) (dir 1)
			} 

			list of points evaluation (poll) {

				evaluation 1/2 {

					point #221 ( 522 -1 )
					direction  : (  0 -1 ) Ortho-MADS 2n
					mesh index : -1

					poll unsuccessful point #221: evaluation failed
				} 

				evaluation 2/2 {

					point #222 ( 522  1 )
					direction  : (  0  1 ) Ortho-MADS 2n
					mesh index : -1

					poll unsuccessful point #222: evaluation failed
				} 

			} end of evaluations


			MADS extended poll {


				extended poll pts sorting {


					list of points evaluation (extended poll) {

						evaluation 1/11 {

							point #223 ( 422  0 )
							mesh index : -1

							cache hit: #223 --> #107
							extended poll unsuccessful point #107 [ h=0 f=0.074518799781799996418 ]
						} 

						evaluation 2/11 {

							point #224 (  2  0 )
							mesh index : -1

							cache hit: #224 --> #108
							extended poll unsuccessful point #108 [ h=0 f=0.071433591842699997732 ]
						} 

						evaluation 3/11 {

							point #225 (  2  0 )
							mesh index : -1

							cache hit: #225 --> #108
							extended poll unsuccessful point #108 [ h=0 f=0.071433591842699997732 ]
						} 

						evaluation 4/11 {

							point #226 ( 502  0 )
							mesh index : -1

							cache hit: #226 --> #110
							extended poll unsuccessful point #110 [ h=0 f=0.81803345680299999199 ]
						} 

						evaluation 5/11 {

							point #227 ( 532  0 )
							mesh index : -1

							cache hit: #227 --> #111
							extended poll unsuccessful point #111 [ h=0 f=0.17044210434000001131 ]
						} 

						evaluation 6/11 {

							point #228 ( 54032  0 )
							mesh index : -1

							cache hit: #228 --> #112
							extended poll unsuccessful point #112 [ h=0 f=0.29269442558300001744 ]
						} 

						evaluation 7/11 {

							point #229 ( 55032  0 )
							mesh index : -1

							cache hit: #229 --> #113
							extended poll unsuccessful point #113 [ h=0 f=0.82151491641999996318 ]
						} 

						evaluation 8/11 {

							point #230 ( 520  0 )
							mesh index : -1

							cache hit: #230 --> #114
							extended poll unsuccessful point #114 [ h=0 f=0.78579053878799998145 ]
						} 

						evaluation 9/11 {

							point #231 ( 523  0 )
							mesh index : -1

							cache hit: #231 --> #115
							extended poll unsuccessful point #115 [ h=0 f=0.16879866123199999128 ]
						} 

						evaluation 10/11 {

							point #232 ( 52403  0 )
							mesh index : -1

							cache hit: #232 --> #116
							extended poll unsuccessful point #116 [ h=0 f=0.32838449478199999154 ]
						} 

						evaluation 11/11 {

							point #233 ( 52503  0 )
							mesh index : -1

							cache hit: #233 --> #117
							extended poll unsuccessful point #117 [ h=0 f=0.34100739955900000178 ]
						} 

					} end of evaluations


					sorted ext poll pts {

						point # 1/10 : (     2     0 )
						point # 2/10 : (   422     0 )
						point # 3/10 : (   523     0 )
						point # 4/10 : (   532     0 )
						point # 5/10 : ( 54032     0 )
						point # 6/10 : ( 52403     0 )
						point # 7/10 : ( 52503     0 )
						point # 8/10 : (   520     0 )
						point # 9/10 : (   502     0 )
						point #10/10 : ( 55032     0 )

					} 


				} end of ext poll pts sorting


				extended poll point eval {

					extended poll point = (     2     0 )

					list of points evaluation (extended poll) {

						evaluation 1/1 {

							point #234 (  2  0 )
							mesh index : -1

							cache hit: #234 --> #108
							extended poll unsuccessful point #108 [ h=0 f=0.071433591842699997732 ]
						} 

					} end of evaluations


				} 


				extended poll center: (     2     0 )

				perform extended poll descent ...... yes

				extended poll descent {

					       iteration = 9
					 blackbox eval.  = 62
					      mesh index = -1
					ext. poll center = (     2     0 ) f=0.071433591842699997732 h=0


					MADS run {

						62+BBE	OBJ	(ext-poll)

						62+ 0	0.07143359184269999773	(ext-poll)
						62+ 2	0.07143359184269999773	(ext-poll)

					} end of run (max mesh index)

					blackbox evaluations    : 2
					best feasible solution  : ( 2 0 ) h=0 f=0.071433591842699997732

				} end of extended poll descent (unsuccessful)


				extended poll point eval {

					extended poll point = (   422     0 )

					list of points evaluation (extended poll) {

						evaluation 1/1 {

							point #235 ( 422  0 )
							mesh index : -1

							cache hit: #235 --> #107
							extended poll unsuccessful point #107 [ h=0 f=0.074518799781799996418 ]
						} 

					} end of evaluations


				} 


				extended poll center: (   422     0 )

				perform extended poll descent ...... yes

				extended poll descent {

					       iteration = 9
					 blackbox eval.  = 64
					      mesh index = -1
					ext. poll center = (   422     0 ) f=0.074518799781799996418 h=0


					MADS run {

						64+BBE	OBJ	(ext-poll)

						64+ 0	0.07451879978179999642	(ext-poll)
						64+ 2	0.07451879978179999642	(ext-poll)

					} end of run (max mesh index)

					blackbox evaluations    : 2
					best feasible solution  : ( 422 0 ) h=0 f=0.074518799781799996418

				} end of extended poll descent (unsuccessful)


				extended poll point eval {

					extended poll point = (   523     0 )

					list of points evaluation (extended poll) {

						evaluation 1/1 {

							point #236 ( 523  0 )
							mesh index : -1

							cache hit: #236 --> #115
							extended poll unsuccessful point #115 [ h=0 f=0.16879866123199999128 ]
						} 

					} end of evaluations


				} 


				extended poll center: (   523     0 )

				perform extended poll descent ...... no

				extended poll point eval {

					extended poll point = (   532     0 )

					list of points evaluation (extended poll) {

						evaluation 1/1 {

							point #237 ( 532  0 )
							mesh index : -1

							cache hit: #237 --> #111
							extended poll unsuccessful point #111 [ h=0 f=0.17044210434000001131 ]
						} 

					} end of evaluations


				} 


				extended poll center: (   532     0 )

				perform extended poll descent ...... no

				extended poll point eval {

					extended poll point = ( 54032     0 )

					list of points evaluation (extended poll) {

						evaluation 1/1 {

							point #238 ( 54032  0 )
							mesh index : -1

							cache hit: #238 --> #112
							extended poll unsuccessful point #112 [ h=0 f=0.29269442558300001744 ]
						} 

					} end of evaluations


				} 


				extended poll center: ( 54032     0 )

				perform extended poll descent ...... no

				extended poll point eval {

					extended poll point = ( 52403     0 )

					list of points evaluation (extended poll) {

						evaluation 1/1 {

							point #239 ( 52403  0 )
							mesh index : -1

							cache hit: #239 --> #116
							extended poll unsuccessful point #116 [ h=0 f=0.32838449478199999154 ]
						} 

					} end of evaluations


				} 


				extended poll center: ( 52403     0 )

				perform extended poll descent ...... no

				extended poll point eval {

					extended poll point = ( 52503     0 )

					list of points evaluation (extended poll) {

						evaluation 1/1 {

							point #240 ( 52503  0 )
							mesh index : -1

							cache hit: #240 --> #117
							extended poll unsuccessful point #117 [ h=0 f=0.34100739955900000178 ]
						} 

					} end of evaluations


				} 


				extended poll center: ( 52503     0 )

				perform extended poll descent ...... no

				extended poll point eval {

					extended poll point = (   520     0 )

					list of points evaluation (extended poll) {

						evaluation 1/1 {

							point #241 ( 520  0 )
							mesh index : -1

							cache hit: #241 --> #114
							extended poll unsuccessful point #114 [ h=0 f=0.78579053878799998145 ]
						} 

					} end of evaluations


				} 


				extended poll center: (   520     0 )

				perform extended poll descent ...... no

				extended poll point eval {

					extended poll point = (   502     0 )

					list of points evaluation (extended poll) {

						evaluation 1/1 {

							point #242 ( 502  0 )
							mesh index : -1

							cache hit: #242 --> #110
							extended poll unsuccessful point #110 [ h=0 f=0.81803345680299999199 ]
						} 

					} end of evaluations


				} 


				extended poll center: (   502     0 )

				perform extended poll descent ...... no

				extended poll point eval {

					extended poll point = ( 55032     0 )

					list of points evaluation (extended poll) {

						evaluation 1/1 {

							point #243 ( 55032  0 )
							mesh index : -1

							cache hit: #243 --> #113
							extended poll unsuccessful point #113 [ h=0 f=0.82151491641999996318 ]
						} 

					} end of evaluations


				} 


				extended poll center: ( 55032     0 )

				perform extended poll descent ...... no

			} end of extended poll

		} end of poll

		Mesh update {
			previous mesh index: -1
			new mesh index     : 0
		} 


		terminate MADS       : no
		iteration status     : unsuccessful
		new feas. incumbent  : none
		new infeas. incumbent: none

	} end of iteration 9

	MADS iteration 10 {

		blackbox evaluations : 66
		best feas. solution  : ( 522  0 ) h=0 f=0.068643426895100001506
		best infeas. solution: none
		poll center          : ( 522  0 )
		mesh size            : (  1  1 )
		poll size            : (  1  1 )
		mesh index           : 0
		h_max                : inf

		MADS search {
		} end of search

		MADS poll {

			poll center: ( 522  0 )

			poll directions (include mesh size parameter) {
				dir 0 : (  0 -1 ) Ortho-MADS 2n
				dir 1 : (  0  1 ) Ortho-MADS 2n
			} 

			re-ordered list of 2 poll trial points {
				#250 : ( 522 -1 ) (dir 0)
				#251 : ( 522  1 ) (dir 1)
			} 

			list of points evaluation (poll) {

				evaluation 1/2 {

					point #250 ( 522 -1 )
					direction  : (  0 -1 ) Ortho-MADS 2n
					mesh index : 0

					cache hit: #250 --> #221
					poll unsuccessful point #221: evaluation failed
				} 

				evaluation 2/2 {

					point #251 ( 522  1 )
					direction  : (  0  1 ) Ortho-MADS 2n
					mesh index : 0

					cache hit: #251 --> #222
					poll unsuccessful point #222: evaluation failed
				} 

			} end of evaluations


			MADS extended poll {


				extended poll pts sorting {


					list of points evaluation (extended poll) {

						evaluation 1/11 {

							point #252 ( 422  0 )
							mesh index : 0

							cache hit: #252 --> #107
							extended poll unsuccessful point #107 [ h=0 f=0.074518799781799996418 ]
						} 

						evaluation 2/11 {

							point #253 (  2  0 )
							mesh index : 0

							cache hit: #253 --> #108
							extended poll unsuccessful point #108 [ h=0 f=0.071433591842699997732 ]
						} 

						evaluation 3/11 {

							point #254 (  2  0 )
							mesh index : 0

							cache hit: #254 --> #108
							extended poll unsuccessful point #108 [ h=0 f=0.071433591842699997732 ]
						} 

						evaluation 4/11 {

							point #255 ( 502  0 )
							mesh index : 0

							cache hit: #255 --> #110
							extended poll unsuccessful point #110 [ h=0 f=0.81803345680299999199 ]
						} 

						evaluation 5/11 {

							point #256 ( 532  0 )
							mesh index : 0

							cache hit: #256 --> #111
							extended poll unsuccessful point #111 [ h=0 f=0.17044210434000001131 ]
						} 

						evaluation 6/11 {

							point #257 ( 54032  0 )
							mesh index : 0

							cache hit: #257 --> #112
							extended poll unsuccessful point #112 [ h=0 f=0.29269442558300001744 ]
						} 

						evaluation 7/11 {

							point #258 ( 55032  0 )
							mesh index : 0

							cache hit: #258 --> #113
							extended poll unsuccessful point #113 [ h=0 f=0.82151491641999996318 ]
						} 

						evaluation 8/11 {

							point #259 ( 520  0 )
							mesh index : 0

							cache hit: #259 --> #114
							extended poll unsuccessful point #114 [ h=0 f=0.78579053878799998145 ]
						} 

						evaluation 9/11 {

							point #260 ( 523  0 )
							mesh index : 0

							cache hit: #260 --> #115
							extended poll unsuccessful point #115 [ h=0 f=0.16879866123199999128 ]
						} 

						evaluation 10/11 {

							point #261 ( 52403  0 )
							mesh index : 0

							cache hit: #261 --> #116
							extended poll unsuccessful point #116 [ h=0 f=0.32838449478199999154 ]
						} 

						evaluation 11/11 {

							point #262 ( 52503  0 )
							mesh index : 0

							cache hit: #262 --> #117
							extended poll unsuccessful point #117 [ h=0 f=0.34100739955900000178 ]
						} 

					} end of evaluations


					sorted ext poll pts {

						point # 1/10 : (     2     0 )
						point # 2/10 : (   422     0 )
						point # 3/10 : (   523     0 )
						point # 4/10 : (   532     0 )
						point # 5/10 : ( 54032     0 )
						point # 6/10 : ( 52403     0 )
						point # 7/10 : ( 52503     0 )
						point # 8/10 : (   520     0 )
						point # 9/10 : (   502     0 )
						point #10/10 : ( 55032     0 )

					} 


				} end of ext poll pts sorting


				extended poll point eval {

					extended poll point = (     2     0 )

					list of points evaluation (extended poll) {

						evaluation 1/1 {

							point #263 (  2  0 )
							mesh index : 0

							cache hit: #263 --> #108
							extended poll unsuccessful point #108 [ h=0 f=0.071433591842699997732 ]
						} 

					} end of evaluations


				} 


				extended poll center: (     2     0 )

				perform extended poll descent ...... yes

				extended poll descent {

					       iteration = 10
					 blackbox eval.  = 66
					      mesh index = 0
					ext. poll center = (     2     0 ) f=0.071433591842699997732 h=0


					MADS run {

						66+BBE	OBJ	(ext-poll)

						66+ 0	0.07143359184269999773	(ext-poll)

					} end of run (max mesh index)

					blackbox evaluations    : 0
					best feasible solution  : ( 2 0 ) h=0 f=0.071433591842699997732

				} end of extended poll descent (unsuccessful)


				extended poll point eval {

					extended poll point = (   422     0 )

					list of points evaluation (extended poll) {

						evaluation 1/1 {

							point #264 ( 422  0 )
							mesh index : 0

							cache hit: #264 --> #107
							extended poll unsuccessful point #107 [ h=0 f=0.074518799781799996418 ]
						} 

					} end of evaluations


				} 


				extended poll center: (   422     0 )

				perform extended poll descent ...... yes

				extended poll descent {

					       iteration = 10
					 blackbox eval.  = 66
					      mesh index = 0
					ext. poll center = (   422     0 ) f=0.074518799781799996418 h=0


					MADS run {

						66+BBE	OBJ	(ext-poll)

						66+ 0	0.07451879978179999642	(ext-poll)

					} end of run (max mesh index)

					blackbox evaluations    : 0
					best feasible solution  : ( 422 0 ) h=0 f=0.074518799781799996418

				} end of extended poll descent (unsuccessful)


				extended poll point eval {

					extended poll point = (   523     0 )

					list of points evaluation (extended poll) {

						evaluation 1/1 {

							point #265 ( 523  0 )
							mesh index : 0

							cache hit: #265 --> #115
							extended poll unsuccessful point #115 [ h=0 f=0.16879866123199999128 ]
						} 

					} end of evaluations


				} 


				extended poll center: (   523     0 )

				perform extended poll descent ...... no

				extended poll point eval {

					extended poll point = (   532     0 )

					list of points evaluation (extended poll) {

						evaluation 1/1 {

							point #266 ( 532  0 )
							mesh index : 0

							cache hit: #266 --> #111
							extended poll unsuccessful point #111 [ h=0 f=0.17044210434000001131 ]
						} 

					} end of evaluations


				} 


				extended poll center: (   532     0 )

				perform extended poll descent ...... no

				extended poll point eval {

					extended poll point = ( 54032     0 )

					list of points evaluation (extended poll) {

						evaluation 1/1 {

							point #267 ( 54032  0 )
							mesh index : 0

							cache hit: #267 --> #112
							extended poll unsuccessful point #112 [ h=0 f=0.29269442558300001744 ]
						} 

					} end of evaluations


				} 


				extended poll center: ( 54032     0 )

				perform extended poll descent ...... no

				extended poll point eval {

					extended poll point = ( 52403     0 )

					list of points evaluation (extended poll) {

						evaluation 1/1 {

							point #268 ( 52403  0 )
							mesh index : 0

							cache hit: #268 --> #116
							extended poll unsuccessful point #116 [ h=0 f=0.32838449478199999154 ]
						} 

					} end of evaluations


				} 


				extended poll center: ( 52403     0 )

				perform extended poll descent ...... no

				extended poll point eval {

					extended poll point = ( 52503     0 )

					list of points evaluation (extended poll) {

						evaluation 1/1 {

							point #269 ( 52503  0 )
							mesh index : 0

							cache hit: #269 --> #117
							extended poll unsuccessful point #117 [ h=0 f=0.34100739955900000178 ]
						} 

					} end of evaluations


				} 


				extended poll center: ( 52503     0 )

				perform extended poll descent ...... no

				extended poll point eval {

					extended poll point = (   520     0 )

					list of points evaluation (extended poll) {

						evaluation 1/1 {

							point #270 ( 520  0 )
							mesh index : 0

							cache hit: #270 --> #114
							extended poll unsuccessful point #114 [ h=0 f=0.78579053878799998145 ]
						} 

					} end of evaluations


				} 


				extended poll center: (   520     0 )

				perform extended poll descent ...... no

				extended poll point eval {

					extended poll point = (   502     0 )

					list of points evaluation (extended poll) {

						evaluation 1/1 {

							point #271 ( 502  0 )
							mesh index : 0

							cache hit: #271 --> #110
							extended poll unsuccessful point #110 [ h=0 f=0.81803345680299999199 ]
						} 

					} end of evaluations


				} 


				extended poll center: (   502     0 )

				perform extended poll descent ...... no

				extended poll point eval {

					extended poll point = ( 55032     0 )

					list of points evaluation (extended poll) {

						evaluation 1/1 {

							point #272 ( 55032  0 )
							mesh index : 0

							cache hit: #272 --> #113
							extended poll unsuccessful point #113 [ h=0 f=0.82151491641999996318 ]
						} 

					} end of evaluations


				} 


				extended poll center: ( 55032     0 )

				perform extended poll descent ...... no

			} end of extended poll

		} end of poll

		Mesh update {
			previous mesh index: 0
			new mesh index     : 1
		} 


		terminate MADS       : no
		iteration status     : unsuccessful
		new feas. incumbent  : none
		new infeas. incumbent: none

	} end of iteration 10

	MADS iteration 11 {

		blackbox evaluations : 66
		best feas. solution  : ( 522  0 ) h=0 f=0.068643426895100001506
		best infeas. solution: none
		poll center          : ( 522  0 )
		mesh size            : ( 0.25 0.25 )
		poll size            : ( 0.5 0.5 )
		mesh index           : 1
		h_max                : inf

		MADS search {
		} end of search

		MADS poll {

			poll center: ( 522  0 )

			poll directions (include mesh size parameter) {
				dir 0 : (  0 -1 ) Ortho-MADS 2n
				dir 1 : (  0  1 ) Ortho-MADS 2n
			} 

			re-ordered list of 2 poll trial points {
				#279 : ( 522 -1 ) (dir 0)
				#280 : ( 522  1 ) (dir 1)
			} 

			list of points evaluation (poll) {

				evaluation 1/2 {

					point #279 ( 522 -1 )
					direction  : (  0 -1 ) Ortho-MADS 2n
					mesh index : 1

					cache hit: #279 --> #221
					poll unsuccessful point #221: evaluation failed
				} 

				evaluation 2/2 {

					point #280 ( 522  1 )
					direction  : (  0  1 ) Ortho-MADS 2n
					mesh index : 1

					cache hit: #280 --> #222
					poll unsuccessful point #222: evaluation failed
				} 

			} end of evaluations


			MADS extended poll {


				extended poll pts sorting {


					list of points evaluation (extended poll) {

						evaluation 1/11 {

							point #281 ( 422  0 )
							mesh index : 1

							cache hit: #281 --> #107
							extended poll unsuccessful point #107 [ h=0 f=0.074518799781799996418 ]
						} 

						evaluation 2/11 {

							point #282 (  2  0 )
							mesh index : 1

							cache hit: #282 --> #108
							extended poll unsuccessful point #108 [ h=0 f=0.071433591842699997732 ]
						} 

						evaluation 3/11 {

							point #283 (  2  0 )
							mesh index : 1

							cache hit: #283 --> #108
							extended poll unsuccessful point #108 [ h=0 f=0.071433591842699997732 ]
						} 

						evaluation 4/11 {

							point #284 ( 502  0 )
							mesh index : 1

							cache hit: #284 --> #110
							extended poll unsuccessful point #110 [ h=0 f=0.81803345680299999199 ]
						} 

						evaluation 5/11 {

							point #285 ( 532  0 )
							mesh index : 1

							cache hit: #285 --> #111
							extended poll unsuccessful point #111 [ h=0 f=0.17044210434000001131 ]
						} 

						evaluation 6/11 {

							point #286 ( 54032  0 )
							mesh index : 1

							cache hit: #286 --> #112
							extended poll unsuccessful point #112 [ h=0 f=0.29269442558300001744 ]
						} 

						evaluation 7/11 {

							point #287 ( 55032  0 )
							mesh index : 1

							cache hit: #287 --> #113
							extended poll unsuccessful point #113 [ h=0 f=0.82151491641999996318 ]
						} 

						evaluation 8/11 {

							point #288 ( 520  0 )
							mesh index : 1

							cache hit: #288 --> #114
							extended poll unsuccessful point #114 [ h=0 f=0.78579053878799998145 ]
						} 

						evaluation 9/11 {

							point #289 ( 523  0 )
							mesh index : 1

							cache hit: #289 --> #115
							extended poll unsuccessful point #115 [ h=0 f=0.16879866123199999128 ]
						} 

						evaluation 10/11 {

							point #290 ( 52403  0 )
							mesh index : 1

							cache hit: #290 --> #116
							extended poll unsuccessful point #116 [ h=0 f=0.32838449478199999154 ]
						} 

						evaluation 11/11 {

							point #291 ( 52503  0 )
							mesh index : 1

							cache hit: #291 --> #117
							extended poll unsuccessful point #117 [ h=0 f=0.34100739955900000178 ]
						} 

					} end of evaluations


					sorted ext poll pts {

						point # 1/10 : (     2     0 )
						point # 2/10 : (   422     0 )
						point # 3/10 : (   523     0 )
						point # 4/10 : (   532     0 )
						point # 5/10 : ( 54032     0 )
						point # 6/10 : ( 52403     0 )
						point # 7/10 : ( 52503     0 )
						point # 8/10 : (   520     0 )
						point # 9/10 : (   502     0 )
						point #10/10 : ( 55032     0 )

					} 


				} end of ext poll pts sorting


				extended poll point eval {

					extended poll point = (     2     0 )

					list of points evaluation (extended poll) {

						evaluation 1/1 {

							point #292 (  2  0 )
							mesh index : 1

							cache hit: #292 --> #108
							extended poll unsuccessful point #108 [ h=0 f=0.071433591842699997732 ]
						} 

					} end of evaluations


				} 


				extended poll center: (     2     0 )

				perform extended poll descent ...... yes

				extended poll descent {

					       iteration = 11
					 blackbox eval.  = 66
					      mesh index = 1
					ext. poll center = (     2     0 ) f=0.071433591842699997732 h=0


					MADS run {

						66+BBE	OBJ	(ext-poll)

						66+ 0	0.07143359184269999773	(ext-poll)

					} end of run (max mesh index)

					blackbox evaluations    : 0
					best feasible solution  : ( 2 0 ) h=0 f=0.071433591842699997732

				} end of extended poll descent (unsuccessful)


				extended poll point eval {

					extended poll point = (   422     0 )

					list of points evaluation (extended poll) {

						evaluation 1/1 {

							point #293 ( 422  0 )
							mesh index : 1

							cache hit: #293 --> #107
							extended poll unsuccessful point #107 [ h=0 f=0.074518799781799996418 ]
						} 

					} end of evaluations


				} 


				extended poll center: (   422     0 )

				perform extended poll descent ...... yes

				extended poll descent {

					       iteration = 11
					 blackbox eval.  = 66
					      mesh index = 1
					ext. poll center = (   422     0 ) f=0.074518799781799996418 h=0


					MADS run {

						66+BBE	OBJ	(ext-poll)

						66+ 0	0.07451879978179999642	(ext-poll)

					} end of run (max mesh index)

					blackbox evaluations    : 0
					best feasible solution  : ( 422 0 ) h=0 f=0.074518799781799996418

				} end of extended poll descent (unsuccessful)


				extended poll point eval {

					extended poll point = (   523     0 )

					list of points evaluation (extended poll) {

						evaluation 1/1 {

							point #294 ( 523  0 )
							mesh index : 1

							cache hit: #294 --> #115
							extended poll unsuccessful point #115 [ h=0 f=0.16879866123199999128 ]
						} 

					} end of evaluations


				} 


				extended poll center: (   523     0 )

				perform extended poll descent ...... no

				extended poll point eval {

					extended poll point = (   532     0 )

					list of points evaluation (extended poll) {

						evaluation 1/1 {

							point #295 ( 532  0 )
							mesh index : 1

							cache hit: #295 --> #111
							extended poll unsuccessful point #111 [ h=0 f=0.17044210434000001131 ]
						} 

					} end of evaluations


				} 


				extended poll center: (   532     0 )

				perform extended poll descent ...... no

				extended poll point eval {

					extended poll point = ( 54032     0 )

					list of points evaluation (extended poll) {

						evaluation 1/1 {

							point #296 ( 54032  0 )
							mesh index : 1

							cache hit: #296 --> #112
							extended poll unsuccessful point #112 [ h=0 f=0.29269442558300001744 ]
						} 

					} end of evaluations


				} 


				extended poll center: ( 54032     0 )

				perform extended poll descent ...... no

				extended poll point eval {

					extended poll point = ( 52403     0 )

					list of points evaluation (extended poll) {

						evaluation 1/1 {

							point #297 ( 52403  0 )
							mesh index : 1

							cache hit: #297 --> #116
							extended poll unsuccessful point #116 [ h=0 f=0.32838449478199999154 ]
						} 

					} end of evaluations


				} 


				extended poll center: ( 52403     0 )

				perform extended poll descent ...... no

				extended poll point eval {

					extended poll point = ( 52503     0 )

					list of points evaluation (extended poll) {

						evaluation 1/1 {

							point #298 ( 52503  0 )
							mesh index : 1

							cache hit: #298 --> #117
							extended poll unsuccessful point #117 [ h=0 f=0.34100739955900000178 ]
						} 

					} end of evaluations


				} 


				extended poll center: ( 52503     0 )

				perform extended poll descent ...... no

				extended poll point eval {

					extended poll point = (   520     0 )

					list of points evaluation (extended poll) {

						evaluation 1/1 {

							point #299 ( 520  0 )
							mesh index : 1

							cache hit: #299 --> #114
							extended poll unsuccessful point #114 [ h=0 f=0.78579053878799998145 ]
						} 

					} end of evaluations


				} 


				extended poll center: (   520     0 )

				perform extended poll descent ...... no

				extended poll point eval {

					extended poll point = (   502     0 )

					list of points evaluation (extended poll) {

						evaluation 1/1 {

							point #300 ( 502  0 )
							mesh index : 1

							cache hit: #300 --> #110
							extended poll unsuccessful point #110 [ h=0 f=0.81803345680299999199 ]
						} 

					} end of evaluations


				} 


				extended poll center: (   502     0 )

				perform extended poll descent ...... no

				extended poll point eval {

					extended poll point = ( 55032     0 )

					list of points evaluation (extended poll) {

						evaluation 1/1 {

							point #301 ( 55032  0 )
							mesh index : 1

							cache hit: #301 --> #113
							extended poll unsuccessful point #113 [ h=0 f=0.82151491641999996318 ]
						} 

					} end of evaluations


				} 


				extended poll center: ( 55032     0 )

				perform extended poll descent ...... no

			} end of extended poll

		} end of poll

		Mesh update {
			previous mesh index: 1
			new mesh index     : 2
		} 


		terminate MADS       : no
		iteration status     : unsuccessful
		new feas. incumbent  : none
		new infeas. incumbent: none

	} end of iteration 11

	MADS iteration 12 {

		blackbox evaluations : 66
		best feas. solution  : ( 522  0 ) h=0 f=0.068643426895100001506
		best infeas. solution: none
		poll center          : ( 522  0 )
		mesh size            : ( 0.0625 0.0625 )
		poll size            : ( 0.25 0.25 )
		mesh index           : 2
		h_max                : inf

		MADS search {
		} end of search

		MADS poll {

			poll center: ( 522  0 )

			poll directions (include mesh size parameter) {
				dir 0 : (  0 -1 ) Ortho-MADS 2n
				dir 1 : (  0  1 ) Ortho-MADS 2n
			} 

			re-ordered list of 2 poll trial points {
				#308 : ( 522 -1 ) (dir 0)
				#309 : ( 522  1 ) (dir 1)
			} 

			list of points evaluation (poll) {

				evaluation 1/2 {

					point #308 ( 522 -1 )
					direction  : (  0 -1 ) Ortho-MADS 2n
					mesh index : 2

					cache hit: #308 --> #221
					poll unsuccessful point #221: evaluation failed
				} 

				evaluation 2/2 {

					point #309 ( 522  1 )
					direction  : (  0  1 ) Ortho-MADS 2n
					mesh index : 2

					cache hit: #309 --> #222
					poll unsuccessful point #222: evaluation failed
				} 

			} end of evaluations


			MADS extended poll {


				extended poll pts sorting {


					list of points evaluation (extended poll) {

						evaluation 1/11 {

							point #310 ( 422  0 )
							mesh index : 2

							cache hit: #310 --> #107
							extended poll unsuccessful point #107 [ h=0 f=0.074518799781799996418 ]
						} 

						evaluation 2/11 {

							point #311 (  2  0 )
							mesh index : 2

							cache hit: #311 --> #108
							extended poll unsuccessful point #108 [ h=0 f=0.071433591842699997732 ]
						} 

						evaluation 3/11 {

							point #312 (  2  0 )
							mesh index : 2

							cache hit: #312 --> #108
							extended poll unsuccessful point #108 [ h=0 f=0.071433591842699997732 ]
						} 

						evaluation 4/11 {

							point #313 ( 502  0 )
							mesh index : 2

							cache hit: #313 --> #110
							extended poll unsuccessful point #110 [ h=0 f=0.81803345680299999199 ]
						} 

						evaluation 5/11 {

							point #314 ( 532  0 )
							mesh index : 2

							cache hit: #314 --> #111
							extended poll unsuccessful point #111 [ h=0 f=0.17044210434000001131 ]
						} 

						evaluation 6/11 {

							point #315 ( 54032  0 )
							mesh index : 2

							cache hit: #315 --> #112
							extended poll unsuccessful point #112 [ h=0 f=0.29269442558300001744 ]
						} 

						evaluation 7/11 {

							point #316 ( 55032  0 )
							mesh index : 2

							cache hit: #316 --> #113
							extended poll unsuccessful point #113 [ h=0 f=0.82151491641999996318 ]
						} 

						evaluation 8/11 {

							point #317 ( 520  0 )
							mesh index : 2

							cache hit: #317 --> #114
							extended poll unsuccessful point #114 [ h=0 f=0.78579053878799998145 ]
						} 

						evaluation 9/11 {

							point #318 ( 523  0 )
							mesh index : 2

							cache hit: #318 --> #115
							extended poll unsuccessful point #115 [ h=0 f=0.16879866123199999128 ]
						} 

						evaluation 10/11 {

							point #319 ( 52403  0 )
							mesh index : 2

							cache hit: #319 --> #116
							extended poll unsuccessful point #116 [ h=0 f=0.32838449478199999154 ]
						} 

						evaluation 11/11 {

							point #320 ( 52503  0 )
							mesh index : 2

							cache hit: #320 --> #117
							extended poll unsuccessful point #117 [ h=0 f=0.34100739955900000178 ]
						} 

					} end of evaluations


					sorted ext poll pts {

						point # 1/10 : (     2     0 )
						point # 2/10 : (   422     0 )
						point # 3/10 : (   523     0 )
						point # 4/10 : (   532     0 )
						point # 5/10 : ( 54032     0 )
						point # 6/10 : ( 52403     0 )
						point # 7/10 : ( 52503     0 )
						point # 8/10 : (   520     0 )
						point # 9/10 : (   502     0 )
						point #10/10 : ( 55032     0 )

					} 


				} end of ext poll pts sorting


				extended poll point eval {

					extended poll point = (     2     0 )

					list of points evaluation (extended poll) {

						evaluation 1/1 {

							point #321 (  2  0 )
							mesh index : 2

							cache hit: #321 --> #108
							extended poll unsuccessful point #108 [ h=0 f=0.071433591842699997732 ]
						} 

					} end of evaluations


				} 


				extended poll center: (     2     0 )

				perform extended poll descent ...... yes

				extended poll descent {

					       iteration = 12
					 blackbox eval.  = 66
					      mesh index = 2
					ext. poll center = (     2     0 ) f=0.071433591842699997732 h=0


					MADS run {

						66+BBE	OBJ	(ext-poll)

						66+ 0	0.07143359184269999773	(ext-poll)

					} end of run (max mesh index)

					blackbox evaluations    : 0
					best feasible solution  : ( 2 0 ) h=0 f=0.071433591842699997732

				} end of extended poll descent (unsuccessful)


				extended poll point eval {

					extended poll point = (   422     0 )

					list of points evaluation (extended poll) {

						evaluation 1/1 {

							point #322 ( 422  0 )
							mesh index : 2

							cache hit: #322 --> #107
							extended poll unsuccessful point #107 [ h=0 f=0.074518799781799996418 ]
						} 

					} end of evaluations


				} 


				extended poll center: (   422     0 )

				perform extended poll descent ...... yes

				extended poll descent {

					       iteration = 12
					 blackbox eval.  = 66
					      mesh index = 2
					ext. poll center = (   422     0 ) f=0.074518799781799996418 h=0


					MADS run {

						66+BBE	OBJ	(ext-poll)

						66+ 0	0.07451879978179999642	(ext-poll)

					} end of run (max mesh index)

					blackbox evaluations    : 0
					best feasible solution  : ( 422 0 ) h=0 f=0.074518799781799996418

				} end of extended poll descent (unsuccessful)


				extended poll point eval {

					extended poll point = (   523     0 )

					list of points evaluation (extended poll) {

						evaluation 1/1 {

							point #323 ( 523  0 )
							mesh index : 2

							cache hit: #323 --> #115
							extended poll unsuccessful point #115 [ h=0 f=0.16879866123199999128 ]
						} 

					} end of evaluations


				} 


				extended poll center: (   523     0 )

				perform extended poll descent ...... no

				extended poll point eval {

					extended poll point = (   532     0 )

					list of points evaluation (extended poll) {

						evaluation 1/1 {

							point #324 ( 532  0 )
							mesh index : 2

							cache hit: #324 --> #111
							extended poll unsuccessful point #111 [ h=0 f=0.17044210434000001131 ]
						} 

					} end of evaluations


				} 


				extended poll center: (   532     0 )

				perform extended poll descent ...... no

				extended poll point eval {

					extended poll point = ( 54032     0 )

					list of points evaluation (extended poll) {

						evaluation 1/1 {

							point #325 ( 54032  0 )
							mesh index : 2

							cache hit: #325 --> #112
							extended poll unsuccessful point #112 [ h=0 f=0.29269442558300001744 ]
						} 

					} end of evaluations


				} 


				extended poll center: ( 54032     0 )

				perform extended poll descent ...... no

				extended poll point eval {

					extended poll point = ( 52403     0 )

					list of points evaluation (extended poll) {

						evaluation 1/1 {

							point #326 ( 52403  0 )
							mesh index : 2

							cache hit: #326 --> #116
							extended poll unsuccessful point #116 [ h=0 f=0.32838449478199999154 ]
						} 

					} end of evaluations


				} 


				extended poll center: ( 52403     0 )

				perform extended poll descent ...... no

				extended poll point eval {

					extended poll point = ( 52503     0 )

					list of points evaluation (extended poll) {

						evaluation 1/1 {

							point #327 ( 52503  0 )
							mesh index : 2

							cache hit: #327 --> #117
							extended poll unsuccessful point #117 [ h=0 f=0.34100739955900000178 ]
						} 

					} end of evaluations


				} 


				extended poll center: ( 52503     0 )

				perform extended poll descent ...... no

				extended poll point eval {

					extended poll point = (   520     0 )

					list of points evaluation (extended poll) {

						evaluation 1/1 {

							point #328 ( 520  0 )
							mesh index : 2

							cache hit: #328 --> #114
							extended poll unsuccessful point #114 [ h=0 f=0.78579053878799998145 ]
						} 

					} end of evaluations


				} 


				extended poll center: (   520     0 )

				perform extended poll descent ...... no

				extended poll point eval {

					extended poll point = (   502     0 )

					list of points evaluation (extended poll) {

						evaluation 1/1 {

							point #329 ( 502  0 )
							mesh index : 2

							cache hit: #329 --> #110
							extended poll unsuccessful point #110 [ h=0 f=0.81803345680299999199 ]
						} 

					} end of evaluations


				} 


				extended poll center: (   502     0 )

				perform extended poll descent ...... no

				extended poll point eval {

					extended poll point = ( 55032     0 )

					list of points evaluation (extended poll) {

						evaluation 1/1 {

							point #330 ( 55032  0 )
							mesh index : 2

							cache hit: #330 --> #113
							extended poll unsuccessful point #113 [ h=0 f=0.82151491641999996318 ]
						} 

					} end of evaluations


				} 


				extended poll center: ( 55032     0 )

				perform extended poll descent ...... no

			} end of extended poll

		} end of poll

		Mesh update {
			previous mesh index: 2
			new mesh index     : 3
		} 


		terminate MADS       : yes
		termination cause    : max mesh index
		iteration status     : unsuccessful
		new feas. incumbent  : none
		new infeas. incumbent: none

	} end of iteration 12

} end of run (max mesh index)

NOMAD final display {

	cache {
		number of cache points: 66
		size in memory        : 8.5 KB
		cache file            : -
	} 

	stats {
		MADS iterations                 : 13
		blackbox evaluations            : 66
		simulated blackbox evaluations  : 0
		evaluations                     : 266
		failed evaluations              : 34
		interrupted sequences of eval.  : 5
		cache hits                      : 200
		number of poll searches         : 13
		poll successes                  : 5
		poll points                     : 26
		number of extended polls        : 13
		number of ext. poll descents    : 16
		number of ext. poll successes   : 5
		number of ext. poll points      : 310
		number of ext. poll bb eval     : 47
		number of speculative searches  : 5
		speculative search successes    : 0
		speculative search points       : 0
		number of user searches         : 0
		number of LH searches           : 0
		number of cache searches        : 0
		number of VNS searches          : 0
		no model has been constructed
		wall-clock time                 : 11m 13s
	} 

	miscellaneous {
		mesh index      : min=-5, max=3, last=2
		best feas. sol  : ( 522 0 ) h=0 f=0.068643426895100001506
		best infeas. sol: none
	} 
} 
