
NOMAD - version 3.5.1 - www.gerad.ca/nomad

Copyright (C) 2001-2012 {
	Mark A. Abramson     - The Boeing Company
	Charles Audet        - Ecole Polytechnique de Montreal
	Gilles Couture       - Ecole Polytechnique de Montreal
	John E. Dennis, Jr.  - Rice University
	Sebastien Le Digabel - Ecole Polytechnique de Montreal
	Christophe Tribes    - Ecole Polytechnique de Montreal
} 

Funded in part by AFOSR and Exxon Mobil.

License   : '$NOMAD_HOME/src/lgpl.txt'
User guide: '$NOMAD_HOME/doc/user_guide.pdf'
Examples  : '$NOMAD_HOME/examples'
Tools     : '$NOMAD_HOME/tools'

Please report bugs to nomad@gerad.ca

parameters {

	problem directory    : ./
	dimension            : n=2
	blackbox input types : (   cat(C)   int(I) )
	extended poll trigger: 0.10000000000000000555 (relative)
	neighbors executable : $python neighbors.py
	variable groups {
		group #0 {
			indexes: { 0 }
			no directions (categorical variables)
		} 
		group #1 {
			indexes: { 1 }
			directions {
				n             : 1
				types         : { [Ortho-MADS 2n] }
				sec poll types: { }
				halton_seed   : 3
			} 
		} 
	} 
	blackbox outputs (m=1) {
		#0          OBJ	$python blackbox.py	$python surrogate.py
	} 
	signature                       : standard
	has surrogate                   : yes
	sort trial points with surrogate: yes
	surrogate cost                  : none
	add seed to output file names   : yes
	solution file                   : nomad-solution.21132.txt
	history file                    : none
	stats file                      : none
	cache file                      : none
	x0                              : ( 219391    0 )
	directions         : Ortho-MADS 2n
	user halton seed   : 3
	mesh {
		update basis       :   4
		coarsening exponent:   1
		refining exponent  :  -1
		initial mesh index :   0
		max mesh index     :   2
		initial mesh size  : (    1    1 )
		min poll size      : (  NaN    1 )
	} 
	snap to bounds                   : yes
	opportunistic evaluations        : yes
	use models                       : no
	speculative search               : yes
	VNS search                       : no
	Latin-Hypercube (LH) search      : no
	cache search                     : no
	random seed / run id             : 21132
	epsilon                          : 1.0000000000000000304e-13
	undefined string                 : NaN
	infinity string                  : inf
	display degrees {
		general  : full (3)
		search   : full (3)
		poll     : full (3)
		iterative: full (3)
	} 
	display stats                : EVAL BBE [ SOL, ] BBO TIME
	display all evaluations      : no
	point display limit          : no limit
	max number of blackbox eval. : 100
	max cache memory             : 2000 MB
} 

MADS run {

	starting point evaluation {

		x0 eval point: ( 219391  0 )

		list of points evaluation (x0 evaluation) {

			evaluation 1/1 {

				point #0 ( 219391  0 )


				x0 evaluation dominating point #0 {
					x    = ( 219391  0 )
					F(x) = [ 0.00016290903091399999247 ]
					h    = 0
					f    = 0.00016290903091399999247
				} 
			} 

		} end of evaluations


		terminate MADS       : no
		iteration status     : dominating
		new feas. incumbent  : #0 {
			x    = ( 219391  0 )
			F(x) = [ 0.00016290903091399999247 ]
			h    = 0
			f    = 0.00016290903091399999247
		} 
		new infeas. incumbent: none

	} end of starting point evaluation

	MADS iteration 0 {

		blackbox evaluations : 1
		best feas. solution  : ( 219391  0 ) h=0 f=0.00016290903091399999247
		best infeas. solution: none
		poll center          : ( 219391  0 )
		mesh size            : (  1  1 )
		poll size            : (  1  1 )
		mesh index           : 0
		h_max                : inf

		MADS search {
		} end of search

		MADS poll {

			poll center: ( 219391  0 )

			poll directions (include mesh size parameter) {
				dir 0 : (  0 -1 ) Ortho-MADS 2n
				dir 1 : (  0  1 ) Ortho-MADS 2n
			} 

			re-ordered list of 2 poll trial points {
				#1 : ( 219391 -1 ) (dir 0)
				#2 : ( 219391  1 ) (dir 1)
			} 

			list of points evaluation (poll) {

				surrogate evaluation 1/2 {

					point #1 ( 219391 -1 )
					direction  : (  0 -1 ) Ortho-MADS 2n
					mesh index : 0


					point #1 sgte eval: failed
				} 

				surrogate evaluation 2/2 {

					point #2 ( 219391  1 )
					direction  : (  0  1 ) Ortho-MADS 2n
					mesh index : 0


					point #2 sgte eval: failed
				} 

			} end of evaluations

			re-ordered list of 2 poll trial points {

				#3: ( 219391 -1 ) (dir 0)
				#4: ( 219391  1 ) (dir 1)
			} 

			list of points evaluation (poll) {

				evaluation 1/2 {

					point #3 ( 219391 -1 )
					direction  : (  0 -1 ) Ortho-MADS 2n
					mesh index : 0

					poll unsuccessful point #3: evaluation failed
				} 

				evaluation 2/2 {

					point #4 ( 219391  1 )
					direction  : (  0  1 ) Ortho-MADS 2n
					mesh index : 0

					poll unsuccessful point #4: evaluation failed
				} 

			} end of evaluations


			MADS extended poll {


				extended poll pts sorting (on surrogates) {


					list of points evaluation (extended poll) {

						surrogate evaluation 1/23 {

							point #5 ( 266047  0 )
							mesh index : 0


							point #5 sgte eval: h=0 f=0.0018872022628800000366
						} 

						surrogate evaluation 2/23 {

							point #6 ( 227167  0 )
							mesh index : 0


							point #6 sgte eval: h=0 f=0.0016109943389900000573
						} 

						surrogate evaluation 3/23 {

							point #7 ( 5551  0 )
							mesh index : 0


							point #7 sgte eval: h=0 f=0.001672291755679999924
						} 

						surrogate evaluation 4/23 {

							point #8 ( 5551  0 )
							mesh index : 0

							surrogate cache hit: #8 --> #7

							point #7 sgte eval: h=0 f=0.001672291755679999924
						} 

						surrogate evaluation 5/23 {

							point #9 ( 220687  0 )
							mesh index : 0


							point #9 sgte eval: h=0 f=0.0014972925186199999206
						} 

						surrogate evaluation 6/23 {

							point #10 ( 221983  0 )
							mesh index : 0


							point #10 sgte eval: h=0 f=0.0016617059707600000291
						} 

						surrogate evaluation 7/23 {

							point #11 ( 8044639  0 )
							mesh index : 0


							point #11 sgte eval: h=0 f=0.0016366958618199999899
						} 

						surrogate evaluation 8/23 {

							point #12 ( 8091295  0 )
							mesh index : 0


							point #12 sgte eval: h=0 f=0.0016700029373199999031
						} 

						surrogate evaluation 9/23 {

							point #13 ( 219607  0 )
							mesh index : 0


							point #13 sgte eval: h=0 f=0.0014742136001600000816
						} 

						surrogate evaluation 10/23 {

							point #14 ( 219823  0 )
							mesh index : 0


							point #14 sgte eval: h=0 f=0.001660203933720000042
						} 

						surrogate evaluation 11/23 {

							point #15 ( 7919359  0 )
							mesh index : 0


							point #15 sgte eval: h=0 f=0.0015909910202000000258
						} 

						surrogate evaluation 12/23 {

							point #16 ( 7927135  0 )
							mesh index : 0


							point #16 sgte eval: h=0 f=0.0018289804458599999773
						} 

						surrogate evaluation 13/23 {

							point #17 ( 219427  0 )
							mesh index : 0


							point #17 sgte eval: h=0 f=0.0016469955444300000535
						} 

						surrogate evaluation 14/23 {

							point #18 ( 6091  0 )
							mesh index : 0


							point #18 sgte eval: h=0 f=0.0016391038894700000854
						} 

						surrogate evaluation 15/23 {

							point #19 ( 6091  0 )
							mesh index : 0

							surrogate cache hit: #19 --> #18

							point #18 sgte eval: h=0 f=0.0016391038894700000854
						} 

						surrogate evaluation 16/23 {

							point #20 ( 219397  0 )
							mesh index : 0


							point #20 sgte eval: h=0 f=0.0014933824539200000244
						} 

						surrogate evaluation 17/23 {

							point #21 ( 219403  0 )
							mesh index : 0


							point #21 sgte eval: h=0 f=0.0016659021377599999431
						} 

						surrogate evaluation 18/23 {

							point #22 ( 7898779  0 )
							mesh index : 0


							point #22 sgte eval: h=0 f=0.0015857934951799999238
						} 

						surrogate evaluation 19/23 {

							point #23 ( 7898995  0 )
							mesh index : 0


							point #23 sgte eval: h=0 f=0.0016944169998200000332
						} 

						surrogate evaluation 20/23 {

							point #24 ( 219392  0 )
							mesh index : 0


							point #24 sgte eval: h=0 f=0.0014562845230100000728
						} 

						surrogate evaluation 21/23 {

							point #25 ( 219393  0 )
							mesh index : 0


							point #25 sgte eval: h=0 f=0.0016561031341600000819
						} 

						surrogate evaluation 22/23 {

							point #26 ( 7898199  0 )
							mesh index : 0


							point #26 sgte eval: h=0 f=0.0016268014907799999581
						} 

						surrogate evaluation 23/23 {

							point #27 ( 7898235  0 )
							mesh index : 0


							point #27 sgte eval: h=0 f=0.0016096115112299998976
						} 

					} end of evaluations


					sorted ext poll pts {

						point # 1/21 : ( 219392     0 )
						point # 2/21 : ( 219607     0 )
						point # 3/21 : ( 219397     0 )
						point # 4/21 : ( 220687     0 )
						point # 5/21 : ( 7898779     0 )
						point # 6/21 : ( 7919359     0 )
						point # 7/21 : ( 7898235     0 )
						point # 8/21 : ( 227167     0 )
						point # 9/21 : ( 7898199     0 )
						point #10/21 : ( 8044639     0 )
						point #11/21 : (  6091     0 )
						point #12/21 : ( 219427     0 )
						point #13/21 : ( 219393     0 )
						point #14/21 : ( 219823     0 )
						point #15/21 : ( 221983     0 )
						point #16/21 : ( 219403     0 )
						point #17/21 : ( 8091295     0 )
						point #18/21 : (  5551     0 )
						point #19/21 : ( 7898995     0 )
						point #20/21 : ( 7927135     0 )
						point #21/21 : ( 266047     0 )

					} 


				} end of ext poll pts sorting (on surrogates)


				extended poll point eval {

					extended poll point = ( 219392     0 )

					list of points evaluation (extended poll) {

						evaluation 1/1 {

							point #28 ( 219392  0 )
							mesh index : 0


							extended poll dominating point #28 {
								x    = ( 219392  0 )
								F(x) = [ 0.00014595985412599999211 ]
								h    = 0
								f    = 0.00014595985412599999211
							} 
						} 

					} end of evaluations


				} 


			} end of extended poll

		} end of poll

		Mesh update {
			previous mesh index: 0
			new mesh index     : -1
		} 


		terminate MADS       : no
		iteration status     : dominating
		new feas. incumbent  : #28 {
			x    = ( 219392  0 )
			F(x) = [ 0.00014595985412599999211 ]
			h    = 0
			f    = 0.00014595985412599999211
		} 
		new infeas. incumbent: none

	} end of iteration 0

	MADS iteration 1 {

		blackbox evaluations : 4
		best feas. solution  : ( 219392  0 ) h=0 f=0.00014595985412599999211
		best infeas. solution: none
		poll center          : ( 219392  0 )
		mesh size            : (  1  1 )
		poll size            : (  2  2 )
		mesh index           : -1
		h_max                : inf

		MADS search {

			speculative search {

			} end of speculative search (unsuccessful)

		} end of search

		MADS poll {

			poll center: ( 219392  0 )

			poll directions (include mesh size parameter) {
				dir 0 : (  0 -1 ) Ortho-MADS 2n
				dir 1 : (  0  1 ) Ortho-MADS 2n
			} 

			re-ordered list of 2 poll trial points {
				#49 : ( 219392 -1 ) (dir 0)
				#50 : ( 219392  1 ) (dir 1)
			} 

			list of points evaluation (poll) {

				surrogate evaluation 1/2 {

					point #49 ( 219392 -1 )
					direction  : (  0 -1 ) Ortho-MADS 2n
					mesh index : -1


					point #49 sgte eval: failed
				} 

				surrogate evaluation 2/2 {

					point #50 ( 219392  1 )
					direction  : (  0  1 ) Ortho-MADS 2n
					mesh index : -1


					point #50 sgte eval: failed
				} 

			} end of evaluations

			re-ordered list of 2 poll trial points {

				#51: ( 219392 -1 ) (dir 0)
				#52: ( 219392  1 ) (dir 1)
			} 

			list of points evaluation (poll) {

				evaluation 1/2 {

					point #51 ( 219392 -1 )
					direction  : (  0 -1 ) Ortho-MADS 2n
					mesh index : -1

					poll unsuccessful point #51: evaluation failed
				} 

				evaluation 2/2 {

					point #52 ( 219392  1 )
					direction  : (  0  1 ) Ortho-MADS 2n
					mesh index : -1

					poll unsuccessful point #52: evaluation failed
				} 

			} end of evaluations


			MADS extended poll {


				extended poll pts sorting (on surrogates) {


					list of points evaluation (extended poll) {

						surrogate evaluation 1/23 {

							point #53 ( 266048  0 )
							mesh index : -1


							point #53 sgte eval: h=0 f=0.0014374971389800000714
						} 

						surrogate evaluation 2/23 {

							point #54 ( 227168  0 )
							mesh index : -1


							point #54 sgte eval: h=0 f=0.0016863107681300000366
						} 

						surrogate evaluation 3/23 {

							point #55 ( 5552  0 )
							mesh index : -1


							point #55 sgte eval: h=0 f=0.0014560937881500000089
						} 

						surrogate evaluation 4/23 {

							point #56 ( 5552  0 )
							mesh index : -1

							surrogate cache hit: #56 --> #55

							point #55 sgte eval: h=0 f=0.0014560937881500000089
						} 

						surrogate evaluation 5/23 {

							point #57 ( 220688  0 )
							mesh index : -1


							point #57 sgte eval: h=0 f=0.0012920856475799999321
						} 

						surrogate evaluation 6/23 {

							point #58 ( 221984  0 )
							mesh index : -1


							point #58 sgte eval: h=0 f=0.0014887094497700000591
						} 

						surrogate evaluation 7/23 {

							point #59 ( 8044640  0 )
							mesh index : -1


							point #59 sgte eval: h=0 f=0.001419806480409999995
						} 

						surrogate evaluation 8/23 {

							point #60 ( 8091296  0 )
							mesh index : -1


							point #60 sgte eval: h=0 f=0.001677489280700000026
						} 

						surrogate evaluation 9/23 {

							point #61 ( 219608  0 )
							mesh index : -1


							point #61 sgte eval: h=0 f=0.0012999057769799999412
						} 

						surrogate evaluation 10/23 {

							point #62 ( 219824  0 )
							mesh index : -1


							point #62 sgte eval: h=0 f=0.0014979124069199999808
						} 

						surrogate evaluation 11/23 {

							point #63 ( 7919360  0 )
							mesh index : -1


							point #63 sgte eval: h=0 f=0.0014503002166699999372
						} 

						surrogate evaluation 12/23 {

							point #64 ( 7927136  0 )
							mesh index : -1


							point #64 sgte eval: h=0 f=0.0014144897460900000049
						} 

						surrogate evaluation 13/23 {

							point #65 ( 219428  0 )
							mesh index : -1


							point #65 sgte eval: h=0 f=0.0018209934234600000554
						} 

						surrogate evaluation 14/23 {

							point #66 ( 6091  0 )
							mesh index : -1

							surrogate cache hit: #66 --> #18

							point #18 sgte eval: h=0 f=0.0016391038894700000854
						} 

						surrogate evaluation 15/23 {

							point #67 ( 6092  0 )
							mesh index : -1


							point #67 sgte eval: h=0 f=0.001436209678650000052
						} 

						surrogate evaluation 16/23 {

							point #68 ( 219398  0 )
							mesh index : -1


							point #68 sgte eval: h=0 f=0.0012845993042000000261
						} 

						surrogate evaluation 17/23 {

							point #69 ( 219404  0 )
							mesh index : -1


							point #69 sgte eval: h=0 f=0.0014889955520600000466
						} 

						surrogate evaluation 18/23 {

							point #70 ( 7898780  0 )
							mesh index : -1


							point #70 sgte eval: h=0 f=0.0014436006546000000345
						} 

						surrogate evaluation 19/23 {

							point #71 ( 7898996  0 )
							mesh index : -1


							point #71 sgte eval: h=0 f=0.0016224861144999999998
						} 

						surrogate evaluation 20/23 {

							point #72 ( 219391  0 )
							mesh index : -1


							point #72 sgte eval: h=0 f=0.0016387939453099999165
						} 

						surrogate evaluation 21/23 {

							point #73 ( 219393  0 )
							mesh index : -1

							surrogate cache hit: #73 --> #25

							point #25 sgte eval: h=0 f=0.0016561031341600000819
						} 

						surrogate evaluation 22/23 {

							point #74 ( 7898193  0 )
							mesh index : -1


							point #74 sgte eval: h=0 f=0.0016657114028900000657
						} 

						surrogate evaluation 23/23 {

							point #75 ( 7898229  0 )
							mesh index : -1


							point #75 sgte eval: h=0 f=0.0016595125198399999621
						} 

					} end of evaluations


					sorted ext poll pts {

						point # 1/22 : ( 219398     0 )
						point # 2/22 : ( 220688     0 )
						point # 3/22 : ( 219608     0 )
						point # 4/22 : ( 7927136     0 )
						point # 5/22 : ( 8044640     0 )
						point # 6/22 : (  6092     0 )
						point # 7/22 : ( 266048     0 )
						point # 8/22 : ( 7898780     0 )
						point # 9/22 : ( 7919360     0 )
						point #10/22 : (  5552     0 )
						point #11/22 : ( 221984     0 )
						point #12/22 : ( 219404     0 )
						point #13/22 : ( 219824     0 )
						point #14/22 : ( 7898996     0 )
						point #15/22 : ( 219391     0 )
						point #16/22 : (  6091     0 )
						point #17/22 : ( 219393     0 )
						point #18/22 : ( 7898229     0 )
						point #19/22 : ( 7898193     0 )
						point #20/22 : ( 8091296     0 )
						point #21/22 : ( 227168     0 )
						point #22/22 : ( 219428     0 )

					} 


				} end of ext poll pts sorting (on surrogates)


				extended poll point eval {

					extended poll point = ( 219398     0 )

					list of points evaluation (extended poll) {

						evaluation 1/1 {

							point #76 ( 219398  0 )
							mesh index : -1


							extended poll dominating point #76 {
								x    = ( 219398  0 )
								F(x) = [ 0.00013236045837400001114 ]
								h    = 0
								f    = 0.00013236045837400001114
							} 
						} 

					} end of evaluations


				} 


			} end of extended poll

		} end of poll

		Mesh update {
			previous mesh index: -1
			new mesh index     : -2
		} 


		terminate MADS       : no
		iteration status     : dominating
		new feas. incumbent  : #76 {
			x    = ( 219398  0 )
			F(x) = [ 0.00013236045837400001114 ]
			h    = 0
			f    = 0.00013236045837400001114
		} 
		new infeas. incumbent: none

	} end of iteration 1

	MADS iteration 2 {

		blackbox evaluations : 7
		best feas. solution  : ( 219398  0 ) h=0 f=0.00013236045837400001114
		best infeas. solution: none
		poll center          : ( 219398  0 )
		mesh size            : (  1  1 )
		poll size            : (  4  4 )
		mesh index           : -2
		h_max                : inf

		MADS search {

			speculative search {

			} end of speculative search (unsuccessful)

		} end of search

		MADS poll {

			poll center: ( 219398  0 )

			poll directions (include mesh size parameter) {
				dir 0 : (  0 -4 ) Ortho-MADS 2n
				dir 1 : (  0  4 ) Ortho-MADS 2n
			} 

			re-ordered list of 2 poll trial points {
				# 98 : ( 219398 -4 ) (dir 0)
				# 99 : ( 219398  4 ) (dir 1)
			} 

			list of points evaluation (poll) {

				surrogate evaluation 1/2 {

					point #98 ( 219398 -4 )
					direction  : (  0 -4 ) Ortho-MADS 2n
					mesh index : -2


					point #98 sgte eval: failed
				} 

				surrogate evaluation 2/2 {

					point #99 ( 219398  4 )
					direction  : (  0  4 ) Ortho-MADS 2n
					mesh index : -2


					point #99 sgte eval: failed
				} 

			} end of evaluations

			re-ordered list of 2 poll trial points {

				#100: ( 219398 -4 ) (dir 0)
				#101: ( 219398  4 ) (dir 1)
			} 

			list of points evaluation (poll) {

				evaluation 1/2 {

					point #100 ( 219398 -4 )
					direction  : (  0 -4 ) Ortho-MADS 2n
					mesh index : -2

					poll unsuccessful point #100: evaluation failed
				} 

				evaluation 2/2 {

					point #101 ( 219398  4 )
					direction  : (  0  4 ) Ortho-MADS 2n
					mesh index : -2

					poll unsuccessful point #101: evaluation failed
				} 

			} end of evaluations


			MADS extended poll {


				extended poll pts sorting (on surrogates) {


					list of points evaluation (extended poll) {

						surrogate evaluation 1/23 {

							point #102 ( 266054  0 )
							mesh index : -2


							point #102 sgte eval: h=0 f=0.0011332035064699999983
						} 

						surrogate evaluation 2/23 {

							point #103 ( 227174  0 )
							mesh index : -2


							point #103 sgte eval: h=0 f=0.0012830972671500000086
						} 

						surrogate evaluation 3/23 {

							point #104 ( 5558  0 )
							mesh index : -2


							point #104 sgte eval: h=0 f=0.0012828111648600000212
						} 

						surrogate evaluation 4/23 {

							point #105 ( 5558  0 )
							mesh index : -2

							surrogate cache hit: #105 --> #104

							point #104 sgte eval: h=0 f=0.0012828111648600000212
						} 

						surrogate evaluation 5/23 {

							point #106 ( 220694  0 )
							mesh index : -2


							point #106 sgte eval: h=0 f=0.0011120796203600001074
						} 

						surrogate evaluation 6/23 {

							point #107 ( 221990  0 )
							mesh index : -2


							point #107 sgte eval: h=0 f=0.0013475894927999999742
						} 

						surrogate evaluation 7/23 {

							point #108 ( 8044646  0 )
							mesh index : -2


							point #108 sgte eval: h=0 f=0.0012758016586299999497
						} 

						surrogate evaluation 8/23 {

							point #109 ( 8091302  0 )
							mesh index : -2


							point #109 sgte eval: h=0 f=0.0013124942779500000257
						} 

						surrogate evaluation 9/23 {

							point #110 ( 219614  0 )
							mesh index : -2


							point #110 sgte eval: h=0 f=0.0011239051818799999059
						} 

						surrogate evaluation 10/23 {

							point #111 ( 219830  0 )
							mesh index : -2


							point #111 sgte eval: h=0 f=0.0015295982360800000188
						} 

						surrogate evaluation 11/23 {

							point #112 ( 7919366  0 )
							mesh index : -2


							point #112 sgte eval: h=0 f=0.0012528896331800000539
						} 

						surrogate evaluation 12/23 {

							point #113 ( 7927142  0 )
							mesh index : -2


							point #113 sgte eval: h=0 f=0.0012440919876099999775
						} 

						surrogate evaluation 13/23 {

							point #114 ( 219434  0 )
							mesh index : -2


							point #114 sgte eval: h=0 f=0.0012526035308800000361
						} 

						surrogate evaluation 14/23 {

							point #115 ( 6092  0 )
							mesh index : -2

							surrogate cache hit: #115 --> #67

							point #67 sgte eval: h=0 f=0.001436209678650000052
						} 

						surrogate evaluation 15/23 {

							point #116 ( 6092  0 )
							mesh index : -2

							surrogate cache hit: #116 --> #67

							point #67 sgte eval: h=0 f=0.001436209678650000052
						} 

						surrogate evaluation 16/23 {

							point #117 ( 219392  0 )
							mesh index : -2

							surrogate cache hit: #117 --> #24

							point #24 sgte eval: h=0 f=0.0014562845230100000728
						} 

						surrogate evaluation 17/23 {

							point #118 ( 219404  0 )
							mesh index : -2

							surrogate cache hit: #118 --> #69

							point #69 sgte eval: h=0 f=0.0014889955520600000466
						} 

						surrogate evaluation 18/23 {

							point #119 ( 7898744  0 )
							mesh index : -2


							point #119 sgte eval: h=0 f=0.0016461133956899999097
						} 

						surrogate evaluation 19/23 {

							point #120 ( 7898960  0 )
							mesh index : -2


							point #120 sgte eval: h=0 f=0.0014862060546900000401
						} 

						surrogate evaluation 20/23 {

							point #121 ( 219397  0 )
							mesh index : -2

							surrogate cache hit: #121 --> #20

							point #20 sgte eval: h=0 f=0.0014933824539200000244
						} 

						surrogate evaluation 21/23 {

							point #122 ( 219399  0 )
							mesh index : -2


							point #122 sgte eval: h=0 f=0.0015019893646200000066
						} 

						surrogate evaluation 22/23 {

							point #123 ( 7898409  0 )
							mesh index : -2


							point #123 sgte eval: h=0 f=0.0015064954757700000591
						} 

						surrogate evaluation 23/23 {

							point #124 ( 7898445  0 )
							mesh index : -2


							point #124 sgte eval: h=0 f=0.0014915943145800000195
						} 

					} end of evaluations


					sorted ext poll pts {

						point # 1/21 : ( 220694     0 )
						point # 2/21 : ( 219614     0 )
						point # 3/21 : ( 266054     0 )
						point # 4/21 : ( 7927142     0 )
						point # 5/21 : ( 219434     0 )
						point # 6/21 : ( 7919366     0 )
						point # 7/21 : ( 8044646     0 )
						point # 8/21 : (  5558     0 )
						point # 9/21 : ( 227174     0 )
						point #10/21 : ( 8091302     0 )
						point #11/21 : ( 221990     0 )
						point #12/21 : (  6092     0 )
						point #13/21 : ( 219392     0 )
						point #14/21 : ( 7898960     0 )
						point #15/21 : ( 219404     0 )
						point #16/21 : ( 7898445     0 )
						point #17/21 : ( 219397     0 )
						point #18/21 : ( 219399     0 )
						point #19/21 : ( 7898409     0 )
						point #20/21 : ( 219830     0 )
						point #21/21 : ( 7898744     0 )

					} 


				} end of ext poll pts sorting (on surrogates)


				extended poll point eval {

					extended poll point = ( 220694     0 )

					list of points evaluation (extended poll) {

						evaluation 1/1 {

							point #125 ( 220694  0 )
							mesh index : -2


							extended poll dominating point #125 {
								x    = ( 220694  0 )
								F(x) = [ 0.00011070013046300000259 ]
								h    = 0
								f    = 0.00011070013046300000259
							} 
						} 

					} end of evaluations


				} 


			} end of extended poll

		} end of poll

		Mesh update {
			previous mesh index: -2
			new mesh index     : -3
		} 


		terminate MADS       : no
		iteration status     : dominating
		new feas. incumbent  : #125 {
			x    = ( 220694  0 )
			F(x) = [ 0.00011070013046300000259 ]
			h    = 0
			f    = 0.00011070013046300000259
		} 
		new infeas. incumbent: none

	} end of iteration 2

	MADS iteration 3 {

		blackbox evaluations : 10
		best feas. solution  : ( 220694  0 ) h=0 f=0.00011070013046300000259
		best infeas. solution: none
		poll center          : ( 220694  0 )
		mesh size            : (  1  1 )
		poll size            : (  8  8 )
		mesh index           : -3
		h_max                : inf

		MADS search {

			speculative search {

			} end of speculative search (unsuccessful)

		} end of search

		MADS poll {

			poll center: ( 220694  0 )

			poll directions (include mesh size parameter) {
				dir 0 : (  0 -4 ) Ortho-MADS 2n
				dir 1 : (  0  4 ) Ortho-MADS 2n
			} 

			re-ordered list of 2 poll trial points {
				#146 : ( 220694 -4 ) (dir 0)
				#147 : ( 220694  4 ) (dir 1)
			} 

			list of points evaluation (poll) {

				surrogate evaluation 1/2 {

					point #146 ( 220694 -4 )
					direction  : (  0 -4 ) Ortho-MADS 2n
					mesh index : -3


					point #146 sgte eval: failed
				} 

				surrogate evaluation 2/2 {

					point #147 ( 220694  4 )
					direction  : (  0  4 ) Ortho-MADS 2n
					mesh index : -3


					point #147 sgte eval: failed
				} 

			} end of evaluations

			re-ordered list of 2 poll trial points {

				#148: ( 220694 -4 ) (dir 0)
				#149: ( 220694  4 ) (dir 1)
			} 

			list of points evaluation (poll) {

				evaluation 1/2 {

					point #148 ( 220694 -4 )
					direction  : (  0 -4 ) Ortho-MADS 2n
					mesh index : -3

					poll unsuccessful point #148: evaluation failed
				} 

				evaluation 2/2 {

					point #149 ( 220694  4 )
					direction  : (  0  4 ) Ortho-MADS 2n
					mesh index : -3

					poll unsuccessful point #149: evaluation failed
				} 

			} end of evaluations


			MADS extended poll {


				extended poll pts sorting (on surrogates) {


					list of points evaluation (extended poll) {

						surrogate evaluation 1/23 {

							point #150 ( 267350  0 )
							mesh index : -3


							point #150 sgte eval: h=0 f=0.0012105941772500000003
						} 

						surrogate evaluation 2/23 {

							point #151 ( 228470  0 )
							mesh index : -3


							point #151 sgte eval: h=0 f=0.0012634992599500000695
						} 

						surrogate evaluation 3/23 {

							point #152 ( 5774  0 )
							mesh index : -3


							point #152 sgte eval: h=0 f=0.00089371204376199994864
						} 

						surrogate evaluation 4/23 {

							point #153 ( 5558  0 )
							mesh index : -3

							surrogate cache hit: #153 --> #104

							point #104 sgte eval: h=0 f=0.0012828111648600000212
						} 

						surrogate evaluation 5/23 {

							point #154 ( 219398  0 )
							mesh index : -3

							surrogate cache hit: #154 --> #68

							point #68 sgte eval: h=0 f=0.0012845993042000000261
						} 

						surrogate evaluation 6/23 {

							point #155 ( 221990  0 )
							mesh index : -3

							surrogate cache hit: #155 --> #107

							point #107 sgte eval: h=0 f=0.0013475894927999999742
						} 

						surrogate evaluation 7/23 {

							point #156 ( 8036870  0 )
							mesh index : -3


							point #156 sgte eval: h=0 f=0.0013379096984899999708
						} 

						surrogate evaluation 8/23 {

							point #157 ( 8083526  0 )
							mesh index : -3


							point #157 sgte eval: h=0 f=0.0013302087783800000363
						} 

						surrogate evaluation 9/23 {

							point #158 ( 220910  0 )
							mesh index : -3


							point #158 sgte eval: h=0 f=0.00093631744384800000714
						} 

						surrogate evaluation 10/23 {

							point #159 ( 221126  0 )
							mesh index : -3


							point #159 sgte eval: h=0 f=0.0011363983154300000972
						} 

						surrogate evaluation 11/23 {

							point #160 ( 7966022  0 )
							mesh index : -3


							point #160 sgte eval: h=0 f=0.0010777950286899999101
						} 

						surrogate evaluation 12/23 {

							point #161 ( 7973798  0 )
							mesh index : -3


							point #161 sgte eval: h=0 f=0.0011481046676600000379
						} 

						surrogate evaluation 13/23 {

							point #162 ( 220730  0 )
							mesh index : -3


							point #162 sgte eval: h=0 f=0.0010743856430100000299
						} 

						surrogate evaluation 14/23 {

							point #163 ( 6128  0 )
							mesh index : -3


							point #163 sgte eval: h=0 f=0.0010689973831200000505
						} 

						surrogate evaluation 15/23 {

							point #164 ( 6128  0 )
							mesh index : -3

							surrogate cache hit: #164 --> #163

							point #163 sgte eval: h=0 f=0.0010689973831200000505
						} 

						surrogate evaluation 16/23 {

							point #165 ( 220688  0 )
							mesh index : -3

							surrogate cache hit: #165 --> #57

							point #57 sgte eval: h=0 f=0.0012920856475799999321
						} 

						surrogate evaluation 17/23 {

							point #166 ( 220700  0 )
							mesh index : -3


							point #166 sgte eval: h=0 f=0.0013092041015600000033
						} 

						surrogate evaluation 18/23 {

							point #167 ( 7945400  0 )
							mesh index : -3


							point #167 sgte eval: h=0 f=0.0013431072235100000728
						} 

						surrogate evaluation 19/23 {

							point #168 ( 7945616  0 )
							mesh index : -3


							point #168 sgte eval: h=0 f=0.0013508081436200000073
						} 

						surrogate evaluation 20/23 {

							point #169 ( 220693  0 )
							mesh index : -3


							point #169 sgte eval: h=0 f=0.0012845993042000000261
						} 

						surrogate evaluation 21/23 {

							point #170 ( 220695  0 )
							mesh index : -3


							point #170 sgte eval: h=0 f=0.0013236045837400000572
						} 

						surrogate evaluation 22/23 {

							point #171 ( 7945065  0 )
							mesh index : -3


							point #171 sgte eval: h=0 f=0.0013324022293099999168
						} 

						surrogate evaluation 23/23 {

							point #172 ( 7945101  0 )
							mesh index : -3


							point #172 sgte eval: h=0 f=0.0013229131698599999774
						} 

					} end of evaluations


					sorted ext poll pts {

						point # 1/22 : (  5774     0 )
						point # 2/22 : ( 220910     0 )
						point # 3/22 : (  6128     0 )
						point # 4/22 : ( 220730     0 )
						point # 5/22 : ( 7966022     0 )
						point # 6/22 : ( 221126     0 )
						point # 7/22 : ( 7973798     0 )
						point # 8/22 : ( 267350     0 )
						point # 9/22 : ( 228470     0 )
						point #10/22 : (  5558     0 )
						point #11/22 : ( 219398     0 )
						point #12/22 : ( 220693     0 )
						point #13/22 : ( 220688     0 )
						point #14/22 : ( 220700     0 )
						point #15/22 : ( 7945101     0 )
						point #16/22 : ( 220695     0 )
						point #17/22 : ( 8083526     0 )
						point #18/22 : ( 7945065     0 )
						point #19/22 : ( 8036870     0 )
						point #20/22 : ( 7945400     0 )
						point #21/22 : ( 221990     0 )
						point #22/22 : ( 7945616     0 )

					} 


				} end of ext poll pts sorting (on surrogates)


				extended poll point eval {

					extended poll point = (  5774     0 )

					list of points evaluation (extended poll) {

						evaluation 1/1 {

							point #173 ( 5774  0 )
							mesh index : -3


							extended poll dominating point #173 {
								x    = ( 5774  0 )
								F(x) = [ 9.0160369873000002772e-05 ]
								h    = 0
								f    = 9.0160369873000002772e-05
							} 
						} 

					} end of evaluations


				} 


			} end of extended poll

		} end of poll

		Mesh update {
			previous mesh index: -3
			new mesh index     : -4
		} 


		terminate MADS       : no
		iteration status     : dominating
		new feas. incumbent  : #173 {
			x    = ( 5774  0 )
			F(x) = [ 9.0160369873000002772e-05 ]
			h    = 0
			f    = 9.0160369873000002772e-05
		} 
		new infeas. incumbent: none

	} end of iteration 3

	MADS iteration 4 {

		blackbox evaluations : 13
		best feas. solution  : ( 5774  0 ) h=0 f=9.0160369873000002772e-05
		best infeas. solution: none
		poll center          : ( 5774  0 )
		mesh size            : (  1  1 )
		poll size            : ( 16 16 )
		mesh index           : -4
		h_max                : inf

		MADS search {

			speculative search {

			} end of speculative search (unsuccessful)

		} end of search

		MADS poll {

			poll center: ( 5774  0 )

			poll directions (include mesh size parameter) {
				dir 0 : (  0 -16 ) Ortho-MADS 2n
				dir 1 : (  0 16 ) Ortho-MADS 2n
			} 

			re-ordered list of 2 poll trial points {
				#195 : ( 5774 -16 ) (dir 0)
				#196 : ( 5774 16 ) (dir 1)
			} 

			list of points evaluation (poll) {

				surrogate evaluation 1/2 {

					point #195 ( 5774 -16 )
					direction  : (  0 -16 ) Ortho-MADS 2n
					mesh index : -4


					point #195 sgte eval: failed
				} 

				surrogate evaluation 2/2 {

					point #196 ( 5774 16 )
					direction  : (  0 16 ) Ortho-MADS 2n
					mesh index : -4


					point #196 sgte eval: failed
				} 

			} end of evaluations

			re-ordered list of 2 poll trial points {

				#197: ( 5774 -16 ) (dir 0)
				#198: ( 5774 16 ) (dir 1)
			} 

			list of points evaluation (poll) {

				evaluation 1/2 {

					point #197 ( 5774 -16 )
					direction  : (  0 -16 ) Ortho-MADS 2n
					mesh index : -4

					poll unsuccessful point #197: evaluation failed
				} 

				evaluation 2/2 {

					point #198 ( 5774 16 )
					direction  : (  0 16 ) Ortho-MADS 2n
					mesh index : -4

					poll unsuccessful point #198: evaluation failed
				} 

			} end of evaluations


			MADS extended poll {


				extended poll pts sorting (on surrogates) {


					list of points evaluation (extended poll) {

						surrogate evaluation 1/16 {

							point #199 ( 7070  0 )
							mesh index : -4


							point #199 sgte eval: h=0 f=0.0010183095931999999826
						} 

						surrogate evaluation 2/16 {

							point #200 ( 5558  0 )
							mesh index : -4

							surrogate cache hit: #200 --> #104

							point #104 sgte eval: h=0 f=0.0012828111648600000212
						} 

						surrogate evaluation 3/16 {

							point #201 ( 5990  0 )
							mesh index : -4


							point #201 sgte eval: h=0 f=0.0016025066375699999026
						} 

						surrogate evaluation 4/16 {

							point #202 ( 219830  0 )
							mesh index : -4

							surrogate cache hit: #202 --> #111

							point #111 sgte eval: h=0 f=0.0015295982360800000188
						} 

						surrogate evaluation 5/16 {

							point #203 ( 227606  0 )
							mesh index : -4


							point #203 sgte eval: h=0 f=0.0013309001922599998993
						} 

						surrogate evaluation 6/16 {

							point #204 ( 5810  0 )
							mesh index : -4


							point #204 sgte eval: h=0 f=0.00087699890136699995471
						} 

						surrogate evaluation 7/16 {

							point #205 ( 158  0 )
							mesh index : -4


							point #205 sgte eval: h=0 f=0.00085999965667699995817
						} 

						surrogate evaluation 8/16 {

							point #206 ( 158  0 )
							mesh index : -4

							surrogate cache hit: #206 --> #205

							point #205 sgte eval: h=0 f=0.00085999965667699995817
						} 

						surrogate evaluation 9/16 {

							point #207 ( 5768  0 )
							mesh index : -4


							point #207 sgte eval: h=0 f=0.0010807991027799999147
						} 

						surrogate evaluation 10/16 {

							point #208 ( 5780  0 )
							mesh index : -4


							point #208 sgte eval: h=0 f=0.0011160850524899999271
						} 

						surrogate evaluation 11/16 {

							point #209 ( 208280  0 )
							mesh index : -4


							point #209 sgte eval: h=0 f=0.0011145114898699999204
						} 

						surrogate evaluation 12/16 {

							point #210 ( 208496  0 )
							mesh index : -4


							point #210 sgte eval: h=0 f=0.0011154174804699999984
						} 

						surrogate evaluation 13/16 {

							point #211 ( 5773  0 )
							mesh index : -4


							point #211 sgte eval: h=0 f=0.0010771036148100000471
						} 

						surrogate evaluation 14/16 {

							point #212 ( 5775  0 )
							mesh index : -4


							point #212 sgte eval: h=0 f=0.0012646913528399999181
						} 

						surrogate evaluation 15/16 {

							point #213 ( 207945  0 )
							mesh index : -4


							point #213 sgte eval: h=0 f=0.0011301040649400000398
						} 

						surrogate evaluation 16/16 {

							point #214 ( 207981  0 )
							mesh index : -4


							point #214 sgte eval: h=0 f=0.0011148929595900000482
						} 

					} end of evaluations


					sorted ext poll pts {

						point # 1/15 : (   158     0 )
						point # 2/15 : (  5810     0 )
						point # 3/15 : (  7070     0 )
						point # 4/15 : (  5773     0 )
						point # 5/15 : (  5768     0 )
						point # 6/15 : ( 208280     0 )
						point # 7/15 : ( 207981     0 )
						point # 8/15 : ( 208496     0 )
						point # 9/15 : (  5780     0 )
						point #10/15 : ( 207945     0 )
						point #11/15 : (  5775     0 )
						point #12/15 : (  5558     0 )
						point #13/15 : ( 227606     0 )
						point #14/15 : ( 219830     0 )
						point #15/15 : (  5990     0 )

					} 


				} end of ext poll pts sorting (on surrogates)


				extended poll point eval {

					extended poll point = (   158     0 )

					list of points evaluation (extended poll) {

						evaluation 1/1 {

							point #215 ( 158  0 )
							mesh index : -4


							extended poll dominating point #215 {
								x    = ( 158  0 )
								F(x) = [ 8.8660717010499999523e-05 ]
								h    = 0
								f    = 8.8660717010499999523e-05
							} 
						} 

					} end of evaluations


				} 


			} end of extended poll

		} end of poll

		Mesh update {
			previous mesh index: -4
			new mesh index     : -5
		} 


		terminate MADS       : no
		iteration status     : dominating
		new feas. incumbent  : #215 {
			x    = ( 158  0 )
			F(x) = [ 8.8660717010499999523e-05 ]
			h    = 0
			f    = 8.8660717010499999523e-05
		} 
		new infeas. incumbent: none

	} end of iteration 4

	MADS iteration 5 {

		blackbox evaluations : 16
		best feas. solution  : ( 158  0 ) h=0 f=8.8660717010499999523e-05
		best infeas. solution: none
		poll center          : ( 158  0 )
		mesh size            : (  1  1 )
		poll size            : ( 32 32 )
		mesh index           : -5
		h_max                : inf

		MADS search {

			speculative search {

			} end of speculative search (unsuccessful)

		} end of search

		MADS poll {

			poll center: ( 158  0 )

			poll directions (include mesh size parameter) {
				dir 0 : (  0 -25 ) Ortho-MADS 2n
				dir 1 : (  0 25 ) Ortho-MADS 2n
			} 

			re-ordered list of 2 poll trial points {
				#230 : ( 158 -25 ) (dir 0)
				#231 : ( 158 25 ) (dir 1)
			} 

			list of points evaluation (poll) {

				surrogate evaluation 1/2 {

					point #230 ( 158 -25 )
					direction  : (  0 -25 ) Ortho-MADS 2n
					mesh index : -5


					point #230 sgte eval: failed
				} 

				surrogate evaluation 2/2 {

					point #231 ( 158 25 )
					direction  : (  0 25 ) Ortho-MADS 2n
					mesh index : -5


					point #231 sgte eval: failed
				} 

			} end of evaluations

			re-ordered list of 2 poll trial points {

				#232: ( 158 -25 ) (dir 0)
				#233: ( 158 25 ) (dir 1)
			} 

			list of points evaluation (poll) {

				evaluation 1/2 {

					point #232 ( 158 -25 )
					direction  : (  0 -25 ) Ortho-MADS 2n
					mesh index : -5

					poll unsuccessful point #232: evaluation failed
				} 

				evaluation 2/2 {

					point #233 ( 158 25 )
					direction  : (  0 25 ) Ortho-MADS 2n
					mesh index : -5

					poll unsuccessful point #233: evaluation failed
				} 

			} end of evaluations


			MADS extended poll {


				extended poll pts sorting (on surrogates) {


					list of points evaluation (extended poll) {

						surrogate evaluation 1/11 {

							point #234 ( 194  0 )
							mesh index : -5


							point #234 sgte eval: h=0 f=0.00096740722656200005269
						} 

						surrogate evaluation 2/11 {

							point #235 (  2  0 )
							mesh index : -5


							point #235 sgte eval: h=0 f=0.00083398818969699999547
						} 

						surrogate evaluation 3/11 {

							point #236 (  2  0 )
							mesh index : -5

							surrogate cache hit: #236 --> #235

							point #235 sgte eval: h=0 f=0.00083398818969699999547
						} 

						surrogate evaluation 4/11 {

							point #237 ( 152  0 )
							mesh index : -5


							point #237 sgte eval: h=0 f=0.0012626171112099999257
						} 

						surrogate evaluation 5/11 {

							point #238 ( 164  0 )
							mesh index : -5


							point #238 sgte eval: h=0 f=0.001249694824219999955
						} 

						surrogate evaluation 6/11 {

							point #239 ( 6104  0 )
							mesh index : -5


							point #239 sgte eval: h=0 f=0.0012815952300999999911
						} 

						surrogate evaluation 7/11 {

							point #240 ( 6320  0 )
							mesh index : -5


							point #240 sgte eval: h=0 f=0.0012692928314199998941
						} 

						surrogate evaluation 8/11 {

							point #241 ( 157  0 )
							mesh index : -5


							point #241 sgte eval: h=0 f=0.0012575149536099999338
						} 

						surrogate evaluation 9/11 {

							point #242 ( 159  0 )
							mesh index : -5


							point #242 sgte eval: h=0 f=0.0012133121490500000175
						} 

						surrogate evaluation 10/11 {

							point #243 ( 5769  0 )
							mesh index : -5


							point #243 sgte eval: h=0 f=0.0014693975448600001075
						} 

						surrogate evaluation 11/11 {

							point #244 ( 5805  0 )
							mesh index : -5


							point #244 sgte eval: h=0 f=0.0013030052185099998997
						} 

					} end of evaluations


					sorted ext poll pts {

						point # 1/10 : (     2     0 )
						point # 2/10 : (   194     0 )
						point # 3/10 : (   159     0 )
						point # 4/10 : (   164     0 )
						point # 5/10 : (   157     0 )
						point # 6/10 : (   152     0 )
						point # 7/10 : (  6320     0 )
						point # 8/10 : (  6104     0 )
						point # 9/10 : (  5805     0 )
						point #10/10 : (  5769     0 )

					} 


				} end of ext poll pts sorting (on surrogates)


				extended poll point eval {

					extended poll point = (     2     0 )

					list of points evaluation (extended poll) {

						evaluation 1/1 {

							point #245 (  2  0 )
							mesh index : -5


							extended poll dominating point #245 {
								x    = (  2  0 )
								F(x) = [ 8.1119537353500001105e-05 ]
								h    = 0
								f    = 8.1119537353500001105e-05
							} 
						} 

					} end of evaluations


				} 


			} end of extended poll

		} end of poll

		Mesh update {
			previous mesh index: -5
			new mesh index     : -6
		} 


		terminate MADS       : no
		iteration status     : dominating
		new feas. incumbent  : #245 {
			x    = (  2  0 )
			F(x) = [ 8.1119537353500001105e-05 ]
			h    = 0
			f    = 8.1119537353500001105e-05
		} 
		new infeas. incumbent: none

	} end of iteration 5

	MADS iteration 6 {

		blackbox evaluations : 19
		best feas. solution  : (  2  0 ) h=0 f=8.1119537353500001105e-05
		best infeas. solution: none
		poll center          : (  2  0 )
		mesh size            : (  1  1 )
		poll size            : ( 64 64 )
		mesh index           : -6
		h_max                : inf

		MADS search {

			speculative search {

			} end of speculative search (unsuccessful)

		} end of search

		MADS poll {

			poll center: (  2  0 )

			poll directions (include mesh size parameter) {
				dir 0 : (  0 -64 ) Ortho-MADS 2n
				dir 1 : (  0 64 ) Ortho-MADS 2n
			} 

			re-ordered list of 2 poll trial points {
				#255 : (  2 -64 ) (dir 0)
				#256 : (  2 64 ) (dir 1)
			} 

			list of points evaluation (poll) {

				surrogate evaluation 1/2 {

					point #255 (  2 -64 )
					direction  : (  0 -64 ) Ortho-MADS 2n
					mesh index : -6


					point #255 sgte eval: failed
				} 

				surrogate evaluation 2/2 {

					point #256 (  2 64 )
					direction  : (  0 64 ) Ortho-MADS 2n
					mesh index : -6


					point #256 sgte eval: failed
				} 

			} end of evaluations

			re-ordered list of 2 poll trial points {

				#257: (  2 -64 ) (dir 0)
				#258: (  2 64 ) (dir 1)
			} 

			list of points evaluation (poll) {

				evaluation 1/2 {

					point #257 (  2 -64 )
					direction  : (  0 -64 ) Ortho-MADS 2n
					mesh index : -6

					poll unsuccessful point #257: evaluation failed
				} 

				evaluation 2/2 {

					point #258 (  2 64 )
					direction  : (  0 64 ) Ortho-MADS 2n
					mesh index : -6

					poll unsuccessful point #258: evaluation failed
				} 

			} end of evaluations


			MADS extended poll {


				extended poll pts sorting (on surrogates) {


					list of points evaluation (extended poll) {

						surrogate evaluation 1/4 {

							point #259 (  1  0 )
							mesh index : -6


							point #259 sgte eval: h=0 f=0.0016318082809399999961
						} 

						surrogate evaluation 2/4 {

							point #260 (  3  0 )
							mesh index : -6


							point #260 sgte eval: h=0 f=0.0014128923416100000639
						} 

						surrogate evaluation 3/4 {

							point #261 ( 153  0 )
							mesh index : -6


							point #261 sgte eval: h=0 f=0.0016149044036899999535
						} 

						surrogate evaluation 4/4 {

							point #262 ( 189  0 )
							mesh index : -6


							point #262 sgte eval: h=0 f=0.0014868974685699999031
						} 

					} end of evaluations


					sorted ext poll pts {

						point #1/4 : (     3     0 )
						point #2/4 : (   189     0 )
						point #3/4 : (   153     0 )
						point #4/4 : (     1     0 )

					} 


				} end of ext poll pts sorting (on surrogates)


				extended poll point eval {

					extended poll point = (     3     0 )

					list of points evaluation (extended poll) {

						evaluation 1/1 {

							point #263 (  3  0 )
							mesh index : -6

							extended poll unsuccessful point #263 [ h=0 f=0.00014214992523200000764 ]
						} 

					} end of evaluations


				} 


				extended poll center: (     3     0 )

				perform extended poll descent ...... no

				extended poll point eval {

					extended poll point = (   189     0 )

					list of points evaluation (extended poll) {

						evaluation 1/1 {

							point #264 ( 189  0 )
							mesh index : -6

							extended poll unsuccessful point #264 [ h=0 f=0.00016552209854099999078 ]
						} 

					} end of evaluations


				} 


				extended poll center: (   189     0 )

				perform extended poll descent ...... no

				extended poll point eval {

					extended poll point = (   153     0 )

					list of points evaluation (extended poll) {

						evaluation 1/1 {

							point #265 ( 153  0 )
							mesh index : -6

							extended poll unsuccessful point #265 [ h=0 f=0.00016144037246700000459 ]
						} 

					} end of evaluations


				} 


				extended poll center: (   153     0 )

				perform extended poll descent ...... no

				extended poll point eval {

					extended poll point = (     1     0 )

					list of points evaluation (extended poll) {

						evaluation 1/1 {

							point #266 (  1  0 )
							mesh index : -6

							extended poll unsuccessful point #266 [ h=0 f=0.00016286134719799998972 ]
						} 

					} end of evaluations


				} 


				extended poll center: (     1     0 )

				perform extended poll descent ...... no

			} end of extended poll

		} end of poll

		Mesh update {
			previous mesh index: -6
			new mesh index     : -5
		} 


		terminate MADS       : no
		iteration status     : unsuccessful
		new feas. incumbent  : none
		new infeas. incumbent: none

	} end of iteration 6

	MADS iteration 7 {

		blackbox evaluations : 25
		best feas. solution  : (  2  0 ) h=0 f=8.1119537353500001105e-05
		best infeas. solution: none
		poll center          : (  2  0 )
		mesh size            : (  1  1 )
		poll size            : ( 32 32 )
		mesh index           : -5
		h_max                : inf

		MADS search {
		} end of search

		MADS poll {

			poll center: (  2  0 )

			poll directions (include mesh size parameter) {
				dir 0 : (  0 -25 ) Ortho-MADS 2n
				dir 1 : (  0 25 ) Ortho-MADS 2n
			} 

			re-ordered list of 2 poll trial points {
				#267 : (  2 -25 ) (dir 0)
				#268 : (  2 25 ) (dir 1)
			} 

			list of points evaluation (poll) {

				surrogate evaluation 1/2 {

					point #267 (  2 -25 )
					direction  : (  0 -25 ) Ortho-MADS 2n
					mesh index : -5


					point #267 sgte eval: failed
				} 

				surrogate evaluation 2/2 {

					point #268 (  2 25 )
					direction  : (  0 25 ) Ortho-MADS 2n
					mesh index : -5


					point #268 sgte eval: failed
				} 

			} end of evaluations

			re-ordered list of 2 poll trial points {

				#269: (  2 -25 ) (dir 0)
				#270: (  2 25 ) (dir 1)
			} 

			list of points evaluation (poll) {

				evaluation 1/2 {

					point #269 (  2 -25 )
					direction  : (  0 -25 ) Ortho-MADS 2n
					mesh index : -5

					poll unsuccessful point #269: evaluation failed
				} 

				evaluation 2/2 {

					point #270 (  2 25 )
					direction  : (  0 25 ) Ortho-MADS 2n
					mesh index : -5

					poll unsuccessful point #270: evaluation failed
				} 

			} end of evaluations


			MADS extended poll {


				extended poll pts sorting (on surrogates) {


					list of points evaluation (extended poll) {

						surrogate evaluation 1/4 {

							point #271 (  1  0 )
							mesh index : -5

							surrogate cache hit: #271 --> #259

							point #259 sgte eval: h=0 f=0.0016318082809399999961
						} 

						surrogate evaluation 2/4 {

							point #272 (  3  0 )
							mesh index : -5

							surrogate cache hit: #272 --> #260

							point #260 sgte eval: h=0 f=0.0014128923416100000639
						} 

						surrogate evaluation 3/4 {

							point #273 ( 153  0 )
							mesh index : -5

							surrogate cache hit: #273 --> #261

							point #261 sgte eval: h=0 f=0.0016149044036899999535
						} 

						surrogate evaluation 4/4 {

							point #274 ( 189  0 )
							mesh index : -5

							surrogate cache hit: #274 --> #262

							point #262 sgte eval: h=0 f=0.0014868974685699999031
						} 

					} end of evaluations


					sorted ext poll pts {

						point #1/4 : (     3     0 )
						point #2/4 : (   189     0 )
						point #3/4 : (   153     0 )
						point #4/4 : (     1     0 )

					} 


				} end of ext poll pts sorting (on surrogates)


				extended poll point eval {

					extended poll point = (     3     0 )

					list of points evaluation (extended poll) {

						evaluation 1/1 {

							point #275 (  3  0 )
							mesh index : -5

							cache hit: #275 --> #263
							extended poll unsuccessful point #263 [ h=0 f=0.00014214992523200000764 ]
						} 

					} end of evaluations


				} 


				extended poll center: (     3     0 )

				perform extended poll descent ...... no

				extended poll point eval {

					extended poll point = (   189     0 )

					list of points evaluation (extended poll) {

						evaluation 1/1 {

							point #276 ( 189  0 )
							mesh index : -5

							cache hit: #276 --> #264
							extended poll unsuccessful point #264 [ h=0 f=0.00016552209854099999078 ]
						} 

					} end of evaluations


				} 


				extended poll center: (   189     0 )

				perform extended poll descent ...... no

				extended poll point eval {

					extended poll point = (   153     0 )

					list of points evaluation (extended poll) {

						evaluation 1/1 {

							point #277 ( 153  0 )
							mesh index : -5

							cache hit: #277 --> #265
							extended poll unsuccessful point #265 [ h=0 f=0.00016144037246700000459 ]
						} 

					} end of evaluations


				} 


				extended poll center: (   153     0 )

				perform extended poll descent ...... no

				extended poll point eval {

					extended poll point = (     1     0 )

					list of points evaluation (extended poll) {

						evaluation 1/1 {

							point #278 (  1  0 )
							mesh index : -5

							cache hit: #278 --> #266
							extended poll unsuccessful point #266 [ h=0 f=0.00016286134719799998972 ]
						} 

					} end of evaluations


				} 


				extended poll center: (     1     0 )

				perform extended poll descent ...... no

			} end of extended poll

		} end of poll

		Mesh update {
			previous mesh index: -5
			new mesh index     : -4
		} 


		terminate MADS       : no
		iteration status     : unsuccessful
		new feas. incumbent  : none
		new infeas. incumbent: none

	} end of iteration 7

	MADS iteration 8 {

		blackbox evaluations : 27
		best feas. solution  : (  2  0 ) h=0 f=8.1119537353500001105e-05
		best infeas. solution: none
		poll center          : (  2  0 )
		mesh size            : (  1  1 )
		poll size            : ( 16 16 )
		mesh index           : -4
		h_max                : inf

		MADS search {
		} end of search

		MADS poll {

			poll center: (  2  0 )

			poll directions (include mesh size parameter) {
				dir 0 : (  0 -16 ) Ortho-MADS 2n
				dir 1 : (  0 16 ) Ortho-MADS 2n
			} 

			re-ordered list of 2 poll trial points {
				#279 : (  2 -16 ) (dir 0)
				#280 : (  2 16 ) (dir 1)
			} 

			list of points evaluation (poll) {

				surrogate evaluation 1/2 {

					point #279 (  2 -16 )
					direction  : (  0 -16 ) Ortho-MADS 2n
					mesh index : -4


					point #279 sgte eval: failed
				} 

				surrogate evaluation 2/2 {

					point #280 (  2 16 )
					direction  : (  0 16 ) Ortho-MADS 2n
					mesh index : -4


					point #280 sgte eval: failed
				} 

			} end of evaluations

			re-ordered list of 2 poll trial points {

				#281: (  2 -16 ) (dir 0)
				#282: (  2 16 ) (dir 1)
			} 

			list of points evaluation (poll) {

				evaluation 1/2 {

					point #281 (  2 -16 )
					direction  : (  0 -16 ) Ortho-MADS 2n
					mesh index : -4

					poll unsuccessful point #281: evaluation failed
				} 

				evaluation 2/2 {

					point #282 (  2 16 )
					direction  : (  0 16 ) Ortho-MADS 2n
					mesh index : -4

					poll unsuccessful point #282: evaluation failed
				} 

			} end of evaluations


			MADS extended poll {


				extended poll pts sorting (on surrogates) {


					list of points evaluation (extended poll) {

						surrogate evaluation 1/4 {

							point #283 (  1  0 )
							mesh index : -4

							surrogate cache hit: #283 --> #259

							point #259 sgte eval: h=0 f=0.0016318082809399999961
						} 

						surrogate evaluation 2/4 {

							point #284 (  3  0 )
							mesh index : -4

							surrogate cache hit: #284 --> #260

							point #260 sgte eval: h=0 f=0.0014128923416100000639
						} 

						surrogate evaluation 3/4 {

							point #285 ( 153  0 )
							mesh index : -4

							surrogate cache hit: #285 --> #261

							point #261 sgte eval: h=0 f=0.0016149044036899999535
						} 

						surrogate evaluation 4/4 {

							point #286 ( 189  0 )
							mesh index : -4

							surrogate cache hit: #286 --> #262

							point #262 sgte eval: h=0 f=0.0014868974685699999031
						} 

					} end of evaluations


					sorted ext poll pts {

						point #1/4 : (     3     0 )
						point #2/4 : (   189     0 )
						point #3/4 : (   153     0 )
						point #4/4 : (     1     0 )

					} 


				} end of ext poll pts sorting (on surrogates)


				extended poll point eval {

					extended poll point = (     3     0 )

					list of points evaluation (extended poll) {

						evaluation 1/1 {

							point #287 (  3  0 )
							mesh index : -4

							cache hit: #287 --> #263
							extended poll unsuccessful point #263 [ h=0 f=0.00014214992523200000764 ]
						} 

					} end of evaluations


				} 


				extended poll center: (     3     0 )

				perform extended poll descent ...... no

				extended poll point eval {

					extended poll point = (   189     0 )

					list of points evaluation (extended poll) {

						evaluation 1/1 {

							point #288 ( 189  0 )
							mesh index : -4

							cache hit: #288 --> #264
							extended poll unsuccessful point #264 [ h=0 f=0.00016552209854099999078 ]
						} 

					} end of evaluations


				} 


				extended poll center: (   189     0 )

				perform extended poll descent ...... no

				extended poll point eval {

					extended poll point = (   153     0 )

					list of points evaluation (extended poll) {

						evaluation 1/1 {

							point #289 ( 153  0 )
							mesh index : -4

							cache hit: #289 --> #265
							extended poll unsuccessful point #265 [ h=0 f=0.00016144037246700000459 ]
						} 

					} end of evaluations


				} 


				extended poll center: (   153     0 )

				perform extended poll descent ...... no

				extended poll point eval {

					extended poll point = (     1     0 )

					list of points evaluation (extended poll) {

						evaluation 1/1 {

							point #290 (  1  0 )
							mesh index : -4

							cache hit: #290 --> #266
							extended poll unsuccessful point #266 [ h=0 f=0.00016286134719799998972 ]
						} 

					} end of evaluations


				} 


				extended poll center: (     1     0 )

				perform extended poll descent ...... no

			} end of extended poll

		} end of poll

		Mesh update {
			previous mesh index: -4
			new mesh index     : -3
		} 


		terminate MADS       : no
		iteration status     : unsuccessful
		new feas. incumbent  : none
		new infeas. incumbent: none

	} end of iteration 8

	MADS iteration 9 {

		blackbox evaluations : 29
		best feas. solution  : (  2  0 ) h=0 f=8.1119537353500001105e-05
		best infeas. solution: none
		poll center          : (  2  0 )
		mesh size            : (  1  1 )
		poll size            : (  8  8 )
		mesh index           : -3
		h_max                : inf

		MADS search {
		} end of search

		MADS poll {

			poll center: (  2  0 )

			poll directions (include mesh size parameter) {
				dir 0 : (  0 -4 ) Ortho-MADS 2n
				dir 1 : (  0  4 ) Ortho-MADS 2n
			} 

			re-ordered list of 2 poll trial points {
				#291 : (  2 -4 ) (dir 0)
				#292 : (  2  4 ) (dir 1)
			} 

			list of points evaluation (poll) {

				surrogate evaluation 1/2 {

					point #291 (  2 -4 )
					direction  : (  0 -4 ) Ortho-MADS 2n
					mesh index : -3


					point #291 sgte eval: failed
				} 

				surrogate evaluation 2/2 {

					point #292 (  2  4 )
					direction  : (  0  4 ) Ortho-MADS 2n
					mesh index : -3


					point #292 sgte eval: failed
				} 

			} end of evaluations

			re-ordered list of 2 poll trial points {

				#293: (  2 -4 ) (dir 0)
				#294: (  2  4 ) (dir 1)
			} 

			list of points evaluation (poll) {

				evaluation 1/2 {

					point #293 (  2 -4 )
					direction  : (  0 -4 ) Ortho-MADS 2n
					mesh index : -3

					poll unsuccessful point #293: evaluation failed
				} 

				evaluation 2/2 {

					point #294 (  2  4 )
					direction  : (  0  4 ) Ortho-MADS 2n
					mesh index : -3

					poll unsuccessful point #294: evaluation failed
				} 

			} end of evaluations


			MADS extended poll {


				extended poll pts sorting (on surrogates) {


					list of points evaluation (extended poll) {

						surrogate evaluation 1/4 {

							point #295 (  1  0 )
							mesh index : -3

							surrogate cache hit: #295 --> #259

							point #259 sgte eval: h=0 f=0.0016318082809399999961
						} 

						surrogate evaluation 2/4 {

							point #296 (  3  0 )
							mesh index : -3

							surrogate cache hit: #296 --> #260

							point #260 sgte eval: h=0 f=0.0014128923416100000639
						} 

						surrogate evaluation 3/4 {

							point #297 ( 153  0 )
							mesh index : -3

							surrogate cache hit: #297 --> #261

							point #261 sgte eval: h=0 f=0.0016149044036899999535
						} 

						surrogate evaluation 4/4 {

							point #298 ( 189  0 )
							mesh index : -3

							surrogate cache hit: #298 --> #262

							point #262 sgte eval: h=0 f=0.0014868974685699999031
						} 

					} end of evaluations


					sorted ext poll pts {

						point #1/4 : (     3     0 )
						point #2/4 : (   189     0 )
						point #3/4 : (   153     0 )
						point #4/4 : (     1     0 )

					} 


				} end of ext poll pts sorting (on surrogates)


				extended poll point eval {

					extended poll point = (     3     0 )

					list of points evaluation (extended poll) {

						evaluation 1/1 {

							point #299 (  3  0 )
							mesh index : -3

							cache hit: #299 --> #263
							extended poll unsuccessful point #263 [ h=0 f=0.00014214992523200000764 ]
						} 

					} end of evaluations


				} 


				extended poll center: (     3     0 )

				perform extended poll descent ...... no

				extended poll point eval {

					extended poll point = (   189     0 )

					list of points evaluation (extended poll) {

						evaluation 1/1 {

							point #300 ( 189  0 )
							mesh index : -3

							cache hit: #300 --> #264
							extended poll unsuccessful point #264 [ h=0 f=0.00016552209854099999078 ]
						} 

					} end of evaluations


				} 


				extended poll center: (   189     0 )

				perform extended poll descent ...... no

				extended poll point eval {

					extended poll point = (   153     0 )

					list of points evaluation (extended poll) {

						evaluation 1/1 {

							point #301 ( 153  0 )
							mesh index : -3

							cache hit: #301 --> #265
							extended poll unsuccessful point #265 [ h=0 f=0.00016144037246700000459 ]
						} 

					} end of evaluations


				} 


				extended poll center: (   153     0 )

				perform extended poll descent ...... no

				extended poll point eval {

					extended poll point = (     1     0 )

					list of points evaluation (extended poll) {

						evaluation 1/1 {

							point #302 (  1  0 )
							mesh index : -3

							cache hit: #302 --> #266
							extended poll unsuccessful point #266 [ h=0 f=0.00016286134719799998972 ]
						} 

					} end of evaluations


				} 


				extended poll center: (     1     0 )

				perform extended poll descent ...... no

			} end of extended poll

		} end of poll

		Mesh update {
			previous mesh index: -3
			new mesh index     : -2
		} 


		terminate MADS       : no
		iteration status     : unsuccessful
		new feas. incumbent  : none
		new infeas. incumbent: none

	} end of iteration 9

	MADS iteration 10 {

		blackbox evaluations : 31
		best feas. solution  : (  2  0 ) h=0 f=8.1119537353500001105e-05
		best infeas. solution: none
		poll center          : (  2  0 )
		mesh size            : (  1  1 )
		poll size            : (  4  4 )
		mesh index           : -2
		h_max                : inf

		MADS search {
		} end of search

		MADS poll {

			poll center: (  2  0 )

			poll directions (include mesh size parameter) {
				dir 0 : (  0 -4 ) Ortho-MADS 2n
				dir 1 : (  0  4 ) Ortho-MADS 2n
			} 

			re-ordered list of 2 poll trial points {
				#303 : (  2 -4 ) (dir 0)
				#304 : (  2  4 ) (dir 1)
			} 

			list of points evaluation (poll) {

				surrogate evaluation 1/2 {

					point #303 (  2 -4 )
					direction  : (  0 -4 ) Ortho-MADS 2n
					mesh index : -2

					surrogate cache hit: #303 --> #291

					point #291 sgte eval: failed
				} 

				surrogate evaluation 2/2 {

					point #304 (  2  4 )
					direction  : (  0  4 ) Ortho-MADS 2n
					mesh index : -2

					surrogate cache hit: #304 --> #292

					point #292 sgte eval: failed
				} 

			} end of evaluations

			re-ordered list of 2 poll trial points {

				#305: (  2 -4 ) (dir 0)
				#306: (  2  4 ) (dir 1)
			} 

			list of points evaluation (poll) {

				evaluation 1/2 {

					point #305 (  2 -4 )
					direction  : (  0 -4 ) Ortho-MADS 2n
					mesh index : -3

					cache hit: #305 --> #293
					poll unsuccessful point #293: evaluation failed
				} 

				evaluation 2/2 {

					point #306 (  2  4 )
					direction  : (  0  4 ) Ortho-MADS 2n
					mesh index : -3

					cache hit: #306 --> #294
					poll unsuccessful point #294: evaluation failed
				} 

			} end of evaluations


			MADS extended poll {


				extended poll pts sorting (on surrogates) {


					list of points evaluation (extended poll) {

						surrogate evaluation 1/4 {

							point #307 (  1  0 )
							mesh index : -2

							surrogate cache hit: #307 --> #259

							point #259 sgte eval: h=0 f=0.0016318082809399999961
						} 

						surrogate evaluation 2/4 {

							point #308 (  3  0 )
							mesh index : -2

							surrogate cache hit: #308 --> #260

							point #260 sgte eval: h=0 f=0.0014128923416100000639
						} 

						surrogate evaluation 3/4 {

							point #309 ( 153  0 )
							mesh index : -2

							surrogate cache hit: #309 --> #261

							point #261 sgte eval: h=0 f=0.0016149044036899999535
						} 

						surrogate evaluation 4/4 {

							point #310 ( 189  0 )
							mesh index : -2

							surrogate cache hit: #310 --> #262

							point #262 sgte eval: h=0 f=0.0014868974685699999031
						} 

					} end of evaluations


					sorted ext poll pts {

						point #1/4 : (     3     0 )
						point #2/4 : (   189     0 )
						point #3/4 : (   153     0 )
						point #4/4 : (     1     0 )

					} 


				} end of ext poll pts sorting (on surrogates)


				extended poll point eval {

					extended poll point = (     3     0 )

					list of points evaluation (extended poll) {

						evaluation 1/1 {

							point #311 (  3  0 )
							mesh index : -2

							cache hit: #311 --> #263
							extended poll unsuccessful point #263 [ h=0 f=0.00014214992523200000764 ]
						} 

					} end of evaluations


				} 


				extended poll center: (     3     0 )

				perform extended poll descent ...... no

				extended poll point eval {

					extended poll point = (   189     0 )

					list of points evaluation (extended poll) {

						evaluation 1/1 {

							point #312 ( 189  0 )
							mesh index : -2

							cache hit: #312 --> #264
							extended poll unsuccessful point #264 [ h=0 f=0.00016552209854099999078 ]
						} 

					} end of evaluations


				} 


				extended poll center: (   189     0 )

				perform extended poll descent ...... no

				extended poll point eval {

					extended poll point = (   153     0 )

					list of points evaluation (extended poll) {

						evaluation 1/1 {

							point #313 ( 153  0 )
							mesh index : -2

							cache hit: #313 --> #265
							extended poll unsuccessful point #265 [ h=0 f=0.00016144037246700000459 ]
						} 

					} end of evaluations


				} 


				extended poll center: (   153     0 )

				perform extended poll descent ...... no

				extended poll point eval {

					extended poll point = (     1     0 )

					list of points evaluation (extended poll) {

						evaluation 1/1 {

							point #314 (  1  0 )
							mesh index : -2

							cache hit: #314 --> #266
							extended poll unsuccessful point #266 [ h=0 f=0.00016286134719799998972 ]
						} 

					} end of evaluations


				} 


				extended poll center: (     1     0 )

				perform extended poll descent ...... no

			} end of extended poll

		} end of poll

		Mesh update {
			previous mesh index: -2
			new mesh index     : -1
		} 


		terminate MADS       : no
		iteration status     : unsuccessful
		new feas. incumbent  : none
		new infeas. incumbent: none

	} end of iteration 10

	MADS iteration 11 {

		blackbox evaluations : 31
		best feas. solution  : (  2  0 ) h=0 f=8.1119537353500001105e-05
		best infeas. solution: none
		poll center          : (  2  0 )
		mesh size            : (  1  1 )
		poll size            : (  2  2 )
		mesh index           : -1
		h_max                : inf

		MADS search {
		} end of search

		MADS poll {

			poll center: (  2  0 )

			poll directions (include mesh size parameter) {
				dir 0 : (  0 -1 ) Ortho-MADS 2n
				dir 1 : (  0  1 ) Ortho-MADS 2n
			} 

			re-ordered list of 2 poll trial points {
				#315 : (  2 -1 ) (dir 0)
				#316 : (  2  1 ) (dir 1)
			} 

			list of points evaluation (poll) {

				surrogate evaluation 1/2 {

					point #315 (  2 -1 )
					direction  : (  0 -1 ) Ortho-MADS 2n
					mesh index : -1


					point #315 sgte eval: failed
				} 

				surrogate evaluation 2/2 {

					point #316 (  2  1 )
					direction  : (  0  1 ) Ortho-MADS 2n
					mesh index : -1


					point #316 sgte eval: failed
				} 

			} end of evaluations

			re-ordered list of 2 poll trial points {

				#317: (  2 -1 ) (dir 0)
				#318: (  2  1 ) (dir 1)
			} 

			list of points evaluation (poll) {

				evaluation 1/2 {

					point #317 (  2 -1 )
					direction  : (  0 -1 ) Ortho-MADS 2n
					mesh index : -1

					poll unsuccessful point #317: evaluation failed
				} 

				evaluation 2/2 {

					point #318 (  2  1 )
					direction  : (  0  1 ) Ortho-MADS 2n
					mesh index : -1

					poll unsuccessful point #318: evaluation failed
				} 

			} end of evaluations


			MADS extended poll {


				extended poll pts sorting (on surrogates) {


					list of points evaluation (extended poll) {

						surrogate evaluation 1/4 {

							point #319 (  1  0 )
							mesh index : -1

							surrogate cache hit: #319 --> #259

							point #259 sgte eval: h=0 f=0.0016318082809399999961
						} 

						surrogate evaluation 2/4 {

							point #320 (  3  0 )
							mesh index : -1

							surrogate cache hit: #320 --> #260

							point #260 sgte eval: h=0 f=0.0014128923416100000639
						} 

						surrogate evaluation 3/4 {

							point #321 ( 153  0 )
							mesh index : -1

							surrogate cache hit: #321 --> #261

							point #261 sgte eval: h=0 f=0.0016149044036899999535
						} 

						surrogate evaluation 4/4 {

							point #322 ( 189  0 )
							mesh index : -1

							surrogate cache hit: #322 --> #262

							point #262 sgte eval: h=0 f=0.0014868974685699999031
						} 

					} end of evaluations


					sorted ext poll pts {

						point #1/4 : (     3     0 )
						point #2/4 : (   189     0 )
						point #3/4 : (   153     0 )
						point #4/4 : (     1     0 )

					} 


				} end of ext poll pts sorting (on surrogates)


				extended poll point eval {

					extended poll point = (     3     0 )

					list of points evaluation (extended poll) {

						evaluation 1/1 {

							point #323 (  3  0 )
							mesh index : -1

							cache hit: #323 --> #263
							extended poll unsuccessful point #263 [ h=0 f=0.00014214992523200000764 ]
						} 

					} end of evaluations


				} 


				extended poll center: (     3     0 )

				perform extended poll descent ...... no

				extended poll point eval {

					extended poll point = (   189     0 )

					list of points evaluation (extended poll) {

						evaluation 1/1 {

							point #324 ( 189  0 )
							mesh index : -1

							cache hit: #324 --> #264
							extended poll unsuccessful point #264 [ h=0 f=0.00016552209854099999078 ]
						} 

					} end of evaluations


				} 


				extended poll center: (   189     0 )

				perform extended poll descent ...... no

				extended poll point eval {

					extended poll point = (   153     0 )

					list of points evaluation (extended poll) {

						evaluation 1/1 {

							point #325 ( 153  0 )
							mesh index : -1

							cache hit: #325 --> #265
							extended poll unsuccessful point #265 [ h=0 f=0.00016144037246700000459 ]
						} 

					} end of evaluations


				} 


				extended poll center: (   153     0 )

				perform extended poll descent ...... no

				extended poll point eval {

					extended poll point = (     1     0 )

					list of points evaluation (extended poll) {

						evaluation 1/1 {

							point #326 (  1  0 )
							mesh index : -1

							cache hit: #326 --> #266
							extended poll unsuccessful point #266 [ h=0 f=0.00016286134719799998972 ]
						} 

					} end of evaluations


				} 


				extended poll center: (     1     0 )

				perform extended poll descent ...... no

			} end of extended poll

		} end of poll

		Mesh update {
			previous mesh index: -1
			new mesh index     : 0
		} 


		terminate MADS       : no
		iteration status     : unsuccessful
		new feas. incumbent  : none
		new infeas. incumbent: none

	} end of iteration 11

	MADS iteration 12 {

		blackbox evaluations : 33
		best feas. solution  : (  2  0 ) h=0 f=8.1119537353500001105e-05
		best infeas. solution: none
		poll center          : (  2  0 )
		mesh size            : (  1  1 )
		poll size            : (  1  1 )
		mesh index           : 0
		h_max                : inf

		MADS search {
		} end of search

		MADS poll {

			poll center: (  2  0 )

			poll directions (include mesh size parameter) {
				dir 0 : (  0 -1 ) Ortho-MADS 2n
				dir 1 : (  0  1 ) Ortho-MADS 2n
			} 

			re-ordered list of 2 poll trial points {
				#327 : (  2 -1 ) (dir 0)
				#328 : (  2  1 ) (dir 1)
			} 

			list of points evaluation (poll) {

				surrogate evaluation 1/2 {

					point #327 (  2 -1 )
					direction  : (  0 -1 ) Ortho-MADS 2n
					mesh index : 0

					surrogate cache hit: #327 --> #315

					point #315 sgte eval: failed
				} 

				surrogate evaluation 2/2 {

					point #328 (  2  1 )
					direction  : (  0  1 ) Ortho-MADS 2n
					mesh index : 0

					surrogate cache hit: #328 --> #316

					point #316 sgte eval: failed
				} 

			} end of evaluations

			re-ordered list of 2 poll trial points {

				#329: (  2 -1 ) (dir 0)
				#330: (  2  1 ) (dir 1)
			} 

			list of points evaluation (poll) {

				evaluation 1/2 {

					point #329 (  2 -1 )
					direction  : (  0 -1 ) Ortho-MADS 2n
					mesh index : -1

					cache hit: #329 --> #317
					poll unsuccessful point #317: evaluation failed
				} 

				evaluation 2/2 {

					point #330 (  2  1 )
					direction  : (  0  1 ) Ortho-MADS 2n
					mesh index : -1

					cache hit: #330 --> #318
					poll unsuccessful point #318: evaluation failed
				} 

			} end of evaluations


			MADS extended poll {


				extended poll pts sorting (on surrogates) {


					list of points evaluation (extended poll) {

						surrogate evaluation 1/4 {

							point #331 (  1  0 )
							mesh index : 0

							surrogate cache hit: #331 --> #259

							point #259 sgte eval: h=0 f=0.0016318082809399999961
						} 

						surrogate evaluation 2/4 {

							point #332 (  3  0 )
							mesh index : 0

							surrogate cache hit: #332 --> #260

							point #260 sgte eval: h=0 f=0.0014128923416100000639
						} 

						surrogate evaluation 3/4 {

							point #333 ( 153  0 )
							mesh index : 0

							surrogate cache hit: #333 --> #261

							point #261 sgte eval: h=0 f=0.0016149044036899999535
						} 

						surrogate evaluation 4/4 {

							point #334 ( 189  0 )
							mesh index : 0

							surrogate cache hit: #334 --> #262

							point #262 sgte eval: h=0 f=0.0014868974685699999031
						} 

					} end of evaluations


					sorted ext poll pts {

						point #1/4 : (     3     0 )
						point #2/4 : (   189     0 )
						point #3/4 : (   153     0 )
						point #4/4 : (     1     0 )

					} 


				} end of ext poll pts sorting (on surrogates)


				extended poll point eval {

					extended poll point = (     3     0 )

					list of points evaluation (extended poll) {

						evaluation 1/1 {

							point #335 (  3  0 )
							mesh index : 0

							cache hit: #335 --> #263
							extended poll unsuccessful point #263 [ h=0 f=0.00014214992523200000764 ]
						} 

					} end of evaluations


				} 


				extended poll center: (     3     0 )

				perform extended poll descent ...... no

				extended poll point eval {

					extended poll point = (   189     0 )

					list of points evaluation (extended poll) {

						evaluation 1/1 {

							point #336 ( 189  0 )
							mesh index : 0

							cache hit: #336 --> #264
							extended poll unsuccessful point #264 [ h=0 f=0.00016552209854099999078 ]
						} 

					} end of evaluations


				} 


				extended poll center: (   189     0 )

				perform extended poll descent ...... no

				extended poll point eval {

					extended poll point = (   153     0 )

					list of points evaluation (extended poll) {

						evaluation 1/1 {

							point #337 ( 153  0 )
							mesh index : 0

							cache hit: #337 --> #265
							extended poll unsuccessful point #265 [ h=0 f=0.00016144037246700000459 ]
						} 

					} end of evaluations


				} 


				extended poll center: (   153     0 )

				perform extended poll descent ...... no

				extended poll point eval {

					extended poll point = (     1     0 )

					list of points evaluation (extended poll) {

						evaluation 1/1 {

							point #338 (  1  0 )
							mesh index : 0

							cache hit: #338 --> #266
							extended poll unsuccessful point #266 [ h=0 f=0.00016286134719799998972 ]
						} 

					} end of evaluations


				} 


				extended poll center: (     1     0 )

				perform extended poll descent ...... no

			} end of extended poll

		} end of poll

		Mesh update {
			previous mesh index: 0
			new mesh index     : 1
		} 


		terminate MADS       : no
		iteration status     : unsuccessful
		new feas. incumbent  : none
		new infeas. incumbent: none

	} end of iteration 12

	MADS iteration 13 {

		blackbox evaluations : 33
		best feas. solution  : (  2  0 ) h=0 f=8.1119537353500001105e-05
		best infeas. solution: none
		poll center          : (  2  0 )
		mesh size            : ( 0.25 0.25 )
		poll size            : ( 0.5 0.5 )
		mesh index           : 1
		h_max                : inf

		MADS search {
		} end of search

		MADS poll {

			poll center: (  2  0 )

			poll directions (include mesh size parameter) {
				dir 0 : (  0 -1 ) Ortho-MADS 2n
				dir 1 : (  0  1 ) Ortho-MADS 2n
			} 

			re-ordered list of 2 poll trial points {
				#339 : (  2 -1 ) (dir 0)
				#340 : (  2  1 ) (dir 1)
			} 

			list of points evaluation (poll) {

				surrogate evaluation 1/2 {

					point #339 (  2 -1 )
					direction  : (  0 -1 ) Ortho-MADS 2n
					mesh index : 1

					surrogate cache hit: #339 --> #315

					point #315 sgte eval: failed
				} 

				surrogate evaluation 2/2 {

					point #340 (  2  1 )
					direction  : (  0  1 ) Ortho-MADS 2n
					mesh index : 1

					surrogate cache hit: #340 --> #316

					point #316 sgte eval: failed
				} 

			} end of evaluations

			re-ordered list of 2 poll trial points {

				#341: (  2 -1 ) (dir 0)
				#342: (  2  1 ) (dir 1)
			} 

			list of points evaluation (poll) {

				evaluation 1/2 {

					point #341 (  2 -1 )
					direction  : (  0 -1 ) Ortho-MADS 2n
					mesh index : -1

					cache hit: #341 --> #317
					poll unsuccessful point #317: evaluation failed
				} 

				evaluation 2/2 {

					point #342 (  2  1 )
					direction  : (  0  1 ) Ortho-MADS 2n
					mesh index : -1

					cache hit: #342 --> #318
					poll unsuccessful point #318: evaluation failed
				} 

			} end of evaluations


			MADS extended poll {


				extended poll pts sorting (on surrogates) {


					list of points evaluation (extended poll) {

						surrogate evaluation 1/4 {

							point #343 (  1  0 )
							mesh index : 1

							surrogate cache hit: #343 --> #259

							point #259 sgte eval: h=0 f=0.0016318082809399999961
						} 

						surrogate evaluation 2/4 {

							point #344 (  3  0 )
							mesh index : 1

							surrogate cache hit: #344 --> #260

							point #260 sgte eval: h=0 f=0.0014128923416100000639
						} 

						surrogate evaluation 3/4 {

							point #345 ( 153  0 )
							mesh index : 1

							surrogate cache hit: #345 --> #261

							point #261 sgte eval: h=0 f=0.0016149044036899999535
						} 

						surrogate evaluation 4/4 {

							point #346 ( 189  0 )
							mesh index : 1

							surrogate cache hit: #346 --> #262

							point #262 sgte eval: h=0 f=0.0014868974685699999031
						} 

					} end of evaluations


					sorted ext poll pts {

						point #1/4 : (     3     0 )
						point #2/4 : (   189     0 )
						point #3/4 : (   153     0 )
						point #4/4 : (     1     0 )

					} 


				} end of ext poll pts sorting (on surrogates)


				extended poll point eval {

					extended poll point = (     3     0 )

					list of points evaluation (extended poll) {

						evaluation 1/1 {

							point #347 (  3  0 )
							mesh index : 1

							cache hit: #347 --> #263
							extended poll unsuccessful point #263 [ h=0 f=0.00014214992523200000764 ]
						} 

					} end of evaluations


				} 


				extended poll center: (     3     0 )

				perform extended poll descent ...... no

				extended poll point eval {

					extended poll point = (   189     0 )

					list of points evaluation (extended poll) {

						evaluation 1/1 {

							point #348 ( 189  0 )
							mesh index : 1

							cache hit: #348 --> #264
							extended poll unsuccessful point #264 [ h=0 f=0.00016552209854099999078 ]
						} 

					} end of evaluations


				} 


				extended poll center: (   189     0 )

				perform extended poll descent ...... no

				extended poll point eval {

					extended poll point = (   153     0 )

					list of points evaluation (extended poll) {

						evaluation 1/1 {

							point #349 ( 153  0 )
							mesh index : 1

							cache hit: #349 --> #265
							extended poll unsuccessful point #265 [ h=0 f=0.00016144037246700000459 ]
						} 

					} end of evaluations


				} 


				extended poll center: (   153     0 )

				perform extended poll descent ...... no

				extended poll point eval {

					extended poll point = (     1     0 )

					list of points evaluation (extended poll) {

						evaluation 1/1 {

							point #350 (  1  0 )
							mesh index : 1

							cache hit: #350 --> #266
							extended poll unsuccessful point #266 [ h=0 f=0.00016286134719799998972 ]
						} 

					} end of evaluations


				} 


				extended poll center: (     1     0 )

				perform extended poll descent ...... no

			} end of extended poll

		} end of poll

		Mesh update {
			previous mesh index: 1
			new mesh index     : 2
		} 


		terminate MADS       : no
		iteration status     : unsuccessful
		new feas. incumbent  : none
		new infeas. incumbent: none

	} end of iteration 13

	MADS iteration 14 {

		blackbox evaluations : 33
		best feas. solution  : (  2  0 ) h=0 f=8.1119537353500001105e-05
		best infeas. solution: none
		poll center          : (  2  0 )
		mesh size            : ( 0.0625 0.0625 )
		poll size            : ( 0.25 0.25 )
		mesh index           : 2
		h_max                : inf

		MADS search {
		} end of search

		MADS poll {

			poll center: (  2  0 )

			poll directions (include mesh size parameter) {
				dir 0 : (  0 -1 ) Ortho-MADS 2n
				dir 1 : (  0  1 ) Ortho-MADS 2n
			} 

			re-ordered list of 2 poll trial points {
				#351 : (  2 -1 ) (dir 0)
				#352 : (  2  1 ) (dir 1)
			} 

			list of points evaluation (poll) {

				surrogate evaluation 1/2 {

					point #351 (  2 -1 )
					direction  : (  0 -1 ) Ortho-MADS 2n
					mesh index : 2

					surrogate cache hit: #351 --> #315

					point #315 sgte eval: failed
				} 

				surrogate evaluation 2/2 {

					point #352 (  2  1 )
					direction  : (  0  1 ) Ortho-MADS 2n
					mesh index : 2

					surrogate cache hit: #352 --> #316

					point #316 sgte eval: failed
				} 

			} end of evaluations

			re-ordered list of 2 poll trial points {

				#353: (  2 -1 ) (dir 0)
				#354: (  2  1 ) (dir 1)
			} 

			list of points evaluation (poll) {

				evaluation 1/2 {

					point #353 (  2 -1 )
					direction  : (  0 -1 ) Ortho-MADS 2n
					mesh index : -1

					cache hit: #353 --> #317
					poll unsuccessful point #317: evaluation failed
				} 

				evaluation 2/2 {

					point #354 (  2  1 )
					direction  : (  0  1 ) Ortho-MADS 2n
					mesh index : -1

					cache hit: #354 --> #318
					poll unsuccessful point #318: evaluation failed
				} 

			} end of evaluations


			MADS extended poll {


				extended poll pts sorting (on surrogates) {


					list of points evaluation (extended poll) {

						surrogate evaluation 1/4 {

							point #355 (  1  0 )
							mesh index : 2

							surrogate cache hit: #355 --> #259

							point #259 sgte eval: h=0 f=0.0016318082809399999961
						} 

						surrogate evaluation 2/4 {

							point #356 (  3  0 )
							mesh index : 2

							surrogate cache hit: #356 --> #260

							point #260 sgte eval: h=0 f=0.0014128923416100000639
						} 

						surrogate evaluation 3/4 {

							point #357 ( 153  0 )
							mesh index : 2

							surrogate cache hit: #357 --> #261

							point #261 sgte eval: h=0 f=0.0016149044036899999535
						} 

						surrogate evaluation 4/4 {

							point #358 ( 189  0 )
							mesh index : 2

							surrogate cache hit: #358 --> #262

							point #262 sgte eval: h=0 f=0.0014868974685699999031
						} 

					} end of evaluations


					sorted ext poll pts {

						point #1/4 : (     3     0 )
						point #2/4 : (   189     0 )
						point #3/4 : (   153     0 )
						point #4/4 : (     1     0 )

					} 


				} end of ext poll pts sorting (on surrogates)


				extended poll point eval {

					extended poll point = (     3     0 )

					list of points evaluation (extended poll) {

						evaluation 1/1 {

							point #359 (  3  0 )
							mesh index : 2

							cache hit: #359 --> #263
							extended poll unsuccessful point #263 [ h=0 f=0.00014214992523200000764 ]
						} 

					} end of evaluations


				} 


				extended poll center: (     3     0 )

				perform extended poll descent ...... no

				extended poll point eval {

					extended poll point = (   189     0 )

					list of points evaluation (extended poll) {

						evaluation 1/1 {

							point #360 ( 189  0 )
							mesh index : 2

							cache hit: #360 --> #264
							extended poll unsuccessful point #264 [ h=0 f=0.00016552209854099999078 ]
						} 

					} end of evaluations


				} 


				extended poll center: (   189     0 )

				perform extended poll descent ...... no

				extended poll point eval {

					extended poll point = (   153     0 )

					list of points evaluation (extended poll) {

						evaluation 1/1 {

							point #361 ( 153  0 )
							mesh index : 2

							cache hit: #361 --> #265
							extended poll unsuccessful point #265 [ h=0 f=0.00016144037246700000459 ]
						} 

					} end of evaluations


				} 


				extended poll center: (   153     0 )

				perform extended poll descent ...... no

				extended poll point eval {

					extended poll point = (     1     0 )

					list of points evaluation (extended poll) {

						evaluation 1/1 {

							point #362 (  1  0 )
							mesh index : 2

							cache hit: #362 --> #266
							extended poll unsuccessful point #266 [ h=0 f=0.00016286134719799998972 ]
						} 

					} end of evaluations


				} 


				extended poll center: (     1     0 )

				perform extended poll descent ...... no

			} end of extended poll

		} end of poll

		Mesh update {
			previous mesh index: 2
			new mesh index     : 3
		} 


		terminate MADS       : yes
		termination cause    : max mesh index
		iteration status     : unsuccessful
		new feas. incumbent  : none
		new infeas. incumbent: none

	} end of iteration 14

} end of run (max mesh index)

NOMAD final display {

	cache {
		number of cache points: 33
		size in memory        : 4.5 KB
		cache file            : -
	} 

	stats {
		MADS iterations                 : 15
		blackbox evaluations            : 33
		simulated blackbox evaluations  : 0
		evaluations                     : 73
		surrogate evaluations           : 125
		failed evaluations              : 44
		interrupted sequences of eval.  : 0
		cache hits                      : 100
		number of poll searches         : 15
		poll successes                  : 6
		poll points                     : 30
		number of extended polls        : 15
		number of ext. poll descents    : 0
		number of ext. poll successes   : 6
		number of ext. poll points      : 197
		number of ext. poll bb eval     : 10
		number of speculative searches  : 6
		speculative search successes    : 0
		speculative search points       : 0
		number of user searches         : 0
		number of LH searches           : 0
		number of cache searches        : 0
		number of VNS searches          : 0
		no model has been constructed
		wall-clock time                 : 4m 40s
	} 

	miscellaneous {
		mesh index      : min=-6, max=3, last=2
		best feas. sol  : ( 2 0 ) h=0 f=8.1119537353500001105e-05
		best infeas. sol: none
	} 
} 
