
NOMAD - version 3.5.1 - www.gerad.ca/nomad

Copyright (C) 2001-2012 {
	Mark A. Abramson     - The Boeing Company
	Charles Audet        - Ecole Polytechnique de Montreal
	Gilles Couture       - Ecole Polytechnique de Montreal
	John E. Dennis, Jr.  - Rice University
	Sebastien Le Digabel - Ecole Polytechnique de Montreal
	Christophe Tribes    - Ecole Polytechnique de Montreal
} 

Funded in part by AFOSR and Exxon Mobil.

License   : '$NOMAD_HOME/src/lgpl.txt'
User guide: '$NOMAD_HOME/doc/user_guide.pdf'
Examples  : '$NOMAD_HOME/examples'
Tools     : '$NOMAD_HOME/tools'

Please report bugs to nomad@gerad.ca

parameters {

	problem directory    : ./
	dimension            : n=2
	blackbox input types : (   cat(C)   int(I) )
	extended poll trigger: 0.10000000000000000555 (relative)
	neighbors executable : $python neighbors.py
	variable groups {
		group #0 {
			indexes: { 0 }
			no directions (categorical variables)
		} 
		group #1 {
			indexes: { 1 }
			directions {
				n             : 1
				types         : { [Ortho-MADS 2n] }
				sec poll types: { }
				halton_seed   : 3
			} 
		} 
	} 
	blackbox outputs (m=1) {
		#0          OBJ	$python blackbox.py	$python surrogate.py
	} 
	signature                       : standard
	has surrogate                   : yes
	sort trial points with surrogate: yes
	surrogate cost                  : none
	add seed to output file names   : yes
	solution file                   : nomad-solution.27209.txt
	history file                    : none
	stats file                      : none
	cache file                      : none
	x0                              : ( 219391    0 )
	directions         : Ortho-MADS 2n
	user halton seed   : 3
	mesh {
		update basis       :   4
		coarsening exponent:   1
		refining exponent  :  -1
		initial mesh index :   0
		max mesh index     :   2
		initial mesh size  : (    1    1 )
		min poll size      : (  NaN    1 )
	} 
	snap to bounds                   : yes
	opportunistic evaluations        : yes
	use models                       : no
	speculative search               : yes
	VNS search                       : no
	Latin-Hypercube (LH) search      : no
	cache search                     : no
	random seed / run id             : 27209
	epsilon                          : 1.0000000000000000304e-13
	undefined string                 : NaN
	infinity string                  : inf
	display degrees {
		general  : full (3)
		search   : full (3)
		poll     : full (3)
		iterative: full (3)
	} 
	display stats                : EVAL BBE [ SOL, ] BBO TIME
	display all evaluations      : no
	point display limit          : no limit
	max number of blackbox eval. : 100
	max cache memory             : 2000 MB
} 

MADS run {

	starting point evaluation {

		x0 eval point: ( 219391  0 )

		list of points evaluation (x0 evaluation) {

			evaluation 1/1 {

				point #0 ( 219391  0 )


				x0 evaluation dominating point #0 {
					x    = ( 219391  0 )
					F(x) = [ 0.00016288042068500000457 ]
					h    = 0
					f    = 0.00016288042068500000457
				} 
			} 

		} end of evaluations


		terminate MADS       : no
		iteration status     : dominating
		new feas. incumbent  : #0 {
			x    = ( 219391  0 )
			F(x) = [ 0.00016288042068500000457 ]
			h    = 0
			f    = 0.00016288042068500000457
		} 
		new infeas. incumbent: none

	} end of starting point evaluation

	MADS iteration 0 {

		blackbox evaluations : 1
		best feas. solution  : ( 219391  0 ) h=0 f=0.00016288042068500000457
		best infeas. solution: none
		poll center          : ( 219391  0 )
		mesh size            : (  1  1 )
		poll size            : (  1  1 )
		mesh index           : 0
		h_max                : inf

		MADS search {
		} end of search

		MADS poll {

			poll center: ( 219391  0 )

			poll directions (include mesh size parameter) {
				dir 0 : (  0 -1 ) Ortho-MADS 2n
				dir 1 : (  0  1 ) Ortho-MADS 2n
			} 

			re-ordered list of 2 poll trial points {
				#1 : ( 219391 -1 ) (dir 0)
				#2 : ( 219391  1 ) (dir 1)
			} 

			list of points evaluation (poll) {

				surrogate evaluation 1/2 {

					point #1 ( 219391 -1 )
					direction  : (  0 -1 ) Ortho-MADS 2n
					mesh index : 0


					point #1 sgte eval: failed
				} 

				surrogate evaluation 2/2 {

					point #2 ( 219391  1 )
					direction  : (  0  1 ) Ortho-MADS 2n
					mesh index : 0


					point #2 sgte eval: failed
				} 

			} end of evaluations

			re-ordered list of 2 poll trial points {

				#3: ( 219391 -1 ) (dir 0)
				#4: ( 219391  1 ) (dir 1)
			} 

			list of points evaluation (poll) {

				evaluation 1/2 {

					point #3 ( 219391 -1 )
					direction  : (  0 -1 ) Ortho-MADS 2n
					mesh index : 0

					poll unsuccessful point #3: evaluation failed
				} 

				evaluation 2/2 {

					point #4 ( 219391  1 )
					direction  : (  0  1 ) Ortho-MADS 2n
					mesh index : 0

					poll unsuccessful point #4: evaluation failed
				} 

			} end of evaluations


			MADS extended poll {


				extended poll pts sorting (on surrogates) {


					list of points evaluation (extended poll) {

						surrogate evaluation 1/23 {

							point #5 ( 266047  0 )
							mesh index : 0


							point #5 sgte eval: h=0 f=0.0015810966491700000243
						} 

						surrogate evaluation 2/23 {

							point #6 ( 227167  0 )
							mesh index : 0


							point #6 sgte eval: h=0 f=0.0016010999679600000558
						} 

						surrogate evaluation 3/23 {

							point #7 ( 5551  0 )
							mesh index : 0


							point #7 sgte eval: h=0 f=0.001635694503779999958
						} 

						surrogate evaluation 4/23 {

							point #8 ( 5551  0 )
							mesh index : 0

							surrogate cache hit: #8 --> #7

							point #7 sgte eval: h=0 f=0.001635694503779999958
						} 

						surrogate evaluation 5/23 {

							point #9 ( 220687  0 )
							mesh index : 0


							point #9 sgte eval: h=0 f=0.0014752149581900000832
						} 

						surrogate evaluation 6/23 {

							point #10 ( 221983  0 )
							mesh index : 0


							point #10 sgte eval: h=0 f=0.0016673088073700000067
						} 

						surrogate evaluation 7/23 {

							point #11 ( 8044639  0 )
							mesh index : 0


							point #11 sgte eval: h=0 f=0.0016005039215099998995
						} 

						surrogate evaluation 8/23 {

							point #12 ( 8091295  0 )
							mesh index : 0


							point #12 sgte eval: h=0 f=0.0018929004669199999376
						} 

						surrogate evaluation 9/23 {

							point #13 ( 219607  0 )
							mesh index : 0


							point #13 sgte eval: h=0 f=0.0014631032943700000501
						} 

						surrogate evaluation 10/23 {

							point #14 ( 219823  0 )
							mesh index : 0


							point #14 sgte eval: h=0 f=0.001662707328800000061
						} 

						surrogate evaluation 11/23 {

							point #15 ( 7919359  0 )
							mesh index : 0


							point #15 sgte eval: h=0 f=0.0016345024108899998926
						} 

						surrogate evaluation 12/23 {

							point #16 ( 7927135  0 )
							mesh index : 0


							point #16 sgte eval: h=0 f=0.0015147924423199999027
						} 

						surrogate evaluation 13/23 {

							point #17 ( 219427  0 )
							mesh index : 0


							point #17 sgte eval: h=0 f=0.0016023159027100000555
						} 

						surrogate evaluation 14/23 {

							point #18 ( 6091  0 )
							mesh index : 0


							point #18 sgte eval: h=0 f=0.001632809638980000028
						} 

						surrogate evaluation 15/23 {

							point #19 ( 6091  0 )
							mesh index : 0

							surrogate cache hit: #19 --> #18

							point #18 sgte eval: h=0 f=0.001632809638980000028
						} 

						surrogate evaluation 16/23 {

							point #20 ( 219397  0 )
							mesh index : 0


							point #20 sgte eval: h=0 f=0.001445102691650000052
						} 

						surrogate evaluation 17/23 {

							point #21 ( 219403  0 )
							mesh index : 0


							point #21 sgte eval: h=0 f=0.0017015933990500000175
						} 

						surrogate evaluation 18/23 {

							point #22 ( 7898779  0 )
							mesh index : 0


							point #22 sgte eval: h=0 f=0.0015873908996600000817
						} 

						surrogate evaluation 19/23 {

							point #23 ( 7898995  0 )
							mesh index : 0


							point #23 sgte eval: h=0 f=0.0015638113021900000403
						} 

						surrogate evaluation 20/23 {

							point #24 ( 219392  0 )
							mesh index : 0


							point #24 sgte eval: h=0 f=0.0014569997787500000869
						} 

						surrogate evaluation 21/23 {

							point #25 ( 219393  0 )
							mesh index : 0


							point #25 sgte eval: h=0 f=0.001993680000310000134
						} 

						surrogate evaluation 22/23 {

							point #26 ( 7898199  0 )
							mesh index : 0


							point #26 sgte eval: h=0 f=0.0015958070755
						} 

						surrogate evaluation 23/23 {

							point #27 ( 7898235  0 )
							mesh index : 0


							point #27 sgte eval: h=0 f=0.0015897035598800000368
						} 

					} end of evaluations


					sorted ext poll pts {

						point # 1/21 : ( 219397     0 )
						point # 2/21 : ( 219392     0 )
						point # 3/21 : ( 219607     0 )
						point # 4/21 : ( 220687     0 )
						point # 5/21 : ( 7927135     0 )
						point # 6/21 : ( 7898995     0 )
						point # 7/21 : ( 266047     0 )
						point # 8/21 : ( 7898779     0 )
						point # 9/21 : ( 7898235     0 )
						point #10/21 : ( 7898199     0 )
						point #11/21 : ( 8044639     0 )
						point #12/21 : ( 227167     0 )
						point #13/21 : ( 219427     0 )
						point #14/21 : (  6091     0 )
						point #15/21 : ( 7919359     0 )
						point #16/21 : (  5551     0 )
						point #17/21 : ( 219823     0 )
						point #18/21 : ( 221983     0 )
						point #19/21 : ( 219403     0 )
						point #20/21 : ( 8091295     0 )
						point #21/21 : ( 219393     0 )

					} 


				} end of ext poll pts sorting (on surrogates)


				extended poll point eval {

					extended poll point = ( 219397     0 )

					list of points evaluation (extended poll) {

						evaluation 1/1 {

							point #28 ( 219397  0 )
							mesh index : 0


							extended poll dominating point #28 {
								x    = ( 219397  0 )
								F(x) = [ 0.00014571905136099999882 ]
								h    = 0
								f    = 0.00014571905136099999882
							} 
						} 

					} end of evaluations


				} 


			} end of extended poll

		} end of poll

		Mesh update {
			previous mesh index: 0
			new mesh index     : -1
		} 


		terminate MADS       : no
		iteration status     : dominating
		new feas. incumbent  : #28 {
			x    = ( 219397  0 )
			F(x) = [ 0.00014571905136099999882 ]
			h    = 0
			f    = 0.00014571905136099999882
		} 
		new infeas. incumbent: none

	} end of iteration 0

	MADS iteration 1 {

		blackbox evaluations : 4
		best feas. solution  : ( 219397  0 ) h=0 f=0.00014571905136099999882
		best infeas. solution: none
		poll center          : ( 219397  0 )
		mesh size            : (  1  1 )
		poll size            : (  2  2 )
		mesh index           : -1
		h_max                : inf

		MADS search {

			speculative search {

			} end of speculative search (unsuccessful)

		} end of search

		MADS poll {

			poll center: ( 219397  0 )

			poll directions (include mesh size parameter) {
				dir 0 : (  0 -1 ) Ortho-MADS 2n
				dir 1 : (  0  1 ) Ortho-MADS 2n
			} 

			re-ordered list of 2 poll trial points {
				#49 : ( 219397 -1 ) (dir 0)
				#50 : ( 219397  1 ) (dir 1)
			} 

			list of points evaluation (poll) {

				surrogate evaluation 1/2 {

					point #49 ( 219397 -1 )
					direction  : (  0 -1 ) Ortho-MADS 2n
					mesh index : -1


					point #49 sgte eval: failed
				} 

				surrogate evaluation 2/2 {

					point #50 ( 219397  1 )
					direction  : (  0  1 ) Ortho-MADS 2n
					mesh index : -1


					point #50 sgte eval: failed
				} 

			} end of evaluations

			re-ordered list of 2 poll trial points {

				#51: ( 219397 -1 ) (dir 0)
				#52: ( 219397  1 ) (dir 1)
			} 

			list of points evaluation (poll) {

				evaluation 1/2 {

					point #51 ( 219397 -1 )
					direction  : (  0 -1 ) Ortho-MADS 2n
					mesh index : -1

					poll unsuccessful point #51: evaluation failed
				} 

				evaluation 2/2 {

					point #52 ( 219397  1 )
					direction  : (  0  1 ) Ortho-MADS 2n
					mesh index : -1

					poll unsuccessful point #52: evaluation failed
				} 

			} end of evaluations


			MADS extended poll {


				extended poll pts sorting (on surrogates) {


					list of points evaluation (extended poll) {

						surrogate evaluation 1/23 {

							point #53 ( 266053  0 )
							mesh index : -1


							point #53 sgte eval: h=0 f=0.0013242006301899999967
						} 

						surrogate evaluation 2/23 {

							point #54 ( 227173  0 )
							mesh index : -1


							point #54 sgte eval: h=0 f=0.001474094390870000007
						} 

						surrogate evaluation 3/23 {

							point #55 ( 5557  0 )
							mesh index : -1


							point #55 sgte eval: h=0 f=0.0014974117279099999952
						} 

						surrogate evaluation 4/23 {

							point #56 ( 5557  0 )
							mesh index : -1

							surrogate cache hit: #56 --> #55

							point #55 sgte eval: h=0 f=0.0014974117279099999952
						} 

						surrogate evaluation 5/23 {

							point #57 ( 220693  0 )
							mesh index : -1


							point #57 sgte eval: h=0 f=0.0012903928756700000675
						} 

						surrogate evaluation 6/23 {

							point #58 ( 221989  0 )
							mesh index : -1


							point #58 sgte eval: h=0 f=0.001693892478940000083
						} 

						surrogate evaluation 7/23 {

							point #59 ( 8044645  0 )
							mesh index : -1


							point #59 sgte eval: h=0 f=0.0014289855956999999824
						} 

						surrogate evaluation 8/23 {

							point #60 ( 8091301  0 )
							mesh index : -1


							point #60 sgte eval: h=0 f=0.001423907279969999955
						} 

						surrogate evaluation 9/23 {

							point #61 ( 219613  0 )
							mesh index : -1


							point #61 sgte eval: h=0 f=0.0012778043746899999528
						} 

						surrogate evaluation 10/23 {

							point #62 ( 219829  0 )
							mesh index : -1


							point #62 sgte eval: h=0 f=0.0014910936355600000035
						} 

						surrogate evaluation 11/23 {

							point #63 ( 7919365  0 )
							mesh index : -1


							point #63 sgte eval: h=0 f=0.0014287948608399999185
						} 

						surrogate evaluation 12/23 {

							point #64 ( 7927141  0 )
							mesh index : -1


							point #64 sgte eval: h=0 f=0.0013981103897100000989
						} 

						surrogate evaluation 13/23 {

							point #65 ( 219433  0 )
							mesh index : -1


							point #65 sgte eval: h=0 f=0.0013808965683000001042
						} 

						surrogate evaluation 14/23 {

							point #66 ( 6092  0 )
							mesh index : -1


							point #66 sgte eval: h=0 f=0.0012592077255200000152
						} 

						surrogate evaluation 15/23 {

							point #67 ( 6091  0 )
							mesh index : -1

							surrogate cache hit: #67 --> #18

							point #18 sgte eval: h=0 f=0.001632809638980000028
						} 

						surrogate evaluation 16/23 {

							point #68 ( 219391  0 )
							mesh index : -1


							point #68 sgte eval: h=0 f=0.0016352176666299999067
						} 

						surrogate evaluation 17/23 {

							point #69 ( 219403  0 )
							mesh index : -1

							surrogate cache hit: #69 --> #21

							point #21 sgte eval: h=0 f=0.0017015933990500000175
						} 

						surrogate evaluation 18/23 {

							point #70 ( 7898743  0 )
							mesh index : -1


							point #70 sgte eval: h=0 f=0.0019659042358399999618
						} 

						surrogate evaluation 19/23 {

							point #71 ( 7898959  0 )
							mesh index : -1


							point #71 sgte eval: h=0 f=0.0016571044921900000835
						} 

						surrogate evaluation 20/23 {

							point #72 ( 219398  0 )
							mesh index : -1


							point #72 sgte eval: h=0 f=0.0015195846557599999426
						} 

						surrogate evaluation 21/23 {

							point #73 ( 219399  0 )
							mesh index : -1


							point #73 sgte eval: h=0 f=0.0014877080917400000576
						} 

						surrogate evaluation 22/23 {

							point #74 ( 7898415  0 )
							mesh index : -1


							point #74 sgte eval: h=0 f=0.001446294784549999931
						} 

						surrogate evaluation 23/23 {

							point #75 ( 7898451  0 )
							mesh index : -1


							point #75 sgte eval: h=0 f=0.0013864994049100000818
						} 

					} end of evaluations


					sorted ext poll pts {

						point # 1/22 : (  6092     0 )
						point # 2/22 : ( 219613     0 )
						point # 3/22 : ( 220693     0 )
						point # 4/22 : ( 266053     0 )
						point # 5/22 : ( 219433     0 )
						point # 6/22 : ( 7898451     0 )
						point # 7/22 : ( 7927141     0 )
						point # 8/22 : ( 8091301     0 )
						point # 9/22 : ( 7919365     0 )
						point #10/22 : ( 8044645     0 )
						point #11/22 : ( 7898415     0 )
						point #12/22 : ( 227173     0 )
						point #13/22 : ( 219399     0 )
						point #14/22 : ( 219829     0 )
						point #15/22 : (  5557     0 )
						point #16/22 : ( 219398     0 )
						point #17/22 : (  6091     0 )
						point #18/22 : ( 219391     0 )
						point #19/22 : ( 7898959     0 )
						point #20/22 : ( 221989     0 )
						point #21/22 : ( 219403     0 )
						point #22/22 : ( 7898743     0 )

					} 


				} end of ext poll pts sorting (on surrogates)


				extended poll point eval {

					extended poll point = (  6092     0 )

					list of points evaluation (extended poll) {

						evaluation 1/1 {

							point #76 ( 6092  0 )
							mesh index : -1


							extended poll dominating point #76 {
								x    = ( 6092  0 )
								F(x) = [ 0.00012450933456400000874 ]
								h    = 0
								f    = 0.00012450933456400000874
							} 
						} 

					} end of evaluations


				} 


			} end of extended poll

		} end of poll

		Mesh update {
			previous mesh index: -1
			new mesh index     : -2
		} 


		terminate MADS       : no
		iteration status     : dominating
		new feas. incumbent  : #76 {
			x    = ( 6092  0 )
			F(x) = [ 0.00012450933456400000874 ]
			h    = 0
			f    = 0.00012450933456400000874
		} 
		new infeas. incumbent: none

	} end of iteration 1

	MADS iteration 2 {

		blackbox evaluations : 7
		best feas. solution  : ( 6092  0 ) h=0 f=0.00012450933456400000874
		best infeas. solution: none
		poll center          : ( 6092  0 )
		mesh size            : (  1  1 )
		poll size            : (  4  4 )
		mesh index           : -2
		h_max                : inf

		MADS search {

			speculative search {

			} end of speculative search (unsuccessful)

		} end of search

		MADS poll {

			poll center: ( 6092  0 )

			poll directions (include mesh size parameter) {
				dir 0 : (  0 -4 ) Ortho-MADS 2n
				dir 1 : (  0  4 ) Ortho-MADS 2n
			} 

			re-ordered list of 2 poll trial points {
				# 98 : ( 6092 -4 ) (dir 0)
				# 99 : ( 6092  4 ) (dir 1)
			} 

			list of points evaluation (poll) {

				surrogate evaluation 1/2 {

					point #98 ( 6092 -4 )
					direction  : (  0 -4 ) Ortho-MADS 2n
					mesh index : -2


					point #98 sgte eval: failed
				} 

				surrogate evaluation 2/2 {

					point #99 ( 6092  4 )
					direction  : (  0  4 ) Ortho-MADS 2n
					mesh index : -2


					point #99 sgte eval: failed
				} 

			} end of evaluations

			re-ordered list of 2 poll trial points {

				#100: ( 6092 -4 ) (dir 0)
				#101: ( 6092  4 ) (dir 1)
			} 

			list of points evaluation (poll) {

				evaluation 1/2 {

					point #100 ( 6092 -4 )
					direction  : (  0 -4 ) Ortho-MADS 2n
					mesh index : -2

					poll unsuccessful point #100: evaluation failed
				} 

				evaluation 2/2 {

					point #101 ( 6092  4 )
					direction  : (  0  4 ) Ortho-MADS 2n
					mesh index : -2

					poll unsuccessful point #101: evaluation failed
				} 

			} end of evaluations


			MADS extended poll {


				extended poll pts sorting (on surrogates) {


					list of points evaluation (extended poll) {

						surrogate evaluation 1/16 {

							point #102 ( 7388  0 )
							mesh index : -2


							point #102 sgte eval: h=0 f=0.00087630748748800005136
						} 

						surrogate evaluation 2/16 {

							point #103 ( 6308  0 )
							mesh index : -2


							point #103 sgte eval: h=0 f=0.0012288808822599999859
						} 

						surrogate evaluation 3/16 {

							point #104 ( 152  0 )
							mesh index : -2


							point #104 sgte eval: h=0 f=0.0018644094467199999986
						} 

						surrogate evaluation 4/16 {

							point #105 ( 152  0 )
							mesh index : -2

							surrogate cache hit: #105 --> #104

							point #104 sgte eval: h=0 f=0.0018644094467199999986
						} 

						surrogate evaluation 5/16 {

							point #106 ( 6128  0 )
							mesh index : -2


							point #106 sgte eval: h=0 f=0.0010920047760000000867
						} 

						surrogate evaluation 6/16 {

							point #107 ( 6164  0 )
							mesh index : -2


							point #107 sgte eval: h=0 f=0.001286697387699999983
						} 

						surrogate evaluation 7/16 {

							point #108 ( 223460  0 )
							mesh index : -2


							point #108 sgte eval: h=0 f=0.0012115001678500000783
						} 

						surrogate evaluation 8/16 {

							point #109 ( 224756  0 )
							mesh index : -2


							point #109 sgte eval: h=0 f=0.0012381076812700000586
						} 

						surrogate evaluation 9/16 {

							point #110 ( 6098  0 )
							mesh index : -2


							point #110 sgte eval: h=0 f=0.0011388063430799999758
						} 

						surrogate evaluation 10/16 {

							point #111 ( 6104  0 )
							mesh index : -2


							point #111 sgte eval: h=0 f=0.0012835979461700000245
						} 

						surrogate evaluation 11/16 {

							point #112 ( 219980  0 )
							mesh index : -2


							point #112 sgte eval: h=0 f=0.0012301921844499999394
						} 

						surrogate evaluation 12/16 {

							point #113 ( 220196  0 )
							mesh index : -2


							point #113 sgte eval: h=0 f=0.0012178897857700000593
						} 

						surrogate evaluation 13/16 {

							point #114 ( 6091  0 )
							mesh index : -2

							surrogate cache hit: #114 --> #18

							point #18 sgte eval: h=0 f=0.001632809638980000028
						} 

						surrogate evaluation 14/16 {

							point #115 ( 6093  0 )
							mesh index : -2


							point #115 sgte eval: h=0 f=0.0021626949310299997849
						} 

						surrogate evaluation 15/16 {

							point #116 ( 219393  0 )
							mesh index : -2

							surrogate cache hit: #116 --> #25

							point #25 sgte eval: h=0 f=0.001993680000310000134
						} 

						surrogate evaluation 16/16 {

							point #117 ( 219429  0 )
							mesh index : -2


							point #117 sgte eval: h=0 f=0.0016323089599600000121
						} 

					} end of evaluations


					sorted ext poll pts {

						point # 1/15 : (  7388     0 )
						point # 2/15 : (  6128     0 )
						point # 3/15 : (  6098     0 )
						point # 4/15 : ( 223460     0 )
						point # 5/15 : ( 220196     0 )
						point # 6/15 : (  6308     0 )
						point # 7/15 : ( 219980     0 )
						point # 8/15 : ( 224756     0 )
						point # 9/15 : (  6104     0 )
						point #10/15 : (  6164     0 )
						point #11/15 : ( 219429     0 )
						point #12/15 : (  6091     0 )
						point #13/15 : (   152     0 )
						point #14/15 : ( 219393     0 )
						point #15/15 : (  6093     0 )

					} 


				} end of ext poll pts sorting (on surrogates)


				extended poll point eval {

					extended poll point = (  7388     0 )

					list of points evaluation (extended poll) {

						evaluation 1/1 {

							point #118 ( 7388  0 )
							mesh index : -2


							extended poll dominating point #118 {
								x    = ( 7388  0 )
								F(x) = [ 9.6998214721699996775e-05 ]
								h    = 0
								f    = 9.6998214721699996775e-05
							} 
						} 

					} end of evaluations


				} 


			} end of extended poll

		} end of poll

		Mesh update {
			previous mesh index: -2
			new mesh index     : -3
		} 


		terminate MADS       : no
		iteration status     : dominating
		new feas. incumbent  : #118 {
			x    = ( 7388  0 )
			F(x) = [ 9.6998214721699996775e-05 ]
			h    = 0
			f    = 9.6998214721699996775e-05
		} 
		new infeas. incumbent: none

	} end of iteration 2

	MADS iteration 3 {

		blackbox evaluations : 10
		best feas. solution  : ( 7388  0 ) h=0 f=9.6998214721699996775e-05
		best infeas. solution: none
		poll center          : ( 7388  0 )
		mesh size            : (  1  1 )
		poll size            : (  8  8 )
		mesh index           : -3
		h_max                : inf

		MADS search {

			speculative search {

			} end of speculative search (unsuccessful)

		} end of search

		MADS poll {

			poll center: ( 7388  0 )

			poll directions (include mesh size parameter) {
				dir 0 : (  0 -4 ) Ortho-MADS 2n
				dir 1 : (  0  4 ) Ortho-MADS 2n
			} 

			re-ordered list of 2 poll trial points {
				#133 : ( 7388 -4 ) (dir 0)
				#134 : ( 7388  4 ) (dir 1)
			} 

			list of points evaluation (poll) {

				surrogate evaluation 1/2 {

					point #133 ( 7388 -4 )
					direction  : (  0 -4 ) Ortho-MADS 2n
					mesh index : -3


					point #133 sgte eval: failed
				} 

				surrogate evaluation 2/2 {

					point #134 ( 7388  4 )
					direction  : (  0  4 ) Ortho-MADS 2n
					mesh index : -3


					point #134 sgte eval: failed
				} 

			} end of evaluations

			re-ordered list of 2 poll trial points {

				#135: ( 7388 -4 ) (dir 0)
				#136: ( 7388  4 ) (dir 1)
			} 

			list of points evaluation (poll) {

				evaluation 1/2 {

					point #135 ( 7388 -4 )
					direction  : (  0 -4 ) Ortho-MADS 2n
					mesh index : -3

					poll unsuccessful point #135: evaluation failed
				} 

				evaluation 2/2 {

					point #136 ( 7388  4 )
					direction  : (  0  4 ) Ortho-MADS 2n
					mesh index : -3

					poll unsuccessful point #136: evaluation failed
				} 

			} end of evaluations


			MADS extended poll {


				extended poll pts sorting (on surrogates) {


					list of points evaluation (extended poll) {

						surrogate evaluation 1/16 {

							point #137 ( 6092  0 )
							mesh index : -3

							surrogate cache hit: #137 --> #66

							point #66 sgte eval: h=0 f=0.0012592077255200000152
						} 

						surrogate evaluation 2/16 {

							point #138 ( 7604  0 )
							mesh index : -3


							point #138 sgte eval: h=0 f=0.0016477108001700000676
						} 

						surrogate evaluation 3/16 {

							point #139 ( 188  0 )
							mesh index : -3


							point #139 sgte eval: h=0 f=0.00099740028381300007733
						} 

						surrogate evaluation 4/16 {

							point #140 ( 188  0 )
							mesh index : -3

							surrogate cache hit: #140 --> #139

							point #139 sgte eval: h=0 f=0.00099740028381300007733
						} 

						surrogate evaluation 5/16 {

							point #141 ( 7424  0 )
							mesh index : -3


							point #141 sgte eval: h=0 f=0.00097239017486599999517
						} 

						surrogate evaluation 6/16 {

							point #142 ( 7460  0 )
							mesh index : -3


							point #142 sgte eval: h=0 f=0.0013803958892800000883
						} 

						surrogate evaluation 7/16 {

							point #143 ( 270116  0 )
							mesh index : -3


							point #143 sgte eval: h=0 f=0.0014515161514299999672
						} 

						surrogate evaluation 8/16 {

							point #144 ( 271412  0 )
							mesh index : -3


							point #144 sgte eval: h=0 f=0.0015429973602300000712
						} 

						surrogate evaluation 9/16 {

							point #145 ( 7394  0 )
							mesh index : -3


							point #145 sgte eval: h=0 f=0.001213598251340000005
						} 

						surrogate evaluation 10/16 {

							point #146 ( 7400  0 )
							mesh index : -3


							point #146 sgte eval: h=0 f=0.0011392116546600000379
						} 

						surrogate evaluation 11/16 {

							point #147 ( 266636  0 )
							mesh index : -3


							point #147 sgte eval: h=0 f=0.001154708862300000017
						} 

						surrogate evaluation 12/16 {

							point #148 ( 266852  0 )
							mesh index : -3


							point #148 sgte eval: h=0 f=0.0014855146408099999603
						} 

						surrogate evaluation 13/16 {

							point #149 ( 7387  0 )
							mesh index : -3


							point #149 sgte eval: h=0 f=0.0015802145004300000974
						} 

						surrogate evaluation 14/16 {

							point #150 ( 7389  0 )
							mesh index : -3


							point #150 sgte eval: h=0 f=0.001630711555480000071
						} 

						surrogate evaluation 15/16 {

							point #151 ( 266049  0 )
							mesh index : -3


							point #151 sgte eval: h=0 f=0.0016248941421500000953
						} 

						surrogate evaluation 16/16 {

							point #152 ( 266085  0 )
							mesh index : -3


							point #152 sgte eval: h=0 f=0.0015674114227299999844
						} 

					} end of evaluations


					sorted ext poll pts {

						point # 1/15 : (  7424     0 )
						point # 2/15 : (   188     0 )
						point # 3/15 : (  7400     0 )
						point # 4/15 : ( 266636     0 )
						point # 5/15 : (  7394     0 )
						point # 6/15 : (  6092     0 )
						point # 7/15 : (  7460     0 )
						point # 8/15 : ( 270116     0 )
						point # 9/15 : ( 266852     0 )
						point #10/15 : ( 271412     0 )
						point #11/15 : ( 266085     0 )
						point #12/15 : (  7387     0 )
						point #13/15 : ( 266049     0 )
						point #14/15 : (  7389     0 )
						point #15/15 : (  7604     0 )

					} 


				} end of ext poll pts sorting (on surrogates)


				extended poll point eval {

					extended poll point = (  7424     0 )

					list of points evaluation (extended poll) {

						evaluation 1/1 {

							point #153 ( 7424  0 )
							mesh index : -3

							extended poll unsuccessful point #153 [ h=0 f=9.7639560699500004492e-05 ]
						} 

					} end of evaluations


				} 


				extended poll center: (  7424     0 )

				perform extended poll descent ...... yes

				extended poll descent (on surrogates) {

					       iteration = 3
					 blackbox eval.  = 13
					      sgte eval. = 76
					      mesh index = -3
					ext. poll center = (  7424     0 ) f=9.7639560699500004492e-05 h=0


					MADS run {

						76+SGTE	OBJ	(ext-poll--surrogate)

						76+ 0	0.00097239017486600000	(ext-poll--surrogate)

					} end of run (max mesh index)

					blackbox evaluations    : 0
					best feasible solution  : ( 7424 0 ) h=0 f=0.00097239017486599999517

				} end of extended poll descent (unsuccessful)


				extended poll point eval {

					extended poll point = (   188     0 )

					list of points evaluation (extended poll) {

						evaluation 1/1 {

							point #154 ( 188  0 )
							mesh index : -3


							extended poll dominating point #154 {
								x    = ( 188  0 )
								F(x) = [ 8.3689689636199998332e-05 ]
								h    = 0
								f    = 8.3689689636199998332e-05
							} 
						} 

					} end of evaluations


				} 


			} end of extended poll

		} end of poll

		Mesh update {
			previous mesh index: -3
			new mesh index     : -4
		} 


		terminate MADS       : no
		iteration status     : dominating
		new feas. incumbent  : #154 {
			x    = ( 188  0 )
			F(x) = [ 8.3689689636199998332e-05 ]
			h    = 0
			f    = 8.3689689636199998332e-05
		} 
		new infeas. incumbent: none

	} end of iteration 3

	MADS iteration 4 {

		blackbox evaluations : 14
		best feas. solution  : ( 188  0 ) h=0 f=8.3689689636199998332e-05
		best infeas. solution: none
		poll center          : ( 188  0 )
		mesh size            : (  1  1 )
		poll size            : ( 16 16 )
		mesh index           : -4
		h_max                : inf

		MADS search {

			speculative search {

			} end of speculative search (unsuccessful)

		} end of search

		MADS poll {

			poll center: ( 188  0 )

			poll directions (include mesh size parameter) {
				dir 0 : (  0 -16 ) Ortho-MADS 2n
				dir 1 : (  0 16 ) Ortho-MADS 2n
			} 

			re-ordered list of 2 poll trial points {
				#171 : ( 188 -16 ) (dir 0)
				#172 : ( 188 16 ) (dir 1)
			} 

			list of points evaluation (poll) {

				surrogate evaluation 1/2 {

					point #171 ( 188 -16 )
					direction  : (  0 -16 ) Ortho-MADS 2n
					mesh index : -4


					point #171 sgte eval: failed
				} 

				surrogate evaluation 2/2 {

					point #172 ( 188 16 )
					direction  : (  0 16 ) Ortho-MADS 2n
					mesh index : -4


					point #172 sgte eval: failed
				} 

			} end of evaluations

			re-ordered list of 2 poll trial points {

				#173: ( 188 -16 ) (dir 0)
				#174: ( 188 16 ) (dir 1)
			} 

			list of points evaluation (poll) {

				evaluation 1/2 {

					point #173 ( 188 -16 )
					direction  : (  0 -16 ) Ortho-MADS 2n
					mesh index : -4

					poll unsuccessful point #173: evaluation failed
				} 

				evaluation 2/2 {

					point #174 ( 188 16 )
					direction  : (  0 16 ) Ortho-MADS 2n
					mesh index : -4

					poll unsuccessful point #174: evaluation failed
				} 

			} end of evaluations


			MADS extended poll {


				extended poll pts sorting (on surrogates) {


					list of points evaluation (extended poll) {

						surrogate evaluation 1/11 {

							point #175 ( 152  0 )
							mesh index : -4

							surrogate cache hit: #175 --> #104

							point #104 sgte eval: h=0 f=0.0018644094467199999986
						} 

						surrogate evaluation 2/11 {

							point #176 (  1  0 )
							mesh index : -4


							point #176 sgte eval: h=0 f=0.0016252994537399999709
						} 

						surrogate evaluation 3/11 {

							point #177 (  2  0 )
							mesh index : -4


							point #177 sgte eval: h=0 f=0.00094258785247800002186
						} 

						surrogate evaluation 4/11 {

							point #178 ( 194  0 )
							mesh index : -4


							point #178 sgte eval: h=0 f=0.00080969333648700004841
						} 

						surrogate evaluation 5/11 {

							point #179 ( 200  0 )
							mesh index : -4


							point #179 sgte eval: h=0 f=0.00095429420471200001805
						} 

						surrogate evaluation 6/11 {

							point #180 ( 7436  0 )
							mesh index : -4


							point #180 sgte eval: h=0 f=0.00090110301971399995886
						} 

						surrogate evaluation 7/11 {

							point #181 ( 7652  0 )
							mesh index : -4


							point #181 sgte eval: h=0 f=0.00087120532989499999393
						} 

						surrogate evaluation 8/11 {

							point #182 ( 187  0 )
							mesh index : -4


							point #182 sgte eval: h=0 f=0.0015753984451299999064
						} 

						surrogate evaluation 9/11 {

							point #183 ( 189  0 )
							mesh index : -4


							point #183 sgte eval: h=0 f=0.0015552043914800000278
						} 

						surrogate evaluation 10/11 {

							point #184 ( 6849  0 )
							mesh index : -4


							point #184 sgte eval: h=0 f=0.0015781164169299999236
						} 

						surrogate evaluation 11/11 {

							point #185 ( 6885  0 )
							mesh index : -4


							point #185 sgte eval: h=0 f=0.0016930818557699999286
						} 

					} end of evaluations


					sorted ext poll pts {

						point # 1/11 : (   194     0 )
						point # 2/11 : (  7652     0 )
						point # 3/11 : (  7436     0 )
						point # 4/11 : (     2     0 )
						point # 5/11 : (   200     0 )
						point # 6/11 : (   189     0 )
						point # 7/11 : (   187     0 )
						point # 8/11 : (  6849     0 )
						point # 9/11 : (     1     0 )
						point #10/11 : (  6885     0 )
						point #11/11 : (   152     0 )

					} 


				} end of ext poll pts sorting (on surrogates)


				extended poll point eval {

					extended poll point = (   194     0 )

					list of points evaluation (extended poll) {

						evaluation 1/1 {

							point #186 ( 194  0 )
							mesh index : -4

							extended poll unsuccessful point #186 [ h=0 f=8.5811614990199996033e-05 ]
						} 

					} end of evaluations


				} 


				extended poll center: (   194     0 )

				perform extended poll descent ...... yes

				extended poll descent (on surrogates) {

					       iteration = 4
					 blackbox eval.  = 17
					      sgte eval. = 90
					      mesh index = -4
					ext. poll center = (   194     0 ) f=8.5811614990199996033e-05 h=0


					MADS run {

						90+SGTE	OBJ	(ext-poll--surrogate)

						90+ 0	0.00080969333648700005	(ext-poll--surrogate)

					} end of run (max mesh index)

					blackbox evaluations    : 0
					best feasible solution  : ( 194 0 ) h=0 f=0.00080969333648700004841

				} end of extended poll descent (unsuccessful)


				extended poll point eval {

					extended poll point = (  7652     0 )

					list of points evaluation (extended poll) {

						evaluation 1/1 {

							point #187 ( 7652  0 )
							mesh index : -4

							extended poll unsuccessful point #187 [ h=0 f=8.4190368652300003527e-05 ]
						} 

					} end of evaluations


				} 


				extended poll center: (  7652     0 )

				perform extended poll descent ...... yes

				extended poll descent (on surrogates) {

					       iteration = 4
					 blackbox eval.  = 18
					      sgte eval. = 92
					      mesh index = -4
					ext. poll center = (  7652     0 ) f=8.4190368652300003527e-05 h=0


					MADS run {

						92+SGTE	OBJ	(ext-poll--surrogate)

						92+ 0	0.00087120532989499999	(ext-poll--surrogate)

					} end of run (max mesh index)

					blackbox evaluations    : 0
					best feasible solution  : ( 7652 0 ) h=0 f=0.00087120532989499999393

				} end of extended poll descent (unsuccessful)


				extended poll point eval {

					extended poll point = (  7436     0 )

					list of points evaluation (extended poll) {

						evaluation 1/1 {

							point #188 ( 7436  0 )
							mesh index : -4

							extended poll unsuccessful point #188 [ h=0 f=9.0370178222700002437e-05 ]
						} 

					} end of evaluations


				} 


				extended poll center: (  7436     0 )

				perform extended poll descent ...... yes

				extended poll descent (on surrogates) {

					       iteration = 4
					 blackbox eval.  = 19
					      sgte eval. = 94
					      mesh index = -4
					ext. poll center = (  7436     0 ) f=9.0370178222700002437e-05 h=0


					MADS run {

						94+SGTE	OBJ	(ext-poll--surrogate)

						94+ 0	0.00090110301971399996	(ext-poll--surrogate)

					} end of run (max mesh index)

					blackbox evaluations    : 0
					best feasible solution  : ( 7436 0 ) h=0 f=0.00090110301971399995886

				} end of extended poll descent (unsuccessful)


				extended poll point eval {

					extended poll point = (     2     0 )

					list of points evaluation (extended poll) {

						evaluation 1/1 {

							point #189 (  2  0 )
							mesh index : -4


							extended poll dominating point #189 {
								x    = (  2  0 )
								F(x) = [ 8.0511569976799999345e-05 ]
								h    = 0
								f    = 8.0511569976799999345e-05
							} 
						} 

					} end of evaluations


				} 


			} end of extended poll

		} end of poll

		Mesh update {
			previous mesh index: -4
			new mesh index     : -5
		} 


		terminate MADS       : no
		iteration status     : dominating
		new feas. incumbent  : #189 {
			x    = (  2  0 )
			F(x) = [ 8.0511569976799999345e-05 ]
			h    = 0
			f    = 8.0511569976799999345e-05
		} 
		new infeas. incumbent: none

	} end of iteration 4

	MADS iteration 5 {

		blackbox evaluations : 20
		best feas. solution  : (  2  0 ) h=0 f=8.0511569976799999345e-05
		best infeas. solution: none
		poll center          : (  2  0 )
		mesh size            : (  1  1 )
		poll size            : ( 32 32 )
		mesh index           : -5
		h_max                : inf

		MADS search {

			speculative search {

			} end of speculative search (unsuccessful)

		} end of search

		MADS poll {

			poll center: (  2  0 )

			poll directions (include mesh size parameter) {
				dir 0 : (  0 -25 ) Ortho-MADS 2n
				dir 1 : (  0 25 ) Ortho-MADS 2n
			} 

			re-ordered list of 2 poll trial points {
				#206 : (  2 -25 ) (dir 0)
				#207 : (  2 25 ) (dir 1)
			} 

			list of points evaluation (poll) {

				surrogate evaluation 1/2 {

					point #206 (  2 -25 )
					direction  : (  0 -25 ) Ortho-MADS 2n
					mesh index : -5


					point #206 sgte eval: failed
				} 

				surrogate evaluation 2/2 {

					point #207 (  2 25 )
					direction  : (  0 25 ) Ortho-MADS 2n
					mesh index : -5


					point #207 sgte eval: failed
				} 

			} end of evaluations

			re-ordered list of 2 poll trial points {

				#208: (  2 -25 ) (dir 0)
				#209: (  2 25 ) (dir 1)
			} 

			list of points evaluation (poll) {

				evaluation 1/2 {

					point #208 (  2 -25 )
					direction  : (  0 -25 ) Ortho-MADS 2n
					mesh index : -5

					poll unsuccessful point #208: evaluation failed
				} 

				evaluation 2/2 {

					point #209 (  2 25 )
					direction  : (  0 25 ) Ortho-MADS 2n
					mesh index : -5

					poll unsuccessful point #209: evaluation failed
				} 

			} end of evaluations


			MADS extended poll {


				extended poll pts sorting (on surrogates) {


					list of points evaluation (extended poll) {

						surrogate evaluation 1/4 {

							point #210 (  1  0 )
							mesh index : -5

							surrogate cache hit: #210 --> #176

							point #176 sgte eval: h=0 f=0.0016252994537399999709
						} 

						surrogate evaluation 2/4 {

							point #211 (  3  0 )
							mesh index : -5


							point #211 sgte eval: h=0 f=0.0014359951019300000539
						} 

						surrogate evaluation 3/4 {

							point #212 ( 153  0 )
							mesh index : -5


							point #212 sgte eval: h=0 f=0.0016039848327599999858
						} 

						surrogate evaluation 4/4 {

							point #213 ( 189  0 )
							mesh index : -5

							surrogate cache hit: #213 --> #183

							point #183 sgte eval: h=0 f=0.0015552043914800000278
						} 

					} end of evaluations


					sorted ext poll pts {

						point #1/4 : (     3     0 )
						point #2/4 : (   189     0 )
						point #3/4 : (   153     0 )
						point #4/4 : (     1     0 )

					} 


				} end of ext poll pts sorting (on surrogates)


				extended poll point eval {

					extended poll point = (     3     0 )

					list of points evaluation (extended poll) {

						evaluation 1/1 {

							point #214 (  3  0 )
							mesh index : -5

							extended poll unsuccessful point #214 [ h=0 f=0.00014167070388799998738 ]
						} 

					} end of evaluations


				} 


				extended poll center: (     3     0 )

				perform extended poll descent ...... no

				extended poll point eval {

					extended poll point = (   189     0 )

					list of points evaluation (extended poll) {

						evaluation 1/1 {

							point #215 ( 189  0 )
							mesh index : -5

							extended poll unsuccessful point #215 [ h=0 f=0.00015344858169600000125 ]
						} 

					} end of evaluations


				} 


				extended poll center: (   189     0 )

				perform extended poll descent ...... no

				extended poll point eval {

					extended poll point = (   153     0 )

					list of points evaluation (extended poll) {

						evaluation 1/1 {

							point #216 ( 153  0 )
							mesh index : -5

							extended poll unsuccessful point #216 [ h=0 f=0.00016044855117799998933 ]
						} 

					} end of evaluations


				} 


				extended poll center: (   153     0 )

				perform extended poll descent ...... no

				extended poll point eval {

					extended poll point = (     1     0 )

					list of points evaluation (extended poll) {

						evaluation 1/1 {

							point #217 (  1  0 )
							mesh index : -5

							extended poll unsuccessful point #217 [ h=0 f=0.00016702890396099999448 ]
						} 

					} end of evaluations


				} 


				extended poll center: (     1     0 )

				perform extended poll descent ...... no

			} end of extended poll

		} end of poll

		Mesh update {
			previous mesh index: -5
			new mesh index     : -4
		} 


		terminate MADS       : no
		iteration status     : unsuccessful
		new feas. incumbent  : none
		new infeas. incumbent: none

	} end of iteration 5

	MADS iteration 6 {

		blackbox evaluations : 26
		best feas. solution  : (  2  0 ) h=0 f=8.0511569976799999345e-05
		best infeas. solution: none
		poll center          : (  2  0 )
		mesh size            : (  1  1 )
		poll size            : ( 16 16 )
		mesh index           : -4
		h_max                : inf

		MADS search {
		} end of search

		MADS poll {

			poll center: (  2  0 )

			poll directions (include mesh size parameter) {
				dir 0 : (  0 -16 ) Ortho-MADS 2n
				dir 1 : (  0 16 ) Ortho-MADS 2n
			} 

			re-ordered list of 2 poll trial points {
				#218 : (  2 -16 ) (dir 0)
				#219 : (  2 16 ) (dir 1)
			} 

			list of points evaluation (poll) {

				surrogate evaluation 1/2 {

					point #218 (  2 -16 )
					direction  : (  0 -16 ) Ortho-MADS 2n
					mesh index : -4


					point #218 sgte eval: failed
				} 

				surrogate evaluation 2/2 {

					point #219 (  2 16 )
					direction  : (  0 16 ) Ortho-MADS 2n
					mesh index : -4


					point #219 sgte eval: failed
				} 

			} end of evaluations

			re-ordered list of 2 poll trial points {

				#220: (  2 -16 ) (dir 0)
				#221: (  2 16 ) (dir 1)
			} 

			list of points evaluation (poll) {

				evaluation 1/2 {

					point #220 (  2 -16 )
					direction  : (  0 -16 ) Ortho-MADS 2n
					mesh index : -4

					poll unsuccessful point #220: evaluation failed
				} 

				evaluation 2/2 {

					point #221 (  2 16 )
					direction  : (  0 16 ) Ortho-MADS 2n
					mesh index : -4

					poll unsuccessful point #221: evaluation failed
				} 

			} end of evaluations


			MADS extended poll {


				extended poll pts sorting (on surrogates) {


					list of points evaluation (extended poll) {

						surrogate evaluation 1/4 {

							point #222 (  1  0 )
							mesh index : -4

							surrogate cache hit: #222 --> #176

							point #176 sgte eval: h=0 f=0.0016252994537399999709
						} 

						surrogate evaluation 2/4 {

							point #223 (  3  0 )
							mesh index : -4

							surrogate cache hit: #223 --> #211

							point #211 sgte eval: h=0 f=0.0014359951019300000539
						} 

						surrogate evaluation 3/4 {

							point #224 ( 153  0 )
							mesh index : -4

							surrogate cache hit: #224 --> #212

							point #212 sgte eval: h=0 f=0.0016039848327599999858
						} 

						surrogate evaluation 4/4 {

							point #225 ( 189  0 )
							mesh index : -4

							surrogate cache hit: #225 --> #183

							point #183 sgte eval: h=0 f=0.0015552043914800000278
						} 

					} end of evaluations


					sorted ext poll pts {

						point #1/4 : (     3     0 )
						point #2/4 : (   189     0 )
						point #3/4 : (   153     0 )
						point #4/4 : (     1     0 )

					} 


				} end of ext poll pts sorting (on surrogates)


				extended poll point eval {

					extended poll point = (     3     0 )

					list of points evaluation (extended poll) {

						evaluation 1/1 {

							point #226 (  3  0 )
							mesh index : -4

							cache hit: #226 --> #214
							extended poll unsuccessful point #214 [ h=0 f=0.00014167070388799998738 ]
						} 

					} end of evaluations


				} 


				extended poll center: (     3     0 )

				perform extended poll descent ...... no

				extended poll point eval {

					extended poll point = (   189     0 )

					list of points evaluation (extended poll) {

						evaluation 1/1 {

							point #227 ( 189  0 )
							mesh index : -4

							cache hit: #227 --> #215
							extended poll unsuccessful point #215 [ h=0 f=0.00015344858169600000125 ]
						} 

					} end of evaluations


				} 


				extended poll center: (   189     0 )

				perform extended poll descent ...... no

				extended poll point eval {

					extended poll point = (   153     0 )

					list of points evaluation (extended poll) {

						evaluation 1/1 {

							point #228 ( 153  0 )
							mesh index : -4

							cache hit: #228 --> #216
							extended poll unsuccessful point #216 [ h=0 f=0.00016044855117799998933 ]
						} 

					} end of evaluations


				} 


				extended poll center: (   153     0 )

				perform extended poll descent ...... no

				extended poll point eval {

					extended poll point = (     1     0 )

					list of points evaluation (extended poll) {

						evaluation 1/1 {

							point #229 (  1  0 )
							mesh index : -4

							cache hit: #229 --> #217
							extended poll unsuccessful point #217 [ h=0 f=0.00016702890396099999448 ]
						} 

					} end of evaluations


				} 


				extended poll center: (     1     0 )

				perform extended poll descent ...... no

			} end of extended poll

		} end of poll

		Mesh update {
			previous mesh index: -4
			new mesh index     : -3
		} 


		terminate MADS       : no
		iteration status     : unsuccessful
		new feas. incumbent  : none
		new infeas. incumbent: none

	} end of iteration 6

	MADS iteration 7 {

		blackbox evaluations : 28
		best feas. solution  : (  2  0 ) h=0 f=8.0511569976799999345e-05
		best infeas. solution: none
		poll center          : (  2  0 )
		mesh size            : (  1  1 )
		poll size            : (  8  8 )
		mesh index           : -3
		h_max                : inf

		MADS search {
		} end of search

		MADS poll {

			poll center: (  2  0 )

			poll directions (include mesh size parameter) {
				dir 0 : (  0 -4 ) Ortho-MADS 2n
				dir 1 : (  0  4 ) Ortho-MADS 2n
			} 

			re-ordered list of 2 poll trial points {
				#230 : (  2 -4 ) (dir 0)
				#231 : (  2  4 ) (dir 1)
			} 

			list of points evaluation (poll) {

				surrogate evaluation 1/2 {

					point #230 (  2 -4 )
					direction  : (  0 -4 ) Ortho-MADS 2n
					mesh index : -3


					point #230 sgte eval: failed
				} 

				surrogate evaluation 2/2 {

					point #231 (  2  4 )
					direction  : (  0  4 ) Ortho-MADS 2n
					mesh index : -3


					point #231 sgte eval: failed
				} 

			} end of evaluations

			re-ordered list of 2 poll trial points {

				#232: (  2 -4 ) (dir 0)
				#233: (  2  4 ) (dir 1)
			} 

			list of points evaluation (poll) {

				evaluation 1/2 {

					point #232 (  2 -4 )
					direction  : (  0 -4 ) Ortho-MADS 2n
					mesh index : -3

					poll unsuccessful point #232: evaluation failed
				} 

				evaluation 2/2 {

					point #233 (  2  4 )
					direction  : (  0  4 ) Ortho-MADS 2n
					mesh index : -3

					poll unsuccessful point #233: evaluation failed
				} 

			} end of evaluations


			MADS extended poll {


				extended poll pts sorting (on surrogates) {


					list of points evaluation (extended poll) {

						surrogate evaluation 1/4 {

							point #234 (  1  0 )
							mesh index : -3

							surrogate cache hit: #234 --> #176

							point #176 sgte eval: h=0 f=0.0016252994537399999709
						} 

						surrogate evaluation 2/4 {

							point #235 (  3  0 )
							mesh index : -3

							surrogate cache hit: #235 --> #211

							point #211 sgte eval: h=0 f=0.0014359951019300000539
						} 

						surrogate evaluation 3/4 {

							point #236 ( 153  0 )
							mesh index : -3

							surrogate cache hit: #236 --> #212

							point #212 sgte eval: h=0 f=0.0016039848327599999858
						} 

						surrogate evaluation 4/4 {

							point #237 ( 189  0 )
							mesh index : -3

							surrogate cache hit: #237 --> #183

							point #183 sgte eval: h=0 f=0.0015552043914800000278
						} 

					} end of evaluations


					sorted ext poll pts {

						point #1/4 : (     3     0 )
						point #2/4 : (   189     0 )
						point #3/4 : (   153     0 )
						point #4/4 : (     1     0 )

					} 


				} end of ext poll pts sorting (on surrogates)


				extended poll point eval {

					extended poll point = (     3     0 )

					list of points evaluation (extended poll) {

						evaluation 1/1 {

							point #238 (  3  0 )
							mesh index : -3

							cache hit: #238 --> #214
							extended poll unsuccessful point #214 [ h=0 f=0.00014167070388799998738 ]
						} 

					} end of evaluations


				} 


				extended poll center: (     3     0 )

				perform extended poll descent ...... no

				extended poll point eval {

					extended poll point = (   189     0 )

					list of points evaluation (extended poll) {

						evaluation 1/1 {

							point #239 ( 189  0 )
							mesh index : -3

							cache hit: #239 --> #215
							extended poll unsuccessful point #215 [ h=0 f=0.00015344858169600000125 ]
						} 

					} end of evaluations


				} 


				extended poll center: (   189     0 )

				perform extended poll descent ...... no

				extended poll point eval {

					extended poll point = (   153     0 )

					list of points evaluation (extended poll) {

						evaluation 1/1 {

							point #240 ( 153  0 )
							mesh index : -3

							cache hit: #240 --> #216
							extended poll unsuccessful point #216 [ h=0 f=0.00016044855117799998933 ]
						} 

					} end of evaluations


				} 


				extended poll center: (   153     0 )

				perform extended poll descent ...... no

				extended poll point eval {

					extended poll point = (     1     0 )

					list of points evaluation (extended poll) {

						evaluation 1/1 {

							point #241 (  1  0 )
							mesh index : -3

							cache hit: #241 --> #217
							extended poll unsuccessful point #217 [ h=0 f=0.00016702890396099999448 ]
						} 

					} end of evaluations


				} 


				extended poll center: (     1     0 )

				perform extended poll descent ...... no

			} end of extended poll

		} end of poll

		Mesh update {
			previous mesh index: -3
			new mesh index     : -2
		} 


		terminate MADS       : no
		iteration status     : unsuccessful
		new feas. incumbent  : none
		new infeas. incumbent: none

	} end of iteration 7

	MADS iteration 8 {

		blackbox evaluations : 30
		best feas. solution  : (  2  0 ) h=0 f=8.0511569976799999345e-05
		best infeas. solution: none
		poll center          : (  2  0 )
		mesh size            : (  1  1 )
		poll size            : (  4  4 )
		mesh index           : -2
		h_max                : inf

		MADS search {
		} end of search

		MADS poll {

			poll center: (  2  0 )

			poll directions (include mesh size parameter) {
				dir 0 : (  0 -4 ) Ortho-MADS 2n
				dir 1 : (  0  4 ) Ortho-MADS 2n
			} 

			re-ordered list of 2 poll trial points {
				#242 : (  2 -4 ) (dir 0)
				#243 : (  2  4 ) (dir 1)
			} 

			list of points evaluation (poll) {

				surrogate evaluation 1/2 {

					point #242 (  2 -4 )
					direction  : (  0 -4 ) Ortho-MADS 2n
					mesh index : -2

					surrogate cache hit: #242 --> #230

					point #230 sgte eval: failed
				} 

				surrogate evaluation 2/2 {

					point #243 (  2  4 )
					direction  : (  0  4 ) Ortho-MADS 2n
					mesh index : -2

					surrogate cache hit: #243 --> #231

					point #231 sgte eval: failed
				} 

			} end of evaluations

			re-ordered list of 2 poll trial points {

				#244: (  2 -4 ) (dir 0)
				#245: (  2  4 ) (dir 1)
			} 

			list of points evaluation (poll) {

				evaluation 1/2 {

					point #244 (  2 -4 )
					direction  : (  0 -4 ) Ortho-MADS 2n
					mesh index : -3

					cache hit: #244 --> #232
					poll unsuccessful point #232: evaluation failed
				} 

				evaluation 2/2 {

					point #245 (  2  4 )
					direction  : (  0  4 ) Ortho-MADS 2n
					mesh index : -3

					cache hit: #245 --> #233
					poll unsuccessful point #233: evaluation failed
				} 

			} end of evaluations


			MADS extended poll {


				extended poll pts sorting (on surrogates) {


					list of points evaluation (extended poll) {

						surrogate evaluation 1/4 {

							point #246 (  1  0 )
							mesh index : -2

							surrogate cache hit: #246 --> #176

							point #176 sgte eval: h=0 f=0.0016252994537399999709
						} 

						surrogate evaluation 2/4 {

							point #247 (  3  0 )
							mesh index : -2

							surrogate cache hit: #247 --> #211

							point #211 sgte eval: h=0 f=0.0014359951019300000539
						} 

						surrogate evaluation 3/4 {

							point #248 ( 153  0 )
							mesh index : -2

							surrogate cache hit: #248 --> #212

							point #212 sgte eval: h=0 f=0.0016039848327599999858
						} 

						surrogate evaluation 4/4 {

							point #249 ( 189  0 )
							mesh index : -2

							surrogate cache hit: #249 --> #183

							point #183 sgte eval: h=0 f=0.0015552043914800000278
						} 

					} end of evaluations


					sorted ext poll pts {

						point #1/4 : (     3     0 )
						point #2/4 : (   189     0 )
						point #3/4 : (   153     0 )
						point #4/4 : (     1     0 )

					} 


				} end of ext poll pts sorting (on surrogates)


				extended poll point eval {

					extended poll point = (     3     0 )

					list of points evaluation (extended poll) {

						evaluation 1/1 {

							point #250 (  3  0 )
							mesh index : -2

							cache hit: #250 --> #214
							extended poll unsuccessful point #214 [ h=0 f=0.00014167070388799998738 ]
						} 

					} end of evaluations


				} 


				extended poll center: (     3     0 )

				perform extended poll descent ...... no

				extended poll point eval {

					extended poll point = (   189     0 )

					list of points evaluation (extended poll) {

						evaluation 1/1 {

							point #251 ( 189  0 )
							mesh index : -2

							cache hit: #251 --> #215
							extended poll unsuccessful point #215 [ h=0 f=0.00015344858169600000125 ]
						} 

					} end of evaluations


				} 


				extended poll center: (   189     0 )

				perform extended poll descent ...... no

				extended poll point eval {

					extended poll point = (   153     0 )

					list of points evaluation (extended poll) {

						evaluation 1/1 {

							point #252 ( 153  0 )
							mesh index : -2

							cache hit: #252 --> #216
							extended poll unsuccessful point #216 [ h=0 f=0.00016044855117799998933 ]
						} 

					} end of evaluations


				} 


				extended poll center: (   153     0 )

				perform extended poll descent ...... no

				extended poll point eval {

					extended poll point = (     1     0 )

					list of points evaluation (extended poll) {

						evaluation 1/1 {

							point #253 (  1  0 )
							mesh index : -2

							cache hit: #253 --> #217
							extended poll unsuccessful point #217 [ h=0 f=0.00016702890396099999448 ]
						} 

					} end of evaluations


				} 


				extended poll center: (     1     0 )

				perform extended poll descent ...... no

			} end of extended poll

		} end of poll

		Mesh update {
			previous mesh index: -2
			new mesh index     : -1
		} 


		terminate MADS       : no
		iteration status     : unsuccessful
		new feas. incumbent  : none
		new infeas. incumbent: none

	} end of iteration 8

	MADS iteration 9 {

		blackbox evaluations : 30
		best feas. solution  : (  2  0 ) h=0 f=8.0511569976799999345e-05
		best infeas. solution: none
		poll center          : (  2  0 )
		mesh size            : (  1  1 )
		poll size            : (  2  2 )
		mesh index           : -1
		h_max                : inf

		MADS search {
		} end of search

		MADS poll {

			poll center: (  2  0 )

			poll directions (include mesh size parameter) {
				dir 0 : (  0 -1 ) Ortho-MADS 2n
				dir 1 : (  0  1 ) Ortho-MADS 2n
			} 

			re-ordered list of 2 poll trial points {
				#254 : (  2 -1 ) (dir 0)
				#255 : (  2  1 ) (dir 1)
			} 

			list of points evaluation (poll) {

				surrogate evaluation 1/2 {

					point #254 (  2 -1 )
					direction  : (  0 -1 ) Ortho-MADS 2n
					mesh index : -1


					point #254 sgte eval: failed
				} 

				surrogate evaluation 2/2 {

					point #255 (  2  1 )
					direction  : (  0  1 ) Ortho-MADS 2n
					mesh index : -1


					point #255 sgte eval: failed
				} 

			} end of evaluations

			re-ordered list of 2 poll trial points {

				#256: (  2 -1 ) (dir 0)
				#257: (  2  1 ) (dir 1)
			} 

			list of points evaluation (poll) {

				evaluation 1/2 {

					point #256 (  2 -1 )
					direction  : (  0 -1 ) Ortho-MADS 2n
					mesh index : -1

					poll unsuccessful point #256: evaluation failed
				} 

				evaluation 2/2 {

					point #257 (  2  1 )
					direction  : (  0  1 ) Ortho-MADS 2n
					mesh index : -1

					poll unsuccessful point #257: evaluation failed
				} 

			} end of evaluations


			MADS extended poll {


				extended poll pts sorting (on surrogates) {


					list of points evaluation (extended poll) {

						surrogate evaluation 1/4 {

							point #258 (  1  0 )
							mesh index : -1

							surrogate cache hit: #258 --> #176

							point #176 sgte eval: h=0 f=0.0016252994537399999709
						} 

						surrogate evaluation 2/4 {

							point #259 (  3  0 )
							mesh index : -1

							surrogate cache hit: #259 --> #211

							point #211 sgte eval: h=0 f=0.0014359951019300000539
						} 

						surrogate evaluation 3/4 {

							point #260 ( 153  0 )
							mesh index : -1

							surrogate cache hit: #260 --> #212

							point #212 sgte eval: h=0 f=0.0016039848327599999858
						} 

						surrogate evaluation 4/4 {

							point #261 ( 189  0 )
							mesh index : -1

							surrogate cache hit: #261 --> #183

							point #183 sgte eval: h=0 f=0.0015552043914800000278
						} 

					} end of evaluations


					sorted ext poll pts {

						point #1/4 : (     3     0 )
						point #2/4 : (   189     0 )
						point #3/4 : (   153     0 )
						point #4/4 : (     1     0 )

					} 


				} end of ext poll pts sorting (on surrogates)


				extended poll point eval {

					extended poll point = (     3     0 )

					list of points evaluation (extended poll) {

						evaluation 1/1 {

							point #262 (  3  0 )
							mesh index : -1

							cache hit: #262 --> #214
							extended poll unsuccessful point #214 [ h=0 f=0.00014167070388799998738 ]
						} 

					} end of evaluations


				} 


				extended poll center: (     3     0 )

				perform extended poll descent ...... no

				extended poll point eval {

					extended poll point = (   189     0 )

					list of points evaluation (extended poll) {

						evaluation 1/1 {

							point #263 ( 189  0 )
							mesh index : -1

							cache hit: #263 --> #215
							extended poll unsuccessful point #215 [ h=0 f=0.00015344858169600000125 ]
						} 

					} end of evaluations


				} 


				extended poll center: (   189     0 )

				perform extended poll descent ...... no

				extended poll point eval {

					extended poll point = (   153     0 )

					list of points evaluation (extended poll) {

						evaluation 1/1 {

							point #264 ( 153  0 )
							mesh index : -1

							cache hit: #264 --> #216
							extended poll unsuccessful point #216 [ h=0 f=0.00016044855117799998933 ]
						} 

					} end of evaluations


				} 


				extended poll center: (   153     0 )

				perform extended poll descent ...... no

				extended poll point eval {

					extended poll point = (     1     0 )

					list of points evaluation (extended poll) {

						evaluation 1/1 {

							point #265 (  1  0 )
							mesh index : -1

							cache hit: #265 --> #217
							extended poll unsuccessful point #217 [ h=0 f=0.00016702890396099999448 ]
						} 

					} end of evaluations


				} 


				extended poll center: (     1     0 )

				perform extended poll descent ...... no

			} end of extended poll

		} end of poll

		Mesh update {
			previous mesh index: -1
			new mesh index     : 0
		} 


		terminate MADS       : no
		iteration status     : unsuccessful
		new feas. incumbent  : none
		new infeas. incumbent: none

	} end of iteration 9

	MADS iteration 10 {

		blackbox evaluations : 32
		best feas. solution  : (  2  0 ) h=0 f=8.0511569976799999345e-05
		best infeas. solution: none
		poll center          : (  2  0 )
		mesh size            : (  1  1 )
		poll size            : (  1  1 )
		mesh index           : 0
		h_max                : inf

		MADS search {
		} end of search

		MADS poll {

			poll center: (  2  0 )

			poll directions (include mesh size parameter) {
				dir 0 : (  0 -1 ) Ortho-MADS 2n
				dir 1 : (  0  1 ) Ortho-MADS 2n
			} 

			re-ordered list of 2 poll trial points {
				#266 : (  2 -1 ) (dir 0)
				#267 : (  2  1 ) (dir 1)
			} 

			list of points evaluation (poll) {

				surrogate evaluation 1/2 {

					point #266 (  2 -1 )
					direction  : (  0 -1 ) Ortho-MADS 2n
					mesh index : 0

					surrogate cache hit: #266 --> #254

					point #254 sgte eval: failed
				} 

				surrogate evaluation 2/2 {

					point #267 (  2  1 )
					direction  : (  0  1 ) Ortho-MADS 2n
					mesh index : 0

					surrogate cache hit: #267 --> #255

					point #255 sgte eval: failed
				} 

			} end of evaluations

			re-ordered list of 2 poll trial points {

				#268: (  2 -1 ) (dir 0)
				#269: (  2  1 ) (dir 1)
			} 

			list of points evaluation (poll) {

				evaluation 1/2 {

					point #268 (  2 -1 )
					direction  : (  0 -1 ) Ortho-MADS 2n
					mesh index : -1

					cache hit: #268 --> #256
					poll unsuccessful point #256: evaluation failed
				} 

				evaluation 2/2 {

					point #269 (  2  1 )
					direction  : (  0  1 ) Ortho-MADS 2n
					mesh index : -1

					cache hit: #269 --> #257
					poll unsuccessful point #257: evaluation failed
				} 

			} end of evaluations


			MADS extended poll {


				extended poll pts sorting (on surrogates) {


					list of points evaluation (extended poll) {

						surrogate evaluation 1/4 {

							point #270 (  1  0 )
							mesh index : 0

							surrogate cache hit: #270 --> #176

							point #176 sgte eval: h=0 f=0.0016252994537399999709
						} 

						surrogate evaluation 2/4 {

							point #271 (  3  0 )
							mesh index : 0

							surrogate cache hit: #271 --> #211

							point #211 sgte eval: h=0 f=0.0014359951019300000539
						} 

						surrogate evaluation 3/4 {

							point #272 ( 153  0 )
							mesh index : 0

							surrogate cache hit: #272 --> #212

							point #212 sgte eval: h=0 f=0.0016039848327599999858
						} 

						surrogate evaluation 4/4 {

							point #273 ( 189  0 )
							mesh index : 0

							surrogate cache hit: #273 --> #183

							point #183 sgte eval: h=0 f=0.0015552043914800000278
						} 

					} end of evaluations


					sorted ext poll pts {

						point #1/4 : (     3     0 )
						point #2/4 : (   189     0 )
						point #3/4 : (   153     0 )
						point #4/4 : (     1     0 )

					} 


				} end of ext poll pts sorting (on surrogates)


				extended poll point eval {

					extended poll point = (     3     0 )

					list of points evaluation (extended poll) {

						evaluation 1/1 {

							point #274 (  3  0 )
							mesh index : 0

							cache hit: #274 --> #214
							extended poll unsuccessful point #214 [ h=0 f=0.00014167070388799998738 ]
						} 

					} end of evaluations


				} 


				extended poll center: (     3     0 )

				perform extended poll descent ...... no

				extended poll point eval {

					extended poll point = (   189     0 )

					list of points evaluation (extended poll) {

						evaluation 1/1 {

							point #275 ( 189  0 )
							mesh index : 0

							cache hit: #275 --> #215
							extended poll unsuccessful point #215 [ h=0 f=0.00015344858169600000125 ]
						} 

					} end of evaluations


				} 


				extended poll center: (   189     0 )

				perform extended poll descent ...... no

				extended poll point eval {

					extended poll point = (   153     0 )

					list of points evaluation (extended poll) {

						evaluation 1/1 {

							point #276 ( 153  0 )
							mesh index : 0

							cache hit: #276 --> #216
							extended poll unsuccessful point #216 [ h=0 f=0.00016044855117799998933 ]
						} 

					} end of evaluations


				} 


				extended poll center: (   153     0 )

				perform extended poll descent ...... no

				extended poll point eval {

					extended poll point = (     1     0 )

					list of points evaluation (extended poll) {

						evaluation 1/1 {

							point #277 (  1  0 )
							mesh index : 0

							cache hit: #277 --> #217
							extended poll unsuccessful point #217 [ h=0 f=0.00016702890396099999448 ]
						} 

					} end of evaluations


				} 


				extended poll center: (     1     0 )

				perform extended poll descent ...... no

			} end of extended poll

		} end of poll

		Mesh update {
			previous mesh index: 0
			new mesh index     : 1
		} 


		terminate MADS       : no
		iteration status     : unsuccessful
		new feas. incumbent  : none
		new infeas. incumbent: none

	} end of iteration 10

	MADS iteration 11 {

		blackbox evaluations : 32
		best feas. solution  : (  2  0 ) h=0 f=8.0511569976799999345e-05
		best infeas. solution: none
		poll center          : (  2  0 )
		mesh size            : ( 0.25 0.25 )
		poll size            : ( 0.5 0.5 )
		mesh index           : 1
		h_max                : inf

		MADS search {
		} end of search

		MADS poll {

			poll center: (  2  0 )

			poll directions (include mesh size parameter) {
				dir 0 : (  0 -1 ) Ortho-MADS 2n
				dir 1 : (  0  1 ) Ortho-MADS 2n
			} 

			re-ordered list of 2 poll trial points {
				#278 : (  2 -1 ) (dir 0)
				#279 : (  2  1 ) (dir 1)
			} 

			list of points evaluation (poll) {

				surrogate evaluation 1/2 {

					point #278 (  2 -1 )
					direction  : (  0 -1 ) Ortho-MADS 2n
					mesh index : 1

					surrogate cache hit: #278 --> #254

					point #254 sgte eval: failed
				} 

				surrogate evaluation 2/2 {

					point #279 (  2  1 )
					direction  : (  0  1 ) Ortho-MADS 2n
					mesh index : 1

					surrogate cache hit: #279 --> #255

					point #255 sgte eval: failed
				} 

			} end of evaluations

			re-ordered list of 2 poll trial points {

				#280: (  2 -1 ) (dir 0)
				#281: (  2  1 ) (dir 1)
			} 

			list of points evaluation (poll) {

				evaluation 1/2 {

					point #280 (  2 -1 )
					direction  : (  0 -1 ) Ortho-MADS 2n
					mesh index : -1

					cache hit: #280 --> #256
					poll unsuccessful point #256: evaluation failed
				} 

				evaluation 2/2 {

					point #281 (  2  1 )
					direction  : (  0  1 ) Ortho-MADS 2n
					mesh index : -1

					cache hit: #281 --> #257
					poll unsuccessful point #257: evaluation failed
				} 

			} end of evaluations


			MADS extended poll {


				extended poll pts sorting (on surrogates) {


					list of points evaluation (extended poll) {

						surrogate evaluation 1/4 {

							point #282 (  1  0 )
							mesh index : 1

							surrogate cache hit: #282 --> #176

							point #176 sgte eval: h=0 f=0.0016252994537399999709
						} 

						surrogate evaluation 2/4 {

							point #283 (  3  0 )
							mesh index : 1

							surrogate cache hit: #283 --> #211

							point #211 sgte eval: h=0 f=0.0014359951019300000539
						} 

						surrogate evaluation 3/4 {

							point #284 ( 153  0 )
							mesh index : 1

							surrogate cache hit: #284 --> #212

							point #212 sgte eval: h=0 f=0.0016039848327599999858
						} 

						surrogate evaluation 4/4 {

							point #285 ( 189  0 )
							mesh index : 1

							surrogate cache hit: #285 --> #183

							point #183 sgte eval: h=0 f=0.0015552043914800000278
						} 

					} end of evaluations


					sorted ext poll pts {

						point #1/4 : (     3     0 )
						point #2/4 : (   189     0 )
						point #3/4 : (   153     0 )
						point #4/4 : (     1     0 )

					} 


				} end of ext poll pts sorting (on surrogates)


				extended poll point eval {

					extended poll point = (     3     0 )

					list of points evaluation (extended poll) {

						evaluation 1/1 {

							point #286 (  3  0 )
							mesh index : 1

							cache hit: #286 --> #214
							extended poll unsuccessful point #214 [ h=0 f=0.00014167070388799998738 ]
						} 

					} end of evaluations


				} 


				extended poll center: (     3     0 )

				perform extended poll descent ...... no

				extended poll point eval {

					extended poll point = (   189     0 )

					list of points evaluation (extended poll) {

						evaluation 1/1 {

							point #287 ( 189  0 )
							mesh index : 1

							cache hit: #287 --> #215
							extended poll unsuccessful point #215 [ h=0 f=0.00015344858169600000125 ]
						} 

					} end of evaluations


				} 


				extended poll center: (   189     0 )

				perform extended poll descent ...... no

				extended poll point eval {

					extended poll point = (   153     0 )

					list of points evaluation (extended poll) {

						evaluation 1/1 {

							point #288 ( 153  0 )
							mesh index : 1

							cache hit: #288 --> #216
							extended poll unsuccessful point #216 [ h=0 f=0.00016044855117799998933 ]
						} 

					} end of evaluations


				} 


				extended poll center: (   153     0 )

				perform extended poll descent ...... no

				extended poll point eval {

					extended poll point = (     1     0 )

					list of points evaluation (extended poll) {

						evaluation 1/1 {

							point #289 (  1  0 )
							mesh index : 1

							cache hit: #289 --> #217
							extended poll unsuccessful point #217 [ h=0 f=0.00016702890396099999448 ]
						} 

					} end of evaluations


				} 


				extended poll center: (     1     0 )

				perform extended poll descent ...... no

			} end of extended poll

		} end of poll

		Mesh update {
			previous mesh index: 1
			new mesh index     : 2
		} 


		terminate MADS       : no
		iteration status     : unsuccessful
		new feas. incumbent  : none
		new infeas. incumbent: none

	} end of iteration 11

	MADS iteration 12 {

		blackbox evaluations : 32
		best feas. solution  : (  2  0 ) h=0 f=8.0511569976799999345e-05
		best infeas. solution: none
		poll center          : (  2  0 )
		mesh size            : ( 0.0625 0.0625 )
		poll size            : ( 0.25 0.25 )
		mesh index           : 2
		h_max                : inf

		MADS search {
		} end of search

		MADS poll {

			poll center: (  2  0 )

			poll directions (include mesh size parameter) {
				dir 0 : (  0 -1 ) Ortho-MADS 2n
				dir 1 : (  0  1 ) Ortho-MADS 2n
			} 

			re-ordered list of 2 poll trial points {
				#290 : (  2 -1 ) (dir 0)
				#291 : (  2  1 ) (dir 1)
			} 

			list of points evaluation (poll) {

				surrogate evaluation 1/2 {

					point #290 (  2 -1 )
					direction  : (  0 -1 ) Ortho-MADS 2n
					mesh index : 2

					surrogate cache hit: #290 --> #254

					point #254 sgte eval: failed
				} 

				surrogate evaluation 2/2 {

					point #291 (  2  1 )
					direction  : (  0  1 ) Ortho-MADS 2n
					mesh index : 2

					surrogate cache hit: #291 --> #255

					point #255 sgte eval: failed
				} 

			} end of evaluations

			re-ordered list of 2 poll trial points {

				#292: (  2 -1 ) (dir 0)
				#293: (  2  1 ) (dir 1)
			} 

			list of points evaluation (poll) {

				evaluation 1/2 {

					point #292 (  2 -1 )
					direction  : (  0 -1 ) Ortho-MADS 2n
					mesh index : -1

					cache hit: #292 --> #256
					poll unsuccessful point #256: evaluation failed
				} 

				evaluation 2/2 {

					point #293 (  2  1 )
					direction  : (  0  1 ) Ortho-MADS 2n
					mesh index : -1

					cache hit: #293 --> #257
					poll unsuccessful point #257: evaluation failed
				} 

			} end of evaluations


			MADS extended poll {


				extended poll pts sorting (on surrogates) {


					list of points evaluation (extended poll) {

						surrogate evaluation 1/4 {

							point #294 (  1  0 )
							mesh index : 2

							surrogate cache hit: #294 --> #176

							point #176 sgte eval: h=0 f=0.0016252994537399999709
						} 

						surrogate evaluation 2/4 {

							point #295 (  3  0 )
							mesh index : 2

							surrogate cache hit: #295 --> #211

							point #211 sgte eval: h=0 f=0.0014359951019300000539
						} 

						surrogate evaluation 3/4 {

							point #296 ( 153  0 )
							mesh index : 2

							surrogate cache hit: #296 --> #212

							point #212 sgte eval: h=0 f=0.0016039848327599999858
						} 

						surrogate evaluation 4/4 {

							point #297 ( 189  0 )
							mesh index : 2

							surrogate cache hit: #297 --> #183

							point #183 sgte eval: h=0 f=0.0015552043914800000278
						} 

					} end of evaluations


					sorted ext poll pts {

						point #1/4 : (     3     0 )
						point #2/4 : (   189     0 )
						point #3/4 : (   153     0 )
						point #4/4 : (     1     0 )

					} 


				} end of ext poll pts sorting (on surrogates)


				extended poll point eval {

					extended poll point = (     3     0 )

					list of points evaluation (extended poll) {

						evaluation 1/1 {

							point #298 (  3  0 )
							mesh index : 2

							cache hit: #298 --> #214
							extended poll unsuccessful point #214 [ h=0 f=0.00014167070388799998738 ]
						} 

					} end of evaluations


				} 


				extended poll center: (     3     0 )

				perform extended poll descent ...... no

				extended poll point eval {

					extended poll point = (   189     0 )

					list of points evaluation (extended poll) {

						evaluation 1/1 {

							point #299 ( 189  0 )
							mesh index : 2

							cache hit: #299 --> #215
							extended poll unsuccessful point #215 [ h=0 f=0.00015344858169600000125 ]
						} 

					} end of evaluations


				} 


				extended poll center: (   189     0 )

				perform extended poll descent ...... no

				extended poll point eval {

					extended poll point = (   153     0 )

					list of points evaluation (extended poll) {

						evaluation 1/1 {

							point #300 ( 153  0 )
							mesh index : 2

							cache hit: #300 --> #216
							extended poll unsuccessful point #216 [ h=0 f=0.00016044855117799998933 ]
						} 

					} end of evaluations


				} 


				extended poll center: (   153     0 )

				perform extended poll descent ...... no

				extended poll point eval {

					extended poll point = (     1     0 )

					list of points evaluation (extended poll) {

						evaluation 1/1 {

							point #301 (  1  0 )
							mesh index : 2

							cache hit: #301 --> #217
							extended poll unsuccessful point #217 [ h=0 f=0.00016702890396099999448 ]
						} 

					} end of evaluations


				} 


				extended poll center: (     1     0 )

				perform extended poll descent ...... no

			} end of extended poll

		} end of poll

		Mesh update {
			previous mesh index: 2
			new mesh index     : 3
		} 


		terminate MADS       : yes
		termination cause    : max mesh index
		iteration status     : unsuccessful
		new feas. incumbent  : none
		new infeas. incumbent: none

	} end of iteration 12

} end of run (max mesh index)

NOMAD final display {

	cache {
		number of cache points: 32
		size in memory        : 4.2999999999999998224 KB
		cache file            : -
	} 

	stats {
		MADS iterations                 : 13
		blackbox evaluations            : 32
		simulated blackbox evaluations  : 0
		evaluations                     : 68
		surrogate evaluations           : 106
		failed evaluations              : 44
		interrupted sequences of eval.  : 0
		cache hits                      : 89
		number of poll searches         : 13
		poll successes                  : 5
		poll points                     : 26
		number of extended polls        : 13
		number of ext. poll descents    : 4
		number of ext. poll successes   : 5
		number of ext. poll points      : 162
		number of ext. poll bb eval     : 13
		number of speculative searches  : 5
		speculative search successes    : 0
		speculative search points       : 0
		number of user searches         : 0
		number of LH searches           : 0
		number of cache searches        : 0
		number of VNS searches          : 0
		no model has been constructed
		wall-clock time                 : 4m 15s
	} 

	miscellaneous {
		mesh index      : min=-5, max=3, last=2
		best feas. sol  : ( 2 0 ) h=0 f=8.0511569976799999345e-05
		best infeas. sol: none
	} 
} 
