
NOMAD - version 3.5.1 - www.gerad.ca/nomad

Copyright (C) 2001-2012 {
	Mark A. Abramson     - The Boeing Company
	Charles Audet        - Ecole Polytechnique de Montreal
	Gilles Couture       - Ecole Polytechnique de Montreal
	John E. Dennis, Jr.  - Rice University
	Sebastien Le Digabel - Ecole Polytechnique de Montreal
	Christophe Tribes    - Ecole Polytechnique de Montreal
} 

Funded in part by AFOSR and Exxon Mobil.

License   : '$NOMAD_HOME/src/lgpl.txt'
User guide: '$NOMAD_HOME/doc/user_guide.pdf'
Examples  : '$NOMAD_HOME/examples'
Tools     : '$NOMAD_HOME/tools'

Please report bugs to nomad@gerad.ca

MADS run {

	EVAL	BBE	[	SOL,	]	BBO	TIME

	  1	  1	[	275378 , 0 	]	0.01555646181110000026    4
	  4	  4	[	228722 , 0 	]	0.01281382322310000051   48
	  7	  7	[	228686 , 0 	]	0.01173414468769999955   93
	 10	 10	[	5774 , 0 	]	0.01169372320179999994  133
	112	 29	[	5774 , 0 	]	0.01169372320179999994  222

} end of run (max mesh index)

blackbox evaluations    : 29
best feasible solution  : ( 5774 0 ) h=0 f=0.011693723201799999939
