
NOMAD - version 3.5.1 - www.gerad.ca/nomad

Copyright (C) 2001-2012 {
	Mark A. Abramson     - The Boeing Company
	Charles Audet        - Ecole Polytechnique de Montreal
	Gilles Couture       - Ecole Polytechnique de Montreal
	John E. Dennis, Jr.  - Rice University
	Sebastien Le Digabel - Ecole Polytechnique de Montreal
	Christophe Tribes    - Ecole Polytechnique de Montreal
} 

Funded in part by AFOSR and Exxon Mobil.

License   : '$NOMAD_HOME/src/lgpl.txt'
User guide: '$NOMAD_HOME/doc/user_guide.pdf'
Examples  : '$NOMAD_HOME/examples'
Tools     : '$NOMAD_HOME/tools'

Please report bugs to nomad@gerad.ca

parameters {

	problem directory    : ./
	dimension            : n=2
	blackbox input types : (   cat(C)   int(I) )
	extended poll trigger: 0.10000000000000000555 (relative)
	neighbors executable : $python neighbors.py
	variable groups {
		group #0 {
			indexes: { 0 }
			no directions (categorical variables)
		} 
		group #1 {
			indexes: { 1 }
			directions {
				n             : 1
				types         : { [Ortho-MADS 2n] }
				sec poll types: { }
				halton_seed   : 3
			} 
		} 
	} 
	blackbox outputs (m=1) {
		#0          OBJ	$python blackbox.py
	} 
	signature                       : standard
	has surrogate                   : no
	add seed to output file names   : yes
	solution file                   : nomad-solution.22298.txt
	history file                    : none
	stats file                      : none
	cache file                      : none
	x0                              : ( 5511511    0 )
	directions         : Ortho-MADS 2n
	user halton seed   : 3
	mesh {
		update basis       :   4
		coarsening exponent:   1
		refining exponent  :  -1
		initial mesh index :   0
		max mesh index     :   2
		initial mesh size  : (    1    1 )
		min poll size      : (  NaN    1 )
	} 
	snap to bounds                   : yes
	opportunistic evaluations        : yes
	use models                       : no
	speculative search               : yes
	VNS search                       : no
	Latin-Hypercube (LH) search      : no
	cache search                     : no
	random seed / run id             : 22298
	epsilon                          : 1.0000000000000000304e-13
	undefined string                 : NaN
	infinity string                  : inf
	display degrees {
		general  : full (3)
		search   : full (3)
		poll     : full (3)
		iterative: full (3)
	} 
	display stats                : EVAL BBE [ SOL, ] BBO TIME
	display all evaluations      : no
	point display limit          : no limit
	max number of blackbox eval. : 100
	max cache memory             : 2000 MB
} 

MADS run {

	starting point evaluation {

		x0 eval point: ( 5511511  0 )

		list of points evaluation (x0 evaluation) {

			evaluation 1/1 {

				point #0 ( 5511511  0 )


				x0 evaluation dominating point #0 {
					x    = ( 5511511  0 )
					F(x) = [ 0.73796224594100001681 ]
					h    = 0
					f    = 0.73796224594100001681
				} 
			} 

		} end of evaluations


		terminate MADS       : no
		iteration status     : dominating
		new feas. incumbent  : #0 {
			x    = ( 5511511  0 )
			F(x) = [ 0.73796224594100001681 ]
			h    = 0
			f    = 0.73796224594100001681
		} 
		new infeas. incumbent: none

	} end of starting point evaluation

	MADS iteration 0 {

		blackbox evaluations : 1
		best feas. solution  : ( 5511511  0 ) h=0 f=0.73796224594100001681
		best infeas. solution: none
		poll center          : ( 5511511  0 )
		mesh size            : (  1  1 )
		poll size            : (  1  1 )
		mesh index           : 0
		h_max                : inf

		MADS search {
		} end of search

		MADS poll {

			poll center: ( 5511511  0 )

			poll directions (include mesh size parameter) {
				dir 0 : (  0 -1 ) Ortho-MADS 2n
				dir 1 : (  0  1 ) Ortho-MADS 2n
			} 

			re-ordered list of 2 poll trial points {
				#1 : ( 5511511 -1 ) (dir 0)
				#2 : ( 5511511  1 ) (dir 1)
			} 

			list of points evaluation (poll) {

				evaluation 1/2 {

					point #1 ( 5511511 -1 )
					direction  : (  0 -1 ) Ortho-MADS 2n
					mesh index : 0

					poll unsuccessful point #1: evaluation failed
				} 

				evaluation 2/2 {

					point #2 ( 5511511  1 )
					direction  : (  0  1 ) Ortho-MADS 2n
					mesh index : 0

					poll unsuccessful point #2: evaluation failed
				} 

			} end of evaluations


			MADS extended poll {


				extended poll pts sorting {


					list of points evaluation (extended poll) {

						evaluation 1/23 {

							point #3 ( 4511511  0 )
							mesh index : 0

							extended poll unsuccessful point #3 [ h=0 f=0.74446606636000001167 ]
						} 

						evaluation 2/23 {

							point #4 ( 5411511  0 )
							mesh index : 0

							extended poll unsuccessful point #4 [ h=0 f=0.7404878139499999623 ]
						} 

						evaluation 3/23 {

							point #5 ( 51511  0 )
							mesh index : 0

							extended poll unsuccessful point #5 [ h=0 f=0.74391412734999995404 ]
						} 

						evaluation 4/23 {

							point #6 ( 51511  0 )
							mesh index : 0

							cache hit: #6 --> #5
							extended poll unsuccessful point #5 [ h=0 f=0.74391412734999995404 ]
						} 

						evaluation 5/23 {

							point #7 ( 5521511  0 )
							mesh index : 0

							extended poll unsuccessful point #7 [ h=0 f=1.0154089927700000739 ]
						} 

						evaluation 6/23 {

							point #8 ( 5531511  0 )
							mesh index : 0

							extended poll unsuccessful point #8 [ h=0 f=1.0700423717500000542 ]
						} 

						evaluation 7/23 {

							point #9 ( 554231511  0 )
							mesh index : 0

							extended poll unsuccessful point #9: evaluation failed
						} 

						evaluation 8/23 {

							point #10 ( 555231511  0 )
							mesh index : 0

							extended poll unsuccessful point #10 [ h=0 f=0.9677131175990000278 ]
						} 

						evaluation 9/23 {

							point #11 ( 5512511  0 )
							mesh index : 0

							extended poll unsuccessful point #11 [ h=0 f=1.0267109870899999713 ]
						} 

						evaluation 10/23 {

							point #12 ( 5513511  0 )
							mesh index : 0

							extended poll unsuccessful point #12: evaluation failed
						} 

						evaluation 11/23 {

							point #13 ( 551423511  0 )
							mesh index : 0

							extended poll unsuccessful point #13 [ h=0 f=1.0530509948699999789 ]
						} 

						evaluation 12/23 {

							point #14 ( 551523511  0 )
							mesh index : 0

							extended poll unsuccessful point #14: evaluation failed
						} 

						evaluation 13/23 {

							point #15 ( 5511411  0 )
							mesh index : 0


							extended poll dominating point #15 {
								x    = ( 5511411  0 )
								F(x) = [ 0.73254013061500000692 ]
								h    = 0
								f    = 0.73254013061500000692
							} 

							opport. strategy: stop evaluations
						} 

					} end of evaluations


				} end of ext poll pts sorting (success)


			} end of extended poll

		} end of poll

		Mesh update {
			previous mesh index: 0
			new mesh index     : -1
		} 


		terminate MADS       : no
		iteration status     : dominating
		new feas. incumbent  : #15 {
			x    = ( 5511411  0 )
			F(x) = [ 0.73254013061500000692 ]
			h    = 0
			f    = 0.73254013061500000692
		} 
		new infeas. incumbent: none

	} end of iteration 0

	MADS iteration 1 {

		blackbox evaluations : 15
		best feas. solution  : ( 5511411  0 ) h=0 f=0.73254013061500000692
		best infeas. solution: none
		poll center          : ( 5511411  0 )
		mesh size            : (  1  1 )
		poll size            : (  2  2 )
		mesh index           : -1
		h_max                : inf

		MADS search {

			speculative search {

			} end of speculative search (unsuccessful)

		} end of search

		MADS poll {

			poll center: ( 5511411  0 )

			poll directions (include mesh size parameter) {
				dir 0 : (  0 -1 ) Ortho-MADS 2n
				dir 1 : (  0  1 ) Ortho-MADS 2n
			} 

			re-ordered list of 2 poll trial points {
				#26 : ( 5511411 -1 ) (dir 0)
				#27 : ( 5511411  1 ) (dir 1)
			} 

			list of points evaluation (poll) {

				evaluation 1/2 {

					point #26 ( 5511411 -1 )
					direction  : (  0 -1 ) Ortho-MADS 2n
					mesh index : -1

					poll unsuccessful point #26: evaluation failed
				} 

				evaluation 2/2 {

					point #27 ( 5511411  1 )
					direction  : (  0  1 ) Ortho-MADS 2n
					mesh index : -1

					poll unsuccessful point #27: evaluation failed
				} 

			} end of evaluations


			MADS extended poll {


				extended poll pts sorting {


					list of points evaluation (extended poll) {

						evaluation 1/23 {

							point #28 ( 4511411  0 )
							mesh index : -1

							extended poll unsuccessful point #28 [ h=0 f=0.75367832183799998713 ]
						} 

						evaluation 2/23 {

							point #29 ( 5411411  0 )
							mesh index : -1

							extended poll unsuccessful point #29 [ h=0 f=0.74593997001599998686 ]
						} 

						evaluation 3/23 {

							point #30 ( 51411  0 )
							mesh index : -1

							extended poll unsuccessful point #30 [ h=0 f=0.74861931800799996761 ]
						} 

						evaluation 4/23 {

							point #31 ( 51411  0 )
							mesh index : -1

							cache hit: #31 --> #30
							extended poll unsuccessful point #30 [ h=0 f=0.74861931800799996761 ]
						} 

						evaluation 5/23 {

							point #32 ( 5521411  0 )
							mesh index : -1

							extended poll unsuccessful point #32 [ h=0 f=1.0274903774299999348 ]
						} 

						evaluation 6/23 {

							point #33 ( 5531411  0 )
							mesh index : -1

							extended poll unsuccessful point #33 [ h=0 f=1.0620057582899999904 ]
						} 

						evaluation 7/23 {

							point #34 ( 554231411  0 )
							mesh index : -1

							extended poll unsuccessful point #34 [ h=0 f=1.0906295776399999031 ]
						} 

						evaluation 8/23 {

							point #35 ( 555231411  0 )
							mesh index : -1

							extended poll unsuccessful point #35 [ h=0 f=0.97513866424600004201 ]
						} 

						evaluation 9/23 {

							point #36 ( 5512411  0 )
							mesh index : -1

							extended poll unsuccessful point #36 [ h=0 f=1.0299148559599999864 ]
						} 

						evaluation 10/23 {

							point #37 ( 5513411  0 )
							mesh index : -1

							extended poll unsuccessful point #37 [ h=0 f=1.0298829078700000306 ]
						} 

						evaluation 11/23 {

							point #38 ( 551423411  0 )
							mesh index : -1

							extended poll unsuccessful point #38 [ h=0 f=1.0858626365699999283 ]
						} 

						evaluation 12/23 {

							point #39 ( 551523411  0 )
							mesh index : -1

							extended poll unsuccessful point #39: evaluation failed
						} 

						evaluation 13/23 {

							point #40 ( 5511511  0 )
							mesh index : -1

							cache hit: #40 --> #0
							extended poll unsuccessful point #0 [ h=0 f=0.73796224594100001681 ]
						} 

						evaluation 14/23 {

							point #41 ( 55111  0 )
							mesh index : -1

							extended poll unsuccessful point #41 [ h=0 f=0.73779249191300000366 ]
						} 

						evaluation 15/23 {

							point #42 ( 55111  0 )
							mesh index : -1

							cache hit: #42 --> #41
							extended poll unsuccessful point #41 [ h=0 f=0.73779249191300000366 ]
						} 

						evaluation 16/23 {

							point #43 ( 5511421  0 )
							mesh index : -1

							extended poll unsuccessful point #43 [ h=0 f=1.3037855625200001075 ]
						} 

						evaluation 17/23 {

							point #44 ( 5511431  0 )
							mesh index : -1

							extended poll unsuccessful point #44 [ h=0 f=1.0452425479900000482 ]
						} 

						evaluation 18/23 {

							point #45 ( 551144231  0 )
							mesh index : -1

							extended poll unsuccessful point #45 [ h=0 f=1.0498299598700000512 ]
						} 

						evaluation 19/23 {

							point #46 ( 551145231  0 )
							mesh index : -1

							extended poll unsuccessful point #46 [ h=0 f=1.0566668510399999104 ]
						} 

						evaluation 20/23 {

							point #47 ( 5511412  0 )
							mesh index : -1

							extended poll unsuccessful point #47 [ h=0 f=1.0189833641099999006 ]
						} 

						evaluation 21/23 {

							point #48 ( 5511413  0 )
							mesh index : -1

							extended poll unsuccessful point #48 [ h=0 f=1.0551452636700000554 ]
						} 

						evaluation 22/23 {

							point #49 ( 551141423  0 )
							mesh index : -1

							extended poll unsuccessful point #49 [ h=0 f=1.056186437610000084 ]
						} 

						evaluation 23/23 {

							point #50 ( 551141523  0 )
							mesh index : -1

							extended poll unsuccessful point #50 [ h=0 f=0.96000814437899995024 ]
						} 

					} end of evaluations


					sorted ext poll pts {

						point # 1/21 : ( 55111     0 )
						point # 2/21 : ( 5511511     0 )
						point # 3/21 : ( 5411411     0 )
						point # 4/21 : ( 51411     0 )
						point # 5/21 : ( 4511411     0 )
						point # 6/21 : ( 551141523     0 )
						point # 7/21 : ( 555231411     0 )
						point # 8/21 : ( 5511412     0 )
						point # 9/21 : ( 5521411     0 )
						point #10/21 : ( 5513411     0 )
						point #11/21 : ( 5512411     0 )
						point #12/21 : ( 5511431     0 )
						point #13/21 : ( 551144231     0 )
						point #14/21 : ( 5511413     0 )
						point #15/21 : ( 551141423     0 )
						point #16/21 : ( 551145231     0 )
						point #17/21 : ( 5531411     0 )
						point #18/21 : ( 551423411     0 )
						point #19/21 : ( 554231411     0 )
						point #20/21 : ( 5511421     0 )
						point #21/21 : ( 551523411     0 )

					} 


				} end of ext poll pts sorting


				extended poll point eval {

					extended poll point = ( 55111     0 )

					list of points evaluation (extended poll) {

						evaluation 1/1 {

							point #51 ( 55111  0 )
							mesh index : -1

							cache hit: #51 --> #41
							extended poll unsuccessful point #41 [ h=0 f=0.73779249191300000366 ]
						} 

					} end of evaluations


				} 


				extended poll center: ( 55111     0 )

				perform extended poll descent ...... yes

				extended poll descent {

					       iteration = 1
					 blackbox eval.  = 37
					      mesh index = -1
					ext. poll center = ( 55111     0 ) f=0.73779249191300000366 h=0


					MADS run {

						37+BBE	OBJ	(ext-poll)

						37+ 0	0.73779249191300000366	(ext-poll)
						37+ 2	0.73779249191300000366	(ext-poll)

					} end of run (max mesh index)

					blackbox evaluations    : 2
					best feasible solution  : ( 55111 0 ) h=0 f=0.73779249191300000366

				} end of extended poll descent (unsuccessful)


				extended poll point eval {

					extended poll point = ( 5511511     0 )

					list of points evaluation (extended poll) {

						evaluation 1/1 {

							point #52 ( 5511511  0 )
							mesh index : -1

							cache hit: #52 --> #0
							extended poll unsuccessful point #0 [ h=0 f=0.73796224594100001681 ]
						} 

					} end of evaluations


				} 


				extended poll center: ( 5511511     0 )

				perform extended poll descent ...... yes

				extended poll descent {

					       iteration = 1
					 blackbox eval.  = 39
					      mesh index = -1
					ext. poll center = ( 5511511     0 ) f=0.73796224594100001681 h=0


					MADS run {

						39+BBE	OBJ	(ext-poll)

						39+ 0	0.73796224594100001681	(ext-poll)

					} end of run (max mesh index)

					blackbox evaluations    : 0
					best feasible solution  : ( 5511511 0 ) h=0 f=0.73796224594100001681

				} end of extended poll descent (unsuccessful)


				extended poll point eval {

					extended poll point = ( 5411411     0 )

					list of points evaluation (extended poll) {

						evaluation 1/1 {

							point #53 ( 5411411  0 )
							mesh index : -1

							cache hit: #53 --> #29
							extended poll unsuccessful point #29 [ h=0 f=0.74593997001599998686 ]
						} 

					} end of evaluations


				} 


				extended poll center: ( 5411411     0 )

				perform extended poll descent ...... yes

				extended poll descent {

					       iteration = 1
					 blackbox eval.  = 39
					      mesh index = -1
					ext. poll center = ( 5411411     0 ) f=0.74593997001599998686 h=0


					MADS run {

						39+BBE	OBJ	(ext-poll)

						39+ 0	0.74593997001599998686	(ext-poll)
						39+ 2	0.74593997001599998686	(ext-poll)

					} end of run (max mesh index)

					blackbox evaluations    : 2
					best feasible solution  : ( 5411411 0 ) h=0 f=0.74593997001599998686

				} end of extended poll descent (unsuccessful)


				extended poll point eval {

					extended poll point = ( 51411     0 )

					list of points evaluation (extended poll) {

						evaluation 1/1 {

							point #54 ( 51411  0 )
							mesh index : -1

							cache hit: #54 --> #30
							extended poll unsuccessful point #30 [ h=0 f=0.74861931800799996761 ]
						} 

					} end of evaluations


				} 


				extended poll center: ( 51411     0 )

				perform extended poll descent ...... yes

				extended poll descent {

					       iteration = 1
					 blackbox eval.  = 41
					      mesh index = -1
					ext. poll center = ( 51411     0 ) f=0.74861931800799996761 h=0


					MADS run {

						41+BBE	OBJ	(ext-poll)

						41+ 0	0.74861931800799996761	(ext-poll)
						41+ 2	0.74861931800799996761	(ext-poll)

					} end of run (max mesh index)

					blackbox evaluations    : 2
					best feasible solution  : ( 51411 0 ) h=0 f=0.74861931800799996761

				} end of extended poll descent (unsuccessful)


				extended poll point eval {

					extended poll point = ( 4511411     0 )

					list of points evaluation (extended poll) {

						evaluation 1/1 {

							point #55 ( 4511411  0 )
							mesh index : -1

							cache hit: #55 --> #28
							extended poll unsuccessful point #28 [ h=0 f=0.75367832183799998713 ]
						} 

					} end of evaluations


				} 


				extended poll center: ( 4511411     0 )

				perform extended poll descent ...... yes

				extended poll descent {

					       iteration = 1
					 blackbox eval.  = 43
					      mesh index = -1
					ext. poll center = ( 4511411     0 ) f=0.75367832183799998713 h=0


					MADS run {

						43+BBE	OBJ	(ext-poll)

						43+ 0	0.75367832183799998713	(ext-poll)
						43+ 2	0.75367832183799998713	(ext-poll)

					} end of run (max mesh index)

					blackbox evaluations    : 2
					best feasible solution  : ( 4511411 0 ) h=0 f=0.75367832183799998713

				} end of extended poll descent (unsuccessful)


				extended poll point eval {

					extended poll point = ( 551141523     0 )

					list of points evaluation (extended poll) {

						evaluation 1/1 {

							point #56 ( 551141523  0 )
							mesh index : -1

							cache hit: #56 --> #50
							extended poll unsuccessful point #50 [ h=0 f=0.96000814437899995024 ]
						} 

					} end of evaluations


				} 


				extended poll center: ( 551141523     0 )

				perform extended poll descent ...... no

				extended poll point eval {

					extended poll point = ( 555231411     0 )

					list of points evaluation (extended poll) {

						evaluation 1/1 {

							point #57 ( 555231411  0 )
							mesh index : -1

							cache hit: #57 --> #35
							extended poll unsuccessful point #35 [ h=0 f=0.97513866424600004201 ]
						} 

					} end of evaluations


				} 


				extended poll center: ( 555231411     0 )

				perform extended poll descent ...... no

				extended poll point eval {

					extended poll point = ( 5511412     0 )

					list of points evaluation (extended poll) {

						evaluation 1/1 {

							point #58 ( 5511412  0 )
							mesh index : -1

							cache hit: #58 --> #47
							extended poll unsuccessful point #47 [ h=0 f=1.0189833641099999006 ]
						} 

					} end of evaluations


				} 


				extended poll center: ( 5511412     0 )

				perform extended poll descent ...... no

				extended poll point eval {

					extended poll point = ( 5521411     0 )

					list of points evaluation (extended poll) {

						evaluation 1/1 {

							point #59 ( 5521411  0 )
							mesh index : -1

							cache hit: #59 --> #32
							extended poll unsuccessful point #32 [ h=0 f=1.0274903774299999348 ]
						} 

					} end of evaluations


				} 


				extended poll center: ( 5521411     0 )

				perform extended poll descent ...... no

				extended poll point eval {

					extended poll point = ( 5513411     0 )

					list of points evaluation (extended poll) {

						evaluation 1/1 {

							point #60 ( 5513411  0 )
							mesh index : -1

							cache hit: #60 --> #37
							extended poll unsuccessful point #37 [ h=0 f=1.0298829078700000306 ]
						} 

					} end of evaluations


				} 


				extended poll center: ( 5513411     0 )

				perform extended poll descent ...... no

				extended poll point eval {

					extended poll point = ( 5512411     0 )

					list of points evaluation (extended poll) {

						evaluation 1/1 {

							point #61 ( 5512411  0 )
							mesh index : -1

							cache hit: #61 --> #36
							extended poll unsuccessful point #36 [ h=0 f=1.0299148559599999864 ]
						} 

					} end of evaluations


				} 


				extended poll center: ( 5512411     0 )

				perform extended poll descent ...... no

				extended poll point eval {

					extended poll point = ( 5511431     0 )

					list of points evaluation (extended poll) {

						evaluation 1/1 {

							point #62 ( 5511431  0 )
							mesh index : -1

							cache hit: #62 --> #44
							extended poll unsuccessful point #44 [ h=0 f=1.0452425479900000482 ]
						} 

					} end of evaluations


				} 


				extended poll center: ( 5511431     0 )

				perform extended poll descent ...... no

				extended poll point eval {

					extended poll point = ( 551144231     0 )

					list of points evaluation (extended poll) {

						evaluation 1/1 {

							point #63 ( 551144231  0 )
							mesh index : -1

							cache hit: #63 --> #45
							extended poll unsuccessful point #45 [ h=0 f=1.0498299598700000512 ]
						} 

					} end of evaluations


				} 


				extended poll center: ( 551144231     0 )

				perform extended poll descent ...... no

				extended poll point eval {

					extended poll point = ( 5511413     0 )

					list of points evaluation (extended poll) {

						evaluation 1/1 {

							point #64 ( 5511413  0 )
							mesh index : -1

							cache hit: #64 --> #48
							extended poll unsuccessful point #48 [ h=0 f=1.0551452636700000554 ]
						} 

					} end of evaluations


				} 


				extended poll center: ( 5511413     0 )

				perform extended poll descent ...... no

				extended poll point eval {

					extended poll point = ( 551141423     0 )

					list of points evaluation (extended poll) {

						evaluation 1/1 {

							point #65 ( 551141423  0 )
							mesh index : -1

							cache hit: #65 --> #49
							extended poll unsuccessful point #49 [ h=0 f=1.056186437610000084 ]
						} 

					} end of evaluations


				} 


				extended poll center: ( 551141423     0 )

				perform extended poll descent ...... no

				extended poll point eval {

					extended poll point = ( 551145231     0 )

					list of points evaluation (extended poll) {

						evaluation 1/1 {

							point #66 ( 551145231  0 )
							mesh index : -1

							cache hit: #66 --> #46
							extended poll unsuccessful point #46 [ h=0 f=1.0566668510399999104 ]
						} 

					} end of evaluations


				} 


				extended poll center: ( 551145231     0 )

				perform extended poll descent ...... no

				extended poll point eval {

					extended poll point = ( 5531411     0 )

					list of points evaluation (extended poll) {

						evaluation 1/1 {

							point #67 ( 5531411  0 )
							mesh index : -1

							cache hit: #67 --> #33
							extended poll unsuccessful point #33 [ h=0 f=1.0620057582899999904 ]
						} 

					} end of evaluations


				} 


				extended poll center: ( 5531411     0 )

				perform extended poll descent ...... no

				extended poll point eval {

					extended poll point = ( 551423411     0 )

					list of points evaluation (extended poll) {

						evaluation 1/1 {

							point #68 ( 551423411  0 )
							mesh index : -1

							cache hit: #68 --> #38
							extended poll unsuccessful point #38 [ h=0 f=1.0858626365699999283 ]
						} 

					} end of evaluations


				} 


				extended poll center: ( 551423411     0 )

				perform extended poll descent ...... no

				extended poll point eval {

					extended poll point = ( 554231411     0 )

					list of points evaluation (extended poll) {

						evaluation 1/1 {

							point #69 ( 554231411  0 )
							mesh index : -1

							cache hit: #69 --> #34
							extended poll unsuccessful point #34 [ h=0 f=1.0906295776399999031 ]
						} 

					} end of evaluations


				} 


				extended poll center: ( 554231411     0 )

				perform extended poll descent ...... no

				extended poll point eval {

					extended poll point = ( 5511421     0 )

					list of points evaluation (extended poll) {

						evaluation 1/1 {

							point #70 ( 5511421  0 )
							mesh index : -1

							cache hit: #70 --> #43
							extended poll unsuccessful point #43 [ h=0 f=1.3037855625200001075 ]
						} 

					} end of evaluations


				} 


				extended poll center: ( 5511421     0 )

				perform extended poll descent ...... no

				extended poll point eval {

					extended poll point = ( 551523411     0 )

					list of points evaluation (extended poll) {

						evaluation 1/1 {

							point #71 ( 551523411  0 )
							mesh index : -1

							cache hit: #71 --> #39
							extended poll unsuccessful point #39: evaluation failed
						} 

					} end of evaluations


				} 


				extended poll center: ( 551523411     0 )

				perform extended poll descent ...... no

			} end of extended poll

		} end of poll

		Mesh update {
			previous mesh index: -1
			new mesh index     : 0
		} 


		terminate MADS       : no
		iteration status     : unsuccessful
		new feas. incumbent  : none
		new infeas. incumbent: none

	} end of iteration 1

	MADS iteration 2 {

		blackbox evaluations : 45
		best feas. solution  : ( 5511411  0 ) h=0 f=0.73254013061500000692
		best infeas. solution: none
		poll center          : ( 5511411  0 )
		mesh size            : (  1  1 )
		poll size            : (  1  1 )
		mesh index           : 0
		h_max                : inf

		MADS search {
		} end of search

		MADS poll {

			poll center: ( 5511411  0 )

			poll directions (include mesh size parameter) {
				dir 0 : (  0 -1 ) Ortho-MADS 2n
				dir 1 : (  0  1 ) Ortho-MADS 2n
			} 

			re-ordered list of 2 poll trial points {
				#87 : ( 5511411 -1 ) (dir 0)
				#88 : ( 5511411  1 ) (dir 1)
			} 

			list of points evaluation (poll) {

				evaluation 1/2 {

					point #87 ( 5511411 -1 )
					direction  : (  0 -1 ) Ortho-MADS 2n
					mesh index : 0

					cache hit: #87 --> #26
					poll unsuccessful point #26: evaluation failed
				} 

				evaluation 2/2 {

					point #88 ( 5511411  1 )
					direction  : (  0  1 ) Ortho-MADS 2n
					mesh index : 0

					cache hit: #88 --> #27
					poll unsuccessful point #27: evaluation failed
				} 

			} end of evaluations


			MADS extended poll {


				extended poll pts sorting {


					list of points evaluation (extended poll) {

						evaluation 1/23 {

							point #89 ( 4511411  0 )
							mesh index : 0

							cache hit: #89 --> #28
							extended poll unsuccessful point #28 [ h=0 f=0.75367832183799998713 ]
						} 

						evaluation 2/23 {

							point #90 ( 5411411  0 )
							mesh index : 0

							cache hit: #90 --> #29
							extended poll unsuccessful point #29 [ h=0 f=0.74593997001599998686 ]
						} 

						evaluation 3/23 {

							point #91 ( 51411  0 )
							mesh index : 0

							cache hit: #91 --> #30
							extended poll unsuccessful point #30 [ h=0 f=0.74861931800799996761 ]
						} 

						evaluation 4/23 {

							point #92 ( 51411  0 )
							mesh index : 0

							cache hit: #92 --> #30
							extended poll unsuccessful point #30 [ h=0 f=0.74861931800799996761 ]
						} 

						evaluation 5/23 {

							point #93 ( 5521411  0 )
							mesh index : 0

							cache hit: #93 --> #32
							extended poll unsuccessful point #32 [ h=0 f=1.0274903774299999348 ]
						} 

						evaluation 6/23 {

							point #94 ( 5531411  0 )
							mesh index : 0

							cache hit: #94 --> #33
							extended poll unsuccessful point #33 [ h=0 f=1.0620057582899999904 ]
						} 

						evaluation 7/23 {

							point #95 ( 554231411  0 )
							mesh index : 0

							cache hit: #95 --> #34
							extended poll unsuccessful point #34 [ h=0 f=1.0906295776399999031 ]
						} 

						evaluation 8/23 {

							point #96 ( 555231411  0 )
							mesh index : 0

							cache hit: #96 --> #35
							extended poll unsuccessful point #35 [ h=0 f=0.97513866424600004201 ]
						} 

						evaluation 9/23 {

							point #97 ( 5512411  0 )
							mesh index : 0

							cache hit: #97 --> #36
							extended poll unsuccessful point #36 [ h=0 f=1.0299148559599999864 ]
						} 

						evaluation 10/23 {

							point #98 ( 5513411  0 )
							mesh index : 0

							cache hit: #98 --> #37
							extended poll unsuccessful point #37 [ h=0 f=1.0298829078700000306 ]
						} 

						evaluation 11/23 {

							point #99 ( 551423411  0 )
							mesh index : 0

							cache hit: #99 --> #38
							extended poll unsuccessful point #38 [ h=0 f=1.0858626365699999283 ]
						} 

						evaluation 12/23 {

							point #100 ( 551523411  0 )
							mesh index : 0

							cache hit: #100 --> #39
							extended poll unsuccessful point #39: evaluation failed
						} 

						evaluation 13/23 {

							point #101 ( 5511511  0 )
							mesh index : 0

							cache hit: #101 --> #0
							extended poll unsuccessful point #0 [ h=0 f=0.73796224594100001681 ]
						} 

						evaluation 14/23 {

							point #102 ( 55111  0 )
							mesh index : 0

							cache hit: #102 --> #41
							extended poll unsuccessful point #41 [ h=0 f=0.73779249191300000366 ]
						} 

						evaluation 15/23 {

							point #103 ( 55111  0 )
							mesh index : 0

							cache hit: #103 --> #41
							extended poll unsuccessful point #41 [ h=0 f=0.73779249191300000366 ]
						} 

						evaluation 16/23 {

							point #104 ( 5511421  0 )
							mesh index : 0

							cache hit: #104 --> #43
							extended poll unsuccessful point #43 [ h=0 f=1.3037855625200001075 ]
						} 

						evaluation 17/23 {

							point #105 ( 5511431  0 )
							mesh index : 0

							cache hit: #105 --> #44
							extended poll unsuccessful point #44 [ h=0 f=1.0452425479900000482 ]
						} 

						evaluation 18/23 {

							point #106 ( 551144231  0 )
							mesh index : 0

							cache hit: #106 --> #45
							extended poll unsuccessful point #45 [ h=0 f=1.0498299598700000512 ]
						} 

						evaluation 19/23 {

							point #107 ( 551145231  0 )
							mesh index : 0

							cache hit: #107 --> #46
							extended poll unsuccessful point #46 [ h=0 f=1.0566668510399999104 ]
						} 

						evaluation 20/23 {

							point #108 ( 5511412  0 )
							mesh index : 0

							cache hit: #108 --> #47
							extended poll unsuccessful point #47 [ h=0 f=1.0189833641099999006 ]
						} 

						evaluation 21/23 {

							point #109 ( 5511413  0 )
							mesh index : 0

							cache hit: #109 --> #48
							extended poll unsuccessful point #48 [ h=0 f=1.0551452636700000554 ]
						} 

						evaluation 22/23 {

							point #110 ( 551141423  0 )
							mesh index : 0

							cache hit: #110 --> #49
							extended poll unsuccessful point #49 [ h=0 f=1.056186437610000084 ]
						} 

						evaluation 23/23 {

							point #111 ( 551141523  0 )
							mesh index : 0

							cache hit: #111 --> #50
							extended poll unsuccessful point #50 [ h=0 f=0.96000814437899995024 ]
						} 

					} end of evaluations


					sorted ext poll pts {

						point # 1/21 : ( 55111     0 )
						point # 2/21 : ( 5511511     0 )
						point # 3/21 : ( 5411411     0 )
						point # 4/21 : ( 51411     0 )
						point # 5/21 : ( 4511411     0 )
						point # 6/21 : ( 551141523     0 )
						point # 7/21 : ( 555231411     0 )
						point # 8/21 : ( 5511412     0 )
						point # 9/21 : ( 5521411     0 )
						point #10/21 : ( 5513411     0 )
						point #11/21 : ( 5512411     0 )
						point #12/21 : ( 5511431     0 )
						point #13/21 : ( 551144231     0 )
						point #14/21 : ( 5511413     0 )
						point #15/21 : ( 551141423     0 )
						point #16/21 : ( 551145231     0 )
						point #17/21 : ( 5531411     0 )
						point #18/21 : ( 551423411     0 )
						point #19/21 : ( 554231411     0 )
						point #20/21 : ( 5511421     0 )
						point #21/21 : ( 551523411     0 )

					} 


				} end of ext poll pts sorting


				extended poll point eval {

					extended poll point = ( 55111     0 )

					list of points evaluation (extended poll) {

						evaluation 1/1 {

							point #112 ( 55111  0 )
							mesh index : 0

							cache hit: #112 --> #41
							extended poll unsuccessful point #41 [ h=0 f=0.73779249191300000366 ]
						} 

					} end of evaluations


				} 


				extended poll center: ( 55111     0 )

				perform extended poll descent ...... yes

				extended poll descent {

					       iteration = 2
					 blackbox eval.  = 45
					      mesh index = 0
					ext. poll center = ( 55111     0 ) f=0.73779249191300000366 h=0


					MADS run {

						45+BBE	OBJ	(ext-poll)

						45+ 0	0.73779249191300000366	(ext-poll)

					} end of run (max mesh index)

					blackbox evaluations    : 0
					best feasible solution  : ( 55111 0 ) h=0 f=0.73779249191300000366

				} end of extended poll descent (unsuccessful)


				extended poll point eval {

					extended poll point = ( 5511511     0 )

					list of points evaluation (extended poll) {

						evaluation 1/1 {

							point #113 ( 5511511  0 )
							mesh index : 0

							cache hit: #113 --> #0
							extended poll unsuccessful point #0 [ h=0 f=0.73796224594100001681 ]
						} 

					} end of evaluations


				} 


				extended poll center: ( 5511511     0 )

				perform extended poll descent ...... yes

				extended poll descent {

					       iteration = 2
					 blackbox eval.  = 45
					      mesh index = 0
					ext. poll center = ( 5511511     0 ) f=0.73796224594100001681 h=0


					MADS run {

						45+BBE	OBJ	(ext-poll)

						45+ 0	0.73796224594100001681	(ext-poll)

					} end of run (max mesh index)

					blackbox evaluations    : 0
					best feasible solution  : ( 5511511 0 ) h=0 f=0.73796224594100001681

				} end of extended poll descent (unsuccessful)


				extended poll point eval {

					extended poll point = ( 5411411     0 )

					list of points evaluation (extended poll) {

						evaluation 1/1 {

							point #114 ( 5411411  0 )
							mesh index : 0

							cache hit: #114 --> #29
							extended poll unsuccessful point #29 [ h=0 f=0.74593997001599998686 ]
						} 

					} end of evaluations


				} 


				extended poll center: ( 5411411     0 )

				perform extended poll descent ...... yes

				extended poll descent {

					       iteration = 2
					 blackbox eval.  = 45
					      mesh index = 0
					ext. poll center = ( 5411411     0 ) f=0.74593997001599998686 h=0


					MADS run {

						45+BBE	OBJ	(ext-poll)

						45+ 0	0.74593997001599998686	(ext-poll)

					} end of run (max mesh index)

					blackbox evaluations    : 0
					best feasible solution  : ( 5411411 0 ) h=0 f=0.74593997001599998686

				} end of extended poll descent (unsuccessful)


				extended poll point eval {

					extended poll point = ( 51411     0 )

					list of points evaluation (extended poll) {

						evaluation 1/1 {

							point #115 ( 51411  0 )
							mesh index : 0

							cache hit: #115 --> #30
							extended poll unsuccessful point #30 [ h=0 f=0.74861931800799996761 ]
						} 

					} end of evaluations


				} 


				extended poll center: ( 51411     0 )

				perform extended poll descent ...... yes

				extended poll descent {

					       iteration = 2
					 blackbox eval.  = 45
					      mesh index = 0
					ext. poll center = ( 51411     0 ) f=0.74861931800799996761 h=0


					MADS run {

						45+BBE	OBJ	(ext-poll)

						45+ 0	0.74861931800799996761	(ext-poll)

					} end of run (max mesh index)

					blackbox evaluations    : 0
					best feasible solution  : ( 51411 0 ) h=0 f=0.74861931800799996761

				} end of extended poll descent (unsuccessful)


				extended poll point eval {

					extended poll point = ( 4511411     0 )

					list of points evaluation (extended poll) {

						evaluation 1/1 {

							point #116 ( 4511411  0 )
							mesh index : 0

							cache hit: #116 --> #28
							extended poll unsuccessful point #28 [ h=0 f=0.75367832183799998713 ]
						} 

					} end of evaluations


				} 


				extended poll center: ( 4511411     0 )

				perform extended poll descent ...... yes

				extended poll descent {

					       iteration = 2
					 blackbox eval.  = 45
					      mesh index = 0
					ext. poll center = ( 4511411     0 ) f=0.75367832183799998713 h=0


					MADS run {

						45+BBE	OBJ	(ext-poll)

						45+ 0	0.75367832183799998713	(ext-poll)

					} end of run (max mesh index)

					blackbox evaluations    : 0
					best feasible solution  : ( 4511411 0 ) h=0 f=0.75367832183799998713

				} end of extended poll descent (unsuccessful)


				extended poll point eval {

					extended poll point = ( 551141523     0 )

					list of points evaluation (extended poll) {

						evaluation 1/1 {

							point #117 ( 551141523  0 )
							mesh index : 0

							cache hit: #117 --> #50
							extended poll unsuccessful point #50 [ h=0 f=0.96000814437899995024 ]
						} 

					} end of evaluations


				} 


				extended poll center: ( 551141523     0 )

				perform extended poll descent ...... no

				extended poll point eval {

					extended poll point = ( 555231411     0 )

					list of points evaluation (extended poll) {

						evaluation 1/1 {

							point #118 ( 555231411  0 )
							mesh index : 0

							cache hit: #118 --> #35
							extended poll unsuccessful point #35 [ h=0 f=0.97513866424600004201 ]
						} 

					} end of evaluations


				} 


				extended poll center: ( 555231411     0 )

				perform extended poll descent ...... no

				extended poll point eval {

					extended poll point = ( 5511412     0 )

					list of points evaluation (extended poll) {

						evaluation 1/1 {

							point #119 ( 5511412  0 )
							mesh index : 0

							cache hit: #119 --> #47
							extended poll unsuccessful point #47 [ h=0 f=1.0189833641099999006 ]
						} 

					} end of evaluations


				} 


				extended poll center: ( 5511412     0 )

				perform extended poll descent ...... no

				extended poll point eval {

					extended poll point = ( 5521411     0 )

					list of points evaluation (extended poll) {

						evaluation 1/1 {

							point #120 ( 5521411  0 )
							mesh index : 0

							cache hit: #120 --> #32
							extended poll unsuccessful point #32 [ h=0 f=1.0274903774299999348 ]
						} 

					} end of evaluations


				} 


				extended poll center: ( 5521411     0 )

				perform extended poll descent ...... no

				extended poll point eval {

					extended poll point = ( 5513411     0 )

					list of points evaluation (extended poll) {

						evaluation 1/1 {

							point #121 ( 5513411  0 )
							mesh index : 0

							cache hit: #121 --> #37
							extended poll unsuccessful point #37 [ h=0 f=1.0298829078700000306 ]
						} 

					} end of evaluations


				} 


				extended poll center: ( 5513411     0 )

				perform extended poll descent ...... no

				extended poll point eval {

					extended poll point = ( 5512411     0 )

					list of points evaluation (extended poll) {

						evaluation 1/1 {

							point #122 ( 5512411  0 )
							mesh index : 0

							cache hit: #122 --> #36
							extended poll unsuccessful point #36 [ h=0 f=1.0299148559599999864 ]
						} 

					} end of evaluations


				} 


				extended poll center: ( 5512411     0 )

				perform extended poll descent ...... no

				extended poll point eval {

					extended poll point = ( 5511431     0 )

					list of points evaluation (extended poll) {

						evaluation 1/1 {

							point #123 ( 5511431  0 )
							mesh index : 0

							cache hit: #123 --> #44
							extended poll unsuccessful point #44 [ h=0 f=1.0452425479900000482 ]
						} 

					} end of evaluations


				} 


				extended poll center: ( 5511431     0 )

				perform extended poll descent ...... no

				extended poll point eval {

					extended poll point = ( 551144231     0 )

					list of points evaluation (extended poll) {

						evaluation 1/1 {

							point #124 ( 551144231  0 )
							mesh index : 0

							cache hit: #124 --> #45
							extended poll unsuccessful point #45 [ h=0 f=1.0498299598700000512 ]
						} 

					} end of evaluations


				} 


				extended poll center: ( 551144231     0 )

				perform extended poll descent ...... no

				extended poll point eval {

					extended poll point = ( 5511413     0 )

					list of points evaluation (extended poll) {

						evaluation 1/1 {

							point #125 ( 5511413  0 )
							mesh index : 0

							cache hit: #125 --> #48
							extended poll unsuccessful point #48 [ h=0 f=1.0551452636700000554 ]
						} 

					} end of evaluations


				} 


				extended poll center: ( 5511413     0 )

				perform extended poll descent ...... no

				extended poll point eval {

					extended poll point = ( 551141423     0 )

					list of points evaluation (extended poll) {

						evaluation 1/1 {

							point #126 ( 551141423  0 )
							mesh index : 0

							cache hit: #126 --> #49
							extended poll unsuccessful point #49 [ h=0 f=1.056186437610000084 ]
						} 

					} end of evaluations


				} 


				extended poll center: ( 551141423     0 )

				perform extended poll descent ...... no

				extended poll point eval {

					extended poll point = ( 551145231     0 )

					list of points evaluation (extended poll) {

						evaluation 1/1 {

							point #127 ( 551145231  0 )
							mesh index : 0

							cache hit: #127 --> #46
							extended poll unsuccessful point #46 [ h=0 f=1.0566668510399999104 ]
						} 

					} end of evaluations


				} 


				extended poll center: ( 551145231     0 )

				perform extended poll descent ...... no

				extended poll point eval {

					extended poll point = ( 5531411     0 )

					list of points evaluation (extended poll) {

						evaluation 1/1 {

							point #128 ( 5531411  0 )
							mesh index : 0

							cache hit: #128 --> #33
							extended poll unsuccessful point #33 [ h=0 f=1.0620057582899999904 ]
						} 

					} end of evaluations


				} 


				extended poll center: ( 5531411     0 )

				perform extended poll descent ...... no

				extended poll point eval {

					extended poll point = ( 551423411     0 )

					list of points evaluation (extended poll) {

						evaluation 1/1 {

							point #129 ( 551423411  0 )
							mesh index : 0

							cache hit: #129 --> #38
							extended poll unsuccessful point #38 [ h=0 f=1.0858626365699999283 ]
						} 

					} end of evaluations


				} 


				extended poll center: ( 551423411     0 )

				perform extended poll descent ...... no

				extended poll point eval {

					extended poll point = ( 554231411     0 )

					list of points evaluation (extended poll) {

						evaluation 1/1 {

							point #130 ( 554231411  0 )
							mesh index : 0

							cache hit: #130 --> #34
							extended poll unsuccessful point #34 [ h=0 f=1.0906295776399999031 ]
						} 

					} end of evaluations


				} 


				extended poll center: ( 554231411     0 )

				perform extended poll descent ...... no

				extended poll point eval {

					extended poll point = ( 5511421     0 )

					list of points evaluation (extended poll) {

						evaluation 1/1 {

							point #131 ( 5511421  0 )
							mesh index : 0

							cache hit: #131 --> #43
							extended poll unsuccessful point #43 [ h=0 f=1.3037855625200001075 ]
						} 

					} end of evaluations


				} 


				extended poll center: ( 5511421     0 )

				perform extended poll descent ...... no

				extended poll point eval {

					extended poll point = ( 551523411     0 )

					list of points evaluation (extended poll) {

						evaluation 1/1 {

							point #132 ( 551523411  0 )
							mesh index : -1

							cache hit: #132 --> #39
							extended poll unsuccessful point #39: evaluation failed
						} 

					} end of evaluations


				} 


				extended poll center: ( 551523411     0 )

				perform extended poll descent ...... no

			} end of extended poll

		} end of poll

		Mesh update {
			previous mesh index: 0
			new mesh index     : 1
		} 


		terminate MADS       : no
		iteration status     : unsuccessful
		new feas. incumbent  : none
		new infeas. incumbent: none

	} end of iteration 2

	MADS iteration 3 {

		blackbox evaluations : 45
		best feas. solution  : ( 5511411  0 ) h=0 f=0.73254013061500000692
		best infeas. solution: none
		poll center          : ( 5511411  0 )
		mesh size            : ( 0.25 0.25 )
		poll size            : ( 0.5 0.5 )
		mesh index           : 1
		h_max                : inf

		MADS search {
		} end of search

		MADS poll {

			poll center: ( 5511411  0 )

			poll directions (include mesh size parameter) {
				dir 0 : (  0 -1 ) Ortho-MADS 2n
				dir 1 : (  0  1 ) Ortho-MADS 2n
			} 

			re-ordered list of 2 poll trial points {
				#148 : ( 5511411 -1 ) (dir 0)
				#149 : ( 5511411  1 ) (dir 1)
			} 

			list of points evaluation (poll) {

				evaluation 1/2 {

					point #148 ( 5511411 -1 )
					direction  : (  0 -1 ) Ortho-MADS 2n
					mesh index : 1

					cache hit: #148 --> #26
					poll unsuccessful point #26: evaluation failed
				} 

				evaluation 2/2 {

					point #149 ( 5511411  1 )
					direction  : (  0  1 ) Ortho-MADS 2n
					mesh index : 1

					cache hit: #149 --> #27
					poll unsuccessful point #27: evaluation failed
				} 

			} end of evaluations


			MADS extended poll {


				extended poll pts sorting {


					list of points evaluation (extended poll) {

						evaluation 1/23 {

							point #150 ( 4511411  0 )
							mesh index : 1

							cache hit: #150 --> #28
							extended poll unsuccessful point #28 [ h=0 f=0.75367832183799998713 ]
						} 

						evaluation 2/23 {

							point #151 ( 5411411  0 )
							mesh index : 1

							cache hit: #151 --> #29
							extended poll unsuccessful point #29 [ h=0 f=0.74593997001599998686 ]
						} 

						evaluation 3/23 {

							point #152 ( 51411  0 )
							mesh index : 1

							cache hit: #152 --> #30
							extended poll unsuccessful point #30 [ h=0 f=0.74861931800799996761 ]
						} 

						evaluation 4/23 {

							point #153 ( 51411  0 )
							mesh index : 1

							cache hit: #153 --> #30
							extended poll unsuccessful point #30 [ h=0 f=0.74861931800799996761 ]
						} 

						evaluation 5/23 {

							point #154 ( 5521411  0 )
							mesh index : 1

							cache hit: #154 --> #32
							extended poll unsuccessful point #32 [ h=0 f=1.0274903774299999348 ]
						} 

						evaluation 6/23 {

							point #155 ( 5531411  0 )
							mesh index : 1

							cache hit: #155 --> #33
							extended poll unsuccessful point #33 [ h=0 f=1.0620057582899999904 ]
						} 

						evaluation 7/23 {

							point #156 ( 554231411  0 )
							mesh index : 1

							cache hit: #156 --> #34
							extended poll unsuccessful point #34 [ h=0 f=1.0906295776399999031 ]
						} 

						evaluation 8/23 {

							point #157 ( 555231411  0 )
							mesh index : 1

							cache hit: #157 --> #35
							extended poll unsuccessful point #35 [ h=0 f=0.97513866424600004201 ]
						} 

						evaluation 9/23 {

							point #158 ( 5512411  0 )
							mesh index : 1

							cache hit: #158 --> #36
							extended poll unsuccessful point #36 [ h=0 f=1.0299148559599999864 ]
						} 

						evaluation 10/23 {

							point #159 ( 5513411  0 )
							mesh index : 1

							cache hit: #159 --> #37
							extended poll unsuccessful point #37 [ h=0 f=1.0298829078700000306 ]
						} 

						evaluation 11/23 {

							point #160 ( 551423411  0 )
							mesh index : 1

							cache hit: #160 --> #38
							extended poll unsuccessful point #38 [ h=0 f=1.0858626365699999283 ]
						} 

						evaluation 12/23 {

							point #161 ( 551523411  0 )
							mesh index : 1

							cache hit: #161 --> #39
							extended poll unsuccessful point #39: evaluation failed
						} 

						evaluation 13/23 {

							point #162 ( 5511511  0 )
							mesh index : 1

							cache hit: #162 --> #0
							extended poll unsuccessful point #0 [ h=0 f=0.73796224594100001681 ]
						} 

						evaluation 14/23 {

							point #163 ( 55111  0 )
							mesh index : 1

							cache hit: #163 --> #41
							extended poll unsuccessful point #41 [ h=0 f=0.73779249191300000366 ]
						} 

						evaluation 15/23 {

							point #164 ( 55111  0 )
							mesh index : 1

							cache hit: #164 --> #41
							extended poll unsuccessful point #41 [ h=0 f=0.73779249191300000366 ]
						} 

						evaluation 16/23 {

							point #165 ( 5511421  0 )
							mesh index : 1

							cache hit: #165 --> #43
							extended poll unsuccessful point #43 [ h=0 f=1.3037855625200001075 ]
						} 

						evaluation 17/23 {

							point #166 ( 5511431  0 )
							mesh index : 1

							cache hit: #166 --> #44
							extended poll unsuccessful point #44 [ h=0 f=1.0452425479900000482 ]
						} 

						evaluation 18/23 {

							point #167 ( 551144231  0 )
							mesh index : 1

							cache hit: #167 --> #45
							extended poll unsuccessful point #45 [ h=0 f=1.0498299598700000512 ]
						} 

						evaluation 19/23 {

							point #168 ( 551145231  0 )
							mesh index : 1

							cache hit: #168 --> #46
							extended poll unsuccessful point #46 [ h=0 f=1.0566668510399999104 ]
						} 

						evaluation 20/23 {

							point #169 ( 5511412  0 )
							mesh index : 1

							cache hit: #169 --> #47
							extended poll unsuccessful point #47 [ h=0 f=1.0189833641099999006 ]
						} 

						evaluation 21/23 {

							point #170 ( 5511413  0 )
							mesh index : 1

							cache hit: #170 --> #48
							extended poll unsuccessful point #48 [ h=0 f=1.0551452636700000554 ]
						} 

						evaluation 22/23 {

							point #171 ( 551141423  0 )
							mesh index : 1

							cache hit: #171 --> #49
							extended poll unsuccessful point #49 [ h=0 f=1.056186437610000084 ]
						} 

						evaluation 23/23 {

							point #172 ( 551141523  0 )
							mesh index : 1

							cache hit: #172 --> #50
							extended poll unsuccessful point #50 [ h=0 f=0.96000814437899995024 ]
						} 

					} end of evaluations


					sorted ext poll pts {

						point # 1/21 : ( 55111     0 )
						point # 2/21 : ( 5511511     0 )
						point # 3/21 : ( 5411411     0 )
						point # 4/21 : ( 51411     0 )
						point # 5/21 : ( 4511411     0 )
						point # 6/21 : ( 551141523     0 )
						point # 7/21 : ( 555231411     0 )
						point # 8/21 : ( 5511412     0 )
						point # 9/21 : ( 5521411     0 )
						point #10/21 : ( 5513411     0 )
						point #11/21 : ( 5512411     0 )
						point #12/21 : ( 5511431     0 )
						point #13/21 : ( 551144231     0 )
						point #14/21 : ( 5511413     0 )
						point #15/21 : ( 551141423     0 )
						point #16/21 : ( 551145231     0 )
						point #17/21 : ( 5531411     0 )
						point #18/21 : ( 551423411     0 )
						point #19/21 : ( 554231411     0 )
						point #20/21 : ( 5511421     0 )
						point #21/21 : ( 551523411     0 )

					} 


				} end of ext poll pts sorting


				extended poll point eval {

					extended poll point = ( 55111     0 )

					list of points evaluation (extended poll) {

						evaluation 1/1 {

							point #173 ( 55111  0 )
							mesh index : 1

							cache hit: #173 --> #41
							extended poll unsuccessful point #41 [ h=0 f=0.73779249191300000366 ]
						} 

					} end of evaluations


				} 


				extended poll center: ( 55111     0 )

				perform extended poll descent ...... yes

				extended poll descent {

					       iteration = 3
					 blackbox eval.  = 45
					      mesh index = 1
					ext. poll center = ( 55111     0 ) f=0.73779249191300000366 h=0


					MADS run {

						45+BBE	OBJ	(ext-poll)

						45+ 0	0.73779249191300000366	(ext-poll)

					} end of run (max mesh index)

					blackbox evaluations    : 0
					best feasible solution  : ( 55111 0 ) h=0 f=0.73779249191300000366

				} end of extended poll descent (unsuccessful)


				extended poll point eval {

					extended poll point = ( 5511511     0 )

					list of points evaluation (extended poll) {

						evaluation 1/1 {

							point #174 ( 5511511  0 )
							mesh index : 1

							cache hit: #174 --> #0
							extended poll unsuccessful point #0 [ h=0 f=0.73796224594100001681 ]
						} 

					} end of evaluations


				} 


				extended poll center: ( 5511511     0 )

				perform extended poll descent ...... yes

				extended poll descent {

					       iteration = 3
					 blackbox eval.  = 45
					      mesh index = 1
					ext. poll center = ( 5511511     0 ) f=0.73796224594100001681 h=0


					MADS run {

						45+BBE	OBJ	(ext-poll)

						45+ 0	0.73796224594100001681	(ext-poll)

					} end of run (max mesh index)

					blackbox evaluations    : 0
					best feasible solution  : ( 5511511 0 ) h=0 f=0.73796224594100001681

				} end of extended poll descent (unsuccessful)


				extended poll point eval {

					extended poll point = ( 5411411     0 )

					list of points evaluation (extended poll) {

						evaluation 1/1 {

							point #175 ( 5411411  0 )
							mesh index : 1

							cache hit: #175 --> #29
							extended poll unsuccessful point #29 [ h=0 f=0.74593997001599998686 ]
						} 

					} end of evaluations


				} 


				extended poll center: ( 5411411     0 )

				perform extended poll descent ...... yes

				extended poll descent {

					       iteration = 3
					 blackbox eval.  = 45
					      mesh index = 1
					ext. poll center = ( 5411411     0 ) f=0.74593997001599998686 h=0


					MADS run {

						45+BBE	OBJ	(ext-poll)

						45+ 0	0.74593997001599998686	(ext-poll)

					} end of run (max mesh index)

					blackbox evaluations    : 0
					best feasible solution  : ( 5411411 0 ) h=0 f=0.74593997001599998686

				} end of extended poll descent (unsuccessful)


				extended poll point eval {

					extended poll point = ( 51411     0 )

					list of points evaluation (extended poll) {

						evaluation 1/1 {

							point #176 ( 51411  0 )
							mesh index : 1

							cache hit: #176 --> #30
							extended poll unsuccessful point #30 [ h=0 f=0.74861931800799996761 ]
						} 

					} end of evaluations


				} 


				extended poll center: ( 51411     0 )

				perform extended poll descent ...... yes

				extended poll descent {

					       iteration = 3
					 blackbox eval.  = 45
					      mesh index = 1
					ext. poll center = ( 51411     0 ) f=0.74861931800799996761 h=0


					MADS run {

						45+BBE	OBJ	(ext-poll)

						45+ 0	0.74861931800799996761	(ext-poll)

					} end of run (max mesh index)

					blackbox evaluations    : 0
					best feasible solution  : ( 51411 0 ) h=0 f=0.74861931800799996761

				} end of extended poll descent (unsuccessful)


				extended poll point eval {

					extended poll point = ( 4511411     0 )

					list of points evaluation (extended poll) {

						evaluation 1/1 {

							point #177 ( 4511411  0 )
							mesh index : 1

							cache hit: #177 --> #28
							extended poll unsuccessful point #28 [ h=0 f=0.75367832183799998713 ]
						} 

					} end of evaluations


				} 


				extended poll center: ( 4511411     0 )

				perform extended poll descent ...... yes

				extended poll descent {

					       iteration = 3
					 blackbox eval.  = 45
					      mesh index = 1
					ext. poll center = ( 4511411     0 ) f=0.75367832183799998713 h=0


					MADS run {

						45+BBE	OBJ	(ext-poll)

						45+ 0	0.75367832183799998713	(ext-poll)

					} end of run (max mesh index)

					blackbox evaluations    : 0
					best feasible solution  : ( 4511411 0 ) h=0 f=0.75367832183799998713

				} end of extended poll descent (unsuccessful)


				extended poll point eval {

					extended poll point = ( 551141523     0 )

					list of points evaluation (extended poll) {

						evaluation 1/1 {

							point #178 ( 551141523  0 )
							mesh index : 1

							cache hit: #178 --> #50
							extended poll unsuccessful point #50 [ h=0 f=0.96000814437899995024 ]
						} 

					} end of evaluations


				} 


				extended poll center: ( 551141523     0 )

				perform extended poll descent ...... no

				extended poll point eval {

					extended poll point = ( 555231411     0 )

					list of points evaluation (extended poll) {

						evaluation 1/1 {

							point #179 ( 555231411  0 )
							mesh index : 1

							cache hit: #179 --> #35
							extended poll unsuccessful point #35 [ h=0 f=0.97513866424600004201 ]
						} 

					} end of evaluations


				} 


				extended poll center: ( 555231411     0 )

				perform extended poll descent ...... no

				extended poll point eval {

					extended poll point = ( 5511412     0 )

					list of points evaluation (extended poll) {

						evaluation 1/1 {

							point #180 ( 5511412  0 )
							mesh index : 1

							cache hit: #180 --> #47
							extended poll unsuccessful point #47 [ h=0 f=1.0189833641099999006 ]
						} 

					} end of evaluations


				} 


				extended poll center: ( 5511412     0 )

				perform extended poll descent ...... no

				extended poll point eval {

					extended poll point = ( 5521411     0 )

					list of points evaluation (extended poll) {

						evaluation 1/1 {

							point #181 ( 5521411  0 )
							mesh index : 1

							cache hit: #181 --> #32
							extended poll unsuccessful point #32 [ h=0 f=1.0274903774299999348 ]
						} 

					} end of evaluations


				} 


				extended poll center: ( 5521411     0 )

				perform extended poll descent ...... no

				extended poll point eval {

					extended poll point = ( 5513411     0 )

					list of points evaluation (extended poll) {

						evaluation 1/1 {

							point #182 ( 5513411  0 )
							mesh index : 1

							cache hit: #182 --> #37
							extended poll unsuccessful point #37 [ h=0 f=1.0298829078700000306 ]
						} 

					} end of evaluations


				} 


				extended poll center: ( 5513411     0 )

				perform extended poll descent ...... no

				extended poll point eval {

					extended poll point = ( 5512411     0 )

					list of points evaluation (extended poll) {

						evaluation 1/1 {

							point #183 ( 5512411  0 )
							mesh index : 1

							cache hit: #183 --> #36
							extended poll unsuccessful point #36 [ h=0 f=1.0299148559599999864 ]
						} 

					} end of evaluations


				} 


				extended poll center: ( 5512411     0 )

				perform extended poll descent ...... no

				extended poll point eval {

					extended poll point = ( 5511431     0 )

					list of points evaluation (extended poll) {

						evaluation 1/1 {

							point #184 ( 5511431  0 )
							mesh index : 1

							cache hit: #184 --> #44
							extended poll unsuccessful point #44 [ h=0 f=1.0452425479900000482 ]
						} 

					} end of evaluations


				} 


				extended poll center: ( 5511431     0 )

				perform extended poll descent ...... no

				extended poll point eval {

					extended poll point = ( 551144231     0 )

					list of points evaluation (extended poll) {

						evaluation 1/1 {

							point #185 ( 551144231  0 )
							mesh index : 1

							cache hit: #185 --> #45
							extended poll unsuccessful point #45 [ h=0 f=1.0498299598700000512 ]
						} 

					} end of evaluations


				} 


				extended poll center: ( 551144231     0 )

				perform extended poll descent ...... no

				extended poll point eval {

					extended poll point = ( 5511413     0 )

					list of points evaluation (extended poll) {

						evaluation 1/1 {

							point #186 ( 5511413  0 )
							mesh index : 1

							cache hit: #186 --> #48
							extended poll unsuccessful point #48 [ h=0 f=1.0551452636700000554 ]
						} 

					} end of evaluations


				} 


				extended poll center: ( 5511413     0 )

				perform extended poll descent ...... no

				extended poll point eval {

					extended poll point = ( 551141423     0 )

					list of points evaluation (extended poll) {

						evaluation 1/1 {

							point #187 ( 551141423  0 )
							mesh index : 1

							cache hit: #187 --> #49
							extended poll unsuccessful point #49 [ h=0 f=1.056186437610000084 ]
						} 

					} end of evaluations


				} 


				extended poll center: ( 551141423     0 )

				perform extended poll descent ...... no

				extended poll point eval {

					extended poll point = ( 551145231     0 )

					list of points evaluation (extended poll) {

						evaluation 1/1 {

							point #188 ( 551145231  0 )
							mesh index : 1

							cache hit: #188 --> #46
							extended poll unsuccessful point #46 [ h=0 f=1.0566668510399999104 ]
						} 

					} end of evaluations


				} 


				extended poll center: ( 551145231     0 )

				perform extended poll descent ...... no

				extended poll point eval {

					extended poll point = ( 5531411     0 )

					list of points evaluation (extended poll) {

						evaluation 1/1 {

							point #189 ( 5531411  0 )
							mesh index : 1

							cache hit: #189 --> #33
							extended poll unsuccessful point #33 [ h=0 f=1.0620057582899999904 ]
						} 

					} end of evaluations


				} 


				extended poll center: ( 5531411     0 )

				perform extended poll descent ...... no

				extended poll point eval {

					extended poll point = ( 551423411     0 )

					list of points evaluation (extended poll) {

						evaluation 1/1 {

							point #190 ( 551423411  0 )
							mesh index : 1

							cache hit: #190 --> #38
							extended poll unsuccessful point #38 [ h=0 f=1.0858626365699999283 ]
						} 

					} end of evaluations


				} 


				extended poll center: ( 551423411     0 )

				perform extended poll descent ...... no

				extended poll point eval {

					extended poll point = ( 554231411     0 )

					list of points evaluation (extended poll) {

						evaluation 1/1 {

							point #191 ( 554231411  0 )
							mesh index : 1

							cache hit: #191 --> #34
							extended poll unsuccessful point #34 [ h=0 f=1.0906295776399999031 ]
						} 

					} end of evaluations


				} 


				extended poll center: ( 554231411     0 )

				perform extended poll descent ...... no

				extended poll point eval {

					extended poll point = ( 5511421     0 )

					list of points evaluation (extended poll) {

						evaluation 1/1 {

							point #192 ( 5511421  0 )
							mesh index : 1

							cache hit: #192 --> #43
							extended poll unsuccessful point #43 [ h=0 f=1.3037855625200001075 ]
						} 

					} end of evaluations


				} 


				extended poll center: ( 5511421     0 )

				perform extended poll descent ...... no

				extended poll point eval {

					extended poll point = ( 551523411     0 )

					list of points evaluation (extended poll) {

						evaluation 1/1 {

							point #193 ( 551523411  0 )
							mesh index : -1

							cache hit: #193 --> #39
							extended poll unsuccessful point #39: evaluation failed
						} 

					} end of evaluations


				} 


				extended poll center: ( 551523411     0 )

				perform extended poll descent ...... no

			} end of extended poll

		} end of poll

		Mesh update {
			previous mesh index: 1
			new mesh index     : 2
		} 


		terminate MADS       : no
		iteration status     : unsuccessful
		new feas. incumbent  : none
		new infeas. incumbent: none

	} end of iteration 3

	MADS iteration 4 {

		blackbox evaluations : 45
		best feas. solution  : ( 5511411  0 ) h=0 f=0.73254013061500000692
		best infeas. solution: none
		poll center          : ( 5511411  0 )
		mesh size            : ( 0.0625 0.0625 )
		poll size            : ( 0.25 0.25 )
		mesh index           : 2
		h_max                : inf

		MADS search {
		} end of search

		MADS poll {

			poll center: ( 5511411  0 )

			poll directions (include mesh size parameter) {
				dir 0 : (  0 -1 ) Ortho-MADS 2n
				dir 1 : (  0  1 ) Ortho-MADS 2n
			} 

			re-ordered list of 2 poll trial points {
				#209 : ( 5511411 -1 ) (dir 0)
				#210 : ( 5511411  1 ) (dir 1)
			} 

			list of points evaluation (poll) {

				evaluation 1/2 {

					point #209 ( 5511411 -1 )
					direction  : (  0 -1 ) Ortho-MADS 2n
					mesh index : 2

					cache hit: #209 --> #26
					poll unsuccessful point #26: evaluation failed
				} 

				evaluation 2/2 {

					point #210 ( 5511411  1 )
					direction  : (  0  1 ) Ortho-MADS 2n
					mesh index : 2

					cache hit: #210 --> #27
					poll unsuccessful point #27: evaluation failed
				} 

			} end of evaluations


			MADS extended poll {


				extended poll pts sorting {


					list of points evaluation (extended poll) {

						evaluation 1/23 {

							point #211 ( 4511411  0 )
							mesh index : 2

							cache hit: #211 --> #28
							extended poll unsuccessful point #28 [ h=0 f=0.75367832183799998713 ]
						} 

						evaluation 2/23 {

							point #212 ( 5411411  0 )
							mesh index : 2

							cache hit: #212 --> #29
							extended poll unsuccessful point #29 [ h=0 f=0.74593997001599998686 ]
						} 

						evaluation 3/23 {

							point #213 ( 51411  0 )
							mesh index : 2

							cache hit: #213 --> #30
							extended poll unsuccessful point #30 [ h=0 f=0.74861931800799996761 ]
						} 

						evaluation 4/23 {

							point #214 ( 51411  0 )
							mesh index : 2

							cache hit: #214 --> #30
							extended poll unsuccessful point #30 [ h=0 f=0.74861931800799996761 ]
						} 

						evaluation 5/23 {

							point #215 ( 5521411  0 )
							mesh index : 2

							cache hit: #215 --> #32
							extended poll unsuccessful point #32 [ h=0 f=1.0274903774299999348 ]
						} 

						evaluation 6/23 {

							point #216 ( 5531411  0 )
							mesh index : 2

							cache hit: #216 --> #33
							extended poll unsuccessful point #33 [ h=0 f=1.0620057582899999904 ]
						} 

						evaluation 7/23 {

							point #217 ( 554231411  0 )
							mesh index : 2

							cache hit: #217 --> #34
							extended poll unsuccessful point #34 [ h=0 f=1.0906295776399999031 ]
						} 

						evaluation 8/23 {

							point #218 ( 555231411  0 )
							mesh index : 2

							cache hit: #218 --> #35
							extended poll unsuccessful point #35 [ h=0 f=0.97513866424600004201 ]
						} 

						evaluation 9/23 {

							point #219 ( 5512411  0 )
							mesh index : 2

							cache hit: #219 --> #36
							extended poll unsuccessful point #36 [ h=0 f=1.0299148559599999864 ]
						} 

						evaluation 10/23 {

							point #220 ( 5513411  0 )
							mesh index : 2

							cache hit: #220 --> #37
							extended poll unsuccessful point #37 [ h=0 f=1.0298829078700000306 ]
						} 

						evaluation 11/23 {

							point #221 ( 551423411  0 )
							mesh index : 2

							cache hit: #221 --> #38
							extended poll unsuccessful point #38 [ h=0 f=1.0858626365699999283 ]
						} 

						evaluation 12/23 {

							point #222 ( 551523411  0 )
							mesh index : 2

							cache hit: #222 --> #39
							extended poll unsuccessful point #39: evaluation failed
						} 

						evaluation 13/23 {

							point #223 ( 5511511  0 )
							mesh index : 2

							cache hit: #223 --> #0
							extended poll unsuccessful point #0 [ h=0 f=0.73796224594100001681 ]
						} 

						evaluation 14/23 {

							point #224 ( 55111  0 )
							mesh index : 2

							cache hit: #224 --> #41
							extended poll unsuccessful point #41 [ h=0 f=0.73779249191300000366 ]
						} 

						evaluation 15/23 {

							point #225 ( 55111  0 )
							mesh index : 2

							cache hit: #225 --> #41
							extended poll unsuccessful point #41 [ h=0 f=0.73779249191300000366 ]
						} 

						evaluation 16/23 {

							point #226 ( 5511421  0 )
							mesh index : 2

							cache hit: #226 --> #43
							extended poll unsuccessful point #43 [ h=0 f=1.3037855625200001075 ]
						} 

						evaluation 17/23 {

							point #227 ( 5511431  0 )
							mesh index : 2

							cache hit: #227 --> #44
							extended poll unsuccessful point #44 [ h=0 f=1.0452425479900000482 ]
						} 

						evaluation 18/23 {

							point #228 ( 551144231  0 )
							mesh index : 2

							cache hit: #228 --> #45
							extended poll unsuccessful point #45 [ h=0 f=1.0498299598700000512 ]
						} 

						evaluation 19/23 {

							point #229 ( 551145231  0 )
							mesh index : 2

							cache hit: #229 --> #46
							extended poll unsuccessful point #46 [ h=0 f=1.0566668510399999104 ]
						} 

						evaluation 20/23 {

							point #230 ( 5511412  0 )
							mesh index : 2

							cache hit: #230 --> #47
							extended poll unsuccessful point #47 [ h=0 f=1.0189833641099999006 ]
						} 

						evaluation 21/23 {

							point #231 ( 5511413  0 )
							mesh index : 2

							cache hit: #231 --> #48
							extended poll unsuccessful point #48 [ h=0 f=1.0551452636700000554 ]
						} 

						evaluation 22/23 {

							point #232 ( 551141423  0 )
							mesh index : 2

							cache hit: #232 --> #49
							extended poll unsuccessful point #49 [ h=0 f=1.056186437610000084 ]
						} 

						evaluation 23/23 {

							point #233 ( 551141523  0 )
							mesh index : 2

							cache hit: #233 --> #50
							extended poll unsuccessful point #50 [ h=0 f=0.96000814437899995024 ]
						} 

					} end of evaluations


					sorted ext poll pts {

						point # 1/21 : ( 55111     0 )
						point # 2/21 : ( 5511511     0 )
						point # 3/21 : ( 5411411     0 )
						point # 4/21 : ( 51411     0 )
						point # 5/21 : ( 4511411     0 )
						point # 6/21 : ( 551141523     0 )
						point # 7/21 : ( 555231411     0 )
						point # 8/21 : ( 5511412     0 )
						point # 9/21 : ( 5521411     0 )
						point #10/21 : ( 5513411     0 )
						point #11/21 : ( 5512411     0 )
						point #12/21 : ( 5511431     0 )
						point #13/21 : ( 551144231     0 )
						point #14/21 : ( 5511413     0 )
						point #15/21 : ( 551141423     0 )
						point #16/21 : ( 551145231     0 )
						point #17/21 : ( 5531411     0 )
						point #18/21 : ( 551423411     0 )
						point #19/21 : ( 554231411     0 )
						point #20/21 : ( 5511421     0 )
						point #21/21 : ( 551523411     0 )

					} 


				} end of ext poll pts sorting


				extended poll point eval {

					extended poll point = ( 55111     0 )

					list of points evaluation (extended poll) {

						evaluation 1/1 {

							point #234 ( 55111  0 )
							mesh index : 2

							cache hit: #234 --> #41
							extended poll unsuccessful point #41 [ h=0 f=0.73779249191300000366 ]
						} 

					} end of evaluations


				} 


				extended poll center: ( 55111     0 )

				perform extended poll descent ...... yes

				extended poll descent {

					       iteration = 4
					 blackbox eval.  = 45
					      mesh index = 2
					ext. poll center = ( 55111     0 ) f=0.73779249191300000366 h=0


					MADS run {

						45+BBE	OBJ	(ext-poll)

						45+ 0	0.73779249191300000366	(ext-poll)

					} end of run (max mesh index)

					blackbox evaluations    : 0
					best feasible solution  : ( 55111 0 ) h=0 f=0.73779249191300000366

				} end of extended poll descent (unsuccessful)


				extended poll point eval {

					extended poll point = ( 5511511     0 )

					list of points evaluation (extended poll) {

						evaluation 1/1 {

							point #235 ( 5511511  0 )
							mesh index : 2

							cache hit: #235 --> #0
							extended poll unsuccessful point #0 [ h=0 f=0.73796224594100001681 ]
						} 

					} end of evaluations


				} 


				extended poll center: ( 5511511     0 )

				perform extended poll descent ...... yes

				extended poll descent {

					       iteration = 4
					 blackbox eval.  = 45
					      mesh index = 2
					ext. poll center = ( 5511511     0 ) f=0.73796224594100001681 h=0


					MADS run {

						45+BBE	OBJ	(ext-poll)

						45+ 0	0.73796224594100001681	(ext-poll)

					} end of run (max mesh index)

					blackbox evaluations    : 0
					best feasible solution  : ( 5511511 0 ) h=0 f=0.73796224594100001681

				} end of extended poll descent (unsuccessful)


				extended poll point eval {

					extended poll point = ( 5411411     0 )

					list of points evaluation (extended poll) {

						evaluation 1/1 {

							point #236 ( 5411411  0 )
							mesh index : 2

							cache hit: #236 --> #29
							extended poll unsuccessful point #29 [ h=0 f=0.74593997001599998686 ]
						} 

					} end of evaluations


				} 


				extended poll center: ( 5411411     0 )

				perform extended poll descent ...... yes

				extended poll descent {

					       iteration = 4
					 blackbox eval.  = 45
					      mesh index = 2
					ext. poll center = ( 5411411     0 ) f=0.74593997001599998686 h=0


					MADS run {

						45+BBE	OBJ	(ext-poll)

						45+ 0	0.74593997001599998686	(ext-poll)

					} end of run (max mesh index)

					blackbox evaluations    : 0
					best feasible solution  : ( 5411411 0 ) h=0 f=0.74593997001599998686

				} end of extended poll descent (unsuccessful)


				extended poll point eval {

					extended poll point = ( 51411     0 )

					list of points evaluation (extended poll) {

						evaluation 1/1 {

							point #237 ( 51411  0 )
							mesh index : 2

							cache hit: #237 --> #30
							extended poll unsuccessful point #30 [ h=0 f=0.74861931800799996761 ]
						} 

					} end of evaluations


				} 


				extended poll center: ( 51411     0 )

				perform extended poll descent ...... yes

				extended poll descent {

					       iteration = 4
					 blackbox eval.  = 45
					      mesh index = 2
					ext. poll center = ( 51411     0 ) f=0.74861931800799996761 h=0


					MADS run {

						45+BBE	OBJ	(ext-poll)

						45+ 0	0.74861931800799996761	(ext-poll)

					} end of run (max mesh index)

					blackbox evaluations    : 0
					best feasible solution  : ( 51411 0 ) h=0 f=0.74861931800799996761

				} end of extended poll descent (unsuccessful)


				extended poll point eval {

					extended poll point = ( 4511411     0 )

					list of points evaluation (extended poll) {

						evaluation 1/1 {

							point #238 ( 4511411  0 )
							mesh index : 2

							cache hit: #238 --> #28
							extended poll unsuccessful point #28 [ h=0 f=0.75367832183799998713 ]
						} 

					} end of evaluations


				} 


				extended poll center: ( 4511411     0 )

				perform extended poll descent ...... yes

				extended poll descent {

					       iteration = 4
					 blackbox eval.  = 45
					      mesh index = 2
					ext. poll center = ( 4511411     0 ) f=0.75367832183799998713 h=0


					MADS run {

						45+BBE	OBJ	(ext-poll)

						45+ 0	0.75367832183799998713	(ext-poll)

					} end of run (max mesh index)

					blackbox evaluations    : 0
					best feasible solution  : ( 4511411 0 ) h=0 f=0.75367832183799998713

				} end of extended poll descent (unsuccessful)


				extended poll point eval {

					extended poll point = ( 551141523     0 )

					list of points evaluation (extended poll) {

						evaluation 1/1 {

							point #239 ( 551141523  0 )
							mesh index : 2

							cache hit: #239 --> #50
							extended poll unsuccessful point #50 [ h=0 f=0.96000814437899995024 ]
						} 

					} end of evaluations


				} 


				extended poll center: ( 551141523     0 )

				perform extended poll descent ...... no

				extended poll point eval {

					extended poll point = ( 555231411     0 )

					list of points evaluation (extended poll) {

						evaluation 1/1 {

							point #240 ( 555231411  0 )
							mesh index : 2

							cache hit: #240 --> #35
							extended poll unsuccessful point #35 [ h=0 f=0.97513866424600004201 ]
						} 

					} end of evaluations


				} 


				extended poll center: ( 555231411     0 )

				perform extended poll descent ...... no

				extended poll point eval {

					extended poll point = ( 5511412     0 )

					list of points evaluation (extended poll) {

						evaluation 1/1 {

							point #241 ( 5511412  0 )
							mesh index : 2

							cache hit: #241 --> #47
							extended poll unsuccessful point #47 [ h=0 f=1.0189833641099999006 ]
						} 

					} end of evaluations


				} 


				extended poll center: ( 5511412     0 )

				perform extended poll descent ...... no

				extended poll point eval {

					extended poll point = ( 5521411     0 )

					list of points evaluation (extended poll) {

						evaluation 1/1 {

							point #242 ( 5521411  0 )
							mesh index : 2

							cache hit: #242 --> #32
							extended poll unsuccessful point #32 [ h=0 f=1.0274903774299999348 ]
						} 

					} end of evaluations


				} 


				extended poll center: ( 5521411     0 )

				perform extended poll descent ...... no

				extended poll point eval {

					extended poll point = ( 5513411     0 )

					list of points evaluation (extended poll) {

						evaluation 1/1 {

							point #243 ( 5513411  0 )
							mesh index : 2

							cache hit: #243 --> #37
							extended poll unsuccessful point #37 [ h=0 f=1.0298829078700000306 ]
						} 

					} end of evaluations


				} 


				extended poll center: ( 5513411     0 )

				perform extended poll descent ...... no

				extended poll point eval {

					extended poll point = ( 5512411     0 )

					list of points evaluation (extended poll) {

						evaluation 1/1 {

							point #244 ( 5512411  0 )
							mesh index : 2

							cache hit: #244 --> #36
							extended poll unsuccessful point #36 [ h=0 f=1.0299148559599999864 ]
						} 

					} end of evaluations


				} 


				extended poll center: ( 5512411     0 )

				perform extended poll descent ...... no

				extended poll point eval {

					extended poll point = ( 5511431     0 )

					list of points evaluation (extended poll) {

						evaluation 1/1 {

							point #245 ( 5511431  0 )
							mesh index : 2

							cache hit: #245 --> #44
							extended poll unsuccessful point #44 [ h=0 f=1.0452425479900000482 ]
						} 

					} end of evaluations


				} 


				extended poll center: ( 5511431     0 )

				perform extended poll descent ...... no

				extended poll point eval {

					extended poll point = ( 551144231     0 )

					list of points evaluation (extended poll) {

						evaluation 1/1 {

							point #246 ( 551144231  0 )
							mesh index : 2

							cache hit: #246 --> #45
							extended poll unsuccessful point #45 [ h=0 f=1.0498299598700000512 ]
						} 

					} end of evaluations


				} 


				extended poll center: ( 551144231     0 )

				perform extended poll descent ...... no

				extended poll point eval {

					extended poll point = ( 5511413     0 )

					list of points evaluation (extended poll) {

						evaluation 1/1 {

							point #247 ( 5511413  0 )
							mesh index : 2

							cache hit: #247 --> #48
							extended poll unsuccessful point #48 [ h=0 f=1.0551452636700000554 ]
						} 

					} end of evaluations


				} 


				extended poll center: ( 5511413     0 )

				perform extended poll descent ...... no

				extended poll point eval {

					extended poll point = ( 551141423     0 )

					list of points evaluation (extended poll) {

						evaluation 1/1 {

							point #248 ( 551141423  0 )
							mesh index : 2

							cache hit: #248 --> #49
							extended poll unsuccessful point #49 [ h=0 f=1.056186437610000084 ]
						} 

					} end of evaluations


				} 


				extended poll center: ( 551141423     0 )

				perform extended poll descent ...... no

				extended poll point eval {

					extended poll point = ( 551145231     0 )

					list of points evaluation (extended poll) {

						evaluation 1/1 {

							point #249 ( 551145231  0 )
							mesh index : 2

							cache hit: #249 --> #46
							extended poll unsuccessful point #46 [ h=0 f=1.0566668510399999104 ]
						} 

					} end of evaluations


				} 


				extended poll center: ( 551145231     0 )

				perform extended poll descent ...... no

				extended poll point eval {

					extended poll point = ( 5531411     0 )

					list of points evaluation (extended poll) {

						evaluation 1/1 {

							point #250 ( 5531411  0 )
							mesh index : 2

							cache hit: #250 --> #33
							extended poll unsuccessful point #33 [ h=0 f=1.0620057582899999904 ]
						} 

					} end of evaluations


				} 


				extended poll center: ( 5531411     0 )

				perform extended poll descent ...... no

				extended poll point eval {

					extended poll point = ( 551423411     0 )

					list of points evaluation (extended poll) {

						evaluation 1/1 {

							point #251 ( 551423411  0 )
							mesh index : 2

							cache hit: #251 --> #38
							extended poll unsuccessful point #38 [ h=0 f=1.0858626365699999283 ]
						} 

					} end of evaluations


				} 


				extended poll center: ( 551423411     0 )

				perform extended poll descent ...... no

				extended poll point eval {

					extended poll point = ( 554231411     0 )

					list of points evaluation (extended poll) {

						evaluation 1/1 {

							point #252 ( 554231411  0 )
							mesh index : 2

							cache hit: #252 --> #34
							extended poll unsuccessful point #34 [ h=0 f=1.0906295776399999031 ]
						} 

					} end of evaluations


				} 


				extended poll center: ( 554231411     0 )

				perform extended poll descent ...... no

				extended poll point eval {

					extended poll point = ( 5511421     0 )

					list of points evaluation (extended poll) {

						evaluation 1/1 {

							point #253 ( 5511421  0 )
							mesh index : 2

							cache hit: #253 --> #43
							extended poll unsuccessful point #43 [ h=0 f=1.3037855625200001075 ]
						} 

					} end of evaluations


				} 


				extended poll center: ( 5511421     0 )

				perform extended poll descent ...... no

				extended poll point eval {

					extended poll point = ( 551523411     0 )

					list of points evaluation (extended poll) {

						evaluation 1/1 {

							point #254 ( 551523411  0 )
							mesh index : -1

							cache hit: #254 --> #39
							extended poll unsuccessful point #39: evaluation failed
						} 

					} end of evaluations


				} 


				extended poll center: ( 551523411     0 )

				perform extended poll descent ...... no

			} end of extended poll

		} end of poll

		Mesh update {
			previous mesh index: 2
			new mesh index     : 3
		} 


		terminate MADS       : yes
		termination cause    : max mesh index
		iteration status     : unsuccessful
		new feas. incumbent  : none
		new infeas. incumbent: none

	} end of iteration 4

} end of run (max mesh index)

NOMAD final display {

	cache {
		number of cache points: 45
		size in memory        : 5.5 KB
		cache file            : -
	} 

	stats {
		MADS iterations                 : 5
		blackbox evaluations            : 45
		simulated blackbox evaluations  : 0
		evaluations                     : 260
		failed evaluations              : 16
		interrupted sequences of eval.  : 1
		cache hits                      : 215
		number of poll searches         : 5
		poll successes                  : 1
		poll points                     : 10
		number of extended polls        : 5
		number of ext. poll descents    : 20
		number of ext. poll successes   : 1
		number of ext. poll points      : 259
		number of ext. poll bb eval     : 40
		number of speculative searches  : 1
		speculative search successes    : 0
		speculative search points       : 0
		number of user searches         : 0
		number of LH searches           : 0
		number of cache searches        : 0
		number of VNS searches          : 0
		no model has been constructed
		wall-clock time                 : 52m 48s
	} 

	miscellaneous {
		mesh index      : min=-1, max=3, last=2
		best feas. sol  : ( 5511411 0 ) h=0 f=0.73254013061500000692
		best infeas. sol: none
	} 
} 
