
NOMAD - version 3.5.1 - www.gerad.ca/nomad

Copyright (C) 2001-2012 {
	Mark A. Abramson     - The Boeing Company
	Charles Audet        - Ecole Polytechnique de Montreal
	Gilles Couture       - Ecole Polytechnique de Montreal
	John E. Dennis, Jr.  - Rice University
	Sebastien Le Digabel - Ecole Polytechnique de Montreal
	Christophe Tribes    - Ecole Polytechnique de Montreal
} 

Funded in part by AFOSR and Exxon Mobil.

License   : '$NOMAD_HOME/src/lgpl.txt'
User guide: '$NOMAD_HOME/doc/user_guide.pdf'
Examples  : '$NOMAD_HOME/examples'
Tools     : '$NOMAD_HOME/tools'

Please report bugs to nomad@gerad.ca

parameters {

	problem directory    : ./
	dimension            : n=2
	blackbox input types : (   cat(C)   int(I) )
	extended poll trigger: 0.1 (relative)
	neighbors executable : $python neighbors.py
	variable groups {
		group #0 {
			indexes: { 0 }
			no directions (categorical variables)
		} 
		group #1 {
			indexes: { 1 }
			directions {
				n             : 1
				types         : { [Ortho-MADS 2n] }
				sec poll types: { }
				halton_seed   : 3
			} 
		} 
	} 
	blackbox outputs (m=1) {
		#0          OBJ	$python blackbox.py
	} 
	signature                       : standard
	has surrogate                   : no
	add seed to output file names   : yes
	solution file                   : nomad-solution.20258.txt
	history file                    : none
	stats file                      : none
	cache file                      : none
	x0                              : ( 555111511    0 )
	directions         : Ortho-MADS 2n
	user halton seed   : 3
	mesh {
		update basis       :   4
		coarsening exponent:   1
		refining exponent  :  -1
		initial mesh index :   0
		max mesh index     :   2
		initial mesh size  : (    1    1 )
		min poll size      : (  NaN    1 )
	} 
	snap to bounds                   : yes
	opportunistic evaluations        : yes
	use models                       : no
	speculative search               : yes
	VNS search                       : no
	Latin-Hypercube (LH) search      : no
	cache search                     : no
	random seed / run id             : 20258
	epsilon                          : 1e-13
	undefined string                 : NaN
	infinity string                  : inf
	display degrees {
		general  : full (3)
		search   : full (3)
		poll     : full (3)
		iterative: full (3)
	} 
	display stats                : EVAL BBE [ SOL, ] BBO TIME
	display all evaluations      : no
	point display limit          : no limit
	max number of blackbox eval. : 100
	max cache memory             : 2000 MB
} 

MADS run {

	starting point evaluation {

		x0 eval point: ( 555111511  0 )

		list of points evaluation (x0 evaluation) {

			evaluation 1/1 {

				point #0 ( 555111511  0 )


				x0 evaluation dominating point #0 {
					x    = ( 555111511  0 )
					F(x) = [ 0.03063559532 ]
					h    = 0
					f    = 0.03063559532
				} 
			} 

		} end of evaluations


		terminate MADS       : no
		iteration status     : dominating
		new feas. incumbent  : #0 {
			x    = ( 555111511  0 )
			F(x) = [ 0.03063559532 ]
			h    = 0
			f    = 0.03063559532
		} 
		new infeas. incumbent: none

	} end of starting point evaluation

	MADS iteration 0 {

		blackbox evaluations : 1
		best feas. solution  : ( 555111511  0 ) h=0 f=0.03063559532
		best infeas. solution: none
		poll center          : ( 555111511  0 )
		mesh size            : (  1  1 )
		poll size            : (  1  1 )
		mesh index           : 0
		h_max                : inf

		MADS search {
		} end of search

		MADS poll {

			poll center: ( 555111511  0 )

			poll directions (include mesh size parameter) {
				dir 0 : (  0 -1 ) Ortho-MADS 2n
				dir 1 : (  0  1 ) Ortho-MADS 2n
			} 

			re-ordered list of 2 poll trial points {
				#1 : ( 555111511 -1 ) (dir 0)
				#2 : ( 555111511  1 ) (dir 1)
			} 

			list of points evaluation (poll) {

				evaluation 1/2 {

					point #1 ( 555111511 -1 )
					direction  : (  0 -1 ) Ortho-MADS 2n
					mesh index : 0

					poll unsuccessful point #1: evaluation failed
				} 

				evaluation 2/2 {

					point #2 ( 555111511  1 )
					direction  : (  0  1 ) Ortho-MADS 2n
					mesh index : 0

					poll unsuccessful point #2: evaluation failed
				} 

			} end of evaluations


			MADS extended poll {


				extended poll pts sorting {


					list of points evaluation (extended poll) {

						evaluation 1/28 {

							point #3 ( 455111511  0 )
							mesh index : 0


							extended poll dominating point #3 {
								x    = ( 455111511  0 )
								F(x) = [ 0.02988576889 ]
								h    = 0
								f    = 0.02988576889
							} 

							opport. strategy: stop evaluations
						} 

					} end of evaluations


				} end of ext poll pts sorting (success)


			} end of extended poll

		} end of poll

		Mesh update {
			previous mesh index: 0
			new mesh index     : -1
		} 


		terminate MADS       : no
		iteration status     : dominating
		new feas. incumbent  : #3 {
			x    = ( 455111511  0 )
			F(x) = [ 0.02988576889 ]
			h    = 0
			f    = 0.02988576889
		} 
		new infeas. incumbent: none

	} end of iteration 0

	MADS iteration 1 {

		blackbox evaluations : 4
		best feas. solution  : ( 455111511  0 ) h=0 f=0.02988576889
		best infeas. solution: none
		poll center          : ( 455111511  0 )
		mesh size            : (  1  1 )
		poll size            : (  2  2 )
		mesh index           : -1
		h_max                : inf

		MADS search {

			speculative search {

			} end of speculative search (unsuccessful)

		} end of search

		MADS poll {

			poll center: ( 455111511  0 )

			poll directions (include mesh size parameter) {
				dir 0 : (  0 -1 ) Ortho-MADS 2n
				dir 1 : (  0  1 ) Ortho-MADS 2n
			} 

			re-ordered list of 2 poll trial points {
				#31 : ( 455111511 -1 ) (dir 0)
				#32 : ( 455111511  1 ) (dir 1)
			} 

			list of points evaluation (poll) {

				evaluation 1/2 {

					point #31 ( 455111511 -1 )
					direction  : (  0 -1 ) Ortho-MADS 2n
					mesh index : -1

					poll unsuccessful point #31: evaluation failed
				} 

				evaluation 2/2 {

					point #32 ( 455111511  1 )
					direction  : (  0  1 ) Ortho-MADS 2n
					mesh index : -1

					poll unsuccessful point #32: evaluation failed
				} 

			} end of evaluations


			MADS extended poll {


				extended poll pts sorting {


					list of points evaluation (extended poll) {

						evaluation 1/28 {

							point #33 ( 555111511  0 )
							mesh index : -1

							cache hit: #33 --> #0
							extended poll unsuccessful point #0 [ h=0 f=0.03063559532 ]
						} 

						evaluation 2/28 {

							point #34 ( 445111511  0 )
							mesh index : -1

							extended poll unsuccessful point #34 [ h=0 f=0.03294587135 ]
						} 

						evaluation 3/28 {

							point #35 ( 454111511  0 )
							mesh index : -1

							extended poll unsuccessful point #35 [ h=0 f=0.03590130806 ]
						} 

						evaluation 4/28 {

							point #36 ( 4511511  0 )
							mesh index : -1

							extended poll unsuccessful point #36 [ h=0 f=0.03201150894 ]
						} 

						evaluation 5/28 {

							point #37 ( 4511511  0 )
							mesh index : -1

							cache hit: #37 --> #36
							extended poll unsuccessful point #36 [ h=0 f=0.03201150894 ]
						} 

						evaluation 6/28 {

							point #38 ( 455211511  0 )
							mesh index : -1

							extended poll unsuccessful point #38 [ h=0 f=0.06267881393 ]
						} 

						evaluation 7/28 {

							point #39 ( 455311511  0 )
							mesh index : -1

							extended poll unsuccessful point #39 [ h=0 f=0.04278540611 ]
						} 

						evaluation 8/28 {

							point #40 ( 4.554231151e+10  0 )
							mesh index : -1

							extended poll unsuccessful point #40 [ h=0 f=0.03745007515 ]
						} 

						evaluation 9/28 {

							point #41 ( 4.555231151e+10  0 )
							mesh index : -1

							extended poll unsuccessful point #41 [ h=0 f=0.03311610222 ]
						} 

						evaluation 10/28 {

							point #42 ( 455121511  0 )
							mesh index : -1

							extended poll unsuccessful point #42 [ h=0 f=0.04506707191 ]
						} 

						evaluation 11/28 {

							point #43 ( 455131511  0 )
							mesh index : -1

							extended poll unsuccessful point #43 [ h=0 f=0.04262208939 ]
						} 

						evaluation 12/28 {

							point #44 ( 4.551423151e+10  0 )
							mesh index : -1

							extended poll unsuccessful point #44 [ h=0 f=0.03464579582 ]
						} 

						evaluation 13/28 {

							point #45 ( 4.551523151e+10  0 )
							mesh index : -1

							extended poll unsuccessful point #45 [ h=0 f=0.04219937325 ]
						} 

						evaluation 14/28 {

							point #46 ( 455112511  0 )
							mesh index : -1

							extended poll unsuccessful point #46 [ h=0 f=0.09191417694 ]
						} 

						evaluation 15/28 {

							point #47 ( 455113511  0 )
							mesh index : -1

							extended poll unsuccessful point #47 [ h=0 f=0.05023193359 ]
						} 

						evaluation 16/28 {

							point #48 ( 4.551142351e+10  0 )
							mesh index : -1

							extended poll unsuccessful point #48 [ h=0 f=0.04924988747 ]
						} 

						evaluation 17/28 {

							point #49 ( 4.551152351e+10  0 )
							mesh index : -1

							extended poll unsuccessful point #49 [ h=0 f=0.05187153816 ]
						} 

						evaluation 18/28 {

							point #50 ( 455111411  0 )
							mesh index : -1

							extended poll unsuccessful point #50 [ h=0 f=0.03594756126 ]
						} 

						evaluation 19/28 {

							point #51 ( 4551111  0 )
							mesh index : -1


							extended poll dominating point #51 {
								x    = ( 4551111  0 )
								F(x) = [ 0.02728509903 ]
								h    = 0
								f    = 0.02728509903
							} 

							opport. strategy: stop evaluations
						} 

					} end of evaluations


				} end of ext poll pts sorting (success)


			} end of extended poll

		} end of poll

		Mesh update {
			previous mesh index: -1
			new mesh index     : -2
		} 


		terminate MADS       : no
		iteration status     : dominating
		new feas. incumbent  : #51 {
			x    = ( 4551111  0 )
			F(x) = [ 0.02728509903 ]
			h    = 0
			f    = 0.02728509903
		} 
		new infeas. incumbent: none

	} end of iteration 1

	MADS iteration 2 {

		blackbox evaluations : 23
		best feas. solution  : ( 4551111  0 ) h=0 f=0.02728509903
		best infeas. solution: none
		poll center          : ( 4551111  0 )
		mesh size            : (  1  1 )
		poll size            : (  4  4 )
		mesh index           : -2
		h_max                : inf

		MADS search {

			speculative search {

			} end of speculative search (unsuccessful)

		} end of search

		MADS poll {

			poll center: ( 4551111  0 )

			poll directions (include mesh size parameter) {
				dir 0 : (  0 -4 ) Ortho-MADS 2n
				dir 1 : (  0  4 ) Ortho-MADS 2n
			} 

			re-ordered list of 2 poll trial points {
				#61 : ( 4551111 -4 ) (dir 0)
				#62 : ( 4551111  4 ) (dir 1)
			} 

			list of points evaluation (poll) {

				evaluation 1/2 {

					point #61 ( 4551111 -4 )
					direction  : (  0 -4 ) Ortho-MADS 2n
					mesh index : -2

					poll unsuccessful point #61: evaluation failed
				} 

				evaluation 2/2 {

					point #62 ( 4551111  4 )
					direction  : (  0  4 ) Ortho-MADS 2n
					mesh index : -2

					poll unsuccessful point #62: evaluation failed
				} 

			} end of evaluations


			MADS extended poll {


				extended poll pts sorting {


					list of points evaluation (extended poll) {

						evaluation 1/21 {

							point #63 ( 5551111  0 )
							mesh index : -2

							extended poll unsuccessful point #63 [ h=0 f=0.03389430046 ]
						} 

						evaluation 2/21 {

							point #64 ( 4451111  0 )
							mesh index : -2

							extended poll unsuccessful point #64 [ h=0 f=0.03349995613 ]
						} 

						evaluation 3/21 {

							point #65 ( 4541111  0 )
							mesh index : -2

							extended poll unsuccessful point #65 [ h=0 f=0.03113484383 ]
						} 

						evaluation 4/21 {

							point #66 ( 45111  0 )
							mesh index : -2

							extended poll unsuccessful point #66 [ h=0 f=0.03565883636 ]
						} 

						evaluation 5/21 {

							point #67 ( 45111  0 )
							mesh index : -2

							cache hit: #67 --> #66
							extended poll unsuccessful point #66 [ h=0 f=0.03565883636 ]
						} 

						evaluation 6/21 {

							point #68 ( 4552111  0 )
							mesh index : -2

							extended poll unsuccessful point #68 [ h=0 f=0.03863596916 ]
						} 

						evaluation 7/21 {

							point #69 ( 4553111  0 )
							mesh index : -2

							extended poll unsuccessful point #69 [ h=0 f=0.04080986977 ]
						} 

						evaluation 8/21 {

							point #70 ( 455423111  0 )
							mesh index : -2

							extended poll unsuccessful point #70 [ h=0 f=0.03534698486 ]
						} 

						evaluation 9/21 {

							point #71 ( 455523111  0 )
							mesh index : -2

							extended poll unsuccessful point #71 [ h=0 f=0.04317951202 ]
						} 

						evaluation 10/21 {

							point #72 ( 4551211  0 )
							mesh index : -2

							extended poll unsuccessful point #72 [ h=0 f=0.0481569767 ]
						} 

						evaluation 11/21 {

							point #73 ( 4551311  0 )
							mesh index : -2

							extended poll unsuccessful point #73 [ h=0 f=0.03821134567 ]
						} 

						evaluation 12/21 {

							point #74 ( 455142311  0 )
							mesh index : -2

							extended poll unsuccessful point #74 [ h=0 f=0.04102802277 ]
						} 

						evaluation 13/21 {

							point #75 ( 455152311  0 )
							mesh index : -2

							extended poll unsuccessful point #75 [ h=0 f=0.03870081902 ]
						} 

						evaluation 14/21 {

							point #76 ( 4551121  0 )
							mesh index : -2

							extended poll unsuccessful point #76 [ h=0 f=0.07565689087 ]
						} 

						evaluation 15/21 {

							point #77 ( 4551131  0 )
							mesh index : -2

							extended poll unsuccessful point #77 [ h=0 f=0.04469513893 ]
						} 

						evaluation 16/21 {

							point #78 ( 455114231  0 )
							mesh index : -2

							extended poll unsuccessful point #78 [ h=0 f=0.05133485794 ]
						} 

						evaluation 17/21 {

							point #79 ( 455115231  0 )
							mesh index : -2

							extended poll unsuccessful point #79 [ h=0 f=0.05384898186 ]
						} 

						evaluation 18/21 {

							point #80 ( 4551112  0 )
							mesh index : -2

							extended poll unsuccessful point #80 [ h=0 f=0.05099105835 ]
						} 

						evaluation 19/21 {

							point #81 ( 4551113  0 )
							mesh index : -2

							extended poll unsuccessful point #81 [ h=0 f=0.06232094765 ]
						} 

						evaluation 20/21 {

							point #82 ( 455111423  0 )
							mesh index : -2

							extended poll unsuccessful point #82 [ h=0 f=0.1019370556 ]
						} 

						evaluation 21/21 {

							point #83 ( 455111523  0 )
							mesh index : -2

							extended poll unsuccessful point #83 [ h=0 f=0.04321908951 ]
						} 

					} end of evaluations


					sorted ext poll pts {

						point # 1/20 : ( 4541111     0 )
						point # 2/20 : ( 4451111     0 )
						point # 3/20 : ( 5551111     0 )
						point # 4/20 : ( 455423111     0 )
						point # 5/20 : ( 45111     0 )
						point # 6/20 : ( 4551311     0 )
						point # 7/20 : ( 4552111     0 )
						point # 8/20 : ( 455152311     0 )
						point # 9/20 : ( 4553111     0 )
						point #10/20 : ( 455142311     0 )
						point #11/20 : ( 455523111     0 )
						point #12/20 : ( 455111523     0 )
						point #13/20 : ( 4551131     0 )
						point #14/20 : ( 4551211     0 )
						point #15/20 : ( 4551112     0 )
						point #16/20 : ( 455114231     0 )
						point #17/20 : ( 455115231     0 )
						point #18/20 : ( 4551113     0 )
						point #19/20 : ( 4551121     0 )
						point #20/20 : ( 455111423     0 )

					} 


				} end of ext poll pts sorting


				extended poll point eval {

					extended poll point = ( 4541111     0 )

					list of points evaluation (extended poll) {

						evaluation 1/1 {

							point #84 ( 4541111  0 )
							mesh index : -2

							cache hit: #84 --> #65
							extended poll unsuccessful point #65 [ h=0 f=0.03113484383 ]
						} 

					} end of evaluations


				} 


				extended poll center: ( 4541111     0 )

				perform extended poll descent ...... no

				extended poll point eval {

					extended poll point = ( 4451111     0 )

					list of points evaluation (extended poll) {

						evaluation 1/1 {

							point #85 ( 4451111  0 )
							mesh index : -2

							cache hit: #85 --> #64
							extended poll unsuccessful point #64 [ h=0 f=0.03349995613 ]
						} 

					} end of evaluations


				} 


				extended poll center: ( 4451111     0 )

				perform extended poll descent ...... no

				extended poll point eval {

					extended poll point = ( 5551111     0 )

					list of points evaluation (extended poll) {

						evaluation 1/1 {

							point #86 ( 5551111  0 )
							mesh index : -2

							cache hit: #86 --> #63
							extended poll unsuccessful point #63 [ h=0 f=0.03389430046 ]
						} 

					} end of evaluations


				} 


				extended poll center: ( 5551111     0 )

				perform extended poll descent ...... no

				extended poll point eval {

					extended poll point = ( 455423111     0 )

					list of points evaluation (extended poll) {

						evaluation 1/1 {

							point #87 ( 455423111  0 )
							mesh index : -2

							cache hit: #87 --> #70
							extended poll unsuccessful point #70 [ h=0 f=0.03534698486 ]
						} 

					} end of evaluations


				} 


				extended poll center: ( 455423111     0 )

				perform extended poll descent ...... no

				extended poll point eval {

					extended poll point = ( 45111     0 )

					list of points evaluation (extended poll) {

						evaluation 1/1 {

							point #88 ( 45111  0 )
							mesh index : -2

							cache hit: #88 --> #66
							extended poll unsuccessful point #66 [ h=0 f=0.03565883636 ]
						} 

					} end of evaluations


				} 


				extended poll center: ( 45111     0 )

				perform extended poll descent ...... no

				extended poll point eval {

					extended poll point = ( 4551311     0 )

					list of points evaluation (extended poll) {

						evaluation 1/1 {

							point #89 ( 4551311  0 )
							mesh index : -2

							cache hit: #89 --> #73
							extended poll unsuccessful point #73 [ h=0 f=0.03821134567 ]
						} 

					} end of evaluations


				} 


				extended poll center: ( 4551311     0 )

				perform extended poll descent ...... no

				extended poll point eval {

					extended poll point = ( 4552111     0 )

					list of points evaluation (extended poll) {

						evaluation 1/1 {

							point #90 ( 4552111  0 )
							mesh index : -2

							cache hit: #90 --> #68
							extended poll unsuccessful point #68 [ h=0 f=0.03863596916 ]
						} 

					} end of evaluations


				} 


				extended poll center: ( 4552111     0 )

				perform extended poll descent ...... no

				extended poll point eval {

					extended poll point = ( 455152311     0 )

					list of points evaluation (extended poll) {

						evaluation 1/1 {

							point #91 ( 455152311  0 )
							mesh index : -2

							cache hit: #91 --> #75
							extended poll unsuccessful point #75 [ h=0 f=0.03870081902 ]
						} 

					} end of evaluations


				} 


				extended poll center: ( 455152311     0 )

				perform extended poll descent ...... no

				extended poll point eval {

					extended poll point = ( 4553111     0 )

					list of points evaluation (extended poll) {

						evaluation 1/1 {

							point #92 ( 4553111  0 )
							mesh index : -2

							cache hit: #92 --> #69
							extended poll unsuccessful point #69 [ h=0 f=0.04080986977 ]
						} 

					} end of evaluations


				} 


				extended poll center: ( 4553111     0 )

				perform extended poll descent ...... no

				extended poll point eval {

					extended poll point = ( 455142311     0 )

					list of points evaluation (extended poll) {

						evaluation 1/1 {

							point #93 ( 455142311  0 )
							mesh index : -2

							cache hit: #93 --> #74
							extended poll unsuccessful point #74 [ h=0 f=0.04102802277 ]
						} 

					} end of evaluations


				} 


				extended poll center: ( 455142311     0 )

				perform extended poll descent ...... no

				extended poll point eval {

					extended poll point = ( 455523111     0 )

					list of points evaluation (extended poll) {

						evaluation 1/1 {

							point #94 ( 455523111  0 )
							mesh index : -2

							cache hit: #94 --> #71
							extended poll unsuccessful point #71 [ h=0 f=0.04317951202 ]
						} 

					} end of evaluations


				} 


				extended poll center: ( 455523111     0 )

				perform extended poll descent ...... no

				extended poll point eval {

					extended poll point = ( 455111523     0 )

					list of points evaluation (extended poll) {

						evaluation 1/1 {

							point #95 ( 455111523  0 )
							mesh index : -2

							cache hit: #95 --> #83
							extended poll unsuccessful point #83 [ h=0 f=0.04321908951 ]
						} 

					} end of evaluations


				} 


				extended poll center: ( 455111523     0 )

				perform extended poll descent ...... no

				extended poll point eval {

					extended poll point = ( 4551131     0 )

					list of points evaluation (extended poll) {

						evaluation 1/1 {

							point #96 ( 4551131  0 )
							mesh index : -2

							cache hit: #96 --> #77
							extended poll unsuccessful point #77 [ h=0 f=0.04469513893 ]
						} 

					} end of evaluations


				} 


				extended poll center: ( 4551131     0 )

				perform extended poll descent ...... no

				extended poll point eval {

					extended poll point = ( 4551211     0 )

					list of points evaluation (extended poll) {

						evaluation 1/1 {

							point #97 ( 4551211  0 )
							mesh index : -2

							cache hit: #97 --> #72
							extended poll unsuccessful point #72 [ h=0 f=0.0481569767 ]
						} 

					} end of evaluations


				} 


				extended poll center: ( 4551211     0 )

				perform extended poll descent ...... no

				extended poll point eval {

					extended poll point = ( 4551112     0 )

					list of points evaluation (extended poll) {

						evaluation 1/1 {

							point #98 ( 4551112  0 )
							mesh index : -2

							cache hit: #98 --> #80
							extended poll unsuccessful point #80 [ h=0 f=0.05099105835 ]
						} 

					} end of evaluations


				} 


				extended poll center: ( 4551112     0 )

				perform extended poll descent ...... no

				extended poll point eval {

					extended poll point = ( 455114231     0 )

					list of points evaluation (extended poll) {

						evaluation 1/1 {

							point #99 ( 455114231  0 )
							mesh index : -2

							cache hit: #99 --> #78
							extended poll unsuccessful point #78 [ h=0 f=0.05133485794 ]
						} 

					} end of evaluations


				} 


				extended poll center: ( 455114231     0 )

				perform extended poll descent ...... no

				extended poll point eval {

					extended poll point = ( 455115231     0 )

					list of points evaluation (extended poll) {

						evaluation 1/1 {

							point #100 ( 455115231  0 )
							mesh index : -2

							cache hit: #100 --> #79
							extended poll unsuccessful point #79 [ h=0 f=0.05384898186 ]
						} 

					} end of evaluations


				} 


				extended poll center: ( 455115231     0 )

				perform extended poll descent ...... no

				extended poll point eval {

					extended poll point = ( 4551113     0 )

					list of points evaluation (extended poll) {

						evaluation 1/1 {

							point #101 ( 4551113  0 )
							mesh index : -2

							cache hit: #101 --> #81
							extended poll unsuccessful point #81 [ h=0 f=0.06232094765 ]
						} 

					} end of evaluations


				} 


				extended poll center: ( 4551113     0 )

				perform extended poll descent ...... no

				extended poll point eval {

					extended poll point = ( 4551121     0 )

					list of points evaluation (extended poll) {

						evaluation 1/1 {

							point #102 ( 4551121  0 )
							mesh index : -2

							cache hit: #102 --> #76
							extended poll unsuccessful point #76 [ h=0 f=0.07565689087 ]
						} 

					} end of evaluations


				} 


				extended poll center: ( 4551121     0 )

				perform extended poll descent ...... no

				extended poll point eval {

					extended poll point = ( 455111423     0 )

					list of points evaluation (extended poll) {

						evaluation 1/1 {

							point #103 ( 455111423  0 )
							mesh index : -2

							cache hit: #103 --> #82
							extended poll unsuccessful point #82 [ h=0 f=0.1019370556 ]
						} 

					} end of evaluations


				} 


				extended poll center: ( 455111423     0 )

				perform extended poll descent ...... no

			} end of extended poll

		} end of poll

		Mesh update {
			previous mesh index: -2
			new mesh index     : -1
		} 


		terminate MADS       : no
		iteration status     : unsuccessful
		new feas. incumbent  : none
		new infeas. incumbent: none

	} end of iteration 2

	MADS iteration 3 {

		blackbox evaluations : 45
		best feas. solution  : ( 4551111  0 ) h=0 f=0.02728509903
		best infeas. solution: none
		poll center          : ( 4551111  0 )
		mesh size            : (  1  1 )
		poll size            : (  2  2 )
		mesh index           : -1
		h_max                : inf

		MADS search {
		} end of search

		MADS poll {

			poll center: ( 4551111  0 )

			poll directions (include mesh size parameter) {
				dir 0 : (  0 -1 ) Ortho-MADS 2n
				dir 1 : (  0  1 ) Ortho-MADS 2n
			} 

			re-ordered list of 2 poll trial points {
				#104 : ( 4551111 -1 ) (dir 0)
				#105 : ( 4551111  1 ) (dir 1)
			} 

			list of points evaluation (poll) {

				evaluation 1/2 {

					point #104 ( 4551111 -1 )
					direction  : (  0 -1 ) Ortho-MADS 2n
					mesh index : -1

					poll unsuccessful point #104: evaluation failed
				} 

				evaluation 2/2 {

					point #105 ( 4551111  1 )
					direction  : (  0  1 ) Ortho-MADS 2n
					mesh index : -1

					poll unsuccessful point #105: evaluation failed
				} 

			} end of evaluations


			MADS extended poll {


				extended poll pts sorting {


					list of points evaluation (extended poll) {

						evaluation 1/21 {

							point #106 ( 5551111  0 )
							mesh index : -1

							cache hit: #106 --> #63
							extended poll unsuccessful point #63 [ h=0 f=0.03389430046 ]
						} 

						evaluation 2/21 {

							point #107 ( 4451111  0 )
							mesh index : -1

							cache hit: #107 --> #64
							extended poll unsuccessful point #64 [ h=0 f=0.03349995613 ]
						} 

						evaluation 3/21 {

							point #108 ( 4541111  0 )
							mesh index : -1

							cache hit: #108 --> #65
							extended poll unsuccessful point #65 [ h=0 f=0.03113484383 ]
						} 

						evaluation 4/21 {

							point #109 ( 45111  0 )
							mesh index : -1

							cache hit: #109 --> #66
							extended poll unsuccessful point #66 [ h=0 f=0.03565883636 ]
						} 

						evaluation 5/21 {

							point #110 ( 45111  0 )
							mesh index : -1

							cache hit: #110 --> #66
							extended poll unsuccessful point #66 [ h=0 f=0.03565883636 ]
						} 

						evaluation 6/21 {

							point #111 ( 4552111  0 )
							mesh index : -1

							cache hit: #111 --> #68
							extended poll unsuccessful point #68 [ h=0 f=0.03863596916 ]
						} 

						evaluation 7/21 {

							point #112 ( 4553111  0 )
							mesh index : -1

							cache hit: #112 --> #69
							extended poll unsuccessful point #69 [ h=0 f=0.04080986977 ]
						} 

						evaluation 8/21 {

							point #113 ( 455423111  0 )
							mesh index : -1

							cache hit: #113 --> #70
							extended poll unsuccessful point #70 [ h=0 f=0.03534698486 ]
						} 

						evaluation 9/21 {

							point #114 ( 455523111  0 )
							mesh index : -1

							cache hit: #114 --> #71
							extended poll unsuccessful point #71 [ h=0 f=0.04317951202 ]
						} 

						evaluation 10/21 {

							point #115 ( 4551211  0 )
							mesh index : -1

							cache hit: #115 --> #72
							extended poll unsuccessful point #72 [ h=0 f=0.0481569767 ]
						} 

						evaluation 11/21 {

							point #116 ( 4551311  0 )
							mesh index : -1

							cache hit: #116 --> #73
							extended poll unsuccessful point #73 [ h=0 f=0.03821134567 ]
						} 

						evaluation 12/21 {

							point #117 ( 455142311  0 )
							mesh index : -1

							cache hit: #117 --> #74
							extended poll unsuccessful point #74 [ h=0 f=0.04102802277 ]
						} 

						evaluation 13/21 {

							point #118 ( 455152311  0 )
							mesh index : -1

							cache hit: #118 --> #75
							extended poll unsuccessful point #75 [ h=0 f=0.03870081902 ]
						} 

						evaluation 14/21 {

							point #119 ( 4551121  0 )
							mesh index : -1

							cache hit: #119 --> #76
							extended poll unsuccessful point #76 [ h=0 f=0.07565689087 ]
						} 

						evaluation 15/21 {

							point #120 ( 4551131  0 )
							mesh index : -1

							cache hit: #120 --> #77
							extended poll unsuccessful point #77 [ h=0 f=0.04469513893 ]
						} 

						evaluation 16/21 {

							point #121 ( 455114231  0 )
							mesh index : -1

							cache hit: #121 --> #78
							extended poll unsuccessful point #78 [ h=0 f=0.05133485794 ]
						} 

						evaluation 17/21 {

							point #122 ( 455115231  0 )
							mesh index : -1

							cache hit: #122 --> #79
							extended poll unsuccessful point #79 [ h=0 f=0.05384898186 ]
						} 

						evaluation 18/21 {

							point #123 ( 4551112  0 )
							mesh index : -1

							cache hit: #123 --> #80
							extended poll unsuccessful point #80 [ h=0 f=0.05099105835 ]
						} 

						evaluation 19/21 {

							point #124 ( 4551113  0 )
							mesh index : -1

							cache hit: #124 --> #81
							extended poll unsuccessful point #81 [ h=0 f=0.06232094765 ]
						} 

						evaluation 20/21 {

							point #125 ( 455111423  0 )
							mesh index : -1

							cache hit: #125 --> #82
							extended poll unsuccessful point #82 [ h=0 f=0.1019370556 ]
						} 

						evaluation 21/21 {

							point #126 ( 455111523  0 )
							mesh index : -1

							cache hit: #126 --> #83
							extended poll unsuccessful point #83 [ h=0 f=0.04321908951 ]
						} 

					} end of evaluations


					sorted ext poll pts {

						point # 1/20 : ( 4541111     0 )
						point # 2/20 : ( 4451111     0 )
						point # 3/20 : ( 5551111     0 )
						point # 4/20 : ( 455423111     0 )
						point # 5/20 : ( 45111     0 )
						point # 6/20 : ( 4551311     0 )
						point # 7/20 : ( 4552111     0 )
						point # 8/20 : ( 455152311     0 )
						point # 9/20 : ( 4553111     0 )
						point #10/20 : ( 455142311     0 )
						point #11/20 : ( 455523111     0 )
						point #12/20 : ( 455111523     0 )
						point #13/20 : ( 4551131     0 )
						point #14/20 : ( 4551211     0 )
						point #15/20 : ( 4551112     0 )
						point #16/20 : ( 455114231     0 )
						point #17/20 : ( 455115231     0 )
						point #18/20 : ( 4551113     0 )
						point #19/20 : ( 4551121     0 )
						point #20/20 : ( 455111423     0 )

					} 


				} end of ext poll pts sorting


				extended poll point eval {

					extended poll point = ( 4541111     0 )

					list of points evaluation (extended poll) {

						evaluation 1/1 {

							point #127 ( 4541111  0 )
							mesh index : -1

							cache hit: #127 --> #65
							extended poll unsuccessful point #65 [ h=0 f=0.03113484383 ]
						} 

					} end of evaluations


				} 


				extended poll center: ( 4541111     0 )

				perform extended poll descent ...... no

				extended poll point eval {

					extended poll point = ( 4451111     0 )

					list of points evaluation (extended poll) {

						evaluation 1/1 {

							point #128 ( 4451111  0 )
							mesh index : -1

							cache hit: #128 --> #64
							extended poll unsuccessful point #64 [ h=0 f=0.03349995613 ]
						} 

					} end of evaluations


				} 


				extended poll center: ( 4451111     0 )

				perform extended poll descent ...... no

				extended poll point eval {

					extended poll point = ( 5551111     0 )

					list of points evaluation (extended poll) {

						evaluation 1/1 {

							point #129 ( 5551111  0 )
							mesh index : -1

							cache hit: #129 --> #63
							extended poll unsuccessful point #63 [ h=0 f=0.03389430046 ]
						} 

					} end of evaluations


				} 


				extended poll center: ( 5551111     0 )

				perform extended poll descent ...... no

				extended poll point eval {

					extended poll point = ( 455423111     0 )

					list of points evaluation (extended poll) {

						evaluation 1/1 {

							point #130 ( 455423111  0 )
							mesh index : -1

							cache hit: #130 --> #70
							extended poll unsuccessful point #70 [ h=0 f=0.03534698486 ]
						} 

					} end of evaluations


				} 


				extended poll center: ( 455423111     0 )

				perform extended poll descent ...... no

				extended poll point eval {

					extended poll point = ( 45111     0 )

					list of points evaluation (extended poll) {

						evaluation 1/1 {

							point #131 ( 45111  0 )
							mesh index : -1

							cache hit: #131 --> #66
							extended poll unsuccessful point #66 [ h=0 f=0.03565883636 ]
						} 

					} end of evaluations


				} 


				extended poll center: ( 45111     0 )

				perform extended poll descent ...... no

				extended poll point eval {

					extended poll point = ( 4551311     0 )

					list of points evaluation (extended poll) {

						evaluation 1/1 {

							point #132 ( 4551311  0 )
							mesh index : -1

							cache hit: #132 --> #73
							extended poll unsuccessful point #73 [ h=0 f=0.03821134567 ]
						} 

					} end of evaluations


				} 


				extended poll center: ( 4551311     0 )

				perform extended poll descent ...... no

				extended poll point eval {

					extended poll point = ( 4552111     0 )

					list of points evaluation (extended poll) {

						evaluation 1/1 {

							point #133 ( 4552111  0 )
							mesh index : -1

							cache hit: #133 --> #68
							extended poll unsuccessful point #68 [ h=0 f=0.03863596916 ]
						} 

					} end of evaluations


				} 


				extended poll center: ( 4552111     0 )

				perform extended poll descent ...... no

				extended poll point eval {

					extended poll point = ( 455152311     0 )

					list of points evaluation (extended poll) {

						evaluation 1/1 {

							point #134 ( 455152311  0 )
							mesh index : -1

							cache hit: #134 --> #75
							extended poll unsuccessful point #75 [ h=0 f=0.03870081902 ]
						} 

					} end of evaluations


				} 


				extended poll center: ( 455152311     0 )

				perform extended poll descent ...... no

				extended poll point eval {

					extended poll point = ( 4553111     0 )

					list of points evaluation (extended poll) {

						evaluation 1/1 {

							point #135 ( 4553111  0 )
							mesh index : -1

							cache hit: #135 --> #69
							extended poll unsuccessful point #69 [ h=0 f=0.04080986977 ]
						} 

					} end of evaluations


				} 


				extended poll center: ( 4553111     0 )

				perform extended poll descent ...... no

				extended poll point eval {

					extended poll point = ( 455142311     0 )

					list of points evaluation (extended poll) {

						evaluation 1/1 {

							point #136 ( 455142311  0 )
							mesh index : -1

							cache hit: #136 --> #74
							extended poll unsuccessful point #74 [ h=0 f=0.04102802277 ]
						} 

					} end of evaluations


				} 


				extended poll center: ( 455142311     0 )

				perform extended poll descent ...... no

				extended poll point eval {

					extended poll point = ( 455523111     0 )

					list of points evaluation (extended poll) {

						evaluation 1/1 {

							point #137 ( 455523111  0 )
							mesh index : -1

							cache hit: #137 --> #71
							extended poll unsuccessful point #71 [ h=0 f=0.04317951202 ]
						} 

					} end of evaluations


				} 


				extended poll center: ( 455523111     0 )

				perform extended poll descent ...... no

				extended poll point eval {

					extended poll point = ( 455111523     0 )

					list of points evaluation (extended poll) {

						evaluation 1/1 {

							point #138 ( 455111523  0 )
							mesh index : -1

							cache hit: #138 --> #83
							extended poll unsuccessful point #83 [ h=0 f=0.04321908951 ]
						} 

					} end of evaluations


				} 


				extended poll center: ( 455111523     0 )

				perform extended poll descent ...... no

				extended poll point eval {

					extended poll point = ( 4551131     0 )

					list of points evaluation (extended poll) {

						evaluation 1/1 {

							point #139 ( 4551131  0 )
							mesh index : -1

							cache hit: #139 --> #77
							extended poll unsuccessful point #77 [ h=0 f=0.04469513893 ]
						} 

					} end of evaluations


				} 


				extended poll center: ( 4551131     0 )

				perform extended poll descent ...... no

				extended poll point eval {

					extended poll point = ( 4551211     0 )

					list of points evaluation (extended poll) {

						evaluation 1/1 {

							point #140 ( 4551211  0 )
							mesh index : -1

							cache hit: #140 --> #72
							extended poll unsuccessful point #72 [ h=0 f=0.0481569767 ]
						} 

					} end of evaluations


				} 


				extended poll center: ( 4551211     0 )

				perform extended poll descent ...... no

				extended poll point eval {

					extended poll point = ( 4551112     0 )

					list of points evaluation (extended poll) {

						evaluation 1/1 {

							point #141 ( 4551112  0 )
							mesh index : -1

							cache hit: #141 --> #80
							extended poll unsuccessful point #80 [ h=0 f=0.05099105835 ]
						} 

					} end of evaluations


				} 


				extended poll center: ( 4551112     0 )

				perform extended poll descent ...... no

				extended poll point eval {

					extended poll point = ( 455114231     0 )

					list of points evaluation (extended poll) {

						evaluation 1/1 {

							point #142 ( 455114231  0 )
							mesh index : -1

							cache hit: #142 --> #78
							extended poll unsuccessful point #78 [ h=0 f=0.05133485794 ]
						} 

					} end of evaluations


				} 


				extended poll center: ( 455114231     0 )

				perform extended poll descent ...... no

				extended poll point eval {

					extended poll point = ( 455115231     0 )

					list of points evaluation (extended poll) {

						evaluation 1/1 {

							point #143 ( 455115231  0 )
							mesh index : -1

							cache hit: #143 --> #79
							extended poll unsuccessful point #79 [ h=0 f=0.05384898186 ]
						} 

					} end of evaluations


				} 


				extended poll center: ( 455115231     0 )

				perform extended poll descent ...... no

				extended poll point eval {

					extended poll point = ( 4551113     0 )

					list of points evaluation (extended poll) {

						evaluation 1/1 {

							point #144 ( 4551113  0 )
							mesh index : -1

							cache hit: #144 --> #81
							extended poll unsuccessful point #81 [ h=0 f=0.06232094765 ]
						} 

					} end of evaluations


				} 


				extended poll center: ( 4551113     0 )

				perform extended poll descent ...... no

				extended poll point eval {

					extended poll point = ( 4551121     0 )

					list of points evaluation (extended poll) {

						evaluation 1/1 {

							point #145 ( 4551121  0 )
							mesh index : -1

							cache hit: #145 --> #76
							extended poll unsuccessful point #76 [ h=0 f=0.07565689087 ]
						} 

					} end of evaluations


				} 


				extended poll center: ( 4551121     0 )

				perform extended poll descent ...... no

				extended poll point eval {

					extended poll point = ( 455111423     0 )

					list of points evaluation (extended poll) {

						evaluation 1/1 {

							point #146 ( 455111423  0 )
							mesh index : -1

							cache hit: #146 --> #82
							extended poll unsuccessful point #82 [ h=0 f=0.1019370556 ]
						} 

					} end of evaluations


				} 


				extended poll center: ( 455111423     0 )

				perform extended poll descent ...... no

			} end of extended poll

		} end of poll

		Mesh update {
			previous mesh index: -1
			new mesh index     : 0
		} 


		terminate MADS       : no
		iteration status     : unsuccessful
		new feas. incumbent  : none
		new infeas. incumbent: none

	} end of iteration 3

	MADS iteration 4 {

		blackbox evaluations : 47
		best feas. solution  : ( 4551111  0 ) h=0 f=0.02728509903
		best infeas. solution: none
		poll center          : ( 4551111  0 )
		mesh size            : (  1  1 )
		poll size            : (  1  1 )
		mesh index           : 0
		h_max                : inf

		MADS search {
		} end of search

		MADS poll {

			poll center: ( 4551111  0 )

			poll directions (include mesh size parameter) {
				dir 0 : (  0 -1 ) Ortho-MADS 2n
				dir 1 : (  0  1 ) Ortho-MADS 2n
			} 

			re-ordered list of 2 poll trial points {
				#147 : ( 4551111 -1 ) (dir 0)
				#148 : ( 4551111  1 ) (dir 1)
			} 

			list of points evaluation (poll) {

				evaluation 1/2 {

					point #147 ( 4551111 -1 )
					direction  : (  0 -1 ) Ortho-MADS 2n
					mesh index : 0

					cache hit: #147 --> #104
					poll unsuccessful point #104: evaluation failed
				} 

				evaluation 2/2 {

					point #148 ( 4551111  1 )
					direction  : (  0  1 ) Ortho-MADS 2n
					mesh index : 0

					cache hit: #148 --> #105
					poll unsuccessful point #105: evaluation failed
				} 

			} end of evaluations


			MADS extended poll {


				extended poll pts sorting {


					list of points evaluation (extended poll) {

						evaluation 1/21 {

							point #149 ( 5551111  0 )
							mesh index : 0

							cache hit: #149 --> #63
							extended poll unsuccessful point #63 [ h=0 f=0.03389430046 ]
						} 

						evaluation 2/21 {

							point #150 ( 4451111  0 )
							mesh index : 0

							cache hit: #150 --> #64
							extended poll unsuccessful point #64 [ h=0 f=0.03349995613 ]
						} 

						evaluation 3/21 {

							point #151 ( 4541111  0 )
							mesh index : 0

							cache hit: #151 --> #65
							extended poll unsuccessful point #65 [ h=0 f=0.03113484383 ]
						} 

						evaluation 4/21 {

							point #152 ( 45111  0 )
							mesh index : 0

							cache hit: #152 --> #66
							extended poll unsuccessful point #66 [ h=0 f=0.03565883636 ]
						} 

						evaluation 5/21 {

							point #153 ( 45111  0 )
							mesh index : 0

							cache hit: #153 --> #66
							extended poll unsuccessful point #66 [ h=0 f=0.03565883636 ]
						} 

						evaluation 6/21 {

							point #154 ( 4552111  0 )
							mesh index : 0

							cache hit: #154 --> #68
							extended poll unsuccessful point #68 [ h=0 f=0.03863596916 ]
						} 

						evaluation 7/21 {

							point #155 ( 4553111  0 )
							mesh index : 0

							cache hit: #155 --> #69
							extended poll unsuccessful point #69 [ h=0 f=0.04080986977 ]
						} 

						evaluation 8/21 {

							point #156 ( 455423111  0 )
							mesh index : 0

							cache hit: #156 --> #70
							extended poll unsuccessful point #70 [ h=0 f=0.03534698486 ]
						} 

						evaluation 9/21 {

							point #157 ( 455523111  0 )
							mesh index : 0

							cache hit: #157 --> #71
							extended poll unsuccessful point #71 [ h=0 f=0.04317951202 ]
						} 

						evaluation 10/21 {

							point #158 ( 4551211  0 )
							mesh index : 0

							cache hit: #158 --> #72
							extended poll unsuccessful point #72 [ h=0 f=0.0481569767 ]
						} 

						evaluation 11/21 {

							point #159 ( 4551311  0 )
							mesh index : 0

							cache hit: #159 --> #73
							extended poll unsuccessful point #73 [ h=0 f=0.03821134567 ]
						} 

						evaluation 12/21 {

							point #160 ( 455142311  0 )
							mesh index : 0

							cache hit: #160 --> #74
							extended poll unsuccessful point #74 [ h=0 f=0.04102802277 ]
						} 

						evaluation 13/21 {

							point #161 ( 455152311  0 )
							mesh index : 0

							cache hit: #161 --> #75
							extended poll unsuccessful point #75 [ h=0 f=0.03870081902 ]
						} 

						evaluation 14/21 {

							point #162 ( 4551121  0 )
							mesh index : 0

							cache hit: #162 --> #76
							extended poll unsuccessful point #76 [ h=0 f=0.07565689087 ]
						} 

						evaluation 15/21 {

							point #163 ( 4551131  0 )
							mesh index : 0

							cache hit: #163 --> #77
							extended poll unsuccessful point #77 [ h=0 f=0.04469513893 ]
						} 

						evaluation 16/21 {

							point #164 ( 455114231  0 )
							mesh index : 0

							cache hit: #164 --> #78
							extended poll unsuccessful point #78 [ h=0 f=0.05133485794 ]
						} 

						evaluation 17/21 {

							point #165 ( 455115231  0 )
							mesh index : 0

							cache hit: #165 --> #79
							extended poll unsuccessful point #79 [ h=0 f=0.05384898186 ]
						} 

						evaluation 18/21 {

							point #166 ( 4551112  0 )
							mesh index : 0

							cache hit: #166 --> #80
							extended poll unsuccessful point #80 [ h=0 f=0.05099105835 ]
						} 

						evaluation 19/21 {

							point #167 ( 4551113  0 )
							mesh index : 0

							cache hit: #167 --> #81
							extended poll unsuccessful point #81 [ h=0 f=0.06232094765 ]
						} 

						evaluation 20/21 {

							point #168 ( 455111423  0 )
							mesh index : 0

							cache hit: #168 --> #82
							extended poll unsuccessful point #82 [ h=0 f=0.1019370556 ]
						} 

						evaluation 21/21 {

							point #169 ( 455111523  0 )
							mesh index : 0

							cache hit: #169 --> #83
							extended poll unsuccessful point #83 [ h=0 f=0.04321908951 ]
						} 

					} end of evaluations


					sorted ext poll pts {

						point # 1/20 : ( 4541111     0 )
						point # 2/20 : ( 4451111     0 )
						point # 3/20 : ( 5551111     0 )
						point # 4/20 : ( 455423111     0 )
						point # 5/20 : ( 45111     0 )
						point # 6/20 : ( 4551311     0 )
						point # 7/20 : ( 4552111     0 )
						point # 8/20 : ( 455152311     0 )
						point # 9/20 : ( 4553111     0 )
						point #10/20 : ( 455142311     0 )
						point #11/20 : ( 455523111     0 )
						point #12/20 : ( 455111523     0 )
						point #13/20 : ( 4551131     0 )
						point #14/20 : ( 4551211     0 )
						point #15/20 : ( 4551112     0 )
						point #16/20 : ( 455114231     0 )
						point #17/20 : ( 455115231     0 )
						point #18/20 : ( 4551113     0 )
						point #19/20 : ( 4551121     0 )
						point #20/20 : ( 455111423     0 )

					} 


				} end of ext poll pts sorting


				extended poll point eval {

					extended poll point = ( 4541111     0 )

					list of points evaluation (extended poll) {

						evaluation 1/1 {

							point #170 ( 4541111  0 )
							mesh index : 0

							cache hit: #170 --> #65
							extended poll unsuccessful point #65 [ h=0 f=0.03113484383 ]
						} 

					} end of evaluations


				} 


				extended poll center: ( 4541111     0 )

				perform extended poll descent ...... no

				extended poll point eval {

					extended poll point = ( 4451111     0 )

					list of points evaluation (extended poll) {

						evaluation 1/1 {

							point #171 ( 4451111  0 )
							mesh index : 0

							cache hit: #171 --> #64
							extended poll unsuccessful point #64 [ h=0 f=0.03349995613 ]
						} 

					} end of evaluations


				} 


				extended poll center: ( 4451111     0 )

				perform extended poll descent ...... no

				extended poll point eval {

					extended poll point = ( 5551111     0 )

					list of points evaluation (extended poll) {

						evaluation 1/1 {

							point #172 ( 5551111  0 )
							mesh index : 0

							cache hit: #172 --> #63
							extended poll unsuccessful point #63 [ h=0 f=0.03389430046 ]
						} 

					} end of evaluations


				} 


				extended poll center: ( 5551111     0 )

				perform extended poll descent ...... no

				extended poll point eval {

					extended poll point = ( 455423111     0 )

					list of points evaluation (extended poll) {

						evaluation 1/1 {

							point #173 ( 455423111  0 )
							mesh index : 0

							cache hit: #173 --> #70
							extended poll unsuccessful point #70 [ h=0 f=0.03534698486 ]
						} 

					} end of evaluations


				} 


				extended poll center: ( 455423111     0 )

				perform extended poll descent ...... no

				extended poll point eval {

					extended poll point = ( 45111     0 )

					list of points evaluation (extended poll) {

						evaluation 1/1 {

							point #174 ( 45111  0 )
							mesh index : 0

							cache hit: #174 --> #66
							extended poll unsuccessful point #66 [ h=0 f=0.03565883636 ]
						} 

					} end of evaluations


				} 


				extended poll center: ( 45111     0 )

				perform extended poll descent ...... no

				extended poll point eval {

					extended poll point = ( 4551311     0 )

					list of points evaluation (extended poll) {

						evaluation 1/1 {

							point #175 ( 4551311  0 )
							mesh index : 0

							cache hit: #175 --> #73
							extended poll unsuccessful point #73 [ h=0 f=0.03821134567 ]
						} 

					} end of evaluations


				} 


				extended poll center: ( 4551311     0 )

				perform extended poll descent ...... no

				extended poll point eval {

					extended poll point = ( 4552111     0 )

					list of points evaluation (extended poll) {

						evaluation 1/1 {

							point #176 ( 4552111  0 )
							mesh index : 0

							cache hit: #176 --> #68
							extended poll unsuccessful point #68 [ h=0 f=0.03863596916 ]
						} 

					} end of evaluations


				} 


				extended poll center: ( 4552111     0 )

				perform extended poll descent ...... no

				extended poll point eval {

					extended poll point = ( 455152311     0 )

					list of points evaluation (extended poll) {

						evaluation 1/1 {

							point #177 ( 455152311  0 )
							mesh index : 0

							cache hit: #177 --> #75
							extended poll unsuccessful point #75 [ h=0 f=0.03870081902 ]
						} 

					} end of evaluations


				} 


				extended poll center: ( 455152311     0 )

				perform extended poll descent ...... no

				extended poll point eval {

					extended poll point = ( 4553111     0 )

					list of points evaluation (extended poll) {

						evaluation 1/1 {

							point #178 ( 4553111  0 )
							mesh index : 0

							cache hit: #178 --> #69
							extended poll unsuccessful point #69 [ h=0 f=0.04080986977 ]
						} 

					} end of evaluations


				} 


				extended poll center: ( 4553111     0 )

				perform extended poll descent ...... no

				extended poll point eval {

					extended poll point = ( 455142311     0 )

					list of points evaluation (extended poll) {

						evaluation 1/1 {

							point #179 ( 455142311  0 )
							mesh index : 0

							cache hit: #179 --> #74
							extended poll unsuccessful point #74 [ h=0 f=0.04102802277 ]
						} 

					} end of evaluations


				} 


				extended poll center: ( 455142311     0 )

				perform extended poll descent ...... no

				extended poll point eval {

					extended poll point = ( 455523111     0 )

					list of points evaluation (extended poll) {

						evaluation 1/1 {

							point #180 ( 455523111  0 )
							mesh index : 0

							cache hit: #180 --> #71
							extended poll unsuccessful point #71 [ h=0 f=0.04317951202 ]
						} 

					} end of evaluations


				} 


				extended poll center: ( 455523111     0 )

				perform extended poll descent ...... no

				extended poll point eval {

					extended poll point = ( 455111523     0 )

					list of points evaluation (extended poll) {

						evaluation 1/1 {

							point #181 ( 455111523  0 )
							mesh index : 0

							cache hit: #181 --> #83
							extended poll unsuccessful point #83 [ h=0 f=0.04321908951 ]
						} 

					} end of evaluations


				} 


				extended poll center: ( 455111523     0 )

				perform extended poll descent ...... no

				extended poll point eval {

					extended poll point = ( 4551131     0 )

					list of points evaluation (extended poll) {

						evaluation 1/1 {

							point #182 ( 4551131  0 )
							mesh index : 0

							cache hit: #182 --> #77
							extended poll unsuccessful point #77 [ h=0 f=0.04469513893 ]
						} 

					} end of evaluations


				} 


				extended poll center: ( 4551131     0 )

				perform extended poll descent ...... no

				extended poll point eval {

					extended poll point = ( 4551211     0 )

					list of points evaluation (extended poll) {

						evaluation 1/1 {

							point #183 ( 4551211  0 )
							mesh index : 0

							cache hit: #183 --> #72
							extended poll unsuccessful point #72 [ h=0 f=0.0481569767 ]
						} 

					} end of evaluations


				} 


				extended poll center: ( 4551211     0 )

				perform extended poll descent ...... no

				extended poll point eval {

					extended poll point = ( 4551112     0 )

					list of points evaluation (extended poll) {

						evaluation 1/1 {

							point #184 ( 4551112  0 )
							mesh index : 0

							cache hit: #184 --> #80
							extended poll unsuccessful point #80 [ h=0 f=0.05099105835 ]
						} 

					} end of evaluations


				} 


				extended poll center: ( 4551112     0 )

				perform extended poll descent ...... no

				extended poll point eval {

					extended poll point = ( 455114231     0 )

					list of points evaluation (extended poll) {

						evaluation 1/1 {

							point #185 ( 455114231  0 )
							mesh index : 0

							cache hit: #185 --> #78
							extended poll unsuccessful point #78 [ h=0 f=0.05133485794 ]
						} 

					} end of evaluations


				} 


				extended poll center: ( 455114231     0 )

				perform extended poll descent ...... no

				extended poll point eval {

					extended poll point = ( 455115231     0 )

					list of points evaluation (extended poll) {

						evaluation 1/1 {

							point #186 ( 455115231  0 )
							mesh index : 0

							cache hit: #186 --> #79
							extended poll unsuccessful point #79 [ h=0 f=0.05384898186 ]
						} 

					} end of evaluations


				} 


				extended poll center: ( 455115231     0 )

				perform extended poll descent ...... no

				extended poll point eval {

					extended poll point = ( 4551113     0 )

					list of points evaluation (extended poll) {

						evaluation 1/1 {

							point #187 ( 4551113  0 )
							mesh index : 0

							cache hit: #187 --> #81
							extended poll unsuccessful point #81 [ h=0 f=0.06232094765 ]
						} 

					} end of evaluations


				} 


				extended poll center: ( 4551113     0 )

				perform extended poll descent ...... no

				extended poll point eval {

					extended poll point = ( 4551121     0 )

					list of points evaluation (extended poll) {

						evaluation 1/1 {

							point #188 ( 4551121  0 )
							mesh index : 0

							cache hit: #188 --> #76
							extended poll unsuccessful point #76 [ h=0 f=0.07565689087 ]
						} 

					} end of evaluations


				} 


				extended poll center: ( 4551121     0 )

				perform extended poll descent ...... no

				extended poll point eval {

					extended poll point = ( 455111423     0 )

					list of points evaluation (extended poll) {

						evaluation 1/1 {

							point #189 ( 455111423  0 )
							mesh index : 0

							cache hit: #189 --> #82
							extended poll unsuccessful point #82 [ h=0 f=0.1019370556 ]
						} 

					} end of evaluations


				} 


				extended poll center: ( 455111423     0 )

				perform extended poll descent ...... no

			} end of extended poll

		} end of poll

		Mesh update {
			previous mesh index: 0
			new mesh index     : 1
		} 


		terminate MADS       : no
		iteration status     : unsuccessful
		new feas. incumbent  : none
		new infeas. incumbent: none

	} end of iteration 4

	MADS iteration 5 {

		blackbox evaluations : 47
		best feas. solution  : ( 4551111  0 ) h=0 f=0.02728509903
		best infeas. solution: none
		poll center          : ( 4551111  0 )
		mesh size            : ( 0.25 0.25 )
		poll size            : ( 0.5 0.5 )
		mesh index           : 1
		h_max                : inf

		MADS search {
		} end of search

		MADS poll {

			poll center: ( 4551111  0 )

			poll directions (include mesh size parameter) {
				dir 0 : (  0 -1 ) Ortho-MADS 2n
				dir 1 : (  0  1 ) Ortho-MADS 2n
			} 

			re-ordered list of 2 poll trial points {
				#190 : ( 4551111 -1 ) (dir 0)
				#191 : ( 4551111  1 ) (dir 1)
			} 

			list of points evaluation (poll) {

				evaluation 1/2 {

					point #190 ( 4551111 -1 )
					direction  : (  0 -1 ) Ortho-MADS 2n
					mesh index : 1

					cache hit: #190 --> #104
					poll unsuccessful point #104: evaluation failed
				} 

				evaluation 2/2 {

					point #191 ( 4551111  1 )
					direction  : (  0  1 ) Ortho-MADS 2n
					mesh index : 1

					cache hit: #191 --> #105
					poll unsuccessful point #105: evaluation failed
				} 

			} end of evaluations


			MADS extended poll {


				extended poll pts sorting {


					list of points evaluation (extended poll) {

						evaluation 1/21 {

							point #192 ( 5551111  0 )
							mesh index : 1

							cache hit: #192 --> #63
							extended poll unsuccessful point #63 [ h=0 f=0.03389430046 ]
						} 

						evaluation 2/21 {

							point #193 ( 4451111  0 )
							mesh index : 1

							cache hit: #193 --> #64
							extended poll unsuccessful point #64 [ h=0 f=0.03349995613 ]
						} 

						evaluation 3/21 {

							point #194 ( 4541111  0 )
							mesh index : 1

							cache hit: #194 --> #65
							extended poll unsuccessful point #65 [ h=0 f=0.03113484383 ]
						} 

						evaluation 4/21 {

							point #195 ( 45111  0 )
							mesh index : 1

							cache hit: #195 --> #66
							extended poll unsuccessful point #66 [ h=0 f=0.03565883636 ]
						} 

						evaluation 5/21 {

							point #196 ( 45111  0 )
							mesh index : 1

							cache hit: #196 --> #66
							extended poll unsuccessful point #66 [ h=0 f=0.03565883636 ]
						} 

						evaluation 6/21 {

							point #197 ( 4552111  0 )
							mesh index : 1

							cache hit: #197 --> #68
							extended poll unsuccessful point #68 [ h=0 f=0.03863596916 ]
						} 

						evaluation 7/21 {

							point #198 ( 4553111  0 )
							mesh index : 1

							cache hit: #198 --> #69
							extended poll unsuccessful point #69 [ h=0 f=0.04080986977 ]
						} 

						evaluation 8/21 {

							point #199 ( 455423111  0 )
							mesh index : 1

							cache hit: #199 --> #70
							extended poll unsuccessful point #70 [ h=0 f=0.03534698486 ]
						} 

						evaluation 9/21 {

							point #200 ( 455523111  0 )
							mesh index : 1

							cache hit: #200 --> #71
							extended poll unsuccessful point #71 [ h=0 f=0.04317951202 ]
						} 

						evaluation 10/21 {

							point #201 ( 4551211  0 )
							mesh index : 1

							cache hit: #201 --> #72
							extended poll unsuccessful point #72 [ h=0 f=0.0481569767 ]
						} 

						evaluation 11/21 {

							point #202 ( 4551311  0 )
							mesh index : 1

							cache hit: #202 --> #73
							extended poll unsuccessful point #73 [ h=0 f=0.03821134567 ]
						} 

						evaluation 12/21 {

							point #203 ( 455142311  0 )
							mesh index : 1

							cache hit: #203 --> #74
							extended poll unsuccessful point #74 [ h=0 f=0.04102802277 ]
						} 

						evaluation 13/21 {

							point #204 ( 455152311  0 )
							mesh index : 1

							cache hit: #204 --> #75
							extended poll unsuccessful point #75 [ h=0 f=0.03870081902 ]
						} 

						evaluation 14/21 {

							point #205 ( 4551121  0 )
							mesh index : 1

							cache hit: #205 --> #76
							extended poll unsuccessful point #76 [ h=0 f=0.07565689087 ]
						} 

						evaluation 15/21 {

							point #206 ( 4551131  0 )
							mesh index : 1

							cache hit: #206 --> #77
							extended poll unsuccessful point #77 [ h=0 f=0.04469513893 ]
						} 

						evaluation 16/21 {

							point #207 ( 455114231  0 )
							mesh index : 1

							cache hit: #207 --> #78
							extended poll unsuccessful point #78 [ h=0 f=0.05133485794 ]
						} 

						evaluation 17/21 {

							point #208 ( 455115231  0 )
							mesh index : 1

							cache hit: #208 --> #79
							extended poll unsuccessful point #79 [ h=0 f=0.05384898186 ]
						} 

						evaluation 18/21 {

							point #209 ( 4551112  0 )
							mesh index : 1

							cache hit: #209 --> #80
							extended poll unsuccessful point #80 [ h=0 f=0.05099105835 ]
						} 

						evaluation 19/21 {

							point #210 ( 4551113  0 )
							mesh index : 1

							cache hit: #210 --> #81
							extended poll unsuccessful point #81 [ h=0 f=0.06232094765 ]
						} 

						evaluation 20/21 {

							point #211 ( 455111423  0 )
							mesh index : 1

							cache hit: #211 --> #82
							extended poll unsuccessful point #82 [ h=0 f=0.1019370556 ]
						} 

						evaluation 21/21 {

							point #212 ( 455111523  0 )
							mesh index : 1

							cache hit: #212 --> #83
							extended poll unsuccessful point #83 [ h=0 f=0.04321908951 ]
						} 

					} end of evaluations


					sorted ext poll pts {

						point # 1/20 : ( 4541111     0 )
						point # 2/20 : ( 4451111     0 )
						point # 3/20 : ( 5551111     0 )
						point # 4/20 : ( 455423111     0 )
						point # 5/20 : ( 45111     0 )
						point # 6/20 : ( 4551311     0 )
						point # 7/20 : ( 4552111     0 )
						point # 8/20 : ( 455152311     0 )
						point # 9/20 : ( 4553111     0 )
						point #10/20 : ( 455142311     0 )
						point #11/20 : ( 455523111     0 )
						point #12/20 : ( 455111523     0 )
						point #13/20 : ( 4551131     0 )
						point #14/20 : ( 4551211     0 )
						point #15/20 : ( 4551112     0 )
						point #16/20 : ( 455114231     0 )
						point #17/20 : ( 455115231     0 )
						point #18/20 : ( 4551113     0 )
						point #19/20 : ( 4551121     0 )
						point #20/20 : ( 455111423     0 )

					} 


				} end of ext poll pts sorting


				extended poll point eval {

					extended poll point = ( 4541111     0 )

					list of points evaluation (extended poll) {

						evaluation 1/1 {

							point #213 ( 4541111  0 )
							mesh index : 1

							cache hit: #213 --> #65
							extended poll unsuccessful point #65 [ h=0 f=0.03113484383 ]
						} 

					} end of evaluations


				} 


				extended poll center: ( 4541111     0 )

				perform extended poll descent ...... no

				extended poll point eval {

					extended poll point = ( 4451111     0 )

					list of points evaluation (extended poll) {

						evaluation 1/1 {

							point #214 ( 4451111  0 )
							mesh index : 1

							cache hit: #214 --> #64
							extended poll unsuccessful point #64 [ h=0 f=0.03349995613 ]
						} 

					} end of evaluations


				} 


				extended poll center: ( 4451111     0 )

				perform extended poll descent ...... no

				extended poll point eval {

					extended poll point = ( 5551111     0 )

					list of points evaluation (extended poll) {

						evaluation 1/1 {

							point #215 ( 5551111  0 )
							mesh index : 1

							cache hit: #215 --> #63
							extended poll unsuccessful point #63 [ h=0 f=0.03389430046 ]
						} 

					} end of evaluations


				} 


				extended poll center: ( 5551111     0 )

				perform extended poll descent ...... no

				extended poll point eval {

					extended poll point = ( 455423111     0 )

					list of points evaluation (extended poll) {

						evaluation 1/1 {

							point #216 ( 455423111  0 )
							mesh index : 1

							cache hit: #216 --> #70
							extended poll unsuccessful point #70 [ h=0 f=0.03534698486 ]
						} 

					} end of evaluations


				} 


				extended poll center: ( 455423111     0 )

				perform extended poll descent ...... no

				extended poll point eval {

					extended poll point = ( 45111     0 )

					list of points evaluation (extended poll) {

						evaluation 1/1 {

							point #217 ( 45111  0 )
							mesh index : 1

							cache hit: #217 --> #66
							extended poll unsuccessful point #66 [ h=0 f=0.03565883636 ]
						} 

					} end of evaluations


				} 


				extended poll center: ( 45111     0 )

				perform extended poll descent ...... no

				extended poll point eval {

					extended poll point = ( 4551311     0 )

					list of points evaluation (extended poll) {

						evaluation 1/1 {

							point #218 ( 4551311  0 )
							mesh index : 1

							cache hit: #218 --> #73
							extended poll unsuccessful point #73 [ h=0 f=0.03821134567 ]
						} 

					} end of evaluations


				} 


				extended poll center: ( 4551311     0 )

				perform extended poll descent ...... no

				extended poll point eval {

					extended poll point = ( 4552111     0 )

					list of points evaluation (extended poll) {

						evaluation 1/1 {

							point #219 ( 4552111  0 )
							mesh index : 1

							cache hit: #219 --> #68
							extended poll unsuccessful point #68 [ h=0 f=0.03863596916 ]
						} 

					} end of evaluations


				} 


				extended poll center: ( 4552111     0 )

				perform extended poll descent ...... no

				extended poll point eval {

					extended poll point = ( 455152311     0 )

					list of points evaluation (extended poll) {

						evaluation 1/1 {

							point #220 ( 455152311  0 )
							mesh index : 1

							cache hit: #220 --> #75
							extended poll unsuccessful point #75 [ h=0 f=0.03870081902 ]
						} 

					} end of evaluations


				} 


				extended poll center: ( 455152311     0 )

				perform extended poll descent ...... no

				extended poll point eval {

					extended poll point = ( 4553111     0 )

					list of points evaluation (extended poll) {

						evaluation 1/1 {

							point #221 ( 4553111  0 )
							mesh index : 1

							cache hit: #221 --> #69
							extended poll unsuccessful point #69 [ h=0 f=0.04080986977 ]
						} 

					} end of evaluations


				} 


				extended poll center: ( 4553111     0 )

				perform extended poll descent ...... no

				extended poll point eval {

					extended poll point = ( 455142311     0 )

					list of points evaluation (extended poll) {

						evaluation 1/1 {

							point #222 ( 455142311  0 )
							mesh index : 1

							cache hit: #222 --> #74
							extended poll unsuccessful point #74 [ h=0 f=0.04102802277 ]
						} 

					} end of evaluations


				} 


				extended poll center: ( 455142311     0 )

				perform extended poll descent ...... no

				extended poll point eval {

					extended poll point = ( 455523111     0 )

					list of points evaluation (extended poll) {

						evaluation 1/1 {

							point #223 ( 455523111  0 )
							mesh index : 1

							cache hit: #223 --> #71
							extended poll unsuccessful point #71 [ h=0 f=0.04317951202 ]
						} 

					} end of evaluations


				} 


				extended poll center: ( 455523111     0 )

				perform extended poll descent ...... no

				extended poll point eval {

					extended poll point = ( 455111523     0 )

					list of points evaluation (extended poll) {

						evaluation 1/1 {

							point #224 ( 455111523  0 )
							mesh index : 1

							cache hit: #224 --> #83
							extended poll unsuccessful point #83 [ h=0 f=0.04321908951 ]
						} 

					} end of evaluations


				} 


				extended poll center: ( 455111523     0 )

				perform extended poll descent ...... no

				extended poll point eval {

					extended poll point = ( 4551131     0 )

					list of points evaluation (extended poll) {

						evaluation 1/1 {

							point #225 ( 4551131  0 )
							mesh index : 1

							cache hit: #225 --> #77
							extended poll unsuccessful point #77 [ h=0 f=0.04469513893 ]
						} 

					} end of evaluations


				} 


				extended poll center: ( 4551131     0 )

				perform extended poll descent ...... no

				extended poll point eval {

					extended poll point = ( 4551211     0 )

					list of points evaluation (extended poll) {

						evaluation 1/1 {

							point #226 ( 4551211  0 )
							mesh index : 1

							cache hit: #226 --> #72
							extended poll unsuccessful point #72 [ h=0 f=0.0481569767 ]
						} 

					} end of evaluations


				} 


				extended poll center: ( 4551211     0 )

				perform extended poll descent ...... no

				extended poll point eval {

					extended poll point = ( 4551112     0 )

					list of points evaluation (extended poll) {

						evaluation 1/1 {

							point #227 ( 4551112  0 )
							mesh index : 1

							cache hit: #227 --> #80
							extended poll unsuccessful point #80 [ h=0 f=0.05099105835 ]
						} 

					} end of evaluations


				} 


				extended poll center: ( 4551112     0 )

				perform extended poll descent ...... no

				extended poll point eval {

					extended poll point = ( 455114231     0 )

					list of points evaluation (extended poll) {

						evaluation 1/1 {

							point #228 ( 455114231  0 )
							mesh index : 1

							cache hit: #228 --> #78
							extended poll unsuccessful point #78 [ h=0 f=0.05133485794 ]
						} 

					} end of evaluations


				} 


				extended poll center: ( 455114231     0 )

				perform extended poll descent ...... no

				extended poll point eval {

					extended poll point = ( 455115231     0 )

					list of points evaluation (extended poll) {

						evaluation 1/1 {

							point #229 ( 455115231  0 )
							mesh index : 1

							cache hit: #229 --> #79
							extended poll unsuccessful point #79 [ h=0 f=0.05384898186 ]
						} 

					} end of evaluations


				} 


				extended poll center: ( 455115231     0 )

				perform extended poll descent ...... no

				extended poll point eval {

					extended poll point = ( 4551113     0 )

					list of points evaluation (extended poll) {

						evaluation 1/1 {

							point #230 ( 4551113  0 )
							mesh index : 1

							cache hit: #230 --> #81
							extended poll unsuccessful point #81 [ h=0 f=0.06232094765 ]
						} 

					} end of evaluations


				} 


				extended poll center: ( 4551113     0 )

				perform extended poll descent ...... no

				extended poll point eval {

					extended poll point = ( 4551121     0 )

					list of points evaluation (extended poll) {

						evaluation 1/1 {

							point #231 ( 4551121  0 )
							mesh index : 1

							cache hit: #231 --> #76
							extended poll unsuccessful point #76 [ h=0 f=0.07565689087 ]
						} 

					} end of evaluations


				} 


				extended poll center: ( 4551121     0 )

				perform extended poll descent ...... no

				extended poll point eval {

					extended poll point = ( 455111423     0 )

					list of points evaluation (extended poll) {

						evaluation 1/1 {

							point #232 ( 455111423  0 )
							mesh index : 1

							cache hit: #232 --> #82
							extended poll unsuccessful point #82 [ h=0 f=0.1019370556 ]
						} 

					} end of evaluations


				} 


				extended poll center: ( 455111423     0 )

				perform extended poll descent ...... no

			} end of extended poll

		} end of poll

		Mesh update {
			previous mesh index: 1
			new mesh index     : 2
		} 


		terminate MADS       : no
		iteration status     : unsuccessful
		new feas. incumbent  : none
		new infeas. incumbent: none

	} end of iteration 5

	MADS iteration 6 {

		blackbox evaluations : 47
		best feas. solution  : ( 4551111  0 ) h=0 f=0.02728509903
		best infeas. solution: none
		poll center          : ( 4551111  0 )
		mesh size            : ( 0.0625 0.0625 )
		poll size            : ( 0.25 0.25 )
		mesh index           : 2
		h_max                : inf

		MADS search {
		} end of search

		MADS poll {

			poll center: ( 4551111  0 )

			poll directions (include mesh size parameter) {
				dir 0 : (  0 -1 ) Ortho-MADS 2n
				dir 1 : (  0  1 ) Ortho-MADS 2n
			} 

			re-ordered list of 2 poll trial points {
				#233 : ( 4551111 -1 ) (dir 0)
				#234 : ( 4551111  1 ) (dir 1)
			} 

			list of points evaluation (poll) {

				evaluation 1/2 {

					point #233 ( 4551111 -1 )
					direction  : (  0 -1 ) Ortho-MADS 2n
					mesh index : 2

					cache hit: #233 --> #104
					poll unsuccessful point #104: evaluation failed
				} 

				evaluation 2/2 {

					point #234 ( 4551111  1 )
					direction  : (  0  1 ) Ortho-MADS 2n
					mesh index : 2

					cache hit: #234 --> #105
					poll unsuccessful point #105: evaluation failed
				} 

			} end of evaluations


			MADS extended poll {


				extended poll pts sorting {


					list of points evaluation (extended poll) {

						evaluation 1/21 {

							point #235 ( 5551111  0 )
							mesh index : 2

							cache hit: #235 --> #63
							extended poll unsuccessful point #63 [ h=0 f=0.03389430046 ]
						} 

						evaluation 2/21 {

							point #236 ( 4451111  0 )
							mesh index : 2

							cache hit: #236 --> #64
							extended poll unsuccessful point #64 [ h=0 f=0.03349995613 ]
						} 

						evaluation 3/21 {

							point #237 ( 4541111  0 )
							mesh index : 2

							cache hit: #237 --> #65
							extended poll unsuccessful point #65 [ h=0 f=0.03113484383 ]
						} 

						evaluation 4/21 {

							point #238 ( 45111  0 )
							mesh index : 2

							cache hit: #238 --> #66
							extended poll unsuccessful point #66 [ h=0 f=0.03565883636 ]
						} 

						evaluation 5/21 {

							point #239 ( 45111  0 )
							mesh index : 2

							cache hit: #239 --> #66
							extended poll unsuccessful point #66 [ h=0 f=0.03565883636 ]
						} 

						evaluation 6/21 {

							point #240 ( 4552111  0 )
							mesh index : 2

							cache hit: #240 --> #68
							extended poll unsuccessful point #68 [ h=0 f=0.03863596916 ]
						} 

						evaluation 7/21 {

							point #241 ( 4553111  0 )
							mesh index : 2

							cache hit: #241 --> #69
							extended poll unsuccessful point #69 [ h=0 f=0.04080986977 ]
						} 

						evaluation 8/21 {

							point #242 ( 455423111  0 )
							mesh index : 2

							cache hit: #242 --> #70
							extended poll unsuccessful point #70 [ h=0 f=0.03534698486 ]
						} 

						evaluation 9/21 {

							point #243 ( 455523111  0 )
							mesh index : 2

							cache hit: #243 --> #71
							extended poll unsuccessful point #71 [ h=0 f=0.04317951202 ]
						} 

						evaluation 10/21 {

							point #244 ( 4551211  0 )
							mesh index : 2

							cache hit: #244 --> #72
							extended poll unsuccessful point #72 [ h=0 f=0.0481569767 ]
						} 

						evaluation 11/21 {

							point #245 ( 4551311  0 )
							mesh index : 2

							cache hit: #245 --> #73
							extended poll unsuccessful point #73 [ h=0 f=0.03821134567 ]
						} 

						evaluation 12/21 {

							point #246 ( 455142311  0 )
							mesh index : 2

							cache hit: #246 --> #74
							extended poll unsuccessful point #74 [ h=0 f=0.04102802277 ]
						} 

						evaluation 13/21 {

							point #247 ( 455152311  0 )
							mesh index : 2

							cache hit: #247 --> #75
							extended poll unsuccessful point #75 [ h=0 f=0.03870081902 ]
						} 

						evaluation 14/21 {

							point #248 ( 4551121  0 )
							mesh index : 2

							cache hit: #248 --> #76
							extended poll unsuccessful point #76 [ h=0 f=0.07565689087 ]
						} 

						evaluation 15/21 {

							point #249 ( 4551131  0 )
							mesh index : 2

							cache hit: #249 --> #77
							extended poll unsuccessful point #77 [ h=0 f=0.04469513893 ]
						} 

						evaluation 16/21 {

							point #250 ( 455114231  0 )
							mesh index : 2

							cache hit: #250 --> #78
							extended poll unsuccessful point #78 [ h=0 f=0.05133485794 ]
						} 

						evaluation 17/21 {

							point #251 ( 455115231  0 )
							mesh index : 2

							cache hit: #251 --> #79
							extended poll unsuccessful point #79 [ h=0 f=0.05384898186 ]
						} 

						evaluation 18/21 {

							point #252 ( 4551112  0 )
							mesh index : 2

							cache hit: #252 --> #80
							extended poll unsuccessful point #80 [ h=0 f=0.05099105835 ]
						} 

						evaluation 19/21 {

							point #253 ( 4551113  0 )
							mesh index : 2

							cache hit: #253 --> #81
							extended poll unsuccessful point #81 [ h=0 f=0.06232094765 ]
						} 

						evaluation 20/21 {

							point #254 ( 455111423  0 )
							mesh index : 2

							cache hit: #254 --> #82
							extended poll unsuccessful point #82 [ h=0 f=0.1019370556 ]
						} 

						evaluation 21/21 {

							point #255 ( 455111523  0 )
							mesh index : 2

							cache hit: #255 --> #83
							extended poll unsuccessful point #83 [ h=0 f=0.04321908951 ]
						} 

					} end of evaluations


					sorted ext poll pts {

						point # 1/20 : ( 4541111     0 )
						point # 2/20 : ( 4451111     0 )
						point # 3/20 : ( 5551111     0 )
						point # 4/20 : ( 455423111     0 )
						point # 5/20 : ( 45111     0 )
						point # 6/20 : ( 4551311     0 )
						point # 7/20 : ( 4552111     0 )
						point # 8/20 : ( 455152311     0 )
						point # 9/20 : ( 4553111     0 )
						point #10/20 : ( 455142311     0 )
						point #11/20 : ( 455523111     0 )
						point #12/20 : ( 455111523     0 )
						point #13/20 : ( 4551131     0 )
						point #14/20 : ( 4551211     0 )
						point #15/20 : ( 4551112     0 )
						point #16/20 : ( 455114231     0 )
						point #17/20 : ( 455115231     0 )
						point #18/20 : ( 4551113     0 )
						point #19/20 : ( 4551121     0 )
						point #20/20 : ( 455111423     0 )

					} 


				} end of ext poll pts sorting


				extended poll point eval {

					extended poll point = ( 4541111     0 )

					list of points evaluation (extended poll) {

						evaluation 1/1 {

							point #256 ( 4541111  0 )
							mesh index : 2

							cache hit: #256 --> #65
							extended poll unsuccessful point #65 [ h=0 f=0.03113484383 ]
						} 

					} end of evaluations


				} 


				extended poll center: ( 4541111     0 )

				perform extended poll descent ...... no

				extended poll point eval {

					extended poll point = ( 4451111     0 )

					list of points evaluation (extended poll) {

						evaluation 1/1 {

							point #257 ( 4451111  0 )
							mesh index : 2

							cache hit: #257 --> #64
							extended poll unsuccessful point #64 [ h=0 f=0.03349995613 ]
						} 

					} end of evaluations


				} 


				extended poll center: ( 4451111     0 )

				perform extended poll descent ...... no

				extended poll point eval {

					extended poll point = ( 5551111     0 )

					list of points evaluation (extended poll) {

						evaluation 1/1 {

							point #258 ( 5551111  0 )
							mesh index : 2

							cache hit: #258 --> #63
							extended poll unsuccessful point #63 [ h=0 f=0.03389430046 ]
						} 

					} end of evaluations


				} 


				extended poll center: ( 5551111     0 )

				perform extended poll descent ...... no

				extended poll point eval {

					extended poll point = ( 455423111     0 )

					list of points evaluation (extended poll) {

						evaluation 1/1 {

							point #259 ( 455423111  0 )
							mesh index : 2

							cache hit: #259 --> #70
							extended poll unsuccessful point #70 [ h=0 f=0.03534698486 ]
						} 

					} end of evaluations


				} 


				extended poll center: ( 455423111     0 )

				perform extended poll descent ...... no

				extended poll point eval {

					extended poll point = ( 45111     0 )

					list of points evaluation (extended poll) {

						evaluation 1/1 {

							point #260 ( 45111  0 )
							mesh index : 2

							cache hit: #260 --> #66
							extended poll unsuccessful point #66 [ h=0 f=0.03565883636 ]
						} 

					} end of evaluations


				} 


				extended poll center: ( 45111     0 )

				perform extended poll descent ...... no

				extended poll point eval {

					extended poll point = ( 4551311     0 )

					list of points evaluation (extended poll) {

						evaluation 1/1 {

							point #261 ( 4551311  0 )
							mesh index : 2

							cache hit: #261 --> #73
							extended poll unsuccessful point #73 [ h=0 f=0.03821134567 ]
						} 

					} end of evaluations


				} 


				extended poll center: ( 4551311     0 )

				perform extended poll descent ...... no

				extended poll point eval {

					extended poll point = ( 4552111     0 )

					list of points evaluation (extended poll) {

						evaluation 1/1 {

							point #262 ( 4552111  0 )
							mesh index : 2

							cache hit: #262 --> #68
							extended poll unsuccessful point #68 [ h=0 f=0.03863596916 ]
						} 

					} end of evaluations


				} 


				extended poll center: ( 4552111     0 )

				perform extended poll descent ...... no

				extended poll point eval {

					extended poll point = ( 455152311     0 )

					list of points evaluation (extended poll) {

						evaluation 1/1 {

							point #263 ( 455152311  0 )
							mesh index : 2

							cache hit: #263 --> #75
							extended poll unsuccessful point #75 [ h=0 f=0.03870081902 ]
						} 

					} end of evaluations


				} 


				extended poll center: ( 455152311     0 )

				perform extended poll descent ...... no

				extended poll point eval {

					extended poll point = ( 4553111     0 )

					list of points evaluation (extended poll) {

						evaluation 1/1 {

							point #264 ( 4553111  0 )
							mesh index : 2

							cache hit: #264 --> #69
							extended poll unsuccessful point #69 [ h=0 f=0.04080986977 ]
						} 

					} end of evaluations


				} 


				extended poll center: ( 4553111     0 )

				perform extended poll descent ...... no

				extended poll point eval {

					extended poll point = ( 455142311     0 )

					list of points evaluation (extended poll) {

						evaluation 1/1 {

							point #265 ( 455142311  0 )
							mesh index : 2

							cache hit: #265 --> #74
							extended poll unsuccessful point #74 [ h=0 f=0.04102802277 ]
						} 

					} end of evaluations


				} 


				extended poll center: ( 455142311     0 )

				perform extended poll descent ...... no

				extended poll point eval {

					extended poll point = ( 455523111     0 )

					list of points evaluation (extended poll) {

						evaluation 1/1 {

							point #266 ( 455523111  0 )
							mesh index : 2

							cache hit: #266 --> #71
							extended poll unsuccessful point #71 [ h=0 f=0.04317951202 ]
						} 

					} end of evaluations


				} 


				extended poll center: ( 455523111     0 )

				perform extended poll descent ...... no

				extended poll point eval {

					extended poll point = ( 455111523     0 )

					list of points evaluation (extended poll) {

						evaluation 1/1 {

							point #267 ( 455111523  0 )
							mesh index : 2

							cache hit: #267 --> #83
							extended poll unsuccessful point #83 [ h=0 f=0.04321908951 ]
						} 

					} end of evaluations


				} 


				extended poll center: ( 455111523     0 )

				perform extended poll descent ...... no

				extended poll point eval {

					extended poll point = ( 4551131     0 )

					list of points evaluation (extended poll) {

						evaluation 1/1 {

							point #268 ( 4551131  0 )
							mesh index : 2

							cache hit: #268 --> #77
							extended poll unsuccessful point #77 [ h=0 f=0.04469513893 ]
						} 

					} end of evaluations


				} 


				extended poll center: ( 4551131     0 )

				perform extended poll descent ...... no

				extended poll point eval {

					extended poll point = ( 4551211     0 )

					list of points evaluation (extended poll) {

						evaluation 1/1 {

							point #269 ( 4551211  0 )
							mesh index : 2

							cache hit: #269 --> #72
							extended poll unsuccessful point #72 [ h=0 f=0.0481569767 ]
						} 

					} end of evaluations


				} 


				extended poll center: ( 4551211     0 )

				perform extended poll descent ...... no

				extended poll point eval {

					extended poll point = ( 4551112     0 )

					list of points evaluation (extended poll) {

						evaluation 1/1 {

							point #270 ( 4551112  0 )
							mesh index : 2

							cache hit: #270 --> #80
							extended poll unsuccessful point #80 [ h=0 f=0.05099105835 ]
						} 

					} end of evaluations


				} 


				extended poll center: ( 4551112     0 )

				perform extended poll descent ...... no

				extended poll point eval {

					extended poll point = ( 455114231     0 )

					list of points evaluation (extended poll) {

						evaluation 1/1 {

							point #271 ( 455114231  0 )
							mesh index : 2

							cache hit: #271 --> #78
							extended poll unsuccessful point #78 [ h=0 f=0.05133485794 ]
						} 

					} end of evaluations


				} 


				extended poll center: ( 455114231     0 )

				perform extended poll descent ...... no

				extended poll point eval {

					extended poll point = ( 455115231     0 )

					list of points evaluation (extended poll) {

						evaluation 1/1 {

							point #272 ( 455115231  0 )
							mesh index : 2

							cache hit: #272 --> #79
							extended poll unsuccessful point #79 [ h=0 f=0.05384898186 ]
						} 

					} end of evaluations


				} 


				extended poll center: ( 455115231     0 )

				perform extended poll descent ...... no

				extended poll point eval {

					extended poll point = ( 4551113     0 )

					list of points evaluation (extended poll) {

						evaluation 1/1 {

							point #273 ( 4551113  0 )
							mesh index : 2

							cache hit: #273 --> #81
							extended poll unsuccessful point #81 [ h=0 f=0.06232094765 ]
						} 

					} end of evaluations


				} 


				extended poll center: ( 4551113     0 )

				perform extended poll descent ...... no

				extended poll point eval {

					extended poll point = ( 4551121     0 )

					list of points evaluation (extended poll) {

						evaluation 1/1 {

							point #274 ( 4551121  0 )
							mesh index : 2

							cache hit: #274 --> #76
							extended poll unsuccessful point #76 [ h=0 f=0.07565689087 ]
						} 

					} end of evaluations


				} 


				extended poll center: ( 4551121     0 )

				perform extended poll descent ...... no

				extended poll point eval {

					extended poll point = ( 455111423     0 )

					list of points evaluation (extended poll) {

						evaluation 1/1 {

							point #275 ( 455111423  0 )
							mesh index : 2

							cache hit: #275 --> #82
							extended poll unsuccessful point #82 [ h=0 f=0.1019370556 ]
						} 

					} end of evaluations


				} 


				extended poll center: ( 455111423     0 )

				perform extended poll descent ...... no

			} end of extended poll

		} end of poll

		Mesh update {
			previous mesh index: 2
			new mesh index     : 3
		} 


		terminate MADS       : yes
		termination cause    : max mesh index
		iteration status     : unsuccessful
		new feas. incumbent  : none
		new infeas. incumbent: none

	} end of iteration 6

} end of run (max mesh index)

NOMAD final display {

	cache {
		number of cache points: 47
		size in memory        : 5.6 KB
		cache file            : -
	} 

	stats {
		MADS iterations                 : 7
		blackbox evaluations            : 47
		simulated blackbox evaluations  : 0
		evaluations                     : 240
		failed evaluations              : 8
		interrupted sequences of eval.  : 2
		cache hits                      : 193
		number of poll searches         : 7
		poll successes                  : 2
		poll points                     : 14
		number of extended polls        : 7
		number of ext. poll descents    : 0
		number of ext. poll successes   : 2
		number of ext. poll points      : 261
		number of ext. poll bb eval     : 38
		number of speculative searches  : 2
		speculative search successes    : 0
		speculative search points       : 0
		number of user searches         : 0
		number of LH searches           : 0
		number of cache searches        : 0
		number of VNS searches          : 0
		no model has been constructed
		wall-clock time                 : 2m 14s
	} 

	miscellaneous {
		mesh index      : min=-2, max=3, last=2
		best feas. sol  : ( 4551111 0 ) h=0 f=0.02728509903
		best infeas. sol: none
	} 
} 
