
NOMAD - version 3.5.1 - www.gerad.ca/nomad

Copyright (C) 2001-2012 {
	Mark A. Abramson     - The Boeing Company
	Charles Audet        - Ecole Polytechnique de Montreal
	Gilles Couture       - Ecole Polytechnique de Montreal
	John E. Dennis, Jr.  - Rice University
	Sebastien Le Digabel - Ecole Polytechnique de Montreal
	Christophe Tribes    - Ecole Polytechnique de Montreal
} 

Funded in part by AFOSR and Exxon Mobil.

License   : '$NOMAD_HOME/src/lgpl.txt'
User guide: '$NOMAD_HOME/doc/user_guide.pdf'
Examples  : '$NOMAD_HOME/examples'
Tools     : '$NOMAD_HOME/tools'

Please report bugs to nomad@gerad.ca

parameters {

	problem directory    : ./
	dimension            : n=2
	blackbox input types : (   cat(C)   int(I) )
	extended poll trigger: 0.1 (relative)
	neighbors executable : $python neighbors.py
	variable groups {
		group #0 {
			indexes: { 0 }
			no directions (categorical variables)
		} 
		group #1 {
			indexes: { 1 }
			directions {
				n             : 1
				types         : { [Ortho-MADS 2n] }
				sec poll types: { }
				halton_seed   : 3
			} 
		} 
	} 
	blackbox outputs (m=1) {
		#0          OBJ	$python blackbox.py
	} 
	signature                       : standard
	has surrogate                   : no
	add seed to output file names   : yes
	solution file                   : nomad-solution.9694.txt
	history file                    : none
	stats file                      : none
	cache file                      : none
	x0                              : ( 5.551151155e+14    0 )
	directions         : Ortho-MADS 2n
	user halton seed   : 3
	mesh {
		update basis       :   4
		coarsening exponent:   1
		refining exponent  :  -1
		initial mesh index :   0
		max mesh index     :   2
		initial mesh size  : (    1    1 )
		min poll size      : (  NaN    1 )
	} 
	snap to bounds                   : yes
	opportunistic evaluations        : yes
	use models                       : no
	speculative search               : yes
	VNS search                       : no
	Latin-Hypercube (LH) search      : no
	cache search                     : no
	random seed / run id             : 9694
	epsilon                          : 1e-13
	undefined string                 : NaN
	infinity string                  : inf
	display degrees {
		general  : full (3)
		search   : full (3)
		poll     : full (3)
		iterative: full (3)
	} 
	display stats                : EVAL BBE [ SOL, ] BBO TIME
	display all evaluations      : no
	point display limit          : no limit
	max number of blackbox eval. : 100
	max cache memory             : 2000 MB
} 

MADS run {

	starting point evaluation {

		x0 eval point: ( 5.551151155e+14  0 )

		list of points evaluation (x0 evaluation) {

			evaluation 1/1 {

				point #0 ( 5.551151155e+14  0 )


				x0 evaluation dominating point #0 {
					x    = ( 5.551151155e+14  0 )
					F(x) = [ 0.03118038177 ]
					h    = 0
					f    = 0.03118038177
				} 
			} 

		} end of evaluations


		terminate MADS       : no
		iteration status     : dominating
		new feas. incumbent  : #0 {
			x    = ( 5.551151155e+14  0 )
			F(x) = [ 0.03118038177 ]
			h    = 0
			f    = 0.03118038177
		} 
		new infeas. incumbent: none

	} end of starting point evaluation

	MADS iteration 0 {

		blackbox evaluations : 1
		best feas. solution  : ( 5.551151155e+14  0 ) h=0 f=0.03118038177
		best infeas. solution: none
		poll center          : ( 5.551151155e+14  0 )
		mesh size            : (  1  1 )
		poll size            : (  1  1 )
		mesh index           : 0
		h_max                : inf

		MADS search {
		} end of search

		MADS poll {

			poll center: ( 5.551151155e+14  0 )

			poll directions (include mesh size parameter) {
				dir 0 : (  0 -1 ) Ortho-MADS 2n
				dir 1 : (  0  1 ) Ortho-MADS 2n
			} 

			re-ordered list of 2 poll trial points {
				#1 : ( 5.551151155e+14 -1 ) (dir 0)
				#2 : ( 5.551151155e+14  1 ) (dir 1)
			} 

			list of points evaluation (poll) {

				evaluation 1/2 {

					point #1 ( 5.551151155e+14 -1 )
					direction  : (  0 -1 ) Ortho-MADS 2n
					mesh index : 0

					poll unsuccessful point #1: evaluation failed
				} 

				evaluation 2/2 {

					point #2 ( 5.551151155e+14  1 )
					direction  : (  0  1 ) Ortho-MADS 2n
					mesh index : 0

					poll unsuccessful point #2: evaluation failed
				} 

			} end of evaluations


			MADS extended poll {


				extended poll pts sorting {


					list of points evaluation (extended poll) {

						evaluation 1/47 {

							point #3 ( 4.551151155e+14  0 )
							mesh index : 0

							extended poll unsuccessful point #3 [ h=0 f=0.0363266468 ]
						} 

						evaluation 2/47 {

							point #4 ( 5.451151155e+14  0 )
							mesh index : 0


							extended poll dominating point #4 {
								x    = ( 5.451151155e+14  0 )
								F(x) = [ 0.02910208702 ]
								h    = 0
								f    = 0.02910208702
							} 

							opport. strategy: stop evaluations
						} 

					} end of evaluations


				} end of ext poll pts sorting (success)


			} end of extended poll

		} end of poll

		Mesh update {
			previous mesh index: 0
			new mesh index     : -1
		} 


		terminate MADS       : no
		iteration status     : dominating
		new feas. incumbent  : #4 {
			x    = ( 5.451151155e+14  0 )
			F(x) = [ 0.02910208702 ]
			h    = 0
			f    = 0.02910208702
		} 
		new infeas. incumbent: none

	} end of iteration 0

	MADS iteration 1 {

		blackbox evaluations : 5
		best feas. solution  : ( 5.451151155e+14  0 ) h=0 f=0.02910208702
		best infeas. solution: none
		poll center          : ( 5.451151155e+14  0 )
		mesh size            : (  1  1 )
		poll size            : (  2  2 )
		mesh index           : -1
		h_max                : inf

		MADS search {

			speculative search {

			} end of speculative search (unsuccessful)

		} end of search

		MADS poll {

			poll center: ( 5.451151155e+14  0 )

			poll directions (include mesh size parameter) {
				dir 0 : (  0 -1 ) Ortho-MADS 2n
				dir 1 : (  0  1 ) Ortho-MADS 2n
			} 

			re-ordered list of 2 poll trial points {
				#50 : ( 5.451151155e+14 -1 ) (dir 0)
				#51 : ( 5.451151155e+14  1 ) (dir 1)
			} 

			list of points evaluation (poll) {

				evaluation 1/2 {

					point #50 ( 5.451151155e+14 -1 )
					direction  : (  0 -1 ) Ortho-MADS 2n
					mesh index : -1

					poll unsuccessful point #50: evaluation failed
				} 

				evaluation 2/2 {

					point #51 ( 5.451151155e+14  1 )
					direction  : (  0  1 ) Ortho-MADS 2n
					mesh index : -1

					poll unsuccessful point #51: evaluation failed
				} 

			} end of evaluations


			MADS extended poll {


				extended poll pts sorting {


					list of points evaluation (extended poll) {

						evaluation 1/47 {

							point #52 ( 4.451151155e+14  0 )
							mesh index : -1


							extended poll dominating point #52 {
								x    = ( 4.451151155e+14  0 )
								F(x) = [ 0.02526307106 ]
								h    = 0
								f    = 0.02526307106
							} 

							opport. strategy: stop evaluations
						} 

					} end of evaluations


				} end of ext poll pts sorting (success)


			} end of extended poll

		} end of poll

		Mesh update {
			previous mesh index: -1
			new mesh index     : -2
		} 


		terminate MADS       : no
		iteration status     : dominating
		new feas. incumbent  : #52 {
			x    = ( 4.451151155e+14  0 )
			F(x) = [ 0.02526307106 ]
			h    = 0
			f    = 0.02526307106
		} 
		new infeas. incumbent: none

	} end of iteration 1

	MADS iteration 2 {

		blackbox evaluations : 8
		best feas. solution  : ( 4.451151155e+14  0 ) h=0 f=0.02526307106
		best infeas. solution: none
		poll center          : ( 4.451151155e+14  0 )
		mesh size            : (  1  1 )
		poll size            : (  4  4 )
		mesh index           : -2
		h_max                : inf

		MADS search {

			speculative search {

			} end of speculative search (unsuccessful)

		} end of search

		MADS poll {

			poll center: ( 4.451151155e+14  0 )

			poll directions (include mesh size parameter) {
				dir 0 : (  0 -4 ) Ortho-MADS 2n
				dir 1 : (  0  4 ) Ortho-MADS 2n
			} 

			re-ordered list of 2 poll trial points {
				# 99 : ( 4.451151155e+14 -4 ) (dir 0)
				#100 : ( 4.451151155e+14  4 ) (dir 1)
			} 

			list of points evaluation (poll) {

				evaluation 1/2 {

					point #99 ( 4.451151155e+14 -4 )
					direction  : (  0 -4 ) Ortho-MADS 2n
					mesh index : -2

					poll unsuccessful point #99: evaluation failed
				} 

				evaluation 2/2 {

					point #100 ( 4.451151155e+14  4 )
					direction  : (  0  4 ) Ortho-MADS 2n
					mesh index : -2

					poll unsuccessful point #100: evaluation failed
				} 

			} end of evaluations


			MADS extended poll {


				extended poll pts sorting {


					list of points evaluation (extended poll) {

						evaluation 1/47 {

							point #101 ( 5.451151155e+14  0 )
							mesh index : -2

							cache hit: #101 --> #4
							extended poll unsuccessful point #4 [ h=0 f=0.02910208702 ]
						} 

						evaluation 2/47 {

							point #102 ( 4.551151155e+14  0 )
							mesh index : -2

							cache hit: #102 --> #3
							extended poll unsuccessful point #3 [ h=0 f=0.0363266468 ]
						} 

						evaluation 3/47 {

							point #103 ( 4.441151155e+14  0 )
							mesh index : -2

							extended poll unsuccessful point #103 [ h=0 f=0.02562832832 ]
						} 

						evaluation 4/47 {

							point #104 ( 4.415115512e+12  0 )
							mesh index : -2

							extended poll unsuccessful point #104 [ h=0 f=0.0257191658 ]
						} 

						evaluation 5/47 {

							point #105 ( 4.415115512e+12  0 )
							mesh index : -2

							cache hit: #105 --> #104
							extended poll unsuccessful point #104 [ h=0 f=0.0257191658 ]
						} 

						evaluation 6/47 {

							point #106 ( 4.452151155e+14  0 )
							mesh index : -2

							extended poll unsuccessful point #106 [ h=0 f=0.03516793251 ]
						} 

						evaluation 7/47 {

							point #107 ( 4.453151155e+14  0 )
							mesh index : -2

							extended poll unsuccessful point #107 [ h=0 f=0.03240704536 ]
						} 

						evaluation 8/47 {

							point #108 ( 4.454231512e+16  0 )
							mesh index : -2

							extended poll unsuccessful point #108 [ h=0 f=0.03123021126 ]
						} 

						evaluation 9/47 {

							point #109 ( 4.455231512e+16  0 )
							mesh index : -2

							extended poll unsuccessful point #109 [ h=0 f=0.03623700142 ]
						} 

						evaluation 10/47 {

							point #110 ( 4.451251155e+14  0 )
							mesh index : -2

							extended poll unsuccessful point #110 [ h=0 f=0.04659938812 ]
						} 

						evaluation 11/47 {

							point #111 ( 4.451351155e+14  0 )
							mesh index : -2

							extended poll unsuccessful point #111 [ h=0 f=0.04393982887 ]
						} 

						evaluation 12/47 {

							point #112 ( 4.451423512e+16  0 )
							mesh index : -2

							extended poll unsuccessful point #112 [ h=0 f=0.0345518589 ]
						} 

						evaluation 13/47 {

							point #113 ( 4.451523512e+16  0 )
							mesh index : -2

							extended poll unsuccessful point #113 [ h=0 f=0.03429889679 ]
						} 

						evaluation 14/47 {

							point #114 ( 4.451141155e+14  0 )
							mesh index : -2

							extended poll unsuccessful point #114 [ h=0 f=0.02975869179 ]
						} 

						evaluation 15/47 {

							point #115 ( 4.451115512e+12  0 )
							mesh index : -2

							extended poll unsuccessful point #115 [ h=0 f=0.02654075623 ]
						} 

						evaluation 16/47 {

							point #116 ( 4.451115512e+12  0 )
							mesh index : -2

							cache hit: #116 --> #115
							extended poll unsuccessful point #115 [ h=0 f=0.02654075623 ]
						} 

						evaluation 17/47 {

							point #117 ( 4.451152155e+14  0 )
							mesh index : -2

							extended poll unsuccessful point #117 [ h=0 f=0.04496884346 ]
						} 

						evaluation 18/47 {

							point #118 ( 4.451153155e+14  0 )
							mesh index : -2

							extended poll unsuccessful point #118 [ h=0 f=0.03261804581 ]
						} 

						evaluation 19/47 {

							point #119 ( 4.451154232e+16  0 )
							mesh index : -2

							extended poll unsuccessful point #119 [ h=0 f=0.03754639626 ]
						} 

						evaluation 20/47 {

							point #120 ( 4.451155232e+16  0 )
							mesh index : -2

							extended poll unsuccessful point #120 [ h=0 f=0.03187918663 ]
						} 

						evaluation 21/47 {

							point #121 ( 4.451151255e+14  0 )
							mesh index : -2

							extended poll unsuccessful point #121 [ h=0 f=0.03546023369 ]
						} 

						evaluation 22/47 {

							point #122 ( 4.451151355e+14  0 )
							mesh index : -2

							extended poll unsuccessful point #122 [ h=0 f=0.04777884483 ]
						} 

						evaluation 23/47 {

							point #123 ( 4.451151424e+16  0 )
							mesh index : -2

							extended poll unsuccessful point #123 [ h=0 f=0.03339505196 ]
						} 

						evaluation 24/47 {

							point #124 ( 4.451151524e+16  0 )
							mesh index : -2

							extended poll unsuccessful point #124 [ h=0 f=0.03117227554 ]
						} 

						evaluation 25/47 {

							point #125 ( 4.451151145e+14  0 )
							mesh index : -2

							extended poll unsuccessful point #125 [ h=0 f=0.02614879608 ]
						} 

						evaluation 26/47 {

							point #126 ( 4.451151154e+14  0 )
							mesh index : -2

							extended poll unsuccessful point #126 [ h=0 f=0.0259718895 ]
						} 

						evaluation 27/47 {

							point #127 ( 4.451151152e+12  0 )
							mesh index : -2


							extended poll dominating point #127 {
								x    = ( 4.451151152e+12  0 )
								F(x) = [ 0.02516150475 ]
								h    = 0
								f    = 0.02516150475
							} 

							opport. strategy: stop evaluations
						} 

					} end of evaluations


				} end of ext poll pts sorting (success)


			} end of extended poll

		} end of poll

		Mesh update {
			previous mesh index: -2
			new mesh index     : -3
		} 


		terminate MADS       : no
		iteration status     : dominating
		new feas. incumbent  : #127 {
			x    = ( 4.451151152e+12  0 )
			F(x) = [ 0.02516150475 ]
			h    = 0
			f    = 0.02516150475
		} 
		new infeas. incumbent: none

	} end of iteration 2

	MADS iteration 3 {

		blackbox evaluations : 33
		best feas. solution  : ( 4.451151152e+12  0 ) h=0 f=0.02516150475
		best infeas. solution: none
		poll center          : ( 4.451151152e+12  0 )
		mesh size            : (  1  1 )
		poll size            : (  8  8 )
		mesh index           : -3
		h_max                : inf

		MADS search {

			speculative search {

			} end of speculative search (unsuccessful)

		} end of search

		MADS poll {

			poll center: ( 4.451151152e+12  0 )

			poll directions (include mesh size parameter) {
				dir 0 : (  0 -4 ) Ortho-MADS 2n
				dir 1 : (  0  4 ) Ortho-MADS 2n
			} 

			re-ordered list of 2 poll trial points {
				#148 : ( 4.451151152e+12 -4 ) (dir 0)
				#149 : ( 4.451151152e+12  4 ) (dir 1)
			} 

			list of points evaluation (poll) {

				evaluation 1/2 {

					point #148 ( 4.451151152e+12 -4 )
					direction  : (  0 -4 ) Ortho-MADS 2n
					mesh index : -3

					poll unsuccessful point #148: evaluation failed
				} 

				evaluation 2/2 {

					point #149 ( 4.451151152e+12  4 )
					direction  : (  0  4 ) Ortho-MADS 2n
					mesh index : -3

					poll unsuccessful point #149: evaluation failed
				} 

			} end of evaluations


			MADS extended poll {


				extended poll pts sorting {


					list of points evaluation (extended poll) {

						evaluation 1/40 {

							point #150 ( 5.451151152e+12  0 )
							mesh index : -3

							extended poll unsuccessful point #150 [ h=0 f=0.02553582191 ]
						} 

						evaluation 2/40 {

							point #151 ( 4.551151152e+12  0 )
							mesh index : -3

							extended poll unsuccessful point #151 [ h=0 f=0.02619194984 ]
						} 

						evaluation 3/40 {

							point #152 ( 4.441151152e+12  0 )
							mesh index : -3

							extended poll unsuccessful point #152 [ h=0 f=0.02522706985 ]
						} 

						evaluation 4/40 {

							point #153 ( 4.415115151e+10  0 )
							mesh index : -3

							extended poll unsuccessful point #153 [ h=0 f=0.02973198891 ]
						} 

						evaluation 5/40 {

							point #154 ( 4.415115151e+10  0 )
							mesh index : -3

							cache hit: #154 --> #153
							extended poll unsuccessful point #153 [ h=0 f=0.02973198891 ]
						} 

						evaluation 6/40 {

							point #155 ( 4.452151152e+12  0 )
							mesh index : -3

							extended poll unsuccessful point #155 [ h=0 f=0.03653979301 ]
						} 

						evaluation 7/40 {

							point #156 ( 4.453151152e+12  0 )
							mesh index : -3

							extended poll unsuccessful point #156 [ h=0 f=0.03353476524 ]
						} 

						evaluation 8/40 {

							point #157 ( 4.454231512e+14  0 )
							mesh index : -3

							extended poll unsuccessful point #157 [ h=0 f=0.03536272049 ]
						} 

						evaluation 9/40 {

							point #158 ( 4.455231512e+14  0 )
							mesh index : -3

							extended poll unsuccessful point #158 [ h=0 f=0.04011034966 ]
						} 

						evaluation 10/40 {

							point #159 ( 4.451251152e+12  0 )
							mesh index : -3

							extended poll unsuccessful point #159 [ h=0 f=0.03826594353 ]
						} 

						evaluation 11/40 {

							point #160 ( 4.451351152e+12  0 )
							mesh index : -3

							extended poll unsuccessful point #160 [ h=0 f=0.0342168808 ]
						} 

						evaluation 12/40 {

							point #161 ( 4.451423512e+14  0 )
							mesh index : -3

							extended poll unsuccessful point #161 [ h=0 f=0.03327798843 ]
						} 

						evaluation 13/40 {

							point #162 ( 4.451523512e+14  0 )
							mesh index : -3

							extended poll unsuccessful point #162 [ h=0 f=0.03056502342 ]
						} 

						evaluation 14/40 {

							point #163 ( 4.451141152e+12  0 )
							mesh index : -3

							extended poll unsuccessful point #163 [ h=0 f=0.02570390701 ]
						} 

						evaluation 15/40 {

							point #164 ( 4.451115151e+10  0 )
							mesh index : -3

							extended poll unsuccessful point #164 [ h=0 f=0.025796175 ]
						} 

						evaluation 16/40 {

							point #165 ( 4.451115151e+10  0 )
							mesh index : -3

							cache hit: #165 --> #164
							extended poll unsuccessful point #164 [ h=0 f=0.025796175 ]
						} 

						evaluation 17/40 {

							point #166 ( 4.451152152e+12  0 )
							mesh index : -3

							extended poll unsuccessful point #166 [ h=0 f=0.03755927086 ]
						} 

						evaluation 18/40 {

							point #167 ( 4.451153152e+12  0 )
							mesh index : -3

							extended poll unsuccessful point #167 [ h=0 f=0.0385286808 ]
						} 

						evaluation 19/40 {

							point #168 ( 4.451154232e+14  0 )
							mesh index : -3

							extended poll unsuccessful point #168 [ h=0 f=0.0319082737 ]
						} 

						evaluation 20/40 {

							point #169 ( 4.451155232e+14  0 )
							mesh index : -3

							extended poll unsuccessful point #169 [ h=0 f=0.03166723251 ]
						} 

						evaluation 21/40 {

							point #170 ( 4.451151252e+12  0 )
							mesh index : -3

							extended poll unsuccessful point #170 [ h=0 f=0.03660607338 ]
						} 

						evaluation 22/40 {

							point #171 ( 4.451151352e+12  0 )
							mesh index : -3

							extended poll unsuccessful point #171 [ h=0 f=0.03435635567 ]
						} 

						evaluation 23/40 {

							point #172 ( 4.451151424e+14  0 )
							mesh index : -3

							extended poll unsuccessful point #172 [ h=0 f=0.03211593628 ]
						} 

						evaluation 24/40 {

							point #173 ( 4.451151524e+14  0 )
							mesh index : -3

							extended poll unsuccessful point #173 [ h=0 f=0.03152918816 ]
						} 

						evaluation 25/40 {

							point #174 ( 4.451151142e+12  0 )
							mesh index : -3

							extended poll unsuccessful point #174 [ h=0 f=0.02901268005 ]
						} 

						evaluation 26/40 {

							point #175 ( 4.451151153e+12  0 )
							mesh index : -3

							extended poll unsuccessful point #175 [ h=0 f=0.03476595879 ]
						} 

						evaluation 27/40 {

							point #176 ( 4.451151154e+12  0 )
							mesh index : -3

							extended poll unsuccessful point #176 [ h=0 f=0.03977203369 ]
						} 

						evaluation 28/40 {

							point #177 ( 4.451151154e+14  0 )
							mesh index : -3

							extended poll unsuccessful point #177 [ h=0 f=0.04764389992 ]
						} 

						evaluation 29/40 {

							point #178 ( 4.451151155e+14  0 )
							mesh index : -3

							extended poll unsuccessful point #178 [ h=0 f=0.0323073864 ]
						} 

						evaluation 30/40 {

							point #179 ( 4.451151151e+12  0 )
							mesh index : -3

							extended poll unsuccessful point #179 [ h=0 f=0.02588319778 ]
						} 

						evaluation 31/40 {

							point #180 ( 4.451151151e+10  0 )
							mesh index : -3


							extended poll dominating point #180 {
								x    = ( 4.451151151e+10  0 )
								F(x) = [ 0.0249671936 ]
								h    = 0
								f    = 0.0249671936
							} 

							opport. strategy: stop evaluations
						} 

					} end of evaluations


				} end of ext poll pts sorting (success)


			} end of extended poll

		} end of poll

		Mesh update {
			previous mesh index: -3
			new mesh index     : -4
		} 


		terminate MADS       : no
		iteration status     : dominating
		new feas. incumbent  : #180 {
			x    = ( 4.451151151e+10  0 )
			F(x) = [ 0.0249671936 ]
			h    = 0
			f    = 0.0249671936
		} 
		new infeas. incumbent: none

	} end of iteration 3

	MADS iteration 4 {

		blackbox evaluations : 64
		best feas. solution  : ( 4.451151151e+10  0 ) h=0 f=0.0249671936
		best infeas. solution: none
		poll center          : ( 4.451151151e+10  0 )
		mesh size            : (  1  1 )
		poll size            : ( 16 16 )
		mesh index           : -4
		h_max                : inf

		MADS search {

			speculative search {

			} end of speculative search (unsuccessful)

		} end of search

		MADS poll {

			poll center: ( 4.451151151e+10  0 )

			poll directions (include mesh size parameter) {
				dir 0 : (  0 -16 ) Ortho-MADS 2n
				dir 1 : (  0 16 ) Ortho-MADS 2n
			} 

			re-ordered list of 2 poll trial points {
				#190 : ( 4.451151151e+10 -16 ) (dir 0)
				#191 : ( 4.451151151e+10 16 ) (dir 1)
			} 

			list of points evaluation (poll) {

				evaluation 1/2 {

					point #190 ( 4.451151151e+10 -16 )
					direction  : (  0 -16 ) Ortho-MADS 2n
					mesh index : -4

					poll unsuccessful point #190: evaluation failed
				} 

				evaluation 2/2 {

					point #191 ( 4.451151151e+10 16 )
					direction  : (  0 16 ) Ortho-MADS 2n
					mesh index : -4

					poll unsuccessful point #191: evaluation failed
				} 

			} end of evaluations


			MADS extended poll {


				extended poll pts sorting {


					list of points evaluation (extended poll) {

						evaluation 1/35 {

							point #192 ( 5.451151151e+10  0 )
							mesh index : -4

							extended poll unsuccessful point #192 [ h=0 f=0.02533388138 ]
						} 

						evaluation 2/35 {

							point #193 ( 4.551151151e+10  0 )
							mesh index : -4

							extended poll unsuccessful point #193 [ h=0 f=0.02868914604 ]
						} 

						evaluation 3/35 {

							point #194 ( 4.441151151e+10  0 )
							mesh index : -4

							extended poll unsuccessful point #194 [ h=0 f=0.02642035484 ]
						} 

						evaluation 4/35 {

							point #195 ( 441511511  0 )
							mesh index : -4

							extended poll unsuccessful point #195 [ h=0 f=0.02524900436 ]
						} 

						evaluation 5/35 {

							point #196 ( 441511511  0 )
							mesh index : -4

							cache hit: #196 --> #195
							extended poll unsuccessful point #195 [ h=0 f=0.02524900436 ]
						} 

						evaluation 6/35 {

							point #197 ( 4.452151151e+10  0 )
							mesh index : -4

							extended poll unsuccessful point #197 [ h=0 f=0.03680872917 ]
						} 

						evaluation 7/35 {

							point #198 ( 4.453151151e+10  0 )
							mesh index : -4

							extended poll unsuccessful point #198 [ h=0 f=0.03194594383 ]
						} 

						evaluation 8/35 {

							point #199 ( 4.454231512e+12  0 )
							mesh index : -4

							extended poll unsuccessful point #199 [ h=0 f=0.03290843964 ]
						} 

						evaluation 9/35 {

							point #200 ( 4.455231512e+12  0 )
							mesh index : -4

							extended poll unsuccessful point #200 [ h=0 f=0.03338527679 ]
						} 

						evaluation 10/35 {

							point #201 ( 4.451251151e+10  0 )
							mesh index : -4

							extended poll unsuccessful point #201 [ h=0 f=0.03571081161 ]
						} 

						evaluation 11/35 {

							point #202 ( 4.451351151e+10  0 )
							mesh index : -4

							extended poll unsuccessful point #202 [ h=0 f=0.03675675392 ]
						} 

						evaluation 12/35 {

							point #203 ( 4.451423512e+12  0 )
							mesh index : -4

							extended poll unsuccessful point #203 [ h=0 f=0.03154420853 ]
						} 

						evaluation 13/35 {

							point #204 ( 4.451523512e+12  0 )
							mesh index : -4

							extended poll unsuccessful point #204 [ h=0 f=0.03140974045 ]
						} 

						evaluation 14/35 {

							point #205 ( 4.451141151e+10  0 )
							mesh index : -4

							extended poll unsuccessful point #205 [ h=0 f=0.02556228638 ]
						} 

						evaluation 15/35 {

							point #206 ( 445111511  0 )
							mesh index : -4

							extended poll unsuccessful point #206 [ h=0 f=0.02534484863 ]
						} 

						evaluation 16/35 {

							point #207 ( 445111511  0 )
							mesh index : -4

							cache hit: #207 --> #206
							extended poll unsuccessful point #206 [ h=0 f=0.02534484863 ]
						} 

						evaluation 17/35 {

							point #208 ( 4.451152151e+10  0 )
							mesh index : -4

							extended poll unsuccessful point #208 [ h=0 f=0.03634166718 ]
						} 

						evaluation 18/35 {

							point #209 ( 4.451153151e+10  0 )
							mesh index : -4

							extended poll unsuccessful point #209 [ h=0 f=0.03582835197 ]
						} 

						evaluation 19/35 {

							point #210 ( 4.451154232e+12  0 )
							mesh index : -4

							extended poll unsuccessful point #210 [ h=0 f=0.03613519669 ]
						} 

						evaluation 20/35 {

							point #211 ( 4.451155232e+12  0 )
							mesh index : -4

							extended poll unsuccessful point #211 [ h=0 f=0.03063988686 ]
						} 

						evaluation 21/35 {

							point #212 ( 4.451151251e+10  0 )
							mesh index : -4

							extended poll unsuccessful point #212 [ h=0 f=0.04593777657 ]
						} 

						evaluation 22/35 {

							point #213 ( 4.451151351e+10  0 )
							mesh index : -4

							extended poll unsuccessful point #213 [ h=0 f=0.03509902954 ]
						} 

						evaluation 23/35 {

							point #214 ( 4.451151424e+12  0 )
							mesh index : -4

							extended poll unsuccessful point #214 [ h=0 f=0.03300261497 ]
						} 

						evaluation 24/35 {

							point #215 ( 4.451151524e+12  0 )
							mesh index : -4

							extended poll unsuccessful point #215 [ h=0 f=0.03385186195 ]
						} 

						evaluation 25/35 {

							point #216 ( 4.451151141e+10  0 )
							mesh index : -4

							extended poll unsuccessful point #216 [ h=0 f=0.02511382103 ]
						} 

						evaluation 26/35 {

							point #217 ( 445115111  0 )
							mesh index : -4

							extended poll unsuccessful point #217 [ h=0 f=0.03484988213 ]
						} 

						evaluation 27/35 {

							point #218 ( 445115111  0 )
							mesh index : -4

							cache hit: #218 --> #217
							extended poll unsuccessful point #217 [ h=0 f=0.03484988213 ]
						} 

						evaluation 28/35 {

							point #219 ( 4.451151152e+10  0 )
							mesh index : -4

							extended poll unsuccessful point #219 [ h=0 f=0.02718091011 ]
						} 

						evaluation 29/35 {

							point #220 ( 4.451151153e+10  0 )
							mesh index : -4

							extended poll unsuccessful point #220 [ h=0 f=0.04495739937 ]
						} 

						evaluation 30/35 {

							point #221 ( 4.451151154e+12  0 )
							mesh index : -4

							extended poll unsuccessful point #221 [ h=0 f=0.04602599144 ]
						} 

						evaluation 31/35 {

							point #222 ( 4.451151155e+12  0 )
							mesh index : -4

							extended poll unsuccessful point #222 [ h=0 f=0.03608846664 ]
						} 

						evaluation 32/35 {

							point #223 ( 4.451151151e+10  0 )
							mesh index : -4

							extended poll unsuccessful point #223 [ h=0 f=0.02938079834 ]
						} 

						evaluation 33/35 {

							point #224 ( 4.451151151e+10  0 )
							mesh index : -4

							extended poll unsuccessful point #224 [ h=0 f=0.03694391251 ]
						} 

						evaluation 34/35 {

							point #225 ( 4.451151151e+12  0 )
							mesh index : -4

							extended poll unsuccessful point #225 [ h=0 f=0.04131555557 ]
						} 

						evaluation 35/35 {

							point #226 ( 4.451151152e+12  0 )
							mesh index : -4

							extended poll unsuccessful point #226 [ h=0 f=0.03223919868 ]
						} 

					} end of evaluations


					sorted ext poll pts {

						point # 1/32 : ( 4.451151141e+10     0 )
						point # 2/32 : ( 441511511     0 )
						point # 3/32 : ( 5.451151151e+10     0 )
						point # 4/32 : ( 445111511     0 )
						point # 5/32 : ( 4.451141151e+10     0 )
						point # 6/32 : ( 4.441151151e+10     0 )
						point # 7/32 : ( 4.451151152e+10     0 )
						point # 8/32 : ( 4.551151151e+10     0 )
						point # 9/32 : ( 4.451151151e+10     0 )
						point #10/32 : ( 4.451155232e+12     0 )
						point #11/32 : ( 4.451523512e+12     0 )
						point #12/32 : ( 4.451423512e+12     0 )
						point #13/32 : ( 4.453151151e+10     0 )
						point #14/32 : ( 4.451151152e+12     0 )
						point #15/32 : ( 4.454231512e+12     0 )
						point #16/32 : ( 4.451151424e+12     0 )
						point #17/32 : ( 4.455231512e+12     0 )
						point #18/32 : ( 4.451151524e+12     0 )
						point #19/32 : ( 445115111     0 )
						point #20/32 : ( 4.451151351e+10     0 )
						point #21/32 : ( 4.451251151e+10     0 )
						point #22/32 : ( 4.451153151e+10     0 )
						point #23/32 : ( 4.451151155e+12     0 )
						point #24/32 : ( 4.451154232e+12     0 )
						point #25/32 : ( 4.451152151e+10     0 )
						point #26/32 : ( 4.451351151e+10     0 )
						point #27/32 : ( 4.452151151e+10     0 )
						point #28/32 : ( 4.451151151e+10     0 )
						point #29/32 : ( 4.451151151e+12     0 )
						point #30/32 : ( 4.451151153e+10     0 )
						point #31/32 : ( 4.451151251e+10     0 )
						point #32/32 : ( 4.451151154e+12     0 )

					} 


				} end of ext poll pts sorting


				extended poll point eval {

					extended poll point = ( 4.451151141e+10     0 )

					list of points evaluation (extended poll) {

						evaluation 1/1 {

							point #227 ( 4.451151141e+10  0 )
							mesh index : -4

							cache hit: #227 --> #216
							extended poll unsuccessful point #216 [ h=0 f=0.02511382103 ]
						} 

					} end of evaluations


				} 


				extended poll center: ( 4.451151141e+10     0 )

				perform extended poll descent ...... yes

				extended poll descent {

					       iteration = 4
					 blackbox eval.  = 98
					      mesh index = -4
					ext. poll center = ( 4.451151141e+10     0 ) f=0.02511382103 h=0


					MADS run {

						98+BBE	OBJ	(ext-poll)

						98+0	0.0251138210	(ext-poll)
						98+2	0.0251138210	(ext-poll)

					} end of run (max number of blackbox evaluations)

					blackbox evaluations    : 2
					best feasible solution  : ( 4.451151141e+10 0 ) h=0 f=0.02511382103

				} end of extended poll descent (unsuccessful)


			} end of extended poll

		} end of poll

		terminate MADS       : yes
		termination cause    : max number of blackbox evaluations
		iteration status     : unsuccessful
		new feas. incumbent  : none
		new infeas. incumbent: none

	} end of iteration 4

} end of run (max number of blackbox evaluations)

NOMAD final display {

	cache {
		number of cache points: 100
		size in memory        : 11.7 KB
		cache file            : -
	} 

	stats {
		MADS iterations                 : 5
		blackbox evaluations            : 100
		simulated blackbox evaluations  : 0
		evaluations                     : 111
		failed evaluations              : 12
		interrupted sequences of eval.  : 4
		cache hits                      : 11
		number of poll searches         : 5
		poll successes                  : 4
		poll points                     : 10
		number of extended polls        : 5
		number of ext. poll descents    : 1
		number of ext. poll successes   : 4
		number of ext. poll points      : 220
		number of ext. poll bb eval     : 89
		number of speculative searches  : 4
		speculative search successes    : 0
		speculative search points       : 0
		number of user searches         : 0
		number of LH searches           : 0
		number of cache searches        : 0
		number of VNS searches          : 0
		no model has been constructed
		wall-clock time                 : 5m 27s
	} 

	miscellaneous {
		mesh index      : min=-4, max=0, last=-4
		best feas. sol  : ( 4.451151151e+10 0 ) h=0 f=0.0249671936
		best infeas. sol: none
	} 
} 
