
NOMAD - version 3.5.1 - www.gerad.ca/nomad

Copyright (C) 2001-2012 {
	Mark A. Abramson     - The Boeing Company
	Charles Audet        - Ecole Polytechnique de Montreal
	Gilles Couture       - Ecole Polytechnique de Montreal
	John E. Dennis, Jr.  - Rice University
	Sebastien Le Digabel - Ecole Polytechnique de Montreal
	Christophe Tribes    - Ecole Polytechnique de Montreal
} 

Funded in part by AFOSR and Exxon Mobil.

License   : '$NOMAD_HOME/src/lgpl.txt'
User guide: '$NOMAD_HOME/doc/user_guide.pdf'
Examples  : '$NOMAD_HOME/examples'
Tools     : '$NOMAD_HOME/tools'

Please report bugs to nomad@gerad.ca

parameters {

	problem directory    : ./
	dimension            : n=2
	blackbox input types : (   cat(C)   int(I) )
	extended poll trigger: 0.10000000000000000555 (relative)
	neighbors executable : $python neighbors.py
	variable groups {
		group #0 {
			indexes: { 0 }
			no directions (categorical variables)
		} 
		group #1 {
			indexes: { 1 }
			directions {
				n             : 1
				types         : { [Ortho-MADS 2n] }
				sec poll types: { }
				halton_seed   : 3
			} 
		} 
	} 
	blackbox outputs (m=1) {
		#0          OBJ	$python blackbox.py	$python surrogate.py
	} 
	signature                       : standard
	has surrogate                   : yes
	sort trial points with surrogate: yes
	surrogate cost                  : none
	add seed to output file names   : yes
	solution file                   : nomad-solution.11711.txt
	history file                    : none
	stats file                      : none
	cache file                      : none
	x0                              : ( 220910    0 )
	directions         : Ortho-MADS 2n
	user halton seed   : 3
	mesh {
		update basis       :   4
		coarsening exponent:   1
		refining exponent  :  -1
		initial mesh index :   0
		max mesh index     :   2
		initial mesh size  : (    1    1 )
		min poll size      : (  NaN    1 )
	} 
	snap to bounds                   : yes
	opportunistic evaluations        : yes
	use models                       : no
	speculative search               : yes
	VNS search                       : no
	Latin-Hypercube (LH) search      : no
	cache search                     : no
	random seed / run id             : 11711
	epsilon                          : 1.0000000000000000304e-13
	undefined string                 : NaN
	infinity string                  : inf
	display degrees {
		general  : full (3)
		search   : full (3)
		poll     : full (3)
		iterative: full (3)
	} 
	display stats                : EVAL BBE [ SOL, ] BBO TIME
	display all evaluations      : no
	point display limit          : no limit
	max number of blackbox eval. : 100
	max cache memory             : 2000 MB
} 

MADS run {

	starting point evaluation {

		x0 eval point: ( 220910  0 )

		list of points evaluation (x0 evaluation) {

			evaluation 1/1 {

				point #0 ( 220910  0 )


				x0 evaluation dominating point #0 {
					x    = ( 220910  0 )
					F(x) = [ 0.011810629367800000097 ]
					h    = 0
					f    = 0.011810629367800000097
				} 
			} 

		} end of evaluations


		terminate MADS       : no
		iteration status     : dominating
		new feas. incumbent  : #0 {
			x    = ( 220910  0 )
			F(x) = [ 0.011810629367800000097 ]
			h    = 0
			f    = 0.011810629367800000097
		} 
		new infeas. incumbent: none

	} end of starting point evaluation

	MADS iteration 0 {

		blackbox evaluations : 1
		best feas. solution  : ( 220910  0 ) h=0 f=0.011810629367800000097
		best infeas. solution: none
		poll center          : ( 220910  0 )
		mesh size            : (  1  1 )
		poll size            : (  1  1 )
		mesh index           : 0
		h_max                : inf

		MADS search {
		} end of search

		MADS poll {

			poll center: ( 220910  0 )

			poll directions (include mesh size parameter) {
				dir 0 : (  0 -1 ) Ortho-MADS 2n
				dir 1 : (  0  1 ) Ortho-MADS 2n
			} 

			re-ordered list of 2 poll trial points {
				#1 : ( 220910 -1 ) (dir 0)
				#2 : ( 220910  1 ) (dir 1)
			} 

			list of points evaluation (poll) {

				surrogate evaluation 1/2 {

					point #1 ( 220910 -1 )
					direction  : (  0 -1 ) Ortho-MADS 2n
					mesh index : 0


					point #1 sgte eval: failed
				} 

				surrogate evaluation 2/2 {

					point #2 ( 220910  1 )
					direction  : (  0  1 ) Ortho-MADS 2n
					mesh index : 0


					point #2 sgte eval: failed
				} 

			} end of evaluations

			re-ordered list of 2 poll trial points {

				#3: ( 220910 -1 ) (dir 0)
				#4: ( 220910  1 ) (dir 1)
			} 

			list of points evaluation (poll) {

				evaluation 1/2 {

					point #3 ( 220910 -1 )
					direction  : (  0 -1 ) Ortho-MADS 2n
					mesh index : 0

					poll unsuccessful point #3: evaluation failed
				} 

				evaluation 2/2 {

					point #4 ( 220910  1 )
					direction  : (  0  1 ) Ortho-MADS 2n
					mesh index : 0

					poll unsuccessful point #4: evaluation failed
				} 

			} end of evaluations


			MADS extended poll {


				extended poll pts sorting (on surrogates) {


					list of points evaluation (extended poll) {

						surrogate evaluation 1/23 {

							point #5 ( 267566  0 )
							mesh index : 0


							point #5 sgte eval: h=0 f=0.012919592857400000532
						} 

						surrogate evaluation 2/23 {

							point #6 ( 228686  0 )
							mesh index : 0


							point #6 sgte eval: h=0 f=0.013009619712799999625
						} 

						surrogate evaluation 3/23 {

							point #7 ( 5774  0 )
							mesh index : 0


							point #7 sgte eval: h=0 f=0.01196844577790000079
						} 

						surrogate evaluation 4/23 {

							point #8 ( 5774  0 )
							mesh index : 0

							surrogate cache hit: #8 --> #7

							point #7 sgte eval: h=0 f=0.01196844577790000079
						} 

						surrogate evaluation 5/23 {

							point #9 ( 219614  0 )
							mesh index : 0


							point #9 sgte eval: h=0 f=0.016132783889799998805
						} 

						surrogate evaluation 6/23 {

							point #10 ( 222206  0 )
							mesh index : 0


							point #10 sgte eval: h=0 f=0.017013573646499999953
						} 

						surrogate evaluation 7/23 {

							point #11 ( 8037086  0 )
							mesh index : 0


							point #11 sgte eval: h=0 f=0.01473627090450000017
						} 

						surrogate evaluation 8/23 {

							point #12 ( 8083742  0 )
							mesh index : 0


							point #12 sgte eval: h=0 f=0.014674162864700000114
						} 

						surrogate evaluation 9/23 {

							point #13 ( 220694  0 )
							mesh index : 0


							point #13 sgte eval: h=0 f=0.013302636146499999259
						} 

						surrogate evaluation 10/23 {

							point #14 ( 221126  0 )
							mesh index : 0


							point #14 sgte eval: h=0 f=0.013992190361000000562
						} 

						surrogate evaluation 11/23 {

							point #15 ( 7964726  0 )
							mesh index : 0


							point #15 sgte eval: h=0 f=0.013400697708100000119
						} 

						surrogate evaluation 12/23 {

							point #16 ( 7972502  0 )
							mesh index : 0


							point #16 sgte eval: h=0 f=0.01315028667449999987
						} 

						surrogate evaluation 13/23 {

							point #17 ( 220946  0 )
							mesh index : 0


							point #17 sgte eval: h=0 f=0.014188027381900000096
						} 

						surrogate evaluation 14/23 {

							point #18 ( 6134  0 )
							mesh index : 0


							point #18 sgte eval: h=0 f=0.014199018478399999185
						} 

						surrogate evaluation 15/23 {

							point #19 ( 6134  0 )
							mesh index : 0

							surrogate cache hit: #19 --> #18

							point #18 sgte eval: h=0 f=0.014199018478399999185
						} 

						surrogate evaluation 16/23 {

							point #20 ( 220904  0 )
							mesh index : 0


							point #20 sgte eval: h=0 f=0.012937307357800000018
						} 

						surrogate evaluation 17/23 {

							point #21 ( 220916  0 )
							mesh index : 0


							point #21 sgte eval: h=0 f=0.014569282531699999372
						} 

						surrogate evaluation 18/23 {

							point #22 ( 7953176  0 )
							mesh index : 0


							point #22 sgte eval: h=0 f=0.01372447013850000043
						} 

						surrogate evaluation 19/23 {

							point #23 ( 7953392  0 )
							mesh index : 0


							point #23 sgte eval: h=0 f=0.013316440582300000453
						} 

						surrogate evaluation 20/23 {

							point #24 ( 220909  0 )
							mesh index : 0


							point #24 sgte eval: h=0 f=0.013228631019599999818
						} 

						surrogate evaluation 21/23 {

							point #25 ( 220911  0 )
							mesh index : 0


							point #25 sgte eval: h=0 f=0.013748502731300000709
						} 

						surrogate evaluation 22/23 {

							point #26 ( 7952841  0 )
							mesh index : 0


							point #26 sgte eval: h=0 f=0.013455009460399999788
						} 

						surrogate evaluation 23/23 {

							point #27 ( 7952877  0 )
							mesh index : 0


							point #27 sgte eval: h=0 f=0.013247776031499999827
						} 

					} end of evaluations


					sorted ext poll pts {

						point # 1/21 : (  5774     0 )
						point # 2/21 : ( 267566     0 )
						point # 3/21 : ( 220904     0 )
						point # 4/21 : ( 228686     0 )
						point # 5/21 : ( 7972502     0 )
						point # 6/21 : ( 220909     0 )
						point # 7/21 : ( 7952877     0 )
						point # 8/21 : ( 220694     0 )
						point # 9/21 : ( 7953392     0 )
						point #10/21 : ( 7964726     0 )
						point #11/21 : ( 7952841     0 )
						point #12/21 : ( 7953176     0 )
						point #13/21 : ( 220911     0 )
						point #14/21 : ( 221126     0 )
						point #15/21 : ( 220946     0 )
						point #16/21 : (  6134     0 )
						point #17/21 : ( 220916     0 )
						point #18/21 : ( 8083742     0 )
						point #19/21 : ( 8037086     0 )
						point #20/21 : ( 219614     0 )
						point #21/21 : ( 222206     0 )

					} 


				} end of ext poll pts sorting (on surrogates)


				extended poll point eval {

					extended poll point = (  5774     0 )

					list of points evaluation (extended poll) {

						evaluation 1/1 {

							point #28 ( 5774  0 )
							mesh index : 0

							extended poll unsuccessful point #28 [ h=0 f=0.012112271785700000695 ]
						} 

					} end of evaluations


				} 


				extended poll center: (  5774     0 )

				perform extended poll descent ...... yes

				extended poll descent (on surrogates) {

					       iteration = 0
					 blackbox eval.  = 4
					      sgte eval. = 23
					      mesh index = 0
					ext. poll center = (  5774     0 ) f=0.012112271785700000695 h=0


					MADS run {

						23+SGTE	OBJ	(ext-poll--surrogate)

						23+ 0	0.01196844577790000079	(ext-poll--surrogate)

					} end of run (max mesh index)

					blackbox evaluations    : 0
					best feasible solution  : ( 5774 0 ) h=0 f=0.01196844577790000079

				} end of extended poll descent (unsuccessful)


				extended poll point eval {

					extended poll point = ( 267566     0 )

					list of points evaluation (extended poll) {

						evaluation 1/1 {

							point #29 ( 267566  0 )
							mesh index : 0

							extended poll unsuccessful point #29 [ h=0 f=0.012044079303700000114 ]
						} 

					} end of evaluations


				} 


				extended poll center: ( 267566     0 )

				perform extended poll descent ...... yes

				extended poll descent (on surrogates) {

					       iteration = 0
					 blackbox eval.  = 5
					      sgte eval. = 25
					      mesh index = 0
					ext. poll center = ( 267566     0 ) f=0.012044079303700000114 h=0


					MADS run {

						25+SGTE	OBJ	(ext-poll--surrogate)

						25+ 0	0.01291959285740000053	(ext-poll--surrogate)

					} end of run (max mesh index)

					blackbox evaluations    : 0
					best feasible solution  : ( 267566 0 ) h=0 f=0.012919592857400000532

				} end of extended poll descent (unsuccessful)


				extended poll point eval {

					extended poll point = ( 220904     0 )

					list of points evaluation (extended poll) {

						evaluation 1/1 {

							point #30 ( 220904  0 )
							mesh index : 0

							extended poll unsuccessful point #30 [ h=0 f=0.013253455161999999276 ]
						} 

					} end of evaluations


				} 


				extended poll center: ( 220904     0 )

				perform extended poll descent ...... no

				extended poll point eval {

					extended poll point = ( 228686     0 )

					list of points evaluation (extended poll) {

						evaluation 1/1 {

							point #31 ( 228686  0 )
							mesh index : 0

							extended poll unsuccessful point #31 [ h=0 f=0.01186943769449999922 ]
						} 

					} end of evaluations


				} 


				extended poll center: ( 228686     0 )

				perform extended poll descent ...... yes

				extended poll descent (on surrogates) {

					       iteration = 0
					 blackbox eval.  = 7
					      sgte eval. = 27
					      mesh index = 0
					ext. poll center = ( 228686     0 ) f=0.01186943769449999922 h=0


					MADS run {

						27+SGTE	OBJ	(ext-poll--surrogate)

						27+ 0	0.01300961971279999962	(ext-poll--surrogate)

					} end of run (max mesh index)

					blackbox evaluations    : 0
					best feasible solution  : ( 228686 0 ) h=0 f=0.013009619712799999625

				} end of extended poll descent (unsuccessful)


				extended poll point eval {

					extended poll point = ( 7972502     0 )

					list of points evaluation (extended poll) {

						evaluation 1/1 {

							point #32 ( 7972502  0 )
							mesh index : 0

							extended poll unsuccessful point #32 [ h=0 f=0.013260819911999999904 ]
						} 

					} end of evaluations


				} 


				extended poll center: ( 7972502     0 )

				perform extended poll descent ...... no

				extended poll point eval {

					extended poll point = ( 220909     0 )

					list of points evaluation (extended poll) {

						evaluation 1/1 {

							point #33 ( 220909  0 )
							mesh index : 0

							extended poll unsuccessful point #33 [ h=0 f=0.012905383109999999866 ]
						} 

					} end of evaluations


				} 


				extended poll center: ( 220909     0 )

				perform extended poll descent ...... yes

				extended poll descent (on surrogates) {

					       iteration = 0
					 blackbox eval.  = 9
					      sgte eval. = 29
					      mesh index = 0
					ext. poll center = ( 220909     0 ) f=0.012905383109999999866 h=0


					MADS run {

						29+SGTE	OBJ	(ext-poll--surrogate)

						29+ 0	0.01322863101959999982	(ext-poll--surrogate)

					} end of run (max mesh index)

					blackbox evaluations    : 0
					best feasible solution  : ( 220909 0 ) h=0 f=0.013228631019599999818

				} end of extended poll descent (unsuccessful)


				extended poll point eval {

					extended poll point = ( 7952877     0 )

					list of points evaluation (extended poll) {

						evaluation 1/1 {

							point #34 ( 7952877  0 )
							mesh index : 0

							extended poll unsuccessful point #34 [ h=0 f=0.013360240459399999602 ]
						} 

					} end of evaluations


				} 


				extended poll center: ( 7952877     0 )

				perform extended poll descent ...... no

				extended poll point eval {

					extended poll point = ( 220694     0 )

					list of points evaluation (extended poll) {

						evaluation 1/1 {

							point #35 ( 220694  0 )
							mesh index : 0

							extended poll unsuccessful point #35 [ h=0 f=0.012891099452999999972 ]
						} 

					} end of evaluations


				} 


				extended poll center: ( 220694     0 )

				perform extended poll descent ...... yes

				extended poll descent (on surrogates) {

					       iteration = 0
					 blackbox eval.  = 11
					      sgte eval. = 31
					      mesh index = 0
					ext. poll center = ( 220694     0 ) f=0.012891099452999999972 h=0


					MADS run {

						31+SGTE	OBJ	(ext-poll--surrogate)

						31+ 0	0.01330263614649999926	(ext-poll--surrogate)

					} end of run (max mesh index)

					blackbox evaluations    : 0
					best feasible solution  : ( 220694 0 ) h=0 f=0.013302636146499999259

				} end of extended poll descent (unsuccessful)


				extended poll point eval {

					extended poll point = ( 7953392     0 )

					list of points evaluation (extended poll) {

						evaluation 1/1 {

							point #36 ( 7953392  0 )
							mesh index : 0

							extended poll unsuccessful point #36 [ h=0 f=0.013477644920299999831 ]
						} 

					} end of evaluations


				} 


				extended poll center: ( 7953392     0 )

				perform extended poll descent ...... no

				extended poll point eval {

					extended poll point = ( 7964726     0 )

					list of points evaluation (extended poll) {

						evaluation 1/1 {

							point #37 ( 7964726  0 )
							mesh index : 0

							extended poll unsuccessful point #37 [ h=0 f=0.013604531288100000022 ]
						} 

					} end of evaluations


				} 


				extended poll center: ( 7964726     0 )

				perform extended poll descent ...... no

				extended poll point eval {

					extended poll point = ( 7952841     0 )

					list of points evaluation (extended poll) {

						evaluation 1/1 {

							point #38 ( 7952841  0 )
							mesh index : 0

							extended poll unsuccessful point #38 [ h=0 f=0.013502426147499999726 ]
						} 

					} end of evaluations


				} 


				extended poll center: ( 7952841     0 )

				perform extended poll descent ...... no

				extended poll point eval {

					extended poll point = ( 7953176     0 )

					list of points evaluation (extended poll) {

						evaluation 1/1 {

							point #39 ( 7953176  0 )
							mesh index : 0

							extended poll unsuccessful point #39 [ h=0 f=0.013489768505099999224 ]
						} 

					} end of evaluations


				} 


				extended poll center: ( 7953176     0 )

				perform extended poll descent ...... no

				extended poll point eval {

					extended poll point = ( 220911     0 )

					list of points evaluation (extended poll) {

						evaluation 1/1 {

							point #40 ( 220911  0 )
							mesh index : 0

							extended poll unsuccessful point #40 [ h=0 f=0.013277688026399999538 ]
						} 

					} end of evaluations


				} 


				extended poll center: ( 220911     0 )

				perform extended poll descent ...... no

				extended poll point eval {

					extended poll point = ( 221126     0 )

					list of points evaluation (extended poll) {

						evaluation 1/1 {

							point #41 ( 221126  0 )
							mesh index : 0

							extended poll unsuccessful point #41 [ h=0 f=0.01323292016979999916 ]
						} 

					} end of evaluations


				} 


				extended poll center: ( 221126     0 )

				perform extended poll descent ...... no

				extended poll point eval {

					extended poll point = ( 220946     0 )

					list of points evaluation (extended poll) {

						evaluation 1/1 {

							point #42 ( 220946  0 )
							mesh index : 0

							extended poll unsuccessful point #42 [ h=0 f=0.011882793903399999774 ]
						} 

					} end of evaluations


				} 


				extended poll center: ( 220946     0 )

				perform extended poll descent ...... yes

				extended poll descent (on surrogates) {

					       iteration = 0
					 blackbox eval.  = 18
					      sgte eval. = 33
					      mesh index = 0
					ext. poll center = ( 220946     0 ) f=0.011882793903399999774 h=0


					MADS run {

						33+SGTE	OBJ	(ext-poll--surrogate)

						33+ 0	0.01418802738190000010	(ext-poll--surrogate)

					} end of run (max mesh index)

					blackbox evaluations    : 0
					best feasible solution  : ( 220946 0 ) h=0 f=0.014188027381900000096

				} end of extended poll descent (unsuccessful)


				extended poll point eval {

					extended poll point = (  6134     0 )

					list of points evaluation (extended poll) {

						evaluation 1/1 {

							point #43 ( 6134  0 )
							mesh index : 0


							extended poll dominating point #43 {
								x    = ( 6134  0 )
								F(x) = [ 0.011805336475400000223 ]
								h    = 0
								f    = 0.011805336475400000223
							} 
						} 

					} end of evaluations


				} 


			} end of extended poll

		} end of poll

		Mesh update {
			previous mesh index: 0
			new mesh index     : -1
		} 


		terminate MADS       : no
		iteration status     : dominating
		new feas. incumbent  : #43 {
			x    = ( 6134  0 )
			F(x) = [ 0.011805336475400000223 ]
			h    = 0
			f    = 0.011805336475400000223
		} 
		new infeas. incumbent: none

	} end of iteration 0

	MADS iteration 1 {

		blackbox evaluations : 19
		best feas. solution  : ( 6134  0 ) h=0 f=0.011805336475400000223
		best infeas. solution: none
		poll center          : ( 6134  0 )
		mesh size            : (  1  1 )
		poll size            : (  2  2 )
		mesh index           : -1
		h_max                : inf

		MADS search {

			speculative search {

			} end of speculative search (unsuccessful)

		} end of search

		MADS poll {

			poll center: ( 6134  0 )

			poll directions (include mesh size parameter) {
				dir 0 : (  0 -1 ) Ortho-MADS 2n
				dir 1 : (  0  1 ) Ortho-MADS 2n
			} 

			re-ordered list of 2 poll trial points {
				#67 : ( 6134 -1 ) (dir 0)
				#68 : ( 6134  1 ) (dir 1)
			} 

			list of points evaluation (poll) {

				surrogate evaluation 1/2 {

					point #67 ( 6134 -1 )
					direction  : (  0 -1 ) Ortho-MADS 2n
					mesh index : -1


					point #67 sgte eval: failed
				} 

				surrogate evaluation 2/2 {

					point #68 ( 6134  1 )
					direction  : (  0  1 ) Ortho-MADS 2n
					mesh index : -1


					point #68 sgte eval: failed
				} 

			} end of evaluations

			re-ordered list of 2 poll trial points {

				#69: ( 6134 -1 ) (dir 0)
				#70: ( 6134  1 ) (dir 1)
			} 

			list of points evaluation (poll) {

				evaluation 1/2 {

					point #69 ( 6134 -1 )
					direction  : (  0 -1 ) Ortho-MADS 2n
					mesh index : -1

					poll unsuccessful point #69: evaluation failed
				} 

				evaluation 2/2 {

					point #70 ( 6134  1 )
					direction  : (  0  1 ) Ortho-MADS 2n
					mesh index : -1

					poll unsuccessful point #70: evaluation failed
				} 

			} end of evaluations


			MADS extended poll {


				extended poll pts sorting (on surrogates) {


					list of points evaluation (extended poll) {

						surrogate evaluation 1/16 {

							point #71 ( 7430  0 )
							mesh index : -1


							point #71 sgte eval: h=0 f=0.01230218410489999914
						} 

						surrogate evaluation 2/16 {

							point #72 ( 6350  0 )
							mesh index : -1


							point #72 sgte eval: h=0 f=0.011880135536199999333
						} 

						surrogate evaluation 3/16 {

							point #73 ( 158  0 )
							mesh index : -1


							point #73 sgte eval: h=0 f=0.012045216560399999925
						} 

						surrogate evaluation 4/16 {

							point #74 ( 158  0 )
							mesh index : -1

							surrogate cache hit: #74 --> #73

							point #73 sgte eval: h=0 f=0.012045216560399999925
						} 

						surrogate evaluation 5/16 {

							point #75 ( 6098  0 )
							mesh index : -1


							point #75 sgte eval: h=0 f=0.013124346733099999385
						} 

						surrogate evaluation 6/16 {

							point #76 ( 6170  0 )
							mesh index : -1


							point #76 sgte eval: h=0 f=0.013292312622100000558
						} 

						surrogate evaluation 7/16 {

							point #77 ( 223250  0 )
							mesh index : -1


							point #77 sgte eval: h=0 f=0.013467144966100000683
						} 

						surrogate evaluation 8/16 {

							point #78 ( 224546  0 )
							mesh index : -1


							point #78 sgte eval: h=0 f=0.014543604850799999803
						} 

						surrogate evaluation 9/16 {

							point #79 ( 6128  0 )
							mesh index : -1


							point #79 sgte eval: h=0 f=0.014421010017399999575
						} 

						surrogate evaluation 10/16 {

							point #80 ( 6140  0 )
							mesh index : -1


							point #80 sgte eval: h=0 f=0.013255119323700000067
						} 

						surrogate evaluation 11/16 {

							point #81 ( 221240  0 )
							mesh index : -1


							point #81 sgte eval: h=0 f=0.013926911354099999474
						} 

						surrogate evaluation 12/16 {

							point #82 ( 221456  0 )
							mesh index : -1


							point #82 sgte eval: h=0 f=0.016373729705799998368
						} 

						surrogate evaluation 13/16 {

							point #83 ( 6133  0 )
							mesh index : -1


							point #83 sgte eval: h=0 f=0.015216469764699999331
						} 

						surrogate evaluation 14/16 {

							point #84 ( 6135  0 )
							mesh index : -1


							point #84 sgte eval: h=0 f=0.013719558715800000623
						} 

						surrogate evaluation 15/16 {

							point #85 ( 220905  0 )
							mesh index : -1


							point #85 sgte eval: h=0 f=0.014508724212600000725
						} 

						surrogate evaluation 16/16 {

							point #86 ( 220941  0 )
							mesh index : -1


							point #86 sgte eval: h=0 f=0.016256332397500000003
						} 

					} end of evaluations


					sorted ext poll pts {

						point # 1/15 : (  6350     0 )
						point # 2/15 : (   158     0 )
						point # 3/15 : (  7430     0 )
						point # 4/15 : (  6098     0 )
						point # 5/15 : (  6140     0 )
						point # 6/15 : (  6170     0 )
						point # 7/15 : ( 223250     0 )
						point # 8/15 : (  6135     0 )
						point # 9/15 : ( 221240     0 )
						point #10/15 : (  6128     0 )
						point #11/15 : ( 220905     0 )
						point #12/15 : ( 224546     0 )
						point #13/15 : (  6133     0 )
						point #14/15 : ( 220941     0 )
						point #15/15 : ( 221456     0 )

					} 


				} end of ext poll pts sorting (on surrogates)


				extended poll point eval {

					extended poll point = (  6350     0 )

					list of points evaluation (extended poll) {

						evaluation 1/1 {

							point #87 ( 6350  0 )
							mesh index : -1

							extended poll unsuccessful point #87 [ h=0 f=0.012471106052400000169 ]
						} 

					} end of evaluations


				} 


				extended poll center: (  6350     0 )

				perform extended poll descent ...... yes

				extended poll descent (on surrogates) {

					       iteration = 1
					 blackbox eval.  = 22
					      sgte eval. = 52
					      mesh index = -1
					ext. poll center = (  6350     0 ) f=0.012471106052400000169 h=0


					MADS run {

						52+SGTE	OBJ	(ext-poll--surrogate)

						52+ 0	0.01188013553619999933	(ext-poll--surrogate)

					} end of run (max mesh index)

					blackbox evaluations    : 0
					best feasible solution  : ( 6350 0 ) h=0 f=0.011880135536199999333

				} end of extended poll descent (unsuccessful)


				extended poll point eval {

					extended poll point = (   158     0 )

					list of points evaluation (extended poll) {

						evaluation 1/1 {

							point #88 ( 158  0 )
							mesh index : -1

							extended poll unsuccessful point #88 [ h=0 f=0.011811766624499999909 ]
						} 

					} end of evaluations


				} 


				extended poll center: (   158     0 )

				perform extended poll descent ...... yes

				extended poll descent (on surrogates) {

					       iteration = 1
					 blackbox eval.  = 23
					      sgte eval. = 54
					      mesh index = -1
					ext. poll center = (   158     0 ) f=0.011811766624499999909 h=0


					MADS run {

						54+SGTE	OBJ	(ext-poll--surrogate)

						54+ 0	0.01204521656039999992	(ext-poll--surrogate)

					} end of run (max mesh index)

					blackbox evaluations    : 0
					best feasible solution  : ( 158 0 ) h=0 f=0.012045216560399999925

				} end of extended poll descent (unsuccessful)


				extended poll point eval {

					extended poll point = (  7430     0 )

					list of points evaluation (extended poll) {

						evaluation 1/1 {

							point #89 ( 7430  0 )
							mesh index : -1

							extended poll unsuccessful point #89 [ h=0 f=0.01254850864410000065 ]
						} 

					} end of evaluations


				} 


				extended poll center: (  7430     0 )

				perform extended poll descent ...... yes

				extended poll descent (on surrogates) {

					       iteration = 1
					 blackbox eval.  = 24
					      sgte eval. = 56
					      mesh index = -1
					ext. poll center = (  7430     0 ) f=0.01254850864410000065 h=0


					MADS run {

						56+SGTE	OBJ	(ext-poll--surrogate)

						56+ 0	0.01230218410489999914	(ext-poll--surrogate)

					} end of run (max mesh index)

					blackbox evaluations    : 0
					best feasible solution  : ( 7430 0 ) h=0 f=0.01230218410489999914

				} end of extended poll descent (unsuccessful)


				extended poll point eval {

					extended poll point = (  6098     0 )

					list of points evaluation (extended poll) {

						evaluation 1/1 {

							point #90 ( 6098  0 )
							mesh index : -1

							extended poll unsuccessful point #90 [ h=0 f=0.013049275875100000213 ]
						} 

					} end of evaluations


				} 


				extended poll center: (  6098     0 )

				perform extended poll descent ...... no

				extended poll point eval {

					extended poll point = (  6140     0 )

					list of points evaluation (extended poll) {

						evaluation 1/1 {

							point #91 ( 6140  0 )
							mesh index : -1

							extended poll unsuccessful point #91 [ h=0 f=0.013378782272300000777 ]
						} 

					} end of evaluations


				} 


				extended poll center: (  6140     0 )

				perform extended poll descent ...... no

				extended poll point eval {

					extended poll point = (  6170     0 )

					list of points evaluation (extended poll) {

						evaluation 1/1 {

							point #92 ( 6170  0 )
							mesh index : -1

							extended poll unsuccessful point #92 [ h=0 f=0.013592317104300000521 ]
						} 

					} end of evaluations


				} 


				extended poll center: (  6170     0 )

				perform extended poll descent ...... no

				extended poll point eval {

					extended poll point = ( 223250     0 )

					list of points evaluation (extended poll) {

						evaluation 1/1 {

							point #93 ( 223250  0 )
							mesh index : -1

							extended poll unsuccessful point #93 [ h=0 f=0.013626017570500000356 ]
						} 

					} end of evaluations


				} 


				extended poll center: ( 223250     0 )

				perform extended poll descent ...... no

				extended poll point eval {

					extended poll point = (  6135     0 )

					list of points evaluation (extended poll) {

						evaluation 1/1 {

							point #94 ( 6135  0 )
							mesh index : -1

							extended poll unsuccessful point #94 [ h=0 f=0.013718829155000000775 ]
						} 

					} end of evaluations


				} 


				extended poll center: (  6135     0 )

				perform extended poll descent ...... no

				extended poll point eval {

					extended poll point = ( 221240     0 )

					list of points evaluation (extended poll) {

						evaluation 1/1 {

							point #95 ( 221240  0 )
							mesh index : -1

							extended poll unsuccessful point #95 [ h=0 f=0.013958461284599999949 ]
						} 

					} end of evaluations


				} 


				extended poll center: ( 221240     0 )

				perform extended poll descent ...... no

				extended poll point eval {

					extended poll point = (  6128     0 )

					list of points evaluation (extended poll) {

						evaluation 1/1 {

							point #96 ( 6128  0 )
							mesh index : -1

							extended poll unsuccessful point #96 [ h=0 f=0.012989940643300000242 ]
						} 

					} end of evaluations


				} 


				extended poll center: (  6128     0 )

				perform extended poll descent ...... no

				extended poll point eval {

					extended poll point = ( 220905     0 )

					list of points evaluation (extended poll) {

						evaluation 1/1 {

							point #97 ( 220905  0 )
							mesh index : -1

							extended poll unsuccessful point #97 [ h=0 f=0.014576847553299999982 ]
						} 

					} end of evaluations


				} 


				extended poll center: ( 220905     0 )

				perform extended poll descent ...... no

				extended poll point eval {

					extended poll point = ( 224546     0 )

					list of points evaluation (extended poll) {

						evaluation 1/1 {

							point #98 ( 224546  0 )
							mesh index : -1

							extended poll unsuccessful point #98 [ h=0 f=0.01329212665559999923 ]
						} 

					} end of evaluations


				} 


				extended poll center: ( 224546     0 )

				perform extended poll descent ...... no

				extended poll point eval {

					extended poll point = (  6133     0 )

					list of points evaluation (extended poll) {

						evaluation 1/1 {

							point #99 ( 6133  0 )
							mesh index : -1

							extended poll unsuccessful point #99 [ h=0 f=0.014094290733299999485 ]
						} 

					} end of evaluations


				} 


				extended poll center: (  6133     0 )

				perform extended poll descent ...... no

				extended poll point eval {

					extended poll point = ( 220941     0 )

					list of points evaluation (extended poll) {

						evaluation 1/1 {

							point #100 ( 220941  0 )
							mesh index : -1

							extended poll unsuccessful point #100 [ h=0 f=0.014113397598299999569 ]
						} 

					} end of evaluations


				} 


				extended poll center: ( 220941     0 )

				perform extended poll descent ...... no

				extended poll point eval {

					extended poll point = ( 221456     0 )

					list of points evaluation (extended poll) {

						evaluation 1/1 {

							point #101 ( 221456  0 )
							mesh index : -1

							extended poll unsuccessful point #101 [ h=0 f=0.013465619087200000545 ]
						} 

					} end of evaluations


				} 


				extended poll center: ( 221456     0 )

				perform extended poll descent ...... no

			} end of extended poll

		} end of poll

		Mesh update {
			previous mesh index: -1
			new mesh index     : 0
		} 


		terminate MADS       : no
		iteration status     : unsuccessful
		new feas. incumbent  : none
		new infeas. incumbent: none

	} end of iteration 1

	MADS iteration 2 {

		blackbox evaluations : 36
		best feas. solution  : ( 6134  0 ) h=0 f=0.011805336475400000223
		best infeas. solution: none
		poll center          : ( 6134  0 )
		mesh size            : (  1  1 )
		poll size            : (  1  1 )
		mesh index           : 0
		h_max                : inf

		MADS search {
		} end of search

		MADS poll {

			poll center: ( 6134  0 )

			poll directions (include mesh size parameter) {
				dir 0 : (  0 -1 ) Ortho-MADS 2n
				dir 1 : (  0  1 ) Ortho-MADS 2n
			} 

			re-ordered list of 2 poll trial points {
				#111 : ( 6134 -1 ) (dir 0)
				#112 : ( 6134  1 ) (dir 1)
			} 

			list of points evaluation (poll) {

				surrogate evaluation 1/2 {

					point #111 ( 6134 -1 )
					direction  : (  0 -1 ) Ortho-MADS 2n
					mesh index : 0

					surrogate cache hit: #111 --> #67

					point #67 sgte eval: failed
				} 

				surrogate evaluation 2/2 {

					point #112 ( 6134  1 )
					direction  : (  0  1 ) Ortho-MADS 2n
					mesh index : 0

					surrogate cache hit: #112 --> #68

					point #68 sgte eval: failed
				} 

			} end of evaluations

			re-ordered list of 2 poll trial points {

				#113: ( 6134 -1 ) (dir 0)
				#114: ( 6134  1 ) (dir 1)
			} 

			list of points evaluation (poll) {

				evaluation 1/2 {

					point #113 ( 6134 -1 )
					direction  : (  0 -1 ) Ortho-MADS 2n
					mesh index : -1

					cache hit: #113 --> #69
					poll unsuccessful point #69: evaluation failed
				} 

				evaluation 2/2 {

					point #114 ( 6134  1 )
					direction  : (  0  1 ) Ortho-MADS 2n
					mesh index : -1

					cache hit: #114 --> #70
					poll unsuccessful point #70: evaluation failed
				} 

			} end of evaluations


			MADS extended poll {


				extended poll pts sorting (on surrogates) {


					list of points evaluation (extended poll) {

						surrogate evaluation 1/16 {

							point #115 ( 7430  0 )
							mesh index : 0

							surrogate cache hit: #115 --> #71

							point #71 sgte eval: h=0 f=0.01230218410489999914
						} 

						surrogate evaluation 2/16 {

							point #116 ( 6350  0 )
							mesh index : 0

							surrogate cache hit: #116 --> #72

							point #72 sgte eval: h=0 f=0.011880135536199999333
						} 

						surrogate evaluation 3/16 {

							point #117 ( 158  0 )
							mesh index : 0

							surrogate cache hit: #117 --> #73

							point #73 sgte eval: h=0 f=0.012045216560399999925
						} 

						surrogate evaluation 4/16 {

							point #118 ( 158  0 )
							mesh index : 0

							surrogate cache hit: #118 --> #73

							point #73 sgte eval: h=0 f=0.012045216560399999925
						} 

						surrogate evaluation 5/16 {

							point #119 ( 6098  0 )
							mesh index : 0

							surrogate cache hit: #119 --> #75

							point #75 sgte eval: h=0 f=0.013124346733099999385
						} 

						surrogate evaluation 6/16 {

							point #120 ( 6170  0 )
							mesh index : 0

							surrogate cache hit: #120 --> #76

							point #76 sgte eval: h=0 f=0.013292312622100000558
						} 

						surrogate evaluation 7/16 {

							point #121 ( 223250  0 )
							mesh index : 0

							surrogate cache hit: #121 --> #77

							point #77 sgte eval: h=0 f=0.013467144966100000683
						} 

						surrogate evaluation 8/16 {

							point #122 ( 224546  0 )
							mesh index : 0

							surrogate cache hit: #122 --> #78

							point #78 sgte eval: h=0 f=0.014543604850799999803
						} 

						surrogate evaluation 9/16 {

							point #123 ( 6128  0 )
							mesh index : 0

							surrogate cache hit: #123 --> #79

							point #79 sgte eval: h=0 f=0.014421010017399999575
						} 

						surrogate evaluation 10/16 {

							point #124 ( 6140  0 )
							mesh index : 0

							surrogate cache hit: #124 --> #80

							point #80 sgte eval: h=0 f=0.013255119323700000067
						} 

						surrogate evaluation 11/16 {

							point #125 ( 221240  0 )
							mesh index : 0

							surrogate cache hit: #125 --> #81

							point #81 sgte eval: h=0 f=0.013926911354099999474
						} 

						surrogate evaluation 12/16 {

							point #126 ( 221456  0 )
							mesh index : 0

							surrogate cache hit: #126 --> #82

							point #82 sgte eval: h=0 f=0.016373729705799998368
						} 

						surrogate evaluation 13/16 {

							point #127 ( 6133  0 )
							mesh index : 0

							surrogate cache hit: #127 --> #83

							point #83 sgte eval: h=0 f=0.015216469764699999331
						} 

						surrogate evaluation 14/16 {

							point #128 ( 6135  0 )
							mesh index : 0

							surrogate cache hit: #128 --> #84

							point #84 sgte eval: h=0 f=0.013719558715800000623
						} 

						surrogate evaluation 15/16 {

							point #129 ( 220905  0 )
							mesh index : 0

							surrogate cache hit: #129 --> #85

							point #85 sgte eval: h=0 f=0.014508724212600000725
						} 

						surrogate evaluation 16/16 {

							point #130 ( 220941  0 )
							mesh index : 0

							surrogate cache hit: #130 --> #86

							point #86 sgte eval: h=0 f=0.016256332397500000003
						} 

					} end of evaluations


					sorted ext poll pts {

						point # 1/15 : (  6350     0 )
						point # 2/15 : (   158     0 )
						point # 3/15 : (  7430     0 )
						point # 4/15 : (  6098     0 )
						point # 5/15 : (  6140     0 )
						point # 6/15 : (  6170     0 )
						point # 7/15 : ( 223250     0 )
						point # 8/15 : (  6135     0 )
						point # 9/15 : ( 221240     0 )
						point #10/15 : (  6128     0 )
						point #11/15 : ( 220905     0 )
						point #12/15 : ( 224546     0 )
						point #13/15 : (  6133     0 )
						point #14/15 : ( 220941     0 )
						point #15/15 : ( 221456     0 )

					} 


				} end of ext poll pts sorting (on surrogates)


				extended poll point eval {

					extended poll point = (  6350     0 )

					list of points evaluation (extended poll) {

						evaluation 1/1 {

							point #131 ( 6350  0 )
							mesh index : 0

							cache hit: #131 --> #87
							extended poll unsuccessful point #87 [ h=0 f=0.012471106052400000169 ]
						} 

					} end of evaluations


				} 


				extended poll center: (  6350     0 )

				perform extended poll descent ...... yes

				extended poll descent (on surrogates) {

					       iteration = 2
					 blackbox eval.  = 36
					      sgte eval. = 58
					      mesh index = 0
					ext. poll center = (  6350     0 ) f=0.012471106052400000169 h=0


					MADS run {

						58+SGTE	OBJ	(ext-poll--surrogate)

						58+ 0	0.01188013553619999933	(ext-poll--surrogate)

					} end of run (max mesh index)

					blackbox evaluations    : 0
					best feasible solution  : ( 6350 0 ) h=0 f=0.011880135536199999333

				} end of extended poll descent (unsuccessful)


				extended poll point eval {

					extended poll point = (   158     0 )

					list of points evaluation (extended poll) {

						evaluation 1/1 {

							point #132 ( 158  0 )
							mesh index : 0

							cache hit: #132 --> #88
							extended poll unsuccessful point #88 [ h=0 f=0.011811766624499999909 ]
						} 

					} end of evaluations


				} 


				extended poll center: (   158     0 )

				perform extended poll descent ...... yes

				extended poll descent (on surrogates) {

					       iteration = 2
					 blackbox eval.  = 36
					      sgte eval. = 58
					      mesh index = 0
					ext. poll center = (   158     0 ) f=0.011811766624499999909 h=0


					MADS run {

						58+SGTE	OBJ	(ext-poll--surrogate)

						58+ 0	0.01204521656039999992	(ext-poll--surrogate)

					} end of run (max mesh index)

					blackbox evaluations    : 0
					best feasible solution  : ( 158 0 ) h=0 f=0.012045216560399999925

				} end of extended poll descent (unsuccessful)


				extended poll point eval {

					extended poll point = (  7430     0 )

					list of points evaluation (extended poll) {

						evaluation 1/1 {

							point #133 ( 7430  0 )
							mesh index : 0

							cache hit: #133 --> #89
							extended poll unsuccessful point #89 [ h=0 f=0.01254850864410000065 ]
						} 

					} end of evaluations


				} 


				extended poll center: (  7430     0 )

				perform extended poll descent ...... yes

				extended poll descent (on surrogates) {

					       iteration = 2
					 blackbox eval.  = 36
					      sgte eval. = 58
					      mesh index = 0
					ext. poll center = (  7430     0 ) f=0.01254850864410000065 h=0


					MADS run {

						58+SGTE	OBJ	(ext-poll--surrogate)

						58+ 0	0.01230218410489999914	(ext-poll--surrogate)

					} end of run (max mesh index)

					blackbox evaluations    : 0
					best feasible solution  : ( 7430 0 ) h=0 f=0.01230218410489999914

				} end of extended poll descent (unsuccessful)


				extended poll point eval {

					extended poll point = (  6098     0 )

					list of points evaluation (extended poll) {

						evaluation 1/1 {

							point #134 ( 6098  0 )
							mesh index : 0

							cache hit: #134 --> #90
							extended poll unsuccessful point #90 [ h=0 f=0.013049275875100000213 ]
						} 

					} end of evaluations


				} 


				extended poll center: (  6098     0 )

				perform extended poll descent ...... no

				extended poll point eval {

					extended poll point = (  6140     0 )

					list of points evaluation (extended poll) {

						evaluation 1/1 {

							point #135 ( 6140  0 )
							mesh index : 0

							cache hit: #135 --> #91
							extended poll unsuccessful point #91 [ h=0 f=0.013378782272300000777 ]
						} 

					} end of evaluations


				} 


				extended poll center: (  6140     0 )

				perform extended poll descent ...... no

				extended poll point eval {

					extended poll point = (  6170     0 )

					list of points evaluation (extended poll) {

						evaluation 1/1 {

							point #136 ( 6170  0 )
							mesh index : 0

							cache hit: #136 --> #92
							extended poll unsuccessful point #92 [ h=0 f=0.013592317104300000521 ]
						} 

					} end of evaluations


				} 


				extended poll center: (  6170     0 )

				perform extended poll descent ...... no

				extended poll point eval {

					extended poll point = ( 223250     0 )

					list of points evaluation (extended poll) {

						evaluation 1/1 {

							point #137 ( 223250  0 )
							mesh index : 0

							cache hit: #137 --> #93
							extended poll unsuccessful point #93 [ h=0 f=0.013626017570500000356 ]
						} 

					} end of evaluations


				} 


				extended poll center: ( 223250     0 )

				perform extended poll descent ...... no

				extended poll point eval {

					extended poll point = (  6135     0 )

					list of points evaluation (extended poll) {

						evaluation 1/1 {

							point #138 ( 6135  0 )
							mesh index : 0

							cache hit: #138 --> #94
							extended poll unsuccessful point #94 [ h=0 f=0.013718829155000000775 ]
						} 

					} end of evaluations


				} 


				extended poll center: (  6135     0 )

				perform extended poll descent ...... no

				extended poll point eval {

					extended poll point = ( 221240     0 )

					list of points evaluation (extended poll) {

						evaluation 1/1 {

							point #139 ( 221240  0 )
							mesh index : 0

							cache hit: #139 --> #95
							extended poll unsuccessful point #95 [ h=0 f=0.013958461284599999949 ]
						} 

					} end of evaluations


				} 


				extended poll center: ( 221240     0 )

				perform extended poll descent ...... no

				extended poll point eval {

					extended poll point = (  6128     0 )

					list of points evaluation (extended poll) {

						evaluation 1/1 {

							point #140 ( 6128  0 )
							mesh index : 0

							cache hit: #140 --> #96
							extended poll unsuccessful point #96 [ h=0 f=0.012989940643300000242 ]
						} 

					} end of evaluations


				} 


				extended poll center: (  6128     0 )

				perform extended poll descent ...... no

				extended poll point eval {

					extended poll point = ( 220905     0 )

					list of points evaluation (extended poll) {

						evaluation 1/1 {

							point #141 ( 220905  0 )
							mesh index : 0

							cache hit: #141 --> #97
							extended poll unsuccessful point #97 [ h=0 f=0.014576847553299999982 ]
						} 

					} end of evaluations


				} 


				extended poll center: ( 220905     0 )

				perform extended poll descent ...... no

				extended poll point eval {

					extended poll point = ( 224546     0 )

					list of points evaluation (extended poll) {

						evaluation 1/1 {

							point #142 ( 224546  0 )
							mesh index : 0

							cache hit: #142 --> #98
							extended poll unsuccessful point #98 [ h=0 f=0.01329212665559999923 ]
						} 

					} end of evaluations


				} 


				extended poll center: ( 224546     0 )

				perform extended poll descent ...... no

				extended poll point eval {

					extended poll point = (  6133     0 )

					list of points evaluation (extended poll) {

						evaluation 1/1 {

							point #143 ( 6133  0 )
							mesh index : 0

							cache hit: #143 --> #99
							extended poll unsuccessful point #99 [ h=0 f=0.014094290733299999485 ]
						} 

					} end of evaluations


				} 


				extended poll center: (  6133     0 )

				perform extended poll descent ...... no

				extended poll point eval {

					extended poll point = ( 220941     0 )

					list of points evaluation (extended poll) {

						evaluation 1/1 {

							point #144 ( 220941  0 )
							mesh index : 0

							cache hit: #144 --> #100
							extended poll unsuccessful point #100 [ h=0 f=0.014113397598299999569 ]
						} 

					} end of evaluations


				} 


				extended poll center: ( 220941     0 )

				perform extended poll descent ...... no

				extended poll point eval {

					extended poll point = ( 221456     0 )

					list of points evaluation (extended poll) {

						evaluation 1/1 {

							point #145 ( 221456  0 )
							mesh index : 0

							cache hit: #145 --> #101
							extended poll unsuccessful point #101 [ h=0 f=0.013465619087200000545 ]
						} 

					} end of evaluations


				} 


				extended poll center: ( 221456     0 )

				perform extended poll descent ...... no

			} end of extended poll

		} end of poll

		Mesh update {
			previous mesh index: 0
			new mesh index     : 1
		} 


		terminate MADS       : no
		iteration status     : unsuccessful
		new feas. incumbent  : none
		new infeas. incumbent: none

	} end of iteration 2

	MADS iteration 3 {

		blackbox evaluations : 36
		best feas. solution  : ( 6134  0 ) h=0 f=0.011805336475400000223
		best infeas. solution: none
		poll center          : ( 6134  0 )
		mesh size            : ( 0.25 0.25 )
		poll size            : ( 0.5 0.5 )
		mesh index           : 1
		h_max                : inf

		MADS search {
		} end of search

		MADS poll {

			poll center: ( 6134  0 )

			poll directions (include mesh size parameter) {
				dir 0 : (  0 -1 ) Ortho-MADS 2n
				dir 1 : (  0  1 ) Ortho-MADS 2n
			} 

			re-ordered list of 2 poll trial points {
				#155 : ( 6134 -1 ) (dir 0)
				#156 : ( 6134  1 ) (dir 1)
			} 

			list of points evaluation (poll) {

				surrogate evaluation 1/2 {

					point #155 ( 6134 -1 )
					direction  : (  0 -1 ) Ortho-MADS 2n
					mesh index : 1

					surrogate cache hit: #155 --> #67

					point #67 sgte eval: failed
				} 

				surrogate evaluation 2/2 {

					point #156 ( 6134  1 )
					direction  : (  0  1 ) Ortho-MADS 2n
					mesh index : 1

					surrogate cache hit: #156 --> #68

					point #68 sgte eval: failed
				} 

			} end of evaluations

			re-ordered list of 2 poll trial points {

				#157: ( 6134 -1 ) (dir 0)
				#158: ( 6134  1 ) (dir 1)
			} 

			list of points evaluation (poll) {

				evaluation 1/2 {

					point #157 ( 6134 -1 )
					direction  : (  0 -1 ) Ortho-MADS 2n
					mesh index : -1

					cache hit: #157 --> #69
					poll unsuccessful point #69: evaluation failed
				} 

				evaluation 2/2 {

					point #158 ( 6134  1 )
					direction  : (  0  1 ) Ortho-MADS 2n
					mesh index : -1

					cache hit: #158 --> #70
					poll unsuccessful point #70: evaluation failed
				} 

			} end of evaluations


			MADS extended poll {


				extended poll pts sorting (on surrogates) {


					list of points evaluation (extended poll) {

						surrogate evaluation 1/16 {

							point #159 ( 7430  0 )
							mesh index : 1

							surrogate cache hit: #159 --> #71

							point #71 sgte eval: h=0 f=0.01230218410489999914
						} 

						surrogate evaluation 2/16 {

							point #160 ( 6350  0 )
							mesh index : 1

							surrogate cache hit: #160 --> #72

							point #72 sgte eval: h=0 f=0.011880135536199999333
						} 

						surrogate evaluation 3/16 {

							point #161 ( 158  0 )
							mesh index : 1

							surrogate cache hit: #161 --> #73

							point #73 sgte eval: h=0 f=0.012045216560399999925
						} 

						surrogate evaluation 4/16 {

							point #162 ( 158  0 )
							mesh index : 1

							surrogate cache hit: #162 --> #73

							point #73 sgte eval: h=0 f=0.012045216560399999925
						} 

						surrogate evaluation 5/16 {

							point #163 ( 6098  0 )
							mesh index : 1

							surrogate cache hit: #163 --> #75

							point #75 sgte eval: h=0 f=0.013124346733099999385
						} 

						surrogate evaluation 6/16 {

							point #164 ( 6170  0 )
							mesh index : 1

							surrogate cache hit: #164 --> #76

							point #76 sgte eval: h=0 f=0.013292312622100000558
						} 

						surrogate evaluation 7/16 {

							point #165 ( 223250  0 )
							mesh index : 1

							surrogate cache hit: #165 --> #77

							point #77 sgte eval: h=0 f=0.013467144966100000683
						} 

						surrogate evaluation 8/16 {

							point #166 ( 224546  0 )
							mesh index : 1

							surrogate cache hit: #166 --> #78

							point #78 sgte eval: h=0 f=0.014543604850799999803
						} 

						surrogate evaluation 9/16 {

							point #167 ( 6128  0 )
							mesh index : 1

							surrogate cache hit: #167 --> #79

							point #79 sgte eval: h=0 f=0.014421010017399999575
						} 

						surrogate evaluation 10/16 {

							point #168 ( 6140  0 )
							mesh index : 1

							surrogate cache hit: #168 --> #80

							point #80 sgte eval: h=0 f=0.013255119323700000067
						} 

						surrogate evaluation 11/16 {

							point #169 ( 221240  0 )
							mesh index : 1

							surrogate cache hit: #169 --> #81

							point #81 sgte eval: h=0 f=0.013926911354099999474
						} 

						surrogate evaluation 12/16 {

							point #170 ( 221456  0 )
							mesh index : 1

							surrogate cache hit: #170 --> #82

							point #82 sgte eval: h=0 f=0.016373729705799998368
						} 

						surrogate evaluation 13/16 {

							point #171 ( 6133  0 )
							mesh index : 1

							surrogate cache hit: #171 --> #83

							point #83 sgte eval: h=0 f=0.015216469764699999331
						} 

						surrogate evaluation 14/16 {

							point #172 ( 6135  0 )
							mesh index : 1

							surrogate cache hit: #172 --> #84

							point #84 sgte eval: h=0 f=0.013719558715800000623
						} 

						surrogate evaluation 15/16 {

							point #173 ( 220905  0 )
							mesh index : 1

							surrogate cache hit: #173 --> #85

							point #85 sgte eval: h=0 f=0.014508724212600000725
						} 

						surrogate evaluation 16/16 {

							point #174 ( 220941  0 )
							mesh index : 1

							surrogate cache hit: #174 --> #86

							point #86 sgte eval: h=0 f=0.016256332397500000003
						} 

					} end of evaluations


					sorted ext poll pts {

						point # 1/15 : (  6350     0 )
						point # 2/15 : (   158     0 )
						point # 3/15 : (  7430     0 )
						point # 4/15 : (  6098     0 )
						point # 5/15 : (  6140     0 )
						point # 6/15 : (  6170     0 )
						point # 7/15 : ( 223250     0 )
						point # 8/15 : (  6135     0 )
						point # 9/15 : ( 221240     0 )
						point #10/15 : (  6128     0 )
						point #11/15 : ( 220905     0 )
						point #12/15 : ( 224546     0 )
						point #13/15 : (  6133     0 )
						point #14/15 : ( 220941     0 )
						point #15/15 : ( 221456     0 )

					} 


				} end of ext poll pts sorting (on surrogates)


				extended poll point eval {

					extended poll point = (  6350     0 )

					list of points evaluation (extended poll) {

						evaluation 1/1 {

							point #175 ( 6350  0 )
							mesh index : 1

							cache hit: #175 --> #87
							extended poll unsuccessful point #87 [ h=0 f=0.012471106052400000169 ]
						} 

					} end of evaluations


				} 


				extended poll center: (  6350     0 )

				perform extended poll descent ...... yes

				extended poll descent (on surrogates) {

					       iteration = 3
					 blackbox eval.  = 36
					      sgte eval. = 58
					      mesh index = 1
					ext. poll center = (  6350     0 ) f=0.012471106052400000169 h=0


					MADS run {

						58+SGTE	OBJ	(ext-poll--surrogate)

						58+ 0	0.01188013553619999933	(ext-poll--surrogate)

					} end of run (max mesh index)

					blackbox evaluations    : 0
					best feasible solution  : ( 6350 0 ) h=0 f=0.011880135536199999333

				} end of extended poll descent (unsuccessful)


				extended poll point eval {

					extended poll point = (   158     0 )

					list of points evaluation (extended poll) {

						evaluation 1/1 {

							point #176 ( 158  0 )
							mesh index : 1

							cache hit: #176 --> #88
							extended poll unsuccessful point #88 [ h=0 f=0.011811766624499999909 ]
						} 

					} end of evaluations


				} 


				extended poll center: (   158     0 )

				perform extended poll descent ...... yes

				extended poll descent (on surrogates) {

					       iteration = 3
					 blackbox eval.  = 36
					      sgte eval. = 58
					      mesh index = 1
					ext. poll center = (   158     0 ) f=0.011811766624499999909 h=0


					MADS run {

						58+SGTE	OBJ	(ext-poll--surrogate)

						58+ 0	0.01204521656039999992	(ext-poll--surrogate)

					} end of run (max mesh index)

					blackbox evaluations    : 0
					best feasible solution  : ( 158 0 ) h=0 f=0.012045216560399999925

				} end of extended poll descent (unsuccessful)


				extended poll point eval {

					extended poll point = (  7430     0 )

					list of points evaluation (extended poll) {

						evaluation 1/1 {

							point #177 ( 7430  0 )
							mesh index : 1

							cache hit: #177 --> #89
							extended poll unsuccessful point #89 [ h=0 f=0.01254850864410000065 ]
						} 

					} end of evaluations


				} 


				extended poll center: (  7430     0 )

				perform extended poll descent ...... yes

				extended poll descent (on surrogates) {

					       iteration = 3
					 blackbox eval.  = 36
					      sgte eval. = 58
					      mesh index = 1
					ext. poll center = (  7430     0 ) f=0.01254850864410000065 h=0


					MADS run {

						58+SGTE	OBJ	(ext-poll--surrogate)

						58+ 0	0.01230218410489999914	(ext-poll--surrogate)

					} end of run (max mesh index)

					blackbox evaluations    : 0
					best feasible solution  : ( 7430 0 ) h=0 f=0.01230218410489999914

				} end of extended poll descent (unsuccessful)


				extended poll point eval {

					extended poll point = (  6098     0 )

					list of points evaluation (extended poll) {

						evaluation 1/1 {

							point #178 ( 6098  0 )
							mesh index : 1

							cache hit: #178 --> #90
							extended poll unsuccessful point #90 [ h=0 f=0.013049275875100000213 ]
						} 

					} end of evaluations


				} 


				extended poll center: (  6098     0 )

				perform extended poll descent ...... no

				extended poll point eval {

					extended poll point = (  6140     0 )

					list of points evaluation (extended poll) {

						evaluation 1/1 {

							point #179 ( 6140  0 )
							mesh index : 1

							cache hit: #179 --> #91
							extended poll unsuccessful point #91 [ h=0 f=0.013378782272300000777 ]
						} 

					} end of evaluations


				} 


				extended poll center: (  6140     0 )

				perform extended poll descent ...... no

				extended poll point eval {

					extended poll point = (  6170     0 )

					list of points evaluation (extended poll) {

						evaluation 1/1 {

							point #180 ( 6170  0 )
							mesh index : 1

							cache hit: #180 --> #92
							extended poll unsuccessful point #92 [ h=0 f=0.013592317104300000521 ]
						} 

					} end of evaluations


				} 


				extended poll center: (  6170     0 )

				perform extended poll descent ...... no

				extended poll point eval {

					extended poll point = ( 223250     0 )

					list of points evaluation (extended poll) {

						evaluation 1/1 {

							point #181 ( 223250  0 )
							mesh index : 1

							cache hit: #181 --> #93
							extended poll unsuccessful point #93 [ h=0 f=0.013626017570500000356 ]
						} 

					} end of evaluations


				} 


				extended poll center: ( 223250     0 )

				perform extended poll descent ...... no

				extended poll point eval {

					extended poll point = (  6135     0 )

					list of points evaluation (extended poll) {

						evaluation 1/1 {

							point #182 ( 6135  0 )
							mesh index : 1

							cache hit: #182 --> #94
							extended poll unsuccessful point #94 [ h=0 f=0.013718829155000000775 ]
						} 

					} end of evaluations


				} 


				extended poll center: (  6135     0 )

				perform extended poll descent ...... no

				extended poll point eval {

					extended poll point = ( 221240     0 )

					list of points evaluation (extended poll) {

						evaluation 1/1 {

							point #183 ( 221240  0 )
							mesh index : 1

							cache hit: #183 --> #95
							extended poll unsuccessful point #95 [ h=0 f=0.013958461284599999949 ]
						} 

					} end of evaluations


				} 


				extended poll center: ( 221240     0 )

				perform extended poll descent ...... no

				extended poll point eval {

					extended poll point = (  6128     0 )

					list of points evaluation (extended poll) {

						evaluation 1/1 {

							point #184 ( 6128  0 )
							mesh index : 1

							cache hit: #184 --> #96
							extended poll unsuccessful point #96 [ h=0 f=0.012989940643300000242 ]
						} 

					} end of evaluations


				} 


				extended poll center: (  6128     0 )

				perform extended poll descent ...... no

				extended poll point eval {

					extended poll point = ( 220905     0 )

					list of points evaluation (extended poll) {

						evaluation 1/1 {

							point #185 ( 220905  0 )
							mesh index : 1

							cache hit: #185 --> #97
							extended poll unsuccessful point #97 [ h=0 f=0.014576847553299999982 ]
						} 

					} end of evaluations


				} 


				extended poll center: ( 220905     0 )

				perform extended poll descent ...... no

				extended poll point eval {

					extended poll point = ( 224546     0 )

					list of points evaluation (extended poll) {

						evaluation 1/1 {

							point #186 ( 224546  0 )
							mesh index : 1

							cache hit: #186 --> #98
							extended poll unsuccessful point #98 [ h=0 f=0.01329212665559999923 ]
						} 

					} end of evaluations


				} 


				extended poll center: ( 224546     0 )

				perform extended poll descent ...... no

				extended poll point eval {

					extended poll point = (  6133     0 )

					list of points evaluation (extended poll) {

						evaluation 1/1 {

							point #187 ( 6133  0 )
							mesh index : 1

							cache hit: #187 --> #99
							extended poll unsuccessful point #99 [ h=0 f=0.014094290733299999485 ]
						} 

					} end of evaluations


				} 


				extended poll center: (  6133     0 )

				perform extended poll descent ...... no

				extended poll point eval {

					extended poll point = ( 220941     0 )

					list of points evaluation (extended poll) {

						evaluation 1/1 {

							point #188 ( 220941  0 )
							mesh index : 1

							cache hit: #188 --> #100
							extended poll unsuccessful point #100 [ h=0 f=0.014113397598299999569 ]
						} 

					} end of evaluations


				} 


				extended poll center: ( 220941     0 )

				perform extended poll descent ...... no

				extended poll point eval {

					extended poll point = ( 221456     0 )

					list of points evaluation (extended poll) {

						evaluation 1/1 {

							point #189 ( 221456  0 )
							mesh index : 1

							cache hit: #189 --> #101
							extended poll unsuccessful point #101 [ h=0 f=0.013465619087200000545 ]
						} 

					} end of evaluations


				} 


				extended poll center: ( 221456     0 )

				perform extended poll descent ...... no

			} end of extended poll

		} end of poll

		Mesh update {
			previous mesh index: 1
			new mesh index     : 2
		} 


		terminate MADS       : no
		iteration status     : unsuccessful
		new feas. incumbent  : none
		new infeas. incumbent: none

	} end of iteration 3

	MADS iteration 4 {

		blackbox evaluations : 36
		best feas. solution  : ( 6134  0 ) h=0 f=0.011805336475400000223
		best infeas. solution: none
		poll center          : ( 6134  0 )
		mesh size            : ( 0.0625 0.0625 )
		poll size            : ( 0.25 0.25 )
		mesh index           : 2
		h_max                : inf

		MADS search {
		} end of search

		MADS poll {

			poll center: ( 6134  0 )

			poll directions (include mesh size parameter) {
				dir 0 : (  0 -1 ) Ortho-MADS 2n
				dir 1 : (  0  1 ) Ortho-MADS 2n
			} 

			re-ordered list of 2 poll trial points {
				#199 : ( 6134 -1 ) (dir 0)
				#200 : ( 6134  1 ) (dir 1)
			} 

			list of points evaluation (poll) {

				surrogate evaluation 1/2 {

					point #199 ( 6134 -1 )
					direction  : (  0 -1 ) Ortho-MADS 2n
					mesh index : 2

					surrogate cache hit: #199 --> #67

					point #67 sgte eval: failed
				} 

				surrogate evaluation 2/2 {

					point #200 ( 6134  1 )
					direction  : (  0  1 ) Ortho-MADS 2n
					mesh index : 2

					surrogate cache hit: #200 --> #68

					point #68 sgte eval: failed
				} 

			} end of evaluations

			re-ordered list of 2 poll trial points {

				#201: ( 6134 -1 ) (dir 0)
				#202: ( 6134  1 ) (dir 1)
			} 

			list of points evaluation (poll) {

				evaluation 1/2 {

					point #201 ( 6134 -1 )
					direction  : (  0 -1 ) Ortho-MADS 2n
					mesh index : -1

					cache hit: #201 --> #69
					poll unsuccessful point #69: evaluation failed
				} 

				evaluation 2/2 {

					point #202 ( 6134  1 )
					direction  : (  0  1 ) Ortho-MADS 2n
					mesh index : -1

					cache hit: #202 --> #70
					poll unsuccessful point #70: evaluation failed
				} 

			} end of evaluations


			MADS extended poll {


				extended poll pts sorting (on surrogates) {


					list of points evaluation (extended poll) {

						surrogate evaluation 1/16 {

							point #203 ( 7430  0 )
							mesh index : 2

							surrogate cache hit: #203 --> #71

							point #71 sgte eval: h=0 f=0.01230218410489999914
						} 

						surrogate evaluation 2/16 {

							point #204 ( 6350  0 )
							mesh index : 2

							surrogate cache hit: #204 --> #72

							point #72 sgte eval: h=0 f=0.011880135536199999333
						} 

						surrogate evaluation 3/16 {

							point #205 ( 158  0 )
							mesh index : 2

							surrogate cache hit: #205 --> #73

							point #73 sgte eval: h=0 f=0.012045216560399999925
						} 

						surrogate evaluation 4/16 {

							point #206 ( 158  0 )
							mesh index : 2

							surrogate cache hit: #206 --> #73

							point #73 sgte eval: h=0 f=0.012045216560399999925
						} 

						surrogate evaluation 5/16 {

							point #207 ( 6098  0 )
							mesh index : 2

							surrogate cache hit: #207 --> #75

							point #75 sgte eval: h=0 f=0.013124346733099999385
						} 

						surrogate evaluation 6/16 {

							point #208 ( 6170  0 )
							mesh index : 2

							surrogate cache hit: #208 --> #76

							point #76 sgte eval: h=0 f=0.013292312622100000558
						} 

						surrogate evaluation 7/16 {

							point #209 ( 223250  0 )
							mesh index : 2

							surrogate cache hit: #209 --> #77

							point #77 sgte eval: h=0 f=0.013467144966100000683
						} 

						surrogate evaluation 8/16 {

							point #210 ( 224546  0 )
							mesh index : 2

							surrogate cache hit: #210 --> #78

							point #78 sgte eval: h=0 f=0.014543604850799999803
						} 

						surrogate evaluation 9/16 {

							point #211 ( 6128  0 )
							mesh index : 2

							surrogate cache hit: #211 --> #79

							point #79 sgte eval: h=0 f=0.014421010017399999575
						} 

						surrogate evaluation 10/16 {

							point #212 ( 6140  0 )
							mesh index : 2

							surrogate cache hit: #212 --> #80

							point #80 sgte eval: h=0 f=0.013255119323700000067
						} 

						surrogate evaluation 11/16 {

							point #213 ( 221240  0 )
							mesh index : 2

							surrogate cache hit: #213 --> #81

							point #81 sgte eval: h=0 f=0.013926911354099999474
						} 

						surrogate evaluation 12/16 {

							point #214 ( 221456  0 )
							mesh index : 2

							surrogate cache hit: #214 --> #82

							point #82 sgte eval: h=0 f=0.016373729705799998368
						} 

						surrogate evaluation 13/16 {

							point #215 ( 6133  0 )
							mesh index : 2

							surrogate cache hit: #215 --> #83

							point #83 sgte eval: h=0 f=0.015216469764699999331
						} 

						surrogate evaluation 14/16 {

							point #216 ( 6135  0 )
							mesh index : 2

							surrogate cache hit: #216 --> #84

							point #84 sgte eval: h=0 f=0.013719558715800000623
						} 

						surrogate evaluation 15/16 {

							point #217 ( 220905  0 )
							mesh index : 2

							surrogate cache hit: #217 --> #85

							point #85 sgte eval: h=0 f=0.014508724212600000725
						} 

						surrogate evaluation 16/16 {

							point #218 ( 220941  0 )
							mesh index : 2

							surrogate cache hit: #218 --> #86

							point #86 sgte eval: h=0 f=0.016256332397500000003
						} 

					} end of evaluations


					sorted ext poll pts {

						point # 1/15 : (  6350     0 )
						point # 2/15 : (   158     0 )
						point # 3/15 : (  7430     0 )
						point # 4/15 : (  6098     0 )
						point # 5/15 : (  6140     0 )
						point # 6/15 : (  6170     0 )
						point # 7/15 : ( 223250     0 )
						point # 8/15 : (  6135     0 )
						point # 9/15 : ( 221240     0 )
						point #10/15 : (  6128     0 )
						point #11/15 : ( 220905     0 )
						point #12/15 : ( 224546     0 )
						point #13/15 : (  6133     0 )
						point #14/15 : ( 220941     0 )
						point #15/15 : ( 221456     0 )

					} 


				} end of ext poll pts sorting (on surrogates)


				extended poll point eval {

					extended poll point = (  6350     0 )

					list of points evaluation (extended poll) {

						evaluation 1/1 {

							point #219 ( 6350  0 )
							mesh index : 2

							cache hit: #219 --> #87
							extended poll unsuccessful point #87 [ h=0 f=0.012471106052400000169 ]
						} 

					} end of evaluations


				} 


				extended poll center: (  6350     0 )

				perform extended poll descent ...... yes

				extended poll descent (on surrogates) {

					       iteration = 4
					 blackbox eval.  = 36
					      sgte eval. = 58
					      mesh index = 2
					ext. poll center = (  6350     0 ) f=0.012471106052400000169 h=0


					MADS run {

						58+SGTE	OBJ	(ext-poll--surrogate)

						58+ 0	0.01188013553619999933	(ext-poll--surrogate)

					} end of run (max mesh index)

					blackbox evaluations    : 0
					best feasible solution  : ( 6350 0 ) h=0 f=0.011880135536199999333

				} end of extended poll descent (unsuccessful)


				extended poll point eval {

					extended poll point = (   158     0 )

					list of points evaluation (extended poll) {

						evaluation 1/1 {

							point #220 ( 158  0 )
							mesh index : 2

							cache hit: #220 --> #88
							extended poll unsuccessful point #88 [ h=0 f=0.011811766624499999909 ]
						} 

					} end of evaluations


				} 


				extended poll center: (   158     0 )

				perform extended poll descent ...... yes

				extended poll descent (on surrogates) {

					       iteration = 4
					 blackbox eval.  = 36
					      sgte eval. = 58
					      mesh index = 2
					ext. poll center = (   158     0 ) f=0.011811766624499999909 h=0


					MADS run {

						58+SGTE	OBJ	(ext-poll--surrogate)

						58+ 0	0.01204521656039999992	(ext-poll--surrogate)

					} end of run (max mesh index)

					blackbox evaluations    : 0
					best feasible solution  : ( 158 0 ) h=0 f=0.012045216560399999925

				} end of extended poll descent (unsuccessful)


				extended poll point eval {

					extended poll point = (  7430     0 )

					list of points evaluation (extended poll) {

						evaluation 1/1 {

							point #221 ( 7430  0 )
							mesh index : 2

							cache hit: #221 --> #89
							extended poll unsuccessful point #89 [ h=0 f=0.01254850864410000065 ]
						} 

					} end of evaluations


				} 


				extended poll center: (  7430     0 )

				perform extended poll descent ...... yes

				extended poll descent (on surrogates) {

					       iteration = 4
					 blackbox eval.  = 36
					      sgte eval. = 58
					      mesh index = 2
					ext. poll center = (  7430     0 ) f=0.01254850864410000065 h=0


					MADS run {

						58+SGTE	OBJ	(ext-poll--surrogate)

						58+ 0	0.01230218410489999914	(ext-poll--surrogate)

					} end of run (max mesh index)

					blackbox evaluations    : 0
					best feasible solution  : ( 7430 0 ) h=0 f=0.01230218410489999914

				} end of extended poll descent (unsuccessful)


				extended poll point eval {

					extended poll point = (  6098     0 )

					list of points evaluation (extended poll) {

						evaluation 1/1 {

							point #222 ( 6098  0 )
							mesh index : 2

							cache hit: #222 --> #90
							extended poll unsuccessful point #90 [ h=0 f=0.013049275875100000213 ]
						} 

					} end of evaluations


				} 


				extended poll center: (  6098     0 )

				perform extended poll descent ...... no

				extended poll point eval {

					extended poll point = (  6140     0 )

					list of points evaluation (extended poll) {

						evaluation 1/1 {

							point #223 ( 6140  0 )
							mesh index : 2

							cache hit: #223 --> #91
							extended poll unsuccessful point #91 [ h=0 f=0.013378782272300000777 ]
						} 

					} end of evaluations


				} 


				extended poll center: (  6140     0 )

				perform extended poll descent ...... no

				extended poll point eval {

					extended poll point = (  6170     0 )

					list of points evaluation (extended poll) {

						evaluation 1/1 {

							point #224 ( 6170  0 )
							mesh index : 2

							cache hit: #224 --> #92
							extended poll unsuccessful point #92 [ h=0 f=0.013592317104300000521 ]
						} 

					} end of evaluations


				} 


				extended poll center: (  6170     0 )

				perform extended poll descent ...... no

				extended poll point eval {

					extended poll point = ( 223250     0 )

					list of points evaluation (extended poll) {

						evaluation 1/1 {

							point #225 ( 223250  0 )
							mesh index : 2

							cache hit: #225 --> #93
							extended poll unsuccessful point #93 [ h=0 f=0.013626017570500000356 ]
						} 

					} end of evaluations


				} 


				extended poll center: ( 223250     0 )

				perform extended poll descent ...... no

				extended poll point eval {

					extended poll point = (  6135     0 )

					list of points evaluation (extended poll) {

						evaluation 1/1 {

							point #226 ( 6135  0 )
							mesh index : 2

							cache hit: #226 --> #94
							extended poll unsuccessful point #94 [ h=0 f=0.013718829155000000775 ]
						} 

					} end of evaluations


				} 


				extended poll center: (  6135     0 )

				perform extended poll descent ...... no

				extended poll point eval {

					extended poll point = ( 221240     0 )

					list of points evaluation (extended poll) {

						evaluation 1/1 {

							point #227 ( 221240  0 )
							mesh index : 2

							cache hit: #227 --> #95
							extended poll unsuccessful point #95 [ h=0 f=0.013958461284599999949 ]
						} 

					} end of evaluations


				} 


				extended poll center: ( 221240     0 )

				perform extended poll descent ...... no

				extended poll point eval {

					extended poll point = (  6128     0 )

					list of points evaluation (extended poll) {

						evaluation 1/1 {

							point #228 ( 6128  0 )
							mesh index : 2

							cache hit: #228 --> #96
							extended poll unsuccessful point #96 [ h=0 f=0.012989940643300000242 ]
						} 

					} end of evaluations


				} 


				extended poll center: (  6128     0 )

				perform extended poll descent ...... no

				extended poll point eval {

					extended poll point = ( 220905     0 )

					list of points evaluation (extended poll) {

						evaluation 1/1 {

							point #229 ( 220905  0 )
							mesh index : 2

							cache hit: #229 --> #97
							extended poll unsuccessful point #97 [ h=0 f=0.014576847553299999982 ]
						} 

					} end of evaluations


				} 


				extended poll center: ( 220905     0 )

				perform extended poll descent ...... no

				extended poll point eval {

					extended poll point = ( 224546     0 )

					list of points evaluation (extended poll) {

						evaluation 1/1 {

							point #230 ( 224546  0 )
							mesh index : 2

							cache hit: #230 --> #98
							extended poll unsuccessful point #98 [ h=0 f=0.01329212665559999923 ]
						} 

					} end of evaluations


				} 


				extended poll center: ( 224546     0 )

				perform extended poll descent ...... no

				extended poll point eval {

					extended poll point = (  6133     0 )

					list of points evaluation (extended poll) {

						evaluation 1/1 {

							point #231 ( 6133  0 )
							mesh index : 2

							cache hit: #231 --> #99
							extended poll unsuccessful point #99 [ h=0 f=0.014094290733299999485 ]
						} 

					} end of evaluations


				} 


				extended poll center: (  6133     0 )

				perform extended poll descent ...... no

				extended poll point eval {

					extended poll point = ( 220941     0 )

					list of points evaluation (extended poll) {

						evaluation 1/1 {

							point #232 ( 220941  0 )
							mesh index : 2

							cache hit: #232 --> #100
							extended poll unsuccessful point #100 [ h=0 f=0.014113397598299999569 ]
						} 

					} end of evaluations


				} 


				extended poll center: ( 220941     0 )

				perform extended poll descent ...... no

				extended poll point eval {

					extended poll point = ( 221456     0 )

					list of points evaluation (extended poll) {

						evaluation 1/1 {

							point #233 ( 221456  0 )
							mesh index : 2

							cache hit: #233 --> #101
							extended poll unsuccessful point #101 [ h=0 f=0.013465619087200000545 ]
						} 

					} end of evaluations


				} 


				extended poll center: ( 221456     0 )

				perform extended poll descent ...... no

			} end of extended poll

		} end of poll

		Mesh update {
			previous mesh index: 2
			new mesh index     : 3
		} 


		terminate MADS       : yes
		termination cause    : max mesh index
		iteration status     : unsuccessful
		new feas. incumbent  : none
		new infeas. incumbent: none

	} end of iteration 4

} end of run (max mesh index)

NOMAD final display {

	cache {
		number of cache points: 36
		size in memory        : 4.2999999999999998224 KB
		cache file            : -
	} 

	stats {
		MADS iterations                 : 5
		blackbox evaluations            : 36
		simulated blackbox evaluations  : 0
		evaluations                     : 87
		surrogate evaluations           : 58
		failed evaluations              : 26
		interrupted sequences of eval.  : 0
		cache hits                      : 144
		number of poll searches         : 5
		poll successes                  : 1
		poll points                     : 10
		number of extended polls        : 5
		number of ext. poll descents    : 18
		number of ext. poll successes   : 1
		number of ext. poll points      : 163
		number of ext. poll bb eval     : 31
		number of speculative searches  : 1
		speculative search successes    : 0
		speculative search points       : 0
		number of user searches         : 0
		number of LH searches           : 0
		number of cache searches        : 0
		number of VNS searches          : 0
		no model has been constructed
		wall-clock time                 : 3m 39s
	} 

	miscellaneous {
		mesh index      : min=-1, max=3, last=2
		best feas. sol  : ( 6134 0 ) h=0 f=0.011805336475400000223
		best infeas. sol: none
	} 
} 
