
NOMAD - version 3.5.1 - www.gerad.ca/nomad

Copyright (C) 2001-2012 {
	Mark A. Abramson     - The Boeing Company
	Charles Audet        - Ecole Polytechnique de Montreal
	Gilles Couture       - Ecole Polytechnique de Montreal
	John E. Dennis, Jr.  - Rice University
	Sebastien Le Digabel - Ecole Polytechnique de Montreal
	Christophe Tribes    - Ecole Polytechnique de Montreal
} 

Funded in part by AFOSR and Exxon Mobil.

License   : '$NOMAD_HOME/src/lgpl.txt'
User guide: '$NOMAD_HOME/doc/user_guide.pdf'
Examples  : '$NOMAD_HOME/examples'
Tools     : '$NOMAD_HOME/tools'

Please report bugs to nomad@gerad.ca

parameters {

	problem directory    : ./
	dimension            : n=2
	blackbox input types : (   cat(C)   int(I) )
	extended poll trigger: 0.10000000000000000555 (relative)
	neighbors executable : $python neighbors.py
	variable groups {
		group #0 {
			indexes: { 0 }
			no directions (categorical variables)
		} 
		group #1 {
			indexes: { 1 }
			directions {
				n             : 1
				types         : { [Ortho-MADS 2n] }
				sec poll types: { }
				halton_seed   : 3
			} 
		} 
	} 
	blackbox outputs (m=1) {
		#0          OBJ	$python blackbox.py	$python surrogate.py
	} 
	signature                       : standard
	has surrogate                   : yes
	sort trial points with surrogate: yes
	surrogate cost                  : none
	add seed to output file names   : yes
	solution file                   : nomad-solution.32259.txt
	history file                    : none
	stats file                      : none
	cache file                      : none
	x0                              : ( 275378    0 )
	directions         : Ortho-MADS 2n
	user halton seed   : 3
	mesh {
		update basis       :   4
		coarsening exponent:   1
		refining exponent  :  -1
		initial mesh index :   0
		max mesh index     :   2
		initial mesh size  : (    1    1 )
		min poll size      : (  NaN    1 )
	} 
	snap to bounds                   : yes
	opportunistic evaluations        : yes
	use models                       : no
	speculative search               : yes
	VNS search                       : no
	Latin-Hypercube (LH) search      : no
	cache search                     : no
	random seed / run id             : 32259
	epsilon                          : 1.0000000000000000304e-13
	undefined string                 : NaN
	infinity string                  : inf
	display degrees {
		general  : full (3)
		search   : full (3)
		poll     : full (3)
		iterative: full (3)
	} 
	display stats                : EVAL BBE [ SOL, ] BBO TIME
	display all evaluations      : no
	point display limit          : no limit
	max number of blackbox eval. : 100
	max cache memory             : 2000 MB
} 

MADS run {

	starting point evaluation {

		x0 eval point: ( 275378  0 )

		list of points evaluation (x0 evaluation) {

			evaluation 1/1 {

				point #0 ( 275378  0 )


				x0 evaluation dominating point #0 {
					x    = ( 275378  0 )
					F(x) = [ 8.2180500030499999955e-05 ]
					h    = 0
					f    = 8.2180500030499999955e-05
				} 
			} 

		} end of evaluations


		terminate MADS       : no
		iteration status     : dominating
		new feas. incumbent  : #0 {
			x    = ( 275378  0 )
			F(x) = [ 8.2180500030499999955e-05 ]
			h    = 0
			f    = 8.2180500030499999955e-05
		} 
		new infeas. incumbent: none

	} end of starting point evaluation

	MADS iteration 0 {

		blackbox evaluations : 1
		best feas. solution  : ( 275378  0 ) h=0 f=8.2180500030499999955e-05
		best infeas. solution: none
		poll center          : ( 275378  0 )
		mesh size            : (  1  1 )
		poll size            : (  1  1 )
		mesh index           : 0
		h_max                : inf

		MADS search {
		} end of search

		MADS poll {

			poll center: ( 275378  0 )

			poll directions (include mesh size parameter) {
				dir 0 : (  0 -1 ) Ortho-MADS 2n
				dir 1 : (  0  1 ) Ortho-MADS 2n
			} 

			re-ordered list of 2 poll trial points {
				#1 : ( 275378 -1 ) (dir 0)
				#2 : ( 275378  1 ) (dir 1)
			} 

			list of points evaluation (poll) {

				surrogate evaluation 1/2 {

					point #1 ( 275378 -1 )
					direction  : (  0 -1 ) Ortho-MADS 2n
					mesh index : 0


					point #1 sgte eval: failed
				} 

				surrogate evaluation 2/2 {

					point #2 ( 275378  1 )
					direction  : (  0  1 ) Ortho-MADS 2n
					mesh index : 0


					point #2 sgte eval: failed
				} 

			} end of evaluations

			re-ordered list of 2 poll trial points {

				#3: ( 275378 -1 ) (dir 0)
				#4: ( 275378  1 ) (dir 1)
			} 

			list of points evaluation (poll) {

				evaluation 1/2 {

					point #3 ( 275378 -1 )
					direction  : (  0 -1 ) Ortho-MADS 2n
					mesh index : 0

					poll unsuccessful point #3: evaluation failed
				} 

				evaluation 2/2 {

					point #4 ( 275378  1 )
					direction  : (  0  1 ) Ortho-MADS 2n
					mesh index : 0

					poll unsuccessful point #4: evaluation failed
				} 

			} end of evaluations


			MADS extended poll {


				extended poll pts sorting (on surrogates) {


					list of points evaluation (extended poll) {

						surrogate evaluation 1/23 {

							point #5 ( 228722  0 )
							mesh index : 0


							point #5 sgte eval: h=0 f=0.00087258815765399997712
						} 

						surrogate evaluation 2/23 {

							point #6 ( 267602  0 )
							mesh index : 0


							point #6 sgte eval: h=0 f=0.00087239742279100003421
						} 

						surrogate evaluation 3/23 {

							point #7 ( 7106  0 )
							mesh index : 0


							point #7 sgte eval: h=0 f=0.00086359977722200002587
						} 

						surrogate evaluation 4/23 {

							point #8 ( 7106  0 )
							mesh index : 0

							surrogate cache hit: #8 --> #7

							point #7 sgte eval: h=0 f=0.00086359977722200002587
						} 

						surrogate evaluation 5/23 {

							point #9 ( 274082  0 )
							mesh index : 0


							point #9 sgte eval: h=0 f=0.0010791063308700000502
						} 

						surrogate evaluation 6/23 {

							point #10 ( 276674  0 )
							mesh index : 0


							point #10 sgte eval: h=0 f=0.0010919809341399999356
						} 

						surrogate evaluation 7/23 {

							point #11 ( 9996674  0 )
							mesh index : 0


							point #11 sgte eval: h=0 f=0.00092830657958999996185
						} 

						surrogate evaluation 8/23 {

							point #12 ( 10043330  0 )
							mesh index : 0


							point #12 sgte eval: h=0 f=0.0014945030212400001006
						} 

						surrogate evaluation 9/23 {

							point #13 ( 275162  0 )
							mesh index : 0


							point #13 sgte eval: h=0 f=0.00098249912262000005034
						} 

						surrogate evaluation 10/23 {

							point #14 ( 275594  0 )
							mesh index : 0


							point #14 sgte eval: h=0 f=0.00097761154174799995073
						} 

						surrogate evaluation 11/23 {

							point #15 ( 9924314  0 )
							mesh index : 0


							point #15 sgte eval: h=0 f=0.00085859298706100002814
						} 

						surrogate evaluation 12/23 {

							point #16 ( 9932090  0 )
							mesh index : 0


							point #16 sgte eval: h=0 f=0.0008755207061769999799
						} 

						surrogate evaluation 13/23 {

							point #17 ( 275342  0 )
							mesh index : 0


							point #17 sgte eval: h=0 f=0.00085620880127000001565
						} 

						surrogate evaluation 14/23 {

							point #18 ( 7646  0 )
							mesh index : 0


							point #18 sgte eval: h=0 f=0.00081479549407999999743
						} 

						surrogate evaluation 15/23 {

							point #19 ( 7646  0 )
							mesh index : 0

							surrogate cache hit: #19 --> #18

							point #18 sgte eval: h=0 f=0.00081479549407999999743
						} 

						surrogate evaluation 16/23 {

							point #20 ( 275372  0 )
							mesh index : 0


							point #20 sgte eval: h=0 f=0.0010853052139299999672
						} 

						surrogate evaluation 17/23 {

							point #21 ( 275384  0 )
							mesh index : 0


							point #21 sgte eval: h=0 f=0.0009499073028559999873
						} 

						surrogate evaluation 18/23 {

							point #22 ( 9914024  0 )
							mesh index : 0


							point #22 sgte eval: h=0 f=0.0010327100753800000366
						} 

						surrogate evaluation 19/23 {

							point #23 ( 9914240  0 )
							mesh index : 0


							point #23 sgte eval: h=0 f=0.00094809532165499998003
						} 

						surrogate evaluation 20/23 {

							point #24 ( 275377  0 )
							mesh index : 0


							point #24 sgte eval: h=0 f=0.0010465860366799999235
						} 

						surrogate evaluation 21/23 {

							point #25 ( 275379  0 )
							mesh index : 0


							point #25 sgte eval: h=0 f=0.0011024951934800000276
						} 

						surrogate evaluation 22/23 {

							point #26 ( 9913689  0 )
							mesh index : 0


							point #26 sgte eval: h=0 f=0.0011194944381700000242
						} 

						surrogate evaluation 23/23 {

							point #27 ( 9913725  0 )
							mesh index : 0


							point #27 sgte eval: h=0 f=0.00092449188232400004474
						} 

					} end of evaluations


					sorted ext poll pts {

						point # 1/21 : (  7646     0 )
						point # 2/21 : ( 275342     0 )
						point # 3/21 : ( 9924314     0 )
						point # 4/21 : (  7106     0 )
						point # 5/21 : ( 267602     0 )
						point # 6/21 : ( 228722     0 )
						point # 7/21 : ( 9932090     0 )
						point # 8/21 : ( 9913725     0 )
						point # 9/21 : ( 9996674     0 )
						point #10/21 : ( 9914240     0 )
						point #11/21 : ( 275384     0 )
						point #12/21 : ( 275594     0 )
						point #13/21 : ( 275162     0 )
						point #14/21 : ( 9914024     0 )
						point #15/21 : ( 275377     0 )
						point #16/21 : ( 274082     0 )
						point #17/21 : ( 275372     0 )
						point #18/21 : ( 276674     0 )
						point #19/21 : ( 275379     0 )
						point #20/21 : ( 9913689     0 )
						point #21/21 : ( 10043330     0 )

					} 


				} end of ext poll pts sorting (on surrogates)


				extended poll point eval {

					extended poll point = (  7646     0 )

					list of points evaluation (extended poll) {

						evaluation 1/1 {

							point #28 ( 7646  0 )
							mesh index : 0

							extended poll unsuccessful point #28 [ h=0 f=8.7399482727100000234e-05 ]
						} 

					} end of evaluations


				} 


				extended poll center: (  7646     0 )

				perform extended poll descent ...... yes

				extended poll descent (on surrogates) {

					       iteration = 0
					 blackbox eval.  = 4
					      sgte eval. = 23
					      mesh index = 0
					ext. poll center = (  7646     0 ) f=8.7399482727100000234e-05 h=0


					MADS run {

						23+SGTE	OBJ	(ext-poll--surrogate)

						23+ 0	0.00081479549408000000	(ext-poll--surrogate)

					} end of run (max mesh index)

					blackbox evaluations    : 0
					best feasible solution  : ( 7646 0 ) h=0 f=0.00081479549407999999743

				} end of extended poll descent (unsuccessful)


				extended poll point eval {

					extended poll point = ( 275342     0 )

					list of points evaluation (extended poll) {

						evaluation 1/1 {

							point #29 ( 275342  0 )
							mesh index : 0

							extended poll unsuccessful point #29 [ h=0 f=8.4688663482700000484e-05 ]
						} 

					} end of evaluations


				} 


				extended poll center: ( 275342     0 )

				perform extended poll descent ...... yes

				extended poll descent (on surrogates) {

					       iteration = 0
					 blackbox eval.  = 5
					      sgte eval. = 25
					      mesh index = 0
					ext. poll center = ( 275342     0 ) f=8.4688663482700000484e-05 h=0


					MADS run {

						25+SGTE	OBJ	(ext-poll--surrogate)

						25+ 0	0.00085620880127000002	(ext-poll--surrogate)

					} end of run (max mesh index)

					blackbox evaluations    : 0
					best feasible solution  : ( 275342 0 ) h=0 f=0.00085620880127000001565

				} end of extended poll descent (unsuccessful)


				extended poll point eval {

					extended poll point = ( 9924314     0 )

					list of points evaluation (extended poll) {

						evaluation 1/1 {

							point #30 ( 9924314  0 )
							mesh index : 0

							extended poll unsuccessful point #30 [ h=0 f=8.4569454193099996456e-05 ]
						} 

					} end of evaluations


				} 


				extended poll center: ( 9924314     0 )

				perform extended poll descent ...... yes

				extended poll descent (on surrogates) {

					       iteration = 0
					 blackbox eval.  = 6
					      sgte eval. = 27
					      mesh index = 0
					ext. poll center = ( 9924314     0 ) f=8.4569454193099996456e-05 h=0


					MADS run {

						27+SGTE	OBJ	(ext-poll--surrogate)

						27+ 0	0.00085859298706100003	(ext-poll--surrogate)

					} end of run (max mesh index)

					blackbox evaluations    : 0
					best feasible solution  : ( 9924314 0 ) h=0 f=0.00085859298706100002814

				} end of extended poll descent (unsuccessful)


				extended poll point eval {

					extended poll point = (  7106     0 )

					list of points evaluation (extended poll) {

						evaluation 1/1 {

							point #31 ( 7106  0 )
							mesh index : 0


							extended poll dominating point #31 {
								x    = ( 7106  0 )
								F(x) = [ 8.1100463867200001393e-05 ]
								h    = 0
								f    = 8.1100463867200001393e-05
							} 
						} 

					} end of evaluations


				} 


			} end of extended poll

		} end of poll

		Mesh update {
			previous mesh index: 0
			new mesh index     : -1
		} 


		terminate MADS       : no
		iteration status     : dominating
		new feas. incumbent  : #31 {
			x    = ( 7106  0 )
			F(x) = [ 8.1100463867200001393e-05 ]
			h    = 0
			f    = 8.1100463867200001393e-05
		} 
		new infeas. incumbent: none

	} end of iteration 0

	MADS iteration 1 {

		blackbox evaluations : 7
		best feas. solution  : ( 7106  0 ) h=0 f=8.1100463867200001393e-05
		best infeas. solution: none
		poll center          : ( 7106  0 )
		mesh size            : (  1  1 )
		poll size            : (  2  2 )
		mesh index           : -1
		h_max                : inf

		MADS search {

			speculative search {

			} end of speculative search (unsuccessful)

		} end of search

		MADS poll {

			poll center: ( 7106  0 )

			poll directions (include mesh size parameter) {
				dir 0 : (  0 -1 ) Ortho-MADS 2n
				dir 1 : (  0  1 ) Ortho-MADS 2n
			} 

			re-ordered list of 2 poll trial points {
				#58 : ( 7106 -1 ) (dir 0)
				#59 : ( 7106  1 ) (dir 1)
			} 

			list of points evaluation (poll) {

				surrogate evaluation 1/2 {

					point #58 ( 7106 -1 )
					direction  : (  0 -1 ) Ortho-MADS 2n
					mesh index : -1


					point #58 sgte eval: failed
				} 

				surrogate evaluation 2/2 {

					point #59 ( 7106  1 )
					direction  : (  0  1 ) Ortho-MADS 2n
					mesh index : -1


					point #59 sgte eval: failed
				} 

			} end of evaluations

			re-ordered list of 2 poll trial points {

				#60: ( 7106 -1 ) (dir 0)
				#61: ( 7106  1 ) (dir 1)
			} 

			list of points evaluation (poll) {

				evaluation 1/2 {

					point #60 ( 7106 -1 )
					direction  : (  0 -1 ) Ortho-MADS 2n
					mesh index : -1

					poll unsuccessful point #60: evaluation failed
				} 

				evaluation 2/2 {

					point #61 ( 7106  1 )
					direction  : (  0  1 ) Ortho-MADS 2n
					mesh index : -1

					poll unsuccessful point #61: evaluation failed
				} 

			} end of evaluations


			MADS extended poll {


				extended poll pts sorting (on surrogates) {


					list of points evaluation (extended poll) {

						surrogate evaluation 1/16 {

							point #62 ( 5810  0 )
							mesh index : -1


							point #62 sgte eval: h=0 f=0.00086369514465300001749
						} 

						surrogate evaluation 2/16 {

							point #63 ( 6890  0 )
							mesh index : -1


							point #63 sgte eval: h=0 f=0.0010892868042000000695
						} 

						surrogate evaluation 3/16 {

							point #64 ( 7322  0 )
							mesh index : -1


							point #64 sgte eval: h=0 f=0.0011537075042700000154
						} 

						surrogate evaluation 4/16 {

							point #65 ( 266522  0 )
							mesh index : -1


							point #65 sgte eval: h=0 f=0.0019745826721200001805
						} 

						surrogate evaluation 5/16 {

							point #66 ( 274298  0 )
							mesh index : -1


							point #66 sgte eval: h=0 f=0.00094480514526399999795
						} 

						surrogate evaluation 6/16 {

							point #67 ( 7070  0 )
							mesh index : -1


							point #67 sgte eval: h=0 f=0.00082650184631300003396
						} 

						surrogate evaluation 7/16 {

							point #68 ( 194  0 )
							mesh index : -1


							point #68 sgte eval: h=0 f=0.00081219673156699995903
						} 

						surrogate evaluation 8/16 {

							point #69 ( 194  0 )
							mesh index : -1

							surrogate cache hit: #69 --> #68

							point #68 sgte eval: h=0 f=0.00081219673156699995903
						} 

						surrogate evaluation 9/16 {

							point #70 ( 7100  0 )
							mesh index : -1


							point #70 sgte eval: h=0 f=0.00083661079406699998071
						} 

						surrogate evaluation 10/16 {

							point #71 ( 7112  0 )
							mesh index : -1


							point #71 sgte eval: h=0 f=0.00091578960418699998768
						} 

						surrogate evaluation 11/16 {

							point #72 ( 256232  0 )
							mesh index : -1


							point #72 sgte eval: h=0 f=0.001672291755679999924
						} 

						surrogate evaluation 12/16 {

							point #73 ( 256448  0 )
							mesh index : -1


							point #73 sgte eval: h=0 f=0.0012111902236899999095
						} 

						surrogate evaluation 13/16 {

							point #74 ( 7105  0 )
							mesh index : -1


							point #74 sgte eval: h=0 f=0.00085101127624500000693
						} 

						surrogate evaluation 14/16 {

							point #75 ( 7107  0 )
							mesh index : -1


							point #75 sgte eval: h=0 f=0.00089108943939199996339
						} 

						surrogate evaluation 15/16 {

							point #76 ( 255897  0 )
							mesh index : -1


							point #76 sgte eval: h=0 f=0.00096201896667499995231
						} 

						surrogate evaluation 16/16 {

							point #77 ( 255933  0 )
							mesh index : -1


							point #77 sgte eval: h=0 f=0.0010824918746899999961
						} 

					} end of evaluations


					sorted ext poll pts {

						point # 1/15 : (   194     0 )
						point # 2/15 : (  7070     0 )
						point # 3/15 : (  7100     0 )
						point # 4/15 : (  7105     0 )
						point # 5/15 : (  5810     0 )
						point # 6/15 : (  7107     0 )
						point # 7/15 : (  7112     0 )
						point # 8/15 : ( 274298     0 )
						point # 9/15 : ( 255897     0 )
						point #10/15 : ( 255933     0 )
						point #11/15 : (  6890     0 )
						point #12/15 : (  7322     0 )
						point #13/15 : ( 256448     0 )
						point #14/15 : ( 256232     0 )
						point #15/15 : ( 266522     0 )

					} 


				} end of ext poll pts sorting (on surrogates)


				extended poll point eval {

					extended poll point = (   194     0 )

					list of points evaluation (extended poll) {

						evaluation 1/1 {

							point #78 ( 194  0 )
							mesh index : -1

							extended poll unsuccessful point #78 [ h=0 f=8.4478855133100004917e-05 ]
						} 

					} end of evaluations


				} 


				extended poll center: (   194     0 )

				perform extended poll descent ...... yes

				extended poll descent (on surrogates) {

					       iteration = 1
					 blackbox eval.  = 10
					      sgte eval. = 46
					      mesh index = -1
					ext. poll center = (   194     0 ) f=8.4478855133100004917e-05 h=0


					MADS run {

						46+SGTE	OBJ	(ext-poll--surrogate)

						46+ 0	0.00081219673156699996	(ext-poll--surrogate)

					} end of run (max mesh index)

					blackbox evaluations    : 0
					best feasible solution  : ( 194 0 ) h=0 f=0.00081219673156699995903

				} end of extended poll descent (unsuccessful)


				extended poll point eval {

					extended poll point = (  7070     0 )

					list of points evaluation (extended poll) {

						evaluation 1/1 {

							point #79 ( 7070  0 )
							mesh index : -1

							extended poll unsuccessful point #79 [ h=0 f=8.2669258117700001784e-05 ]
						} 

					} end of evaluations


				} 


				extended poll center: (  7070     0 )

				perform extended poll descent ...... yes

				extended poll descent (on surrogates) {

					       iteration = 1
					 blackbox eval.  = 11
					      sgte eval. = 48
					      mesh index = -1
					ext. poll center = (  7070     0 ) f=8.2669258117700001784e-05 h=0


					MADS run {

						48+SGTE	OBJ	(ext-poll--surrogate)

						48+ 0	0.00082650184631300003	(ext-poll--surrogate)

					} end of run (max mesh index)

					blackbox evaluations    : 0
					best feasible solution  : ( 7070 0 ) h=0 f=0.00082650184631300003396

				} end of extended poll descent (unsuccessful)


				extended poll point eval {

					extended poll point = (  7100     0 )

					list of points evaluation (extended poll) {

						evaluation 1/1 {

							point #80 ( 7100  0 )
							mesh index : -1

							extended poll unsuccessful point #80 [ h=0 f=0.00013005018234300000975 ]
						} 

					} end of evaluations


				} 


				extended poll center: (  7100     0 )

				perform extended poll descent ...... no

				extended poll point eval {

					extended poll point = (  7105     0 )

					list of points evaluation (extended poll) {

						evaluation 1/1 {

							point #81 ( 7105  0 )
							mesh index : -1

							extended poll unsuccessful point #81 [ h=0 f=0.00011430025100700000221 ]
						} 

					} end of evaluations


				} 


				extended poll center: (  7105     0 )

				perform extended poll descent ...... no

				extended poll point eval {

					extended poll point = (  5810     0 )

					list of points evaluation (extended poll) {

						evaluation 1/1 {

							point #82 ( 5810  0 )
							mesh index : -1

							extended poll unsuccessful point #82 [ h=0 f=8.8601112365699997509e-05 ]
						} 

					} end of evaluations


				} 


				extended poll center: (  5810     0 )

				perform extended poll descent ...... yes

				extended poll descent (on surrogates) {

					       iteration = 1
					 blackbox eval.  = 14
					      sgte eval. = 50
					      mesh index = -1
					ext. poll center = (  5810     0 ) f=8.8601112365699997509e-05 h=0


					MADS run {

						50+SGTE	OBJ	(ext-poll--surrogate)

						50+ 0	0.00086369514465300002	(ext-poll--surrogate)

					} end of run (max mesh index)

					blackbox evaluations    : 0
					best feasible solution  : ( 5810 0 ) h=0 f=0.00086369514465300001749

				} end of extended poll descent (unsuccessful)


				extended poll point eval {

					extended poll point = (  7107     0 )

					list of points evaluation (extended poll) {

						evaluation 1/1 {

							point #83 ( 7107  0 )
							mesh index : -1

							extended poll unsuccessful point #83 [ h=0 f=0.00010408878326400000224 ]
						} 

					} end of evaluations


				} 


				extended poll center: (  7107     0 )

				perform extended poll descent ...... no

				extended poll point eval {

					extended poll point = (  7112     0 )

					list of points evaluation (extended poll) {

						evaluation 1/1 {

							point #84 ( 7112  0 )
							mesh index : -1

							extended poll unsuccessful point #84 [ h=0 f=0.00010196924209599999797 ]
						} 

					} end of evaluations


				} 


				extended poll center: (  7112     0 )

				perform extended poll descent ...... no

				extended poll point eval {

					extended poll point = ( 274298     0 )

					list of points evaluation (extended poll) {

						evaluation 1/1 {

							point #85 ( 274298  0 )
							mesh index : -1

							extended poll unsuccessful point #85 [ h=0 f=0.00016041994094799998756 ]
						} 

					} end of evaluations


				} 


				extended poll center: ( 274298     0 )

				perform extended poll descent ...... no

				extended poll point eval {

					extended poll point = ( 255897     0 )

					list of points evaluation (extended poll) {

						evaluation 1/1 {

							point #86 ( 255897  0 )
							mesh index : -1

							extended poll unsuccessful point #86 [ h=0 f=0.000112700462341 ]
						} 

					} end of evaluations


				} 


				extended poll center: ( 255897     0 )

				perform extended poll descent ...... no

				extended poll point eval {

					extended poll point = ( 255933     0 )

					list of points evaluation (extended poll) {

						evaluation 1/1 {

							point #87 ( 255933  0 )
							mesh index : -1

							extended poll unsuccessful point #87 [ h=0 f=0.00010986089706399999573 ]
						} 

					} end of evaluations


				} 


				extended poll center: ( 255933     0 )

				perform extended poll descent ...... no

				extended poll point eval {

					extended poll point = (  6890     0 )

					list of points evaluation (extended poll) {

						evaluation 1/1 {

							point #88 ( 6890  0 )
							mesh index : -1

							extended poll unsuccessful point #88 [ h=0 f=9.1509819030800003013e-05 ]
						} 

					} end of evaluations


				} 


				extended poll center: (  6890     0 )

				perform extended poll descent ...... no

				extended poll point eval {

					extended poll point = (  7322     0 )

					list of points evaluation (extended poll) {

						evaluation 1/1 {

							point #89 ( 7322  0 )
							mesh index : -1

							extended poll unsuccessful point #89 [ h=0 f=0.00011124134063699999905 ]
						} 

					} end of evaluations


				} 


				extended poll center: (  7322     0 )

				perform extended poll descent ...... no

				extended poll point eval {

					extended poll point = ( 256448     0 )

					list of points evaluation (extended poll) {

						evaluation 1/1 {

							point #90 ( 256448  0 )
							mesh index : -1

							extended poll unsuccessful point #90 [ h=0 f=8.6488723754899994936e-05 ]
						} 

					} end of evaluations


				} 


				extended poll center: ( 256448     0 )

				perform extended poll descent ...... yes

				extended poll descent (on surrogates) {

					       iteration = 1
					 blackbox eval.  = 22
					      sgte eval. = 52
					      mesh index = -1
					ext. poll center = ( 256448     0 ) f=8.6488723754899994936e-05 h=0


					MADS run {

						52+SGTE	OBJ	(ext-poll--surrogate)

						52+ 0	0.00121119022368999991	(ext-poll--surrogate)

					} end of run (max mesh index)

					blackbox evaluations    : 0
					best feasible solution  : ( 256448 0 ) h=0 f=0.0012111902236899999095

				} end of extended poll descent (unsuccessful)


				extended poll point eval {

					extended poll point = ( 256232     0 )

					list of points evaluation (extended poll) {

						evaluation 1/1 {

							point #91 ( 256232  0 )
							mesh index : -1

							extended poll unsuccessful point #91 [ h=0 f=0.00013745069503800000691 ]
						} 

					} end of evaluations


				} 


				extended poll center: ( 256232     0 )

				perform extended poll descent ...... no

				extended poll point eval {

					extended poll point = ( 266522     0 )

					list of points evaluation (extended poll) {

						evaluation 1/1 {

							point #92 ( 266522  0 )
							mesh index : -1

							extended poll unsuccessful point #92 [ h=0 f=0.00014369964599600000012 ]
						} 

					} end of evaluations


				} 


				extended poll center: ( 266522     0 )

				perform extended poll descent ...... no

			} end of extended poll

		} end of poll

		Mesh update {
			previous mesh index: -1
			new mesh index     : 0
		} 


		terminate MADS       : no
		iteration status     : unsuccessful
		new feas. incumbent  : none
		new infeas. incumbent: none

	} end of iteration 1

	MADS iteration 2 {

		blackbox evaluations : 24
		best feas. solution  : ( 7106  0 ) h=0 f=8.1100463867200001393e-05
		best infeas. solution: none
		poll center          : ( 7106  0 )
		mesh size            : (  1  1 )
		poll size            : (  1  1 )
		mesh index           : 0
		h_max                : inf

		MADS search {
		} end of search

		MADS poll {

			poll center: ( 7106  0 )

			poll directions (include mesh size parameter) {
				dir 0 : (  0 -1 ) Ortho-MADS 2n
				dir 1 : (  0  1 ) Ortho-MADS 2n
			} 

			re-ordered list of 2 poll trial points {
				#105 : ( 7106 -1 ) (dir 0)
				#106 : ( 7106  1 ) (dir 1)
			} 

			list of points evaluation (poll) {

				surrogate evaluation 1/2 {

					point #105 ( 7106 -1 )
					direction  : (  0 -1 ) Ortho-MADS 2n
					mesh index : 0

					surrogate cache hit: #105 --> #58

					point #58 sgte eval: failed
				} 

				surrogate evaluation 2/2 {

					point #106 ( 7106  1 )
					direction  : (  0  1 ) Ortho-MADS 2n
					mesh index : 0

					surrogate cache hit: #106 --> #59

					point #59 sgte eval: failed
				} 

			} end of evaluations

			re-ordered list of 2 poll trial points {

				#107: ( 7106 -1 ) (dir 0)
				#108: ( 7106  1 ) (dir 1)
			} 

			list of points evaluation (poll) {

				evaluation 1/2 {

					point #107 ( 7106 -1 )
					direction  : (  0 -1 ) Ortho-MADS 2n
					mesh index : -1

					cache hit: #107 --> #60
					poll unsuccessful point #60: evaluation failed
				} 

				evaluation 2/2 {

					point #108 ( 7106  1 )
					direction  : (  0  1 ) Ortho-MADS 2n
					mesh index : -1

					cache hit: #108 --> #61
					poll unsuccessful point #61: evaluation failed
				} 

			} end of evaluations


			MADS extended poll {


				extended poll pts sorting (on surrogates) {


					list of points evaluation (extended poll) {

						surrogate evaluation 1/16 {

							point #109 ( 5810  0 )
							mesh index : 0

							surrogate cache hit: #109 --> #62

							point #62 sgte eval: h=0 f=0.00086369514465300001749
						} 

						surrogate evaluation 2/16 {

							point #110 ( 6890  0 )
							mesh index : 0

							surrogate cache hit: #110 --> #63

							point #63 sgte eval: h=0 f=0.0010892868042000000695
						} 

						surrogate evaluation 3/16 {

							point #111 ( 7322  0 )
							mesh index : 0

							surrogate cache hit: #111 --> #64

							point #64 sgte eval: h=0 f=0.0011537075042700000154
						} 

						surrogate evaluation 4/16 {

							point #112 ( 266522  0 )
							mesh index : 0

							surrogate cache hit: #112 --> #65

							point #65 sgte eval: h=0 f=0.0019745826721200001805
						} 

						surrogate evaluation 5/16 {

							point #113 ( 274298  0 )
							mesh index : 0

							surrogate cache hit: #113 --> #66

							point #66 sgte eval: h=0 f=0.00094480514526399999795
						} 

						surrogate evaluation 6/16 {

							point #114 ( 7070  0 )
							mesh index : 0

							surrogate cache hit: #114 --> #67

							point #67 sgte eval: h=0 f=0.00082650184631300003396
						} 

						surrogate evaluation 7/16 {

							point #115 ( 194  0 )
							mesh index : 0

							surrogate cache hit: #115 --> #68

							point #68 sgte eval: h=0 f=0.00081219673156699995903
						} 

						surrogate evaluation 8/16 {

							point #116 ( 194  0 )
							mesh index : 0

							surrogate cache hit: #116 --> #68

							point #68 sgte eval: h=0 f=0.00081219673156699995903
						} 

						surrogate evaluation 9/16 {

							point #117 ( 7100  0 )
							mesh index : 0

							surrogate cache hit: #117 --> #70

							point #70 sgte eval: h=0 f=0.00083661079406699998071
						} 

						surrogate evaluation 10/16 {

							point #118 ( 7112  0 )
							mesh index : 0

							surrogate cache hit: #118 --> #71

							point #71 sgte eval: h=0 f=0.00091578960418699998768
						} 

						surrogate evaluation 11/16 {

							point #119 ( 256232  0 )
							mesh index : 0

							surrogate cache hit: #119 --> #72

							point #72 sgte eval: h=0 f=0.001672291755679999924
						} 

						surrogate evaluation 12/16 {

							point #120 ( 256448  0 )
							mesh index : 0

							surrogate cache hit: #120 --> #73

							point #73 sgte eval: h=0 f=0.0012111902236899999095
						} 

						surrogate evaluation 13/16 {

							point #121 ( 7105  0 )
							mesh index : 0

							surrogate cache hit: #121 --> #74

							point #74 sgte eval: h=0 f=0.00085101127624500000693
						} 

						surrogate evaluation 14/16 {

							point #122 ( 7107  0 )
							mesh index : 0

							surrogate cache hit: #122 --> #75

							point #75 sgte eval: h=0 f=0.00089108943939199996339
						} 

						surrogate evaluation 15/16 {

							point #123 ( 255897  0 )
							mesh index : 0

							surrogate cache hit: #123 --> #76

							point #76 sgte eval: h=0 f=0.00096201896667499995231
						} 

						surrogate evaluation 16/16 {

							point #124 ( 255933  0 )
							mesh index : 0

							surrogate cache hit: #124 --> #77

							point #77 sgte eval: h=0 f=0.0010824918746899999961
						} 

					} end of evaluations


					sorted ext poll pts {

						point # 1/15 : (   194     0 )
						point # 2/15 : (  7070     0 )
						point # 3/15 : (  7100     0 )
						point # 4/15 : (  7105     0 )
						point # 5/15 : (  5810     0 )
						point # 6/15 : (  7107     0 )
						point # 7/15 : (  7112     0 )
						point # 8/15 : ( 274298     0 )
						point # 9/15 : ( 255897     0 )
						point #10/15 : ( 255933     0 )
						point #11/15 : (  6890     0 )
						point #12/15 : (  7322     0 )
						point #13/15 : ( 256448     0 )
						point #14/15 : ( 256232     0 )
						point #15/15 : ( 266522     0 )

					} 


				} end of ext poll pts sorting (on surrogates)


				extended poll point eval {

					extended poll point = (   194     0 )

					list of points evaluation (extended poll) {

						evaluation 1/1 {

							point #125 ( 194  0 )
							mesh index : 0

							cache hit: #125 --> #78
							extended poll unsuccessful point #78 [ h=0 f=8.4478855133100004917e-05 ]
						} 

					} end of evaluations


				} 


				extended poll center: (   194     0 )

				perform extended poll descent ...... yes

				extended poll descent (on surrogates) {

					       iteration = 2
					 blackbox eval.  = 24
					      sgte eval. = 54
					      mesh index = 0
					ext. poll center = (   194     0 ) f=8.4478855133100004917e-05 h=0


					MADS run {

						54+SGTE	OBJ	(ext-poll--surrogate)

						54+ 0	0.00081219673156699996	(ext-poll--surrogate)

					} end of run (max mesh index)

					blackbox evaluations    : 0
					best feasible solution  : ( 194 0 ) h=0 f=0.00081219673156699995903

				} end of extended poll descent (unsuccessful)


				extended poll point eval {

					extended poll point = (  7070     0 )

					list of points evaluation (extended poll) {

						evaluation 1/1 {

							point #126 ( 7070  0 )
							mesh index : 0

							cache hit: #126 --> #79
							extended poll unsuccessful point #79 [ h=0 f=8.2669258117700001784e-05 ]
						} 

					} end of evaluations


				} 


				extended poll center: (  7070     0 )

				perform extended poll descent ...... yes

				extended poll descent (on surrogates) {

					       iteration = 2
					 blackbox eval.  = 24
					      sgte eval. = 54
					      mesh index = 0
					ext. poll center = (  7070     0 ) f=8.2669258117700001784e-05 h=0


					MADS run {

						54+SGTE	OBJ	(ext-poll--surrogate)

						54+ 0	0.00082650184631300003	(ext-poll--surrogate)

					} end of run (max mesh index)

					blackbox evaluations    : 0
					best feasible solution  : ( 7070 0 ) h=0 f=0.00082650184631300003396

				} end of extended poll descent (unsuccessful)


				extended poll point eval {

					extended poll point = (  7100     0 )

					list of points evaluation (extended poll) {

						evaluation 1/1 {

							point #127 ( 7100  0 )
							mesh index : 0

							cache hit: #127 --> #80
							extended poll unsuccessful point #80 [ h=0 f=0.00013005018234300000975 ]
						} 

					} end of evaluations


				} 


				extended poll center: (  7100     0 )

				perform extended poll descent ...... no

				extended poll point eval {

					extended poll point = (  7105     0 )

					list of points evaluation (extended poll) {

						evaluation 1/1 {

							point #128 ( 7105  0 )
							mesh index : 0

							cache hit: #128 --> #81
							extended poll unsuccessful point #81 [ h=0 f=0.00011430025100700000221 ]
						} 

					} end of evaluations


				} 


				extended poll center: (  7105     0 )

				perform extended poll descent ...... no

				extended poll point eval {

					extended poll point = (  5810     0 )

					list of points evaluation (extended poll) {

						evaluation 1/1 {

							point #129 ( 5810  0 )
							mesh index : 0

							cache hit: #129 --> #82
							extended poll unsuccessful point #82 [ h=0 f=8.8601112365699997509e-05 ]
						} 

					} end of evaluations


				} 


				extended poll center: (  5810     0 )

				perform extended poll descent ...... yes

				extended poll descent (on surrogates) {

					       iteration = 2
					 blackbox eval.  = 24
					      sgte eval. = 54
					      mesh index = 0
					ext. poll center = (  5810     0 ) f=8.8601112365699997509e-05 h=0


					MADS run {

						54+SGTE	OBJ	(ext-poll--surrogate)

						54+ 0	0.00086369514465300002	(ext-poll--surrogate)

					} end of run (max mesh index)

					blackbox evaluations    : 0
					best feasible solution  : ( 5810 0 ) h=0 f=0.00086369514465300001749

				} end of extended poll descent (unsuccessful)


				extended poll point eval {

					extended poll point = (  7107     0 )

					list of points evaluation (extended poll) {

						evaluation 1/1 {

							point #130 ( 7107  0 )
							mesh index : 0

							cache hit: #130 --> #83
							extended poll unsuccessful point #83 [ h=0 f=0.00010408878326400000224 ]
						} 

					} end of evaluations


				} 


				extended poll center: (  7107     0 )

				perform extended poll descent ...... no

				extended poll point eval {

					extended poll point = (  7112     0 )

					list of points evaluation (extended poll) {

						evaluation 1/1 {

							point #131 ( 7112  0 )
							mesh index : 0

							cache hit: #131 --> #84
							extended poll unsuccessful point #84 [ h=0 f=0.00010196924209599999797 ]
						} 

					} end of evaluations


				} 


				extended poll center: (  7112     0 )

				perform extended poll descent ...... no

				extended poll point eval {

					extended poll point = ( 274298     0 )

					list of points evaluation (extended poll) {

						evaluation 1/1 {

							point #132 ( 274298  0 )
							mesh index : 0

							cache hit: #132 --> #85
							extended poll unsuccessful point #85 [ h=0 f=0.00016041994094799998756 ]
						} 

					} end of evaluations


				} 


				extended poll center: ( 274298     0 )

				perform extended poll descent ...... no

				extended poll point eval {

					extended poll point = ( 255897     0 )

					list of points evaluation (extended poll) {

						evaluation 1/1 {

							point #133 ( 255897  0 )
							mesh index : 0

							cache hit: #133 --> #86
							extended poll unsuccessful point #86 [ h=0 f=0.000112700462341 ]
						} 

					} end of evaluations


				} 


				extended poll center: ( 255897     0 )

				perform extended poll descent ...... no

				extended poll point eval {

					extended poll point = ( 255933     0 )

					list of points evaluation (extended poll) {

						evaluation 1/1 {

							point #134 ( 255933  0 )
							mesh index : 0

							cache hit: #134 --> #87
							extended poll unsuccessful point #87 [ h=0 f=0.00010986089706399999573 ]
						} 

					} end of evaluations


				} 


				extended poll center: ( 255933     0 )

				perform extended poll descent ...... no

				extended poll point eval {

					extended poll point = (  6890     0 )

					list of points evaluation (extended poll) {

						evaluation 1/1 {

							point #135 ( 6890  0 )
							mesh index : 0

							cache hit: #135 --> #88
							extended poll unsuccessful point #88 [ h=0 f=9.1509819030800003013e-05 ]
						} 

					} end of evaluations


				} 


				extended poll center: (  6890     0 )

				perform extended poll descent ...... no

				extended poll point eval {

					extended poll point = (  7322     0 )

					list of points evaluation (extended poll) {

						evaluation 1/1 {

							point #136 ( 7322  0 )
							mesh index : 0

							cache hit: #136 --> #89
							extended poll unsuccessful point #89 [ h=0 f=0.00011124134063699999905 ]
						} 

					} end of evaluations


				} 


				extended poll center: (  7322     0 )

				perform extended poll descent ...... no

				extended poll point eval {

					extended poll point = ( 256448     0 )

					list of points evaluation (extended poll) {

						evaluation 1/1 {

							point #137 ( 256448  0 )
							mesh index : 0

							cache hit: #137 --> #90
							extended poll unsuccessful point #90 [ h=0 f=8.6488723754899994936e-05 ]
						} 

					} end of evaluations


				} 


				extended poll center: ( 256448     0 )

				perform extended poll descent ...... yes

				extended poll descent (on surrogates) {

					       iteration = 2
					 blackbox eval.  = 24
					      sgte eval. = 54
					      mesh index = 0
					ext. poll center = ( 256448     0 ) f=8.6488723754899994936e-05 h=0


					MADS run {

						54+SGTE	OBJ	(ext-poll--surrogate)

						54+ 0	0.00121119022368999991	(ext-poll--surrogate)

					} end of run (max mesh index)

					blackbox evaluations    : 0
					best feasible solution  : ( 256448 0 ) h=0 f=0.0012111902236899999095

				} end of extended poll descent (unsuccessful)


				extended poll point eval {

					extended poll point = ( 256232     0 )

					list of points evaluation (extended poll) {

						evaluation 1/1 {

							point #138 ( 256232  0 )
							mesh index : 0

							cache hit: #138 --> #91
							extended poll unsuccessful point #91 [ h=0 f=0.00013745069503800000691 ]
						} 

					} end of evaluations


				} 


				extended poll center: ( 256232     0 )

				perform extended poll descent ...... no

				extended poll point eval {

					extended poll point = ( 266522     0 )

					list of points evaluation (extended poll) {

						evaluation 1/1 {

							point #139 ( 266522  0 )
							mesh index : 0

							cache hit: #139 --> #92
							extended poll unsuccessful point #92 [ h=0 f=0.00014369964599600000012 ]
						} 

					} end of evaluations


				} 


				extended poll center: ( 266522     0 )

				perform extended poll descent ...... no

			} end of extended poll

		} end of poll

		Mesh update {
			previous mesh index: 0
			new mesh index     : 1
		} 


		terminate MADS       : no
		iteration status     : unsuccessful
		new feas. incumbent  : none
		new infeas. incumbent: none

	} end of iteration 2

	MADS iteration 3 {

		blackbox evaluations : 24
		best feas. solution  : ( 7106  0 ) h=0 f=8.1100463867200001393e-05
		best infeas. solution: none
		poll center          : ( 7106  0 )
		mesh size            : ( 0.25 0.25 )
		poll size            : ( 0.5 0.5 )
		mesh index           : 1
		h_max                : inf

		MADS search {
		} end of search

		MADS poll {

			poll center: ( 7106  0 )

			poll directions (include mesh size parameter) {
				dir 0 : (  0 -1 ) Ortho-MADS 2n
				dir 1 : (  0  1 ) Ortho-MADS 2n
			} 

			re-ordered list of 2 poll trial points {
				#152 : ( 7106 -1 ) (dir 0)
				#153 : ( 7106  1 ) (dir 1)
			} 

			list of points evaluation (poll) {

				surrogate evaluation 1/2 {

					point #152 ( 7106 -1 )
					direction  : (  0 -1 ) Ortho-MADS 2n
					mesh index : 1

					surrogate cache hit: #152 --> #58

					point #58 sgte eval: failed
				} 

				surrogate evaluation 2/2 {

					point #153 ( 7106  1 )
					direction  : (  0  1 ) Ortho-MADS 2n
					mesh index : 1

					surrogate cache hit: #153 --> #59

					point #59 sgte eval: failed
				} 

			} end of evaluations

			re-ordered list of 2 poll trial points {

				#154: ( 7106 -1 ) (dir 0)
				#155: ( 7106  1 ) (dir 1)
			} 

			list of points evaluation (poll) {

				evaluation 1/2 {

					point #154 ( 7106 -1 )
					direction  : (  0 -1 ) Ortho-MADS 2n
					mesh index : -1

					cache hit: #154 --> #60
					poll unsuccessful point #60: evaluation failed
				} 

				evaluation 2/2 {

					point #155 ( 7106  1 )
					direction  : (  0  1 ) Ortho-MADS 2n
					mesh index : -1

					cache hit: #155 --> #61
					poll unsuccessful point #61: evaluation failed
				} 

			} end of evaluations


			MADS extended poll {


				extended poll pts sorting (on surrogates) {


					list of points evaluation (extended poll) {

						surrogate evaluation 1/16 {

							point #156 ( 5810  0 )
							mesh index : 1

							surrogate cache hit: #156 --> #62

							point #62 sgte eval: h=0 f=0.00086369514465300001749
						} 

						surrogate evaluation 2/16 {

							point #157 ( 6890  0 )
							mesh index : 1

							surrogate cache hit: #157 --> #63

							point #63 sgte eval: h=0 f=0.0010892868042000000695
						} 

						surrogate evaluation 3/16 {

							point #158 ( 7322  0 )
							mesh index : 1

							surrogate cache hit: #158 --> #64

							point #64 sgte eval: h=0 f=0.0011537075042700000154
						} 

						surrogate evaluation 4/16 {

							point #159 ( 266522  0 )
							mesh index : 1

							surrogate cache hit: #159 --> #65

							point #65 sgte eval: h=0 f=0.0019745826721200001805
						} 

						surrogate evaluation 5/16 {

							point #160 ( 274298  0 )
							mesh index : 1

							surrogate cache hit: #160 --> #66

							point #66 sgte eval: h=0 f=0.00094480514526399999795
						} 

						surrogate evaluation 6/16 {

							point #161 ( 7070  0 )
							mesh index : 1

							surrogate cache hit: #161 --> #67

							point #67 sgte eval: h=0 f=0.00082650184631300003396
						} 

						surrogate evaluation 7/16 {

							point #162 ( 194  0 )
							mesh index : 1

							surrogate cache hit: #162 --> #68

							point #68 sgte eval: h=0 f=0.00081219673156699995903
						} 

						surrogate evaluation 8/16 {

							point #163 ( 194  0 )
							mesh index : 1

							surrogate cache hit: #163 --> #68

							point #68 sgte eval: h=0 f=0.00081219673156699995903
						} 

						surrogate evaluation 9/16 {

							point #164 ( 7100  0 )
							mesh index : 1

							surrogate cache hit: #164 --> #70

							point #70 sgte eval: h=0 f=0.00083661079406699998071
						} 

						surrogate evaluation 10/16 {

							point #165 ( 7112  0 )
							mesh index : 1

							surrogate cache hit: #165 --> #71

							point #71 sgte eval: h=0 f=0.00091578960418699998768
						} 

						surrogate evaluation 11/16 {

							point #166 ( 256232  0 )
							mesh index : 1

							surrogate cache hit: #166 --> #72

							point #72 sgte eval: h=0 f=0.001672291755679999924
						} 

						surrogate evaluation 12/16 {

							point #167 ( 256448  0 )
							mesh index : 1

							surrogate cache hit: #167 --> #73

							point #73 sgte eval: h=0 f=0.0012111902236899999095
						} 

						surrogate evaluation 13/16 {

							point #168 ( 7105  0 )
							mesh index : 1

							surrogate cache hit: #168 --> #74

							point #74 sgte eval: h=0 f=0.00085101127624500000693
						} 

						surrogate evaluation 14/16 {

							point #169 ( 7107  0 )
							mesh index : 1

							surrogate cache hit: #169 --> #75

							point #75 sgte eval: h=0 f=0.00089108943939199996339
						} 

						surrogate evaluation 15/16 {

							point #170 ( 255897  0 )
							mesh index : 1

							surrogate cache hit: #170 --> #76

							point #76 sgte eval: h=0 f=0.00096201896667499995231
						} 

						surrogate evaluation 16/16 {

							point #171 ( 255933  0 )
							mesh index : 1

							surrogate cache hit: #171 --> #77

							point #77 sgte eval: h=0 f=0.0010824918746899999961
						} 

					} end of evaluations


					sorted ext poll pts {

						point # 1/15 : (   194     0 )
						point # 2/15 : (  7070     0 )
						point # 3/15 : (  7100     0 )
						point # 4/15 : (  7105     0 )
						point # 5/15 : (  5810     0 )
						point # 6/15 : (  7107     0 )
						point # 7/15 : (  7112     0 )
						point # 8/15 : ( 274298     0 )
						point # 9/15 : ( 255897     0 )
						point #10/15 : ( 255933     0 )
						point #11/15 : (  6890     0 )
						point #12/15 : (  7322     0 )
						point #13/15 : ( 256448     0 )
						point #14/15 : ( 256232     0 )
						point #15/15 : ( 266522     0 )

					} 


				} end of ext poll pts sorting (on surrogates)


				extended poll point eval {

					extended poll point = (   194     0 )

					list of points evaluation (extended poll) {

						evaluation 1/1 {

							point #172 ( 194  0 )
							mesh index : 1

							cache hit: #172 --> #78
							extended poll unsuccessful point #78 [ h=0 f=8.4478855133100004917e-05 ]
						} 

					} end of evaluations


				} 


				extended poll center: (   194     0 )

				perform extended poll descent ...... yes

				extended poll descent (on surrogates) {

					       iteration = 3
					 blackbox eval.  = 24
					      sgte eval. = 54
					      mesh index = 1
					ext. poll center = (   194     0 ) f=8.4478855133100004917e-05 h=0


					MADS run {

						54+SGTE	OBJ	(ext-poll--surrogate)

						54+ 0	0.00081219673156699996	(ext-poll--surrogate)

					} end of run (max mesh index)

					blackbox evaluations    : 0
					best feasible solution  : ( 194 0 ) h=0 f=0.00081219673156699995903

				} end of extended poll descent (unsuccessful)


				extended poll point eval {

					extended poll point = (  7070     0 )

					list of points evaluation (extended poll) {

						evaluation 1/1 {

							point #173 ( 7070  0 )
							mesh index : 1

							cache hit: #173 --> #79
							extended poll unsuccessful point #79 [ h=0 f=8.2669258117700001784e-05 ]
						} 

					} end of evaluations


				} 


				extended poll center: (  7070     0 )

				perform extended poll descent ...... yes

				extended poll descent (on surrogates) {

					       iteration = 3
					 blackbox eval.  = 24
					      sgte eval. = 54
					      mesh index = 1
					ext. poll center = (  7070     0 ) f=8.2669258117700001784e-05 h=0


					MADS run {

						54+SGTE	OBJ	(ext-poll--surrogate)

						54+ 0	0.00082650184631300003	(ext-poll--surrogate)

					} end of run (max mesh index)

					blackbox evaluations    : 0
					best feasible solution  : ( 7070 0 ) h=0 f=0.00082650184631300003396

				} end of extended poll descent (unsuccessful)


				extended poll point eval {

					extended poll point = (  7100     0 )

					list of points evaluation (extended poll) {

						evaluation 1/1 {

							point #174 ( 7100  0 )
							mesh index : 1

							cache hit: #174 --> #80
							extended poll unsuccessful point #80 [ h=0 f=0.00013005018234300000975 ]
						} 

					} end of evaluations


				} 


				extended poll center: (  7100     0 )

				perform extended poll descent ...... no

				extended poll point eval {

					extended poll point = (  7105     0 )

					list of points evaluation (extended poll) {

						evaluation 1/1 {

							point #175 ( 7105  0 )
							mesh index : 1

							cache hit: #175 --> #81
							extended poll unsuccessful point #81 [ h=0 f=0.00011430025100700000221 ]
						} 

					} end of evaluations


				} 


				extended poll center: (  7105     0 )

				perform extended poll descent ...... no

				extended poll point eval {

					extended poll point = (  5810     0 )

					list of points evaluation (extended poll) {

						evaluation 1/1 {

							point #176 ( 5810  0 )
							mesh index : 1

							cache hit: #176 --> #82
							extended poll unsuccessful point #82 [ h=0 f=8.8601112365699997509e-05 ]
						} 

					} end of evaluations


				} 


				extended poll center: (  5810     0 )

				perform extended poll descent ...... yes

				extended poll descent (on surrogates) {

					       iteration = 3
					 blackbox eval.  = 24
					      sgte eval. = 54
					      mesh index = 1
					ext. poll center = (  5810     0 ) f=8.8601112365699997509e-05 h=0


					MADS run {

						54+SGTE	OBJ	(ext-poll--surrogate)

						54+ 0	0.00086369514465300002	(ext-poll--surrogate)

					} end of run (max mesh index)

					blackbox evaluations    : 0
					best feasible solution  : ( 5810 0 ) h=0 f=0.00086369514465300001749

				} end of extended poll descent (unsuccessful)


				extended poll point eval {

					extended poll point = (  7107     0 )

					list of points evaluation (extended poll) {

						evaluation 1/1 {

							point #177 ( 7107  0 )
							mesh index : 1

							cache hit: #177 --> #83
							extended poll unsuccessful point #83 [ h=0 f=0.00010408878326400000224 ]
						} 

					} end of evaluations


				} 


				extended poll center: (  7107     0 )

				perform extended poll descent ...... no

				extended poll point eval {

					extended poll point = (  7112     0 )

					list of points evaluation (extended poll) {

						evaluation 1/1 {

							point #178 ( 7112  0 )
							mesh index : 1

							cache hit: #178 --> #84
							extended poll unsuccessful point #84 [ h=0 f=0.00010196924209599999797 ]
						} 

					} end of evaluations


				} 


				extended poll center: (  7112     0 )

				perform extended poll descent ...... no

				extended poll point eval {

					extended poll point = ( 274298     0 )

					list of points evaluation (extended poll) {

						evaluation 1/1 {

							point #179 ( 274298  0 )
							mesh index : 1

							cache hit: #179 --> #85
							extended poll unsuccessful point #85 [ h=0 f=0.00016041994094799998756 ]
						} 

					} end of evaluations


				} 


				extended poll center: ( 274298     0 )

				perform extended poll descent ...... no

				extended poll point eval {

					extended poll point = ( 255897     0 )

					list of points evaluation (extended poll) {

						evaluation 1/1 {

							point #180 ( 255897  0 )
							mesh index : 1

							cache hit: #180 --> #86
							extended poll unsuccessful point #86 [ h=0 f=0.000112700462341 ]
						} 

					} end of evaluations


				} 


				extended poll center: ( 255897     0 )

				perform extended poll descent ...... no

				extended poll point eval {

					extended poll point = ( 255933     0 )

					list of points evaluation (extended poll) {

						evaluation 1/1 {

							point #181 ( 255933  0 )
							mesh index : 1

							cache hit: #181 --> #87
							extended poll unsuccessful point #87 [ h=0 f=0.00010986089706399999573 ]
						} 

					} end of evaluations


				} 


				extended poll center: ( 255933     0 )

				perform extended poll descent ...... no

				extended poll point eval {

					extended poll point = (  6890     0 )

					list of points evaluation (extended poll) {

						evaluation 1/1 {

							point #182 ( 6890  0 )
							mesh index : 1

							cache hit: #182 --> #88
							extended poll unsuccessful point #88 [ h=0 f=9.1509819030800003013e-05 ]
						} 

					} end of evaluations


				} 


				extended poll center: (  6890     0 )

				perform extended poll descent ...... no

				extended poll point eval {

					extended poll point = (  7322     0 )

					list of points evaluation (extended poll) {

						evaluation 1/1 {

							point #183 ( 7322  0 )
							mesh index : 1

							cache hit: #183 --> #89
							extended poll unsuccessful point #89 [ h=0 f=0.00011124134063699999905 ]
						} 

					} end of evaluations


				} 


				extended poll center: (  7322     0 )

				perform extended poll descent ...... no

				extended poll point eval {

					extended poll point = ( 256448     0 )

					list of points evaluation (extended poll) {

						evaluation 1/1 {

							point #184 ( 256448  0 )
							mesh index : 1

							cache hit: #184 --> #90
							extended poll unsuccessful point #90 [ h=0 f=8.6488723754899994936e-05 ]
						} 

					} end of evaluations


				} 


				extended poll center: ( 256448     0 )

				perform extended poll descent ...... yes

				extended poll descent (on surrogates) {

					       iteration = 3
					 blackbox eval.  = 24
					      sgte eval. = 54
					      mesh index = 1
					ext. poll center = ( 256448     0 ) f=8.6488723754899994936e-05 h=0


					MADS run {

						54+SGTE	OBJ	(ext-poll--surrogate)

						54+ 0	0.00121119022368999991	(ext-poll--surrogate)

					} end of run (max mesh index)

					blackbox evaluations    : 0
					best feasible solution  : ( 256448 0 ) h=0 f=0.0012111902236899999095

				} end of extended poll descent (unsuccessful)


				extended poll point eval {

					extended poll point = ( 256232     0 )

					list of points evaluation (extended poll) {

						evaluation 1/1 {

							point #185 ( 256232  0 )
							mesh index : 1

							cache hit: #185 --> #91
							extended poll unsuccessful point #91 [ h=0 f=0.00013745069503800000691 ]
						} 

					} end of evaluations


				} 


				extended poll center: ( 256232     0 )

				perform extended poll descent ...... no

				extended poll point eval {

					extended poll point = ( 266522     0 )

					list of points evaluation (extended poll) {

						evaluation 1/1 {

							point #186 ( 266522  0 )
							mesh index : 1

							cache hit: #186 --> #92
							extended poll unsuccessful point #92 [ h=0 f=0.00014369964599600000012 ]
						} 

					} end of evaluations


				} 


				extended poll center: ( 266522     0 )

				perform extended poll descent ...... no

			} end of extended poll

		} end of poll

		Mesh update {
			previous mesh index: 1
			new mesh index     : 2
		} 


		terminate MADS       : no
		iteration status     : unsuccessful
		new feas. incumbent  : none
		new infeas. incumbent: none

	} end of iteration 3

	MADS iteration 4 {

		blackbox evaluations : 24
		best feas. solution  : ( 7106  0 ) h=0 f=8.1100463867200001393e-05
		best infeas. solution: none
		poll center          : ( 7106  0 )
		mesh size            : ( 0.0625 0.0625 )
		poll size            : ( 0.25 0.25 )
		mesh index           : 2
		h_max                : inf

		MADS search {
		} end of search

		MADS poll {

			poll center: ( 7106  0 )

			poll directions (include mesh size parameter) {
				dir 0 : (  0 -1 ) Ortho-MADS 2n
				dir 1 : (  0  1 ) Ortho-MADS 2n
			} 

			re-ordered list of 2 poll trial points {
				#199 : ( 7106 -1 ) (dir 0)
				#200 : ( 7106  1 ) (dir 1)
			} 

			list of points evaluation (poll) {

				surrogate evaluation 1/2 {

					point #199 ( 7106 -1 )
					direction  : (  0 -1 ) Ortho-MADS 2n
					mesh index : 2

					surrogate cache hit: #199 --> #58

					point #58 sgte eval: failed
				} 

				surrogate evaluation 2/2 {

					point #200 ( 7106  1 )
					direction  : (  0  1 ) Ortho-MADS 2n
					mesh index : 2

					surrogate cache hit: #200 --> #59

					point #59 sgte eval: failed
				} 

			} end of evaluations

			re-ordered list of 2 poll trial points {

				#201: ( 7106 -1 ) (dir 0)
				#202: ( 7106  1 ) (dir 1)
			} 

			list of points evaluation (poll) {

				evaluation 1/2 {

					point #201 ( 7106 -1 )
					direction  : (  0 -1 ) Ortho-MADS 2n
					mesh index : -1

					cache hit: #201 --> #60
					poll unsuccessful point #60: evaluation failed
				} 

				evaluation 2/2 {

					point #202 ( 7106  1 )
					direction  : (  0  1 ) Ortho-MADS 2n
					mesh index : -1

					cache hit: #202 --> #61
					poll unsuccessful point #61: evaluation failed
				} 

			} end of evaluations


			MADS extended poll {


				extended poll pts sorting (on surrogates) {


					list of points evaluation (extended poll) {

						surrogate evaluation 1/16 {

							point #203 ( 5810  0 )
							mesh index : 2

							surrogate cache hit: #203 --> #62

							point #62 sgte eval: h=0 f=0.00086369514465300001749
						} 

						surrogate evaluation 2/16 {

							point #204 ( 6890  0 )
							mesh index : 2

							surrogate cache hit: #204 --> #63

							point #63 sgte eval: h=0 f=0.0010892868042000000695
						} 

						surrogate evaluation 3/16 {

							point #205 ( 7322  0 )
							mesh index : 2

							surrogate cache hit: #205 --> #64

							point #64 sgte eval: h=0 f=0.0011537075042700000154
						} 

						surrogate evaluation 4/16 {

							point #206 ( 266522  0 )
							mesh index : 2

							surrogate cache hit: #206 --> #65

							point #65 sgte eval: h=0 f=0.0019745826721200001805
						} 

						surrogate evaluation 5/16 {

							point #207 ( 274298  0 )
							mesh index : 2

							surrogate cache hit: #207 --> #66

							point #66 sgte eval: h=0 f=0.00094480514526399999795
						} 

						surrogate evaluation 6/16 {

							point #208 ( 7070  0 )
							mesh index : 2

							surrogate cache hit: #208 --> #67

							point #67 sgte eval: h=0 f=0.00082650184631300003396
						} 

						surrogate evaluation 7/16 {

							point #209 ( 194  0 )
							mesh index : 2

							surrogate cache hit: #209 --> #68

							point #68 sgte eval: h=0 f=0.00081219673156699995903
						} 

						surrogate evaluation 8/16 {

							point #210 ( 194  0 )
							mesh index : 2

							surrogate cache hit: #210 --> #68

							point #68 sgte eval: h=0 f=0.00081219673156699995903
						} 

						surrogate evaluation 9/16 {

							point #211 ( 7100  0 )
							mesh index : 2

							surrogate cache hit: #211 --> #70

							point #70 sgte eval: h=0 f=0.00083661079406699998071
						} 

						surrogate evaluation 10/16 {

							point #212 ( 7112  0 )
							mesh index : 2

							surrogate cache hit: #212 --> #71

							point #71 sgte eval: h=0 f=0.00091578960418699998768
						} 

						surrogate evaluation 11/16 {

							point #213 ( 256232  0 )
							mesh index : 2

							surrogate cache hit: #213 --> #72

							point #72 sgte eval: h=0 f=0.001672291755679999924
						} 

						surrogate evaluation 12/16 {

							point #214 ( 256448  0 )
							mesh index : 2

							surrogate cache hit: #214 --> #73

							point #73 sgte eval: h=0 f=0.0012111902236899999095
						} 

						surrogate evaluation 13/16 {

							point #215 ( 7105  0 )
							mesh index : 2

							surrogate cache hit: #215 --> #74

							point #74 sgte eval: h=0 f=0.00085101127624500000693
						} 

						surrogate evaluation 14/16 {

							point #216 ( 7107  0 )
							mesh index : 2

							surrogate cache hit: #216 --> #75

							point #75 sgte eval: h=0 f=0.00089108943939199996339
						} 

						surrogate evaluation 15/16 {

							point #217 ( 255897  0 )
							mesh index : 2

							surrogate cache hit: #217 --> #76

							point #76 sgte eval: h=0 f=0.00096201896667499995231
						} 

						surrogate evaluation 16/16 {

							point #218 ( 255933  0 )
							mesh index : 2

							surrogate cache hit: #218 --> #77

							point #77 sgte eval: h=0 f=0.0010824918746899999961
						} 

					} end of evaluations


					sorted ext poll pts {

						point # 1/15 : (   194     0 )
						point # 2/15 : (  7070     0 )
						point # 3/15 : (  7100     0 )
						point # 4/15 : (  7105     0 )
						point # 5/15 : (  5810     0 )
						point # 6/15 : (  7107     0 )
						point # 7/15 : (  7112     0 )
						point # 8/15 : ( 274298     0 )
						point # 9/15 : ( 255897     0 )
						point #10/15 : ( 255933     0 )
						point #11/15 : (  6890     0 )
						point #12/15 : (  7322     0 )
						point #13/15 : ( 256448     0 )
						point #14/15 : ( 256232     0 )
						point #15/15 : ( 266522     0 )

					} 


				} end of ext poll pts sorting (on surrogates)


				extended poll point eval {

					extended poll point = (   194     0 )

					list of points evaluation (extended poll) {

						evaluation 1/1 {

							point #219 ( 194  0 )
							mesh index : 2

							cache hit: #219 --> #78
							extended poll unsuccessful point #78 [ h=0 f=8.4478855133100004917e-05 ]
						} 

					} end of evaluations


				} 


				extended poll center: (   194     0 )

				perform extended poll descent ...... yes

				extended poll descent (on surrogates) {

					       iteration = 4
					 blackbox eval.  = 24
					      sgte eval. = 54
					      mesh index = 2
					ext. poll center = (   194     0 ) f=8.4478855133100004917e-05 h=0


					MADS run {

						54+SGTE	OBJ	(ext-poll--surrogate)

						54+ 0	0.00081219673156699996	(ext-poll--surrogate)

					} end of run (max mesh index)

					blackbox evaluations    : 0
					best feasible solution  : ( 194 0 ) h=0 f=0.00081219673156699995903

				} end of extended poll descent (unsuccessful)


				extended poll point eval {

					extended poll point = (  7070     0 )

					list of points evaluation (extended poll) {

						evaluation 1/1 {

							point #220 ( 7070  0 )
							mesh index : 2

							cache hit: #220 --> #79
							extended poll unsuccessful point #79 [ h=0 f=8.2669258117700001784e-05 ]
						} 

					} end of evaluations


				} 


				extended poll center: (  7070     0 )

				perform extended poll descent ...... yes

				extended poll descent (on surrogates) {

					       iteration = 4
					 blackbox eval.  = 24
					      sgte eval. = 54
					      mesh index = 2
					ext. poll center = (  7070     0 ) f=8.2669258117700001784e-05 h=0


					MADS run {

						54+SGTE	OBJ	(ext-poll--surrogate)

						54+ 0	0.00082650184631300003	(ext-poll--surrogate)

					} end of run (max mesh index)

					blackbox evaluations    : 0
					best feasible solution  : ( 7070 0 ) h=0 f=0.00082650184631300003396

				} end of extended poll descent (unsuccessful)


				extended poll point eval {

					extended poll point = (  7100     0 )

					list of points evaluation (extended poll) {

						evaluation 1/1 {

							point #221 ( 7100  0 )
							mesh index : 2

							cache hit: #221 --> #80
							extended poll unsuccessful point #80 [ h=0 f=0.00013005018234300000975 ]
						} 

					} end of evaluations


				} 


				extended poll center: (  7100     0 )

				perform extended poll descent ...... no

				extended poll point eval {

					extended poll point = (  7105     0 )

					list of points evaluation (extended poll) {

						evaluation 1/1 {

							point #222 ( 7105  0 )
							mesh index : 2

							cache hit: #222 --> #81
							extended poll unsuccessful point #81 [ h=0 f=0.00011430025100700000221 ]
						} 

					} end of evaluations


				} 


				extended poll center: (  7105     0 )

				perform extended poll descent ...... no

				extended poll point eval {

					extended poll point = (  5810     0 )

					list of points evaluation (extended poll) {

						evaluation 1/1 {

							point #223 ( 5810  0 )
							mesh index : 2

							cache hit: #223 --> #82
							extended poll unsuccessful point #82 [ h=0 f=8.8601112365699997509e-05 ]
						} 

					} end of evaluations


				} 


				extended poll center: (  5810     0 )

				perform extended poll descent ...... yes

				extended poll descent (on surrogates) {

					       iteration = 4
					 blackbox eval.  = 24
					      sgte eval. = 54
					      mesh index = 2
					ext. poll center = (  5810     0 ) f=8.8601112365699997509e-05 h=0


					MADS run {

						54+SGTE	OBJ	(ext-poll--surrogate)

						54+ 0	0.00086369514465300002	(ext-poll--surrogate)

					} end of run (max mesh index)

					blackbox evaluations    : 0
					best feasible solution  : ( 5810 0 ) h=0 f=0.00086369514465300001749

				} end of extended poll descent (unsuccessful)


				extended poll point eval {

					extended poll point = (  7107     0 )

					list of points evaluation (extended poll) {

						evaluation 1/1 {

							point #224 ( 7107  0 )
							mesh index : 2

							cache hit: #224 --> #83
							extended poll unsuccessful point #83 [ h=0 f=0.00010408878326400000224 ]
						} 

					} end of evaluations


				} 


				extended poll center: (  7107     0 )

				perform extended poll descent ...... no

				extended poll point eval {

					extended poll point = (  7112     0 )

					list of points evaluation (extended poll) {

						evaluation 1/1 {

							point #225 ( 7112  0 )
							mesh index : 2

							cache hit: #225 --> #84
							extended poll unsuccessful point #84 [ h=0 f=0.00010196924209599999797 ]
						} 

					} end of evaluations


				} 


				extended poll center: (  7112     0 )

				perform extended poll descent ...... no

				extended poll point eval {

					extended poll point = ( 274298     0 )

					list of points evaluation (extended poll) {

						evaluation 1/1 {

							point #226 ( 274298  0 )
							mesh index : 2

							cache hit: #226 --> #85
							extended poll unsuccessful point #85 [ h=0 f=0.00016041994094799998756 ]
						} 

					} end of evaluations


				} 


				extended poll center: ( 274298     0 )

				perform extended poll descent ...... no

				extended poll point eval {

					extended poll point = ( 255897     0 )

					list of points evaluation (extended poll) {

						evaluation 1/1 {

							point #227 ( 255897  0 )
							mesh index : 2

							cache hit: #227 --> #86
							extended poll unsuccessful point #86 [ h=0 f=0.000112700462341 ]
						} 

					} end of evaluations


				} 


				extended poll center: ( 255897     0 )

				perform extended poll descent ...... no

				extended poll point eval {

					extended poll point = ( 255933     0 )

					list of points evaluation (extended poll) {

						evaluation 1/1 {

							point #228 ( 255933  0 )
							mesh index : 2

							cache hit: #228 --> #87
							extended poll unsuccessful point #87 [ h=0 f=0.00010986089706399999573 ]
						} 

					} end of evaluations


				} 


				extended poll center: ( 255933     0 )

				perform extended poll descent ...... no

				extended poll point eval {

					extended poll point = (  6890     0 )

					list of points evaluation (extended poll) {

						evaluation 1/1 {

							point #229 ( 6890  0 )
							mesh index : 2

							cache hit: #229 --> #88
							extended poll unsuccessful point #88 [ h=0 f=9.1509819030800003013e-05 ]
						} 

					} end of evaluations


				} 


				extended poll center: (  6890     0 )

				perform extended poll descent ...... no

				extended poll point eval {

					extended poll point = (  7322     0 )

					list of points evaluation (extended poll) {

						evaluation 1/1 {

							point #230 ( 7322  0 )
							mesh index : 2

							cache hit: #230 --> #89
							extended poll unsuccessful point #89 [ h=0 f=0.00011124134063699999905 ]
						} 

					} end of evaluations


				} 


				extended poll center: (  7322     0 )

				perform extended poll descent ...... no

				extended poll point eval {

					extended poll point = ( 256448     0 )

					list of points evaluation (extended poll) {

						evaluation 1/1 {

							point #231 ( 256448  0 )
							mesh index : 2

							cache hit: #231 --> #90
							extended poll unsuccessful point #90 [ h=0 f=8.6488723754899994936e-05 ]
						} 

					} end of evaluations


				} 


				extended poll center: ( 256448     0 )

				perform extended poll descent ...... yes

				extended poll descent (on surrogates) {

					       iteration = 4
					 blackbox eval.  = 24
					      sgte eval. = 54
					      mesh index = 2
					ext. poll center = ( 256448     0 ) f=8.6488723754899994936e-05 h=0


					MADS run {

						54+SGTE	OBJ	(ext-poll--surrogate)

						54+ 0	0.00121119022368999991	(ext-poll--surrogate)

					} end of run (max mesh index)

					blackbox evaluations    : 0
					best feasible solution  : ( 256448 0 ) h=0 f=0.0012111902236899999095

				} end of extended poll descent (unsuccessful)


				extended poll point eval {

					extended poll point = ( 256232     0 )

					list of points evaluation (extended poll) {

						evaluation 1/1 {

							point #232 ( 256232  0 )
							mesh index : 2

							cache hit: #232 --> #91
							extended poll unsuccessful point #91 [ h=0 f=0.00013745069503800000691 ]
						} 

					} end of evaluations


				} 


				extended poll center: ( 256232     0 )

				perform extended poll descent ...... no

				extended poll point eval {

					extended poll point = ( 266522     0 )

					list of points evaluation (extended poll) {

						evaluation 1/1 {

							point #233 ( 266522  0 )
							mesh index : 2

							cache hit: #233 --> #92
							extended poll unsuccessful point #92 [ h=0 f=0.00014369964599600000012 ]
						} 

					} end of evaluations


				} 


				extended poll center: ( 266522     0 )

				perform extended poll descent ...... no

			} end of extended poll

		} end of poll

		Mesh update {
			previous mesh index: 2
			new mesh index     : 3
		} 


		terminate MADS       : yes
		termination cause    : max mesh index
		iteration status     : unsuccessful
		new feas. incumbent  : none
		new infeas. incumbent: none

	} end of iteration 4

} end of run (max mesh index)

NOMAD final display {

	cache {
		number of cache points: 24
		size in memory        : 3 KB
		cache file            : -
	} 

	stats {
		MADS iterations                 : 5
		blackbox evaluations            : 24
		simulated blackbox evaluations  : 0
		evaluations                     : 75
		surrogate evaluations           : 54
		failed evaluations              : 22
		interrupted sequences of eval.  : 0
		cache hits                      : 151
		number of poll searches         : 5
		poll successes                  : 1
		poll points                     : 10
		number of extended polls        : 5
		number of ext. poll descents    : 19
		number of ext. poll successes   : 1
		number of ext. poll points      : 151
		number of ext. poll bb eval     : 19
		number of speculative searches  : 1
		speculative search successes    : 0
		speculative search points       : 0
		number of user searches         : 0
		number of LH searches           : 0
		number of cache searches        : 0
		number of VNS searches          : 0
		no model has been constructed
		wall-clock time                 : 2m 27s
	} 

	miscellaneous {
		mesh index      : min=-1, max=3, last=2
		best feas. sol  : ( 7106 0 ) h=0 f=8.1100463867200001393e-05
		best infeas. sol: none
	} 
} 
