
NOMAD - version 3.5.1 - www.gerad.ca/nomad

Copyright (C) 2001-2012 {
	Mark A. Abramson     - The Boeing Company
	Charles Audet        - Ecole Polytechnique de Montreal
	Gilles Couture       - Ecole Polytechnique de Montreal
	John E. Dennis, Jr.  - Rice University
	Sebastien Le Digabel - Ecole Polytechnique de Montreal
	Christophe Tribes    - Ecole Polytechnique de Montreal
} 

Funded in part by AFOSR and Exxon Mobil.

License   : '$NOMAD_HOME/src/lgpl.txt'
User guide: '$NOMAD_HOME/doc/user_guide.pdf'
Examples  : '$NOMAD_HOME/examples'
Tools     : '$NOMAD_HOME/tools'

Please report bugs to nomad@gerad.ca

parameters {

	problem directory    : ./
	dimension            : n=2
	blackbox input types : (   cat(C)   int(I) )
	extended poll trigger: 0.10000000000000000555 (relative)
	neighbors executable : $python neighbors.py
	variable groups {
		group #0 {
			indexes: { 0 }
			no directions (categorical variables)
		} 
		group #1 {
			indexes: { 1 }
			directions {
				n             : 1
				types         : { [Ortho-MADS 2n] }
				sec poll types: { }
				halton_seed   : 3
			} 
		} 
	} 
	blackbox outputs (m=1) {
		#0          OBJ	$python blackbox.py	$python surrogate.py
	} 
	signature                       : standard
	has surrogate                   : yes
	sort trial points with surrogate: yes
	surrogate cost                  : none
	add seed to output file names   : yes
	solution file                   : nomad-solution.13214.txt
	history file                    : none
	stats file                      : none
	cache file                      : none
	x0                              : ( 5511511    0 )
	directions         : Ortho-MADS 2n
	user halton seed   : 3
	mesh {
		update basis       :   4
		coarsening exponent:   1
		refining exponent  :  -1
		initial mesh index :   0
		max mesh index     :   2
		initial mesh size  : (    1    1 )
		min poll size      : (  NaN    1 )
	} 
	snap to bounds                   : yes
	opportunistic evaluations        : yes
	use models                       : no
	speculative search               : yes
	VNS search                       : no
	Latin-Hypercube (LH) search      : no
	cache search                     : no
	random seed / run id             : 13214
	epsilon                          : 1.0000000000000000304e-13
	undefined string                 : NaN
	infinity string                  : inf
	display degrees {
		general  : full (3)
		search   : full (3)
		poll     : full (3)
		iterative: full (3)
	} 
	display stats                : EVAL BBE [ SOL, ] BBO TIME
	display all evaluations      : no
	point display limit          : no limit
	max number of blackbox eval. : 100
	max cache memory             : 2000 MB
} 

MADS run {

	starting point evaluation {

		x0 eval point: ( 5511511  0 )

		list of points evaluation (x0 evaluation) {

			evaluation 1/1 {

				point #0 ( 5511511  0 )


				x0 evaluation dominating point #0 {
					x    = ( 5511511  0 )
					F(x) = [ 0.021764941215499999244 ]
					h    = 0
					f    = 0.021764941215499999244
				} 
			} 

		} end of evaluations


		terminate MADS       : no
		iteration status     : dominating
		new feas. incumbent  : #0 {
			x    = ( 5511511  0 )
			F(x) = [ 0.021764941215499999244 ]
			h    = 0
			f    = 0.021764941215499999244
		} 
		new infeas. incumbent: none

	} end of starting point evaluation

	MADS iteration 0 {

		blackbox evaluations : 1
		best feas. solution  : ( 5511511  0 ) h=0 f=0.021764941215499999244
		best infeas. solution: none
		poll center          : ( 5511511  0 )
		mesh size            : (  1  1 )
		poll size            : (  1  1 )
		mesh index           : 0
		h_max                : inf

		MADS search {
		} end of search

		MADS poll {

			poll center: ( 5511511  0 )

			poll directions (include mesh size parameter) {
				dir 0 : (  0 -1 ) Ortho-MADS 2n
				dir 1 : (  0  1 ) Ortho-MADS 2n
			} 

			re-ordered list of 2 poll trial points {
				#1 : ( 5511511 -1 ) (dir 0)
				#2 : ( 5511511  1 ) (dir 1)
			} 

			list of points evaluation (poll) {

				surrogate evaluation 1/2 {

					point #1 ( 5511511 -1 )
					direction  : (  0 -1 ) Ortho-MADS 2n
					mesh index : 0


					point #1 sgte eval: failed
				} 

				surrogate evaluation 2/2 {

					point #2 ( 5511511  1 )
					direction  : (  0  1 ) Ortho-MADS 2n
					mesh index : 0


					point #2 sgte eval: failed
				} 

			} end of evaluations

			re-ordered list of 2 poll trial points {

				#3: ( 5511511 -1 ) (dir 0)
				#4: ( 5511511  1 ) (dir 1)
			} 

			list of points evaluation (poll) {

				evaluation 1/2 {

					point #3 ( 5511511 -1 )
					direction  : (  0 -1 ) Ortho-MADS 2n
					mesh index : 0

					poll unsuccessful point #3: evaluation failed
				} 

				evaluation 2/2 {

					point #4 ( 5511511  1 )
					direction  : (  0  1 ) Ortho-MADS 2n
					mesh index : 0

					poll unsuccessful point #4: evaluation failed
				} 

			} end of evaluations


			MADS extended poll {


				extended poll pts sorting (on surrogates) {


					list of points evaluation (extended poll) {

						surrogate evaluation 1/23 {

							point #5 ( 4511511  0 )
							mesh index : 0


							point #5 sgte eval: h=0 f=0.024486780166600000813
						} 

						surrogate evaluation 2/23 {

							point #6 ( 5411511  0 )
							mesh index : 0


							point #6 sgte eval: h=0 f=0.021352529525799999327
						} 

						surrogate evaluation 3/23 {

							point #7 ( 51511  0 )
							mesh index : 0


							point #7 sgte eval: h=0 f=0.021053314209000001389
						} 

						surrogate evaluation 4/23 {

							point #8 ( 51511  0 )
							mesh index : 0

							surrogate cache hit: #8 --> #7

							point #7 sgte eval: h=0 f=0.021053314209000001389
						} 

						surrogate evaluation 5/23 {

							point #9 ( 5521511  0 )
							mesh index : 0


							point #9 sgte eval: h=0 f=0.026063680648799998629
						} 

						surrogate evaluation 6/23 {

							point #10 ( 5531511  0 )
							mesh index : 0


							point #10 sgte eval: h=0 f=0.035611152648900003259
						} 

						surrogate evaluation 7/23 {

							point #11 ( 554231511  0 )
							mesh index : 0


							point #11 sgte eval: h=0 f=0.034055948257399999701
						} 

						surrogate evaluation 8/23 {

							point #12 ( 555231511  0 )
							mesh index : 0


							point #12 sgte eval: h=0 f=0.03526163101199999983
						} 

						surrogate evaluation 9/23 {

							point #13 ( 5512511  0 )
							mesh index : 0


							point #13 sgte eval: h=0 f=0.022339344024699999552
						} 

						surrogate evaluation 10/23 {

							point #14 ( 5513511  0 )
							mesh index : 0


							point #14 sgte eval: h=0 f=0.033245325088499998178
						} 

						surrogate evaluation 11/23 {

							point #15 ( 551423511  0 )
							mesh index : 0


							point #15 sgte eval: h=0 f=0.030810832977300001145
						} 

						surrogate evaluation 12/23 {

							point #16 ( 551523511  0 )
							mesh index : 0


							point #16 sgte eval: h=0 f=0.030418634414699999985
						} 

						surrogate evaluation 13/23 {

							point #17 ( 5511411  0 )
							mesh index : 0


							point #17 sgte eval: h=0 f=0.022889375686699998946
						} 

						surrogate evaluation 14/23 {

							point #18 ( 55111  0 )
							mesh index : 0


							point #18 sgte eval: h=0 f=0.021541357040399999878
						} 

						surrogate evaluation 15/23 {

							point #19 ( 55111  0 )
							mesh index : 0

							surrogate cache hit: #19 --> #18

							point #18 sgte eval: h=0 f=0.021541357040399999878
						} 

						surrogate evaluation 16/23 {

							point #20 ( 5511521  0 )
							mesh index : 0


							point #20 sgte eval: h=0 f=0.024144887924200001544
						} 

						surrogate evaluation 17/23 {

							point #21 ( 5511531  0 )
							mesh index : 0


							point #21 sgte eval: h=0 f=0.033808231353799997332
						} 

						surrogate evaluation 18/23 {

							point #22 ( 551154231  0 )
							mesh index : 0


							point #22 sgte eval: h=0 f=0.032044410705599997435
						} 

						surrogate evaluation 19/23 {

							point #23 ( 551155231  0 )
							mesh index : 0


							point #23 sgte eval: h=0 f=0.032439470291100003241
						} 

						surrogate evaluation 20/23 {

							point #24 ( 5511512  0 )
							mesh index : 0


							point #24 sgte eval: h=0 f=0.023534774780299999586
						} 

						surrogate evaluation 21/23 {

							point #25 ( 5511513  0 )
							mesh index : 0


							point #25 sgte eval: h=0 f=0.031889677047700001888
						} 

						surrogate evaluation 22/23 {

							point #26 ( 551151423  0 )
							mesh index : 0


							point #26 sgte eval: h=0 f=0.03188443183899999922
						} 

						surrogate evaluation 23/23 {

							point #27 ( 551151523  0 )
							mesh index : 0


							point #27 sgte eval: h=0 f=0.031328439712500003034
						} 

					} end of evaluations


					sorted ext poll pts {

						point # 1/21 : ( 51511     0 )
						point # 2/21 : ( 5411511     0 )
						point # 3/21 : ( 55111     0 )
						point # 4/21 : ( 5512511     0 )
						point # 5/21 : ( 5511411     0 )
						point # 6/21 : ( 5511512     0 )
						point # 7/21 : ( 5511521     0 )
						point # 8/21 : ( 4511511     0 )
						point # 9/21 : ( 5521511     0 )
						point #10/21 : ( 551523511     0 )
						point #11/21 : ( 551423511     0 )
						point #12/21 : ( 551151523     0 )
						point #13/21 : ( 551151423     0 )
						point #14/21 : ( 5511513     0 )
						point #15/21 : ( 551154231     0 )
						point #16/21 : ( 551155231     0 )
						point #17/21 : ( 5513511     0 )
						point #18/21 : ( 5511531     0 )
						point #19/21 : ( 554231511     0 )
						point #20/21 : ( 555231511     0 )
						point #21/21 : ( 5531511     0 )

					} 


				} end of ext poll pts sorting (on surrogates)


				extended poll point eval {

					extended poll point = ( 51511     0 )

					list of points evaluation (extended poll) {

						evaluation 1/1 {

							point #28 ( 51511  0 )
							mesh index : 0


							extended poll dominating point #28 {
								x    = ( 51511  0 )
								F(x) = [ 0.02105994939799999896 ]
								h    = 0
								f    = 0.02105994939799999896
							} 
						} 

					} end of evaluations


				} 


			} end of extended poll

		} end of poll

		Mesh update {
			previous mesh index: 0
			new mesh index     : -1
		} 


		terminate MADS       : no
		iteration status     : dominating
		new feas. incumbent  : #28 {
			x    = ( 51511  0 )
			F(x) = [ 0.02105994939799999896 ]
			h    = 0
			f    = 0.02105994939799999896
		} 
		new infeas. incumbent: none

	} end of iteration 0

	MADS iteration 1 {

		blackbox evaluations : 4
		best feas. solution  : ( 51511  0 ) h=0 f=0.02105994939799999896
		best infeas. solution: none
		poll center          : ( 51511  0 )
		mesh size            : (  1  1 )
		poll size            : (  2  2 )
		mesh index           : -1
		h_max                : inf

		MADS search {

			speculative search {

			} end of speculative search (unsuccessful)

		} end of search

		MADS poll {

			poll center: ( 51511  0 )

			poll directions (include mesh size parameter) {
				dir 0 : (  0 -1 ) Ortho-MADS 2n
				dir 1 : (  0  1 ) Ortho-MADS 2n
			} 

			re-ordered list of 2 poll trial points {
				#49 : ( 51511 -1 ) (dir 0)
				#50 : ( 51511  1 ) (dir 1)
			} 

			list of points evaluation (poll) {

				surrogate evaluation 1/2 {

					point #49 ( 51511 -1 )
					direction  : (  0 -1 ) Ortho-MADS 2n
					mesh index : -1


					point #49 sgte eval: failed
				} 

				surrogate evaluation 2/2 {

					point #50 ( 51511  1 )
					direction  : (  0  1 ) Ortho-MADS 2n
					mesh index : -1


					point #50 sgte eval: failed
				} 

			} end of evaluations

			re-ordered list of 2 poll trial points {

				#51: ( 51511 -1 ) (dir 0)
				#52: ( 51511  1 ) (dir 1)
			} 

			list of points evaluation (poll) {

				evaluation 1/2 {

					point #51 ( 51511 -1 )
					direction  : (  0 -1 ) Ortho-MADS 2n
					mesh index : -1

					poll unsuccessful point #51: evaluation failed
				} 

				evaluation 2/2 {

					point #52 ( 51511  1 )
					direction  : (  0  1 ) Ortho-MADS 2n
					mesh index : -1

					poll unsuccessful point #52: evaluation failed
				} 

			} end of evaluations


			MADS extended poll {


				extended poll pts sorting (on surrogates) {


					list of points evaluation (extended poll) {

						surrogate evaluation 1/16 {

							point #53 ( 41511  0 )
							mesh index : -1


							point #53 sgte eval: h=0 f=0.022017955780000000865
						} 

						surrogate evaluation 2/16 {

							point #54 ( 52511  0 )
							mesh index : -1


							point #54 sgte eval: h=0 f=0.027147054672200000847
						} 

						surrogate evaluation 3/16 {

							point #55 ( 53511  0 )
							mesh index : -1


							point #55 sgte eval: h=0 f=0.034370422363299998891
						} 

						surrogate evaluation 4/16 {

							point #56 ( 5423511  0 )
							mesh index : -1


							point #56 sgte eval: h=0 f=0.033704042434700001718
						} 

						surrogate evaluation 5/16 {

							point #57 ( 5523511  0 )
							mesh index : -1


							point #57 sgte eval: h=0 f=0.035220623016399998928
						} 

						surrogate evaluation 6/16 {

							point #58 ( 51411  0 )
							mesh index : -1


							point #58 sgte eval: h=0 f=0.023542642593399998319
						} 

						surrogate evaluation 7/16 {

							point #59 ( 511  0 )
							mesh index : -1


							point #59 sgte eval: h=0 f=0.021705627441400001526
						} 

						surrogate evaluation 8/16 {

							point #60 ( 511  0 )
							mesh index : -1

							surrogate cache hit: #60 --> #59

							point #59 sgte eval: h=0 f=0.021705627441400001526
						} 

						surrogate evaluation 9/16 {

							point #61 ( 51521  0 )
							mesh index : -1


							point #61 sgte eval: h=0 f=0.023102998733499999912
						} 

						surrogate evaluation 10/16 {

							point #62 ( 51531  0 )
							mesh index : -1


							point #62 sgte eval: h=0 f=0.033127784728999999653
						} 

						surrogate evaluation 11/16 {

							point #63 ( 5154231  0 )
							mesh index : -1


							point #63 sgte eval: h=0 f=0.031348943710299996546
						} 

						surrogate evaluation 12/16 {

							point #64 ( 5155231  0 )
							mesh index : -1


							point #64 sgte eval: h=0 f=0.031551837921100001072
						} 

						surrogate evaluation 13/16 {

							point #65 ( 51512  0 )
							mesh index : -1


							point #65 sgte eval: h=0 f=0.024696350097699999726
						} 

						surrogate evaluation 14/16 {

							point #66 ( 51513  0 )
							mesh index : -1


							point #66 sgte eval: h=0 f=0.032364130020100002894
						} 

						surrogate evaluation 15/16 {

							point #67 ( 5151423  0 )
							mesh index : -1


							point #67 sgte eval: h=0 f=0.031002283096300001231
						} 

						surrogate evaluation 16/16 {

							point #68 ( 5151523  0 )
							mesh index : -1


							point #68 sgte eval: h=0 f=0.031308889388999998349
						} 

					} end of evaluations


					sorted ext poll pts {

						point # 1/15 : (   511     0 )
						point # 2/15 : ( 41511     0 )
						point # 3/15 : ( 51521     0 )
						point # 4/15 : ( 51411     0 )
						point # 5/15 : ( 51512     0 )
						point # 6/15 : ( 52511     0 )
						point # 7/15 : ( 5151423     0 )
						point # 8/15 : ( 5151523     0 )
						point # 9/15 : ( 5154231     0 )
						point #10/15 : ( 5155231     0 )
						point #11/15 : ( 51513     0 )
						point #12/15 : ( 51531     0 )
						point #13/15 : ( 5423511     0 )
						point #14/15 : ( 53511     0 )
						point #15/15 : ( 5523511     0 )

					} 


				} end of ext poll pts sorting (on surrogates)


				extended poll point eval {

					extended poll point = (   511     0 )

					list of points evaluation (extended poll) {

						evaluation 1/1 {

							point #69 ( 511  0 )
							mesh index : -1


							extended poll dominating point #69 {
								x    = ( 511  0 )
								F(x) = [ 0.020907285213500000076 ]
								h    = 0
								f    = 0.020907285213500000076
							} 
						} 

					} end of evaluations


				} 


			} end of extended poll

		} end of poll

		Mesh update {
			previous mesh index: -1
			new mesh index     : -2
		} 


		terminate MADS       : no
		iteration status     : dominating
		new feas. incumbent  : #69 {
			x    = ( 511  0 )
			F(x) = [ 0.020907285213500000076 ]
			h    = 0
			f    = 0.020907285213500000076
		} 
		new infeas. incumbent: none

	} end of iteration 1

	MADS iteration 2 {

		blackbox evaluations : 7
		best feas. solution  : ( 511  0 ) h=0 f=0.020907285213500000076
		best infeas. solution: none
		poll center          : ( 511  0 )
		mesh size            : (  1  1 )
		poll size            : (  4  4 )
		mesh index           : -2
		h_max                : inf

		MADS search {

			speculative search {

			} end of speculative search (unsuccessful)

		} end of search

		MADS poll {

			poll center: ( 511  0 )

			poll directions (include mesh size parameter) {
				dir 0 : (  0 -4 ) Ortho-MADS 2n
				dir 1 : (  0  4 ) Ortho-MADS 2n
			} 

			re-ordered list of 2 poll trial points {
				#84 : ( 511 -4 ) (dir 0)
				#85 : ( 511  4 ) (dir 1)
			} 

			list of points evaluation (poll) {

				surrogate evaluation 1/2 {

					point #84 ( 511 -4 )
					direction  : (  0 -4 ) Ortho-MADS 2n
					mesh index : -2


					point #84 sgte eval: failed
				} 

				surrogate evaluation 2/2 {

					point #85 ( 511  4 )
					direction  : (  0  4 ) Ortho-MADS 2n
					mesh index : -2


					point #85 sgte eval: failed
				} 

			} end of evaluations

			re-ordered list of 2 poll trial points {

				#86: ( 511 -4 ) (dir 0)
				#87: ( 511  4 ) (dir 1)
			} 

			list of points evaluation (poll) {

				evaluation 1/2 {

					point #86 ( 511 -4 )
					direction  : (  0 -4 ) Ortho-MADS 2n
					mesh index : -2

					poll unsuccessful point #86: evaluation failed
				} 

				evaluation 2/2 {

					point #87 ( 511  4 )
					direction  : (  0  4 ) Ortho-MADS 2n
					mesh index : -2

					poll unsuccessful point #87: evaluation failed
				} 

			} end of evaluations


			MADS extended poll {


				extended poll pts sorting (on surrogates) {


					list of points evaluation (extended poll) {

						surrogate evaluation 1/11 {

							point #88 ( 411  0 )
							mesh index : -2


							point #88 sgte eval: h=0 f=0.022409677505499998873
						} 

						surrogate evaluation 2/11 {

							point #89 (  1  0 )
							mesh index : -2


							point #89 sgte eval: h=0 f=0.022330284118600000204
						} 

						surrogate evaluation 3/11 {

							point #90 (  1  0 )
							mesh index : -2

							surrogate cache hit: #90 --> #89

							point #89 sgte eval: h=0 f=0.022330284118600000204
						} 

						surrogate evaluation 4/11 {

							point #91 ( 521  0 )
							mesh index : -2


							point #91 sgte eval: h=0 f=0.026612281799299999235
						} 

						surrogate evaluation 5/11 {

							point #92 ( 531  0 )
							mesh index : -2


							point #92 sgte eval: h=0 f=0.035063028335600002205
						} 

						surrogate evaluation 6/11 {

							point #93 ( 54231  0 )
							mesh index : -2


							point #93 sgte eval: h=0 f=0.033370494842500000865
						} 

						surrogate evaluation 7/11 {

							point #94 ( 55231  0 )
							mesh index : -2


							point #94 sgte eval: h=0 f=0.042495965957600002894
						} 

						surrogate evaluation 8/11 {

							point #95 ( 512  0 )
							mesh index : -2


							point #95 sgte eval: h=0 f=0.021133184432999999741
						} 

						surrogate evaluation 9/11 {

							point #96 ( 513  0 )
							mesh index : -2


							point #96 sgte eval: h=0 f=0.032515525817799997843
						} 

						surrogate evaluation 10/11 {

							point #97 ( 51423  0 )
							mesh index : -2


							point #97 sgte eval: h=0 f=0.034035444259700002589
						} 

						surrogate evaluation 11/11 {

							point #98 ( 51523  0 )
							mesh index : -2


							point #98 sgte eval: h=0 f=0.031322956085199998855
						} 

					} end of evaluations


					sorted ext poll pts {

						point # 1/10 : (   512     0 )
						point # 2/10 : (     1     0 )
						point # 3/10 : (   411     0 )
						point # 4/10 : (   521     0 )
						point # 5/10 : ( 51523     0 )
						point # 6/10 : (   513     0 )
						point # 7/10 : ( 54231     0 )
						point # 8/10 : ( 51423     0 )
						point # 9/10 : (   531     0 )
						point #10/10 : ( 55231     0 )

					} 


				} end of ext poll pts sorting (on surrogates)


				extended poll point eval {

					extended poll point = (   512     0 )

					list of points evaluation (extended poll) {

						evaluation 1/1 {

							point #99 ( 512  0 )
							mesh index : -2


							extended poll dominating point #99 {
								x    = ( 512  0 )
								F(x) = [ 0.020858216285700000719 ]
								h    = 0
								f    = 0.020858216285700000719
							} 
						} 

					} end of evaluations


				} 


			} end of extended poll

		} end of poll

		Mesh update {
			previous mesh index: -2
			new mesh index     : -3
		} 


		terminate MADS       : no
		iteration status     : dominating
		new feas. incumbent  : #99 {
			x    = ( 512  0 )
			F(x) = [ 0.020858216285700000719 ]
			h    = 0
			f    = 0.020858216285700000719
		} 
		new infeas. incumbent: none

	} end of iteration 2

	MADS iteration 3 {

		blackbox evaluations : 10
		best feas. solution  : ( 512  0 ) h=0 f=0.020858216285700000719
		best infeas. solution: none
		poll center          : ( 512  0 )
		mesh size            : (  1  1 )
		poll size            : (  8  8 )
		mesh index           : -3
		h_max                : inf

		MADS search {

			speculative search {

			} end of speculative search (unsuccessful)

		} end of search

		MADS poll {

			poll center: ( 512  0 )

			poll directions (include mesh size parameter) {
				dir 0 : (  0 -4 ) Ortho-MADS 2n
				dir 1 : (  0  4 ) Ortho-MADS 2n
			} 

			re-ordered list of 2 poll trial points {
				#109 : ( 512 -4 ) (dir 0)
				#110 : ( 512  4 ) (dir 1)
			} 

			list of points evaluation (poll) {

				surrogate evaluation 1/2 {

					point #109 ( 512 -4 )
					direction  : (  0 -4 ) Ortho-MADS 2n
					mesh index : -3


					point #109 sgte eval: failed
				} 

				surrogate evaluation 2/2 {

					point #110 ( 512  4 )
					direction  : (  0  4 ) Ortho-MADS 2n
					mesh index : -3


					point #110 sgte eval: failed
				} 

			} end of evaluations

			re-ordered list of 2 poll trial points {

				#111: ( 512 -4 ) (dir 0)
				#112: ( 512  4 ) (dir 1)
			} 

			list of points evaluation (poll) {

				evaluation 1/2 {

					point #111 ( 512 -4 )
					direction  : (  0 -4 ) Ortho-MADS 2n
					mesh index : -3

					poll unsuccessful point #111: evaluation failed
				} 

				evaluation 2/2 {

					point #112 ( 512  4 )
					direction  : (  0  4 ) Ortho-MADS 2n
					mesh index : -3

					poll unsuccessful point #112: evaluation failed
				} 

			} end of evaluations


			MADS extended poll {


				extended poll pts sorting (on surrogates) {


					list of points evaluation (extended poll) {

						surrogate evaluation 1/11 {

							point #113 ( 412  0 )
							mesh index : -3


							point #113 sgte eval: h=0 f=0.022364139556899999967
						} 

						surrogate evaluation 2/11 {

							point #114 (  1  0 )
							mesh index : -3

							surrogate cache hit: #114 --> #89

							point #89 sgte eval: h=0 f=0.022330284118600000204
						} 

						surrogate evaluation 3/11 {

							point #115 (  2  0 )
							mesh index : -3


							point #115 sgte eval: h=0 f=0.026165962219199999372
						} 

						surrogate evaluation 4/11 {

							point #116 ( 522  0 )
							mesh index : -3


							point #116 sgte eval: h=0 f=0.025046348571799999239
						} 

						surrogate evaluation 5/11 {

							point #117 ( 532  0 )
							mesh index : -3


							point #117 sgte eval: h=0 f=0.032719135284399999963
						} 

						surrogate evaluation 6/11 {

							point #118 ( 54232  0 )
							mesh index : -3


							point #118 sgte eval: h=0 f=0.032487630844100001681
						} 

						surrogate evaluation 7/11 {

							point #119 ( 55232  0 )
							mesh index : -3


							point #119 sgte eval: h=0 f=0.033855438232399996668
						} 

						surrogate evaluation 8/11 {

							point #120 ( 510  0 )
							mesh index : -3


							point #120 sgte eval: h=0 f=0.036969661712600000725
						} 

						surrogate evaluation 9/11 {

							point #121 ( 513  0 )
							mesh index : -3

							surrogate cache hit: #121 --> #96

							point #96 sgte eval: h=0 f=0.032515525817799997843
						} 

						surrogate evaluation 10/11 {

							point #122 ( 51403  0 )
							mesh index : -3


							point #122 sgte eval: h=0 f=0.03250575065610000064
						} 

						surrogate evaluation 11/11 {

							point #123 ( 51503  0 )
							mesh index : -3


							point #123 sgte eval: h=0 f=0.034132003784199997642
						} 

					} end of evaluations


					sorted ext poll pts {

						point # 1/11 : (     1     0 )
						point # 2/11 : (   412     0 )
						point # 3/11 : (   522     0 )
						point # 4/11 : (     2     0 )
						point # 5/11 : ( 54232     0 )
						point # 6/11 : ( 51403     0 )
						point # 7/11 : (   513     0 )
						point # 8/11 : (   532     0 )
						point # 9/11 : ( 55232     0 )
						point #10/11 : ( 51503     0 )
						point #11/11 : (   510     0 )

					} 


				} end of ext poll pts sorting (on surrogates)


				extended poll point eval {

					extended poll point = (     1     0 )

					list of points evaluation (extended poll) {

						evaluation 1/1 {

							point #124 (  1  0 )
							mesh index : -3

							extended poll unsuccessful point #124 [ h=0 f=0.022171046733899999609 ]
						} 

					} end of evaluations


				} 


				extended poll center: (     1     0 )

				perform extended poll descent ...... yes

				extended poll descent (on surrogates) {

					       iteration = 3
					 blackbox eval.  = 13
					      sgte eval. = 63
					      mesh index = -3
					ext. poll center = (     1     0 ) f=0.022171046733899999609 h=0


					MADS run {

						63+SGTE	OBJ	(ext-poll--surrogate)

						63+ 0	0.02233028411860000020	(ext-poll--surrogate)

					} end of run (max mesh index)

					blackbox evaluations    : 0
					best feasible solution  : ( 1 0 ) h=0 f=0.022330284118600000204

				} end of extended poll descent (unsuccessful)


				extended poll point eval {

					extended poll point = (   412     0 )

					list of points evaluation (extended poll) {

						evaluation 1/1 {

							point #125 ( 412  0 )
							mesh index : -3

							extended poll unsuccessful point #125 [ h=0 f=0.022442796230299998789 ]
						} 

					} end of evaluations


				} 


				extended poll center: (   412     0 )

				perform extended poll descent ...... yes

				extended poll descent (on surrogates) {

					       iteration = 3
					 blackbox eval.  = 14
					      sgte eval. = 65
					      mesh index = -3
					ext. poll center = (   412     0 ) f=0.022442796230299998789 h=0


					MADS run {

						65+SGTE	OBJ	(ext-poll--surrogate)

						65+ 0	0.02236413955689999997	(ext-poll--surrogate)

					} end of run (max mesh index)

					blackbox evaluations    : 0
					best feasible solution  : ( 412 0 ) h=0 f=0.022364139556899999967

				} end of extended poll descent (unsuccessful)


				extended poll point eval {

					extended poll point = (   522     0 )

					list of points evaluation (extended poll) {

						evaluation 1/1 {

							point #126 ( 522  0 )
							mesh index : -3

							extended poll unsuccessful point #126 [ h=0 f=0.024941170215599998278 ]
						} 

					} end of evaluations


				} 


				extended poll center: (   522     0 )

				perform extended poll descent ...... no

				extended poll point eval {

					extended poll point = (     2     0 )

					list of points evaluation (extended poll) {

						evaluation 1/1 {

							point #127 (  2  0 )
							mesh index : -3

							extended poll unsuccessful point #127 [ h=0 f=0.024144871234900000534 ]
						} 

					} end of evaluations


				} 


				extended poll center: (     2     0 )

				perform extended poll descent ...... no

				extended poll point eval {

					extended poll point = ( 54232     0 )

					list of points evaluation (extended poll) {

						evaluation 1/1 {

							point #128 ( 54232  0 )
							mesh index : -3

							extended poll unsuccessful point #128 [ h=0 f=0.032075252532999996846 ]
						} 

					} end of evaluations


				} 


				extended poll center: ( 54232     0 )

				perform extended poll descent ...... no

				extended poll point eval {

					extended poll point = ( 51403     0 )

					list of points evaluation (extended poll) {

						evaluation 1/1 {

							point #129 ( 51403  0 )
							mesh index : -3

							extended poll unsuccessful point #129 [ h=0 f=0.034639673232999997066 ]
						} 

					} end of evaluations


				} 


				extended poll center: ( 51403     0 )

				perform extended poll descent ...... no

				extended poll point eval {

					extended poll point = (   513     0 )

					list of points evaluation (extended poll) {

						evaluation 1/1 {

							point #130 ( 513  0 )
							mesh index : -3

							extended poll unsuccessful point #130 [ h=0 f=0.033614854812600000744 ]
						} 

					} end of evaluations


				} 


				extended poll center: (   513     0 )

				perform extended poll descent ...... no

				extended poll point eval {

					extended poll point = (   532     0 )

					list of points evaluation (extended poll) {

						evaluation 1/1 {

							point #131 ( 532  0 )
							mesh index : -3

							extended poll unsuccessful point #131 [ h=0 f=0.032917737960799997587 ]
						} 

					} end of evaluations


				} 


				extended poll center: (   532     0 )

				perform extended poll descent ...... no

				extended poll point eval {

					extended poll point = ( 55232     0 )

					list of points evaluation (extended poll) {

						evaluation 1/1 {

							point #132 ( 55232  0 )
							mesh index : -3

							extended poll unsuccessful point #132 [ h=0 f=0.033180122375499998544 ]
						} 

					} end of evaluations


				} 


				extended poll center: ( 55232     0 )

				perform extended poll descent ...... no

				extended poll point eval {

					extended poll point = ( 51503     0 )

					list of points evaluation (extended poll) {

						evaluation 1/1 {

							point #133 ( 51503  0 )
							mesh index : -3

							extended poll unsuccessful point #133 [ h=0 f=0.035431623458899996759 ]
						} 

					} end of evaluations


				} 


				extended poll center: ( 51503     0 )

				perform extended poll descent ...... no

				extended poll point eval {

					extended poll point = (   510     0 )

					list of points evaluation (extended poll) {

						evaluation 1/1 {

							point #134 ( 510  0 )
							mesh index : -3

							extended poll unsuccessful point #134 [ h=0 f=0.036421601772299999622 ]
						} 

					} end of evaluations


				} 


				extended poll center: (   510     0 )

				perform extended poll descent ...... no

			} end of extended poll

		} end of poll

		Mesh update {
			previous mesh index: -3
			new mesh index     : -2
		} 


		terminate MADS       : no
		iteration status     : unsuccessful
		new feas. incumbent  : none
		new infeas. incumbent: none

	} end of iteration 3

	MADS iteration 4 {

		blackbox evaluations : 23
		best feas. solution  : ( 512  0 ) h=0 f=0.020858216285700000719
		best infeas. solution: none
		poll center          : ( 512  0 )
		mesh size            : (  1  1 )
		poll size            : (  4  4 )
		mesh index           : -2
		h_max                : inf

		MADS search {
		} end of search

		MADS poll {

			poll center: ( 512  0 )

			poll directions (include mesh size parameter) {
				dir 0 : (  0 -4 ) Ortho-MADS 2n
				dir 1 : (  0  4 ) Ortho-MADS 2n
			} 

			re-ordered list of 2 poll trial points {
				#141 : ( 512 -4 ) (dir 0)
				#142 : ( 512  4 ) (dir 1)
			} 

			list of points evaluation (poll) {

				surrogate evaluation 1/2 {

					point #141 ( 512 -4 )
					direction  : (  0 -4 ) Ortho-MADS 2n
					mesh index : -2

					surrogate cache hit: #141 --> #109

					point #109 sgte eval: failed
				} 

				surrogate evaluation 2/2 {

					point #142 ( 512  4 )
					direction  : (  0  4 ) Ortho-MADS 2n
					mesh index : -2

					surrogate cache hit: #142 --> #110

					point #110 sgte eval: failed
				} 

			} end of evaluations

			re-ordered list of 2 poll trial points {

				#143: ( 512 -4 ) (dir 0)
				#144: ( 512  4 ) (dir 1)
			} 

			list of points evaluation (poll) {

				evaluation 1/2 {

					point #143 ( 512 -4 )
					direction  : (  0 -4 ) Ortho-MADS 2n
					mesh index : -3

					cache hit: #143 --> #111
					poll unsuccessful point #111: evaluation failed
				} 

				evaluation 2/2 {

					point #144 ( 512  4 )
					direction  : (  0  4 ) Ortho-MADS 2n
					mesh index : -3

					cache hit: #144 --> #112
					poll unsuccessful point #112: evaluation failed
				} 

			} end of evaluations


			MADS extended poll {


				extended poll pts sorting (on surrogates) {


					list of points evaluation (extended poll) {

						surrogate evaluation 1/11 {

							point #145 ( 412  0 )
							mesh index : -2

							surrogate cache hit: #145 --> #113

							point #113 sgte eval: h=0 f=0.022364139556899999967
						} 

						surrogate evaluation 2/11 {

							point #146 (  1  0 )
							mesh index : -2

							surrogate cache hit: #146 --> #89

							point #89 sgte eval: h=0 f=0.022330284118600000204
						} 

						surrogate evaluation 3/11 {

							point #147 (  2  0 )
							mesh index : -2

							surrogate cache hit: #147 --> #115

							point #115 sgte eval: h=0 f=0.026165962219199999372
						} 

						surrogate evaluation 4/11 {

							point #148 ( 522  0 )
							mesh index : -2

							surrogate cache hit: #148 --> #116

							point #116 sgte eval: h=0 f=0.025046348571799999239
						} 

						surrogate evaluation 5/11 {

							point #149 ( 532  0 )
							mesh index : -2

							surrogate cache hit: #149 --> #117

							point #117 sgte eval: h=0 f=0.032719135284399999963
						} 

						surrogate evaluation 6/11 {

							point #150 ( 54232  0 )
							mesh index : -2

							surrogate cache hit: #150 --> #118

							point #118 sgte eval: h=0 f=0.032487630844100001681
						} 

						surrogate evaluation 7/11 {

							point #151 ( 55232  0 )
							mesh index : -2

							surrogate cache hit: #151 --> #119

							point #119 sgte eval: h=0 f=0.033855438232399996668
						} 

						surrogate evaluation 8/11 {

							point #152 ( 510  0 )
							mesh index : -2

							surrogate cache hit: #152 --> #120

							point #120 sgte eval: h=0 f=0.036969661712600000725
						} 

						surrogate evaluation 9/11 {

							point #153 ( 513  0 )
							mesh index : -2

							surrogate cache hit: #153 --> #96

							point #96 sgte eval: h=0 f=0.032515525817799997843
						} 

						surrogate evaluation 10/11 {

							point #154 ( 51403  0 )
							mesh index : -2

							surrogate cache hit: #154 --> #122

							point #122 sgte eval: h=0 f=0.03250575065610000064
						} 

						surrogate evaluation 11/11 {

							point #155 ( 51503  0 )
							mesh index : -2

							surrogate cache hit: #155 --> #123

							point #123 sgte eval: h=0 f=0.034132003784199997642
						} 

					} end of evaluations


					sorted ext poll pts {

						point # 1/11 : (     1     0 )
						point # 2/11 : (   412     0 )
						point # 3/11 : (   522     0 )
						point # 4/11 : (     2     0 )
						point # 5/11 : ( 54232     0 )
						point # 6/11 : ( 51403     0 )
						point # 7/11 : (   513     0 )
						point # 8/11 : (   532     0 )
						point # 9/11 : ( 55232     0 )
						point #10/11 : ( 51503     0 )
						point #11/11 : (   510     0 )

					} 


				} end of ext poll pts sorting (on surrogates)


				extended poll point eval {

					extended poll point = (     1     0 )

					list of points evaluation (extended poll) {

						evaluation 1/1 {

							point #156 (  1  0 )
							mesh index : -2

							cache hit: #156 --> #124
							extended poll unsuccessful point #124 [ h=0 f=0.022171046733899999609 ]
						} 

					} end of evaluations


				} 


				extended poll center: (     1     0 )

				perform extended poll descent ...... yes

				extended poll descent (on surrogates) {

					       iteration = 4
					 blackbox eval.  = 23
					      sgte eval. = 67
					      mesh index = -2
					ext. poll center = (     1     0 ) f=0.022171046733899999609 h=0


					MADS run {

						67+SGTE	OBJ	(ext-poll--surrogate)

						67+ 0	0.02233028411860000020	(ext-poll--surrogate)

					} end of run (max mesh index)

					blackbox evaluations    : 0
					best feasible solution  : ( 1 0 ) h=0 f=0.022330284118600000204

				} end of extended poll descent (unsuccessful)


				extended poll point eval {

					extended poll point = (   412     0 )

					list of points evaluation (extended poll) {

						evaluation 1/1 {

							point #157 ( 412  0 )
							mesh index : -2

							cache hit: #157 --> #125
							extended poll unsuccessful point #125 [ h=0 f=0.022442796230299998789 ]
						} 

					} end of evaluations


				} 


				extended poll center: (   412     0 )

				perform extended poll descent ...... yes

				extended poll descent (on surrogates) {

					       iteration = 4
					 blackbox eval.  = 23
					      sgte eval. = 67
					      mesh index = -2
					ext. poll center = (   412     0 ) f=0.022442796230299998789 h=0


					MADS run {

						67+SGTE	OBJ	(ext-poll--surrogate)

						67+ 0	0.02236413955689999997	(ext-poll--surrogate)

					} end of run (max mesh index)

					blackbox evaluations    : 0
					best feasible solution  : ( 412 0 ) h=0 f=0.022364139556899999967

				} end of extended poll descent (unsuccessful)


				extended poll point eval {

					extended poll point = (   522     0 )

					list of points evaluation (extended poll) {

						evaluation 1/1 {

							point #158 ( 522  0 )
							mesh index : -2

							cache hit: #158 --> #126
							extended poll unsuccessful point #126 [ h=0 f=0.024941170215599998278 ]
						} 

					} end of evaluations


				} 


				extended poll center: (   522     0 )

				perform extended poll descent ...... no

				extended poll point eval {

					extended poll point = (     2     0 )

					list of points evaluation (extended poll) {

						evaluation 1/1 {

							point #159 (  2  0 )
							mesh index : -2

							cache hit: #159 --> #127
							extended poll unsuccessful point #127 [ h=0 f=0.024144871234900000534 ]
						} 

					} end of evaluations


				} 


				extended poll center: (     2     0 )

				perform extended poll descent ...... no

				extended poll point eval {

					extended poll point = ( 54232     0 )

					list of points evaluation (extended poll) {

						evaluation 1/1 {

							point #160 ( 54232  0 )
							mesh index : -2

							cache hit: #160 --> #128
							extended poll unsuccessful point #128 [ h=0 f=0.032075252532999996846 ]
						} 

					} end of evaluations


				} 


				extended poll center: ( 54232     0 )

				perform extended poll descent ...... no

				extended poll point eval {

					extended poll point = ( 51403     0 )

					list of points evaluation (extended poll) {

						evaluation 1/1 {

							point #161 ( 51403  0 )
							mesh index : -2

							cache hit: #161 --> #129
							extended poll unsuccessful point #129 [ h=0 f=0.034639673232999997066 ]
						} 

					} end of evaluations


				} 


				extended poll center: ( 51403     0 )

				perform extended poll descent ...... no

				extended poll point eval {

					extended poll point = (   513     0 )

					list of points evaluation (extended poll) {

						evaluation 1/1 {

							point #162 ( 513  0 )
							mesh index : -2

							cache hit: #162 --> #130
							extended poll unsuccessful point #130 [ h=0 f=0.033614854812600000744 ]
						} 

					} end of evaluations


				} 


				extended poll center: (   513     0 )

				perform extended poll descent ...... no

				extended poll point eval {

					extended poll point = (   532     0 )

					list of points evaluation (extended poll) {

						evaluation 1/1 {

							point #163 ( 532  0 )
							mesh index : -2

							cache hit: #163 --> #131
							extended poll unsuccessful point #131 [ h=0 f=0.032917737960799997587 ]
						} 

					} end of evaluations


				} 


				extended poll center: (   532     0 )

				perform extended poll descent ...... no

				extended poll point eval {

					extended poll point = ( 55232     0 )

					list of points evaluation (extended poll) {

						evaluation 1/1 {

							point #164 ( 55232  0 )
							mesh index : -2

							cache hit: #164 --> #132
							extended poll unsuccessful point #132 [ h=0 f=0.033180122375499998544 ]
						} 

					} end of evaluations


				} 


				extended poll center: ( 55232     0 )

				perform extended poll descent ...... no

				extended poll point eval {

					extended poll point = ( 51503     0 )

					list of points evaluation (extended poll) {

						evaluation 1/1 {

							point #165 ( 51503  0 )
							mesh index : -2

							cache hit: #165 --> #133
							extended poll unsuccessful point #133 [ h=0 f=0.035431623458899996759 ]
						} 

					} end of evaluations


				} 


				extended poll center: ( 51503     0 )

				perform extended poll descent ...... no

				extended poll point eval {

					extended poll point = (   510     0 )

					list of points evaluation (extended poll) {

						evaluation 1/1 {

							point #166 ( 510  0 )
							mesh index : -2

							cache hit: #166 --> #134
							extended poll unsuccessful point #134 [ h=0 f=0.036421601772299999622 ]
						} 

					} end of evaluations


				} 


				extended poll center: (   510     0 )

				perform extended poll descent ...... no

			} end of extended poll

		} end of poll

		Mesh update {
			previous mesh index: -2
			new mesh index     : -1
		} 


		terminate MADS       : no
		iteration status     : unsuccessful
		new feas. incumbent  : none
		new infeas. incumbent: none

	} end of iteration 4

	MADS iteration 5 {

		blackbox evaluations : 23
		best feas. solution  : ( 512  0 ) h=0 f=0.020858216285700000719
		best infeas. solution: none
		poll center          : ( 512  0 )
		mesh size            : (  1  1 )
		poll size            : (  2  2 )
		mesh index           : -1
		h_max                : inf

		MADS search {
		} end of search

		MADS poll {

			poll center: ( 512  0 )

			poll directions (include mesh size parameter) {
				dir 0 : (  0 -1 ) Ortho-MADS 2n
				dir 1 : (  0  1 ) Ortho-MADS 2n
			} 

			re-ordered list of 2 poll trial points {
				#173 : ( 512 -1 ) (dir 0)
				#174 : ( 512  1 ) (dir 1)
			} 

			list of points evaluation (poll) {

				surrogate evaluation 1/2 {

					point #173 ( 512 -1 )
					direction  : (  0 -1 ) Ortho-MADS 2n
					mesh index : -1


					point #173 sgte eval: failed
				} 

				surrogate evaluation 2/2 {

					point #174 ( 512  1 )
					direction  : (  0  1 ) Ortho-MADS 2n
					mesh index : -1


					point #174 sgte eval: failed
				} 

			} end of evaluations

			re-ordered list of 2 poll trial points {

				#175: ( 512 -1 ) (dir 0)
				#176: ( 512  1 ) (dir 1)
			} 

			list of points evaluation (poll) {

				evaluation 1/2 {

					point #175 ( 512 -1 )
					direction  : (  0 -1 ) Ortho-MADS 2n
					mesh index : -1

					poll unsuccessful point #175: evaluation failed
				} 

				evaluation 2/2 {

					point #176 ( 512  1 )
					direction  : (  0  1 ) Ortho-MADS 2n
					mesh index : -1

					poll unsuccessful point #176: evaluation failed
				} 

			} end of evaluations


			MADS extended poll {


				extended poll pts sorting (on surrogates) {


					list of points evaluation (extended poll) {

						surrogate evaluation 1/11 {

							point #177 ( 412  0 )
							mesh index : -1

							surrogate cache hit: #177 --> #113

							point #113 sgte eval: h=0 f=0.022364139556899999967
						} 

						surrogate evaluation 2/11 {

							point #178 (  1  0 )
							mesh index : -1

							surrogate cache hit: #178 --> #89

							point #89 sgte eval: h=0 f=0.022330284118600000204
						} 

						surrogate evaluation 3/11 {

							point #179 (  2  0 )
							mesh index : -1

							surrogate cache hit: #179 --> #115

							point #115 sgte eval: h=0 f=0.026165962219199999372
						} 

						surrogate evaluation 4/11 {

							point #180 ( 522  0 )
							mesh index : -1

							surrogate cache hit: #180 --> #116

							point #116 sgte eval: h=0 f=0.025046348571799999239
						} 

						surrogate evaluation 5/11 {

							point #181 ( 532  0 )
							mesh index : -1

							surrogate cache hit: #181 --> #117

							point #117 sgte eval: h=0 f=0.032719135284399999963
						} 

						surrogate evaluation 6/11 {

							point #182 ( 54232  0 )
							mesh index : -1

							surrogate cache hit: #182 --> #118

							point #118 sgte eval: h=0 f=0.032487630844100001681
						} 

						surrogate evaluation 7/11 {

							point #183 ( 55232  0 )
							mesh index : -1

							surrogate cache hit: #183 --> #119

							point #119 sgte eval: h=0 f=0.033855438232399996668
						} 

						surrogate evaluation 8/11 {

							point #184 ( 510  0 )
							mesh index : -1

							surrogate cache hit: #184 --> #120

							point #120 sgte eval: h=0 f=0.036969661712600000725
						} 

						surrogate evaluation 9/11 {

							point #185 ( 513  0 )
							mesh index : -1

							surrogate cache hit: #185 --> #96

							point #96 sgte eval: h=0 f=0.032515525817799997843
						} 

						surrogate evaluation 10/11 {

							point #186 ( 51403  0 )
							mesh index : -1

							surrogate cache hit: #186 --> #122

							point #122 sgte eval: h=0 f=0.03250575065610000064
						} 

						surrogate evaluation 11/11 {

							point #187 ( 51503  0 )
							mesh index : -1

							surrogate cache hit: #187 --> #123

							point #123 sgte eval: h=0 f=0.034132003784199997642
						} 

					} end of evaluations


					sorted ext poll pts {

						point # 1/11 : (     1     0 )
						point # 2/11 : (   412     0 )
						point # 3/11 : (   522     0 )
						point # 4/11 : (     2     0 )
						point # 5/11 : ( 54232     0 )
						point # 6/11 : ( 51403     0 )
						point # 7/11 : (   513     0 )
						point # 8/11 : (   532     0 )
						point # 9/11 : ( 55232     0 )
						point #10/11 : ( 51503     0 )
						point #11/11 : (   510     0 )

					} 


				} end of ext poll pts sorting (on surrogates)


				extended poll point eval {

					extended poll point = (     1     0 )

					list of points evaluation (extended poll) {

						evaluation 1/1 {

							point #188 (  1  0 )
							mesh index : -1

							cache hit: #188 --> #124
							extended poll unsuccessful point #124 [ h=0 f=0.022171046733899999609 ]
						} 

					} end of evaluations


				} 


				extended poll center: (     1     0 )

				perform extended poll descent ...... yes

				extended poll descent (on surrogates) {

					       iteration = 5
					 blackbox eval.  = 25
					      sgte eval. = 69
					      mesh index = -1
					ext. poll center = (     1     0 ) f=0.022171046733899999609 h=0


					MADS run {

						69+SGTE	OBJ	(ext-poll--surrogate)

						69+ 0	0.02233028411860000020	(ext-poll--surrogate)

					} end of run (max mesh index)

					blackbox evaluations    : 0
					best feasible solution  : ( 1 0 ) h=0 f=0.022330284118600000204

				} end of extended poll descent (unsuccessful)


				extended poll point eval {

					extended poll point = (   412     0 )

					list of points evaluation (extended poll) {

						evaluation 1/1 {

							point #189 ( 412  0 )
							mesh index : -1

							cache hit: #189 --> #125
							extended poll unsuccessful point #125 [ h=0 f=0.022442796230299998789 ]
						} 

					} end of evaluations


				} 


				extended poll center: (   412     0 )

				perform extended poll descent ...... yes

				extended poll descent (on surrogates) {

					       iteration = 5
					 blackbox eval.  = 25
					      sgte eval. = 71
					      mesh index = -1
					ext. poll center = (   412     0 ) f=0.022442796230299998789 h=0


					MADS run {

						71+SGTE	OBJ	(ext-poll--surrogate)

						71+ 0	0.02236413955689999997	(ext-poll--surrogate)

					} end of run (max mesh index)

					blackbox evaluations    : 0
					best feasible solution  : ( 412 0 ) h=0 f=0.022364139556899999967

				} end of extended poll descent (unsuccessful)


				extended poll point eval {

					extended poll point = (   522     0 )

					list of points evaluation (extended poll) {

						evaluation 1/1 {

							point #190 ( 522  0 )
							mesh index : -1

							cache hit: #190 --> #126
							extended poll unsuccessful point #126 [ h=0 f=0.024941170215599998278 ]
						} 

					} end of evaluations


				} 


				extended poll center: (   522     0 )

				perform extended poll descent ...... no

				extended poll point eval {

					extended poll point = (     2     0 )

					list of points evaluation (extended poll) {

						evaluation 1/1 {

							point #191 (  2  0 )
							mesh index : -1

							cache hit: #191 --> #127
							extended poll unsuccessful point #127 [ h=0 f=0.024144871234900000534 ]
						} 

					} end of evaluations


				} 


				extended poll center: (     2     0 )

				perform extended poll descent ...... no

				extended poll point eval {

					extended poll point = ( 54232     0 )

					list of points evaluation (extended poll) {

						evaluation 1/1 {

							point #192 ( 54232  0 )
							mesh index : -1

							cache hit: #192 --> #128
							extended poll unsuccessful point #128 [ h=0 f=0.032075252532999996846 ]
						} 

					} end of evaluations


				} 


				extended poll center: ( 54232     0 )

				perform extended poll descent ...... no

				extended poll point eval {

					extended poll point = ( 51403     0 )

					list of points evaluation (extended poll) {

						evaluation 1/1 {

							point #193 ( 51403  0 )
							mesh index : -1

							cache hit: #193 --> #129
							extended poll unsuccessful point #129 [ h=0 f=0.034639673232999997066 ]
						} 

					} end of evaluations


				} 


				extended poll center: ( 51403     0 )

				perform extended poll descent ...... no

				extended poll point eval {

					extended poll point = (   513     0 )

					list of points evaluation (extended poll) {

						evaluation 1/1 {

							point #194 ( 513  0 )
							mesh index : -1

							cache hit: #194 --> #130
							extended poll unsuccessful point #130 [ h=0 f=0.033614854812600000744 ]
						} 

					} end of evaluations


				} 


				extended poll center: (   513     0 )

				perform extended poll descent ...... no

				extended poll point eval {

					extended poll point = (   532     0 )

					list of points evaluation (extended poll) {

						evaluation 1/1 {

							point #195 ( 532  0 )
							mesh index : -1

							cache hit: #195 --> #131
							extended poll unsuccessful point #131 [ h=0 f=0.032917737960799997587 ]
						} 

					} end of evaluations


				} 


				extended poll center: (   532     0 )

				perform extended poll descent ...... no

				extended poll point eval {

					extended poll point = ( 55232     0 )

					list of points evaluation (extended poll) {

						evaluation 1/1 {

							point #196 ( 55232  0 )
							mesh index : -1

							cache hit: #196 --> #132
							extended poll unsuccessful point #132 [ h=0 f=0.033180122375499998544 ]
						} 

					} end of evaluations


				} 


				extended poll center: ( 55232     0 )

				perform extended poll descent ...... no

				extended poll point eval {

					extended poll point = ( 51503     0 )

					list of points evaluation (extended poll) {

						evaluation 1/1 {

							point #197 ( 51503  0 )
							mesh index : -1

							cache hit: #197 --> #133
							extended poll unsuccessful point #133 [ h=0 f=0.035431623458899996759 ]
						} 

					} end of evaluations


				} 


				extended poll center: ( 51503     0 )

				perform extended poll descent ...... no

				extended poll point eval {

					extended poll point = (   510     0 )

					list of points evaluation (extended poll) {

						evaluation 1/1 {

							point #198 ( 510  0 )
							mesh index : -1

							cache hit: #198 --> #134
							extended poll unsuccessful point #134 [ h=0 f=0.036421601772299999622 ]
						} 

					} end of evaluations


				} 


				extended poll center: (   510     0 )

				perform extended poll descent ...... no

			} end of extended poll

		} end of poll

		Mesh update {
			previous mesh index: -1
			new mesh index     : 0
		} 


		terminate MADS       : no
		iteration status     : unsuccessful
		new feas. incumbent  : none
		new infeas. incumbent: none

	} end of iteration 5

	MADS iteration 6 {

		blackbox evaluations : 25
		best feas. solution  : ( 512  0 ) h=0 f=0.020858216285700000719
		best infeas. solution: none
		poll center          : ( 512  0 )
		mesh size            : (  1  1 )
		poll size            : (  1  1 )
		mesh index           : 0
		h_max                : inf

		MADS search {
		} end of search

		MADS poll {

			poll center: ( 512  0 )

			poll directions (include mesh size parameter) {
				dir 0 : (  0 -1 ) Ortho-MADS 2n
				dir 1 : (  0  1 ) Ortho-MADS 2n
			} 

			re-ordered list of 2 poll trial points {
				#205 : ( 512 -1 ) (dir 0)
				#206 : ( 512  1 ) (dir 1)
			} 

			list of points evaluation (poll) {

				surrogate evaluation 1/2 {

					point #205 ( 512 -1 )
					direction  : (  0 -1 ) Ortho-MADS 2n
					mesh index : 0

					surrogate cache hit: #205 --> #173

					point #173 sgte eval: failed
				} 

				surrogate evaluation 2/2 {

					point #206 ( 512  1 )
					direction  : (  0  1 ) Ortho-MADS 2n
					mesh index : 0

					surrogate cache hit: #206 --> #174

					point #174 sgte eval: failed
				} 

			} end of evaluations

			re-ordered list of 2 poll trial points {

				#207: ( 512 -1 ) (dir 0)
				#208: ( 512  1 ) (dir 1)
			} 

			list of points evaluation (poll) {

				evaluation 1/2 {

					point #207 ( 512 -1 )
					direction  : (  0 -1 ) Ortho-MADS 2n
					mesh index : -1

					cache hit: #207 --> #175
					poll unsuccessful point #175: evaluation failed
				} 

				evaluation 2/2 {

					point #208 ( 512  1 )
					direction  : (  0  1 ) Ortho-MADS 2n
					mesh index : -1

					cache hit: #208 --> #176
					poll unsuccessful point #176: evaluation failed
				} 

			} end of evaluations


			MADS extended poll {


				extended poll pts sorting (on surrogates) {


					list of points evaluation (extended poll) {

						surrogate evaluation 1/11 {

							point #209 ( 412  0 )
							mesh index : 0

							surrogate cache hit: #209 --> #113

							point #113 sgte eval: h=0 f=0.022364139556899999967
						} 

						surrogate evaluation 2/11 {

							point #210 (  1  0 )
							mesh index : 0

							surrogate cache hit: #210 --> #89

							point #89 sgte eval: h=0 f=0.022330284118600000204
						} 

						surrogate evaluation 3/11 {

							point #211 (  2  0 )
							mesh index : 0

							surrogate cache hit: #211 --> #115

							point #115 sgte eval: h=0 f=0.026165962219199999372
						} 

						surrogate evaluation 4/11 {

							point #212 ( 522  0 )
							mesh index : 0

							surrogate cache hit: #212 --> #116

							point #116 sgte eval: h=0 f=0.025046348571799999239
						} 

						surrogate evaluation 5/11 {

							point #213 ( 532  0 )
							mesh index : 0

							surrogate cache hit: #213 --> #117

							point #117 sgte eval: h=0 f=0.032719135284399999963
						} 

						surrogate evaluation 6/11 {

							point #214 ( 54232  0 )
							mesh index : 0

							surrogate cache hit: #214 --> #118

							point #118 sgte eval: h=0 f=0.032487630844100001681
						} 

						surrogate evaluation 7/11 {

							point #215 ( 55232  0 )
							mesh index : 0

							surrogate cache hit: #215 --> #119

							point #119 sgte eval: h=0 f=0.033855438232399996668
						} 

						surrogate evaluation 8/11 {

							point #216 ( 510  0 )
							mesh index : 0

							surrogate cache hit: #216 --> #120

							point #120 sgte eval: h=0 f=0.036969661712600000725
						} 

						surrogate evaluation 9/11 {

							point #217 ( 513  0 )
							mesh index : 0

							surrogate cache hit: #217 --> #96

							point #96 sgte eval: h=0 f=0.032515525817799997843
						} 

						surrogate evaluation 10/11 {

							point #218 ( 51403  0 )
							mesh index : 0

							surrogate cache hit: #218 --> #122

							point #122 sgte eval: h=0 f=0.03250575065610000064
						} 

						surrogate evaluation 11/11 {

							point #219 ( 51503  0 )
							mesh index : 0

							surrogate cache hit: #219 --> #123

							point #123 sgte eval: h=0 f=0.034132003784199997642
						} 

					} end of evaluations


					sorted ext poll pts {

						point # 1/11 : (     1     0 )
						point # 2/11 : (   412     0 )
						point # 3/11 : (   522     0 )
						point # 4/11 : (     2     0 )
						point # 5/11 : ( 54232     0 )
						point # 6/11 : ( 51403     0 )
						point # 7/11 : (   513     0 )
						point # 8/11 : (   532     0 )
						point # 9/11 : ( 55232     0 )
						point #10/11 : ( 51503     0 )
						point #11/11 : (   510     0 )

					} 


				} end of ext poll pts sorting (on surrogates)


				extended poll point eval {

					extended poll point = (     1     0 )

					list of points evaluation (extended poll) {

						evaluation 1/1 {

							point #220 (  1  0 )
							mesh index : 0

							cache hit: #220 --> #124
							extended poll unsuccessful point #124 [ h=0 f=0.022171046733899999609 ]
						} 

					} end of evaluations


				} 


				extended poll center: (     1     0 )

				perform extended poll descent ...... yes

				extended poll descent (on surrogates) {

					       iteration = 6
					 blackbox eval.  = 25
					      sgte eval. = 73
					      mesh index = 0
					ext. poll center = (     1     0 ) f=0.022171046733899999609 h=0


					MADS run {

						73+SGTE	OBJ	(ext-poll--surrogate)

						73+ 0	0.02233028411860000020	(ext-poll--surrogate)

					} end of run (max mesh index)

					blackbox evaluations    : 0
					best feasible solution  : ( 1 0 ) h=0 f=0.022330284118600000204

				} end of extended poll descent (unsuccessful)


				extended poll point eval {

					extended poll point = (   412     0 )

					list of points evaluation (extended poll) {

						evaluation 1/1 {

							point #221 ( 412  0 )
							mesh index : 0

							cache hit: #221 --> #125
							extended poll unsuccessful point #125 [ h=0 f=0.022442796230299998789 ]
						} 

					} end of evaluations


				} 


				extended poll center: (   412     0 )

				perform extended poll descent ...... yes

				extended poll descent (on surrogates) {

					       iteration = 6
					 blackbox eval.  = 25
					      sgte eval. = 73
					      mesh index = 0
					ext. poll center = (   412     0 ) f=0.022442796230299998789 h=0


					MADS run {

						73+SGTE	OBJ	(ext-poll--surrogate)

						73+ 0	0.02236413955689999997	(ext-poll--surrogate)

					} end of run (max mesh index)

					blackbox evaluations    : 0
					best feasible solution  : ( 412 0 ) h=0 f=0.022364139556899999967

				} end of extended poll descent (unsuccessful)


				extended poll point eval {

					extended poll point = (   522     0 )

					list of points evaluation (extended poll) {

						evaluation 1/1 {

							point #222 ( 522  0 )
							mesh index : 0

							cache hit: #222 --> #126
							extended poll unsuccessful point #126 [ h=0 f=0.024941170215599998278 ]
						} 

					} end of evaluations


				} 


				extended poll center: (   522     0 )

				perform extended poll descent ...... no

				extended poll point eval {

					extended poll point = (     2     0 )

					list of points evaluation (extended poll) {

						evaluation 1/1 {

							point #223 (  2  0 )
							mesh index : 0

							cache hit: #223 --> #127
							extended poll unsuccessful point #127 [ h=0 f=0.024144871234900000534 ]
						} 

					} end of evaluations


				} 


				extended poll center: (     2     0 )

				perform extended poll descent ...... no

				extended poll point eval {

					extended poll point = ( 54232     0 )

					list of points evaluation (extended poll) {

						evaluation 1/1 {

							point #224 ( 54232  0 )
							mesh index : 0

							cache hit: #224 --> #128
							extended poll unsuccessful point #128 [ h=0 f=0.032075252532999996846 ]
						} 

					} end of evaluations


				} 


				extended poll center: ( 54232     0 )

				perform extended poll descent ...... no

				extended poll point eval {

					extended poll point = ( 51403     0 )

					list of points evaluation (extended poll) {

						evaluation 1/1 {

							point #225 ( 51403  0 )
							mesh index : 0

							cache hit: #225 --> #129
							extended poll unsuccessful point #129 [ h=0 f=0.034639673232999997066 ]
						} 

					} end of evaluations


				} 


				extended poll center: ( 51403     0 )

				perform extended poll descent ...... no

				extended poll point eval {

					extended poll point = (   513     0 )

					list of points evaluation (extended poll) {

						evaluation 1/1 {

							point #226 ( 513  0 )
							mesh index : 0

							cache hit: #226 --> #130
							extended poll unsuccessful point #130 [ h=0 f=0.033614854812600000744 ]
						} 

					} end of evaluations


				} 


				extended poll center: (   513     0 )

				perform extended poll descent ...... no

				extended poll point eval {

					extended poll point = (   532     0 )

					list of points evaluation (extended poll) {

						evaluation 1/1 {

							point #227 ( 532  0 )
							mesh index : 0

							cache hit: #227 --> #131
							extended poll unsuccessful point #131 [ h=0 f=0.032917737960799997587 ]
						} 

					} end of evaluations


				} 


				extended poll center: (   532     0 )

				perform extended poll descent ...... no

				extended poll point eval {

					extended poll point = ( 55232     0 )

					list of points evaluation (extended poll) {

						evaluation 1/1 {

							point #228 ( 55232  0 )
							mesh index : 0

							cache hit: #228 --> #132
							extended poll unsuccessful point #132 [ h=0 f=0.033180122375499998544 ]
						} 

					} end of evaluations


				} 


				extended poll center: ( 55232     0 )

				perform extended poll descent ...... no

				extended poll point eval {

					extended poll point = ( 51503     0 )

					list of points evaluation (extended poll) {

						evaluation 1/1 {

							point #229 ( 51503  0 )
							mesh index : 0

							cache hit: #229 --> #133
							extended poll unsuccessful point #133 [ h=0 f=0.035431623458899996759 ]
						} 

					} end of evaluations


				} 


				extended poll center: ( 51503     0 )

				perform extended poll descent ...... no

				extended poll point eval {

					extended poll point = (   510     0 )

					list of points evaluation (extended poll) {

						evaluation 1/1 {

							point #230 ( 510  0 )
							mesh index : 0

							cache hit: #230 --> #134
							extended poll unsuccessful point #134 [ h=0 f=0.036421601772299999622 ]
						} 

					} end of evaluations


				} 


				extended poll center: (   510     0 )

				perform extended poll descent ...... no

			} end of extended poll

		} end of poll

		Mesh update {
			previous mesh index: 0
			new mesh index     : 1
		} 


		terminate MADS       : no
		iteration status     : unsuccessful
		new feas. incumbent  : none
		new infeas. incumbent: none

	} end of iteration 6

	MADS iteration 7 {

		blackbox evaluations : 25
		best feas. solution  : ( 512  0 ) h=0 f=0.020858216285700000719
		best infeas. solution: none
		poll center          : ( 512  0 )
		mesh size            : ( 0.25 0.25 )
		poll size            : ( 0.5 0.5 )
		mesh index           : 1
		h_max                : inf

		MADS search {
		} end of search

		MADS poll {

			poll center: ( 512  0 )

			poll directions (include mesh size parameter) {
				dir 0 : (  0 -1 ) Ortho-MADS 2n
				dir 1 : (  0  1 ) Ortho-MADS 2n
			} 

			re-ordered list of 2 poll trial points {
				#237 : ( 512 -1 ) (dir 0)
				#238 : ( 512  1 ) (dir 1)
			} 

			list of points evaluation (poll) {

				surrogate evaluation 1/2 {

					point #237 ( 512 -1 )
					direction  : (  0 -1 ) Ortho-MADS 2n
					mesh index : 1

					surrogate cache hit: #237 --> #173

					point #173 sgte eval: failed
				} 

				surrogate evaluation 2/2 {

					point #238 ( 512  1 )
					direction  : (  0  1 ) Ortho-MADS 2n
					mesh index : 1

					surrogate cache hit: #238 --> #174

					point #174 sgte eval: failed
				} 

			} end of evaluations

			re-ordered list of 2 poll trial points {

				#239: ( 512 -1 ) (dir 0)
				#240: ( 512  1 ) (dir 1)
			} 

			list of points evaluation (poll) {

				evaluation 1/2 {

					point #239 ( 512 -1 )
					direction  : (  0 -1 ) Ortho-MADS 2n
					mesh index : -1

					cache hit: #239 --> #175
					poll unsuccessful point #175: evaluation failed
				} 

				evaluation 2/2 {

					point #240 ( 512  1 )
					direction  : (  0  1 ) Ortho-MADS 2n
					mesh index : -1

					cache hit: #240 --> #176
					poll unsuccessful point #176: evaluation failed
				} 

			} end of evaluations


			MADS extended poll {


				extended poll pts sorting (on surrogates) {


					list of points evaluation (extended poll) {

						surrogate evaluation 1/11 {

							point #241 ( 412  0 )
							mesh index : 1

							surrogate cache hit: #241 --> #113

							point #113 sgte eval: h=0 f=0.022364139556899999967
						} 

						surrogate evaluation 2/11 {

							point #242 (  1  0 )
							mesh index : 1

							surrogate cache hit: #242 --> #89

							point #89 sgte eval: h=0 f=0.022330284118600000204
						} 

						surrogate evaluation 3/11 {

							point #243 (  2  0 )
							mesh index : 1

							surrogate cache hit: #243 --> #115

							point #115 sgte eval: h=0 f=0.026165962219199999372
						} 

						surrogate evaluation 4/11 {

							point #244 ( 522  0 )
							mesh index : 1

							surrogate cache hit: #244 --> #116

							point #116 sgte eval: h=0 f=0.025046348571799999239
						} 

						surrogate evaluation 5/11 {

							point #245 ( 532  0 )
							mesh index : 1

							surrogate cache hit: #245 --> #117

							point #117 sgte eval: h=0 f=0.032719135284399999963
						} 

						surrogate evaluation 6/11 {

							point #246 ( 54232  0 )
							mesh index : 1

							surrogate cache hit: #246 --> #118

							point #118 sgte eval: h=0 f=0.032487630844100001681
						} 

						surrogate evaluation 7/11 {

							point #247 ( 55232  0 )
							mesh index : 1

							surrogate cache hit: #247 --> #119

							point #119 sgte eval: h=0 f=0.033855438232399996668
						} 

						surrogate evaluation 8/11 {

							point #248 ( 510  0 )
							mesh index : 1

							surrogate cache hit: #248 --> #120

							point #120 sgte eval: h=0 f=0.036969661712600000725
						} 

						surrogate evaluation 9/11 {

							point #249 ( 513  0 )
							mesh index : 1

							surrogate cache hit: #249 --> #96

							point #96 sgte eval: h=0 f=0.032515525817799997843
						} 

						surrogate evaluation 10/11 {

							point #250 ( 51403  0 )
							mesh index : 1

							surrogate cache hit: #250 --> #122

							point #122 sgte eval: h=0 f=0.03250575065610000064
						} 

						surrogate evaluation 11/11 {

							point #251 ( 51503  0 )
							mesh index : 1

							surrogate cache hit: #251 --> #123

							point #123 sgte eval: h=0 f=0.034132003784199997642
						} 

					} end of evaluations


					sorted ext poll pts {

						point # 1/11 : (     1     0 )
						point # 2/11 : (   412     0 )
						point # 3/11 : (   522     0 )
						point # 4/11 : (     2     0 )
						point # 5/11 : ( 54232     0 )
						point # 6/11 : ( 51403     0 )
						point # 7/11 : (   513     0 )
						point # 8/11 : (   532     0 )
						point # 9/11 : ( 55232     0 )
						point #10/11 : ( 51503     0 )
						point #11/11 : (   510     0 )

					} 


				} end of ext poll pts sorting (on surrogates)


				extended poll point eval {

					extended poll point = (     1     0 )

					list of points evaluation (extended poll) {

						evaluation 1/1 {

							point #252 (  1  0 )
							mesh index : 1

							cache hit: #252 --> #124
							extended poll unsuccessful point #124 [ h=0 f=0.022171046733899999609 ]
						} 

					} end of evaluations


				} 


				extended poll center: (     1     0 )

				perform extended poll descent ...... yes

				extended poll descent (on surrogates) {

					       iteration = 7
					 blackbox eval.  = 25
					      sgte eval. = 73
					      mesh index = 1
					ext. poll center = (     1     0 ) f=0.022171046733899999609 h=0


					MADS run {

						73+SGTE	OBJ	(ext-poll--surrogate)

						73+ 0	0.02233028411860000020	(ext-poll--surrogate)

					} end of run (max mesh index)

					blackbox evaluations    : 0
					best feasible solution  : ( 1 0 ) h=0 f=0.022330284118600000204

				} end of extended poll descent (unsuccessful)


				extended poll point eval {

					extended poll point = (   412     0 )

					list of points evaluation (extended poll) {

						evaluation 1/1 {

							point #253 ( 412  0 )
							mesh index : 1

							cache hit: #253 --> #125
							extended poll unsuccessful point #125 [ h=0 f=0.022442796230299998789 ]
						} 

					} end of evaluations


				} 


				extended poll center: (   412     0 )

				perform extended poll descent ...... yes

				extended poll descent (on surrogates) {

					       iteration = 7
					 blackbox eval.  = 25
					      sgte eval. = 73
					      mesh index = 1
					ext. poll center = (   412     0 ) f=0.022442796230299998789 h=0


					MADS run {

						73+SGTE	OBJ	(ext-poll--surrogate)

						73+ 0	0.02236413955689999997	(ext-poll--surrogate)

					} end of run (max mesh index)

					blackbox evaluations    : 0
					best feasible solution  : ( 412 0 ) h=0 f=0.022364139556899999967

				} end of extended poll descent (unsuccessful)


				extended poll point eval {

					extended poll point = (   522     0 )

					list of points evaluation (extended poll) {

						evaluation 1/1 {

							point #254 ( 522  0 )
							mesh index : 1

							cache hit: #254 --> #126
							extended poll unsuccessful point #126 [ h=0 f=0.024941170215599998278 ]
						} 

					} end of evaluations


				} 


				extended poll center: (   522     0 )

				perform extended poll descent ...... no

				extended poll point eval {

					extended poll point = (     2     0 )

					list of points evaluation (extended poll) {

						evaluation 1/1 {

							point #255 (  2  0 )
							mesh index : 1

							cache hit: #255 --> #127
							extended poll unsuccessful point #127 [ h=0 f=0.024144871234900000534 ]
						} 

					} end of evaluations


				} 


				extended poll center: (     2     0 )

				perform extended poll descent ...... no

				extended poll point eval {

					extended poll point = ( 54232     0 )

					list of points evaluation (extended poll) {

						evaluation 1/1 {

							point #256 ( 54232  0 )
							mesh index : 1

							cache hit: #256 --> #128
							extended poll unsuccessful point #128 [ h=0 f=0.032075252532999996846 ]
						} 

					} end of evaluations


				} 


				extended poll center: ( 54232     0 )

				perform extended poll descent ...... no

				extended poll point eval {

					extended poll point = ( 51403     0 )

					list of points evaluation (extended poll) {

						evaluation 1/1 {

							point #257 ( 51403  0 )
							mesh index : 1

							cache hit: #257 --> #129
							extended poll unsuccessful point #129 [ h=0 f=0.034639673232999997066 ]
						} 

					} end of evaluations


				} 


				extended poll center: ( 51403     0 )

				perform extended poll descent ...... no

				extended poll point eval {

					extended poll point = (   513     0 )

					list of points evaluation (extended poll) {

						evaluation 1/1 {

							point #258 ( 513  0 )
							mesh index : 1

							cache hit: #258 --> #130
							extended poll unsuccessful point #130 [ h=0 f=0.033614854812600000744 ]
						} 

					} end of evaluations


				} 


				extended poll center: (   513     0 )

				perform extended poll descent ...... no

				extended poll point eval {

					extended poll point = (   532     0 )

					list of points evaluation (extended poll) {

						evaluation 1/1 {

							point #259 ( 532  0 )
							mesh index : 1

							cache hit: #259 --> #131
							extended poll unsuccessful point #131 [ h=0 f=0.032917737960799997587 ]
						} 

					} end of evaluations


				} 


				extended poll center: (   532     0 )

				perform extended poll descent ...... no

				extended poll point eval {

					extended poll point = ( 55232     0 )

					list of points evaluation (extended poll) {

						evaluation 1/1 {

							point #260 ( 55232  0 )
							mesh index : 1

							cache hit: #260 --> #132
							extended poll unsuccessful point #132 [ h=0 f=0.033180122375499998544 ]
						} 

					} end of evaluations


				} 


				extended poll center: ( 55232     0 )

				perform extended poll descent ...... no

				extended poll point eval {

					extended poll point = ( 51503     0 )

					list of points evaluation (extended poll) {

						evaluation 1/1 {

							point #261 ( 51503  0 )
							mesh index : 1

							cache hit: #261 --> #133
							extended poll unsuccessful point #133 [ h=0 f=0.035431623458899996759 ]
						} 

					} end of evaluations


				} 


				extended poll center: ( 51503     0 )

				perform extended poll descent ...... no

				extended poll point eval {

					extended poll point = (   510     0 )

					list of points evaluation (extended poll) {

						evaluation 1/1 {

							point #262 ( 510  0 )
							mesh index : 1

							cache hit: #262 --> #134
							extended poll unsuccessful point #134 [ h=0 f=0.036421601772299999622 ]
						} 

					} end of evaluations


				} 


				extended poll center: (   510     0 )

				perform extended poll descent ...... no

			} end of extended poll

		} end of poll

		Mesh update {
			previous mesh index: 1
			new mesh index     : 2
		} 


		terminate MADS       : no
		iteration status     : unsuccessful
		new feas. incumbent  : none
		new infeas. incumbent: none

	} end of iteration 7

	MADS iteration 8 {

		blackbox evaluations : 25
		best feas. solution  : ( 512  0 ) h=0 f=0.020858216285700000719
		best infeas. solution: none
		poll center          : ( 512  0 )
		mesh size            : ( 0.0625 0.0625 )
		poll size            : ( 0.25 0.25 )
		mesh index           : 2
		h_max                : inf

		MADS search {
		} end of search

		MADS poll {

			poll center: ( 512  0 )

			poll directions (include mesh size parameter) {
				dir 0 : (  0 -1 ) Ortho-MADS 2n
				dir 1 : (  0  1 ) Ortho-MADS 2n
			} 

			re-ordered list of 2 poll trial points {
				#269 : ( 512 -1 ) (dir 0)
				#270 : ( 512  1 ) (dir 1)
			} 

			list of points evaluation (poll) {

				surrogate evaluation 1/2 {

					point #269 ( 512 -1 )
					direction  : (  0 -1 ) Ortho-MADS 2n
					mesh index : 2

					surrogate cache hit: #269 --> #173

					point #173 sgte eval: failed
				} 

				surrogate evaluation 2/2 {

					point #270 ( 512  1 )
					direction  : (  0  1 ) Ortho-MADS 2n
					mesh index : 2

					surrogate cache hit: #270 --> #174

					point #174 sgte eval: failed
				} 

			} end of evaluations

			re-ordered list of 2 poll trial points {

				#271: ( 512 -1 ) (dir 0)
				#272: ( 512  1 ) (dir 1)
			} 

			list of points evaluation (poll) {

				evaluation 1/2 {

					point #271 ( 512 -1 )
					direction  : (  0 -1 ) Ortho-MADS 2n
					mesh index : -1

					cache hit: #271 --> #175
					poll unsuccessful point #175: evaluation failed
				} 

				evaluation 2/2 {

					point #272 ( 512  1 )
					direction  : (  0  1 ) Ortho-MADS 2n
					mesh index : -1

					cache hit: #272 --> #176
					poll unsuccessful point #176: evaluation failed
				} 

			} end of evaluations


			MADS extended poll {


				extended poll pts sorting (on surrogates) {


					list of points evaluation (extended poll) {

						surrogate evaluation 1/11 {

							point #273 ( 412  0 )
							mesh index : 2

							surrogate cache hit: #273 --> #113

							point #113 sgte eval: h=0 f=0.022364139556899999967
						} 

						surrogate evaluation 2/11 {

							point #274 (  1  0 )
							mesh index : 2

							surrogate cache hit: #274 --> #89

							point #89 sgte eval: h=0 f=0.022330284118600000204
						} 

						surrogate evaluation 3/11 {

							point #275 (  2  0 )
							mesh index : 2

							surrogate cache hit: #275 --> #115

							point #115 sgte eval: h=0 f=0.026165962219199999372
						} 

						surrogate evaluation 4/11 {

							point #276 ( 522  0 )
							mesh index : 2

							surrogate cache hit: #276 --> #116

							point #116 sgte eval: h=0 f=0.025046348571799999239
						} 

						surrogate evaluation 5/11 {

							point #277 ( 532  0 )
							mesh index : 2

							surrogate cache hit: #277 --> #117

							point #117 sgte eval: h=0 f=0.032719135284399999963
						} 

						surrogate evaluation 6/11 {

							point #278 ( 54232  0 )
							mesh index : 2

							surrogate cache hit: #278 --> #118

							point #118 sgte eval: h=0 f=0.032487630844100001681
						} 

						surrogate evaluation 7/11 {

							point #279 ( 55232  0 )
							mesh index : 2

							surrogate cache hit: #279 --> #119

							point #119 sgte eval: h=0 f=0.033855438232399996668
						} 

						surrogate evaluation 8/11 {

							point #280 ( 510  0 )
							mesh index : 2

							surrogate cache hit: #280 --> #120

							point #120 sgte eval: h=0 f=0.036969661712600000725
						} 

						surrogate evaluation 9/11 {

							point #281 ( 513  0 )
							mesh index : 2

							surrogate cache hit: #281 --> #96

							point #96 sgte eval: h=0 f=0.032515525817799997843
						} 

						surrogate evaluation 10/11 {

							point #282 ( 51403  0 )
							mesh index : 2

							surrogate cache hit: #282 --> #122

							point #122 sgte eval: h=0 f=0.03250575065610000064
						} 

						surrogate evaluation 11/11 {

							point #283 ( 51503  0 )
							mesh index : 2

							surrogate cache hit: #283 --> #123

							point #123 sgte eval: h=0 f=0.034132003784199997642
						} 

					} end of evaluations


					sorted ext poll pts {

						point # 1/11 : (     1     0 )
						point # 2/11 : (   412     0 )
						point # 3/11 : (   522     0 )
						point # 4/11 : (     2     0 )
						point # 5/11 : ( 54232     0 )
						point # 6/11 : ( 51403     0 )
						point # 7/11 : (   513     0 )
						point # 8/11 : (   532     0 )
						point # 9/11 : ( 55232     0 )
						point #10/11 : ( 51503     0 )
						point #11/11 : (   510     0 )

					} 


				} end of ext poll pts sorting (on surrogates)


				extended poll point eval {

					extended poll point = (     1     0 )

					list of points evaluation (extended poll) {

						evaluation 1/1 {

							point #284 (  1  0 )
							mesh index : 2

							cache hit: #284 --> #124
							extended poll unsuccessful point #124 [ h=0 f=0.022171046733899999609 ]
						} 

					} end of evaluations


				} 


				extended poll center: (     1     0 )

				perform extended poll descent ...... yes

				extended poll descent (on surrogates) {

					       iteration = 8
					 blackbox eval.  = 25
					      sgte eval. = 73
					      mesh index = 2
					ext. poll center = (     1     0 ) f=0.022171046733899999609 h=0


					MADS run {

						73+SGTE	OBJ	(ext-poll--surrogate)

						73+ 0	0.02233028411860000020	(ext-poll--surrogate)

					} end of run (max mesh index)

					blackbox evaluations    : 0
					best feasible solution  : ( 1 0 ) h=0 f=0.022330284118600000204

				} end of extended poll descent (unsuccessful)


				extended poll point eval {

					extended poll point = (   412     0 )

					list of points evaluation (extended poll) {

						evaluation 1/1 {

							point #285 ( 412  0 )
							mesh index : 2

							cache hit: #285 --> #125
							extended poll unsuccessful point #125 [ h=0 f=0.022442796230299998789 ]
						} 

					} end of evaluations


				} 


				extended poll center: (   412     0 )

				perform extended poll descent ...... yes

				extended poll descent (on surrogates) {

					       iteration = 8
					 blackbox eval.  = 25
					      sgte eval. = 73
					      mesh index = 2
					ext. poll center = (   412     0 ) f=0.022442796230299998789 h=0


					MADS run {

						73+SGTE	OBJ	(ext-poll--surrogate)

						73+ 0	0.02236413955689999997	(ext-poll--surrogate)

					} end of run (max mesh index)

					blackbox evaluations    : 0
					best feasible solution  : ( 412 0 ) h=0 f=0.022364139556899999967

				} end of extended poll descent (unsuccessful)


				extended poll point eval {

					extended poll point = (   522     0 )

					list of points evaluation (extended poll) {

						evaluation 1/1 {

							point #286 ( 522  0 )
							mesh index : 2

							cache hit: #286 --> #126
							extended poll unsuccessful point #126 [ h=0 f=0.024941170215599998278 ]
						} 

					} end of evaluations


				} 


				extended poll center: (   522     0 )

				perform extended poll descent ...... no

				extended poll point eval {

					extended poll point = (     2     0 )

					list of points evaluation (extended poll) {

						evaluation 1/1 {

							point #287 (  2  0 )
							mesh index : 2

							cache hit: #287 --> #127
							extended poll unsuccessful point #127 [ h=0 f=0.024144871234900000534 ]
						} 

					} end of evaluations


				} 


				extended poll center: (     2     0 )

				perform extended poll descent ...... no

				extended poll point eval {

					extended poll point = ( 54232     0 )

					list of points evaluation (extended poll) {

						evaluation 1/1 {

							point #288 ( 54232  0 )
							mesh index : 2

							cache hit: #288 --> #128
							extended poll unsuccessful point #128 [ h=0 f=0.032075252532999996846 ]
						} 

					} end of evaluations


				} 


				extended poll center: ( 54232     0 )

				perform extended poll descent ...... no

				extended poll point eval {

					extended poll point = ( 51403     0 )

					list of points evaluation (extended poll) {

						evaluation 1/1 {

							point #289 ( 51403  0 )
							mesh index : 2

							cache hit: #289 --> #129
							extended poll unsuccessful point #129 [ h=0 f=0.034639673232999997066 ]
						} 

					} end of evaluations


				} 


				extended poll center: ( 51403     0 )

				perform extended poll descent ...... no

				extended poll point eval {

					extended poll point = (   513     0 )

					list of points evaluation (extended poll) {

						evaluation 1/1 {

							point #290 ( 513  0 )
							mesh index : 2

							cache hit: #290 --> #130
							extended poll unsuccessful point #130 [ h=0 f=0.033614854812600000744 ]
						} 

					} end of evaluations


				} 


				extended poll center: (   513     0 )

				perform extended poll descent ...... no

				extended poll point eval {

					extended poll point = (   532     0 )

					list of points evaluation (extended poll) {

						evaluation 1/1 {

							point #291 ( 532  0 )
							mesh index : 2

							cache hit: #291 --> #131
							extended poll unsuccessful point #131 [ h=0 f=0.032917737960799997587 ]
						} 

					} end of evaluations


				} 


				extended poll center: (   532     0 )

				perform extended poll descent ...... no

				extended poll point eval {

					extended poll point = ( 55232     0 )

					list of points evaluation (extended poll) {

						evaluation 1/1 {

							point #292 ( 55232  0 )
							mesh index : 2

							cache hit: #292 --> #132
							extended poll unsuccessful point #132 [ h=0 f=0.033180122375499998544 ]
						} 

					} end of evaluations


				} 


				extended poll center: ( 55232     0 )

				perform extended poll descent ...... no

				extended poll point eval {

					extended poll point = ( 51503     0 )

					list of points evaluation (extended poll) {

						evaluation 1/1 {

							point #293 ( 51503  0 )
							mesh index : 2

							cache hit: #293 --> #133
							extended poll unsuccessful point #133 [ h=0 f=0.035431623458899996759 ]
						} 

					} end of evaluations


				} 


				extended poll center: ( 51503     0 )

				perform extended poll descent ...... no

				extended poll point eval {

					extended poll point = (   510     0 )

					list of points evaluation (extended poll) {

						evaluation 1/1 {

							point #294 ( 510  0 )
							mesh index : 2

							cache hit: #294 --> #134
							extended poll unsuccessful point #134 [ h=0 f=0.036421601772299999622 ]
						} 

					} end of evaluations


				} 


				extended poll center: (   510     0 )

				perform extended poll descent ...... no

			} end of extended poll

		} end of poll

		Mesh update {
			previous mesh index: 2
			new mesh index     : 3
		} 


		terminate MADS       : yes
		termination cause    : max mesh index
		iteration status     : unsuccessful
		new feas. incumbent  : none
		new infeas. incumbent: none

	} end of iteration 8

} end of run (max mesh index)

NOMAD final display {

	cache {
		number of cache points: 25
		size in memory        : 3.2000000000000001776 KB
		cache file            : -
	} 

	stats {
		MADS iterations                 : 9
		blackbox evaluations            : 25
		simulated blackbox evaluations  : 0
		evaluations                     : 88
		surrogate evaluations           : 73
		failed evaluations              : 28
		interrupted sequences of eval.  : 0
		cache hits                      : 160
		number of poll searches         : 9
		poll successes                  : 3
		poll points                     : 18
		number of extended polls        : 9
		number of ext. poll descents    : 12
		number of ext. poll successes   : 3
		number of ext. poll points      : 185
		number of ext. poll bb eval     : 14
		number of speculative searches  : 3
		speculative search successes    : 0
		speculative search points       : 0
		number of user searches         : 0
		number of LH searches           : 0
		number of cache searches        : 0
		number of VNS searches          : 0
		no model has been constructed
		wall-clock time                 : 15m 49s
	} 

	miscellaneous {
		mesh index      : min=-3, max=3, last=2
		best feas. sol  : ( 512 0 ) h=0 f=0.020858216285700000719
		best infeas. sol: none
	} 
} 
