
NOMAD - version 3.5.1 - www.gerad.ca/nomad

Copyright (C) 2001-2012 {
	Mark A. Abramson     - The Boeing Company
	Charles Audet        - Ecole Polytechnique de Montreal
	Gilles Couture       - Ecole Polytechnique de Montreal
	John E. Dennis, Jr.  - Rice University
	Sebastien Le Digabel - Ecole Polytechnique de Montreal
	Christophe Tribes    - Ecole Polytechnique de Montreal
} 

Funded in part by AFOSR and Exxon Mobil.

License   : '$NOMAD_HOME/src/lgpl.txt'
User guide: '$NOMAD_HOME/doc/user_guide.pdf'
Examples  : '$NOMAD_HOME/examples'
Tools     : '$NOMAD_HOME/tools'

Please report bugs to nomad@gerad.ca

parameters {

	problem directory    : ./
	dimension            : n=2
	blackbox input types : (   cat(C)   int(I) )
	extended poll trigger: 5 (relative)
	neighbors executable : $python neighbors.py
	variable groups {
		group #0 {
			indexes: { 0 }
			no directions (categorical variables)
		} 
		group #1 {
			indexes: { 1 }
			directions {
				n             : 1
				types         : { [Ortho-MADS 2n] }
				sec poll types: { }
				halton_seed   : 3
			} 
		} 
	} 
	blackbox outputs (m=1) {
		#0          OBJ	$python blackbox.py
	} 
	signature                       : standard
	has surrogate                   : no
	add seed to output file names   : yes
	solution file                   : nomad-solution.29810.txt
	history file                    : none
	stats file                      : none
	cache file                      : none
	x0                              : ( 444222422    0 )
	directions         : Ortho-MADS 2n
	user halton seed   : 3
	mesh {
		update basis       :   4
		coarsening exponent:   1
		refining exponent  :  -1
		initial mesh index :   0
		max mesh index     :   2
		initial mesh size  : (    1    1 )
		min poll size      : (  NaN    1 )
	} 
	snap to bounds                   : yes
	opportunistic evaluations        : yes
	use models                       : no
	speculative search               : yes
	VNS search                       : no
	Latin-Hypercube (LH) search      : no
	cache search                     : no
	random seed / run id             : 29810
	epsilon                          : 1e-13
	undefined string                 : NaN
	infinity string                  : inf
	display degrees {
		general  : full (3)
		search   : full (3)
		poll     : full (3)
		iterative: full (3)
	} 
	display stats                : EVAL BBE [ SOL, ] BBO TIME
	display all evaluations      : no
	point display limit          : no limit
	max number of blackbox eval. : 100
	max cache memory             : 2000 MB
} 

MADS run {

	starting point evaluation {

		x0 eval point: ( 444222422  0 )

		list of points evaluation (x0 evaluation) {

			evaluation 1/1 {

				point #0 ( 444222422  0 )


				x0 evaluation dominating point #0 {
					x    = ( 444222422  0 )
					F(x) = [ 42.98588252 ]
					h    = 0
					f    = 42.98588252
				} 
			} 

		} end of evaluations


		terminate MADS       : no
		iteration status     : dominating
		new feas. incumbent  : #0 {
			x    = ( 444222422  0 )
			F(x) = [ 42.98588252 ]
			h    = 0
			f    = 42.98588252
		} 
		new infeas. incumbent: none

	} end of starting point evaluation

	MADS iteration 0 {

		blackbox evaluations : 1
		best feas. solution  : ( 444222422  0 ) h=0 f=42.98588252
		best infeas. solution: none
		poll center          : ( 444222422  0 )
		mesh size            : (  1  1 )
		poll size            : (  1  1 )
		mesh index           : 0
		h_max                : inf

		MADS search {
		} end of search

		MADS poll {

			poll center: ( 444222422  0 )

			poll directions (include mesh size parameter) {
				dir 0 : (  0 -1 ) Ortho-MADS 2n
				dir 1 : (  0  1 ) Ortho-MADS 2n
			} 

			re-ordered list of 2 poll trial points {
				#1 : ( 444222422 -1 ) (dir 0)
				#2 : ( 444222422  1 ) (dir 1)
			} 

			list of points evaluation (poll) {

				evaluation 1/2 {

					point #1 ( 444222422 -1 )
					direction  : (  0 -1 ) Ortho-MADS 2n
					mesh index : 0

					poll unsuccessful point #1: evaluation failed
				} 

				evaluation 2/2 {

					point #2 ( 444222422  1 )
					direction  : (  0  1 ) Ortho-MADS 2n
					mesh index : 0

					poll unsuccessful point #2: evaluation failed
				} 

			} end of evaluations


			MADS extended poll {


				extended poll pts sorting {


					list of points evaluation (extended poll) {

						evaluation 1/28 {

							point #3 ( 544222422  0 )
							mesh index : 0


							extended poll dominating point #3 {
								x    = ( 544222422  0 )
								F(x) = [ 30.6343255 ]
								h    = 0
								f    = 30.6343255
							} 

							opport. strategy: stop evaluations
						} 

					} end of evaluations


				} end of ext poll pts sorting (success)


			} end of extended poll

		} end of poll

		Mesh update {
			previous mesh index: 0
			new mesh index     : -1
		} 


		terminate MADS       : no
		iteration status     : dominating
		new feas. incumbent  : #3 {
			x    = ( 544222422  0 )
			F(x) = [ 30.6343255 ]
			h    = 0
			f    = 30.6343255
		} 
		new infeas. incumbent: none

	} end of iteration 0

	MADS iteration 1 {

		blackbox evaluations : 4
		best feas. solution  : ( 544222422  0 ) h=0 f=30.6343255
		best infeas. solution: none
		poll center          : ( 544222422  0 )
		mesh size            : (  1  1 )
		poll size            : (  2  2 )
		mesh index           : -1
		h_max                : inf

		MADS search {

			speculative search {

			} end of speculative search (unsuccessful)

		} end of search

		MADS poll {

			poll center: ( 544222422  0 )

			poll directions (include mesh size parameter) {
				dir 0 : (  0 -1 ) Ortho-MADS 2n
				dir 1 : (  0  1 ) Ortho-MADS 2n
			} 

			re-ordered list of 2 poll trial points {
				#31 : ( 544222422 -1 ) (dir 0)
				#32 : ( 544222422  1 ) (dir 1)
			} 

			list of points evaluation (poll) {

				evaluation 1/2 {

					point #31 ( 544222422 -1 )
					direction  : (  0 -1 ) Ortho-MADS 2n
					mesh index : -1

					poll unsuccessful point #31: evaluation failed
				} 

				evaluation 2/2 {

					point #32 ( 544222422  1 )
					direction  : (  0  1 ) Ortho-MADS 2n
					mesh index : -1

					poll unsuccessful point #32: evaluation failed
				} 

			} end of evaluations


			MADS extended poll {


				extended poll pts sorting {


					list of points evaluation (extended poll) {

						evaluation 1/28 {

							point #33 ( 444222422  0 )
							mesh index : -1

							cache hit: #33 --> #0
							extended poll unsuccessful point #0 [ h=0 f=42.98588252 ]
						} 

						evaluation 2/28 {

							point #34 ( 554222422  0 )
							mesh index : -1


							extended poll dominating point #34 {
								x    = ( 554222422  0 )
								F(x) = [ 24.14751029 ]
								h    = 0
								f    = 24.14751029
							} 

							opport. strategy: stop evaluations
						} 

					} end of evaluations


				} end of ext poll pts sorting (success)


			} end of extended poll

		} end of poll

		Mesh update {
			previous mesh index: -1
			new mesh index     : -2
		} 


		terminate MADS       : no
		iteration status     : dominating
		new feas. incumbent  : #34 {
			x    = ( 554222422  0 )
			F(x) = [ 24.14751029 ]
			h    = 0
			f    = 24.14751029
		} 
		new infeas. incumbent: none

	} end of iteration 1

	MADS iteration 2 {

		blackbox evaluations : 7
		best feas. solution  : ( 554222422  0 ) h=0 f=24.14751029
		best infeas. solution: none
		poll center          : ( 554222422  0 )
		mesh size            : (  1  1 )
		poll size            : (  4  4 )
		mesh index           : -2
		h_max                : inf

		MADS search {

			speculative search {

			} end of speculative search (unsuccessful)

		} end of search

		MADS poll {

			poll center: ( 554222422  0 )

			poll directions (include mesh size parameter) {
				dir 0 : (  0 -4 ) Ortho-MADS 2n
				dir 1 : (  0  4 ) Ortho-MADS 2n
			} 

			re-ordered list of 2 poll trial points {
				#61 : ( 554222422 -4 ) (dir 0)
				#62 : ( 554222422  4 ) (dir 1)
			} 

			list of points evaluation (poll) {

				evaluation 1/2 {

					point #61 ( 554222422 -4 )
					direction  : (  0 -4 ) Ortho-MADS 2n
					mesh index : -2

					poll unsuccessful point #61: evaluation failed
				} 

				evaluation 2/2 {

					point #62 ( 554222422  4 )
					direction  : (  0  4 ) Ortho-MADS 2n
					mesh index : -2

					poll unsuccessful point #62: evaluation failed
				} 

			} end of evaluations


			MADS extended poll {


				extended poll pts sorting {


					list of points evaluation (extended poll) {

						evaluation 1/28 {

							point #63 ( 454222422  0 )
							mesh index : -2

							extended poll unsuccessful point #63 [ h=0 f=42.84843755 ]
						} 

						evaluation 2/28 {

							point #64 ( 544222422  0 )
							mesh index : -2

							cache hit: #64 --> #3
							extended poll unsuccessful point #3 [ h=0 f=30.6343255 ]
						} 

						evaluation 3/28 {

							point #65 ( 555222422  0 )
							mesh index : -2


							extended poll dominating point #65 {
								x    = ( 555222422  0 )
								F(x) = [ 17.40966153 ]
								h    = 0
								f    = 17.40966153
							} 

							opport. strategy: stop evaluations
						} 

					} end of evaluations


				} end of ext poll pts sorting (success)


			} end of extended poll

		} end of poll

		Mesh update {
			previous mesh index: -2
			new mesh index     : -3
		} 


		terminate MADS       : no
		iteration status     : dominating
		new feas. incumbent  : #65 {
			x    = ( 555222422  0 )
			F(x) = [ 17.40966153 ]
			h    = 0
			f    = 17.40966153
		} 
		new infeas. incumbent: none

	} end of iteration 2

	MADS iteration 3 {

		blackbox evaluations : 11
		best feas. solution  : ( 555222422  0 ) h=0 f=17.40966153
		best infeas. solution: none
		poll center          : ( 555222422  0 )
		mesh size            : (  1  1 )
		poll size            : (  8  8 )
		mesh index           : -3
		h_max                : inf

		MADS search {

			speculative search {

			} end of speculative search (unsuccessful)

		} end of search

		MADS poll {

			poll center: ( 555222422  0 )

			poll directions (include mesh size parameter) {
				dir 0 : (  0 -4 ) Ortho-MADS 2n
				dir 1 : (  0  4 ) Ortho-MADS 2n
			} 

			re-ordered list of 2 poll trial points {
				#91 : ( 555222422 -4 ) (dir 0)
				#92 : ( 555222422  4 ) (dir 1)
			} 

			list of points evaluation (poll) {

				evaluation 1/2 {

					point #91 ( 555222422 -4 )
					direction  : (  0 -4 ) Ortho-MADS 2n
					mesh index : -3

					poll unsuccessful point #91: evaluation failed
				} 

				evaluation 2/2 {

					point #92 ( 555222422  4 )
					direction  : (  0  4 ) Ortho-MADS 2n
					mesh index : -3

					poll unsuccessful point #92: evaluation failed
				} 

			} end of evaluations


			MADS extended poll {


				extended poll pts sorting {


					list of points evaluation (extended poll) {

						evaluation 1/28 {

							point #93 ( 455222422  0 )
							mesh index : -3

							extended poll unsuccessful point #93 [ h=0 f=43.0419755 ]
						} 

						evaluation 2/28 {

							point #94 ( 545222422  0 )
							mesh index : -3

							extended poll unsuccessful point #94 [ h=0 f=30.47030306 ]
						} 

						evaluation 3/28 {

							point #95 ( 554222422  0 )
							mesh index : -3

							cache hit: #95 --> #34
							extended poll unsuccessful point #34 [ h=0 f=24.14751029 ]
						} 

						evaluation 4/28 {

							point #96 ( 5522422  0 )
							mesh index : -3


							extended poll dominating point #96 {
								x    = ( 5522422  0 )
								F(x) = [ 17.28852201 ]
								h    = 0
								f    = 17.28852201
							} 

							opport. strategy: stop evaluations
						} 

					} end of evaluations


				} end of ext poll pts sorting (success)


			} end of extended poll

		} end of poll

		Mesh update {
			previous mesh index: -3
			new mesh index     : -4
		} 


		terminate MADS       : no
		iteration status     : dominating
		new feas. incumbent  : #96 {
			x    = ( 5522422  0 )
			F(x) = [ 17.28852201 ]
			h    = 0
			f    = 17.28852201
		} 
		new infeas. incumbent: none

	} end of iteration 3

	MADS iteration 4 {

		blackbox evaluations : 16
		best feas. solution  : ( 5522422  0 ) h=0 f=17.28852201
		best infeas. solution: none
		poll center          : ( 5522422  0 )
		mesh size            : (  1  1 )
		poll size            : ( 16 16 )
		mesh index           : -4
		h_max                : inf

		MADS search {

			speculative search {

			} end of speculative search (unsuccessful)

		} end of search

		MADS poll {

			poll center: ( 5522422  0 )

			poll directions (include mesh size parameter) {
				dir 0 : (  0 -16 ) Ortho-MADS 2n
				dir 1 : (  0 16 ) Ortho-MADS 2n
			} 

			re-ordered list of 2 poll trial points {
				#121 : ( 5522422 -16 ) (dir 0)
				#122 : ( 5522422 16 ) (dir 1)
			} 

			list of points evaluation (poll) {

				evaluation 1/2 {

					point #121 ( 5522422 -16 )
					direction  : (  0 -16 ) Ortho-MADS 2n
					mesh index : -4

					poll unsuccessful point #121: evaluation failed
				} 

				evaluation 2/2 {

					point #122 ( 5522422 16 )
					direction  : (  0 16 ) Ortho-MADS 2n
					mesh index : -4

					poll unsuccessful point #122: evaluation failed
				} 

			} end of evaluations


			MADS extended poll {


				extended poll pts sorting {


					list of points evaluation (extended poll) {

						evaluation 1/23 {

							point #123 ( 4522422  0 )
							mesh index : -4

							extended poll unsuccessful point #123 [ h=0 f=42.98925018 ]
						} 

						evaluation 2/23 {

							point #124 ( 5422422  0 )
							mesh index : -4

							extended poll unsuccessful point #124 [ h=0 f=30.40396762 ]
						} 

						evaluation 3/23 {

							point #125 ( 52422  0 )
							mesh index : -4

							extended poll unsuccessful point #125 [ h=0 f=17.41682243 ]
						} 

						evaluation 4/23 {

							point #126 ( 52422  0 )
							mesh index : -4

							cache hit: #126 --> #125
							extended poll unsuccessful point #125 [ h=0 f=17.41682243 ]
						} 

						evaluation 5/23 {

							point #127 ( 5512422  0 )
							mesh index : -4

							extended poll unsuccessful point #127 [ h=0 f=17.82082605 ]
						} 

						evaluation 6/23 {

							point #128 ( 5532422  0 )
							mesh index : -4

							extended poll unsuccessful point #128 [ h=0 f=19.57607102 ]
						} 

						evaluation 7/23 {

							point #129 ( 554132422  0 )
							mesh index : -4

							extended poll unsuccessful point #129 [ h=0 f=18.51567507 ]
						} 

						evaluation 8/23 {

							point #130 ( 555132422  0 )
							mesh index : -4

							extended poll unsuccessful point #130 [ h=0 f=18.56776237 ]
						} 

						evaluation 9/23 {

							point #131 ( 5521422  0 )
							mesh index : -4

							extended poll unsuccessful point #131 [ h=0 f=18.36809111 ]
						} 

						evaluation 10/23 {

							point #132 ( 5523422  0 )
							mesh index : -4

							extended poll unsuccessful point #132 [ h=0 f=19.27553344 ]
						} 

						evaluation 11/23 {

							point #133 ( 552413422  0 )
							mesh index : -4

							extended poll unsuccessful point #133 [ h=0 f=18.33555698 ]
						} 

						evaluation 12/23 {

							point #134 ( 552513422  0 )
							mesh index : -4

							extended poll unsuccessful point #134 [ h=0 f=18.27229166 ]
						} 

						evaluation 13/23 {

							point #135 ( 5522522  0 )
							mesh index : -4


							extended poll dominating point #135 {
								x    = ( 5522522  0 )
								F(x) = [ 5.395430565 ]
								h    = 0
								f    = 5.395430565
							} 

							opport. strategy: stop evaluations
						} 

					} end of evaluations


				} end of ext poll pts sorting (success)


			} end of extended poll

		} end of poll

		Mesh update {
			previous mesh index: -4
			new mesh index     : -5
		} 


		terminate MADS       : no
		iteration status     : dominating
		new feas. incumbent  : #135 {
			x    = ( 5522522  0 )
			F(x) = [ 5.395430565 ]
			h    = 0
			f    = 5.395430565
		} 
		new infeas. incumbent: none

	} end of iteration 4

	MADS iteration 5 {

		blackbox evaluations : 30
		best feas. solution  : ( 5522522  0 ) h=0 f=5.395430565
		best infeas. solution: none
		poll center          : ( 5522522  0 )
		mesh size            : (  1  1 )
		poll size            : ( 32 32 )
		mesh index           : -5
		h_max                : inf

		MADS search {

			speculative search {

			} end of speculative search (unsuccessful)

		} end of search

		MADS poll {

			poll center: ( 5522522  0 )

			poll directions (include mesh size parameter) {
				dir 0 : (  0 -25 ) Ortho-MADS 2n
				dir 1 : (  0 25 ) Ortho-MADS 2n
			} 

			re-ordered list of 2 poll trial points {
				#146 : ( 5522522 -25 ) (dir 0)
				#147 : ( 5522522 25 ) (dir 1)
			} 

			list of points evaluation (poll) {

				evaluation 1/2 {

					point #146 ( 5522522 -25 )
					direction  : (  0 -25 ) Ortho-MADS 2n
					mesh index : -5

					poll unsuccessful point #146: evaluation failed
				} 

				evaluation 2/2 {

					point #147 ( 5522522 25 )
					direction  : (  0 25 ) Ortho-MADS 2n
					mesh index : -5

					poll unsuccessful point #147: evaluation failed
				} 

			} end of evaluations


			MADS extended poll {


				extended poll pts sorting {


					list of points evaluation (extended poll) {

						evaluation 1/23 {

							point #148 ( 4522522  0 )
							mesh index : -5

							extended poll unsuccessful point #148 [ h=0 f=30.4047153 ]
						} 

						evaluation 2/23 {

							point #149 ( 5422522  0 )
							mesh index : -5

							extended poll unsuccessful point #149 [ h=0 f=18.65466928 ]
						} 

						evaluation 3/23 {

							point #150 ( 52522  0 )
							mesh index : -5


							extended poll dominating point #150 {
								x    = ( 52522  0 )
								F(x) = [ 5.378021002 ]
								h    = 0
								f    = 5.378021002
							} 

							opport. strategy: stop evaluations
						} 

					} end of evaluations


				} end of ext poll pts sorting (success)


			} end of extended poll

		} end of poll

		Mesh update {
			previous mesh index: -5
			new mesh index     : -6
		} 


		terminate MADS       : no
		iteration status     : dominating
		new feas. incumbent  : #150 {
			x    = ( 52522  0 )
			F(x) = [ 5.378021002 ]
			h    = 0
			f    = 5.378021002
		} 
		new infeas. incumbent: none

	} end of iteration 5

	MADS iteration 6 {

		blackbox evaluations : 35
		best feas. solution  : ( 52522  0 ) h=0 f=5.378021002
		best infeas. solution: none
		poll center          : ( 52522  0 )
		mesh size            : (  1  1 )
		poll size            : ( 64 64 )
		mesh index           : -6
		h_max                : inf

		MADS search {

			speculative search {

			} end of speculative search (unsuccessful)

		} end of search

		MADS poll {

			poll center: ( 52522  0 )

			poll directions (include mesh size parameter) {
				dir 0 : (  0 -64 ) Ortho-MADS 2n
				dir 1 : (  0 64 ) Ortho-MADS 2n
			} 

			re-ordered list of 2 poll trial points {
				#171 : ( 52522 -64 ) (dir 0)
				#172 : ( 52522 64 ) (dir 1)
			} 

			list of points evaluation (poll) {

				evaluation 1/2 {

					point #171 ( 52522 -64 )
					direction  : (  0 -64 ) Ortho-MADS 2n
					mesh index : -6

					poll unsuccessful point #171: evaluation failed
				} 

				evaluation 2/2 {

					point #172 ( 52522 64 )
					direction  : (  0 64 ) Ortho-MADS 2n
					mesh index : -6

					poll unsuccessful point #172: evaluation failed
				} 

			} end of evaluations


			MADS extended poll {


				extended poll pts sorting {


					list of points evaluation (extended poll) {

						evaluation 1/16 {

							point #173 ( 42522  0 )
							mesh index : -6

							extended poll unsuccessful point #173 [ h=0 f=31.46299744 ]
						} 

						evaluation 2/16 {

							point #174 ( 51522  0 )
							mesh index : -6

							extended poll unsuccessful point #174 [ h=0 f=7.336689472 ]
						} 

						evaluation 3/16 {

							point #175 ( 53522  0 )
							mesh index : -6

							extended poll unsuccessful point #175 [ h=0 f=9.943658113 ]
						} 

						evaluation 4/16 {

							point #176 ( 5413522  0 )
							mesh index : -6

							extended poll unsuccessful point #176 [ h=0 f=7.461468935 ]
						} 

						evaluation 5/16 {

							point #177 ( 5513522  0 )
							mesh index : -6

							extended poll unsuccessful point #177 [ h=0 f=7.461655617 ]
						} 

						evaluation 6/16 {

							point #178 ( 52422  0 )
							mesh index : -6

							cache hit: #178 --> #125
							extended poll unsuccessful point #125 [ h=0 f=17.41682243 ]
						} 

						evaluation 7/16 {

							point #179 ( 522  0 )
							mesh index : -6

							extended poll unsuccessful point #179 [ h=0 f=5.484082699 ]
						} 

						evaluation 8/16 {

							point #180 ( 522  0 )
							mesh index : -6

							cache hit: #180 --> #179
							extended poll unsuccessful point #179 [ h=0 f=5.484082699 ]
						} 

						evaluation 9/16 {

							point #181 ( 52512  0 )
							mesh index : -6

							extended poll unsuccessful point #181 [ h=0 f=6.339630127 ]
						} 

						evaluation 10/16 {

							point #182 ( 52532  0 )
							mesh index : -6

							extended poll unsuccessful point #182 [ h=0 f=7.464971781 ]
						} 

						evaluation 11/16 {

							point #183 ( 5254132  0 )
							mesh index : -6

							extended poll unsuccessful point #183 [ h=0 f=6.682392359 ]
						} 

						evaluation 12/16 {

							point #184 ( 5255132  0 )
							mesh index : -6

							extended poll unsuccessful point #184 [ h=0 f=6.552194357 ]
						} 

						evaluation 13/16 {

							point #185 ( 52521  0 )
							mesh index : -6

							extended poll unsuccessful point #185 [ h=0 f=5.560808659 ]
						} 

						evaluation 14/16 {

							point #186 ( 52523  0 )
							mesh index : -6

							extended poll unsuccessful point #186 [ h=0 f=6.426302433 ]
						} 

						evaluation 15/16 {

							point #187 ( 5252413  0 )
							mesh index : -6

							extended poll unsuccessful point #187 [ h=0 f=6.656787157 ]
						} 

						evaluation 16/16 {

							point #188 ( 5252513  0 )
							mesh index : -6

							extended poll unsuccessful point #188 [ h=0 f=6.38976717 ]
						} 

					} end of evaluations


					sorted ext poll pts {

						point # 1/15 : (   522     0 )
						point # 2/15 : ( 52521     0 )
						point # 3/15 : ( 52512     0 )
						point # 4/15 : ( 5252513     0 )
						point # 5/15 : ( 52523     0 )
						point # 6/15 : ( 5255132     0 )
						point # 7/15 : ( 5252413     0 )
						point # 8/15 : ( 5254132     0 )
						point # 9/15 : ( 51522     0 )
						point #10/15 : ( 5413522     0 )
						point #11/15 : ( 5513522     0 )
						point #12/15 : ( 52532     0 )
						point #13/15 : ( 53522     0 )
						point #14/15 : ( 52422     0 )
						point #15/15 : ( 42522     0 )

					} 


				} end of ext poll pts sorting


				extended poll point eval {

					extended poll point = (   522     0 )

					list of points evaluation (extended poll) {

						evaluation 1/1 {

							point #189 ( 522  0 )
							mesh index : -6

							cache hit: #189 --> #179
							extended poll unsuccessful point #179 [ h=0 f=5.484082699 ]
						} 

					} end of evaluations


				} 


				extended poll center: (   522     0 )

				perform extended poll descent ...... yes

				extended poll descent {

					       iteration = 6
					 blackbox eval.  = 51
					      mesh index = -6
					ext. poll center = (   522     0 ) f=5.484082699 h=0


					MADS run {

						51+BBE	OBJ	(ext-poll)

						51+ 0	5.4840826988	(ext-poll)
						51+ 2	5.4840826988	(ext-poll)

					} end of run (max mesh index)

					blackbox evaluations    : 2
					best feasible solution  : ( 522 0 ) h=0 f=5.484082699

				} end of extended poll descent (unsuccessful)


				extended poll point eval {

					extended poll point = ( 52521     0 )

					list of points evaluation (extended poll) {

						evaluation 1/1 {

							point #190 ( 52521  0 )
							mesh index : -6

							cache hit: #190 --> #185
							extended poll unsuccessful point #185 [ h=0 f=5.560808659 ]
						} 

					} end of evaluations


				} 


				extended poll center: ( 52521     0 )

				perform extended poll descent ...... yes

				extended poll descent {

					       iteration = 6
					 blackbox eval.  = 53
					      mesh index = -6
					ext. poll center = ( 52521     0 ) f=5.560808659 h=0


					MADS run {

						53+BBE	OBJ	(ext-poll)

						53+ 0	5.5608086586	(ext-poll)
						53+ 2	5.5608086586	(ext-poll)

					} end of run (max mesh index)

					blackbox evaluations    : 2
					best feasible solution  : ( 52521 0 ) h=0 f=5.560808659

				} end of extended poll descent (unsuccessful)


				extended poll point eval {

					extended poll point = ( 52512     0 )

					list of points evaluation (extended poll) {

						evaluation 1/1 {

							point #191 ( 52512  0 )
							mesh index : -6

							cache hit: #191 --> #181
							extended poll unsuccessful point #181 [ h=0 f=6.339630127 ]
						} 

					} end of evaluations


				} 


				extended poll center: ( 52512     0 )

				perform extended poll descent ...... yes

				extended poll descent {

					       iteration = 6
					 blackbox eval.  = 55
					      mesh index = -6
					ext. poll center = ( 52512     0 ) f=6.339630127 h=0


					MADS run {

						55+BBE	OBJ	(ext-poll)

						55+ 0	6.3396301270	(ext-poll)
						55+ 2	6.3396301270	(ext-poll)

					} end of run (max mesh index)

					blackbox evaluations    : 2
					best feasible solution  : ( 52512 0 ) h=0 f=6.339630127

				} end of extended poll descent (unsuccessful)


				extended poll point eval {

					extended poll point = ( 5252513     0 )

					list of points evaluation (extended poll) {

						evaluation 1/1 {

							point #192 ( 5252513  0 )
							mesh index : -6

							cache hit: #192 --> #188
							extended poll unsuccessful point #188 [ h=0 f=6.38976717 ]
						} 

					} end of evaluations


				} 


				extended poll center: ( 5252513     0 )

				perform extended poll descent ...... yes

				extended poll descent {

					       iteration = 6
					 blackbox eval.  = 57
					      mesh index = -6
					ext. poll center = ( 5252513     0 ) f=6.38976717 h=0


					MADS run {

						57+BBE	OBJ	(ext-poll)

						57+ 0	6.3897671700	(ext-poll)
						57+ 2	6.3897671700	(ext-poll)

					} end of run (max mesh index)

					blackbox evaluations    : 2
					best feasible solution  : ( 5252513 0 ) h=0 f=6.38976717

				} end of extended poll descent (unsuccessful)


				extended poll point eval {

					extended poll point = ( 52523     0 )

					list of points evaluation (extended poll) {

						evaluation 1/1 {

							point #193 ( 52523  0 )
							mesh index : -6

							cache hit: #193 --> #186
							extended poll unsuccessful point #186 [ h=0 f=6.426302433 ]
						} 

					} end of evaluations


				} 


				extended poll center: ( 52523     0 )

				perform extended poll descent ...... yes

				extended poll descent {

					       iteration = 6
					 blackbox eval.  = 59
					      mesh index = -6
					ext. poll center = ( 52523     0 ) f=6.426302433 h=0


					MADS run {

						59+BBE	OBJ	(ext-poll)

						59+ 0	6.4263024330	(ext-poll)
						59+ 2	6.4263024330	(ext-poll)

					} end of run (max mesh index)

					blackbox evaluations    : 2
					best feasible solution  : ( 52523 0 ) h=0 f=6.426302433

				} end of extended poll descent (unsuccessful)


				extended poll point eval {

					extended poll point = ( 5255132     0 )

					list of points evaluation (extended poll) {

						evaluation 1/1 {

							point #194 ( 5255132  0 )
							mesh index : -6

							cache hit: #194 --> #184
							extended poll unsuccessful point #184 [ h=0 f=6.552194357 ]
						} 

					} end of evaluations


				} 


				extended poll center: ( 5255132     0 )

				perform extended poll descent ...... yes

				extended poll descent {

					       iteration = 6
					 blackbox eval.  = 61
					      mesh index = -6
					ext. poll center = ( 5255132     0 ) f=6.552194357 h=0


					MADS run {

						61+BBE	OBJ	(ext-poll)

						61+ 0	6.5521943569	(ext-poll)
						61+ 2	6.5521943569	(ext-poll)

					} end of run (max mesh index)

					blackbox evaluations    : 2
					best feasible solution  : ( 5255132 0 ) h=0 f=6.552194357

				} end of extended poll descent (unsuccessful)


				extended poll point eval {

					extended poll point = ( 5252413     0 )

					list of points evaluation (extended poll) {

						evaluation 1/1 {

							point #195 ( 5252413  0 )
							mesh index : -6

							cache hit: #195 --> #187
							extended poll unsuccessful point #187 [ h=0 f=6.656787157 ]
						} 

					} end of evaluations


				} 


				extended poll center: ( 5252413     0 )

				perform extended poll descent ...... yes

				extended poll descent {

					       iteration = 6
					 blackbox eval.  = 63
					      mesh index = -6
					ext. poll center = ( 5252413     0 ) f=6.656787157 h=0


					MADS run {

						63+BBE	OBJ	(ext-poll)

						63+ 0	6.6567871571	(ext-poll)
						63+ 2	6.6567871571	(ext-poll)

					} end of run (max mesh index)

					blackbox evaluations    : 2
					best feasible solution  : ( 5252413 0 ) h=0 f=6.656787157

				} end of extended poll descent (unsuccessful)


				extended poll point eval {

					extended poll point = ( 5254132     0 )

					list of points evaluation (extended poll) {

						evaluation 1/1 {

							point #196 ( 5254132  0 )
							mesh index : -6

							cache hit: #196 --> #183
							extended poll unsuccessful point #183 [ h=0 f=6.682392359 ]
						} 

					} end of evaluations


				} 


				extended poll center: ( 5254132     0 )

				perform extended poll descent ...... yes

				extended poll descent {

					       iteration = 6
					 blackbox eval.  = 65
					      mesh index = -6
					ext. poll center = ( 5254132     0 ) f=6.682392359 h=0


					MADS run {

						65+BBE	OBJ	(ext-poll)

						65+ 0	6.6823923588	(ext-poll)
						65+ 2	6.6823923588	(ext-poll)

					} end of run (max mesh index)

					blackbox evaluations    : 2
					best feasible solution  : ( 5254132 0 ) h=0 f=6.682392359

				} end of extended poll descent (unsuccessful)


				extended poll point eval {

					extended poll point = ( 51522     0 )

					list of points evaluation (extended poll) {

						evaluation 1/1 {

							point #197 ( 51522  0 )
							mesh index : -6

							cache hit: #197 --> #174
							extended poll unsuccessful point #174 [ h=0 f=7.336689472 ]
						} 

					} end of evaluations


				} 


				extended poll center: ( 51522     0 )

				perform extended poll descent ...... yes

				extended poll descent {

					       iteration = 6
					 blackbox eval.  = 67
					      mesh index = -6
					ext. poll center = ( 51522     0 ) f=7.336689472 h=0


					MADS run {

						67+BBE	OBJ	(ext-poll)

						67+ 0	7.3366894722	(ext-poll)
						67+ 2	7.3366894722	(ext-poll)

					} end of run (max mesh index)

					blackbox evaluations    : 2
					best feasible solution  : ( 51522 0 ) h=0 f=7.336689472

				} end of extended poll descent (unsuccessful)


				extended poll point eval {

					extended poll point = ( 5413522     0 )

					list of points evaluation (extended poll) {

						evaluation 1/1 {

							point #198 ( 5413522  0 )
							mesh index : -6

							cache hit: #198 --> #176
							extended poll unsuccessful point #176 [ h=0 f=7.461468935 ]
						} 

					} end of evaluations


				} 


				extended poll center: ( 5413522     0 )

				perform extended poll descent ...... yes

				extended poll descent {

					       iteration = 6
					 blackbox eval.  = 69
					      mesh index = -6
					ext. poll center = ( 5413522     0 ) f=7.461468935 h=0


					MADS run {

						69+BBE	OBJ	(ext-poll)

						69+ 0	7.4614689350	(ext-poll)
						69+ 2	7.4614689350	(ext-poll)

					} end of run (max mesh index)

					blackbox evaluations    : 2
					best feasible solution  : ( 5413522 0 ) h=0 f=7.461468935

				} end of extended poll descent (unsuccessful)


				extended poll point eval {

					extended poll point = ( 5513522     0 )

					list of points evaluation (extended poll) {

						evaluation 1/1 {

							point #199 ( 5513522  0 )
							mesh index : -6

							cache hit: #199 --> #177
							extended poll unsuccessful point #177 [ h=0 f=7.461655617 ]
						} 

					} end of evaluations


				} 


				extended poll center: ( 5513522     0 )

				perform extended poll descent ...... yes

				extended poll descent {

					       iteration = 6
					 blackbox eval.  = 71
					      mesh index = -6
					ext. poll center = ( 5513522     0 ) f=7.461655617 h=0


					MADS run {

						71+BBE	OBJ	(ext-poll)

						71+ 0	7.4616556168	(ext-poll)
						71+ 2	7.4616556168	(ext-poll)

					} end of run (max mesh index)

					blackbox evaluations    : 2
					best feasible solution  : ( 5513522 0 ) h=0 f=7.461655617

				} end of extended poll descent (unsuccessful)


				extended poll point eval {

					extended poll point = ( 52532     0 )

					list of points evaluation (extended poll) {

						evaluation 1/1 {

							point #200 ( 52532  0 )
							mesh index : -6

							cache hit: #200 --> #182
							extended poll unsuccessful point #182 [ h=0 f=7.464971781 ]
						} 

					} end of evaluations


				} 


				extended poll center: ( 52532     0 )

				perform extended poll descent ...... yes

				extended poll descent {

					       iteration = 6
					 blackbox eval.  = 73
					      mesh index = -6
					ext. poll center = ( 52532     0 ) f=7.464971781 h=0


					MADS run {

						73+BBE	OBJ	(ext-poll)

						73+ 0	7.4649717808	(ext-poll)
						73+ 2	7.4649717808	(ext-poll)

					} end of run (max mesh index)

					blackbox evaluations    : 2
					best feasible solution  : ( 52532 0 ) h=0 f=7.464971781

				} end of extended poll descent (unsuccessful)


				extended poll point eval {

					extended poll point = ( 53522     0 )

					list of points evaluation (extended poll) {

						evaluation 1/1 {

							point #201 ( 53522  0 )
							mesh index : -6

							cache hit: #201 --> #175
							extended poll unsuccessful point #175 [ h=0 f=9.943658113 ]
						} 

					} end of evaluations


				} 


				extended poll center: ( 53522     0 )

				perform extended poll descent ...... yes

				extended poll descent {

					       iteration = 6
					 blackbox eval.  = 75
					      mesh index = -6
					ext. poll center = ( 53522     0 ) f=9.943658113 h=0


					MADS run {

						75+BBE	OBJ	(ext-poll)

						75+ 0	9.9436581135	(ext-poll)
						75+ 2	9.9436581135	(ext-poll)

					} end of run (max mesh index)

					blackbox evaluations    : 2
					best feasible solution  : ( 53522 0 ) h=0 f=9.943658113

				} end of extended poll descent (unsuccessful)


				extended poll point eval {

					extended poll point = ( 52422     0 )

					list of points evaluation (extended poll) {

						evaluation 1/1 {

							point #202 ( 52422  0 )
							mesh index : -6

							cache hit: #202 --> #125
							extended poll unsuccessful point #125 [ h=0 f=17.41682243 ]
						} 

					} end of evaluations


				} 


				extended poll center: ( 52422     0 )

				perform extended poll descent ...... yes

				extended poll descent {

					       iteration = 6
					 blackbox eval.  = 77
					      mesh index = -6
					ext. poll center = ( 52422     0 ) f=17.41682243 h=0


					MADS run {

						77+BBE	OBJ	(ext-poll)

						77+ 0	17.4168224335	(ext-poll)
						77+ 2	17.4168224335	(ext-poll)

					} end of run (max mesh index)

					blackbox evaluations    : 2
					best feasible solution  : ( 52422 0 ) h=0 f=17.41682243

				} end of extended poll descent (unsuccessful)


				extended poll point eval {

					extended poll point = ( 42522     0 )

					list of points evaluation (extended poll) {

						evaluation 1/1 {

							point #203 ( 42522  0 )
							mesh index : -6

							cache hit: #203 --> #173
							extended poll unsuccessful point #173 [ h=0 f=31.46299744 ]
						} 

					} end of evaluations


				} 


				extended poll center: ( 42522     0 )

				perform extended poll descent ...... yes

				extended poll descent {

					       iteration = 6
					 blackbox eval.  = 79
					      mesh index = -6
					ext. poll center = ( 42522     0 ) f=31.46299744 h=0


					MADS run {

						79+BBE	OBJ	(ext-poll)

						79+ 0	31.4629974365	(ext-poll)
						79+ 2	31.4629974365	(ext-poll)

					} end of run (max mesh index)

					blackbox evaluations    : 2
					best feasible solution  : ( 42522 0 ) h=0 f=31.46299744

				} end of extended poll descent (unsuccessful)


			} end of extended poll

		} end of poll

		Mesh update {
			previous mesh index: -6
			new mesh index     : -5
		} 


		terminate MADS       : no
		iteration status     : unsuccessful
		new feas. incumbent  : none
		new infeas. incumbent: none

	} end of iteration 6

	MADS iteration 7 {

		blackbox evaluations : 81
		best feas. solution  : ( 52522  0 ) h=0 f=5.378021002
		best infeas. solution: none
		poll center          : ( 52522  0 )
		mesh size            : (  1  1 )
		poll size            : ( 32 32 )
		mesh index           : -5
		h_max                : inf

		MADS search {
		} end of search

		MADS poll {

			poll center: ( 52522  0 )

			poll directions (include mesh size parameter) {
				dir 0 : (  0 -25 ) Ortho-MADS 2n
				dir 1 : (  0 25 ) Ortho-MADS 2n
			} 

			re-ordered list of 2 poll trial points {
				#249 : ( 52522 -25 ) (dir 0)
				#250 : ( 52522 25 ) (dir 1)
			} 

			list of points evaluation (poll) {

				evaluation 1/2 {

					point #249 ( 52522 -25 )
					direction  : (  0 -25 ) Ortho-MADS 2n
					mesh index : -5

					poll unsuccessful point #249: evaluation failed
				} 

				evaluation 2/2 {

					point #250 ( 52522 25 )
					direction  : (  0 25 ) Ortho-MADS 2n
					mesh index : -5

					poll unsuccessful point #250: evaluation failed
				} 

			} end of evaluations


			MADS extended poll {


				extended poll pts sorting {


					list of points evaluation (extended poll) {

						evaluation 1/16 {

							point #251 ( 42522  0 )
							mesh index : -5

							cache hit: #251 --> #173
							extended poll unsuccessful point #173 [ h=0 f=31.46299744 ]
						} 

						evaluation 2/16 {

							point #252 ( 51522  0 )
							mesh index : -5

							cache hit: #252 --> #174
							extended poll unsuccessful point #174 [ h=0 f=7.336689472 ]
						} 

						evaluation 3/16 {

							point #253 ( 53522  0 )
							mesh index : -5

							cache hit: #253 --> #175
							extended poll unsuccessful point #175 [ h=0 f=9.943658113 ]
						} 

						evaluation 4/16 {

							point #254 ( 5413522  0 )
							mesh index : -5

							cache hit: #254 --> #176
							extended poll unsuccessful point #176 [ h=0 f=7.461468935 ]
						} 

						evaluation 5/16 {

							point #255 ( 5513522  0 )
							mesh index : -5

							cache hit: #255 --> #177
							extended poll unsuccessful point #177 [ h=0 f=7.461655617 ]
						} 

						evaluation 6/16 {

							point #256 ( 52422  0 )
							mesh index : -5

							cache hit: #256 --> #125
							extended poll unsuccessful point #125 [ h=0 f=17.41682243 ]
						} 

						evaluation 7/16 {

							point #257 ( 522  0 )
							mesh index : -5

							cache hit: #257 --> #179
							extended poll unsuccessful point #179 [ h=0 f=5.484082699 ]
						} 

						evaluation 8/16 {

							point #258 ( 522  0 )
							mesh index : -5

							cache hit: #258 --> #179
							extended poll unsuccessful point #179 [ h=0 f=5.484082699 ]
						} 

						evaluation 9/16 {

							point #259 ( 52512  0 )
							mesh index : -5

							cache hit: #259 --> #181
							extended poll unsuccessful point #181 [ h=0 f=6.339630127 ]
						} 

						evaluation 10/16 {

							point #260 ( 52532  0 )
							mesh index : -5

							cache hit: #260 --> #182
							extended poll unsuccessful point #182 [ h=0 f=7.464971781 ]
						} 

						evaluation 11/16 {

							point #261 ( 5254132  0 )
							mesh index : -5

							cache hit: #261 --> #183
							extended poll unsuccessful point #183 [ h=0 f=6.682392359 ]
						} 

						evaluation 12/16 {

							point #262 ( 5255132  0 )
							mesh index : -5

							cache hit: #262 --> #184
							extended poll unsuccessful point #184 [ h=0 f=6.552194357 ]
						} 

						evaluation 13/16 {

							point #263 ( 52521  0 )
							mesh index : -5

							cache hit: #263 --> #185
							extended poll unsuccessful point #185 [ h=0 f=5.560808659 ]
						} 

						evaluation 14/16 {

							point #264 ( 52523  0 )
							mesh index : -5

							cache hit: #264 --> #186
							extended poll unsuccessful point #186 [ h=0 f=6.426302433 ]
						} 

						evaluation 15/16 {

							point #265 ( 5252413  0 )
							mesh index : -5

							cache hit: #265 --> #187
							extended poll unsuccessful point #187 [ h=0 f=6.656787157 ]
						} 

						evaluation 16/16 {

							point #266 ( 5252513  0 )
							mesh index : -5

							cache hit: #266 --> #188
							extended poll unsuccessful point #188 [ h=0 f=6.38976717 ]
						} 

					} end of evaluations


					sorted ext poll pts {

						point # 1/15 : (   522     0 )
						point # 2/15 : ( 52521     0 )
						point # 3/15 : ( 52512     0 )
						point # 4/15 : ( 5252513     0 )
						point # 5/15 : ( 52523     0 )
						point # 6/15 : ( 5255132     0 )
						point # 7/15 : ( 5252413     0 )
						point # 8/15 : ( 5254132     0 )
						point # 9/15 : ( 51522     0 )
						point #10/15 : ( 5413522     0 )
						point #11/15 : ( 5513522     0 )
						point #12/15 : ( 52532     0 )
						point #13/15 : ( 53522     0 )
						point #14/15 : ( 52422     0 )
						point #15/15 : ( 42522     0 )

					} 


				} end of ext poll pts sorting


				extended poll point eval {

					extended poll point = (   522     0 )

					list of points evaluation (extended poll) {

						evaluation 1/1 {

							point #267 ( 522  0 )
							mesh index : -5

							cache hit: #267 --> #179
							extended poll unsuccessful point #179 [ h=0 f=5.484082699 ]
						} 

					} end of evaluations


				} 


				extended poll center: (   522     0 )

				perform extended poll descent ...... yes

				extended poll descent {

					       iteration = 7
					 blackbox eval.  = 83
					      mesh index = -5
					ext. poll center = (   522     0 ) f=5.484082699 h=0


					MADS run {

						83+BBE	OBJ	(ext-poll)

						83+ 0	5.4840826988	(ext-poll)
						83+ 2	5.4840826988	(ext-poll)

					} end of run (max mesh index)

					blackbox evaluations    : 2
					best feasible solution  : ( 522 0 ) h=0 f=5.484082699

				} end of extended poll descent (unsuccessful)


				extended poll point eval {

					extended poll point = ( 52521     0 )

					list of points evaluation (extended poll) {

						evaluation 1/1 {

							point #268 ( 52521  0 )
							mesh index : -5

							cache hit: #268 --> #185
							extended poll unsuccessful point #185 [ h=0 f=5.560808659 ]
						} 

					} end of evaluations


				} 


				extended poll center: ( 52521     0 )

				perform extended poll descent ...... yes

				extended poll descent {

					       iteration = 7
					 blackbox eval.  = 85
					      mesh index = -5
					ext. poll center = ( 52521     0 ) f=5.560808659 h=0


					MADS run {

						85+BBE	OBJ	(ext-poll)

						85+ 0	5.5608086586	(ext-poll)
						85+ 2	5.5608086586	(ext-poll)

					} end of run (max mesh index)

					blackbox evaluations    : 2
					best feasible solution  : ( 52521 0 ) h=0 f=5.560808659

				} end of extended poll descent (unsuccessful)


				extended poll point eval {

					extended poll point = ( 52512     0 )

					list of points evaluation (extended poll) {

						evaluation 1/1 {

							point #269 ( 52512  0 )
							mesh index : -5

							cache hit: #269 --> #181
							extended poll unsuccessful point #181 [ h=0 f=6.339630127 ]
						} 

					} end of evaluations


				} 


				extended poll center: ( 52512     0 )

				perform extended poll descent ...... yes

				extended poll descent {

					       iteration = 7
					 blackbox eval.  = 87
					      mesh index = -5
					ext. poll center = ( 52512     0 ) f=6.339630127 h=0


					MADS run {

						87+BBE	OBJ	(ext-poll)

						87+ 0	6.3396301270	(ext-poll)
						87+ 2	6.3396301270	(ext-poll)

					} end of run (max mesh index)

					blackbox evaluations    : 2
					best feasible solution  : ( 52512 0 ) h=0 f=6.339630127

				} end of extended poll descent (unsuccessful)


				extended poll point eval {

					extended poll point = ( 5252513     0 )

					list of points evaluation (extended poll) {

						evaluation 1/1 {

							point #270 ( 5252513  0 )
							mesh index : -5

							cache hit: #270 --> #188
							extended poll unsuccessful point #188 [ h=0 f=6.38976717 ]
						} 

					} end of evaluations


				} 


				extended poll center: ( 5252513     0 )

				perform extended poll descent ...... yes

				extended poll descent {

					       iteration = 7
					 blackbox eval.  = 89
					      mesh index = -5
					ext. poll center = ( 5252513     0 ) f=6.38976717 h=0


					MADS run {

						89+BBE	OBJ	(ext-poll)

						89+ 0	6.3897671700	(ext-poll)
						89+ 2	6.3897671700	(ext-poll)

					} end of run (max mesh index)

					blackbox evaluations    : 2
					best feasible solution  : ( 5252513 0 ) h=0 f=6.38976717

				} end of extended poll descent (unsuccessful)


				extended poll point eval {

					extended poll point = ( 52523     0 )

					list of points evaluation (extended poll) {

						evaluation 1/1 {

							point #271 ( 52523  0 )
							mesh index : -5

							cache hit: #271 --> #186
							extended poll unsuccessful point #186 [ h=0 f=6.426302433 ]
						} 

					} end of evaluations


				} 


				extended poll center: ( 52523     0 )

				perform extended poll descent ...... yes

				extended poll descent {

					       iteration = 7
					 blackbox eval.  = 91
					      mesh index = -5
					ext. poll center = ( 52523     0 ) f=6.426302433 h=0


					MADS run {

						91+BBE	OBJ	(ext-poll)

						91+0	6.4263024330	(ext-poll)
						91+2	6.4263024330	(ext-poll)

					} end of run (max mesh index)

					blackbox evaluations    : 2
					best feasible solution  : ( 52523 0 ) h=0 f=6.426302433

				} end of extended poll descent (unsuccessful)


				extended poll point eval {

					extended poll point = ( 5255132     0 )

					list of points evaluation (extended poll) {

						evaluation 1/1 {

							point #272 ( 5255132  0 )
							mesh index : -5

							cache hit: #272 --> #184
							extended poll unsuccessful point #184 [ h=0 f=6.552194357 ]
						} 

					} end of evaluations


				} 


				extended poll center: ( 5255132     0 )

				perform extended poll descent ...... yes

				extended poll descent {

					       iteration = 7
					 blackbox eval.  = 93
					      mesh index = -5
					ext. poll center = ( 5255132     0 ) f=6.552194357 h=0


					MADS run {

						93+BBE	OBJ	(ext-poll)

						93+0	6.5521943569	(ext-poll)
						93+2	6.5521943569	(ext-poll)

					} end of run (max mesh index)

					blackbox evaluations    : 2
					best feasible solution  : ( 5255132 0 ) h=0 f=6.552194357

				} end of extended poll descent (unsuccessful)


				extended poll point eval {

					extended poll point = ( 5252413     0 )

					list of points evaluation (extended poll) {

						evaluation 1/1 {

							point #273 ( 5252413  0 )
							mesh index : -5

							cache hit: #273 --> #187
							extended poll unsuccessful point #187 [ h=0 f=6.656787157 ]
						} 

					} end of evaluations


				} 


				extended poll center: ( 5252413     0 )

				perform extended poll descent ...... yes

				extended poll descent {

					       iteration = 7
					 blackbox eval.  = 95
					      mesh index = -5
					ext. poll center = ( 5252413     0 ) f=6.656787157 h=0


					MADS run {

						95+BBE	OBJ	(ext-poll)

						95+0	6.6567871571	(ext-poll)
						95+2	6.6567871571	(ext-poll)

					} end of run (max mesh index)

					blackbox evaluations    : 2
					best feasible solution  : ( 5252413 0 ) h=0 f=6.656787157

				} end of extended poll descent (unsuccessful)


				extended poll point eval {

					extended poll point = ( 5254132     0 )

					list of points evaluation (extended poll) {

						evaluation 1/1 {

							point #274 ( 5254132  0 )
							mesh index : -5

							cache hit: #274 --> #183
							extended poll unsuccessful point #183 [ h=0 f=6.682392359 ]
						} 

					} end of evaluations


				} 


				extended poll center: ( 5254132     0 )

				perform extended poll descent ...... yes

				extended poll descent {

					       iteration = 7
					 blackbox eval.  = 97
					      mesh index = -5
					ext. poll center = ( 5254132     0 ) f=6.682392359 h=0


					MADS run {

						97+BBE	OBJ	(ext-poll)

						97+0	6.6823923588	(ext-poll)
						97+2	6.6823923588	(ext-poll)

					} end of run (max mesh index)

					blackbox evaluations    : 2
					best feasible solution  : ( 5254132 0 ) h=0 f=6.682392359

				} end of extended poll descent (unsuccessful)


				extended poll point eval {

					extended poll point = ( 51522     0 )

					list of points evaluation (extended poll) {

						evaluation 1/1 {

							point #275 ( 51522  0 )
							mesh index : -5

							cache hit: #275 --> #174
							extended poll unsuccessful point #174 [ h=0 f=7.336689472 ]
						} 

					} end of evaluations


				} 


				extended poll center: ( 51522     0 )

				perform extended poll descent ...... yes

				extended poll descent {

					       iteration = 7
					 blackbox eval.  = 99
					      mesh index = -5
					ext. poll center = ( 51522     0 ) f=7.336689472 h=0


					MADS run {

						99+BBE	OBJ	(ext-poll)

						99+0	7.3366894722	(ext-poll)
						99+1	7.3366894722	(ext-poll)

					} end of run (max number of blackbox evaluations)

					blackbox evaluations    : 1
					best feasible solution  : ( 51522 0 ) h=0 f=7.336689472

				} end of extended poll descent (unsuccessful)


			} end of extended poll

		} end of poll

		terminate MADS       : yes
		termination cause    : max number of blackbox evaluations
		iteration status     : unsuccessful
		new feas. incumbent  : none
		new infeas. incumbent: none

	} end of iteration 7

} end of run (max number of blackbox evaluations)

NOMAD final display {

	cache {
		number of cache points: 100
		size in memory        : 13.1 KB
		cache file            : -
	} 

	stats {
		MADS iterations                 : 8
		blackbox evaluations            : 100
		simulated blackbox evaluations  : 0
		evaluations                     : 170
		failed evaluations              : 63
		interrupted sequences of eval.  : 7
		cache hits                      : 70
		number of poll searches         : 8
		poll successes                  : 6
		poll points                     : 16
		number of extended polls        : 8
		number of ext. poll descents    : 24
		number of ext. poll successes   : 6
		number of ext. poll points      : 285
		number of ext. poll bb eval     : 83
		number of speculative searches  : 6
		speculative search successes    : 0
		speculative search points       : 0
		number of user searches         : 0
		number of LH searches           : 0
		number of cache searches        : 0
		number of VNS searches          : 0
		no model has been constructed
		wall-clock time                 : 22m 59s
	} 

	miscellaneous {
		mesh index      : min=-6, max=0, last=-5
		best feas. sol  : ( 52522 0 ) h=0 f=5.378021002
		best infeas. sol: none
	} 
} 
