
NOMAD - version 3.5.1 - www.gerad.ca/nomad

Copyright (C) 2001-2012 {
	Mark A. Abramson     - The Boeing Company
	Charles Audet        - Ecole Polytechnique de Montreal
	Gilles Couture       - Ecole Polytechnique de Montreal
	John E. Dennis, Jr.  - Rice University
	Sebastien Le Digabel - Ecole Polytechnique de Montreal
	Christophe Tribes    - Ecole Polytechnique de Montreal
} 

Funded in part by AFOSR and Exxon Mobil.

License   : '$NOMAD_HOME/src/lgpl.txt'
User guide: '$NOMAD_HOME/doc/user_guide.pdf'
Examples  : '$NOMAD_HOME/examples'
Tools     : '$NOMAD_HOME/tools'

Please report bugs to nomad@gerad.ca

parameters {

	problem directory    : ./
	dimension            : n=2
	blackbox input types : (   cat(C)   int(I) )
	extended poll trigger: 0.10000000000000000555 (relative)
	neighbors executable : $python neighbors.py
	variable groups {
		group #0 {
			indexes: { 0 }
			no directions (categorical variables)
		} 
		group #1 {
			indexes: { 1 }
			directions {
				n             : 1
				types         : { [Ortho-MADS 2n] }
				sec poll types: { }
				halton_seed   : 3
			} 
		} 
	} 
	blackbox outputs (m=1) {
		#0          OBJ	$python blackbox.py	$python surrogate.py
	} 
	signature                       : standard
	has surrogate                   : yes
	sort trial points with surrogate: yes
	surrogate cost                  : none
	add seed to output file names   : yes
	solution file                   : nomad-solution.8260.txt
	history file                    : none
	stats file                      : none
	cache file                      : none
	x0                              : ( 5511511    0 )
	directions         : Ortho-MADS 2n
	user halton seed   : 3
	mesh {
		update basis       :   4
		coarsening exponent:   1
		refining exponent  :  -1
		initial mesh index :   0
		max mesh index     :   2
		initial mesh size  : (    1    1 )
		min poll size      : (  NaN    1 )
	} 
	snap to bounds                   : yes
	opportunistic evaluations        : yes
	use models                       : no
	speculative search               : yes
	VNS search                       : no
	Latin-Hypercube (LH) search      : no
	cache search                     : no
	random seed / run id             : 8260
	epsilon                          : 1.0000000000000000304e-13
	undefined string                 : NaN
	infinity string                  : inf
	display degrees {
		general  : full (3)
		search   : full (3)
		poll     : full (3)
		iterative: full (3)
	} 
	display stats                : EVAL BBE [ SOL, ] BBO TIME
	display all evaluations      : no
	point display limit          : no limit
	max number of blackbox eval. : 100
	max cache memory             : 2000 MB
} 

MADS run {

	starting point evaluation {

		x0 eval point: ( 5511511  0 )

		list of points evaluation (x0 evaluation) {

			evaluation 1/1 {

				point #0 ( 5511511  0 )


				x0 evaluation dominating point #0 {
					x    = ( 5511511  0 )
					F(x) = [ 0.042226071357699998532 ]
					h    = 0
					f    = 0.042226071357699998532
				} 
			} 

		} end of evaluations


		terminate MADS       : no
		iteration status     : dominating
		new feas. incumbent  : #0 {
			x    = ( 5511511  0 )
			F(x) = [ 0.042226071357699998532 ]
			h    = 0
			f    = 0.042226071357699998532
		} 
		new infeas. incumbent: none

	} end of starting point evaluation

	MADS iteration 0 {

		blackbox evaluations : 1
		best feas. solution  : ( 5511511  0 ) h=0 f=0.042226071357699998532
		best infeas. solution: none
		poll center          : ( 5511511  0 )
		mesh size            : (  1  1 )
		poll size            : (  1  1 )
		mesh index           : 0
		h_max                : inf

		MADS search {
		} end of search

		MADS poll {

			poll center: ( 5511511  0 )

			poll directions (include mesh size parameter) {
				dir 0 : (  0 -1 ) Ortho-MADS 2n
				dir 1 : (  0  1 ) Ortho-MADS 2n
			} 

			re-ordered list of 2 poll trial points {
				#1 : ( 5511511 -1 ) (dir 0)
				#2 : ( 5511511  1 ) (dir 1)
			} 

			list of points evaluation (poll) {

				surrogate evaluation 1/2 {

					point #1 ( 5511511 -1 )
					direction  : (  0 -1 ) Ortho-MADS 2n
					mesh index : 0


					point #1 sgte eval: failed
				} 

				surrogate evaluation 2/2 {

					point #2 ( 5511511  1 )
					direction  : (  0  1 ) Ortho-MADS 2n
					mesh index : 0


					point #2 sgte eval: failed
				} 

			} end of evaluations

			re-ordered list of 2 poll trial points {

				#3: ( 5511511 -1 ) (dir 0)
				#4: ( 5511511  1 ) (dir 1)
			} 

			list of points evaluation (poll) {

				evaluation 1/2 {

					point #3 ( 5511511 -1 )
					direction  : (  0 -1 ) Ortho-MADS 2n
					mesh index : 0

					poll unsuccessful point #3: evaluation failed
				} 

				evaluation 2/2 {

					point #4 ( 5511511  1 )
					direction  : (  0  1 ) Ortho-MADS 2n
					mesh index : 0

					poll unsuccessful point #4: evaluation failed
				} 

			} end of evaluations


			MADS extended poll {


				extended poll pts sorting (on surrogates) {


					list of points evaluation (extended poll) {

						surrogate evaluation 1/23 {

							point #5 ( 4511511  0 )
							mesh index : 0


							point #5 sgte eval: h=0 f=0.041776180267299997673
						} 

						surrogate evaluation 2/23 {

							point #6 ( 5411511  0 )
							mesh index : 0


							point #6 sgte eval: h=0 f=0.041563749313300001054
						} 

						surrogate evaluation 3/23 {

							point #7 ( 51511  0 )
							mesh index : 0


							point #7 sgte eval: h=0 f=0.041464328765899997886
						} 

						surrogate evaluation 4/23 {

							point #8 ( 51511  0 )
							mesh index : 0

							surrogate cache hit: #8 --> #7

							point #7 sgte eval: h=0 f=0.041464328765899997886
						} 

						surrogate evaluation 5/23 {

							point #9 ( 5521511  0 )
							mesh index : 0


							point #9 sgte eval: h=0 f=0.050763607025100000725
						} 

						surrogate evaluation 6/23 {

							point #10 ( 5531511  0 )
							mesh index : 0


							point #10 sgte eval: h=0 f=0.068003416061399993287
						} 

						surrogate evaluation 7/23 {

							point #11 ( 554231511  0 )
							mesh index : 0


							point #11 sgte eval: h=0 f=0.06464362144469999738
						} 

						surrogate evaluation 8/23 {

							point #12 ( 555231511  0 )
							mesh index : 0


							point #12 sgte eval: h=0 f=0.068415641784699998684
						} 

						surrogate evaluation 9/23 {

							point #13 ( 5512511  0 )
							mesh index : 0


							point #13 sgte eval: h=0 f=0.044467926025399999446
						} 

						surrogate evaluation 10/23 {

							point #14 ( 5513511  0 )
							mesh index : 0


							point #14 sgte eval: h=0 f=0.059983015060399998142
						} 

						surrogate evaluation 11/23 {

							point #15 ( 551423511  0 )
							mesh index : 0


							point #15 sgte eval: h=0 f=0.060322523117099999257
						} 

						surrogate evaluation 12/23 {

							point #16 ( 551523511  0 )
							mesh index : 0


							point #16 sgte eval: h=0 f=0.059103965759299999239
						} 

						surrogate evaluation 13/23 {

							point #17 ( 5511411  0 )
							mesh index : 0


							point #17 sgte eval: h=0 f=0.041811466216999999823
						} 

						surrogate evaluation 14/23 {

							point #18 ( 55111  0 )
							mesh index : 0


							point #18 sgte eval: h=0 f=0.04294466972350000078
						} 

						surrogate evaluation 15/23 {

							point #19 ( 55111  0 )
							mesh index : 0

							surrogate cache hit: #19 --> #18

							point #18 sgte eval: h=0 f=0.04294466972350000078
						} 

						surrogate evaluation 16/23 {

							point #20 ( 5511521  0 )
							mesh index : 0


							point #20 sgte eval: h=0 f=0.047558784484799998538
						} 

						surrogate evaluation 17/23 {

							point #21 ( 5511531  0 )
							mesh index : 0


							point #21 sgte eval: h=0 f=0.06485271453860000368
						} 

						surrogate evaluation 18/23 {

							point #22 ( 551154231  0 )
							mesh index : 0


							point #22 sgte eval: h=0 f=0.062960386276200000499
						} 

						surrogate evaluation 19/23 {

							point #23 ( 551155231  0 )
							mesh index : 0


							point #23 sgte eval: h=0 f=0.061098098754799996801
						} 

						surrogate evaluation 20/23 {

							point #24 ( 5511512  0 )
							mesh index : 0


							point #24 sgte eval: h=0 f=0.041373729705799999756
						} 

						surrogate evaluation 21/23 {

							point #25 ( 5511513  0 )
							mesh index : 0


							point #25 sgte eval: h=0 f=0.063067913055399993372
						} 

						surrogate evaluation 22/23 {

							point #26 ( 551151423  0 )
							mesh index : 0


							point #26 sgte eval: h=0 f=0.060179471969600002723
						} 

						surrogate evaluation 23/23 {

							point #27 ( 551151523  0 )
							mesh index : 0


							point #27 sgte eval: h=0 f=0.066283941268899998489
						} 

					} end of evaluations


					sorted ext poll pts {

						point # 1/21 : ( 5511512     0 )
						point # 2/21 : ( 51511     0 )
						point # 3/21 : ( 5411511     0 )
						point # 4/21 : ( 4511511     0 )
						point # 5/21 : ( 5511411     0 )
						point # 6/21 : ( 55111     0 )
						point # 7/21 : ( 5512511     0 )
						point # 8/21 : ( 5511521     0 )
						point # 9/21 : ( 5521511     0 )
						point #10/21 : ( 551523511     0 )
						point #11/21 : ( 5513511     0 )
						point #12/21 : ( 551151423     0 )
						point #13/21 : ( 551423511     0 )
						point #14/21 : ( 551155231     0 )
						point #15/21 : ( 551154231     0 )
						point #16/21 : ( 5511513     0 )
						point #17/21 : ( 554231511     0 )
						point #18/21 : ( 5511531     0 )
						point #19/21 : ( 551151523     0 )
						point #20/21 : ( 5531511     0 )
						point #21/21 : ( 555231511     0 )

					} 


				} end of ext poll pts sorting (on surrogates)


				extended poll point eval {

					extended poll point = ( 5511512     0 )

					list of points evaluation (extended poll) {

						evaluation 1/1 {

							point #28 ( 5511512  0 )
							mesh index : 0

							extended poll unsuccessful point #28 [ h=0 f=0.042511239051800001065 ]
						} 

					} end of evaluations


				} 


				extended poll center: ( 5511512     0 )

				perform extended poll descent ...... yes

				extended poll descent (on surrogates) {

					       iteration = 0
					 blackbox eval.  = 4
					      sgte eval. = 23
					      mesh index = 0
					ext. poll center = ( 5511512     0 ) f=0.042511239051800001065 h=0


					MADS run {

						23+SGTE	OBJ	(ext-poll--surrogate)

						23+ 0	0.04137372970579999976	(ext-poll--surrogate)

					} end of run (max mesh index)

					blackbox evaluations    : 0
					best feasible solution  : ( 5511512 0 ) h=0 f=0.041373729705799999756

				} end of extended poll descent (unsuccessful)


				extended poll point eval {

					extended poll point = ( 51511     0 )

					list of points evaluation (extended poll) {

						evaluation 1/1 {

							point #29 ( 51511  0 )
							mesh index : 0


							extended poll dominating point #29 {
								x    = ( 51511  0 )
								F(x) = [ 0.041045374870300001258 ]
								h    = 0
								f    = 0.041045374870300001258
							} 
						} 

					} end of evaluations


				} 


			} end of extended poll

		} end of poll

		Mesh update {
			previous mesh index: 0
			new mesh index     : -1
		} 


		terminate MADS       : no
		iteration status     : dominating
		new feas. incumbent  : #29 {
			x    = ( 51511  0 )
			F(x) = [ 0.041045374870300001258 ]
			h    = 0
			f    = 0.041045374870300001258
		} 
		new infeas. incumbent: none

	} end of iteration 0

	MADS iteration 1 {

		blackbox evaluations : 5
		best feas. solution  : ( 51511  0 ) h=0 f=0.041045374870300001258
		best infeas. solution: none
		poll center          : ( 51511  0 )
		mesh size            : (  1  1 )
		poll size            : (  2  2 )
		mesh index           : -1
		h_max                : inf

		MADS search {

			speculative search {

			} end of speculative search (unsuccessful)

		} end of search

		MADS poll {

			poll center: ( 51511  0 )

			poll directions (include mesh size parameter) {
				dir 0 : (  0 -1 ) Ortho-MADS 2n
				dir 1 : (  0  1 ) Ortho-MADS 2n
			} 

			re-ordered list of 2 poll trial points {
				#52 : ( 51511 -1 ) (dir 0)
				#53 : ( 51511  1 ) (dir 1)
			} 

			list of points evaluation (poll) {

				surrogate evaluation 1/2 {

					point #52 ( 51511 -1 )
					direction  : (  0 -1 ) Ortho-MADS 2n
					mesh index : -1


					point #52 sgte eval: failed
				} 

				surrogate evaluation 2/2 {

					point #53 ( 51511  1 )
					direction  : (  0  1 ) Ortho-MADS 2n
					mesh index : -1


					point #53 sgte eval: failed
				} 

			} end of evaluations

			re-ordered list of 2 poll trial points {

				#54: ( 51511 -1 ) (dir 0)
				#55: ( 51511  1 ) (dir 1)
			} 

			list of points evaluation (poll) {

				evaluation 1/2 {

					point #54 ( 51511 -1 )
					direction  : (  0 -1 ) Ortho-MADS 2n
					mesh index : -1

					poll unsuccessful point #54: evaluation failed
				} 

				evaluation 2/2 {

					point #55 ( 51511  1 )
					direction  : (  0  1 ) Ortho-MADS 2n
					mesh index : -1

					poll unsuccessful point #55: evaluation failed
				} 

			} end of evaluations


			MADS extended poll {


				extended poll pts sorting (on surrogates) {


					list of points evaluation (extended poll) {

						surrogate evaluation 1/16 {

							point #56 ( 41511  0 )
							mesh index : -1


							point #56 sgte eval: h=0 f=0.041893720626800003137
						} 

						surrogate evaluation 2/16 {

							point #57 ( 52511  0 )
							mesh index : -1


							point #57 sgte eval: h=0 f=0.049766302108800002102
						} 

						surrogate evaluation 3/16 {

							point #58 ( 53511  0 )
							mesh index : -1


							point #58 sgte eval: h=0 f=0.064247131347700006665
						} 

						surrogate evaluation 4/16 {

							point #59 ( 5423511  0 )
							mesh index : -1


							point #59 sgte eval: h=0 f=0.064467906951899994761
						} 

						surrogate evaluation 5/16 {

							point #60 ( 5523511  0 )
							mesh index : -1


							point #60 sgte eval: h=0 f=0.068081378936799996637
						} 

						surrogate evaluation 6/16 {

							point #61 ( 51411  0 )
							mesh index : -1


							point #61 sgte eval: h=0 f=0.041394710540800003229
						} 

						surrogate evaluation 7/16 {

							point #62 ( 511  0 )
							mesh index : -1


							point #62 sgte eval: h=0 f=0.041487455367999998002
						} 

						surrogate evaluation 8/16 {

							point #63 ( 511  0 )
							mesh index : -1

							surrogate cache hit: #63 --> #62

							point #62 sgte eval: h=0 f=0.041487455367999998002
						} 

						surrogate evaluation 9/16 {

							point #64 ( 51521  0 )
							mesh index : -1


							point #64 sgte eval: h=0 f=0.042331218719499998093
						} 

						surrogate evaluation 10/16 {

							point #65 ( 51531  0 )
							mesh index : -1


							point #65 sgte eval: h=0 f=0.06190633773800000017
						} 

						surrogate evaluation 11/16 {

							point #66 ( 5154231  0 )
							mesh index : -1


							point #66 sgte eval: h=0 f=0.059933662414599998824
						} 

						surrogate evaluation 12/16 {

							point #67 ( 5155231  0 )
							mesh index : -1


							point #67 sgte eval: h=0 f=0.061923503875700003363
						} 

						surrogate evaluation 13/16 {

							point #68 ( 51512  0 )
							mesh index : -1


							point #68 sgte eval: h=0 f=0.038452863693200001194
						} 

						surrogate evaluation 14/16 {

							point #69 ( 51513  0 )
							mesh index : -1


							point #69 sgte eval: h=0 f=0.066327095031700006311
						} 

						surrogate evaluation 15/16 {

							point #70 ( 5151423  0 )
							mesh index : -1


							point #70 sgte eval: h=0 f=0.059651613235500000609
						} 

						surrogate evaluation 16/16 {

							point #71 ( 5151523  0 )
							mesh index : -1


							point #71 sgte eval: h=0 f=0.058834314346300001231
						} 

					} end of evaluations


					sorted ext poll pts {

						point # 1/15 : ( 51512     0 )
						point # 2/15 : ( 51411     0 )
						point # 3/15 : (   511     0 )
						point # 4/15 : ( 41511     0 )
						point # 5/15 : ( 51521     0 )
						point # 6/15 : ( 52511     0 )
						point # 7/15 : ( 5151523     0 )
						point # 8/15 : ( 5151423     0 )
						point # 9/15 : ( 5154231     0 )
						point #10/15 : ( 51531     0 )
						point #11/15 : ( 5155231     0 )
						point #12/15 : ( 53511     0 )
						point #13/15 : ( 5423511     0 )
						point #14/15 : ( 51513     0 )
						point #15/15 : ( 5523511     0 )

					} 


				} end of ext poll pts sorting (on surrogates)


				extended poll point eval {

					extended poll point = ( 51512     0 )

					list of points evaluation (extended poll) {

						evaluation 1/1 {

							point #72 ( 51512  0 )
							mesh index : -1


							extended poll dominating point #72 {
								x    = ( 51512  0 )
								F(x) = [ 0.038544511795100003249 ]
								h    = 0
								f    = 0.038544511795100003249
							} 
						} 

					} end of evaluations


				} 


			} end of extended poll

		} end of poll

		Mesh update {
			previous mesh index: -1
			new mesh index     : -2
		} 


		terminate MADS       : no
		iteration status     : dominating
		new feas. incumbent  : #72 {
			x    = ( 51512  0 )
			F(x) = [ 0.038544511795100003249 ]
			h    = 0
			f    = 0.038544511795100003249
		} 
		new infeas. incumbent: none

	} end of iteration 1

	MADS iteration 2 {

		blackbox evaluations : 8
		best feas. solution  : ( 51512  0 ) h=0 f=0.038544511795100003249
		best infeas. solution: none
		poll center          : ( 51512  0 )
		mesh size            : (  1  1 )
		poll size            : (  4  4 )
		mesh index           : -2
		h_max                : inf

		MADS search {

			speculative search {

			} end of speculative search (unsuccessful)

		} end of search

		MADS poll {

			poll center: ( 51512  0 )

			poll directions (include mesh size parameter) {
				dir 0 : (  0 -4 ) Ortho-MADS 2n
				dir 1 : (  0  4 ) Ortho-MADS 2n
			} 

			re-ordered list of 2 poll trial points {
				#87 : ( 51512 -4 ) (dir 0)
				#88 : ( 51512  4 ) (dir 1)
			} 

			list of points evaluation (poll) {

				surrogate evaluation 1/2 {

					point #87 ( 51512 -4 )
					direction  : (  0 -4 ) Ortho-MADS 2n
					mesh index : -2


					point #87 sgte eval: failed
				} 

				surrogate evaluation 2/2 {

					point #88 ( 51512  4 )
					direction  : (  0  4 ) Ortho-MADS 2n
					mesh index : -2


					point #88 sgte eval: failed
				} 

			} end of evaluations

			re-ordered list of 2 poll trial points {

				#89: ( 51512 -4 ) (dir 0)
				#90: ( 51512  4 ) (dir 1)
			} 

			list of points evaluation (poll) {

				evaluation 1/2 {

					point #89 ( 51512 -4 )
					direction  : (  0 -4 ) Ortho-MADS 2n
					mesh index : -2

					poll unsuccessful point #89: evaluation failed
				} 

				evaluation 2/2 {

					point #90 ( 51512  4 )
					direction  : (  0  4 ) Ortho-MADS 2n
					mesh index : -2

					poll unsuccessful point #90: evaluation failed
				} 

			} end of evaluations


			MADS extended poll {


				extended poll pts sorting (on surrogates) {


					list of points evaluation (extended poll) {

						surrogate evaluation 1/16 {

							point #91 ( 41512  0 )
							mesh index : -2


							point #91 sgte eval: h=0 f=0.043026447296100001072
						} 

						surrogate evaluation 2/16 {

							point #92 ( 52512  0 )
							mesh index : -2


							point #92 sgte eval: h=0 f=0.048355817794799998977
						} 

						surrogate evaluation 3/16 {

							point #93 ( 53512  0 )
							mesh index : -2


							point #93 sgte eval: h=0 f=0.063571929931600004715
						} 

						surrogate evaluation 4/16 {

							point #94 ( 5423512  0 )
							mesh index : -2


							point #94 sgte eval: h=0 f=0.06693506240839999788
						} 

						surrogate evaluation 5/16 {

							point #95 ( 5523512  0 )
							mesh index : -2


							point #95 sgte eval: h=0 f=0.064685344696100002815
						} 

						surrogate evaluation 6/16 {

							point #96 ( 51412  0 )
							mesh index : -2


							point #96 sgte eval: h=0 f=0.040559291839599997953
						} 

						surrogate evaluation 7/16 {

							point #97 ( 511  0 )
							mesh index : -2

							surrogate cache hit: #97 --> #62

							point #62 sgte eval: h=0 f=0.041487455367999998002
						} 

						surrogate evaluation 8/16 {

							point #98 ( 512  0 )
							mesh index : -2


							point #98 sgte eval: h=0 f=0.039026737213100001767
						} 

						surrogate evaluation 9/16 {

							point #99 ( 51522  0 )
							mesh index : -2


							point #99 sgte eval: h=0 f=0.039569616317799996552
						} 

						surrogate evaluation 10/16 {

							point #100 ( 51532  0 )
							mesh index : -2


							point #100 sgte eval: h=0 f=0.060738563537600001596
						} 

						surrogate evaluation 11/16 {

							point #101 ( 5154232  0 )
							mesh index : -2


							point #101 sgte eval: h=0 f=0.061636209487900002479
						} 

						surrogate evaluation 12/16 {

							point #102 ( 5155232  0 )
							mesh index : -2


							point #102 sgte eval: h=0 f=0.061253070831300000798
						} 

						surrogate evaluation 13/16 {

							point #103 ( 51510  0 )
							mesh index : -2


							point #103 sgte eval: h=0 f=0.04486823081969999738
						} 

						surrogate evaluation 14/16 {

							point #104 ( 51513  0 )
							mesh index : -2

							surrogate cache hit: #104 --> #69

							point #69 sgte eval: h=0 f=0.066327095031700006311
						} 

						surrogate evaluation 15/16 {

							point #105 ( 5151403  0 )
							mesh index : -2


							point #105 sgte eval: h=0 f=0.059279203414899998836
						} 

						surrogate evaluation 16/16 {

							point #106 ( 5151503  0 )
							mesh index : -2


							point #106 sgte eval: h=0 f=0.061240911483800002102
						} 

					} end of evaluations


					sorted ext poll pts {

						point # 1/16 : (   512     0 )
						point # 2/16 : ( 51522     0 )
						point # 3/16 : ( 51412     0 )
						point # 4/16 : (   511     0 )
						point # 5/16 : ( 41512     0 )
						point # 6/16 : ( 51510     0 )
						point # 7/16 : ( 52512     0 )
						point # 8/16 : ( 5151403     0 )
						point # 9/16 : ( 51532     0 )
						point #10/16 : ( 5151503     0 )
						point #11/16 : ( 5155232     0 )
						point #12/16 : ( 5154232     0 )
						point #13/16 : ( 53512     0 )
						point #14/16 : ( 5523512     0 )
						point #15/16 : ( 51513     0 )
						point #16/16 : ( 5423512     0 )

					} 


				} end of ext poll pts sorting (on surrogates)


				extended poll point eval {

					extended poll point = (   512     0 )

					list of points evaluation (extended poll) {

						evaluation 1/1 {

							point #107 ( 512  0 )
							mesh index : -2

							extended poll unsuccessful point #107 [ h=0 f=0.041501679420500002526 ]
						} 

					} end of evaluations


				} 


				extended poll center: (   512     0 )

				perform extended poll descent ...... yes

				extended poll descent (on surrogates) {

					       iteration = 2
					 blackbox eval.  = 11
					      sgte eval. = 58
					      mesh index = -2
					ext. poll center = (   512     0 ) f=0.041501679420500002526 h=0


					MADS run {

						58+SGTE	OBJ	(ext-poll--surrogate)

						58+ 0	0.03902673721310000177	(ext-poll--surrogate)

					} end of run (max mesh index)

					blackbox evaluations    : 0
					best feasible solution  : ( 512 0 ) h=0 f=0.039026737213100001767

				} end of extended poll descent (unsuccessful)


				extended poll point eval {

					extended poll point = ( 51522     0 )

					list of points evaluation (extended poll) {

						evaluation 1/1 {

							point #108 ( 51522  0 )
							mesh index : -2

							extended poll unsuccessful point #108 [ h=0 f=0.041310005188000001319 ]
						} 

					} end of evaluations


				} 


				extended poll center: ( 51522     0 )

				perform extended poll descent ...... yes

				extended poll descent (on surrogates) {

					       iteration = 2
					 blackbox eval.  = 12
					      sgte eval. = 60
					      mesh index = -2
					ext. poll center = ( 51522     0 ) f=0.041310005188000001319 h=0


					MADS run {

						60+SGTE	OBJ	(ext-poll--surrogate)

						60+ 0	0.03956961631779999655	(ext-poll--surrogate)

					} end of run (max mesh index)

					blackbox evaluations    : 0
					best feasible solution  : ( 51522 0 ) h=0 f=0.039569616317799996552

				} end of extended poll descent (unsuccessful)


				extended poll point eval {

					extended poll point = ( 51412     0 )

					list of points evaluation (extended poll) {

						evaluation 1/1 {

							point #109 ( 51412  0 )
							mesh index : -2

							extended poll unsuccessful point #109 [ h=0 f=0.039953258037599997943 ]
						} 

					} end of evaluations


				} 


				extended poll center: ( 51412     0 )

				perform extended poll descent ...... yes

				extended poll descent (on surrogates) {

					       iteration = 2
					 blackbox eval.  = 13
					      sgte eval. = 62
					      mesh index = -2
					ext. poll center = ( 51412     0 ) f=0.039953258037599997943 h=0


					MADS run {

						62+SGTE	OBJ	(ext-poll--surrogate)

						62+ 0	0.04055929183959999795	(ext-poll--surrogate)

					} end of run (max mesh index)

					blackbox evaluations    : 0
					best feasible solution  : ( 51412 0 ) h=0 f=0.040559291839599997953

				} end of extended poll descent (unsuccessful)


				extended poll point eval {

					extended poll point = (   511     0 )

					list of points evaluation (extended poll) {

						evaluation 1/1 {

							point #110 ( 511  0 )
							mesh index : -2

							extended poll unsuccessful point #110 [ h=0 f=0.040920684337600002345 ]
						} 

					} end of evaluations


				} 


				extended poll center: (   511     0 )

				perform extended poll descent ...... yes

				extended poll descent (on surrogates) {

					       iteration = 2
					 blackbox eval.  = 14
					      sgte eval. = 64
					      mesh index = -2
					ext. poll center = (   511     0 ) f=0.040920684337600002345 h=0


					MADS run {

						64+SGTE	OBJ	(ext-poll--surrogate)

						64+ 0	0.04148745536799999800	(ext-poll--surrogate)

					} end of run (max mesh index)

					blackbox evaluations    : 0
					best feasible solution  : ( 511 0 ) h=0 f=0.041487455367999998002

				} end of extended poll descent (unsuccessful)


				extended poll point eval {

					extended poll point = ( 41512     0 )

					list of points evaluation (extended poll) {

						evaluation 1/1 {

							point #111 ( 41512  0 )
							mesh index : -2

							extended poll unsuccessful point #111 [ h=0 f=0.040989518165600001554 ]
						} 

					} end of evaluations


				} 


				extended poll center: ( 41512     0 )

				perform extended poll descent ...... yes

				extended poll descent (on surrogates) {

					       iteration = 2
					 blackbox eval.  = 15
					      sgte eval. = 66
					      mesh index = -2
					ext. poll center = ( 41512     0 ) f=0.040989518165600001554 h=0


					MADS run {

						66+SGTE	OBJ	(ext-poll--surrogate)

						66+ 0	0.04302644729610000107	(ext-poll--surrogate)

					} end of run (max mesh index)

					blackbox evaluations    : 0
					best feasible solution  : ( 41512 0 ) h=0 f=0.043026447296100001072

				} end of extended poll descent (unsuccessful)


				extended poll point eval {

					extended poll point = ( 51510     0 )

					list of points evaluation (extended poll) {

						evaluation 1/1 {

							point #112 ( 51510  0 )
							mesh index : -2

							extended poll unsuccessful point #112 [ h=0 f=0.04501619338989999719 ]
						} 

					} end of evaluations


				} 


				extended poll center: ( 51510     0 )

				perform extended poll descent ...... no

				extended poll point eval {

					extended poll point = ( 52512     0 )

					list of points evaluation (extended poll) {

						evaluation 1/1 {

							point #113 ( 52512  0 )
							mesh index : -2

							extended poll unsuccessful point #113 [ h=0 f=0.050060224533100002031 ]
						} 

					} end of evaluations


				} 


				extended poll center: ( 52512     0 )

				perform extended poll descent ...... no

				extended poll point eval {

					extended poll point = ( 5151403     0 )

					list of points evaluation (extended poll) {

						evaluation 1/1 {

							point #114 ( 5151403  0 )
							mesh index : -2

							extended poll unsuccessful point #114 [ h=0 f=0.05881500959400000339 ]
						} 

					} end of evaluations


				} 


				extended poll center: ( 5151403     0 )

				perform extended poll descent ...... no

				extended poll point eval {

					extended poll point = ( 51532     0 )

					list of points evaluation (extended poll) {

						evaluation 1/1 {

							point #115 ( 51532  0 )
							mesh index : -2

							extended poll unsuccessful point #115 [ h=0 f=0.061469213962600001422 ]
						} 

					} end of evaluations


				} 


				extended poll center: ( 51532     0 )

				perform extended poll descent ...... no

				extended poll point eval {

					extended poll point = ( 5151503     0 )

					list of points evaluation (extended poll) {

						evaluation 1/1 {

							point #116 ( 5151503  0 )
							mesh index : -2

							extended poll unsuccessful point #116 [ h=0 f=0.05876382350920000136 ]
						} 

					} end of evaluations


				} 


				extended poll center: ( 5151503     0 )

				perform extended poll descent ...... no

				extended poll point eval {

					extended poll point = ( 5155232     0 )

					list of points evaluation (extended poll) {

						evaluation 1/1 {

							point #117 ( 5155232  0 )
							mesh index : -2

							extended poll unsuccessful point #117 [ h=0 f=0.057279052734400003055 ]
						} 

					} end of evaluations


				} 


				extended poll center: ( 5155232     0 )

				perform extended poll descent ...... no

				extended poll point eval {

					extended poll point = ( 5154232     0 )

					list of points evaluation (extended poll) {

						evaluation 1/1 {

							point #118 ( 5154232  0 )
							mesh index : -2

							extended poll unsuccessful point #118 [ h=0 f=0.058672583103199997534 ]
						} 

					} end of evaluations


				} 


				extended poll center: ( 5154232     0 )

				perform extended poll descent ...... no

				extended poll point eval {

					extended poll point = ( 53512     0 )

					list of points evaluation (extended poll) {

						evaluation 1/1 {

							point #119 ( 53512  0 )
							mesh index : -2

							extended poll unsuccessful point #119 [ h=0 f=0.063815102577199994682 ]
						} 

					} end of evaluations


				} 


				extended poll center: ( 53512     0 )

				perform extended poll descent ...... no

				extended poll point eval {

					extended poll point = ( 5523512     0 )

					list of points evaluation (extended poll) {

						evaluation 1/1 {

							point #120 ( 5523512  0 )
							mesh index : -2

							extended poll unsuccessful point #120 [ h=0 f=0.06637830972670000218 ]
						} 

					} end of evaluations


				} 


				extended poll center: ( 5523512     0 )

				perform extended poll descent ...... no

				extended poll point eval {

					extended poll point = ( 51513     0 )

					list of points evaluation (extended poll) {

						evaluation 1/1 {

							point #121 ( 51513  0 )
							mesh index : -2

							extended poll unsuccessful point #121 [ h=0 f=0.061352310180699996811 ]
						} 

					} end of evaluations


				} 


				extended poll center: ( 51513     0 )

				perform extended poll descent ...... no

				extended poll point eval {

					extended poll point = ( 5423512     0 )

					list of points evaluation (extended poll) {

						evaluation 1/1 {

							point #122 ( 5423512  0 )
							mesh index : -2

							extended poll unsuccessful point #122 [ h=0 f=0.063183288574199997223 ]
						} 

					} end of evaluations


				} 


				extended poll center: ( 5423512     0 )

				perform extended poll descent ...... no

			} end of extended poll

		} end of poll

		Mesh update {
			previous mesh index: -2
			new mesh index     : -1
		} 


		terminate MADS       : no
		iteration status     : unsuccessful
		new feas. incumbent  : none
		new infeas. incumbent: none

	} end of iteration 2

	MADS iteration 3 {

		blackbox evaluations : 26
		best feas. solution  : ( 51512  0 ) h=0 f=0.038544511795100003249
		best infeas. solution: none
		poll center          : ( 51512  0 )
		mesh size            : (  1  1 )
		poll size            : (  2  2 )
		mesh index           : -1
		h_max                : inf

		MADS search {
		} end of search

		MADS poll {

			poll center: ( 51512  0 )

			poll directions (include mesh size parameter) {
				dir 0 : (  0 -1 ) Ortho-MADS 2n
				dir 1 : (  0  1 ) Ortho-MADS 2n
			} 

			re-ordered list of 2 poll trial points {
				#138 : ( 51512 -1 ) (dir 0)
				#139 : ( 51512  1 ) (dir 1)
			} 

			list of points evaluation (poll) {

				surrogate evaluation 1/2 {

					point #138 ( 51512 -1 )
					direction  : (  0 -1 ) Ortho-MADS 2n
					mesh index : -1


					point #138 sgte eval: failed
				} 

				surrogate evaluation 2/2 {

					point #139 ( 51512  1 )
					direction  : (  0  1 ) Ortho-MADS 2n
					mesh index : -1


					point #139 sgte eval: failed
				} 

			} end of evaluations

			re-ordered list of 2 poll trial points {

				#140: ( 51512 -1 ) (dir 0)
				#141: ( 51512  1 ) (dir 1)
			} 

			list of points evaluation (poll) {

				evaluation 1/2 {

					point #140 ( 51512 -1 )
					direction  : (  0 -1 ) Ortho-MADS 2n
					mesh index : -1

					poll unsuccessful point #140: evaluation failed
				} 

				evaluation 2/2 {

					point #141 ( 51512  1 )
					direction  : (  0  1 ) Ortho-MADS 2n
					mesh index : -1

					poll unsuccessful point #141: evaluation failed
				} 

			} end of evaluations


			MADS extended poll {


				extended poll pts sorting (on surrogates) {


					list of points evaluation (extended poll) {

						surrogate evaluation 1/16 {

							point #142 ( 41512  0 )
							mesh index : -1

							surrogate cache hit: #142 --> #91

							point #91 sgte eval: h=0 f=0.043026447296100001072
						} 

						surrogate evaluation 2/16 {

							point #143 ( 52512  0 )
							mesh index : -1

							surrogate cache hit: #143 --> #92

							point #92 sgte eval: h=0 f=0.048355817794799998977
						} 

						surrogate evaluation 3/16 {

							point #144 ( 53512  0 )
							mesh index : -1

							surrogate cache hit: #144 --> #93

							point #93 sgte eval: h=0 f=0.063571929931600004715
						} 

						surrogate evaluation 4/16 {

							point #145 ( 5423512  0 )
							mesh index : -1

							surrogate cache hit: #145 --> #94

							point #94 sgte eval: h=0 f=0.06693506240839999788
						} 

						surrogate evaluation 5/16 {

							point #146 ( 5523512  0 )
							mesh index : -1

							surrogate cache hit: #146 --> #95

							point #95 sgte eval: h=0 f=0.064685344696100002815
						} 

						surrogate evaluation 6/16 {

							point #147 ( 51412  0 )
							mesh index : -1

							surrogate cache hit: #147 --> #96

							point #96 sgte eval: h=0 f=0.040559291839599997953
						} 

						surrogate evaluation 7/16 {

							point #148 ( 511  0 )
							mesh index : -1

							surrogate cache hit: #148 --> #62

							point #62 sgte eval: h=0 f=0.041487455367999998002
						} 

						surrogate evaluation 8/16 {

							point #149 ( 512  0 )
							mesh index : -1

							surrogate cache hit: #149 --> #98

							point #98 sgte eval: h=0 f=0.039026737213100001767
						} 

						surrogate evaluation 9/16 {

							point #150 ( 51522  0 )
							mesh index : -1

							surrogate cache hit: #150 --> #99

							point #99 sgte eval: h=0 f=0.039569616317799996552
						} 

						surrogate evaluation 10/16 {

							point #151 ( 51532  0 )
							mesh index : -1

							surrogate cache hit: #151 --> #100

							point #100 sgte eval: h=0 f=0.060738563537600001596
						} 

						surrogate evaluation 11/16 {

							point #152 ( 5154232  0 )
							mesh index : -1

							surrogate cache hit: #152 --> #101

							point #101 sgte eval: h=0 f=0.061636209487900002479
						} 

						surrogate evaluation 12/16 {

							point #153 ( 5155232  0 )
							mesh index : -1

							surrogate cache hit: #153 --> #102

							point #102 sgte eval: h=0 f=0.061253070831300000798
						} 

						surrogate evaluation 13/16 {

							point #154 ( 51510  0 )
							mesh index : -1

							surrogate cache hit: #154 --> #103

							point #103 sgte eval: h=0 f=0.04486823081969999738
						} 

						surrogate evaluation 14/16 {

							point #155 ( 51513  0 )
							mesh index : -1

							surrogate cache hit: #155 --> #69

							point #69 sgte eval: h=0 f=0.066327095031700006311
						} 

						surrogate evaluation 15/16 {

							point #156 ( 5151403  0 )
							mesh index : -1

							surrogate cache hit: #156 --> #105

							point #105 sgte eval: h=0 f=0.059279203414899998836
						} 

						surrogate evaluation 16/16 {

							point #157 ( 5151503  0 )
							mesh index : -1

							surrogate cache hit: #157 --> #106

							point #106 sgte eval: h=0 f=0.061240911483800002102
						} 

					} end of evaluations


					sorted ext poll pts {

						point # 1/16 : (   512     0 )
						point # 2/16 : ( 51522     0 )
						point # 3/16 : ( 51412     0 )
						point # 4/16 : (   511     0 )
						point # 5/16 : ( 41512     0 )
						point # 6/16 : ( 51510     0 )
						point # 7/16 : ( 52512     0 )
						point # 8/16 : ( 5151403     0 )
						point # 9/16 : ( 51532     0 )
						point #10/16 : ( 5151503     0 )
						point #11/16 : ( 5155232     0 )
						point #12/16 : ( 5154232     0 )
						point #13/16 : ( 53512     0 )
						point #14/16 : ( 5523512     0 )
						point #15/16 : ( 51513     0 )
						point #16/16 : ( 5423512     0 )

					} 


				} end of ext poll pts sorting (on surrogates)


				extended poll point eval {

					extended poll point = (   512     0 )

					list of points evaluation (extended poll) {

						evaluation 1/1 {

							point #158 ( 512  0 )
							mesh index : -1

							cache hit: #158 --> #107
							extended poll unsuccessful point #107 [ h=0 f=0.041501679420500002526 ]
						} 

					} end of evaluations


				} 


				extended poll center: (   512     0 )

				perform extended poll descent ...... yes

				extended poll descent (on surrogates) {

					       iteration = 3
					 blackbox eval.  = 28
					      sgte eval. = 70
					      mesh index = -1
					ext. poll center = (   512     0 ) f=0.041501679420500002526 h=0


					MADS run {

						70+SGTE	OBJ	(ext-poll--surrogate)

						70+ 0	0.03902673721310000177	(ext-poll--surrogate)

					} end of run (max mesh index)

					blackbox evaluations    : 0
					best feasible solution  : ( 512 0 ) h=0 f=0.039026737213100001767

				} end of extended poll descent (unsuccessful)


				extended poll point eval {

					extended poll point = ( 51522     0 )

					list of points evaluation (extended poll) {

						evaluation 1/1 {

							point #159 ( 51522  0 )
							mesh index : -1

							cache hit: #159 --> #108
							extended poll unsuccessful point #108 [ h=0 f=0.041310005188000001319 ]
						} 

					} end of evaluations


				} 


				extended poll center: ( 51522     0 )

				perform extended poll descent ...... yes

				extended poll descent (on surrogates) {

					       iteration = 3
					 blackbox eval.  = 28
					      sgte eval. = 72
					      mesh index = -1
					ext. poll center = ( 51522     0 ) f=0.041310005188000001319 h=0


					MADS run {

						72+SGTE	OBJ	(ext-poll--surrogate)

						72+ 0	0.03956961631779999655	(ext-poll--surrogate)

					} end of run (max mesh index)

					blackbox evaluations    : 0
					best feasible solution  : ( 51522 0 ) h=0 f=0.039569616317799996552

				} end of extended poll descent (unsuccessful)


				extended poll point eval {

					extended poll point = ( 51412     0 )

					list of points evaluation (extended poll) {

						evaluation 1/1 {

							point #160 ( 51412  0 )
							mesh index : -1

							cache hit: #160 --> #109
							extended poll unsuccessful point #109 [ h=0 f=0.039953258037599997943 ]
						} 

					} end of evaluations


				} 


				extended poll center: ( 51412     0 )

				perform extended poll descent ...... yes

				extended poll descent (on surrogates) {

					       iteration = 3
					 blackbox eval.  = 28
					      sgte eval. = 74
					      mesh index = -1
					ext. poll center = ( 51412     0 ) f=0.039953258037599997943 h=0


					MADS run {

						74+SGTE	OBJ	(ext-poll--surrogate)

						74+ 0	0.04055929183959999795	(ext-poll--surrogate)

					} end of run (max mesh index)

					blackbox evaluations    : 0
					best feasible solution  : ( 51412 0 ) h=0 f=0.040559291839599997953

				} end of extended poll descent (unsuccessful)


				extended poll point eval {

					extended poll point = (   511     0 )

					list of points evaluation (extended poll) {

						evaluation 1/1 {

							point #161 ( 511  0 )
							mesh index : -1

							cache hit: #161 --> #110
							extended poll unsuccessful point #110 [ h=0 f=0.040920684337600002345 ]
						} 

					} end of evaluations


				} 


				extended poll center: (   511     0 )

				perform extended poll descent ...... yes

				extended poll descent (on surrogates) {

					       iteration = 3
					 blackbox eval.  = 28
					      sgte eval. = 76
					      mesh index = -1
					ext. poll center = (   511     0 ) f=0.040920684337600002345 h=0


					MADS run {

						76+SGTE	OBJ	(ext-poll--surrogate)

						76+ 0	0.04148745536799999800	(ext-poll--surrogate)

					} end of run (max mesh index)

					blackbox evaluations    : 0
					best feasible solution  : ( 511 0 ) h=0 f=0.041487455367999998002

				} end of extended poll descent (unsuccessful)


				extended poll point eval {

					extended poll point = ( 41512     0 )

					list of points evaluation (extended poll) {

						evaluation 1/1 {

							point #162 ( 41512  0 )
							mesh index : -1

							cache hit: #162 --> #111
							extended poll unsuccessful point #111 [ h=0 f=0.040989518165600001554 ]
						} 

					} end of evaluations


				} 


				extended poll center: ( 41512     0 )

				perform extended poll descent ...... yes

				extended poll descent (on surrogates) {

					       iteration = 3
					 blackbox eval.  = 28
					      sgte eval. = 78
					      mesh index = -1
					ext. poll center = ( 41512     0 ) f=0.040989518165600001554 h=0


					MADS run {

						78+SGTE	OBJ	(ext-poll--surrogate)

						78+ 0	0.04302644729610000107	(ext-poll--surrogate)

					} end of run (max mesh index)

					blackbox evaluations    : 0
					best feasible solution  : ( 41512 0 ) h=0 f=0.043026447296100001072

				} end of extended poll descent (unsuccessful)


				extended poll point eval {

					extended poll point = ( 51510     0 )

					list of points evaluation (extended poll) {

						evaluation 1/1 {

							point #163 ( 51510  0 )
							mesh index : -1

							cache hit: #163 --> #112
							extended poll unsuccessful point #112 [ h=0 f=0.04501619338989999719 ]
						} 

					} end of evaluations


				} 


				extended poll center: ( 51510     0 )

				perform extended poll descent ...... no

				extended poll point eval {

					extended poll point = ( 52512     0 )

					list of points evaluation (extended poll) {

						evaluation 1/1 {

							point #164 ( 52512  0 )
							mesh index : -1

							cache hit: #164 --> #113
							extended poll unsuccessful point #113 [ h=0 f=0.050060224533100002031 ]
						} 

					} end of evaluations


				} 


				extended poll center: ( 52512     0 )

				perform extended poll descent ...... no

				extended poll point eval {

					extended poll point = ( 5151403     0 )

					list of points evaluation (extended poll) {

						evaluation 1/1 {

							point #165 ( 5151403  0 )
							mesh index : -1

							cache hit: #165 --> #114
							extended poll unsuccessful point #114 [ h=0 f=0.05881500959400000339 ]
						} 

					} end of evaluations


				} 


				extended poll center: ( 5151403     0 )

				perform extended poll descent ...... no

				extended poll point eval {

					extended poll point = ( 51532     0 )

					list of points evaluation (extended poll) {

						evaluation 1/1 {

							point #166 ( 51532  0 )
							mesh index : -1

							cache hit: #166 --> #115
							extended poll unsuccessful point #115 [ h=0 f=0.061469213962600001422 ]
						} 

					} end of evaluations


				} 


				extended poll center: ( 51532     0 )

				perform extended poll descent ...... no

				extended poll point eval {

					extended poll point = ( 5151503     0 )

					list of points evaluation (extended poll) {

						evaluation 1/1 {

							point #167 ( 5151503  0 )
							mesh index : -1

							cache hit: #167 --> #116
							extended poll unsuccessful point #116 [ h=0 f=0.05876382350920000136 ]
						} 

					} end of evaluations


				} 


				extended poll center: ( 5151503     0 )

				perform extended poll descent ...... no

				extended poll point eval {

					extended poll point = ( 5155232     0 )

					list of points evaluation (extended poll) {

						evaluation 1/1 {

							point #168 ( 5155232  0 )
							mesh index : -1

							cache hit: #168 --> #117
							extended poll unsuccessful point #117 [ h=0 f=0.057279052734400003055 ]
						} 

					} end of evaluations


				} 


				extended poll center: ( 5155232     0 )

				perform extended poll descent ...... no

				extended poll point eval {

					extended poll point = ( 5154232     0 )

					list of points evaluation (extended poll) {

						evaluation 1/1 {

							point #169 ( 5154232  0 )
							mesh index : -1

							cache hit: #169 --> #118
							extended poll unsuccessful point #118 [ h=0 f=0.058672583103199997534 ]
						} 

					} end of evaluations


				} 


				extended poll center: ( 5154232     0 )

				perform extended poll descent ...... no

				extended poll point eval {

					extended poll point = ( 53512     0 )

					list of points evaluation (extended poll) {

						evaluation 1/1 {

							point #170 ( 53512  0 )
							mesh index : -1

							cache hit: #170 --> #119
							extended poll unsuccessful point #119 [ h=0 f=0.063815102577199994682 ]
						} 

					} end of evaluations


				} 


				extended poll center: ( 53512     0 )

				perform extended poll descent ...... no

				extended poll point eval {

					extended poll point = ( 5523512     0 )

					list of points evaluation (extended poll) {

						evaluation 1/1 {

							point #171 ( 5523512  0 )
							mesh index : -1

							cache hit: #171 --> #120
							extended poll unsuccessful point #120 [ h=0 f=0.06637830972670000218 ]
						} 

					} end of evaluations


				} 


				extended poll center: ( 5523512     0 )

				perform extended poll descent ...... no

				extended poll point eval {

					extended poll point = ( 51513     0 )

					list of points evaluation (extended poll) {

						evaluation 1/1 {

							point #172 ( 51513  0 )
							mesh index : -1

							cache hit: #172 --> #121
							extended poll unsuccessful point #121 [ h=0 f=0.061352310180699996811 ]
						} 

					} end of evaluations


				} 


				extended poll center: ( 51513     0 )

				perform extended poll descent ...... no

				extended poll point eval {

					extended poll point = ( 5423512     0 )

					list of points evaluation (extended poll) {

						evaluation 1/1 {

							point #173 ( 5423512  0 )
							mesh index : -1

							cache hit: #173 --> #122
							extended poll unsuccessful point #122 [ h=0 f=0.063183288574199997223 ]
						} 

					} end of evaluations


				} 


				extended poll center: ( 5423512     0 )

				perform extended poll descent ...... no

			} end of extended poll

		} end of poll

		Mesh update {
			previous mesh index: -1
			new mesh index     : 0
		} 


		terminate MADS       : no
		iteration status     : unsuccessful
		new feas. incumbent  : none
		new infeas. incumbent: none

	} end of iteration 3

	MADS iteration 4 {

		blackbox evaluations : 28
		best feas. solution  : ( 51512  0 ) h=0 f=0.038544511795100003249
		best infeas. solution: none
		poll center          : ( 51512  0 )
		mesh size            : (  1  1 )
		poll size            : (  1  1 )
		mesh index           : 0
		h_max                : inf

		MADS search {
		} end of search

		MADS poll {

			poll center: ( 51512  0 )

			poll directions (include mesh size parameter) {
				dir 0 : (  0 -1 ) Ortho-MADS 2n
				dir 1 : (  0  1 ) Ortho-MADS 2n
			} 

			re-ordered list of 2 poll trial points {
				#189 : ( 51512 -1 ) (dir 0)
				#190 : ( 51512  1 ) (dir 1)
			} 

			list of points evaluation (poll) {

				surrogate evaluation 1/2 {

					point #189 ( 51512 -1 )
					direction  : (  0 -1 ) Ortho-MADS 2n
					mesh index : 0

					surrogate cache hit: #189 --> #138

					point #138 sgte eval: failed
				} 

				surrogate evaluation 2/2 {

					point #190 ( 51512  1 )
					direction  : (  0  1 ) Ortho-MADS 2n
					mesh index : 0

					surrogate cache hit: #190 --> #139

					point #139 sgte eval: failed
				} 

			} end of evaluations

			re-ordered list of 2 poll trial points {

				#191: ( 51512 -1 ) (dir 0)
				#192: ( 51512  1 ) (dir 1)
			} 

			list of points evaluation (poll) {

				evaluation 1/2 {

					point #191 ( 51512 -1 )
					direction  : (  0 -1 ) Ortho-MADS 2n
					mesh index : -1

					cache hit: #191 --> #140
					poll unsuccessful point #140: evaluation failed
				} 

				evaluation 2/2 {

					point #192 ( 51512  1 )
					direction  : (  0  1 ) Ortho-MADS 2n
					mesh index : -1

					cache hit: #192 --> #141
					poll unsuccessful point #141: evaluation failed
				} 

			} end of evaluations


			MADS extended poll {


				extended poll pts sorting (on surrogates) {


					list of points evaluation (extended poll) {

						surrogate evaluation 1/16 {

							point #193 ( 41512  0 )
							mesh index : 0

							surrogate cache hit: #193 --> #91

							point #91 sgte eval: h=0 f=0.043026447296100001072
						} 

						surrogate evaluation 2/16 {

							point #194 ( 52512  0 )
							mesh index : 0

							surrogate cache hit: #194 --> #92

							point #92 sgte eval: h=0 f=0.048355817794799998977
						} 

						surrogate evaluation 3/16 {

							point #195 ( 53512  0 )
							mesh index : 0

							surrogate cache hit: #195 --> #93

							point #93 sgte eval: h=0 f=0.063571929931600004715
						} 

						surrogate evaluation 4/16 {

							point #196 ( 5423512  0 )
							mesh index : 0

							surrogate cache hit: #196 --> #94

							point #94 sgte eval: h=0 f=0.06693506240839999788
						} 

						surrogate evaluation 5/16 {

							point #197 ( 5523512  0 )
							mesh index : 0

							surrogate cache hit: #197 --> #95

							point #95 sgte eval: h=0 f=0.064685344696100002815
						} 

						surrogate evaluation 6/16 {

							point #198 ( 51412  0 )
							mesh index : 0

							surrogate cache hit: #198 --> #96

							point #96 sgte eval: h=0 f=0.040559291839599997953
						} 

						surrogate evaluation 7/16 {

							point #199 ( 511  0 )
							mesh index : 0

							surrogate cache hit: #199 --> #62

							point #62 sgte eval: h=0 f=0.041487455367999998002
						} 

						surrogate evaluation 8/16 {

							point #200 ( 512  0 )
							mesh index : 0

							surrogate cache hit: #200 --> #98

							point #98 sgte eval: h=0 f=0.039026737213100001767
						} 

						surrogate evaluation 9/16 {

							point #201 ( 51522  0 )
							mesh index : 0

							surrogate cache hit: #201 --> #99

							point #99 sgte eval: h=0 f=0.039569616317799996552
						} 

						surrogate evaluation 10/16 {

							point #202 ( 51532  0 )
							mesh index : 0

							surrogate cache hit: #202 --> #100

							point #100 sgte eval: h=0 f=0.060738563537600001596
						} 

						surrogate evaluation 11/16 {

							point #203 ( 5154232  0 )
							mesh index : 0

							surrogate cache hit: #203 --> #101

							point #101 sgte eval: h=0 f=0.061636209487900002479
						} 

						surrogate evaluation 12/16 {

							point #204 ( 5155232  0 )
							mesh index : 0

							surrogate cache hit: #204 --> #102

							point #102 sgte eval: h=0 f=0.061253070831300000798
						} 

						surrogate evaluation 13/16 {

							point #205 ( 51510  0 )
							mesh index : 0

							surrogate cache hit: #205 --> #103

							point #103 sgte eval: h=0 f=0.04486823081969999738
						} 

						surrogate evaluation 14/16 {

							point #206 ( 51513  0 )
							mesh index : 0

							surrogate cache hit: #206 --> #69

							point #69 sgte eval: h=0 f=0.066327095031700006311
						} 

						surrogate evaluation 15/16 {

							point #207 ( 5151403  0 )
							mesh index : 0

							surrogate cache hit: #207 --> #105

							point #105 sgte eval: h=0 f=0.059279203414899998836
						} 

						surrogate evaluation 16/16 {

							point #208 ( 5151503  0 )
							mesh index : 0

							surrogate cache hit: #208 --> #106

							point #106 sgte eval: h=0 f=0.061240911483800002102
						} 

					} end of evaluations


					sorted ext poll pts {

						point # 1/16 : (   512     0 )
						point # 2/16 : ( 51522     0 )
						point # 3/16 : ( 51412     0 )
						point # 4/16 : (   511     0 )
						point # 5/16 : ( 41512     0 )
						point # 6/16 : ( 51510     0 )
						point # 7/16 : ( 52512     0 )
						point # 8/16 : ( 5151403     0 )
						point # 9/16 : ( 51532     0 )
						point #10/16 : ( 5151503     0 )
						point #11/16 : ( 5155232     0 )
						point #12/16 : ( 5154232     0 )
						point #13/16 : ( 53512     0 )
						point #14/16 : ( 5523512     0 )
						point #15/16 : ( 51513     0 )
						point #16/16 : ( 5423512     0 )

					} 


				} end of ext poll pts sorting (on surrogates)


				extended poll point eval {

					extended poll point = (   512     0 )

					list of points evaluation (extended poll) {

						evaluation 1/1 {

							point #209 ( 512  0 )
							mesh index : 0

							cache hit: #209 --> #107
							extended poll unsuccessful point #107 [ h=0 f=0.041501679420500002526 ]
						} 

					} end of evaluations


				} 


				extended poll center: (   512     0 )

				perform extended poll descent ...... yes

				extended poll descent (on surrogates) {

					       iteration = 4
					 blackbox eval.  = 28
					      sgte eval. = 80
					      mesh index = 0
					ext. poll center = (   512     0 ) f=0.041501679420500002526 h=0


					MADS run {

						80+SGTE	OBJ	(ext-poll--surrogate)

						80+ 0	0.03902673721310000177	(ext-poll--surrogate)

					} end of run (max mesh index)

					blackbox evaluations    : 0
					best feasible solution  : ( 512 0 ) h=0 f=0.039026737213100001767

				} end of extended poll descent (unsuccessful)


				extended poll point eval {

					extended poll point = ( 51522     0 )

					list of points evaluation (extended poll) {

						evaluation 1/1 {

							point #210 ( 51522  0 )
							mesh index : 0

							cache hit: #210 --> #108
							extended poll unsuccessful point #108 [ h=0 f=0.041310005188000001319 ]
						} 

					} end of evaluations


				} 


				extended poll center: ( 51522     0 )

				perform extended poll descent ...... yes

				extended poll descent (on surrogates) {

					       iteration = 4
					 blackbox eval.  = 28
					      sgte eval. = 80
					      mesh index = 0
					ext. poll center = ( 51522     0 ) f=0.041310005188000001319 h=0


					MADS run {

						80+SGTE	OBJ	(ext-poll--surrogate)

						80+ 0	0.03956961631779999655	(ext-poll--surrogate)

					} end of run (max mesh index)

					blackbox evaluations    : 0
					best feasible solution  : ( 51522 0 ) h=0 f=0.039569616317799996552

				} end of extended poll descent (unsuccessful)


				extended poll point eval {

					extended poll point = ( 51412     0 )

					list of points evaluation (extended poll) {

						evaluation 1/1 {

							point #211 ( 51412  0 )
							mesh index : 0

							cache hit: #211 --> #109
							extended poll unsuccessful point #109 [ h=0 f=0.039953258037599997943 ]
						} 

					} end of evaluations


				} 


				extended poll center: ( 51412     0 )

				perform extended poll descent ...... yes

				extended poll descent (on surrogates) {

					       iteration = 4
					 blackbox eval.  = 28
					      sgte eval. = 80
					      mesh index = 0
					ext. poll center = ( 51412     0 ) f=0.039953258037599997943 h=0


					MADS run {

						80+SGTE	OBJ	(ext-poll--surrogate)

						80+ 0	0.04055929183959999795	(ext-poll--surrogate)

					} end of run (max mesh index)

					blackbox evaluations    : 0
					best feasible solution  : ( 51412 0 ) h=0 f=0.040559291839599997953

				} end of extended poll descent (unsuccessful)


				extended poll point eval {

					extended poll point = (   511     0 )

					list of points evaluation (extended poll) {

						evaluation 1/1 {

							point #212 ( 511  0 )
							mesh index : 0

							cache hit: #212 --> #110
							extended poll unsuccessful point #110 [ h=0 f=0.040920684337600002345 ]
						} 

					} end of evaluations


				} 


				extended poll center: (   511     0 )

				perform extended poll descent ...... yes

				extended poll descent (on surrogates) {

					       iteration = 4
					 blackbox eval.  = 28
					      sgte eval. = 80
					      mesh index = 0
					ext. poll center = (   511     0 ) f=0.040920684337600002345 h=0


					MADS run {

						80+SGTE	OBJ	(ext-poll--surrogate)

						80+ 0	0.04148745536799999800	(ext-poll--surrogate)

					} end of run (max mesh index)

					blackbox evaluations    : 0
					best feasible solution  : ( 511 0 ) h=0 f=0.041487455367999998002

				} end of extended poll descent (unsuccessful)


				extended poll point eval {

					extended poll point = ( 41512     0 )

					list of points evaluation (extended poll) {

						evaluation 1/1 {

							point #213 ( 41512  0 )
							mesh index : 0

							cache hit: #213 --> #111
							extended poll unsuccessful point #111 [ h=0 f=0.040989518165600001554 ]
						} 

					} end of evaluations


				} 


				extended poll center: ( 41512     0 )

				perform extended poll descent ...... yes

				extended poll descent (on surrogates) {

					       iteration = 4
					 blackbox eval.  = 28
					      sgte eval. = 80
					      mesh index = 0
					ext. poll center = ( 41512     0 ) f=0.040989518165600001554 h=0


					MADS run {

						80+SGTE	OBJ	(ext-poll--surrogate)

						80+ 0	0.04302644729610000107	(ext-poll--surrogate)

					} end of run (max mesh index)

					blackbox evaluations    : 0
					best feasible solution  : ( 41512 0 ) h=0 f=0.043026447296100001072

				} end of extended poll descent (unsuccessful)


				extended poll point eval {

					extended poll point = ( 51510     0 )

					list of points evaluation (extended poll) {

						evaluation 1/1 {

							point #214 ( 51510  0 )
							mesh index : 0

							cache hit: #214 --> #112
							extended poll unsuccessful point #112 [ h=0 f=0.04501619338989999719 ]
						} 

					} end of evaluations


				} 


				extended poll center: ( 51510     0 )

				perform extended poll descent ...... no

				extended poll point eval {

					extended poll point = ( 52512     0 )

					list of points evaluation (extended poll) {

						evaluation 1/1 {

							point #215 ( 52512  0 )
							mesh index : 0

							cache hit: #215 --> #113
							extended poll unsuccessful point #113 [ h=0 f=0.050060224533100002031 ]
						} 

					} end of evaluations


				} 


				extended poll center: ( 52512     0 )

				perform extended poll descent ...... no

				extended poll point eval {

					extended poll point = ( 5151403     0 )

					list of points evaluation (extended poll) {

						evaluation 1/1 {

							point #216 ( 5151403  0 )
							mesh index : 0

							cache hit: #216 --> #114
							extended poll unsuccessful point #114 [ h=0 f=0.05881500959400000339 ]
						} 

					} end of evaluations


				} 


				extended poll center: ( 5151403     0 )

				perform extended poll descent ...... no

				extended poll point eval {

					extended poll point = ( 51532     0 )

					list of points evaluation (extended poll) {

						evaluation 1/1 {

							point #217 ( 51532  0 )
							mesh index : 0

							cache hit: #217 --> #115
							extended poll unsuccessful point #115 [ h=0 f=0.061469213962600001422 ]
						} 

					} end of evaluations


				} 


				extended poll center: ( 51532     0 )

				perform extended poll descent ...... no

				extended poll point eval {

					extended poll point = ( 5151503     0 )

					list of points evaluation (extended poll) {

						evaluation 1/1 {

							point #218 ( 5151503  0 )
							mesh index : 0

							cache hit: #218 --> #116
							extended poll unsuccessful point #116 [ h=0 f=0.05876382350920000136 ]
						} 

					} end of evaluations


				} 


				extended poll center: ( 5151503     0 )

				perform extended poll descent ...... no

				extended poll point eval {

					extended poll point = ( 5155232     0 )

					list of points evaluation (extended poll) {

						evaluation 1/1 {

							point #219 ( 5155232  0 )
							mesh index : 0

							cache hit: #219 --> #117
							extended poll unsuccessful point #117 [ h=0 f=0.057279052734400003055 ]
						} 

					} end of evaluations


				} 


				extended poll center: ( 5155232     0 )

				perform extended poll descent ...... no

				extended poll point eval {

					extended poll point = ( 5154232     0 )

					list of points evaluation (extended poll) {

						evaluation 1/1 {

							point #220 ( 5154232  0 )
							mesh index : 0

							cache hit: #220 --> #118
							extended poll unsuccessful point #118 [ h=0 f=0.058672583103199997534 ]
						} 

					} end of evaluations


				} 


				extended poll center: ( 5154232     0 )

				perform extended poll descent ...... no

				extended poll point eval {

					extended poll point = ( 53512     0 )

					list of points evaluation (extended poll) {

						evaluation 1/1 {

							point #221 ( 53512  0 )
							mesh index : 0

							cache hit: #221 --> #119
							extended poll unsuccessful point #119 [ h=0 f=0.063815102577199994682 ]
						} 

					} end of evaluations


				} 


				extended poll center: ( 53512     0 )

				perform extended poll descent ...... no

				extended poll point eval {

					extended poll point = ( 5523512     0 )

					list of points evaluation (extended poll) {

						evaluation 1/1 {

							point #222 ( 5523512  0 )
							mesh index : 0

							cache hit: #222 --> #120
							extended poll unsuccessful point #120 [ h=0 f=0.06637830972670000218 ]
						} 

					} end of evaluations


				} 


				extended poll center: ( 5523512     0 )

				perform extended poll descent ...... no

				extended poll point eval {

					extended poll point = ( 51513     0 )

					list of points evaluation (extended poll) {

						evaluation 1/1 {

							point #223 ( 51513  0 )
							mesh index : 0

							cache hit: #223 --> #121
							extended poll unsuccessful point #121 [ h=0 f=0.061352310180699996811 ]
						} 

					} end of evaluations


				} 


				extended poll center: ( 51513     0 )

				perform extended poll descent ...... no

				extended poll point eval {

					extended poll point = ( 5423512     0 )

					list of points evaluation (extended poll) {

						evaluation 1/1 {

							point #224 ( 5423512  0 )
							mesh index : 0

							cache hit: #224 --> #122
							extended poll unsuccessful point #122 [ h=0 f=0.063183288574199997223 ]
						} 

					} end of evaluations


				} 


				extended poll center: ( 5423512     0 )

				perform extended poll descent ...... no

			} end of extended poll

		} end of poll

		Mesh update {
			previous mesh index: 0
			new mesh index     : 1
		} 


		terminate MADS       : no
		iteration status     : unsuccessful
		new feas. incumbent  : none
		new infeas. incumbent: none

	} end of iteration 4

	MADS iteration 5 {

		blackbox evaluations : 28
		best feas. solution  : ( 51512  0 ) h=0 f=0.038544511795100003249
		best infeas. solution: none
		poll center          : ( 51512  0 )
		mesh size            : ( 0.25 0.25 )
		poll size            : ( 0.5 0.5 )
		mesh index           : 1
		h_max                : inf

		MADS search {
		} end of search

		MADS poll {

			poll center: ( 51512  0 )

			poll directions (include mesh size parameter) {
				dir 0 : (  0 -1 ) Ortho-MADS 2n
				dir 1 : (  0  1 ) Ortho-MADS 2n
			} 

			re-ordered list of 2 poll trial points {
				#240 : ( 51512 -1 ) (dir 0)
				#241 : ( 51512  1 ) (dir 1)
			} 

			list of points evaluation (poll) {

				surrogate evaluation 1/2 {

					point #240 ( 51512 -1 )
					direction  : (  0 -1 ) Ortho-MADS 2n
					mesh index : 1

					surrogate cache hit: #240 --> #138

					point #138 sgte eval: failed
				} 

				surrogate evaluation 2/2 {

					point #241 ( 51512  1 )
					direction  : (  0  1 ) Ortho-MADS 2n
					mesh index : 1

					surrogate cache hit: #241 --> #139

					point #139 sgte eval: failed
				} 

			} end of evaluations

			re-ordered list of 2 poll trial points {

				#242: ( 51512 -1 ) (dir 0)
				#243: ( 51512  1 ) (dir 1)
			} 

			list of points evaluation (poll) {

				evaluation 1/2 {

					point #242 ( 51512 -1 )
					direction  : (  0 -1 ) Ortho-MADS 2n
					mesh index : -1

					cache hit: #242 --> #140
					poll unsuccessful point #140: evaluation failed
				} 

				evaluation 2/2 {

					point #243 ( 51512  1 )
					direction  : (  0  1 ) Ortho-MADS 2n
					mesh index : -1

					cache hit: #243 --> #141
					poll unsuccessful point #141: evaluation failed
				} 

			} end of evaluations


			MADS extended poll {


				extended poll pts sorting (on surrogates) {


					list of points evaluation (extended poll) {

						surrogate evaluation 1/16 {

							point #244 ( 41512  0 )
							mesh index : 1

							surrogate cache hit: #244 --> #91

							point #91 sgte eval: h=0 f=0.043026447296100001072
						} 

						surrogate evaluation 2/16 {

							point #245 ( 52512  0 )
							mesh index : 1

							surrogate cache hit: #245 --> #92

							point #92 sgte eval: h=0 f=0.048355817794799998977
						} 

						surrogate evaluation 3/16 {

							point #246 ( 53512  0 )
							mesh index : 1

							surrogate cache hit: #246 --> #93

							point #93 sgte eval: h=0 f=0.063571929931600004715
						} 

						surrogate evaluation 4/16 {

							point #247 ( 5423512  0 )
							mesh index : 1

							surrogate cache hit: #247 --> #94

							point #94 sgte eval: h=0 f=0.06693506240839999788
						} 

						surrogate evaluation 5/16 {

							point #248 ( 5523512  0 )
							mesh index : 1

							surrogate cache hit: #248 --> #95

							point #95 sgte eval: h=0 f=0.064685344696100002815
						} 

						surrogate evaluation 6/16 {

							point #249 ( 51412  0 )
							mesh index : 1

							surrogate cache hit: #249 --> #96

							point #96 sgte eval: h=0 f=0.040559291839599997953
						} 

						surrogate evaluation 7/16 {

							point #250 ( 511  0 )
							mesh index : 1

							surrogate cache hit: #250 --> #62

							point #62 sgte eval: h=0 f=0.041487455367999998002
						} 

						surrogate evaluation 8/16 {

							point #251 ( 512  0 )
							mesh index : 1

							surrogate cache hit: #251 --> #98

							point #98 sgte eval: h=0 f=0.039026737213100001767
						} 

						surrogate evaluation 9/16 {

							point #252 ( 51522  0 )
							mesh index : 1

							surrogate cache hit: #252 --> #99

							point #99 sgte eval: h=0 f=0.039569616317799996552
						} 

						surrogate evaluation 10/16 {

							point #253 ( 51532  0 )
							mesh index : 1

							surrogate cache hit: #253 --> #100

							point #100 sgte eval: h=0 f=0.060738563537600001596
						} 

						surrogate evaluation 11/16 {

							point #254 ( 5154232  0 )
							mesh index : 1

							surrogate cache hit: #254 --> #101

							point #101 sgte eval: h=0 f=0.061636209487900002479
						} 

						surrogate evaluation 12/16 {

							point #255 ( 5155232  0 )
							mesh index : 1

							surrogate cache hit: #255 --> #102

							point #102 sgte eval: h=0 f=0.061253070831300000798
						} 

						surrogate evaluation 13/16 {

							point #256 ( 51510  0 )
							mesh index : 1

							surrogate cache hit: #256 --> #103

							point #103 sgte eval: h=0 f=0.04486823081969999738
						} 

						surrogate evaluation 14/16 {

							point #257 ( 51513  0 )
							mesh index : 1

							surrogate cache hit: #257 --> #69

							point #69 sgte eval: h=0 f=0.066327095031700006311
						} 

						surrogate evaluation 15/16 {

							point #258 ( 5151403  0 )
							mesh index : 1

							surrogate cache hit: #258 --> #105

							point #105 sgte eval: h=0 f=0.059279203414899998836
						} 

						surrogate evaluation 16/16 {

							point #259 ( 5151503  0 )
							mesh index : 1

							surrogate cache hit: #259 --> #106

							point #106 sgte eval: h=0 f=0.061240911483800002102
						} 

					} end of evaluations


					sorted ext poll pts {

						point # 1/16 : (   512     0 )
						point # 2/16 : ( 51522     0 )
						point # 3/16 : ( 51412     0 )
						point # 4/16 : (   511     0 )
						point # 5/16 : ( 41512     0 )
						point # 6/16 : ( 51510     0 )
						point # 7/16 : ( 52512     0 )
						point # 8/16 : ( 5151403     0 )
						point # 9/16 : ( 51532     0 )
						point #10/16 : ( 5151503     0 )
						point #11/16 : ( 5155232     0 )
						point #12/16 : ( 5154232     0 )
						point #13/16 : ( 53512     0 )
						point #14/16 : ( 5523512     0 )
						point #15/16 : ( 51513     0 )
						point #16/16 : ( 5423512     0 )

					} 


				} end of ext poll pts sorting (on surrogates)


				extended poll point eval {

					extended poll point = (   512     0 )

					list of points evaluation (extended poll) {

						evaluation 1/1 {

							point #260 ( 512  0 )
							mesh index : 1

							cache hit: #260 --> #107
							extended poll unsuccessful point #107 [ h=0 f=0.041501679420500002526 ]
						} 

					} end of evaluations


				} 


				extended poll center: (   512     0 )

				perform extended poll descent ...... yes

				extended poll descent (on surrogates) {

					       iteration = 5
					 blackbox eval.  = 28
					      sgte eval. = 80
					      mesh index = 1
					ext. poll center = (   512     0 ) f=0.041501679420500002526 h=0


					MADS run {

						80+SGTE	OBJ	(ext-poll--surrogate)

						80+ 0	0.03902673721310000177	(ext-poll--surrogate)

					} end of run (max mesh index)

					blackbox evaluations    : 0
					best feasible solution  : ( 512 0 ) h=0 f=0.039026737213100001767

				} end of extended poll descent (unsuccessful)


				extended poll point eval {

					extended poll point = ( 51522     0 )

					list of points evaluation (extended poll) {

						evaluation 1/1 {

							point #261 ( 51522  0 )
							mesh index : 1

							cache hit: #261 --> #108
							extended poll unsuccessful point #108 [ h=0 f=0.041310005188000001319 ]
						} 

					} end of evaluations


				} 


				extended poll center: ( 51522     0 )

				perform extended poll descent ...... yes

				extended poll descent (on surrogates) {

					       iteration = 5
					 blackbox eval.  = 28
					      sgte eval. = 80
					      mesh index = 1
					ext. poll center = ( 51522     0 ) f=0.041310005188000001319 h=0


					MADS run {

						80+SGTE	OBJ	(ext-poll--surrogate)

						80+ 0	0.03956961631779999655	(ext-poll--surrogate)

					} end of run (max mesh index)

					blackbox evaluations    : 0
					best feasible solution  : ( 51522 0 ) h=0 f=0.039569616317799996552

				} end of extended poll descent (unsuccessful)


				extended poll point eval {

					extended poll point = ( 51412     0 )

					list of points evaluation (extended poll) {

						evaluation 1/1 {

							point #262 ( 51412  0 )
							mesh index : 1

							cache hit: #262 --> #109
							extended poll unsuccessful point #109 [ h=0 f=0.039953258037599997943 ]
						} 

					} end of evaluations


				} 


				extended poll center: ( 51412     0 )

				perform extended poll descent ...... yes

				extended poll descent (on surrogates) {

					       iteration = 5
					 blackbox eval.  = 28
					      sgte eval. = 80
					      mesh index = 1
					ext. poll center = ( 51412     0 ) f=0.039953258037599997943 h=0


					MADS run {

						80+SGTE	OBJ	(ext-poll--surrogate)

						80+ 0	0.04055929183959999795	(ext-poll--surrogate)

					} end of run (max mesh index)

					blackbox evaluations    : 0
					best feasible solution  : ( 51412 0 ) h=0 f=0.040559291839599997953

				} end of extended poll descent (unsuccessful)


				extended poll point eval {

					extended poll point = (   511     0 )

					list of points evaluation (extended poll) {

						evaluation 1/1 {

							point #263 ( 511  0 )
							mesh index : 1

							cache hit: #263 --> #110
							extended poll unsuccessful point #110 [ h=0 f=0.040920684337600002345 ]
						} 

					} end of evaluations


				} 


				extended poll center: (   511     0 )

				perform extended poll descent ...... yes

				extended poll descent (on surrogates) {

					       iteration = 5
					 blackbox eval.  = 28
					      sgte eval. = 80
					      mesh index = 1
					ext. poll center = (   511     0 ) f=0.040920684337600002345 h=0


					MADS run {

						80+SGTE	OBJ	(ext-poll--surrogate)

						80+ 0	0.04148745536799999800	(ext-poll--surrogate)

					} end of run (max mesh index)

					blackbox evaluations    : 0
					best feasible solution  : ( 511 0 ) h=0 f=0.041487455367999998002

				} end of extended poll descent (unsuccessful)


				extended poll point eval {

					extended poll point = ( 41512     0 )

					list of points evaluation (extended poll) {

						evaluation 1/1 {

							point #264 ( 41512  0 )
							mesh index : 1

							cache hit: #264 --> #111
							extended poll unsuccessful point #111 [ h=0 f=0.040989518165600001554 ]
						} 

					} end of evaluations


				} 


				extended poll center: ( 41512     0 )

				perform extended poll descent ...... yes

				extended poll descent (on surrogates) {

					       iteration = 5
					 blackbox eval.  = 28
					      sgte eval. = 80
					      mesh index = 1
					ext. poll center = ( 41512     0 ) f=0.040989518165600001554 h=0


					MADS run {

						80+SGTE	OBJ	(ext-poll--surrogate)

						80+ 0	0.04302644729610000107	(ext-poll--surrogate)

					} end of run (max mesh index)

					blackbox evaluations    : 0
					best feasible solution  : ( 41512 0 ) h=0 f=0.043026447296100001072

				} end of extended poll descent (unsuccessful)


				extended poll point eval {

					extended poll point = ( 51510     0 )

					list of points evaluation (extended poll) {

						evaluation 1/1 {

							point #265 ( 51510  0 )
							mesh index : 1

							cache hit: #265 --> #112
							extended poll unsuccessful point #112 [ h=0 f=0.04501619338989999719 ]
						} 

					} end of evaluations


				} 


				extended poll center: ( 51510     0 )

				perform extended poll descent ...... no

				extended poll point eval {

					extended poll point = ( 52512     0 )

					list of points evaluation (extended poll) {

						evaluation 1/1 {

							point #266 ( 52512  0 )
							mesh index : 1

							cache hit: #266 --> #113
							extended poll unsuccessful point #113 [ h=0 f=0.050060224533100002031 ]
						} 

					} end of evaluations


				} 


				extended poll center: ( 52512     0 )

				perform extended poll descent ...... no

				extended poll point eval {

					extended poll point = ( 5151403     0 )

					list of points evaluation (extended poll) {

						evaluation 1/1 {

							point #267 ( 5151403  0 )
							mesh index : 1

							cache hit: #267 --> #114
							extended poll unsuccessful point #114 [ h=0 f=0.05881500959400000339 ]
						} 

					} end of evaluations


				} 


				extended poll center: ( 5151403     0 )

				perform extended poll descent ...... no

				extended poll point eval {

					extended poll point = ( 51532     0 )

					list of points evaluation (extended poll) {

						evaluation 1/1 {

							point #268 ( 51532  0 )
							mesh index : 1

							cache hit: #268 --> #115
							extended poll unsuccessful point #115 [ h=0 f=0.061469213962600001422 ]
						} 

					} end of evaluations


				} 


				extended poll center: ( 51532     0 )

				perform extended poll descent ...... no

				extended poll point eval {

					extended poll point = ( 5151503     0 )

					list of points evaluation (extended poll) {

						evaluation 1/1 {

							point #269 ( 5151503  0 )
							mesh index : 1

							cache hit: #269 --> #116
							extended poll unsuccessful point #116 [ h=0 f=0.05876382350920000136 ]
						} 

					} end of evaluations


				} 


				extended poll center: ( 5151503     0 )

				perform extended poll descent ...... no

				extended poll point eval {

					extended poll point = ( 5155232     0 )

					list of points evaluation (extended poll) {

						evaluation 1/1 {

							point #270 ( 5155232  0 )
							mesh index : 1

							cache hit: #270 --> #117
							extended poll unsuccessful point #117 [ h=0 f=0.057279052734400003055 ]
						} 

					} end of evaluations


				} 


				extended poll center: ( 5155232     0 )

				perform extended poll descent ...... no

				extended poll point eval {

					extended poll point = ( 5154232     0 )

					list of points evaluation (extended poll) {

						evaluation 1/1 {

							point #271 ( 5154232  0 )
							mesh index : 1

							cache hit: #271 --> #118
							extended poll unsuccessful point #118 [ h=0 f=0.058672583103199997534 ]
						} 

					} end of evaluations


				} 


				extended poll center: ( 5154232     0 )

				perform extended poll descent ...... no

				extended poll point eval {

					extended poll point = ( 53512     0 )

					list of points evaluation (extended poll) {

						evaluation 1/1 {

							point #272 ( 53512  0 )
							mesh index : 1

							cache hit: #272 --> #119
							extended poll unsuccessful point #119 [ h=0 f=0.063815102577199994682 ]
						} 

					} end of evaluations


				} 


				extended poll center: ( 53512     0 )

				perform extended poll descent ...... no

				extended poll point eval {

					extended poll point = ( 5523512     0 )

					list of points evaluation (extended poll) {

						evaluation 1/1 {

							point #273 ( 5523512  0 )
							mesh index : 1

							cache hit: #273 --> #120
							extended poll unsuccessful point #120 [ h=0 f=0.06637830972670000218 ]
						} 

					} end of evaluations


				} 


				extended poll center: ( 5523512     0 )

				perform extended poll descent ...... no

				extended poll point eval {

					extended poll point = ( 51513     0 )

					list of points evaluation (extended poll) {

						evaluation 1/1 {

							point #274 ( 51513  0 )
							mesh index : 1

							cache hit: #274 --> #121
							extended poll unsuccessful point #121 [ h=0 f=0.061352310180699996811 ]
						} 

					} end of evaluations


				} 


				extended poll center: ( 51513     0 )

				perform extended poll descent ...... no

				extended poll point eval {

					extended poll point = ( 5423512     0 )

					list of points evaluation (extended poll) {

						evaluation 1/1 {

							point #275 ( 5423512  0 )
							mesh index : 1

							cache hit: #275 --> #122
							extended poll unsuccessful point #122 [ h=0 f=0.063183288574199997223 ]
						} 

					} end of evaluations


				} 


				extended poll center: ( 5423512     0 )

				perform extended poll descent ...... no

			} end of extended poll

		} end of poll

		Mesh update {
			previous mesh index: 1
			new mesh index     : 2
		} 


		terminate MADS       : no
		iteration status     : unsuccessful
		new feas. incumbent  : none
		new infeas. incumbent: none

	} end of iteration 5

	MADS iteration 6 {

		blackbox evaluations : 28
		best feas. solution  : ( 51512  0 ) h=0 f=0.038544511795100003249
		best infeas. solution: none
		poll center          : ( 51512  0 )
		mesh size            : ( 0.0625 0.0625 )
		poll size            : ( 0.25 0.25 )
		mesh index           : 2
		h_max                : inf

		MADS search {
		} end of search

		MADS poll {

			poll center: ( 51512  0 )

			poll directions (include mesh size parameter) {
				dir 0 : (  0 -1 ) Ortho-MADS 2n
				dir 1 : (  0  1 ) Ortho-MADS 2n
			} 

			re-ordered list of 2 poll trial points {
				#291 : ( 51512 -1 ) (dir 0)
				#292 : ( 51512  1 ) (dir 1)
			} 

			list of points evaluation (poll) {

				surrogate evaluation 1/2 {

					point #291 ( 51512 -1 )
					direction  : (  0 -1 ) Ortho-MADS 2n
					mesh index : 2

					surrogate cache hit: #291 --> #138

					point #138 sgte eval: failed
				} 

				surrogate evaluation 2/2 {

					point #292 ( 51512  1 )
					direction  : (  0  1 ) Ortho-MADS 2n
					mesh index : 2

					surrogate cache hit: #292 --> #139

					point #139 sgte eval: failed
				} 

			} end of evaluations

			re-ordered list of 2 poll trial points {

				#293: ( 51512 -1 ) (dir 0)
				#294: ( 51512  1 ) (dir 1)
			} 

			list of points evaluation (poll) {

				evaluation 1/2 {

					point #293 ( 51512 -1 )
					direction  : (  0 -1 ) Ortho-MADS 2n
					mesh index : -1

					cache hit: #293 --> #140
					poll unsuccessful point #140: evaluation failed
				} 

				evaluation 2/2 {

					point #294 ( 51512  1 )
					direction  : (  0  1 ) Ortho-MADS 2n
					mesh index : -1

					cache hit: #294 --> #141
					poll unsuccessful point #141: evaluation failed
				} 

			} end of evaluations


			MADS extended poll {


				extended poll pts sorting (on surrogates) {


					list of points evaluation (extended poll) {

						surrogate evaluation 1/16 {

							point #295 ( 41512  0 )
							mesh index : 2

							surrogate cache hit: #295 --> #91

							point #91 sgte eval: h=0 f=0.043026447296100001072
						} 

						surrogate evaluation 2/16 {

							point #296 ( 52512  0 )
							mesh index : 2

							surrogate cache hit: #296 --> #92

							point #92 sgte eval: h=0 f=0.048355817794799998977
						} 

						surrogate evaluation 3/16 {

							point #297 ( 53512  0 )
							mesh index : 2

							surrogate cache hit: #297 --> #93

							point #93 sgte eval: h=0 f=0.063571929931600004715
						} 

						surrogate evaluation 4/16 {

							point #298 ( 5423512  0 )
							mesh index : 2

							surrogate cache hit: #298 --> #94

							point #94 sgte eval: h=0 f=0.06693506240839999788
						} 

						surrogate evaluation 5/16 {

							point #299 ( 5523512  0 )
							mesh index : 2

							surrogate cache hit: #299 --> #95

							point #95 sgte eval: h=0 f=0.064685344696100002815
						} 

						surrogate evaluation 6/16 {

							point #300 ( 51412  0 )
							mesh index : 2

							surrogate cache hit: #300 --> #96

							point #96 sgte eval: h=0 f=0.040559291839599997953
						} 

						surrogate evaluation 7/16 {

							point #301 ( 511  0 )
							mesh index : 2

							surrogate cache hit: #301 --> #62

							point #62 sgte eval: h=0 f=0.041487455367999998002
						} 

						surrogate evaluation 8/16 {

							point #302 ( 512  0 )
							mesh index : 2

							surrogate cache hit: #302 --> #98

							point #98 sgte eval: h=0 f=0.039026737213100001767
						} 

						surrogate evaluation 9/16 {

							point #303 ( 51522  0 )
							mesh index : 2

							surrogate cache hit: #303 --> #99

							point #99 sgte eval: h=0 f=0.039569616317799996552
						} 

						surrogate evaluation 10/16 {

							point #304 ( 51532  0 )
							mesh index : 2

							surrogate cache hit: #304 --> #100

							point #100 sgte eval: h=0 f=0.060738563537600001596
						} 

						surrogate evaluation 11/16 {

							point #305 ( 5154232  0 )
							mesh index : 2

							surrogate cache hit: #305 --> #101

							point #101 sgte eval: h=0 f=0.061636209487900002479
						} 

						surrogate evaluation 12/16 {

							point #306 ( 5155232  0 )
							mesh index : 2

							surrogate cache hit: #306 --> #102

							point #102 sgte eval: h=0 f=0.061253070831300000798
						} 

						surrogate evaluation 13/16 {

							point #307 ( 51510  0 )
							mesh index : 2

							surrogate cache hit: #307 --> #103

							point #103 sgte eval: h=0 f=0.04486823081969999738
						} 

						surrogate evaluation 14/16 {

							point #308 ( 51513  0 )
							mesh index : 2

							surrogate cache hit: #308 --> #69

							point #69 sgte eval: h=0 f=0.066327095031700006311
						} 

						surrogate evaluation 15/16 {

							point #309 ( 5151403  0 )
							mesh index : 2

							surrogate cache hit: #309 --> #105

							point #105 sgte eval: h=0 f=0.059279203414899998836
						} 

						surrogate evaluation 16/16 {

							point #310 ( 5151503  0 )
							mesh index : 2

							surrogate cache hit: #310 --> #106

							point #106 sgte eval: h=0 f=0.061240911483800002102
						} 

					} end of evaluations


					sorted ext poll pts {

						point # 1/16 : (   512     0 )
						point # 2/16 : ( 51522     0 )
						point # 3/16 : ( 51412     0 )
						point # 4/16 : (   511     0 )
						point # 5/16 : ( 41512     0 )
						point # 6/16 : ( 51510     0 )
						point # 7/16 : ( 52512     0 )
						point # 8/16 : ( 5151403     0 )
						point # 9/16 : ( 51532     0 )
						point #10/16 : ( 5151503     0 )
						point #11/16 : ( 5155232     0 )
						point #12/16 : ( 5154232     0 )
						point #13/16 : ( 53512     0 )
						point #14/16 : ( 5523512     0 )
						point #15/16 : ( 51513     0 )
						point #16/16 : ( 5423512     0 )

					} 


				} end of ext poll pts sorting (on surrogates)


				extended poll point eval {

					extended poll point = (   512     0 )

					list of points evaluation (extended poll) {

						evaluation 1/1 {

							point #311 ( 512  0 )
							mesh index : 2

							cache hit: #311 --> #107
							extended poll unsuccessful point #107 [ h=0 f=0.041501679420500002526 ]
						} 

					} end of evaluations


				} 


				extended poll center: (   512     0 )

				perform extended poll descent ...... yes

				extended poll descent (on surrogates) {

					       iteration = 6
					 blackbox eval.  = 28
					      sgte eval. = 80
					      mesh index = 2
					ext. poll center = (   512     0 ) f=0.041501679420500002526 h=0


					MADS run {

						80+SGTE	OBJ	(ext-poll--surrogate)

						80+ 0	0.03902673721310000177	(ext-poll--surrogate)

					} end of run (max mesh index)

					blackbox evaluations    : 0
					best feasible solution  : ( 512 0 ) h=0 f=0.039026737213100001767

				} end of extended poll descent (unsuccessful)


				extended poll point eval {

					extended poll point = ( 51522     0 )

					list of points evaluation (extended poll) {

						evaluation 1/1 {

							point #312 ( 51522  0 )
							mesh index : 2

							cache hit: #312 --> #108
							extended poll unsuccessful point #108 [ h=0 f=0.041310005188000001319 ]
						} 

					} end of evaluations


				} 


				extended poll center: ( 51522     0 )

				perform extended poll descent ...... yes

				extended poll descent (on surrogates) {

					       iteration = 6
					 blackbox eval.  = 28
					      sgte eval. = 80
					      mesh index = 2
					ext. poll center = ( 51522     0 ) f=0.041310005188000001319 h=0


					MADS run {

						80+SGTE	OBJ	(ext-poll--surrogate)

						80+ 0	0.03956961631779999655	(ext-poll--surrogate)

					} end of run (max mesh index)

					blackbox evaluations    : 0
					best feasible solution  : ( 51522 0 ) h=0 f=0.039569616317799996552

				} end of extended poll descent (unsuccessful)


				extended poll point eval {

					extended poll point = ( 51412     0 )

					list of points evaluation (extended poll) {

						evaluation 1/1 {

							point #313 ( 51412  0 )
							mesh index : 2

							cache hit: #313 --> #109
							extended poll unsuccessful point #109 [ h=0 f=0.039953258037599997943 ]
						} 

					} end of evaluations


				} 


				extended poll center: ( 51412     0 )

				perform extended poll descent ...... yes

				extended poll descent (on surrogates) {

					       iteration = 6
					 blackbox eval.  = 28
					      sgte eval. = 80
					      mesh index = 2
					ext. poll center = ( 51412     0 ) f=0.039953258037599997943 h=0


					MADS run {

						80+SGTE	OBJ	(ext-poll--surrogate)

						80+ 0	0.04055929183959999795	(ext-poll--surrogate)

					} end of run (max mesh index)

					blackbox evaluations    : 0
					best feasible solution  : ( 51412 0 ) h=0 f=0.040559291839599997953

				} end of extended poll descent (unsuccessful)


				extended poll point eval {

					extended poll point = (   511     0 )

					list of points evaluation (extended poll) {

						evaluation 1/1 {

							point #314 ( 511  0 )
							mesh index : 2

							cache hit: #314 --> #110
							extended poll unsuccessful point #110 [ h=0 f=0.040920684337600002345 ]
						} 

					} end of evaluations


				} 


				extended poll center: (   511     0 )

				perform extended poll descent ...... yes

				extended poll descent (on surrogates) {

					       iteration = 6
					 blackbox eval.  = 28
					      sgte eval. = 80
					      mesh index = 2
					ext. poll center = (   511     0 ) f=0.040920684337600002345 h=0


					MADS run {

						80+SGTE	OBJ	(ext-poll--surrogate)

						80+ 0	0.04148745536799999800	(ext-poll--surrogate)

					} end of run (max mesh index)

					blackbox evaluations    : 0
					best feasible solution  : ( 511 0 ) h=0 f=0.041487455367999998002

				} end of extended poll descent (unsuccessful)


				extended poll point eval {

					extended poll point = ( 41512     0 )

					list of points evaluation (extended poll) {

						evaluation 1/1 {

							point #315 ( 41512  0 )
							mesh index : 2

							cache hit: #315 --> #111
							extended poll unsuccessful point #111 [ h=0 f=0.040989518165600001554 ]
						} 

					} end of evaluations


				} 


				extended poll center: ( 41512     0 )

				perform extended poll descent ...... yes

				extended poll descent (on surrogates) {

					       iteration = 6
					 blackbox eval.  = 28
					      sgte eval. = 80
					      mesh index = 2
					ext. poll center = ( 41512     0 ) f=0.040989518165600001554 h=0


					MADS run {

						80+SGTE	OBJ	(ext-poll--surrogate)

						80+ 0	0.04302644729610000107	(ext-poll--surrogate)

					} end of run (max mesh index)

					blackbox evaluations    : 0
					best feasible solution  : ( 41512 0 ) h=0 f=0.043026447296100001072

				} end of extended poll descent (unsuccessful)


				extended poll point eval {

					extended poll point = ( 51510     0 )

					list of points evaluation (extended poll) {

						evaluation 1/1 {

							point #316 ( 51510  0 )
							mesh index : 2

							cache hit: #316 --> #112
							extended poll unsuccessful point #112 [ h=0 f=0.04501619338989999719 ]
						} 

					} end of evaluations


				} 


				extended poll center: ( 51510     0 )

				perform extended poll descent ...... no

				extended poll point eval {

					extended poll point = ( 52512     0 )

					list of points evaluation (extended poll) {

						evaluation 1/1 {

							point #317 ( 52512  0 )
							mesh index : 2

							cache hit: #317 --> #113
							extended poll unsuccessful point #113 [ h=0 f=0.050060224533100002031 ]
						} 

					} end of evaluations


				} 


				extended poll center: ( 52512     0 )

				perform extended poll descent ...... no

				extended poll point eval {

					extended poll point = ( 5151403     0 )

					list of points evaluation (extended poll) {

						evaluation 1/1 {

							point #318 ( 5151403  0 )
							mesh index : 2

							cache hit: #318 --> #114
							extended poll unsuccessful point #114 [ h=0 f=0.05881500959400000339 ]
						} 

					} end of evaluations


				} 


				extended poll center: ( 5151403     0 )

				perform extended poll descent ...... no

				extended poll point eval {

					extended poll point = ( 51532     0 )

					list of points evaluation (extended poll) {

						evaluation 1/1 {

							point #319 ( 51532  0 )
							mesh index : 2

							cache hit: #319 --> #115
							extended poll unsuccessful point #115 [ h=0 f=0.061469213962600001422 ]
						} 

					} end of evaluations


				} 


				extended poll center: ( 51532     0 )

				perform extended poll descent ...... no

				extended poll point eval {

					extended poll point = ( 5151503     0 )

					list of points evaluation (extended poll) {

						evaluation 1/1 {

							point #320 ( 5151503  0 )
							mesh index : 2

							cache hit: #320 --> #116
							extended poll unsuccessful point #116 [ h=0 f=0.05876382350920000136 ]
						} 

					} end of evaluations


				} 


				extended poll center: ( 5151503     0 )

				perform extended poll descent ...... no

				extended poll point eval {

					extended poll point = ( 5155232     0 )

					list of points evaluation (extended poll) {

						evaluation 1/1 {

							point #321 ( 5155232  0 )
							mesh index : 2

							cache hit: #321 --> #117
							extended poll unsuccessful point #117 [ h=0 f=0.057279052734400003055 ]
						} 

					} end of evaluations


				} 


				extended poll center: ( 5155232     0 )

				perform extended poll descent ...... no

				extended poll point eval {

					extended poll point = ( 5154232     0 )

					list of points evaluation (extended poll) {

						evaluation 1/1 {

							point #322 ( 5154232  0 )
							mesh index : 2

							cache hit: #322 --> #118
							extended poll unsuccessful point #118 [ h=0 f=0.058672583103199997534 ]
						} 

					} end of evaluations


				} 


				extended poll center: ( 5154232     0 )

				perform extended poll descent ...... no

				extended poll point eval {

					extended poll point = ( 53512     0 )

					list of points evaluation (extended poll) {

						evaluation 1/1 {

							point #323 ( 53512  0 )
							mesh index : 2

							cache hit: #323 --> #119
							extended poll unsuccessful point #119 [ h=0 f=0.063815102577199994682 ]
						} 

					} end of evaluations


				} 


				extended poll center: ( 53512     0 )

				perform extended poll descent ...... no

				extended poll point eval {

					extended poll point = ( 5523512     0 )

					list of points evaluation (extended poll) {

						evaluation 1/1 {

							point #324 ( 5523512  0 )
							mesh index : 2

							cache hit: #324 --> #120
							extended poll unsuccessful point #120 [ h=0 f=0.06637830972670000218 ]
						} 

					} end of evaluations


				} 


				extended poll center: ( 5523512     0 )

				perform extended poll descent ...... no

				extended poll point eval {

					extended poll point = ( 51513     0 )

					list of points evaluation (extended poll) {

						evaluation 1/1 {

							point #325 ( 51513  0 )
							mesh index : 2

							cache hit: #325 --> #121
							extended poll unsuccessful point #121 [ h=0 f=0.061352310180699996811 ]
						} 

					} end of evaluations


				} 


				extended poll center: ( 51513     0 )

				perform extended poll descent ...... no

				extended poll point eval {

					extended poll point = ( 5423512     0 )

					list of points evaluation (extended poll) {

						evaluation 1/1 {

							point #326 ( 5423512  0 )
							mesh index : 2

							cache hit: #326 --> #122
							extended poll unsuccessful point #122 [ h=0 f=0.063183288574199997223 ]
						} 

					} end of evaluations


				} 


				extended poll center: ( 5423512     0 )

				perform extended poll descent ...... no

			} end of extended poll

		} end of poll

		Mesh update {
			previous mesh index: 2
			new mesh index     : 3
		} 


		terminate MADS       : yes
		termination cause    : max mesh index
		iteration status     : unsuccessful
		new feas. incumbent  : none
		new infeas. incumbent: none

	} end of iteration 6

} end of run (max mesh index)

NOMAD final display {

	cache {
		number of cache points: 28
		size in memory        : 3.5 KB
		cache file            : -
	} 

	stats {
		MADS iterations                 : 7
		blackbox evaluations            : 28
		simulated blackbox evaluations  : 0
		evaluations                     : 98
		surrogate evaluations           : 80
		failed evaluations              : 38
		interrupted sequences of eval.  : 0
		cache hits                      : 201
		number of poll searches         : 7
		poll successes                  : 2
		poll points                     : 14
		number of extended polls        : 7
		number of ext. poll descents    : 26
		number of ext. poll successes   : 2
		number of ext. poll points      : 202
		number of ext. poll bb eval     : 19
		number of speculative searches  : 2
		speculative search successes    : 0
		speculative search points       : 0
		number of user searches         : 0
		number of LH searches           : 0
		number of cache searches        : 0
		number of VNS searches          : 0
		no model has been constructed
		wall-clock time                 : 35m 12s
	} 

	miscellaneous {
		mesh index      : min=-2, max=3, last=2
		best feas. sol  : ( 51512 0 ) h=0 f=0.038544511795100003249
		best infeas. sol: none
	} 
} 
