
NOMAD - version 3.5.1 - www.gerad.ca/nomad

Copyright (C) 2001-2012 {
	Mark A. Abramson     - The Boeing Company
	Charles Audet        - Ecole Polytechnique de Montreal
	Gilles Couture       - Ecole Polytechnique de Montreal
	John E. Dennis, Jr.  - Rice University
	Sebastien Le Digabel - Ecole Polytechnique de Montreal
	Christophe Tribes    - Ecole Polytechnique de Montreal
} 

Funded in part by AFOSR and Exxon Mobil.

License   : '$NOMAD_HOME/src/lgpl.txt'
User guide: '$NOMAD_HOME/doc/user_guide.pdf'
Examples  : '$NOMAD_HOME/examples'
Tools     : '$NOMAD_HOME/tools'

Please report bugs to nomad@gerad.ca

parameters {

	problem directory    : ./
	dimension            : n=2
	blackbox input types : (   cat(C)   int(I) )
	extended poll trigger: 5 (relative)
	neighbors executable : $python neighbors.py
	variable groups {
		group #0 {
			indexes: { 0 }
			no directions (categorical variables)
		} 
		group #1 {
			indexes: { 1 }
			directions {
				n             : 1
				types         : { [Ortho-MADS 2n] }
				sec poll types: { }
				halton_seed   : 3
			} 
		} 
	} 
	blackbox outputs (m=1) {
		#0          OBJ	$python blackbox.py
	} 
	signature                       : standard
	has surrogate                   : no
	add seed to output file names   : yes
	solution file                   : nomad-solution.25336.txt
	history file                    : none
	stats file                      : none
	cache file                      : none
	x0                              : (    3    0 )
	directions         : Ortho-MADS 2n
	user halton seed   : 3
	mesh {
		update basis       :   4
		coarsening exponent:   1
		refining exponent  :  -1
		initial mesh index :   0
		max mesh index     :   2
		initial mesh size  : (    1    1 )
		min poll size      : (  NaN    1 )
	} 
	snap to bounds                   : yes
	opportunistic evaluations        : yes
	use models                       : no
	speculative search               : yes
	VNS search                       : no
	Latin-Hypercube (LH) search      : no
	cache search                     : no
	random seed / run id             : 25336
	epsilon                          : 1e-13
	undefined string                 : NaN
	infinity string                  : inf
	display degrees {
		general  : full (3)
		search   : full (3)
		poll     : full (3)
		iterative: full (3)
	} 
	display stats                : EVAL BBE [ SOL, ] BBO TIME
	display all evaluations      : no
	point display limit          : no limit
	max number of blackbox eval. : 100
	max cache memory             : 2000 MB
} 

MADS run {

	starting point evaluation {

		x0 eval point: (  3  0 )

		list of points evaluation (x0 evaluation) {

			evaluation 1/1 {

				point #0 (  3  0 )


				x0 evaluation dominating point #0 {
					x    = (  3  0 )
					F(x) = [ 19.74394202 ]
					h    = 0
					f    = 19.74394202
				} 
			} 

		} end of evaluations


		terminate MADS       : no
		iteration status     : dominating
		new feas. incumbent  : #0 {
			x    = (  3  0 )
			F(x) = [ 19.74394202 ]
			h    = 0
			f    = 19.74394202
		} 
		new infeas. incumbent: none

	} end of starting point evaluation

	MADS iteration 0 {

		blackbox evaluations : 1
		best feas. solution  : (  3  0 ) h=0 f=19.74394202
		best infeas. solution: none
		poll center          : (  3  0 )
		mesh size            : (  1  1 )
		poll size            : (  1  1 )
		mesh index           : 0
		h_max                : inf

		MADS search {
		} end of search

		MADS poll {

			poll center: (  3  0 )

			poll directions (include mesh size parameter) {
				dir 0 : (  0 -1 ) Ortho-MADS 2n
				dir 1 : (  0  1 ) Ortho-MADS 2n
			} 

			re-ordered list of 2 poll trial points {
				#1 : (  3 -1 ) (dir 0)
				#2 : (  3  1 ) (dir 1)
			} 

			list of points evaluation (poll) {

				evaluation 1/2 {

					point #1 (  3 -1 )
					direction  : (  0 -1 ) Ortho-MADS 2n
					mesh index : 0

					poll unsuccessful point #1: evaluation failed
				} 

				evaluation 2/2 {

					point #2 (  3  1 )
					direction  : (  0  1 ) Ortho-MADS 2n
					mesh index : 0

					poll unsuccessful point #2: evaluation failed
				} 

			} end of evaluations


			MADS extended poll {


				extended poll pts sorting {


					list of points evaluation (extended poll) {

						evaluation 1/4 {

							point #3 (  1  0 )
							mesh index : 0


							extended poll dominating point #3 {
								x    = (  1  0 )
								F(x) = [ 12.44649196 ]
								h    = 0
								f    = 12.44649196
							} 

							opport. strategy: stop evaluations
						} 

					} end of evaluations


				} end of ext poll pts sorting (success)


			} end of extended poll

		} end of poll

		Mesh update {
			previous mesh index: 0
			new mesh index     : -1
		} 


		terminate MADS       : no
		iteration status     : dominating
		new feas. incumbent  : #3 {
			x    = (  1  0 )
			F(x) = [ 12.44649196 ]
			h    = 0
			f    = 12.44649196
		} 
		new infeas. incumbent: none

	} end of iteration 0

	MADS iteration 1 {

		blackbox evaluations : 4
		best feas. solution  : (  1  0 ) h=0 f=12.44649196
		best infeas. solution: none
		poll center          : (  1  0 )
		mesh size            : (  1  1 )
		poll size            : (  2  2 )
		mesh index           : -1
		h_max                : inf

		MADS search {

			speculative search {

			} end of speculative search (unsuccessful)

		} end of search

		MADS poll {

			poll center: (  1  0 )

			poll directions (include mesh size parameter) {
				dir 0 : (  0 -1 ) Ortho-MADS 2n
				dir 1 : (  0  1 ) Ortho-MADS 2n
			} 

			re-ordered list of 2 poll trial points {
				#7 : (  1 -1 ) (dir 0)
				#8 : (  1  1 ) (dir 1)
			} 

			list of points evaluation (poll) {

				evaluation 1/2 {

					point #7 (  1 -1 )
					direction  : (  0 -1 ) Ortho-MADS 2n
					mesh index : -1

					poll unsuccessful point #7: evaluation failed
				} 

				evaluation 2/2 {

					point #8 (  1  1 )
					direction  : (  0  1 ) Ortho-MADS 2n
					mesh index : -1

					poll unsuccessful point #8: evaluation failed
				} 

			} end of evaluations


			MADS extended poll {


				extended poll pts sorting {


					list of points evaluation (extended poll) {

						evaluation 1/4 {

							point #9 (  2  0 )
							mesh index : -1

							extended poll unsuccessful point #9 [ h=0 f=73.35308957 ]
						} 

						evaluation 2/4 {

							point #10 (  3  0 )
							mesh index : -1

							cache hit: #10 --> #0
							extended poll unsuccessful point #0 [ h=0 f=19.74394202 ]
						} 

						evaluation 3/4 {

							point #11 ( 423  0 )
							mesh index : -1

							extended poll unsuccessful point #11 [ h=0 f=77.09489727 ]
						} 

						evaluation 4/4 {

							point #12 ( 523  0 )
							mesh index : -1

							extended poll unsuccessful point #12 [ h=0 f=46.06583428 ]
						} 

					} end of evaluations


					sorted ext poll pts {

						point #1/4 : (     3     0 )
						point #2/4 : (   523     0 )
						point #3/4 : (     2     0 )
						point #4/4 : (   423     0 )

					} 


				} end of ext poll pts sorting


				extended poll point eval {

					extended poll point = (     3     0 )

					list of points evaluation (extended poll) {

						evaluation 1/1 {

							point #13 (  3  0 )
							mesh index : -1

							cache hit: #13 --> #0
							extended poll unsuccessful point #0 [ h=0 f=19.74394202 ]
						} 

					} end of evaluations


				} 


				extended poll center: (     3     0 )

				perform extended poll descent ...... yes

				extended poll descent {

					       iteration = 1
					 blackbox eval.  = 9
					      mesh index = -1
					ext. poll center = (     3     0 ) f=19.74394202 h=0


					MADS run {

						9+BBE	OBJ	(ext-poll)

						9+ 0	19.7439420223	(ext-poll)

					} end of run (max mesh index)

					blackbox evaluations    : 0
					best feasible solution  : ( 3 0 ) h=0 f=19.74394202

				} end of extended poll descent (unsuccessful)


				extended poll point eval {

					extended poll point = (   523     0 )

					list of points evaluation (extended poll) {

						evaluation 1/1 {

							point #14 ( 523  0 )
							mesh index : -1

							cache hit: #14 --> #12
							extended poll unsuccessful point #12 [ h=0 f=46.06583428 ]
						} 

					} end of evaluations


				} 


				extended poll center: (   523     0 )

				perform extended poll descent ...... yes

				extended poll descent {

					       iteration = 1
					 blackbox eval.  = 9
					      mesh index = -1
					ext. poll center = (   523     0 ) f=46.06583428 h=0


					MADS run {

						9+BBE	OBJ	(ext-poll)

						9+ 0	46.0658342838	(ext-poll)
						9+ 2	46.0658342838	(ext-poll)

					} end of run (max mesh index)

					blackbox evaluations    : 2
					best feasible solution  : ( 523 0 ) h=0 f=46.06583428

				} end of extended poll descent (unsuccessful)


				extended poll point eval {

					extended poll point = (     2     0 )

					list of points evaluation (extended poll) {

						evaluation 1/1 {

							point #15 (  2  0 )
							mesh index : -1

							cache hit: #15 --> #9
							extended poll unsuccessful point #9 [ h=0 f=73.35308957 ]
						} 

					} end of evaluations


				} 


				extended poll center: (     2     0 )

				perform extended poll descent ...... yes

				extended poll descent {

					       iteration = 1
					 blackbox eval.  = 11
					      mesh index = -1
					ext. poll center = (     2     0 ) f=73.35308957 h=0


					MADS run {

						11+BBE	OBJ	(ext-poll)

						11+ 0	73.3530895710	(ext-poll)
						11+ 2	73.3530895710	(ext-poll)

					} end of run (max mesh index)

					blackbox evaluations    : 2
					best feasible solution  : ( 2 0 ) h=0 f=73.35308957

				} end of extended poll descent (unsuccessful)


				extended poll point eval {

					extended poll point = (   423     0 )

					list of points evaluation (extended poll) {

						evaluation 1/1 {

							point #16 ( 423  0 )
							mesh index : -1

							cache hit: #16 --> #11
							extended poll unsuccessful point #11 [ h=0 f=77.09489727 ]
						} 

					} end of evaluations


				} 


				extended poll center: (   423     0 )

				perform extended poll descent ...... no

			} end of extended poll

		} end of poll

		Mesh update {
			previous mesh index: -1
			new mesh index     : 0
		} 


		terminate MADS       : no
		iteration status     : unsuccessful
		new feas. incumbent  : none
		new infeas. incumbent: none

	} end of iteration 1

	MADS iteration 2 {

		blackbox evaluations : 13
		best feas. solution  : (  1  0 ) h=0 f=12.44649196
		best infeas. solution: none
		poll center          : (  1  0 )
		mesh size            : (  1  1 )
		poll size            : (  1  1 )
		mesh index           : 0
		h_max                : inf

		MADS search {
		} end of search

		MADS poll {

			poll center: (  1  0 )

			poll directions (include mesh size parameter) {
				dir 0 : (  0 -1 ) Ortho-MADS 2n
				dir 1 : (  0  1 ) Ortho-MADS 2n
			} 

			re-ordered list of 2 poll trial points {
				#26 : (  1 -1 ) (dir 0)
				#27 : (  1  1 ) (dir 1)
			} 

			list of points evaluation (poll) {

				evaluation 1/2 {

					point #26 (  1 -1 )
					direction  : (  0 -1 ) Ortho-MADS 2n
					mesh index : 0

					cache hit: #26 --> #7
					poll unsuccessful point #7: evaluation failed
				} 

				evaluation 2/2 {

					point #27 (  1  1 )
					direction  : (  0  1 ) Ortho-MADS 2n
					mesh index : 0

					cache hit: #27 --> #8
					poll unsuccessful point #8: evaluation failed
				} 

			} end of evaluations


			MADS extended poll {


				extended poll pts sorting {


					list of points evaluation (extended poll) {

						evaluation 1/4 {

							point #28 (  2  0 )
							mesh index : 0

							cache hit: #28 --> #9
							extended poll unsuccessful point #9 [ h=0 f=73.35308957 ]
						} 

						evaluation 2/4 {

							point #29 (  3  0 )
							mesh index : 0

							cache hit: #29 --> #0
							extended poll unsuccessful point #0 [ h=0 f=19.74394202 ]
						} 

						evaluation 3/4 {

							point #30 ( 423  0 )
							mesh index : 0

							cache hit: #30 --> #11
							extended poll unsuccessful point #11 [ h=0 f=77.09489727 ]
						} 

						evaluation 4/4 {

							point #31 ( 523  0 )
							mesh index : 0

							cache hit: #31 --> #12
							extended poll unsuccessful point #12 [ h=0 f=46.06583428 ]
						} 

					} end of evaluations


					sorted ext poll pts {

						point #1/4 : (     3     0 )
						point #2/4 : (   523     0 )
						point #3/4 : (     2     0 )
						point #4/4 : (   423     0 )

					} 


				} end of ext poll pts sorting


				extended poll point eval {

					extended poll point = (     3     0 )

					list of points evaluation (extended poll) {

						evaluation 1/1 {

							point #32 (  3  0 )
							mesh index : 0

							cache hit: #32 --> #0
							extended poll unsuccessful point #0 [ h=0 f=19.74394202 ]
						} 

					} end of evaluations


				} 


				extended poll center: (     3     0 )

				perform extended poll descent ...... yes

				extended poll descent {

					       iteration = 2
					 blackbox eval.  = 13
					      mesh index = 0
					ext. poll center = (     3     0 ) f=19.74394202 h=0


					MADS run {

						13+BBE	OBJ	(ext-poll)

						13+ 0	19.7439420223	(ext-poll)

					} end of run (max mesh index)

					blackbox evaluations    : 0
					best feasible solution  : ( 3 0 ) h=0 f=19.74394202

				} end of extended poll descent (unsuccessful)


				extended poll point eval {

					extended poll point = (   523     0 )

					list of points evaluation (extended poll) {

						evaluation 1/1 {

							point #33 ( 523  0 )
							mesh index : 0

							cache hit: #33 --> #12
							extended poll unsuccessful point #12 [ h=0 f=46.06583428 ]
						} 

					} end of evaluations


				} 


				extended poll center: (   523     0 )

				perform extended poll descent ...... yes

				extended poll descent {

					       iteration = 2
					 blackbox eval.  = 13
					      mesh index = 0
					ext. poll center = (   523     0 ) f=46.06583428 h=0


					MADS run {

						13+BBE	OBJ	(ext-poll)

						13+ 0	46.0658342838	(ext-poll)

					} end of run (max mesh index)

					blackbox evaluations    : 0
					best feasible solution  : ( 523 0 ) h=0 f=46.06583428

				} end of extended poll descent (unsuccessful)


				extended poll point eval {

					extended poll point = (     2     0 )

					list of points evaluation (extended poll) {

						evaluation 1/1 {

							point #34 (  2  0 )
							mesh index : 0

							cache hit: #34 --> #9
							extended poll unsuccessful point #9 [ h=0 f=73.35308957 ]
						} 

					} end of evaluations


				} 


				extended poll center: (     2     0 )

				perform extended poll descent ...... yes

				extended poll descent {

					       iteration = 2
					 blackbox eval.  = 13
					      mesh index = 0
					ext. poll center = (     2     0 ) f=73.35308957 h=0


					MADS run {

						13+BBE	OBJ	(ext-poll)

						13+ 0	73.3530895710	(ext-poll)

					} end of run (max mesh index)

					blackbox evaluations    : 0
					best feasible solution  : ( 2 0 ) h=0 f=73.35308957

				} end of extended poll descent (unsuccessful)


				extended poll point eval {

					extended poll point = (   423     0 )

					list of points evaluation (extended poll) {

						evaluation 1/1 {

							point #35 ( 423  0 )
							mesh index : 0

							cache hit: #35 --> #11
							extended poll unsuccessful point #11 [ h=0 f=77.09489727 ]
						} 

					} end of evaluations


				} 


				extended poll center: (   423     0 )

				perform extended poll descent ...... no

			} end of extended poll

		} end of poll

		Mesh update {
			previous mesh index: 0
			new mesh index     : 1
		} 


		terminate MADS       : no
		iteration status     : unsuccessful
		new feas. incumbent  : none
		new infeas. incumbent: none

	} end of iteration 2

	MADS iteration 3 {

		blackbox evaluations : 13
		best feas. solution  : (  1  0 ) h=0 f=12.44649196
		best infeas. solution: none
		poll center          : (  1  0 )
		mesh size            : ( 0.25 0.25 )
		poll size            : ( 0.5 0.5 )
		mesh index           : 1
		h_max                : inf

		MADS search {
		} end of search

		MADS poll {

			poll center: (  1  0 )

			poll directions (include mesh size parameter) {
				dir 0 : (  0 -1 ) Ortho-MADS 2n
				dir 1 : (  0  1 ) Ortho-MADS 2n
			} 

			re-ordered list of 2 poll trial points {
				#45 : (  1 -1 ) (dir 0)
				#46 : (  1  1 ) (dir 1)
			} 

			list of points evaluation (poll) {

				evaluation 1/2 {

					point #45 (  1 -1 )
					direction  : (  0 -1 ) Ortho-MADS 2n
					mesh index : 1

					cache hit: #45 --> #7
					poll unsuccessful point #7: evaluation failed
				} 

				evaluation 2/2 {

					point #46 (  1  1 )
					direction  : (  0  1 ) Ortho-MADS 2n
					mesh index : 1

					cache hit: #46 --> #8
					poll unsuccessful point #8: evaluation failed
				} 

			} end of evaluations


			MADS extended poll {


				extended poll pts sorting {


					list of points evaluation (extended poll) {

						evaluation 1/4 {

							point #47 (  2  0 )
							mesh index : 1

							cache hit: #47 --> #9
							extended poll unsuccessful point #9 [ h=0 f=73.35308957 ]
						} 

						evaluation 2/4 {

							point #48 (  3  0 )
							mesh index : 1

							cache hit: #48 --> #0
							extended poll unsuccessful point #0 [ h=0 f=19.74394202 ]
						} 

						evaluation 3/4 {

							point #49 ( 423  0 )
							mesh index : 1

							cache hit: #49 --> #11
							extended poll unsuccessful point #11 [ h=0 f=77.09489727 ]
						} 

						evaluation 4/4 {

							point #50 ( 523  0 )
							mesh index : 1

							cache hit: #50 --> #12
							extended poll unsuccessful point #12 [ h=0 f=46.06583428 ]
						} 

					} end of evaluations


					sorted ext poll pts {

						point #1/4 : (     3     0 )
						point #2/4 : (   523     0 )
						point #3/4 : (     2     0 )
						point #4/4 : (   423     0 )

					} 


				} end of ext poll pts sorting


				extended poll point eval {

					extended poll point = (     3     0 )

					list of points evaluation (extended poll) {

						evaluation 1/1 {

							point #51 (  3  0 )
							mesh index : 1

							cache hit: #51 --> #0
							extended poll unsuccessful point #0 [ h=0 f=19.74394202 ]
						} 

					} end of evaluations


				} 


				extended poll center: (     3     0 )

				perform extended poll descent ...... yes

				extended poll descent {

					       iteration = 3
					 blackbox eval.  = 13
					      mesh index = 1
					ext. poll center = (     3     0 ) f=19.74394202 h=0


					MADS run {

						13+BBE	OBJ	(ext-poll)

						13+ 0	19.7439420223	(ext-poll)

					} end of run (max mesh index)

					blackbox evaluations    : 0
					best feasible solution  : ( 3 0 ) h=0 f=19.74394202

				} end of extended poll descent (unsuccessful)


				extended poll point eval {

					extended poll point = (   523     0 )

					list of points evaluation (extended poll) {

						evaluation 1/1 {

							point #52 ( 523  0 )
							mesh index : 1

							cache hit: #52 --> #12
							extended poll unsuccessful point #12 [ h=0 f=46.06583428 ]
						} 

					} end of evaluations


				} 


				extended poll center: (   523     0 )

				perform extended poll descent ...... yes

				extended poll descent {

					       iteration = 3
					 blackbox eval.  = 13
					      mesh index = 1
					ext. poll center = (   523     0 ) f=46.06583428 h=0


					MADS run {

						13+BBE	OBJ	(ext-poll)

						13+ 0	46.0658342838	(ext-poll)

					} end of run (max mesh index)

					blackbox evaluations    : 0
					best feasible solution  : ( 523 0 ) h=0 f=46.06583428

				} end of extended poll descent (unsuccessful)


				extended poll point eval {

					extended poll point = (     2     0 )

					list of points evaluation (extended poll) {

						evaluation 1/1 {

							point #53 (  2  0 )
							mesh index : 1

							cache hit: #53 --> #9
							extended poll unsuccessful point #9 [ h=0 f=73.35308957 ]
						} 

					} end of evaluations


				} 


				extended poll center: (     2     0 )

				perform extended poll descent ...... yes

				extended poll descent {

					       iteration = 3
					 blackbox eval.  = 13
					      mesh index = 1
					ext. poll center = (     2     0 ) f=73.35308957 h=0


					MADS run {

						13+BBE	OBJ	(ext-poll)

						13+ 0	73.3530895710	(ext-poll)

					} end of run (max mesh index)

					blackbox evaluations    : 0
					best feasible solution  : ( 2 0 ) h=0 f=73.35308957

				} end of extended poll descent (unsuccessful)


				extended poll point eval {

					extended poll point = (   423     0 )

					list of points evaluation (extended poll) {

						evaluation 1/1 {

							point #54 ( 423  0 )
							mesh index : 1

							cache hit: #54 --> #11
							extended poll unsuccessful point #11 [ h=0 f=77.09489727 ]
						} 

					} end of evaluations


				} 


				extended poll center: (   423     0 )

				perform extended poll descent ...... no

			} end of extended poll

		} end of poll

		Mesh update {
			previous mesh index: 1
			new mesh index     : 2
		} 


		terminate MADS       : no
		iteration status     : unsuccessful
		new feas. incumbent  : none
		new infeas. incumbent: none

	} end of iteration 3

	MADS iteration 4 {

		blackbox evaluations : 13
		best feas. solution  : (  1  0 ) h=0 f=12.44649196
		best infeas. solution: none
		poll center          : (  1  0 )
		mesh size            : ( 0.0625 0.0625 )
		poll size            : ( 0.25 0.25 )
		mesh index           : 2
		h_max                : inf

		MADS search {
		} end of search

		MADS poll {

			poll center: (  1  0 )

			poll directions (include mesh size parameter) {
				dir 0 : (  0 -1 ) Ortho-MADS 2n
				dir 1 : (  0  1 ) Ortho-MADS 2n
			} 

			re-ordered list of 2 poll trial points {
				#64 : (  1 -1 ) (dir 0)
				#65 : (  1  1 ) (dir 1)
			} 

			list of points evaluation (poll) {

				evaluation 1/2 {

					point #64 (  1 -1 )
					direction  : (  0 -1 ) Ortho-MADS 2n
					mesh index : 2

					cache hit: #64 --> #7
					poll unsuccessful point #7: evaluation failed
				} 

				evaluation 2/2 {

					point #65 (  1  1 )
					direction  : (  0  1 ) Ortho-MADS 2n
					mesh index : 2

					cache hit: #65 --> #8
					poll unsuccessful point #8: evaluation failed
				} 

			} end of evaluations


			MADS extended poll {


				extended poll pts sorting {


					list of points evaluation (extended poll) {

						evaluation 1/4 {

							point #66 (  2  0 )
							mesh index : 2

							cache hit: #66 --> #9
							extended poll unsuccessful point #9 [ h=0 f=73.35308957 ]
						} 

						evaluation 2/4 {

							point #67 (  3  0 )
							mesh index : 2

							cache hit: #67 --> #0
							extended poll unsuccessful point #0 [ h=0 f=19.74394202 ]
						} 

						evaluation 3/4 {

							point #68 ( 423  0 )
							mesh index : 2

							cache hit: #68 --> #11
							extended poll unsuccessful point #11 [ h=0 f=77.09489727 ]
						} 

						evaluation 4/4 {

							point #69 ( 523  0 )
							mesh index : 2

							cache hit: #69 --> #12
							extended poll unsuccessful point #12 [ h=0 f=46.06583428 ]
						} 

					} end of evaluations


					sorted ext poll pts {

						point #1/4 : (     3     0 )
						point #2/4 : (   523     0 )
						point #3/4 : (     2     0 )
						point #4/4 : (   423     0 )

					} 


				} end of ext poll pts sorting


				extended poll point eval {

					extended poll point = (     3     0 )

					list of points evaluation (extended poll) {

						evaluation 1/1 {

							point #70 (  3  0 )
							mesh index : 2

							cache hit: #70 --> #0
							extended poll unsuccessful point #0 [ h=0 f=19.74394202 ]
						} 

					} end of evaluations


				} 


				extended poll center: (     3     0 )

				perform extended poll descent ...... yes

				extended poll descent {

					       iteration = 4
					 blackbox eval.  = 13
					      mesh index = 2
					ext. poll center = (     3     0 ) f=19.74394202 h=0


					MADS run {

						13+BBE	OBJ	(ext-poll)

						13+ 0	19.7439420223	(ext-poll)

					} end of run (max mesh index)

					blackbox evaluations    : 0
					best feasible solution  : ( 3 0 ) h=0 f=19.74394202

				} end of extended poll descent (unsuccessful)


				extended poll point eval {

					extended poll point = (   523     0 )

					list of points evaluation (extended poll) {

						evaluation 1/1 {

							point #71 ( 523  0 )
							mesh index : 2

							cache hit: #71 --> #12
							extended poll unsuccessful point #12 [ h=0 f=46.06583428 ]
						} 

					} end of evaluations


				} 


				extended poll center: (   523     0 )

				perform extended poll descent ...... yes

				extended poll descent {

					       iteration = 4
					 blackbox eval.  = 13
					      mesh index = 2
					ext. poll center = (   523     0 ) f=46.06583428 h=0


					MADS run {

						13+BBE	OBJ	(ext-poll)

						13+ 0	46.0658342838	(ext-poll)

					} end of run (max mesh index)

					blackbox evaluations    : 0
					best feasible solution  : ( 523 0 ) h=0 f=46.06583428

				} end of extended poll descent (unsuccessful)


				extended poll point eval {

					extended poll point = (     2     0 )

					list of points evaluation (extended poll) {

						evaluation 1/1 {

							point #72 (  2  0 )
							mesh index : 2

							cache hit: #72 --> #9
							extended poll unsuccessful point #9 [ h=0 f=73.35308957 ]
						} 

					} end of evaluations


				} 


				extended poll center: (     2     0 )

				perform extended poll descent ...... yes

				extended poll descent {

					       iteration = 4
					 blackbox eval.  = 13
					      mesh index = 2
					ext. poll center = (     2     0 ) f=73.35308957 h=0


					MADS run {

						13+BBE	OBJ	(ext-poll)

						13+ 0	73.3530895710	(ext-poll)

					} end of run (max mesh index)

					blackbox evaluations    : 0
					best feasible solution  : ( 2 0 ) h=0 f=73.35308957

				} end of extended poll descent (unsuccessful)


				extended poll point eval {

					extended poll point = (   423     0 )

					list of points evaluation (extended poll) {

						evaluation 1/1 {

							point #73 ( 423  0 )
							mesh index : 2

							cache hit: #73 --> #11
							extended poll unsuccessful point #11 [ h=0 f=77.09489727 ]
						} 

					} end of evaluations


				} 


				extended poll center: (   423     0 )

				perform extended poll descent ...... no

			} end of extended poll

		} end of poll

		Mesh update {
			previous mesh index: 2
			new mesh index     : 3
		} 


		terminate MADS       : yes
		termination cause    : max mesh index
		iteration status     : unsuccessful
		new feas. incumbent  : none
		new infeas. incumbent: none

	} end of iteration 4

} end of run (max mesh index)

NOMAD final display {

	cache {
		number of cache points: 13
		size in memory        : 1.9 KB
		cache file            : -
	} 

	stats {
		MADS iterations                 : 5
		blackbox evaluations            : 13
		simulated blackbox evaluations  : 0
		evaluations                     : 80
		failed evaluations              : 8
		interrupted sequences of eval.  : 1
		cache hits                      : 67
		number of poll searches         : 5
		poll successes                  : 1
		poll points                     : 10
		number of extended polls        : 5
		number of ext. poll descents    : 12
		number of ext. poll successes   : 1
		number of ext. poll points      : 72
		number of ext. poll bb eval     : 8
		number of speculative searches  : 1
		speculative search successes    : 0
		speculative search points       : 0
		number of user searches         : 0
		number of LH searches           : 0
		number of cache searches        : 0
		number of VNS searches          : 0
		no model has been constructed
		wall-clock time                 : 5m 44s
	} 

	miscellaneous {
		mesh index      : min=-1, max=3, last=2
		best feas. sol  : ( 1 0 ) h=0 f=12.44649196
		best infeas. sol: none
	} 
} 
