
NOMAD - version 3.5.1 - www.gerad.ca/nomad

Copyright (C) 2001-2012 {
	Mark A. Abramson     - The Boeing Company
	Charles Audet        - Ecole Polytechnique de Montreal
	Gilles Couture       - Ecole Polytechnique de Montreal
	John E. Dennis, Jr.  - Rice University
	Sebastien Le Digabel - Ecole Polytechnique de Montreal
	Christophe Tribes    - Ecole Polytechnique de Montreal
} 

Funded in part by AFOSR and Exxon Mobil.

License   : '$NOMAD_HOME/src/lgpl.txt'
User guide: '$NOMAD_HOME/doc/user_guide.pdf'
Examples  : '$NOMAD_HOME/examples'
Tools     : '$NOMAD_HOME/tools'

Please report bugs to nomad@gerad.ca

parameters {

	problem directory    : ./
	dimension            : n=2
	blackbox input types : (   cat(C)   int(I) )
	extended poll trigger: 0.10000000000000000555 (relative)
	neighbors executable : $python neighbors.py
	variable groups {
		group #0 {
			indexes: { 0 }
			no directions (categorical variables)
		} 
		group #1 {
			indexes: { 1 }
			directions {
				n             : 1
				types         : { [Ortho-MADS 2n] }
				sec poll types: { }
				halton_seed   : 3
			} 
		} 
	} 
	blackbox outputs (m=1) {
		#0          OBJ	$python blackbox.py	$python surrogate.py
	} 
	signature                       : standard
	has surrogate                   : yes
	sort trial points with surrogate: yes
	surrogate cost                  : none
	add seed to output file names   : yes
	solution file                   : nomad-solution.4951.txt
	history file                    : none
	stats file                      : none
	cache file                      : none
	x0                              : ( 5511511    0 )
	directions         : Ortho-MADS 2n
	user halton seed   : 3
	mesh {
		update basis       :   4
		coarsening exponent:   1
		refining exponent  :  -1
		initial mesh index :   0
		max mesh index     :   2
		initial mesh size  : (    1    1 )
		min poll size      : (  NaN    1 )
	} 
	snap to bounds                   : yes
	opportunistic evaluations        : yes
	use models                       : no
	speculative search               : yes
	VNS search                       : no
	Latin-Hypercube (LH) search      : no
	cache search                     : no
	random seed / run id             : 4951
	epsilon                          : 1.0000000000000000304e-13
	undefined string                 : NaN
	infinity string                  : inf
	display degrees {
		general  : full (3)
		search   : full (3)
		poll     : full (3)
		iterative: full (3)
	} 
	display stats                : EVAL BBE [ SOL, ] BBO TIME
	display all evaluations      : no
	point display limit          : no limit
	max number of blackbox eval. : 100
	max cache memory             : 2000 MB
} 

MADS run {

	starting point evaluation {

		x0 eval point: ( 5511511  0 )

		list of points evaluation (x0 evaluation) {

			evaluation 1/1 {

				point #0 ( 5511511  0 )


				x0 evaluation dominating point #0 {
					x    = ( 5511511  0 )
					F(x) = [ 0.13435250759100000884 ]
					h    = 0
					f    = 0.13435250759100000884
				} 
			} 

		} end of evaluations


		terminate MADS       : no
		iteration status     : dominating
		new feas. incumbent  : #0 {
			x    = ( 5511511  0 )
			F(x) = [ 0.13435250759100000884 ]
			h    = 0
			f    = 0.13435250759100000884
		} 
		new infeas. incumbent: none

	} end of starting point evaluation

	MADS iteration 0 {

		blackbox evaluations : 1
		best feas. solution  : ( 5511511  0 ) h=0 f=0.13435250759100000884
		best infeas. solution: none
		poll center          : ( 5511511  0 )
		mesh size            : (  1  1 )
		poll size            : (  1  1 )
		mesh index           : 0
		h_max                : inf

		MADS search {
		} end of search

		MADS poll {

			poll center: ( 5511511  0 )

			poll directions (include mesh size parameter) {
				dir 0 : (  0 -1 ) Ortho-MADS 2n
				dir 1 : (  0  1 ) Ortho-MADS 2n
			} 

			re-ordered list of 2 poll trial points {
				#1 : ( 5511511 -1 ) (dir 0)
				#2 : ( 5511511  1 ) (dir 1)
			} 

			list of points evaluation (poll) {

				surrogate evaluation 1/2 {

					point #1 ( 5511511 -1 )
					direction  : (  0 -1 ) Ortho-MADS 2n
					mesh index : 0


					point #1 sgte eval: failed
				} 

				surrogate evaluation 2/2 {

					point #2 ( 5511511  1 )
					direction  : (  0  1 ) Ortho-MADS 2n
					mesh index : 0


					point #2 sgte eval: failed
				} 

			} end of evaluations

			re-ordered list of 2 poll trial points {

				#3: ( 5511511 -1 ) (dir 0)
				#4: ( 5511511  1 ) (dir 1)
			} 

			list of points evaluation (poll) {

				evaluation 1/2 {

					point #3 ( 5511511 -1 )
					direction  : (  0 -1 ) Ortho-MADS 2n
					mesh index : 0

					poll unsuccessful point #3: evaluation failed
				} 

				evaluation 2/2 {

					point #4 ( 5511511  1 )
					direction  : (  0  1 ) Ortho-MADS 2n
					mesh index : 0

					poll unsuccessful point #4: evaluation failed
				} 

			} end of evaluations


			MADS extended poll {


				extended poll pts sorting (on surrogates) {


					list of points evaluation (extended poll) {

						surrogate evaluation 1/23 {

							point #5 ( 4511511  0 )
							mesh index : 0


							point #5 sgte eval: h=0 f=0.1425600051879999941
						} 

						surrogate evaluation 2/23 {

							point #6 ( 5411511  0 )
							mesh index : 0


							point #6 sgte eval: h=0 f=0.1344754695890000018
						} 

						surrogate evaluation 3/23 {

							point #7 ( 51511  0 )
							mesh index : 0


							point #7 sgte eval: h=0 f=0.13557744026199999854
						} 

						surrogate evaluation 4/23 {

							point #8 ( 51511  0 )
							mesh index : 0

							surrogate cache hit: #8 --> #7

							point #7 sgte eval: h=0 f=0.13557744026199999854
						} 

						surrogate evaluation 5/23 {

							point #9 ( 5521511  0 )
							mesh index : 0


							point #9 sgte eval: h=0 f=0.10661530494700000027
						} 

						surrogate evaluation 6/23 {

							point #10 ( 5531511  0 )
							mesh index : 0


							point #10 sgte eval: h=0 f=0.21381831169099999035
						} 

						surrogate evaluation 7/23 {

							point #11 ( 554231511  0 )
							mesh index : 0


							point #11 sgte eval: h=0 f=0.16459798812900000575
						} 

						surrogate evaluation 8/23 {

							point #12 ( 555231511  0 )
							mesh index : 0


							point #12 sgte eval: h=0 f=0.11123585700999999437
						} 

						surrogate evaluation 9/23 {

							point #13 ( 5512511  0 )
							mesh index : 0


							point #13 sgte eval: h=0 f=0.14249587058999999001
						} 

						surrogate evaluation 10/23 {

							point #14 ( 5513511  0 )
							mesh index : 0


							point #14 sgte eval: h=0 f=0.15113425254800000319
						} 

						surrogate evaluation 11/23 {

							point #15 ( 551423511  0 )
							mesh index : 0


							point #15 sgte eval: h=0 f=0.14044833183300001189
						} 

						surrogate evaluation 12/23 {

							point #16 ( 551523511  0 )
							mesh index : 0


							point #16 sgte eval: h=0 f=0.13739347457900000227
						} 

						surrogate evaluation 13/23 {

							point #17 ( 5511411  0 )
							mesh index : 0


							point #17 sgte eval: h=0 f=0.14088416099500000733
						} 

						surrogate evaluation 14/23 {

							point #18 ( 55111  0 )
							mesh index : 0


							point #18 sgte eval: h=0 f=0.13746404647800000709
						} 

						surrogate evaluation 15/23 {

							point #19 ( 55111  0 )
							mesh index : 0

							surrogate cache hit: #19 --> #18

							point #18 sgte eval: h=0 f=0.13746404647800000709
						} 

						surrogate evaluation 16/23 {

							point #20 ( 5511521  0 )
							mesh index : 0


							point #20 sgte eval: h=0 f=0.11995244026199999854
						} 

						surrogate evaluation 17/23 {

							point #21 ( 5511531  0 )
							mesh index : 0


							point #21 sgte eval: h=0 f=0.17716193199200000463
						} 

						surrogate evaluation 18/23 {

							point #22 ( 551154231  0 )
							mesh index : 0


							point #22 sgte eval: h=0 f=0.14962744712799999625
						} 

						surrogate evaluation 19/23 {

							point #23 ( 551155231  0 )
							mesh index : 0


							point #23 sgte eval: h=0 f=0.11684894561799999413
						} 

						surrogate evaluation 20/23 {

							point #24 ( 5511512  0 )
							mesh index : 0


							point #24 sgte eval: h=0 f=0.12572240829500000436
						} 

						surrogate evaluation 21/23 {

							point #25 ( 5511513  0 )
							mesh index : 0


							point #25 sgte eval: h=0 f=0.17502880096400000309
						} 

						surrogate evaluation 22/23 {

							point #26 ( 551151423  0 )
							mesh index : 0


							point #26 sgte eval: h=0 f=0.15000200271600000468
						} 

						surrogate evaluation 23/23 {

							point #27 ( 551151523  0 )
							mesh index : 0


							point #27 sgte eval: h=0 f=0.14635920524599999037
						} 

					} end of evaluations


					sorted ext poll pts {

						point # 1/21 : ( 5521511     0 )
						point # 2/21 : ( 555231511     0 )
						point # 3/21 : ( 551155231     0 )
						point # 4/21 : ( 5511521     0 )
						point # 5/21 : ( 5511512     0 )
						point # 6/21 : ( 5411511     0 )
						point # 7/21 : ( 51511     0 )
						point # 8/21 : ( 551523511     0 )
						point # 9/21 : ( 55111     0 )
						point #10/21 : ( 551423511     0 )
						point #11/21 : ( 5511411     0 )
						point #12/21 : ( 5512511     0 )
						point #13/21 : ( 4511511     0 )
						point #14/21 : ( 551151523     0 )
						point #15/21 : ( 551154231     0 )
						point #16/21 : ( 551151423     0 )
						point #17/21 : ( 5513511     0 )
						point #18/21 : ( 554231511     0 )
						point #19/21 : ( 5511513     0 )
						point #20/21 : ( 5511531     0 )
						point #21/21 : ( 5531511     0 )

					} 


				} end of ext poll pts sorting (on surrogates)


				extended poll point eval {

					extended poll point = ( 5521511     0 )

					list of points evaluation (extended poll) {

						evaluation 1/1 {

							point #28 ( 5521511  0 )
							mesh index : 0


							extended poll dominating point #28 {
								x    = ( 5521511  0 )
								F(x) = [ 0.10181912183800000127 ]
								h    = 0
								f    = 0.10181912183800000127
							} 
						} 

					} end of evaluations


				} 


			} end of extended poll

		} end of poll

		Mesh update {
			previous mesh index: 0
			new mesh index     : -1
		} 


		terminate MADS       : no
		iteration status     : dominating
		new feas. incumbent  : #28 {
			x    = ( 5521511  0 )
			F(x) = [ 0.10181912183800000127 ]
			h    = 0
			f    = 0.10181912183800000127
		} 
		new infeas. incumbent: none

	} end of iteration 0

	MADS iteration 1 {

		blackbox evaluations : 4
		best feas. solution  : ( 5521511  0 ) h=0 f=0.10181912183800000127
		best infeas. solution: none
		poll center          : ( 5521511  0 )
		mesh size            : (  1  1 )
		poll size            : (  2  2 )
		mesh index           : -1
		h_max                : inf

		MADS search {

			speculative search {

			} end of speculative search (unsuccessful)

		} end of search

		MADS poll {

			poll center: ( 5521511  0 )

			poll directions (include mesh size parameter) {
				dir 0 : (  0 -1 ) Ortho-MADS 2n
				dir 1 : (  0  1 ) Ortho-MADS 2n
			} 

			re-ordered list of 2 poll trial points {
				#49 : ( 5521511 -1 ) (dir 0)
				#50 : ( 5521511  1 ) (dir 1)
			} 

			list of points evaluation (poll) {

				surrogate evaluation 1/2 {

					point #49 ( 5521511 -1 )
					direction  : (  0 -1 ) Ortho-MADS 2n
					mesh index : -1


					point #49 sgte eval: failed
				} 

				surrogate evaluation 2/2 {

					point #50 ( 5521511  1 )
					direction  : (  0  1 ) Ortho-MADS 2n
					mesh index : -1


					point #50 sgte eval: failed
				} 

			} end of evaluations

			re-ordered list of 2 poll trial points {

				#51: ( 5521511 -1 ) (dir 0)
				#52: ( 5521511  1 ) (dir 1)
			} 

			list of points evaluation (poll) {

				evaluation 1/2 {

					point #51 ( 5521511 -1 )
					direction  : (  0 -1 ) Ortho-MADS 2n
					mesh index : -1

					poll unsuccessful point #51: evaluation failed
				} 

				evaluation 2/2 {

					point #52 ( 5521511  1 )
					direction  : (  0  1 ) Ortho-MADS 2n
					mesh index : -1

					poll unsuccessful point #52: evaluation failed
				} 

			} end of evaluations


			MADS extended poll {


				extended poll pts sorting (on surrogates) {


					list of points evaluation (extended poll) {

						surrogate evaluation 1/23 {

							point #53 ( 4521511  0 )
							mesh index : -1


							point #53 sgte eval: h=0 f=0.12824988365199999074
						} 

						surrogate evaluation 2/23 {

							point #54 ( 5421511  0 )
							mesh index : -1


							point #54 sgte eval: h=0 f=0.12585067749000000692
						} 

						surrogate evaluation 3/23 {

							point #55 ( 52511  0 )
							mesh index : -1


							point #55 sgte eval: h=0 f=0.10658502578700000674
						} 

						surrogate evaluation 4/23 {

							point #56 ( 51511  0 )
							mesh index : -1

							surrogate cache hit: #56 --> #7

							point #7 sgte eval: h=0 f=0.13557744026199999854
						} 

						surrogate evaluation 5/23 {

							point #57 ( 5501511  0 )
							mesh index : -1


							point #57 sgte eval: h=0 f=0.92058372497499996179
						} 

						surrogate evaluation 6/23 {

							point #58 ( 5531511  0 )
							mesh index : -1

							surrogate cache hit: #58 --> #10

							point #10 sgte eval: h=0 f=0.21381831169099999035
						} 

						surrogate evaluation 7/23 {

							point #59 ( 554031511  0 )
							mesh index : -1


							point #59 sgte eval: h=0 f=0.39723896980299999715
						} 

						surrogate evaluation 8/23 {

							point #60 ( 555031511  0 )
							mesh index : -1


							point #60 sgte eval: h=0 f=0.7297806739809999943
						} 

						surrogate evaluation 9/23 {

							point #61 ( 5522511  0 )
							mesh index : -1


							point #61 sgte eval: h=0 f=0.10866713523899999838
						} 

						surrogate evaluation 10/23 {

							point #62 ( 5523511  0 )
							mesh index : -1


							point #62 sgte eval: h=0 f=0.10540986061099999471
						} 

						surrogate evaluation 11/23 {

							point #63 ( 552423511  0 )
							mesh index : -1


							point #63 sgte eval: h=0 f=0.10949635505700000548
						} 

						surrogate evaluation 12/23 {

							point #64 ( 552523511  0 )
							mesh index : -1


							point #64 sgte eval: h=0 f=0.10293483734099999338
						} 

						surrogate evaluation 13/23 {

							point #65 ( 5521411  0 )
							mesh index : -1


							point #65 sgte eval: h=0 f=0.11233735084500000301
						} 

						surrogate evaluation 14/23 {

							point #66 ( 55211  0 )
							mesh index : -1


							point #66 sgte eval: h=0 f=0.1074070930480000019
						} 

						surrogate evaluation 15/23 {

							point #67 ( 55211  0 )
							mesh index : -1

							surrogate cache hit: #67 --> #66

							point #66 sgte eval: h=0 f=0.1074070930480000019
						} 

						surrogate evaluation 16/23 {

							point #68 ( 5521521  0 )
							mesh index : -1


							point #68 sgte eval: h=0 f=0.084959983825699997295
						} 

						surrogate evaluation 17/23 {

							point #69 ( 5521531  0 )
							mesh index : -1


							point #69 sgte eval: h=0 f=0.13776898384100000339
						} 

						surrogate evaluation 18/23 {

							point #70 ( 552154231  0 )
							mesh index : -1


							point #70 sgte eval: h=0 f=0.12495183944700000156
						} 

						surrogate evaluation 19/23 {

							point #71 ( 552155231  0 )
							mesh index : -1


							point #71 sgte eval: h=0 f=0.089140653610200001888
						} 

						surrogate evaluation 20/23 {

							point #72 ( 5521512  0 )
							mesh index : -1


							point #72 sgte eval: h=0 f=0.089563846588100001767
						} 

						surrogate evaluation 21/23 {

							point #73 ( 5521513  0 )
							mesh index : -1


							point #73 sgte eval: h=0 f=0.14419722557100000948
						} 

						surrogate evaluation 22/23 {

							point #74 ( 552151423  0 )
							mesh index : -1


							point #74 sgte eval: h=0 f=0.12176847457900000227
						} 

						surrogate evaluation 23/23 {

							point #75 ( 552151523  0 )
							mesh index : -1


							point #75 sgte eval: h=0 f=0.11350107193000000261
						} 

					} end of evaluations


					sorted ext poll pts {

						point # 1/22 : ( 5521521     0 )
						point # 2/22 : ( 552155231     0 )
						point # 3/22 : ( 5521512     0 )
						point # 4/22 : ( 552523511     0 )
						point # 5/22 : ( 5523511     0 )
						point # 6/22 : ( 52511     0 )
						point # 7/22 : ( 55211     0 )
						point # 8/22 : ( 5522511     0 )
						point # 9/22 : ( 552423511     0 )
						point #10/22 : ( 5521411     0 )
						point #11/22 : ( 552151523     0 )
						point #12/22 : ( 552151423     0 )
						point #13/22 : ( 552154231     0 )
						point #14/22 : ( 5421511     0 )
						point #15/22 : ( 4521511     0 )
						point #16/22 : ( 51511     0 )
						point #17/22 : ( 5521531     0 )
						point #18/22 : ( 5521513     0 )
						point #19/22 : ( 5531511     0 )
						point #20/22 : ( 554031511     0 )
						point #21/22 : ( 555031511     0 )
						point #22/22 : ( 5501511     0 )

					} 


				} end of ext poll pts sorting (on surrogates)


				extended poll point eval {

					extended poll point = ( 5521521     0 )

					list of points evaluation (extended poll) {

						evaluation 1/1 {

							point #76 ( 5521521  0 )
							mesh index : -1


							extended poll dominating point #76 {
								x    = ( 5521521  0 )
								F(x) = [ 0.086841151714299999465 ]
								h    = 0
								f    = 0.086841151714299999465
							} 
						} 

					} end of evaluations


				} 


			} end of extended poll

		} end of poll

		Mesh update {
			previous mesh index: -1
			new mesh index     : -2
		} 


		terminate MADS       : no
		iteration status     : dominating
		new feas. incumbent  : #76 {
			x    = ( 5521521  0 )
			F(x) = [ 0.086841151714299999465 ]
			h    = 0
			f    = 0.086841151714299999465
		} 
		new infeas. incumbent: none

	} end of iteration 1

	MADS iteration 2 {

		blackbox evaluations : 7
		best feas. solution  : ( 5521521  0 ) h=0 f=0.086841151714299999465
		best infeas. solution: none
		poll center          : ( 5521521  0 )
		mesh size            : (  1  1 )
		poll size            : (  4  4 )
		mesh index           : -2
		h_max                : inf

		MADS search {

			speculative search {

			} end of speculative search (unsuccessful)

		} end of search

		MADS poll {

			poll center: ( 5521521  0 )

			poll directions (include mesh size parameter) {
				dir 0 : (  0 -4 ) Ortho-MADS 2n
				dir 1 : (  0  4 ) Ortho-MADS 2n
			} 

			re-ordered list of 2 poll trial points {
				# 98 : ( 5521521 -4 ) (dir 0)
				# 99 : ( 5521521  4 ) (dir 1)
			} 

			list of points evaluation (poll) {

				surrogate evaluation 1/2 {

					point #98 ( 5521521 -4 )
					direction  : (  0 -4 ) Ortho-MADS 2n
					mesh index : -2


					point #98 sgte eval: failed
				} 

				surrogate evaluation 2/2 {

					point #99 ( 5521521  4 )
					direction  : (  0  4 ) Ortho-MADS 2n
					mesh index : -2


					point #99 sgte eval: failed
				} 

			} end of evaluations

			re-ordered list of 2 poll trial points {

				#100: ( 5521521 -4 ) (dir 0)
				#101: ( 5521521  4 ) (dir 1)
			} 

			list of points evaluation (poll) {

				evaluation 1/2 {

					point #100 ( 5521521 -4 )
					direction  : (  0 -4 ) Ortho-MADS 2n
					mesh index : -2

					poll unsuccessful point #100: evaluation failed
				} 

				evaluation 2/2 {

					point #101 ( 5521521  4 )
					direction  : (  0  4 ) Ortho-MADS 2n
					mesh index : -2

					poll unsuccessful point #101: evaluation failed
				} 

			} end of evaluations


			MADS extended poll {


				extended poll pts sorting (on surrogates) {


					list of points evaluation (extended poll) {

						surrogate evaluation 1/23 {

							point #102 ( 4521521  0 )
							mesh index : -2


							point #102 sgte eval: h=0 f=0.11343050003099999778
						} 

						surrogate evaluation 2/23 {

							point #103 ( 5421521  0 )
							mesh index : -2


							point #103 sgte eval: h=0 f=0.10363554954499999694
						} 

						surrogate evaluation 3/23 {

							point #104 ( 52521  0 )
							mesh index : -2


							point #104 sgte eval: h=0 f=0.083287000656099993701
						} 

						surrogate evaluation 4/23 {

							point #105 ( 51521  0 )
							mesh index : -2


							point #105 sgte eval: h=0 f=0.12568259239199999766
						} 

						surrogate evaluation 5/23 {

							point #106 ( 5501521  0 )
							mesh index : -2


							point #106 sgte eval: h=0 f=0.71461963653600002466
						} 

						surrogate evaluation 6/23 {

							point #107 ( 5531521  0 )
							mesh index : -2


							point #107 sgte eval: h=0 f=0.19764375686599999771
						} 

						surrogate evaluation 7/23 {

							point #108 ( 554031521  0 )
							mesh index : -2


							point #108 sgte eval: h=0 f=0.35655832290700001375
						} 

						surrogate evaluation 8/23 {

							point #109 ( 555031521  0 )
							mesh index : -2


							point #109 sgte eval: h=0 f=0.96860194206200000977
						} 

						surrogate evaluation 9/23 {

							point #110 ( 5522521  0 )
							mesh index : -2


							point #110 sgte eval: h=0 f=0.088072061538699994432
						} 

						surrogate evaluation 10/23 {

							point #111 ( 5523521  0 )
							mesh index : -2


							point #111 sgte eval: h=0 f=0.084818124771099998038
						} 

						surrogate evaluation 11/23 {

							point #112 ( 552423521  0 )
							mesh index : -2


							point #112 sgte eval: h=0 f=0.09126067161560000307
						} 

						surrogate evaluation 12/23 {

							point #113 ( 552523521  0 )
							mesh index : -2


							point #113 sgte eval: h=0 f=0.091588735580399996405
						} 

						surrogate evaluation 13/23 {

							point #114 ( 5521421  0 )
							mesh index : -2


							point #114 sgte eval: h=0 f=0.093725681304899999269
						} 

						surrogate evaluation 14/23 {

							point #115 ( 55212  0 )
							mesh index : -2


							point #115 sgte eval: h=0 f=0.073802232742299994639
						} 

						surrogate evaluation 15/23 {

							point #116 ( 55211  0 )
							mesh index : -2

							surrogate cache hit: #116 --> #66

							point #66 sgte eval: h=0 f=0.1074070930480000019
						} 

						surrogate evaluation 16/23 {

							point #117 ( 5521501  0 )
							mesh index : -2


							point #117 sgte eval: h=0 f=0.60179781913800001192
						} 

						surrogate evaluation 17/23 {

							point #118 ( 5521531  0 )
							mesh index : -2

							surrogate cache hit: #118 --> #69

							point #69 sgte eval: h=0 f=0.13776898384100000339
						} 

						surrogate evaluation 18/23 {

							point #119 ( 552154031  0 )
							mesh index : -2


							point #119 sgte eval: h=0 f=0.18565154075599998862
						} 

						surrogate evaluation 19/23 {

							point #120 ( 552155031  0 )
							mesh index : -2


							point #120 sgte eval: h=0 f=0.32062315940899999145
						} 

						surrogate evaluation 20/23 {

							point #121 ( 5521522  0 )
							mesh index : -2


							point #121 sgte eval: h=0 f=0.072601318359399993896
						} 

						surrogate evaluation 21/23 {

							point #122 ( 5521523  0 )
							mesh index : -2


							point #122 sgte eval: h=0 f=0.1254785060880000136
						} 

						surrogate evaluation 22/23 {

							point #123 ( 552152423  0 )
							mesh index : -2


							point #123 sgte eval: h=0 f=0.10372233390799999453
						} 

						surrogate evaluation 23/23 {

							point #124 ( 552152523  0 )
							mesh index : -2


							point #124 sgte eval: h=0 f=0.10370969772299999667
						} 

					} end of evaluations


					sorted ext poll pts {

						point # 1/23 : ( 5521522     0 )
						point # 2/23 : ( 55212     0 )
						point # 3/23 : ( 52521     0 )
						point # 4/23 : ( 5523521     0 )
						point # 5/23 : ( 5522521     0 )
						point # 6/23 : ( 552423521     0 )
						point # 7/23 : ( 552523521     0 )
						point # 8/23 : ( 5521421     0 )
						point # 9/23 : ( 5421521     0 )
						point #10/23 : ( 552152523     0 )
						point #11/23 : ( 552152423     0 )
						point #12/23 : ( 55211     0 )
						point #13/23 : ( 4521521     0 )
						point #14/23 : ( 5521523     0 )
						point #15/23 : ( 51521     0 )
						point #16/23 : ( 5521531     0 )
						point #17/23 : ( 552154031     0 )
						point #18/23 : ( 5531521     0 )
						point #19/23 : ( 552155031     0 )
						point #20/23 : ( 554031521     0 )
						point #21/23 : ( 5521501     0 )
						point #22/23 : ( 5501521     0 )
						point #23/23 : ( 555031521     0 )

					} 


				} end of ext poll pts sorting (on surrogates)


				extended poll point eval {

					extended poll point = ( 5521522     0 )

					list of points evaluation (extended poll) {

						evaluation 1/1 {

							point #125 ( 5521522  0 )
							mesh index : -2


							extended poll dominating point #125 {
								x    = ( 5521522  0 )
								F(x) = [ 0.072363767623899996617 ]
								h    = 0
								f    = 0.072363767623899996617
							} 
						} 

					} end of evaluations


				} 


			} end of extended poll

		} end of poll

		Mesh update {
			previous mesh index: -2
			new mesh index     : -3
		} 


		terminate MADS       : no
		iteration status     : dominating
		new feas. incumbent  : #125 {
			x    = ( 5521522  0 )
			F(x) = [ 0.072363767623899996617 ]
			h    = 0
			f    = 0.072363767623899996617
		} 
		new infeas. incumbent: none

	} end of iteration 2

	MADS iteration 3 {

		blackbox evaluations : 10
		best feas. solution  : ( 5521522  0 ) h=0 f=0.072363767623899996617
		best infeas. solution: none
		poll center          : ( 5521522  0 )
		mesh size            : (  1  1 )
		poll size            : (  8  8 )
		mesh index           : -3
		h_max                : inf

		MADS search {

			speculative search {

			} end of speculative search (unsuccessful)

		} end of search

		MADS poll {

			poll center: ( 5521522  0 )

			poll directions (include mesh size parameter) {
				dir 0 : (  0 -4 ) Ortho-MADS 2n
				dir 1 : (  0  4 ) Ortho-MADS 2n
			} 

			re-ordered list of 2 poll trial points {
				#148 : ( 5521522 -4 ) (dir 0)
				#149 : ( 5521522  4 ) (dir 1)
			} 

			list of points evaluation (poll) {

				surrogate evaluation 1/2 {

					point #148 ( 5521522 -4 )
					direction  : (  0 -4 ) Ortho-MADS 2n
					mesh index : -3


					point #148 sgte eval: failed
				} 

				surrogate evaluation 2/2 {

					point #149 ( 5521522  4 )
					direction  : (  0  4 ) Ortho-MADS 2n
					mesh index : -3


					point #149 sgte eval: failed
				} 

			} end of evaluations

			re-ordered list of 2 poll trial points {

				#150: ( 5521522 -4 ) (dir 0)
				#151: ( 5521522  4 ) (dir 1)
			} 

			list of points evaluation (poll) {

				evaluation 1/2 {

					point #150 ( 5521522 -4 )
					direction  : (  0 -4 ) Ortho-MADS 2n
					mesh index : -3

					poll unsuccessful point #150: evaluation failed
				} 

				evaluation 2/2 {

					point #151 ( 5521522  4 )
					direction  : (  0  4 ) Ortho-MADS 2n
					mesh index : -3

					poll unsuccessful point #151: evaluation failed
				} 

			} end of evaluations


			MADS extended poll {


				extended poll pts sorting (on surrogates) {


					list of points evaluation (extended poll) {

						surrogate evaluation 1/23 {

							point #152 ( 4521522  0 )
							mesh index : -3


							point #152 sgte eval: h=0 f=0.093773841857899997709
						} 

						surrogate evaluation 2/23 {

							point #153 ( 5421522  0 )
							mesh index : -3


							point #153 sgte eval: h=0 f=0.085528135299700006056
						} 

						surrogate evaluation 3/23 {

							point #154 ( 52522  0 )
							mesh index : -3


							point #154 sgte eval: h=0 f=0.068575620651200000499
						} 

						surrogate evaluation 4/23 {

							point #155 ( 51522  0 )
							mesh index : -3


							point #155 sgte eval: h=0 f=0.10096025466899999357
						} 

						surrogate evaluation 5/23 {

							point #156 ( 5501522  0 )
							mesh index : -3


							point #156 sgte eval: h=0 f=0.98843932151799995811
						} 

						surrogate evaluation 6/23 {

							point #157 ( 5531522  0 )
							mesh index : -3


							point #157 sgte eval: h=0 f=0.18054556846600000597
						} 

						surrogate evaluation 7/23 {

							point #158 ( 554031522  0 )
							mesh index : -3


							point #158 sgte eval: h=0 f=0.37841987609900001877
						} 

						surrogate evaluation 8/23 {

							point #159 ( 555031522  0 )
							mesh index : -3


							point #159 sgte eval: h=0 f=1.109862565990000105
						} 

						surrogate evaluation 9/23 {

							point #160 ( 5522522  0 )
							mesh index : -3


							point #160 sgte eval: h=0 f=0.07558917999269999799
						} 

						surrogate evaluation 10/23 {

							point #161 ( 5523522  0 )
							mesh index : -3


							point #161 sgte eval: h=0 f=0.07717442512510000463
						} 

						surrogate evaluation 11/23 {

							point #162 ( 552423522  0 )
							mesh index : -3


							point #162 sgte eval: h=0 f=0.076542139053400001791
						} 

						surrogate evaluation 12/23 {

							point #163 ( 552523522  0 )
							mesh index : -3


							point #163 sgte eval: h=0 f=0.073901414871199999634
						} 

						surrogate evaluation 13/23 {

							point #164 ( 5521422  0 )
							mesh index : -3


							point #164 sgte eval: h=0 f=0.075551748275799995858
						} 

						surrogate evaluation 14/23 {

							point #165 ( 55212  0 )
							mesh index : -3

							surrogate cache hit: #165 --> #115

							point #115 sgte eval: h=0 f=0.073802232742299994639
						} 

						surrogate evaluation 15/23 {

							point #166 ( 55212  0 )
							mesh index : -3

							surrogate cache hit: #166 --> #115

							point #115 sgte eval: h=0 f=0.073802232742299994639
						} 

						surrogate evaluation 16/23 {

							point #167 ( 5521502  0 )
							mesh index : -3


							point #167 sgte eval: h=0 f=0.36316800117499997702
						} 

						surrogate evaluation 17/23 {

							point #168 ( 5521532  0 )
							mesh index : -3


							point #168 sgte eval: h=0 f=0.14158463478100000166
						} 

						surrogate evaluation 18/23 {

							point #169 ( 552154032  0 )
							mesh index : -3


							point #169 sgte eval: h=0 f=0.1506597995760000086
						} 

						surrogate evaluation 19/23 {

							point #170 ( 552155032  0 )
							mesh index : -3


							point #170 sgte eval: h=0 f=0.4125363826749999796
						} 

						surrogate evaluation 20/23 {

							point #171 ( 5521520  0 )
							mesh index : -3


							point #171 sgte eval: h=0 f=0.24640202522300000409
						} 

						surrogate evaluation 21/23 {

							point #172 ( 5521523  0 )
							mesh index : -3

							surrogate cache hit: #172 --> #122

							point #122 sgte eval: h=0 f=0.1254785060880000136
						} 

						surrogate evaluation 22/23 {

							point #173 ( 552152403  0 )
							mesh index : -3


							point #173 sgte eval: h=0 f=0.18466806411700001367
						} 

						surrogate evaluation 23/23 {

							point #174 ( 552152503  0 )
							mesh index : -3


							point #174 sgte eval: h=0 f=0.14766311645499999305
						} 

					} end of evaluations


					sorted ext poll pts {

						point # 1/22 : ( 52522     0 )
						point # 2/22 : ( 55212     0 )
						point # 3/22 : ( 552523522     0 )
						point # 4/22 : ( 5521422     0 )
						point # 5/22 : ( 5522522     0 )
						point # 6/22 : ( 552423522     0 )
						point # 7/22 : ( 5523522     0 )
						point # 8/22 : ( 5421522     0 )
						point # 9/22 : ( 4521522     0 )
						point #10/22 : ( 51522     0 )
						point #11/22 : ( 5521523     0 )
						point #12/22 : ( 5521532     0 )
						point #13/22 : ( 552152503     0 )
						point #14/22 : ( 552154032     0 )
						point #15/22 : ( 5531522     0 )
						point #16/22 : ( 552152403     0 )
						point #17/22 : ( 5521520     0 )
						point #18/22 : ( 5521502     0 )
						point #19/22 : ( 554031522     0 )
						point #20/22 : ( 552155032     0 )
						point #21/22 : ( 5501522     0 )
						point #22/22 : ( 555031522     0 )

					} 


				} end of ext poll pts sorting (on surrogates)


				extended poll point eval {

					extended poll point = ( 52522     0 )

					list of points evaluation (extended poll) {

						evaluation 1/1 {

							point #175 ( 52522  0 )
							mesh index : -3


							extended poll dominating point #175 {
								x    = ( 52522  0 )
								F(x) = [ 0.06836619853979999939 ]
								h    = 0
								f    = 0.06836619853979999939
							} 
						} 

					} end of evaluations


				} 


			} end of extended poll

		} end of poll

		Mesh update {
			previous mesh index: -3
			new mesh index     : -4
		} 


		terminate MADS       : no
		iteration status     : dominating
		new feas. incumbent  : #175 {
			x    = ( 52522  0 )
			F(x) = [ 0.06836619853979999939 ]
			h    = 0
			f    = 0.06836619853979999939
		} 
		new infeas. incumbent: none

	} end of iteration 3

	MADS iteration 4 {

		blackbox evaluations : 13
		best feas. solution  : ( 52522  0 ) h=0 f=0.06836619853979999939
		best infeas. solution: none
		poll center          : ( 52522  0 )
		mesh size            : (  1  1 )
		poll size            : ( 16 16 )
		mesh index           : -4
		h_max                : inf

		MADS search {

			speculative search {

			} end of speculative search (unsuccessful)

		} end of search

		MADS poll {

			poll center: ( 52522  0 )

			poll directions (include mesh size parameter) {
				dir 0 : (  0 -16 ) Ortho-MADS 2n
				dir 1 : (  0 16 ) Ortho-MADS 2n
			} 

			re-ordered list of 2 poll trial points {
				#197 : ( 52522 -16 ) (dir 0)
				#198 : ( 52522 16 ) (dir 1)
			} 

			list of points evaluation (poll) {

				surrogate evaluation 1/2 {

					point #197 ( 52522 -16 )
					direction  : (  0 -16 ) Ortho-MADS 2n
					mesh index : -4


					point #197 sgte eval: failed
				} 

				surrogate evaluation 2/2 {

					point #198 ( 52522 16 )
					direction  : (  0 16 ) Ortho-MADS 2n
					mesh index : -4


					point #198 sgte eval: failed
				} 

			} end of evaluations

			re-ordered list of 2 poll trial points {

				#199: ( 52522 -16 ) (dir 0)
				#200: ( 52522 16 ) (dir 1)
			} 

			list of points evaluation (poll) {

				evaluation 1/2 {

					point #199 ( 52522 -16 )
					direction  : (  0 -16 ) Ortho-MADS 2n
					mesh index : -4

					poll unsuccessful point #199: evaluation failed
				} 

				evaluation 2/2 {

					point #200 ( 52522 16 )
					direction  : (  0 16 ) Ortho-MADS 2n
					mesh index : -4

					poll unsuccessful point #200: evaluation failed
				} 

			} end of evaluations


			MADS extended poll {


				extended poll pts sorting (on surrogates) {


					list of points evaluation (extended poll) {

						surrogate evaluation 1/16 {

							point #201 ( 42522  0 )
							mesh index : -4


							point #201 sgte eval: h=0 f=0.076934576034500004593
						} 

						surrogate evaluation 2/16 {

							point #202 ( 50522  0 )
							mesh index : -4


							point #202 sgte eval: h=0 f=0.84962368011500000176
						} 

						surrogate evaluation 3/16 {

							point #203 ( 53522  0 )
							mesh index : -4


							point #203 sgte eval: h=0 f=0.18094182014499998745
						} 

						surrogate evaluation 4/16 {

							point #204 ( 5403522  0 )
							mesh index : -4


							point #204 sgte eval: h=0 f=0.38201689720199999423
						} 

						surrogate evaluation 5/16 {

							point #205 ( 5503522  0 )
							mesh index : -4


							point #205 sgte eval: h=0 f=0.86737418174699998374
						} 

						surrogate evaluation 6/16 {

							point #206 ( 52422  0 )
							mesh index : -4


							point #206 sgte eval: h=0 f=0.07095980644219999911
						} 

						surrogate evaluation 7/16 {

							point #207 ( 522  0 )
							mesh index : -4


							point #207 sgte eval: h=0 f=0.072025775909399999963
						} 

						surrogate evaluation 8/16 {

							point #208 ( 522  0 )
							mesh index : -4

							surrogate cache hit: #208 --> #207

							point #207 sgte eval: h=0 f=0.072025775909399999963
						} 

						surrogate evaluation 9/16 {

							point #209 ( 52502  0 )
							mesh index : -4


							point #209 sgte eval: h=0 f=0.22954559326199999725
						} 

						surrogate evaluation 10/16 {

							point #210 ( 52532  0 )
							mesh index : -4


							point #210 sgte eval: h=0 f=0.13906216621399999922
						} 

						surrogate evaluation 11/16 {

							point #211 ( 5254032  0 )
							mesh index : -4


							point #211 sgte eval: h=0 f=0.1350393295289999962
						} 

						surrogate evaluation 12/16 {

							point #212 ( 5255032  0 )
							mesh index : -4


							point #212 sgte eval: h=0 f=0.39435839652999998828
						} 

						surrogate evaluation 13/16 {

							point #213 ( 52520  0 )
							mesh index : -4


							point #213 sgte eval: h=0 f=0.3274381160739999741
						} 

						surrogate evaluation 14/16 {

							point #214 ( 52523  0 )
							mesh index : -4


							point #214 sgte eval: h=0 f=0.11665701866100000594
						} 

						surrogate evaluation 15/16 {

							point #215 ( 5252403  0 )
							mesh index : -4


							point #215 sgte eval: h=0 f=0.15885877609300000368
						} 

						surrogate evaluation 16/16 {

							point #216 ( 5252503  0 )
							mesh index : -4


							point #216 sgte eval: h=0 f=0.1818802356720000124
						} 

					} end of evaluations


					sorted ext poll pts {

						point # 1/15 : ( 52422     0 )
						point # 2/15 : (   522     0 )
						point # 3/15 : ( 42522     0 )
						point # 4/15 : ( 52523     0 )
						point # 5/15 : ( 5254032     0 )
						point # 6/15 : ( 52532     0 )
						point # 7/15 : ( 5252403     0 )
						point # 8/15 : ( 53522     0 )
						point # 9/15 : ( 5252503     0 )
						point #10/15 : ( 52502     0 )
						point #11/15 : ( 52520     0 )
						point #12/15 : ( 5403522     0 )
						point #13/15 : ( 5255032     0 )
						point #14/15 : ( 50522     0 )
						point #15/15 : ( 5503522     0 )

					} 


				} end of ext poll pts sorting (on surrogates)


				extended poll point eval {

					extended poll point = ( 52422     0 )

					list of points evaluation (extended poll) {

						evaluation 1/1 {

							point #217 ( 52422  0 )
							mesh index : -4

							extended poll unsuccessful point #217 [ h=0 f=0.070937538147000003819 ]
						} 

					} end of evaluations


				} 


				extended poll center: ( 52422     0 )

				perform extended poll descent ...... yes

				extended poll descent (on surrogates) {

					       iteration = 4
					 blackbox eval.  = 16
					      sgte eval. = 107
					      mesh index = -4
					ext. poll center = ( 52422     0 ) f=0.070937538147000003819 h=0


					MADS run {

						107+SGTE	OBJ	(ext-poll--surrogate)

						107+ 0	0.07095980644219999911	(ext-poll--surrogate)

					} end of run (max mesh index)

					blackbox evaluations    : 0
					best feasible solution  : ( 52422 0 ) h=0 f=0.07095980644219999911

				} end of extended poll descent (unsuccessful)


				extended poll point eval {

					extended poll point = (   522     0 )

					list of points evaluation (extended poll) {

						evaluation 1/1 {

							point #218 ( 522  0 )
							mesh index : -4


							extended poll dominating point #218 {
								x    = ( 522  0 )
								F(x) = [ 0.067520899772699996544 ]
								h    = 0
								f    = 0.067520899772699996544
							} 
						} 

					} end of evaluations


				} 


			} end of extended poll

		} end of poll

		Mesh update {
			previous mesh index: -4
			new mesh index     : -5
		} 


		terminate MADS       : no
		iteration status     : dominating
		new feas. incumbent  : #218 {
			x    = ( 522  0 )
			F(x) = [ 0.067520899772699996544 ]
			h    = 0
			f    = 0.067520899772699996544
		} 
		new infeas. incumbent: none

	} end of iteration 4

	MADS iteration 5 {

		blackbox evaluations : 17
		best feas. solution  : ( 522  0 ) h=0 f=0.067520899772699996544
		best infeas. solution: none
		poll center          : ( 522  0 )
		mesh size            : (  1  1 )
		poll size            : ( 32 32 )
		mesh index           : -5
		h_max                : inf

		MADS search {

			speculative search {

			} end of speculative search (unsuccessful)

		} end of search

		MADS poll {

			poll center: ( 522  0 )

			poll directions (include mesh size parameter) {
				dir 0 : (  0 -25 ) Ortho-MADS 2n
				dir 1 : (  0 25 ) Ortho-MADS 2n
			} 

			re-ordered list of 2 poll trial points {
				#235 : ( 522 -25 ) (dir 0)
				#236 : ( 522 25 ) (dir 1)
			} 

			list of points evaluation (poll) {

				surrogate evaluation 1/2 {

					point #235 ( 522 -25 )
					direction  : (  0 -25 ) Ortho-MADS 2n
					mesh index : -5


					point #235 sgte eval: failed
				} 

				surrogate evaluation 2/2 {

					point #236 ( 522 25 )
					direction  : (  0 25 ) Ortho-MADS 2n
					mesh index : -5


					point #236 sgte eval: failed
				} 

			} end of evaluations

			re-ordered list of 2 poll trial points {

				#237: ( 522 -25 ) (dir 0)
				#238: ( 522 25 ) (dir 1)
			} 

			list of points evaluation (poll) {

				evaluation 1/2 {

					point #237 ( 522 -25 )
					direction  : (  0 -25 ) Ortho-MADS 2n
					mesh index : -5

					poll unsuccessful point #237: evaluation failed
				} 

				evaluation 2/2 {

					point #238 ( 522 25 )
					direction  : (  0 25 ) Ortho-MADS 2n
					mesh index : -5

					poll unsuccessful point #238: evaluation failed
				} 

			} end of evaluations


			MADS extended poll {


				extended poll pts sorting (on surrogates) {


					list of points evaluation (extended poll) {

						surrogate evaluation 1/11 {

							point #239 ( 422  0 )
							mesh index : -5


							point #239 sgte eval: h=0 f=0.074019193649299999671
						} 

						surrogate evaluation 2/11 {

							point #240 (  2  0 )
							mesh index : -5


							point #240 sgte eval: h=0 f=0.067951679229699996077
						} 

						surrogate evaluation 3/11 {

							point #241 (  2  0 )
							mesh index : -5

							surrogate cache hit: #241 --> #240

							point #240 sgte eval: h=0 f=0.067951679229699996077
						} 

						surrogate evaluation 4/11 {

							point #242 ( 502  0 )
							mesh index : -5


							point #242 sgte eval: h=0 f=0.84858751296900003513
						} 

						surrogate evaluation 5/11 {

							point #243 ( 532  0 )
							mesh index : -5


							point #243 sgte eval: h=0 f=0.17387485504200000941
						} 

						surrogate evaluation 6/11 {

							point #244 ( 54032  0 )
							mesh index : -5


							point #244 sgte eval: h=0 f=0.30735993385299997804
						} 

						surrogate evaluation 7/11 {

							point #245 ( 55032  0 )
							mesh index : -5


							point #245 sgte eval: h=0 f=0.87007236480799998724
						} 

						surrogate evaluation 8/11 {

							point #246 ( 520  0 )
							mesh index : -5


							point #246 sgte eval: h=0 f=0.50105690956100001898
						} 

						surrogate evaluation 9/11 {

							point #247 ( 523  0 )
							mesh index : -5


							point #247 sgte eval: h=0 f=0.13934922218299999885
						} 

						surrogate evaluation 10/11 {

							point #248 ( 52403  0 )
							mesh index : -5


							point #248 sgte eval: h=0 f=0.29714465141300000495
						} 

						surrogate evaluation 11/11 {

							point #249 ( 52503  0 )
							mesh index : -5


							point #249 sgte eval: h=0 f=0.37510323524499999959
						} 

					} end of evaluations


					sorted ext poll pts {

						point # 1/10 : (     2     0 )
						point # 2/10 : (   422     0 )
						point # 3/10 : (   523     0 )
						point # 4/10 : (   532     0 )
						point # 5/10 : ( 52403     0 )
						point # 6/10 : ( 54032     0 )
						point # 7/10 : ( 52503     0 )
						point # 8/10 : (   520     0 )
						point # 9/10 : (   502     0 )
						point #10/10 : ( 55032     0 )

					} 


				} end of ext poll pts sorting (on surrogates)


				extended poll point eval {

					extended poll point = (     2     0 )

					list of points evaluation (extended poll) {

						evaluation 1/1 {

							point #250 (  2  0 )
							mesh index : -5


							extended poll dominating point #250 {
								x    = (  2  0 )
								F(x) = [ 0.066089508533499999321 ]
								h    = 0
								f    = 0.066089508533499999321
							} 
						} 

					} end of evaluations


				} 


			} end of extended poll

		} end of poll

		Mesh update {
			previous mesh index: -5
			new mesh index     : -6
		} 


		terminate MADS       : no
		iteration status     : dominating
		new feas. incumbent  : #250 {
			x    = (  2  0 )
			F(x) = [ 0.066089508533499999321 ]
			h    = 0
			f    = 0.066089508533499999321
		} 
		new infeas. incumbent: none

	} end of iteration 5

	MADS iteration 6 {

		blackbox evaluations : 20
		best feas. solution  : (  2  0 ) h=0 f=0.066089508533499999321
		best infeas. solution: none
		poll center          : (  2  0 )
		mesh size            : (  1  1 )
		poll size            : ( 64 64 )
		mesh index           : -6
		h_max                : inf

		MADS search {

			speculative search {

			} end of speculative search (unsuccessful)

		} end of search

		MADS poll {

			poll center: (  2  0 )

			poll directions (include mesh size parameter) {
				dir 0 : (  0 -64 ) Ortho-MADS 2n
				dir 1 : (  0 64 ) Ortho-MADS 2n
			} 

			re-ordered list of 2 poll trial points {
				#260 : (  2 -64 ) (dir 0)
				#261 : (  2 64 ) (dir 1)
			} 

			list of points evaluation (poll) {

				surrogate evaluation 1/2 {

					point #260 (  2 -64 )
					direction  : (  0 -64 ) Ortho-MADS 2n
					mesh index : -6


					point #260 sgte eval: failed
				} 

				surrogate evaluation 2/2 {

					point #261 (  2 64 )
					direction  : (  0 64 ) Ortho-MADS 2n
					mesh index : -6


					point #261 sgte eval: failed
				} 

			} end of evaluations

			re-ordered list of 2 poll trial points {

				#262: (  2 -64 ) (dir 0)
				#263: (  2 64 ) (dir 1)
			} 

			list of points evaluation (poll) {

				evaluation 1/2 {

					point #262 (  2 -64 )
					direction  : (  0 -64 ) Ortho-MADS 2n
					mesh index : -6

					poll unsuccessful point #262: evaluation failed
				} 

				evaluation 2/2 {

					point #263 (  2 64 )
					direction  : (  0 64 ) Ortho-MADS 2n
					mesh index : -6

					poll unsuccessful point #263: evaluation failed
				} 

			} end of evaluations


			MADS extended poll {


				extended poll pts sorting (on surrogates) {


					list of points evaluation (extended poll) {

						surrogate evaluation 1/4 {

							point #264 (  0  0 )
							mesh index : -6


							point #264 sgte eval: h=0 f=2.4439547061899999925
						} 

						surrogate evaluation 2/4 {

							point #265 (  3  0 )
							mesh index : -6


							point #265 sgte eval: h=0 f=0.27657890319799999235
						} 

						surrogate evaluation 3/4 {

							point #266 ( 403  0 )
							mesh index : -6


							point #266 sgte eval: h=0 f=0.72053480148299997587
						} 

						surrogate evaluation 4/4 {

							point #267 ( 503  0 )
							mesh index : -6


							point #267 sgte eval: h=0 f=0.77582478523300002493
						} 

					} end of evaluations


					sorted ext poll pts {

						point #1/4 : (     3     0 )
						point #2/4 : (   403     0 )
						point #3/4 : (   503     0 )
						point #4/4 : (     0     0 )

					} 


				} end of ext poll pts sorting (on surrogates)


				extended poll point eval {

					extended poll point = (     3     0 )

					list of points evaluation (extended poll) {

						evaluation 1/1 {

							point #268 (  3  0 )
							mesh index : -6

							extended poll unsuccessful point #268 [ h=0 f=0.26122482299799998362 ]
						} 

					} end of evaluations


				} 


				extended poll center: (     3     0 )

				perform extended poll descent ...... no

				extended poll point eval {

					extended poll point = (   403     0 )

					list of points evaluation (extended poll) {

						evaluation 1/1 {

							point #269 ( 403  0 )
							mesh index : -6

							extended poll unsuccessful point #269 [ h=0 f=0.72134565115000004454 ]
						} 

					} end of evaluations


				} 


				extended poll center: (   403     0 )

				perform extended poll descent ...... no

				extended poll point eval {

					extended poll point = (   503     0 )

					list of points evaluation (extended poll) {

						evaluation 1/1 {

							point #270 ( 503  0 )
							mesh index : -6

							extended poll unsuccessful point #270 [ h=0 f=0.89694624185600002608 ]
						} 

					} end of evaluations


				} 


				extended poll center: (   503     0 )

				perform extended poll descent ...... no

				extended poll point eval {

					extended poll point = (     0     0 )

					list of points evaluation (extended poll) {

						evaluation 1/1 {

							point #271 (  0  0 )
							mesh index : -6

							extended poll unsuccessful point #271 [ h=0 f=2.3113191318499999305 ]
						} 

					} end of evaluations


				} 


				extended poll center: (     0     0 )

				perform extended poll descent ...... no

			} end of extended poll

		} end of poll

		Mesh update {
			previous mesh index: -6
			new mesh index     : -5
		} 


		terminate MADS       : no
		iteration status     : unsuccessful
		new feas. incumbent  : none
		new infeas. incumbent: none

	} end of iteration 6

	MADS iteration 7 {

		blackbox evaluations : 26
		best feas. solution  : (  2  0 ) h=0 f=0.066089508533499999321
		best infeas. solution: none
		poll center          : (  2  0 )
		mesh size            : (  1  1 )
		poll size            : ( 32 32 )
		mesh index           : -5
		h_max                : inf

		MADS search {
		} end of search

		MADS poll {

			poll center: (  2  0 )

			poll directions (include mesh size parameter) {
				dir 0 : (  0 -25 ) Ortho-MADS 2n
				dir 1 : (  0 25 ) Ortho-MADS 2n
			} 

			re-ordered list of 2 poll trial points {
				#272 : (  2 -25 ) (dir 0)
				#273 : (  2 25 ) (dir 1)
			} 

			list of points evaluation (poll) {

				surrogate evaluation 1/2 {

					point #272 (  2 -25 )
					direction  : (  0 -25 ) Ortho-MADS 2n
					mesh index : -5


					point #272 sgte eval: failed
				} 

				surrogate evaluation 2/2 {

					point #273 (  2 25 )
					direction  : (  0 25 ) Ortho-MADS 2n
					mesh index : -5


					point #273 sgte eval: failed
				} 

			} end of evaluations

			re-ordered list of 2 poll trial points {

				#274: (  2 -25 ) (dir 0)
				#275: (  2 25 ) (dir 1)
			} 

			list of points evaluation (poll) {

				evaluation 1/2 {

					point #274 (  2 -25 )
					direction  : (  0 -25 ) Ortho-MADS 2n
					mesh index : -5

					poll unsuccessful point #274: evaluation failed
				} 

				evaluation 2/2 {

					point #275 (  2 25 )
					direction  : (  0 25 ) Ortho-MADS 2n
					mesh index : -5

					poll unsuccessful point #275: evaluation failed
				} 

			} end of evaluations


			MADS extended poll {


				extended poll pts sorting (on surrogates) {


					list of points evaluation (extended poll) {

						surrogate evaluation 1/4 {

							point #276 (  0  0 )
							mesh index : -5

							surrogate cache hit: #276 --> #264

							point #264 sgte eval: h=0 f=2.4439547061899999925
						} 

						surrogate evaluation 2/4 {

							point #277 (  3  0 )
							mesh index : -5

							surrogate cache hit: #277 --> #265

							point #265 sgte eval: h=0 f=0.27657890319799999235
						} 

						surrogate evaluation 3/4 {

							point #278 ( 403  0 )
							mesh index : -5

							surrogate cache hit: #278 --> #266

							point #266 sgte eval: h=0 f=0.72053480148299997587
						} 

						surrogate evaluation 4/4 {

							point #279 ( 503  0 )
							mesh index : -5

							surrogate cache hit: #279 --> #267

							point #267 sgte eval: h=0 f=0.77582478523300002493
						} 

					} end of evaluations


					sorted ext poll pts {

						point #1/4 : (     3     0 )
						point #2/4 : (   403     0 )
						point #3/4 : (   503     0 )
						point #4/4 : (     0     0 )

					} 


				} end of ext poll pts sorting (on surrogates)


				extended poll point eval {

					extended poll point = (     3     0 )

					list of points evaluation (extended poll) {

						evaluation 1/1 {

							point #280 (  3  0 )
							mesh index : -5

							cache hit: #280 --> #268
							extended poll unsuccessful point #268 [ h=0 f=0.26122482299799998362 ]
						} 

					} end of evaluations


				} 


				extended poll center: (     3     0 )

				perform extended poll descent ...... no

				extended poll point eval {

					extended poll point = (   403     0 )

					list of points evaluation (extended poll) {

						evaluation 1/1 {

							point #281 ( 403  0 )
							mesh index : -5

							cache hit: #281 --> #269
							extended poll unsuccessful point #269 [ h=0 f=0.72134565115000004454 ]
						} 

					} end of evaluations


				} 


				extended poll center: (   403     0 )

				perform extended poll descent ...... no

				extended poll point eval {

					extended poll point = (   503     0 )

					list of points evaluation (extended poll) {

						evaluation 1/1 {

							point #282 ( 503  0 )
							mesh index : -5

							cache hit: #282 --> #270
							extended poll unsuccessful point #270 [ h=0 f=0.89694624185600002608 ]
						} 

					} end of evaluations


				} 


				extended poll center: (   503     0 )

				perform extended poll descent ...... no

				extended poll point eval {

					extended poll point = (     0     0 )

					list of points evaluation (extended poll) {

						evaluation 1/1 {

							point #283 (  0  0 )
							mesh index : -5

							cache hit: #283 --> #271
							extended poll unsuccessful point #271 [ h=0 f=2.3113191318499999305 ]
						} 

					} end of evaluations


				} 


				extended poll center: (     0     0 )

				perform extended poll descent ...... no

			} end of extended poll

		} end of poll

		Mesh update {
			previous mesh index: -5
			new mesh index     : -4
		} 


		terminate MADS       : no
		iteration status     : unsuccessful
		new feas. incumbent  : none
		new infeas. incumbent: none

	} end of iteration 7

	MADS iteration 8 {

		blackbox evaluations : 28
		best feas. solution  : (  2  0 ) h=0 f=0.066089508533499999321
		best infeas. solution: none
		poll center          : (  2  0 )
		mesh size            : (  1  1 )
		poll size            : ( 16 16 )
		mesh index           : -4
		h_max                : inf

		MADS search {
		} end of search

		MADS poll {

			poll center: (  2  0 )

			poll directions (include mesh size parameter) {
				dir 0 : (  0 -16 ) Ortho-MADS 2n
				dir 1 : (  0 16 ) Ortho-MADS 2n
			} 

			re-ordered list of 2 poll trial points {
				#284 : (  2 -16 ) (dir 0)
				#285 : (  2 16 ) (dir 1)
			} 

			list of points evaluation (poll) {

				surrogate evaluation 1/2 {

					point #284 (  2 -16 )
					direction  : (  0 -16 ) Ortho-MADS 2n
					mesh index : -4


					point #284 sgte eval: failed
				} 

				surrogate evaluation 2/2 {

					point #285 (  2 16 )
					direction  : (  0 16 ) Ortho-MADS 2n
					mesh index : -4


					point #285 sgte eval: failed
				} 

			} end of evaluations

			re-ordered list of 2 poll trial points {

				#286: (  2 -16 ) (dir 0)
				#287: (  2 16 ) (dir 1)
			} 

			list of points evaluation (poll) {

				evaluation 1/2 {

					point #286 (  2 -16 )
					direction  : (  0 -16 ) Ortho-MADS 2n
					mesh index : -4

					poll unsuccessful point #286: evaluation failed
				} 

				evaluation 2/2 {

					point #287 (  2 16 )
					direction  : (  0 16 ) Ortho-MADS 2n
					mesh index : -4

					poll unsuccessful point #287: evaluation failed
				} 

			} end of evaluations


			MADS extended poll {


				extended poll pts sorting (on surrogates) {


					list of points evaluation (extended poll) {

						surrogate evaluation 1/4 {

							point #288 (  0  0 )
							mesh index : -4

							surrogate cache hit: #288 --> #264

							point #264 sgte eval: h=0 f=2.4439547061899999925
						} 

						surrogate evaluation 2/4 {

							point #289 (  3  0 )
							mesh index : -4

							surrogate cache hit: #289 --> #265

							point #265 sgte eval: h=0 f=0.27657890319799999235
						} 

						surrogate evaluation 3/4 {

							point #290 ( 403  0 )
							mesh index : -4

							surrogate cache hit: #290 --> #266

							point #266 sgte eval: h=0 f=0.72053480148299997587
						} 

						surrogate evaluation 4/4 {

							point #291 ( 503  0 )
							mesh index : -4

							surrogate cache hit: #291 --> #267

							point #267 sgte eval: h=0 f=0.77582478523300002493
						} 

					} end of evaluations


					sorted ext poll pts {

						point #1/4 : (     3     0 )
						point #2/4 : (   403     0 )
						point #3/4 : (   503     0 )
						point #4/4 : (     0     0 )

					} 


				} end of ext poll pts sorting (on surrogates)


				extended poll point eval {

					extended poll point = (     3     0 )

					list of points evaluation (extended poll) {

						evaluation 1/1 {

							point #292 (  3  0 )
							mesh index : -4

							cache hit: #292 --> #268
							extended poll unsuccessful point #268 [ h=0 f=0.26122482299799998362 ]
						} 

					} end of evaluations


				} 


				extended poll center: (     3     0 )

				perform extended poll descent ...... no

				extended poll point eval {

					extended poll point = (   403     0 )

					list of points evaluation (extended poll) {

						evaluation 1/1 {

							point #293 ( 403  0 )
							mesh index : -4

							cache hit: #293 --> #269
							extended poll unsuccessful point #269 [ h=0 f=0.72134565115000004454 ]
						} 

					} end of evaluations


				} 


				extended poll center: (   403     0 )

				perform extended poll descent ...... no

				extended poll point eval {

					extended poll point = (   503     0 )

					list of points evaluation (extended poll) {

						evaluation 1/1 {

							point #294 ( 503  0 )
							mesh index : -4

							cache hit: #294 --> #270
							extended poll unsuccessful point #270 [ h=0 f=0.89694624185600002608 ]
						} 

					} end of evaluations


				} 


				extended poll center: (   503     0 )

				perform extended poll descent ...... no

				extended poll point eval {

					extended poll point = (     0     0 )

					list of points evaluation (extended poll) {

						evaluation 1/1 {

							point #295 (  0  0 )
							mesh index : -4

							cache hit: #295 --> #271
							extended poll unsuccessful point #271 [ h=0 f=2.3113191318499999305 ]
						} 

					} end of evaluations


				} 


				extended poll center: (     0     0 )

				perform extended poll descent ...... no

			} end of extended poll

		} end of poll

		Mesh update {
			previous mesh index: -4
			new mesh index     : -3
		} 


		terminate MADS       : no
		iteration status     : unsuccessful
		new feas. incumbent  : none
		new infeas. incumbent: none

	} end of iteration 8

	MADS iteration 9 {

		blackbox evaluations : 30
		best feas. solution  : (  2  0 ) h=0 f=0.066089508533499999321
		best infeas. solution: none
		poll center          : (  2  0 )
		mesh size            : (  1  1 )
		poll size            : (  8  8 )
		mesh index           : -3
		h_max                : inf

		MADS search {
		} end of search

		MADS poll {

			poll center: (  2  0 )

			poll directions (include mesh size parameter) {
				dir 0 : (  0 -4 ) Ortho-MADS 2n
				dir 1 : (  0  4 ) Ortho-MADS 2n
			} 

			re-ordered list of 2 poll trial points {
				#296 : (  2 -4 ) (dir 0)
				#297 : (  2  4 ) (dir 1)
			} 

			list of points evaluation (poll) {

				surrogate evaluation 1/2 {

					point #296 (  2 -4 )
					direction  : (  0 -4 ) Ortho-MADS 2n
					mesh index : -3


					point #296 sgte eval: failed
				} 

				surrogate evaluation 2/2 {

					point #297 (  2  4 )
					direction  : (  0  4 ) Ortho-MADS 2n
					mesh index : -3


					point #297 sgte eval: failed
				} 

			} end of evaluations

			re-ordered list of 2 poll trial points {

				#298: (  2 -4 ) (dir 0)
				#299: (  2  4 ) (dir 1)
			} 

			list of points evaluation (poll) {

				evaluation 1/2 {

					point #298 (  2 -4 )
					direction  : (  0 -4 ) Ortho-MADS 2n
					mesh index : -3

					poll unsuccessful point #298: evaluation failed
				} 

				evaluation 2/2 {

					point #299 (  2  4 )
					direction  : (  0  4 ) Ortho-MADS 2n
					mesh index : -3

					poll unsuccessful point #299: evaluation failed
				} 

			} end of evaluations


			MADS extended poll {


				extended poll pts sorting (on surrogates) {


					list of points evaluation (extended poll) {

						surrogate evaluation 1/4 {

							point #300 (  0  0 )
							mesh index : -3

							surrogate cache hit: #300 --> #264

							point #264 sgte eval: h=0 f=2.4439547061899999925
						} 

						surrogate evaluation 2/4 {

							point #301 (  3  0 )
							mesh index : -3

							surrogate cache hit: #301 --> #265

							point #265 sgte eval: h=0 f=0.27657890319799999235
						} 

						surrogate evaluation 3/4 {

							point #302 ( 403  0 )
							mesh index : -3

							surrogate cache hit: #302 --> #266

							point #266 sgte eval: h=0 f=0.72053480148299997587
						} 

						surrogate evaluation 4/4 {

							point #303 ( 503  0 )
							mesh index : -3

							surrogate cache hit: #303 --> #267

							point #267 sgte eval: h=0 f=0.77582478523300002493
						} 

					} end of evaluations


					sorted ext poll pts {

						point #1/4 : (     3     0 )
						point #2/4 : (   403     0 )
						point #3/4 : (   503     0 )
						point #4/4 : (     0     0 )

					} 


				} end of ext poll pts sorting (on surrogates)


				extended poll point eval {

					extended poll point = (     3     0 )

					list of points evaluation (extended poll) {

						evaluation 1/1 {

							point #304 (  3  0 )
							mesh index : -3

							cache hit: #304 --> #268
							extended poll unsuccessful point #268 [ h=0 f=0.26122482299799998362 ]
						} 

					} end of evaluations


				} 


				extended poll center: (     3     0 )

				perform extended poll descent ...... no

				extended poll point eval {

					extended poll point = (   403     0 )

					list of points evaluation (extended poll) {

						evaluation 1/1 {

							point #305 ( 403  0 )
							mesh index : -3

							cache hit: #305 --> #269
							extended poll unsuccessful point #269 [ h=0 f=0.72134565115000004454 ]
						} 

					} end of evaluations


				} 


				extended poll center: (   403     0 )

				perform extended poll descent ...... no

				extended poll point eval {

					extended poll point = (   503     0 )

					list of points evaluation (extended poll) {

						evaluation 1/1 {

							point #306 ( 503  0 )
							mesh index : -3

							cache hit: #306 --> #270
							extended poll unsuccessful point #270 [ h=0 f=0.89694624185600002608 ]
						} 

					} end of evaluations


				} 


				extended poll center: (   503     0 )

				perform extended poll descent ...... no

				extended poll point eval {

					extended poll point = (     0     0 )

					list of points evaluation (extended poll) {

						evaluation 1/1 {

							point #307 (  0  0 )
							mesh index : -3

							cache hit: #307 --> #271
							extended poll unsuccessful point #271 [ h=0 f=2.3113191318499999305 ]
						} 

					} end of evaluations


				} 


				extended poll center: (     0     0 )

				perform extended poll descent ...... no

			} end of extended poll

		} end of poll

		Mesh update {
			previous mesh index: -3
			new mesh index     : -2
		} 


		terminate MADS       : no
		iteration status     : unsuccessful
		new feas. incumbent  : none
		new infeas. incumbent: none

	} end of iteration 9

	MADS iteration 10 {

		blackbox evaluations : 32
		best feas. solution  : (  2  0 ) h=0 f=0.066089508533499999321
		best infeas. solution: none
		poll center          : (  2  0 )
		mesh size            : (  1  1 )
		poll size            : (  4  4 )
		mesh index           : -2
		h_max                : inf

		MADS search {
		} end of search

		MADS poll {

			poll center: (  2  0 )

			poll directions (include mesh size parameter) {
				dir 0 : (  0 -4 ) Ortho-MADS 2n
				dir 1 : (  0  4 ) Ortho-MADS 2n
			} 

			re-ordered list of 2 poll trial points {
				#308 : (  2 -4 ) (dir 0)
				#309 : (  2  4 ) (dir 1)
			} 

			list of points evaluation (poll) {

				surrogate evaluation 1/2 {

					point #308 (  2 -4 )
					direction  : (  0 -4 ) Ortho-MADS 2n
					mesh index : -2

					surrogate cache hit: #308 --> #296

					point #296 sgte eval: failed
				} 

				surrogate evaluation 2/2 {

					point #309 (  2  4 )
					direction  : (  0  4 ) Ortho-MADS 2n
					mesh index : -2

					surrogate cache hit: #309 --> #297

					point #297 sgte eval: failed
				} 

			} end of evaluations

			re-ordered list of 2 poll trial points {

				#310: (  2 -4 ) (dir 0)
				#311: (  2  4 ) (dir 1)
			} 

			list of points evaluation (poll) {

				evaluation 1/2 {

					point #310 (  2 -4 )
					direction  : (  0 -4 ) Ortho-MADS 2n
					mesh index : -3

					cache hit: #310 --> #298
					poll unsuccessful point #298: evaluation failed
				} 

				evaluation 2/2 {

					point #311 (  2  4 )
					direction  : (  0  4 ) Ortho-MADS 2n
					mesh index : -3

					cache hit: #311 --> #299
					poll unsuccessful point #299: evaluation failed
				} 

			} end of evaluations


			MADS extended poll {


				extended poll pts sorting (on surrogates) {


					list of points evaluation (extended poll) {

						surrogate evaluation 1/4 {

							point #312 (  0  0 )
							mesh index : -2

							surrogate cache hit: #312 --> #264

							point #264 sgte eval: h=0 f=2.4439547061899999925
						} 

						surrogate evaluation 2/4 {

							point #313 (  3  0 )
							mesh index : -2

							surrogate cache hit: #313 --> #265

							point #265 sgte eval: h=0 f=0.27657890319799999235
						} 

						surrogate evaluation 3/4 {

							point #314 ( 403  0 )
							mesh index : -2

							surrogate cache hit: #314 --> #266

							point #266 sgte eval: h=0 f=0.72053480148299997587
						} 

						surrogate evaluation 4/4 {

							point #315 ( 503  0 )
							mesh index : -2

							surrogate cache hit: #315 --> #267

							point #267 sgte eval: h=0 f=0.77582478523300002493
						} 

					} end of evaluations


					sorted ext poll pts {

						point #1/4 : (     3     0 )
						point #2/4 : (   403     0 )
						point #3/4 : (   503     0 )
						point #4/4 : (     0     0 )

					} 


				} end of ext poll pts sorting (on surrogates)


				extended poll point eval {

					extended poll point = (     3     0 )

					list of points evaluation (extended poll) {

						evaluation 1/1 {

							point #316 (  3  0 )
							mesh index : -2

							cache hit: #316 --> #268
							extended poll unsuccessful point #268 [ h=0 f=0.26122482299799998362 ]
						} 

					} end of evaluations


				} 


				extended poll center: (     3     0 )

				perform extended poll descent ...... no

				extended poll point eval {

					extended poll point = (   403     0 )

					list of points evaluation (extended poll) {

						evaluation 1/1 {

							point #317 ( 403  0 )
							mesh index : -2

							cache hit: #317 --> #269
							extended poll unsuccessful point #269 [ h=0 f=0.72134565115000004454 ]
						} 

					} end of evaluations


				} 


				extended poll center: (   403     0 )

				perform extended poll descent ...... no

				extended poll point eval {

					extended poll point = (   503     0 )

					list of points evaluation (extended poll) {

						evaluation 1/1 {

							point #318 ( 503  0 )
							mesh index : -2

							cache hit: #318 --> #270
							extended poll unsuccessful point #270 [ h=0 f=0.89694624185600002608 ]
						} 

					} end of evaluations


				} 


				extended poll center: (   503     0 )

				perform extended poll descent ...... no

				extended poll point eval {

					extended poll point = (     0     0 )

					list of points evaluation (extended poll) {

						evaluation 1/1 {

							point #319 (  0  0 )
							mesh index : -2

							cache hit: #319 --> #271
							extended poll unsuccessful point #271 [ h=0 f=2.3113191318499999305 ]
						} 

					} end of evaluations


				} 


				extended poll center: (     0     0 )

				perform extended poll descent ...... no

			} end of extended poll

		} end of poll

		Mesh update {
			previous mesh index: -2
			new mesh index     : -1
		} 


		terminate MADS       : no
		iteration status     : unsuccessful
		new feas. incumbent  : none
		new infeas. incumbent: none

	} end of iteration 10

	MADS iteration 11 {

		blackbox evaluations : 32
		best feas. solution  : (  2  0 ) h=0 f=0.066089508533499999321
		best infeas. solution: none
		poll center          : (  2  0 )
		mesh size            : (  1  1 )
		poll size            : (  2  2 )
		mesh index           : -1
		h_max                : inf

		MADS search {
		} end of search

		MADS poll {

			poll center: (  2  0 )

			poll directions (include mesh size parameter) {
				dir 0 : (  0 -1 ) Ortho-MADS 2n
				dir 1 : (  0  1 ) Ortho-MADS 2n
			} 

			re-ordered list of 2 poll trial points {
				#320 : (  2 -1 ) (dir 0)
				#321 : (  2  1 ) (dir 1)
			} 

			list of points evaluation (poll) {

				surrogate evaluation 1/2 {

					point #320 (  2 -1 )
					direction  : (  0 -1 ) Ortho-MADS 2n
					mesh index : -1


					point #320 sgte eval: failed
				} 

				surrogate evaluation 2/2 {

					point #321 (  2  1 )
					direction  : (  0  1 ) Ortho-MADS 2n
					mesh index : -1


					point #321 sgte eval: failed
				} 

			} end of evaluations

			re-ordered list of 2 poll trial points {

				#322: (  2 -1 ) (dir 0)
				#323: (  2  1 ) (dir 1)
			} 

			list of points evaluation (poll) {

				evaluation 1/2 {

					point #322 (  2 -1 )
					direction  : (  0 -1 ) Ortho-MADS 2n
					mesh index : -1

					poll unsuccessful point #322: evaluation failed
				} 

				evaluation 2/2 {

					point #323 (  2  1 )
					direction  : (  0  1 ) Ortho-MADS 2n
					mesh index : -1

					poll unsuccessful point #323: evaluation failed
				} 

			} end of evaluations


			MADS extended poll {


				extended poll pts sorting (on surrogates) {


					list of points evaluation (extended poll) {

						surrogate evaluation 1/4 {

							point #324 (  0  0 )
							mesh index : -1

							surrogate cache hit: #324 --> #264

							point #264 sgte eval: h=0 f=2.4439547061899999925
						} 

						surrogate evaluation 2/4 {

							point #325 (  3  0 )
							mesh index : -1

							surrogate cache hit: #325 --> #265

							point #265 sgte eval: h=0 f=0.27657890319799999235
						} 

						surrogate evaluation 3/4 {

							point #326 ( 403  0 )
							mesh index : -1

							surrogate cache hit: #326 --> #266

							point #266 sgte eval: h=0 f=0.72053480148299997587
						} 

						surrogate evaluation 4/4 {

							point #327 ( 503  0 )
							mesh index : -1

							surrogate cache hit: #327 --> #267

							point #267 sgte eval: h=0 f=0.77582478523300002493
						} 

					} end of evaluations


					sorted ext poll pts {

						point #1/4 : (     3     0 )
						point #2/4 : (   403     0 )
						point #3/4 : (   503     0 )
						point #4/4 : (     0     0 )

					} 


				} end of ext poll pts sorting (on surrogates)


				extended poll point eval {

					extended poll point = (     3     0 )

					list of points evaluation (extended poll) {

						evaluation 1/1 {

							point #328 (  3  0 )
							mesh index : -1

							cache hit: #328 --> #268
							extended poll unsuccessful point #268 [ h=0 f=0.26122482299799998362 ]
						} 

					} end of evaluations


				} 


				extended poll center: (     3     0 )

				perform extended poll descent ...... no

				extended poll point eval {

					extended poll point = (   403     0 )

					list of points evaluation (extended poll) {

						evaluation 1/1 {

							point #329 ( 403  0 )
							mesh index : -1

							cache hit: #329 --> #269
							extended poll unsuccessful point #269 [ h=0 f=0.72134565115000004454 ]
						} 

					} end of evaluations


				} 


				extended poll center: (   403     0 )

				perform extended poll descent ...... no

				extended poll point eval {

					extended poll point = (   503     0 )

					list of points evaluation (extended poll) {

						evaluation 1/1 {

							point #330 ( 503  0 )
							mesh index : -1

							cache hit: #330 --> #270
							extended poll unsuccessful point #270 [ h=0 f=0.89694624185600002608 ]
						} 

					} end of evaluations


				} 


				extended poll center: (   503     0 )

				perform extended poll descent ...... no

				extended poll point eval {

					extended poll point = (     0     0 )

					list of points evaluation (extended poll) {

						evaluation 1/1 {

							point #331 (  0  0 )
							mesh index : -1

							cache hit: #331 --> #271
							extended poll unsuccessful point #271 [ h=0 f=2.3113191318499999305 ]
						} 

					} end of evaluations


				} 


				extended poll center: (     0     0 )

				perform extended poll descent ...... no

			} end of extended poll

		} end of poll

		Mesh update {
			previous mesh index: -1
			new mesh index     : 0
		} 


		terminate MADS       : no
		iteration status     : unsuccessful
		new feas. incumbent  : none
		new infeas. incumbent: none

	} end of iteration 11

	MADS iteration 12 {

		blackbox evaluations : 34
		best feas. solution  : (  2  0 ) h=0 f=0.066089508533499999321
		best infeas. solution: none
		poll center          : (  2  0 )
		mesh size            : (  1  1 )
		poll size            : (  1  1 )
		mesh index           : 0
		h_max                : inf

		MADS search {
		} end of search

		MADS poll {

			poll center: (  2  0 )

			poll directions (include mesh size parameter) {
				dir 0 : (  0 -1 ) Ortho-MADS 2n
				dir 1 : (  0  1 ) Ortho-MADS 2n
			} 

			re-ordered list of 2 poll trial points {
				#332 : (  2 -1 ) (dir 0)
				#333 : (  2  1 ) (dir 1)
			} 

			list of points evaluation (poll) {

				surrogate evaluation 1/2 {

					point #332 (  2 -1 )
					direction  : (  0 -1 ) Ortho-MADS 2n
					mesh index : 0

					surrogate cache hit: #332 --> #320

					point #320 sgte eval: failed
				} 

				surrogate evaluation 2/2 {

					point #333 (  2  1 )
					direction  : (  0  1 ) Ortho-MADS 2n
					mesh index : 0

					surrogate cache hit: #333 --> #321

					point #321 sgte eval: failed
				} 

			} end of evaluations

			re-ordered list of 2 poll trial points {

				#334: (  2 -1 ) (dir 0)
				#335: (  2  1 ) (dir 1)
			} 

			list of points evaluation (poll) {

				evaluation 1/2 {

					point #334 (  2 -1 )
					direction  : (  0 -1 ) Ortho-MADS 2n
					mesh index : -1

					cache hit: #334 --> #322
					poll unsuccessful point #322: evaluation failed
				} 

				evaluation 2/2 {

					point #335 (  2  1 )
					direction  : (  0  1 ) Ortho-MADS 2n
					mesh index : -1

					cache hit: #335 --> #323
					poll unsuccessful point #323: evaluation failed
				} 

			} end of evaluations


			MADS extended poll {


				extended poll pts sorting (on surrogates) {


					list of points evaluation (extended poll) {

						surrogate evaluation 1/4 {

							point #336 (  0  0 )
							mesh index : 0

							surrogate cache hit: #336 --> #264

							point #264 sgte eval: h=0 f=2.4439547061899999925
						} 

						surrogate evaluation 2/4 {

							point #337 (  3  0 )
							mesh index : 0

							surrogate cache hit: #337 --> #265

							point #265 sgte eval: h=0 f=0.27657890319799999235
						} 

						surrogate evaluation 3/4 {

							point #338 ( 403  0 )
							mesh index : 0

							surrogate cache hit: #338 --> #266

							point #266 sgte eval: h=0 f=0.72053480148299997587
						} 

						surrogate evaluation 4/4 {

							point #339 ( 503  0 )
							mesh index : 0

							surrogate cache hit: #339 --> #267

							point #267 sgte eval: h=0 f=0.77582478523300002493
						} 

					} end of evaluations


					sorted ext poll pts {

						point #1/4 : (     3     0 )
						point #2/4 : (   403     0 )
						point #3/4 : (   503     0 )
						point #4/4 : (     0     0 )

					} 


				} end of ext poll pts sorting (on surrogates)


				extended poll point eval {

					extended poll point = (     3     0 )

					list of points evaluation (extended poll) {

						evaluation 1/1 {

							point #340 (  3  0 )
							mesh index : 0

							cache hit: #340 --> #268
							extended poll unsuccessful point #268 [ h=0 f=0.26122482299799998362 ]
						} 

					} end of evaluations


				} 


				extended poll center: (     3     0 )

				perform extended poll descent ...... no

				extended poll point eval {

					extended poll point = (   403     0 )

					list of points evaluation (extended poll) {

						evaluation 1/1 {

							point #341 ( 403  0 )
							mesh index : 0

							cache hit: #341 --> #269
							extended poll unsuccessful point #269 [ h=0 f=0.72134565115000004454 ]
						} 

					} end of evaluations


				} 


				extended poll center: (   403     0 )

				perform extended poll descent ...... no

				extended poll point eval {

					extended poll point = (   503     0 )

					list of points evaluation (extended poll) {

						evaluation 1/1 {

							point #342 ( 503  0 )
							mesh index : 0

							cache hit: #342 --> #270
							extended poll unsuccessful point #270 [ h=0 f=0.89694624185600002608 ]
						} 

					} end of evaluations


				} 


				extended poll center: (   503     0 )

				perform extended poll descent ...... no

				extended poll point eval {

					extended poll point = (     0     0 )

					list of points evaluation (extended poll) {

						evaluation 1/1 {

							point #343 (  0  0 )
							mesh index : 0

							cache hit: #343 --> #271
							extended poll unsuccessful point #271 [ h=0 f=2.3113191318499999305 ]
						} 

					} end of evaluations


				} 


				extended poll center: (     0     0 )

				perform extended poll descent ...... no

			} end of extended poll

		} end of poll

		Mesh update {
			previous mesh index: 0
			new mesh index     : 1
		} 


		terminate MADS       : no
		iteration status     : unsuccessful
		new feas. incumbent  : none
		new infeas. incumbent: none

	} end of iteration 12

	MADS iteration 13 {

		blackbox evaluations : 34
		best feas. solution  : (  2  0 ) h=0 f=0.066089508533499999321
		best infeas. solution: none
		poll center          : (  2  0 )
		mesh size            : ( 0.25 0.25 )
		poll size            : ( 0.5 0.5 )
		mesh index           : 1
		h_max                : inf

		MADS search {
		} end of search

		MADS poll {

			poll center: (  2  0 )

			poll directions (include mesh size parameter) {
				dir 0 : (  0 -1 ) Ortho-MADS 2n
				dir 1 : (  0  1 ) Ortho-MADS 2n
			} 

			re-ordered list of 2 poll trial points {
				#344 : (  2 -1 ) (dir 0)
				#345 : (  2  1 ) (dir 1)
			} 

			list of points evaluation (poll) {

				surrogate evaluation 1/2 {

					point #344 (  2 -1 )
					direction  : (  0 -1 ) Ortho-MADS 2n
					mesh index : 1

					surrogate cache hit: #344 --> #320

					point #320 sgte eval: failed
				} 

				surrogate evaluation 2/2 {

					point #345 (  2  1 )
					direction  : (  0  1 ) Ortho-MADS 2n
					mesh index : 1

					surrogate cache hit: #345 --> #321

					point #321 sgte eval: failed
				} 

			} end of evaluations

			re-ordered list of 2 poll trial points {

				#346: (  2 -1 ) (dir 0)
				#347: (  2  1 ) (dir 1)
			} 

			list of points evaluation (poll) {

				evaluation 1/2 {

					point #346 (  2 -1 )
					direction  : (  0 -1 ) Ortho-MADS 2n
					mesh index : -1

					cache hit: #346 --> #322
					poll unsuccessful point #322: evaluation failed
				} 

				evaluation 2/2 {

					point #347 (  2  1 )
					direction  : (  0  1 ) Ortho-MADS 2n
					mesh index : -1

					cache hit: #347 --> #323
					poll unsuccessful point #323: evaluation failed
				} 

			} end of evaluations


			MADS extended poll {


				extended poll pts sorting (on surrogates) {


					list of points evaluation (extended poll) {

						surrogate evaluation 1/4 {

							point #348 (  0  0 )
							mesh index : 1

							surrogate cache hit: #348 --> #264

							point #264 sgte eval: h=0 f=2.4439547061899999925
						} 

						surrogate evaluation 2/4 {

							point #349 (  3  0 )
							mesh index : 1

							surrogate cache hit: #349 --> #265

							point #265 sgte eval: h=0 f=0.27657890319799999235
						} 

						surrogate evaluation 3/4 {

							point #350 ( 403  0 )
							mesh index : 1

							surrogate cache hit: #350 --> #266

							point #266 sgte eval: h=0 f=0.72053480148299997587
						} 

						surrogate evaluation 4/4 {

							point #351 ( 503  0 )
							mesh index : 1

							surrogate cache hit: #351 --> #267

							point #267 sgte eval: h=0 f=0.77582478523300002493
						} 

					} end of evaluations


					sorted ext poll pts {

						point #1/4 : (     3     0 )
						point #2/4 : (   403     0 )
						point #3/4 : (   503     0 )
						point #4/4 : (     0     0 )

					} 


				} end of ext poll pts sorting (on surrogates)


				extended poll point eval {

					extended poll point = (     3     0 )

					list of points evaluation (extended poll) {

						evaluation 1/1 {

							point #352 (  3  0 )
							mesh index : 1

							cache hit: #352 --> #268
							extended poll unsuccessful point #268 [ h=0 f=0.26122482299799998362 ]
						} 

					} end of evaluations


				} 


				extended poll center: (     3     0 )

				perform extended poll descent ...... no

				extended poll point eval {

					extended poll point = (   403     0 )

					list of points evaluation (extended poll) {

						evaluation 1/1 {

							point #353 ( 403  0 )
							mesh index : 1

							cache hit: #353 --> #269
							extended poll unsuccessful point #269 [ h=0 f=0.72134565115000004454 ]
						} 

					} end of evaluations


				} 


				extended poll center: (   403     0 )

				perform extended poll descent ...... no

				extended poll point eval {

					extended poll point = (   503     0 )

					list of points evaluation (extended poll) {

						evaluation 1/1 {

							point #354 ( 503  0 )
							mesh index : 1

							cache hit: #354 --> #270
							extended poll unsuccessful point #270 [ h=0 f=0.89694624185600002608 ]
						} 

					} end of evaluations


				} 


				extended poll center: (   503     0 )

				perform extended poll descent ...... no

				extended poll point eval {

					extended poll point = (     0     0 )

					list of points evaluation (extended poll) {

						evaluation 1/1 {

							point #355 (  0  0 )
							mesh index : 1

							cache hit: #355 --> #271
							extended poll unsuccessful point #271 [ h=0 f=2.3113191318499999305 ]
						} 

					} end of evaluations


				} 


				extended poll center: (     0     0 )

				perform extended poll descent ...... no

			} end of extended poll

		} end of poll

		Mesh update {
			previous mesh index: 1
			new mesh index     : 2
		} 


		terminate MADS       : no
		iteration status     : unsuccessful
		new feas. incumbent  : none
		new infeas. incumbent: none

	} end of iteration 13

	MADS iteration 14 {

		blackbox evaluations : 34
		best feas. solution  : (  2  0 ) h=0 f=0.066089508533499999321
		best infeas. solution: none
		poll center          : (  2  0 )
		mesh size            : ( 0.0625 0.0625 )
		poll size            : ( 0.25 0.25 )
		mesh index           : 2
		h_max                : inf

		MADS search {
		} end of search

		MADS poll {

			poll center: (  2  0 )

			poll directions (include mesh size parameter) {
				dir 0 : (  0 -1 ) Ortho-MADS 2n
				dir 1 : (  0  1 ) Ortho-MADS 2n
			} 

			re-ordered list of 2 poll trial points {
				#356 : (  2 -1 ) (dir 0)
				#357 : (  2  1 ) (dir 1)
			} 

			list of points evaluation (poll) {

				surrogate evaluation 1/2 {

					point #356 (  2 -1 )
					direction  : (  0 -1 ) Ortho-MADS 2n
					mesh index : 2

					surrogate cache hit: #356 --> #320

					point #320 sgte eval: failed
				} 

				surrogate evaluation 2/2 {

					point #357 (  2  1 )
					direction  : (  0  1 ) Ortho-MADS 2n
					mesh index : 2

					surrogate cache hit: #357 --> #321

					point #321 sgte eval: failed
				} 

			} end of evaluations

			re-ordered list of 2 poll trial points {

				#358: (  2 -1 ) (dir 0)
				#359: (  2  1 ) (dir 1)
			} 

			list of points evaluation (poll) {

				evaluation 1/2 {

					point #358 (  2 -1 )
					direction  : (  0 -1 ) Ortho-MADS 2n
					mesh index : -1

					cache hit: #358 --> #322
					poll unsuccessful point #322: evaluation failed
				} 

				evaluation 2/2 {

					point #359 (  2  1 )
					direction  : (  0  1 ) Ortho-MADS 2n
					mesh index : -1

					cache hit: #359 --> #323
					poll unsuccessful point #323: evaluation failed
				} 

			} end of evaluations


			MADS extended poll {


				extended poll pts sorting (on surrogates) {


					list of points evaluation (extended poll) {

						surrogate evaluation 1/4 {

							point #360 (  0  0 )
							mesh index : 2

							surrogate cache hit: #360 --> #264

							point #264 sgte eval: h=0 f=2.4439547061899999925
						} 

						surrogate evaluation 2/4 {

							point #361 (  3  0 )
							mesh index : 2

							surrogate cache hit: #361 --> #265

							point #265 sgte eval: h=0 f=0.27657890319799999235
						} 

						surrogate evaluation 3/4 {

							point #362 ( 403  0 )
							mesh index : 2

							surrogate cache hit: #362 --> #266

							point #266 sgte eval: h=0 f=0.72053480148299997587
						} 

						surrogate evaluation 4/4 {

							point #363 ( 503  0 )
							mesh index : 2

							surrogate cache hit: #363 --> #267

							point #267 sgte eval: h=0 f=0.77582478523300002493
						} 

					} end of evaluations


					sorted ext poll pts {

						point #1/4 : (     3     0 )
						point #2/4 : (   403     0 )
						point #3/4 : (   503     0 )
						point #4/4 : (     0     0 )

					} 


				} end of ext poll pts sorting (on surrogates)


				extended poll point eval {

					extended poll point = (     3     0 )

					list of points evaluation (extended poll) {

						evaluation 1/1 {

							point #364 (  3  0 )
							mesh index : 2

							cache hit: #364 --> #268
							extended poll unsuccessful point #268 [ h=0 f=0.26122482299799998362 ]
						} 

					} end of evaluations


				} 


				extended poll center: (     3     0 )

				perform extended poll descent ...... no

				extended poll point eval {

					extended poll point = (   403     0 )

					list of points evaluation (extended poll) {

						evaluation 1/1 {

							point #365 ( 403  0 )
							mesh index : 2

							cache hit: #365 --> #269
							extended poll unsuccessful point #269 [ h=0 f=0.72134565115000004454 ]
						} 

					} end of evaluations


				} 


				extended poll center: (   403     0 )

				perform extended poll descent ...... no

				extended poll point eval {

					extended poll point = (   503     0 )

					list of points evaluation (extended poll) {

						evaluation 1/1 {

							point #366 ( 503  0 )
							mesh index : 2

							cache hit: #366 --> #270
							extended poll unsuccessful point #270 [ h=0 f=0.89694624185600002608 ]
						} 

					} end of evaluations


				} 


				extended poll center: (   503     0 )

				perform extended poll descent ...... no

				extended poll point eval {

					extended poll point = (     0     0 )

					list of points evaluation (extended poll) {

						evaluation 1/1 {

							point #367 (  0  0 )
							mesh index : 2

							cache hit: #367 --> #271
							extended poll unsuccessful point #271 [ h=0 f=2.3113191318499999305 ]
						} 

					} end of evaluations


				} 


				extended poll center: (     0     0 )

				perform extended poll descent ...... no

			} end of extended poll

		} end of poll

		Mesh update {
			previous mesh index: 2
			new mesh index     : 3
		} 


		terminate MADS       : yes
		termination cause    : max mesh index
		iteration status     : unsuccessful
		new feas. incumbent  : none
		new infeas. incumbent: none

	} end of iteration 14

} end of run (max mesh index)

NOMAD final display {

	cache {
		number of cache points: 34
		size in memory        : 4.5999999999999996447 KB
		cache file            : -
	} 

	stats {
		MADS iterations                 : 15
		blackbox evaluations            : 34
		simulated blackbox evaluations  : 0
		evaluations                     : 74
		surrogate evaluations           : 135
		failed evaluations              : 46
		interrupted sequences of eval.  : 0
		cache hits                      : 93
		number of poll searches         : 15
		poll successes                  : 6
		poll points                     : 30
		number of extended polls        : 15
		number of ext. poll descents    : 1
		number of ext. poll successes   : 6
		number of ext. poll points      : 198
		number of ext. poll bb eval     : 11
		number of speculative searches  : 6
		speculative search successes    : 0
		speculative search points       : 0
		number of user searches         : 0
		number of LH searches           : 0
		number of cache searches        : 0
		number of VNS searches          : 0
		no model has been constructed
		wall-clock time                 : 2h 48m 33s
	} 

	miscellaneous {
		mesh index      : min=-6, max=3, last=2
		best feas. sol  : ( 2 0 ) h=0 f=0.066089508533499999321
		best infeas. sol: none
	} 
} 
