
NOMAD - version 3.5.1 - www.gerad.ca/nomad

Copyright (C) 2001-2012 {
	Mark A. Abramson     - The Boeing Company
	Charles Audet        - Ecole Polytechnique de Montreal
	Gilles Couture       - Ecole Polytechnique de Montreal
	John E. Dennis, Jr.  - Rice University
	Sebastien Le Digabel - Ecole Polytechnique de Montreal
	Christophe Tribes    - Ecole Polytechnique de Montreal
} 

Funded in part by AFOSR and Exxon Mobil.

License   : '$NOMAD_HOME/src/lgpl.txt'
User guide: '$NOMAD_HOME/doc/user_guide.pdf'
Examples  : '$NOMAD_HOME/examples'
Tools     : '$NOMAD_HOME/tools'

Please report bugs to nomad@gerad.ca

parameters {

	problem directory    : ./
	dimension            : n=2
	blackbox input types : (   cat(C)   int(I) )
	extended poll trigger: 0.10000000000000000555 (relative)
	neighbors executable : $python neighbors.py
	variable groups {
		group #0 {
			indexes: { 0 }
			no directions (categorical variables)
		} 
		group #1 {
			indexes: { 1 }
			directions {
				n             : 1
				types         : { [Ortho-MADS 2n] }
				sec poll types: { }
				halton_seed   : 3
			} 
		} 
	} 
	blackbox outputs (m=1) {
		#0          OBJ	$python blackbox.py	$python surrogate.py
	} 
	signature                       : standard
	has surrogate                   : yes
	sort trial points with surrogate: yes
	surrogate cost                  : none
	add seed to output file names   : yes
	solution file                   : nomad-solution.11490.txt
	history file                    : none
	stats file                      : none
	cache file                      : none
	x0                              : ( 4422422    0 )
	directions         : Ortho-MADS 2n
	user halton seed   : 3
	mesh {
		update basis       :   4
		coarsening exponent:   1
		refining exponent  :  -1
		initial mesh index :   0
		max mesh index     :   2
		initial mesh size  : (    1    1 )
		min poll size      : (  NaN    1 )
	} 
	snap to bounds                   : yes
	opportunistic evaluations        : yes
	use models                       : no
	speculative search               : yes
	VNS search                       : no
	Latin-Hypercube (LH) search      : no
	cache search                     : no
	random seed / run id             : 11490
	epsilon                          : 1.0000000000000000304e-13
	undefined string                 : NaN
	infinity string                  : inf
	display degrees {
		general  : full (3)
		search   : full (3)
		poll     : full (3)
		iterative: full (3)
	} 
	display stats                : EVAL BBE [ SOL, ] BBO TIME
	display all evaluations      : no
	point display limit          : no limit
	max number of blackbox eval. : 100
	max cache memory             : 2000 MB
} 

MADS run {

	starting point evaluation {

		x0 eval point: ( 4422422  0 )

		list of points evaluation (x0 evaluation) {

			evaluation 1/1 {

				point #0 ( 4422422  0 )


				x0 evaluation dominating point #0 {
					x    = ( 4422422  0 )
					F(x) = [ 0.0030522871017499998009 ]
					h    = 0
					f    = 0.0030522871017499998009
				} 
			} 

		} end of evaluations


		terminate MADS       : no
		iteration status     : dominating
		new feas. incumbent  : #0 {
			x    = ( 4422422  0 )
			F(x) = [ 0.0030522871017499998009 ]
			h    = 0
			f    = 0.0030522871017499998009
		} 
		new infeas. incumbent: none

	} end of starting point evaluation

	MADS iteration 0 {

		blackbox evaluations : 1
		best feas. solution  : ( 4422422  0 ) h=0 f=0.0030522871017499998009
		best infeas. solution: none
		poll center          : ( 4422422  0 )
		mesh size            : (  1  1 )
		poll size            : (  1  1 )
		mesh index           : 0
		h_max                : inf

		MADS search {
		} end of search

		MADS poll {

			poll center: ( 4422422  0 )

			poll directions (include mesh size parameter) {
				dir 0 : (  0 -1 ) Ortho-MADS 2n
				dir 1 : (  0  1 ) Ortho-MADS 2n
			} 

			re-ordered list of 2 poll trial points {
				#1 : ( 4422422 -1 ) (dir 0)
				#2 : ( 4422422  1 ) (dir 1)
			} 

			list of points evaluation (poll) {

				surrogate evaluation 1/2 {

					point #1 ( 4422422 -1 )
					direction  : (  0 -1 ) Ortho-MADS 2n
					mesh index : 0


					point #1 sgte eval: failed
				} 

				surrogate evaluation 2/2 {

					point #2 ( 4422422  1 )
					direction  : (  0  1 ) Ortho-MADS 2n
					mesh index : 0


					point #2 sgte eval: failed
				} 

			} end of evaluations

			re-ordered list of 2 poll trial points {

				#3: ( 4422422 -1 ) (dir 0)
				#4: ( 4422422  1 ) (dir 1)
			} 

			list of points evaluation (poll) {

				evaluation 1/2 {

					point #3 ( 4422422 -1 )
					direction  : (  0 -1 ) Ortho-MADS 2n
					mesh index : 0

					poll unsuccessful point #3: evaluation failed
				} 

				evaluation 2/2 {

					point #4 ( 4422422  1 )
					direction  : (  0  1 ) Ortho-MADS 2n
					mesh index : 0

					poll unsuccessful point #4: evaluation failed
				} 

			} end of evaluations


			MADS extended poll {


				extended poll pts sorting (on surrogates) {


					list of points evaluation (extended poll) {

						surrogate evaluation 1/23 {

							point #5 ( 5422422  0 )
							mesh index : 0


							point #5 sgte eval: h=0 f=0.0034151077270500001908
						} 

						surrogate evaluation 2/23 {

							point #6 ( 4522422  0 )
							mesh index : 0


							point #6 sgte eval: h=0 f=0.0044558048248300001493
						} 

						surrogate evaluation 3/23 {

							point #7 ( 42422  0 )
							mesh index : 0


							point #7 sgte eval: h=0 f=0.0032279491424599998824
						} 

						surrogate evaluation 4/23 {

							point #8 ( 42422  0 )
							mesh index : 0

							surrogate cache hit: #8 --> #7

							point #7 sgte eval: h=0 f=0.0032279491424599998824
						} 

						surrogate evaluation 5/23 {

							point #9 ( 4402422  0 )
							mesh index : 0


							point #9 sgte eval: h=0 f=0.0050199031829800001142
						} 

						surrogate evaluation 6/23 {

							point #10 ( 4432422  0 )
							mesh index : 0


							point #10 sgte eval: h=0 f=0.0064299106597900000312
						} 

						surrogate evaluation 7/23 {

							point #11 ( 444032422  0 )
							mesh index : 0


							point #11 sgte eval: h=0 f=0.0048871040344199995903
						} 

						surrogate evaluation 8/23 {

							point #12 ( 445032422  0 )
							mesh index : 0


							point #12 sgte eval: h=0 f=0.0048170089721700001112
						} 

						surrogate evaluation 9/23 {

							point #13 ( 4420422  0 )
							mesh index : 0


							point #13 sgte eval: h=0 f=0.0058140754699699996946
						} 

						surrogate evaluation 10/23 {

							point #14 ( 4423422  0 )
							mesh index : 0


							point #14 sgte eval: h=0 f=0.0036571025848399999619
						} 

						surrogate evaluation 11/23 {

							point #15 ( 442403422  0 )
							mesh index : 0


							point #15 sgte eval: h=0 f=0.0045580863952600003328
						} 

						surrogate evaluation 12/23 {

							point #16 ( 442503422  0 )
							mesh index : 0


							point #16 sgte eval: h=0 f=0.0039448738098100000898
						} 

						surrogate evaluation 13/23 {

							point #17 ( 4422522  0 )
							mesh index : 0


							point #17 sgte eval: h=0 f=0.0032229423522900000308
						} 

						surrogate evaluation 14/23 {

							point #18 ( 44222  0 )
							mesh index : 0


							point #18 sgte eval: h=0 f=0.003879070281980000201
						} 

						surrogate evaluation 15/23 {

							point #19 ( 44222  0 )
							mesh index : 0

							surrogate cache hit: #19 --> #18

							point #18 sgte eval: h=0 f=0.003879070281980000201
						} 

						surrogate evaluation 16/23 {

							point #20 ( 4422402  0 )
							mesh index : 0


							point #20 sgte eval: h=0 f=0.005169868469240000361
						} 

						surrogate evaluation 17/23 {

							point #21 ( 4422432  0 )
							mesh index : 0


							point #21 sgte eval: h=0 f=0.0037229061126699998507
						} 

						surrogate evaluation 18/23 {

							point #22 ( 442244032  0 )
							mesh index : 0


							point #22 sgte eval: h=0 f=0.0038950443267800000449
						} 

						surrogate evaluation 19/23 {

							point #23 ( 442245032  0 )
							mesh index : 0


							point #23 sgte eval: h=0 f=0.0061409473419200000244
						} 

						surrogate evaluation 20/23 {

							point #24 ( 4422420  0 )
							mesh index : 0


							point #24 sgte eval: h=0 f=0.0050699710845900003084
						} 

						surrogate evaluation 21/23 {

							point #25 ( 4422423  0 )
							mesh index : 0


							point #25 sgte eval: h=0 f=0.003634929656980000201
						} 

						surrogate evaluation 22/23 {

							point #26 ( 442242403  0 )
							mesh index : 0


							point #26 sgte eval: h=0 f=0.0046339035034200001112
						} 

						surrogate evaluation 23/23 {

							point #27 ( 442242503  0 )
							mesh index : 0


							point #27 sgte eval: h=0 f=0.004684925079350000035
						} 

					} end of evaluations


					sorted ext poll pts {

						point # 1/21 : ( 4422522     0 )
						point # 2/21 : ( 42422     0 )
						point # 3/21 : ( 5422422     0 )
						point # 4/21 : ( 4422423     0 )
						point # 5/21 : ( 4423422     0 )
						point # 6/21 : ( 4422432     0 )
						point # 7/21 : ( 44222     0 )
						point # 8/21 : ( 442244032     0 )
						point # 9/21 : ( 442503422     0 )
						point #10/21 : ( 4522422     0 )
						point #11/21 : ( 442403422     0 )
						point #12/21 : ( 442242403     0 )
						point #13/21 : ( 442242503     0 )
						point #14/21 : ( 445032422     0 )
						point #15/21 : ( 444032422     0 )
						point #16/21 : ( 4402422     0 )
						point #17/21 : ( 4422420     0 )
						point #18/21 : ( 4422402     0 )
						point #19/21 : ( 4420422     0 )
						point #20/21 : ( 442245032     0 )
						point #21/21 : ( 4432422     0 )

					} 


				} end of ext poll pts sorting (on surrogates)


				extended poll point eval {

					extended poll point = ( 4422522     0 )

					list of points evaluation (extended poll) {

						evaluation 1/1 {

							point #28 ( 4422522  0 )
							mesh index : 0

							extended poll unsuccessful point #28 [ h=0 f=0.0036811876296999998699 ]
						} 

					} end of evaluations


				} 


				extended poll center: ( 4422522     0 )

				perform extended poll descent ...... no

				extended poll point eval {

					extended poll point = ( 42422     0 )

					list of points evaluation (extended poll) {

						evaluation 1/1 {

							point #29 ( 42422  0 )
							mesh index : 0

							extended poll unsuccessful point #29 [ h=0 f=0.0034752845764200001981 ]
						} 

					} end of evaluations


				} 


				extended poll center: ( 42422     0 )

				perform extended poll descent ...... no

				extended poll point eval {

					extended poll point = ( 5422422     0 )

					list of points evaluation (extended poll) {

						evaluation 1/1 {

							point #30 ( 5422422  0 )
							mesh index : 0

							extended poll unsuccessful point #30 [ h=0 f=0.0034641456603999999479 ]
						} 

					} end of evaluations


				} 


				extended poll center: ( 5422422     0 )

				perform extended poll descent ...... no

				extended poll point eval {

					extended poll point = ( 4422423     0 )

					list of points evaluation (extended poll) {

						evaluation 1/1 {

							point #31 ( 4422423  0 )
							mesh index : 0

							extended poll unsuccessful point #31 [ h=0 f=0.0042413139343299996811 ]
						} 

					} end of evaluations


				} 


				extended poll center: ( 4422423     0 )

				perform extended poll descent ...... no

				extended poll point eval {

					extended poll point = ( 4423422     0 )

					list of points evaluation (extended poll) {

						evaluation 1/1 {

							point #32 ( 4423422  0 )
							mesh index : 0

							extended poll unsuccessful point #32 [ h=0 f=0.0036408710479699998852 ]
						} 

					} end of evaluations


				} 


				extended poll center: ( 4423422     0 )

				perform extended poll descent ...... no

				extended poll point eval {

					extended poll point = ( 4422432     0 )

					list of points evaluation (extended poll) {

						evaluation 1/1 {

							point #33 ( 4422432  0 )
							mesh index : 0

							extended poll unsuccessful point #33 [ h=0 f=0.0036167764663699998422 ]
						} 

					} end of evaluations


				} 


				extended poll center: ( 4422432     0 )

				perform extended poll descent ...... no

				extended poll point eval {

					extended poll point = ( 44222     0 )

					list of points evaluation (extended poll) {

						evaluation 1/1 {

							point #34 ( 44222  0 )
							mesh index : 0

							extended poll unsuccessful point #34 [ h=0 f=0.0032824754715000000437 ]
						} 

					} end of evaluations


				} 


				extended poll center: ( 44222     0 )

				perform extended poll descent ...... yes

				extended poll descent (on surrogates) {

					       iteration = 0
					 blackbox eval.  = 10
					      sgte eval. = 23
					      mesh index = 0
					ext. poll center = ( 44222     0 ) f=0.0032824754715000000437 h=0


					MADS run {

						23+SGTE	OBJ	(ext-poll--surrogate)

						23+ 0	0.00387907028198000020	(ext-poll--surrogate)

					} end of run (max mesh index)

					blackbox evaluations    : 0
					best feasible solution  : ( 44222 0 ) h=0 f=0.003879070281980000201

				} end of extended poll descent (unsuccessful)


				extended poll point eval {

					extended poll point = ( 442244032     0 )

					list of points evaluation (extended poll) {

						evaluation 1/1 {

							point #35 ( 442244032  0 )
							mesh index : 0

							extended poll unsuccessful point #35 [ h=0 f=0.0043532514572099997169 ]
						} 

					} end of evaluations


				} 


				extended poll center: ( 442244032     0 )

				perform extended poll descent ...... no

				extended poll point eval {

					extended poll point = ( 442503422     0 )

					list of points evaluation (extended poll) {

						evaluation 1/1 {

							point #36 ( 442503422  0 )
							mesh index : 0

							extended poll unsuccessful point #36 [ h=0 f=0.0041070652008099997263 ]
						} 

					} end of evaluations


				} 


				extended poll center: ( 442503422     0 )

				perform extended poll descent ...... no

				extended poll point eval {

					extended poll point = ( 4522422     0 )

					list of points evaluation (extended poll) {

						evaluation 1/1 {

							point #37 ( 4522422  0 )
							mesh index : 0

							extended poll unsuccessful point #37 [ h=0 f=0.0033328628539999998609 ]
						} 

					} end of evaluations


				} 


				extended poll center: ( 4522422     0 )

				perform extended poll descent ...... yes

				extended poll descent (on surrogates) {

					       iteration = 0
					 blackbox eval.  = 13
					      sgte eval. = 25
					      mesh index = 0
					ext. poll center = ( 4522422     0 ) f=0.0033328628539999998609 h=0


					MADS run {

						25+SGTE	OBJ	(ext-poll--surrogate)

						25+ 0	0.00445580482483000015	(ext-poll--surrogate)

					} end of run (max mesh index)

					blackbox evaluations    : 0
					best feasible solution  : ( 4522422 0 ) h=0 f=0.0044558048248300001493

				} end of extended poll descent (unsuccessful)


				extended poll point eval {

					extended poll point = ( 442403422     0 )

					list of points evaluation (extended poll) {

						evaluation 1/1 {

							point #38 ( 442403422  0 )
							mesh index : 0

							extended poll unsuccessful point #38 [ h=0 f=0.0041572809219400002137 ]
						} 

					} end of evaluations


				} 


				extended poll center: ( 442403422     0 )

				perform extended poll descent ...... no

				extended poll point eval {

					extended poll point = ( 442242403     0 )

					list of points evaluation (extended poll) {

						evaluation 1/1 {

							point #39 ( 442242403  0 )
							mesh index : 0

							extended poll unsuccessful point #39 [ h=0 f=0.0038927268981899998054 ]
						} 

					} end of evaluations


				} 


				extended poll center: ( 442242403     0 )

				perform extended poll descent ...... no

				extended poll point eval {

					extended poll point = ( 442242503     0 )

					list of points evaluation (extended poll) {

						evaluation 1/1 {

							point #40 ( 442242503  0 )
							mesh index : 0

							extended poll unsuccessful point #40 [ h=0 f=0.0041057062149000003379 ]
						} 

					} end of evaluations


				} 


				extended poll center: ( 442242503     0 )

				perform extended poll descent ...... no

				extended poll point eval {

					extended poll point = ( 445032422     0 )

					list of points evaluation (extended poll) {

						evaluation 1/1 {

							point #41 ( 445032422  0 )
							mesh index : 0

							extended poll unsuccessful point #41 [ h=0 f=0.0042375707626300003483 ]
						} 

					} end of evaluations


				} 


				extended poll center: ( 445032422     0 )

				perform extended poll descent ...... no

				extended poll point eval {

					extended poll point = ( 444032422     0 )

					list of points evaluation (extended poll) {

						evaluation 1/1 {

							point #42 ( 444032422  0 )
							mesh index : 0

							extended poll unsuccessful point #42 [ h=0 f=0.0039411306381199997032 ]
						} 

					} end of evaluations


				} 


				extended poll center: ( 444032422     0 )

				perform extended poll descent ...... no

				extended poll point eval {

					extended poll point = ( 4402422     0 )

					list of points evaluation (extended poll) {

						evaluation 1/1 {

							point #43 ( 4402422  0 )
							mesh index : 0

							extended poll unsuccessful point #43 [ h=0 f=0.0051071500778199999809 ]
						} 

					} end of evaluations


				} 


				extended poll center: ( 4402422     0 )

				perform extended poll descent ...... no

				extended poll point eval {

					extended poll point = ( 4422420     0 )

					list of points evaluation (extended poll) {

						evaluation 1/1 {

							point #44 ( 4422420  0 )
							mesh index : 0

							extended poll unsuccessful point #44 [ h=0 f=0.0050911617279099999345 ]
						} 

					} end of evaluations


				} 


				extended poll center: ( 4422420     0 )

				perform extended poll descent ...... no

				extended poll point eval {

					extended poll point = ( 4422402     0 )

					list of points evaluation (extended poll) {

						evaluation 1/1 {

							point #45 ( 4422402  0 )
							mesh index : 0

							extended poll unsuccessful point #45 [ h=0 f=0.0050840997695900001438 ]
						} 

					} end of evaluations


				} 


				extended poll center: ( 4422402     0 )

				perform extended poll descent ...... no

				extended poll point eval {

					extended poll point = ( 4420422     0 )

					list of points evaluation (extended poll) {

						evaluation 1/1 {

							point #46 ( 4420422  0 )
							mesh index : 0

							extended poll unsuccessful point #46 [ h=0 f=0.0051063966751100000468 ]
						} 

					} end of evaluations


				} 


				extended poll center: ( 4420422     0 )

				perform extended poll descent ...... no

				extended poll point eval {

					extended poll point = ( 442245032     0 )

					list of points evaluation (extended poll) {

						evaluation 1/1 {

							point #47 ( 442245032  0 )
							mesh index : 0

							extended poll unsuccessful point #47 [ h=0 f=0.0042181301116899997533 ]
						} 

					} end of evaluations


				} 


				extended poll center: ( 442245032     0 )

				perform extended poll descent ...... no

				extended poll point eval {

					extended poll point = ( 4432422     0 )

					list of points evaluation (extended poll) {

						evaluation 1/1 {

							point #48 ( 4432422  0 )
							mesh index : 0

							extended poll unsuccessful point #48 [ h=0 f=0.0036106967925999999998 ]
						} 

					} end of evaluations


				} 


				extended poll center: ( 4432422     0 )

				perform extended poll descent ...... no

			} end of extended poll

		} end of poll

		Mesh update {
			previous mesh index: 0
			new mesh index     : 1
		} 


		terminate MADS       : no
		iteration status     : unsuccessful
		new feas. incumbent  : none
		new infeas. incumbent: none

	} end of iteration 0

	MADS iteration 1 {

		blackbox evaluations : 24
		best feas. solution  : ( 4422422  0 ) h=0 f=0.0030522871017499998009
		best infeas. solution: none
		poll center          : ( 4422422  0 )
		mesh size            : ( 0.25 0.25 )
		poll size            : ( 0.5 0.5 )
		mesh index           : 1
		h_max                : inf

		MADS search {
		} end of search

		MADS poll {

			poll center: ( 4422422  0 )

			poll directions (include mesh size parameter) {
				dir 0 : (  0 -1 ) Ortho-MADS 2n
				dir 1 : (  0  1 ) Ortho-MADS 2n
			} 

			re-ordered list of 2 poll trial points {
				#55 : ( 4422422 -1 ) (dir 0)
				#56 : ( 4422422  1 ) (dir 1)
			} 

			list of points evaluation (poll) {

				surrogate evaluation 1/2 {

					point #55 ( 4422422 -1 )
					direction  : (  0 -1 ) Ortho-MADS 2n
					mesh index : 1

					surrogate cache hit: #55 --> #1

					point #1 sgte eval: failed
				} 

				surrogate evaluation 2/2 {

					point #56 ( 4422422  1 )
					direction  : (  0  1 ) Ortho-MADS 2n
					mesh index : 1

					surrogate cache hit: #56 --> #2

					point #2 sgte eval: failed
				} 

			} end of evaluations

			re-ordered list of 2 poll trial points {

				#57: ( 4422422 -1 ) (dir 0)
				#58: ( 4422422  1 ) (dir 1)
			} 

			list of points evaluation (poll) {

				evaluation 1/2 {

					point #57 ( 4422422 -1 )
					direction  : (  0 -1 ) Ortho-MADS 2n
					mesh index : 0

					cache hit: #57 --> #3
					poll unsuccessful point #3: evaluation failed
				} 

				evaluation 2/2 {

					point #58 ( 4422422  1 )
					direction  : (  0  1 ) Ortho-MADS 2n
					mesh index : 0

					cache hit: #58 --> #4
					poll unsuccessful point #4: evaluation failed
				} 

			} end of evaluations


			MADS extended poll {


				extended poll pts sorting (on surrogates) {


					list of points evaluation (extended poll) {

						surrogate evaluation 1/23 {

							point #59 ( 5422422  0 )
							mesh index : 1

							surrogate cache hit: #59 --> #5

							point #5 sgte eval: h=0 f=0.0034151077270500001908
						} 

						surrogate evaluation 2/23 {

							point #60 ( 4522422  0 )
							mesh index : 1

							surrogate cache hit: #60 --> #6

							point #6 sgte eval: h=0 f=0.0044558048248300001493
						} 

						surrogate evaluation 3/23 {

							point #61 ( 42422  0 )
							mesh index : 1

							surrogate cache hit: #61 --> #7

							point #7 sgte eval: h=0 f=0.0032279491424599998824
						} 

						surrogate evaluation 4/23 {

							point #62 ( 42422  0 )
							mesh index : 1

							surrogate cache hit: #62 --> #7

							point #7 sgte eval: h=0 f=0.0032279491424599998824
						} 

						surrogate evaluation 5/23 {

							point #63 ( 4402422  0 )
							mesh index : 1

							surrogate cache hit: #63 --> #9

							point #9 sgte eval: h=0 f=0.0050199031829800001142
						} 

						surrogate evaluation 6/23 {

							point #64 ( 4432422  0 )
							mesh index : 1

							surrogate cache hit: #64 --> #10

							point #10 sgte eval: h=0 f=0.0064299106597900000312
						} 

						surrogate evaluation 7/23 {

							point #65 ( 444032422  0 )
							mesh index : 1

							surrogate cache hit: #65 --> #11

							point #11 sgte eval: h=0 f=0.0048871040344199995903
						} 

						surrogate evaluation 8/23 {

							point #66 ( 445032422  0 )
							mesh index : 1

							surrogate cache hit: #66 --> #12

							point #12 sgte eval: h=0 f=0.0048170089721700001112
						} 

						surrogate evaluation 9/23 {

							point #67 ( 4420422  0 )
							mesh index : 1

							surrogate cache hit: #67 --> #13

							point #13 sgte eval: h=0 f=0.0058140754699699996946
						} 

						surrogate evaluation 10/23 {

							point #68 ( 4423422  0 )
							mesh index : 1

							surrogate cache hit: #68 --> #14

							point #14 sgte eval: h=0 f=0.0036571025848399999619
						} 

						surrogate evaluation 11/23 {

							point #69 ( 442403422  0 )
							mesh index : 1

							surrogate cache hit: #69 --> #15

							point #15 sgte eval: h=0 f=0.0045580863952600003328
						} 

						surrogate evaluation 12/23 {

							point #70 ( 442503422  0 )
							mesh index : 1

							surrogate cache hit: #70 --> #16

							point #16 sgte eval: h=0 f=0.0039448738098100000898
						} 

						surrogate evaluation 13/23 {

							point #71 ( 4422522  0 )
							mesh index : 1

							surrogate cache hit: #71 --> #17

							point #17 sgte eval: h=0 f=0.0032229423522900000308
						} 

						surrogate evaluation 14/23 {

							point #72 ( 44222  0 )
							mesh index : 1

							surrogate cache hit: #72 --> #18

							point #18 sgte eval: h=0 f=0.003879070281980000201
						} 

						surrogate evaluation 15/23 {

							point #73 ( 44222  0 )
							mesh index : 1

							surrogate cache hit: #73 --> #18

							point #18 sgte eval: h=0 f=0.003879070281980000201
						} 

						surrogate evaluation 16/23 {

							point #74 ( 4422402  0 )
							mesh index : 1

							surrogate cache hit: #74 --> #20

							point #20 sgte eval: h=0 f=0.005169868469240000361
						} 

						surrogate evaluation 17/23 {

							point #75 ( 4422432  0 )
							mesh index : 1

							surrogate cache hit: #75 --> #21

							point #21 sgte eval: h=0 f=0.0037229061126699998507
						} 

						surrogate evaluation 18/23 {

							point #76 ( 442244032  0 )
							mesh index : 1

							surrogate cache hit: #76 --> #22

							point #22 sgte eval: h=0 f=0.0038950443267800000449
						} 

						surrogate evaluation 19/23 {

							point #77 ( 442245032  0 )
							mesh index : 1

							surrogate cache hit: #77 --> #23

							point #23 sgte eval: h=0 f=0.0061409473419200000244
						} 

						surrogate evaluation 20/23 {

							point #78 ( 4422420  0 )
							mesh index : 1

							surrogate cache hit: #78 --> #24

							point #24 sgte eval: h=0 f=0.0050699710845900003084
						} 

						surrogate evaluation 21/23 {

							point #79 ( 4422423  0 )
							mesh index : 1

							surrogate cache hit: #79 --> #25

							point #25 sgte eval: h=0 f=0.003634929656980000201
						} 

						surrogate evaluation 22/23 {

							point #80 ( 442242403  0 )
							mesh index : 1

							surrogate cache hit: #80 --> #26

							point #26 sgte eval: h=0 f=0.0046339035034200001112
						} 

						surrogate evaluation 23/23 {

							point #81 ( 442242503  0 )
							mesh index : 1

							surrogate cache hit: #81 --> #27

							point #27 sgte eval: h=0 f=0.004684925079350000035
						} 

					} end of evaluations


					sorted ext poll pts {

						point # 1/21 : ( 4422522     0 )
						point # 2/21 : ( 42422     0 )
						point # 3/21 : ( 5422422     0 )
						point # 4/21 : ( 4422423     0 )
						point # 5/21 : ( 4423422     0 )
						point # 6/21 : ( 4422432     0 )
						point # 7/21 : ( 44222     0 )
						point # 8/21 : ( 442244032     0 )
						point # 9/21 : ( 442503422     0 )
						point #10/21 : ( 4522422     0 )
						point #11/21 : ( 442403422     0 )
						point #12/21 : ( 442242403     0 )
						point #13/21 : ( 442242503     0 )
						point #14/21 : ( 445032422     0 )
						point #15/21 : ( 444032422     0 )
						point #16/21 : ( 4402422     0 )
						point #17/21 : ( 4422420     0 )
						point #18/21 : ( 4422402     0 )
						point #19/21 : ( 4420422     0 )
						point #20/21 : ( 442245032     0 )
						point #21/21 : ( 4432422     0 )

					} 


				} end of ext poll pts sorting (on surrogates)


				extended poll point eval {

					extended poll point = ( 4422522     0 )

					list of points evaluation (extended poll) {

						evaluation 1/1 {

							point #82 ( 4422522  0 )
							mesh index : 1

							cache hit: #82 --> #28
							extended poll unsuccessful point #28 [ h=0 f=0.0036811876296999998699 ]
						} 

					} end of evaluations


				} 


				extended poll center: ( 4422522     0 )

				perform extended poll descent ...... no

				extended poll point eval {

					extended poll point = ( 42422     0 )

					list of points evaluation (extended poll) {

						evaluation 1/1 {

							point #83 ( 42422  0 )
							mesh index : 1

							cache hit: #83 --> #29
							extended poll unsuccessful point #29 [ h=0 f=0.0034752845764200001981 ]
						} 

					} end of evaluations


				} 


				extended poll center: ( 42422     0 )

				perform extended poll descent ...... no

				extended poll point eval {

					extended poll point = ( 5422422     0 )

					list of points evaluation (extended poll) {

						evaluation 1/1 {

							point #84 ( 5422422  0 )
							mesh index : 1

							cache hit: #84 --> #30
							extended poll unsuccessful point #30 [ h=0 f=0.0034641456603999999479 ]
						} 

					} end of evaluations


				} 


				extended poll center: ( 5422422     0 )

				perform extended poll descent ...... no

				extended poll point eval {

					extended poll point = ( 4422423     0 )

					list of points evaluation (extended poll) {

						evaluation 1/1 {

							point #85 ( 4422423  0 )
							mesh index : 1

							cache hit: #85 --> #31
							extended poll unsuccessful point #31 [ h=0 f=0.0042413139343299996811 ]
						} 

					} end of evaluations


				} 


				extended poll center: ( 4422423     0 )

				perform extended poll descent ...... no

				extended poll point eval {

					extended poll point = ( 4423422     0 )

					list of points evaluation (extended poll) {

						evaluation 1/1 {

							point #86 ( 4423422  0 )
							mesh index : 1

							cache hit: #86 --> #32
							extended poll unsuccessful point #32 [ h=0 f=0.0036408710479699998852 ]
						} 

					} end of evaluations


				} 


				extended poll center: ( 4423422     0 )

				perform extended poll descent ...... no

				extended poll point eval {

					extended poll point = ( 4422432     0 )

					list of points evaluation (extended poll) {

						evaluation 1/1 {

							point #87 ( 4422432  0 )
							mesh index : 1

							cache hit: #87 --> #33
							extended poll unsuccessful point #33 [ h=0 f=0.0036167764663699998422 ]
						} 

					} end of evaluations


				} 


				extended poll center: ( 4422432     0 )

				perform extended poll descent ...... no

				extended poll point eval {

					extended poll point = ( 44222     0 )

					list of points evaluation (extended poll) {

						evaluation 1/1 {

							point #88 ( 44222  0 )
							mesh index : 1

							cache hit: #88 --> #34
							extended poll unsuccessful point #34 [ h=0 f=0.0032824754715000000437 ]
						} 

					} end of evaluations


				} 


				extended poll center: ( 44222     0 )

				perform extended poll descent ...... yes

				extended poll descent (on surrogates) {

					       iteration = 1
					 blackbox eval.  = 24
					      sgte eval. = 27
					      mesh index = 1
					ext. poll center = ( 44222     0 ) f=0.0032824754715000000437 h=0


					MADS run {

						27+SGTE	OBJ	(ext-poll--surrogate)

						27+ 0	0.00387907028198000020	(ext-poll--surrogate)

					} end of run (max mesh index)

					blackbox evaluations    : 0
					best feasible solution  : ( 44222 0 ) h=0 f=0.003879070281980000201

				} end of extended poll descent (unsuccessful)


				extended poll point eval {

					extended poll point = ( 442244032     0 )

					list of points evaluation (extended poll) {

						evaluation 1/1 {

							point #89 ( 442244032  0 )
							mesh index : 1

							cache hit: #89 --> #35
							extended poll unsuccessful point #35 [ h=0 f=0.0043532514572099997169 ]
						} 

					} end of evaluations


				} 


				extended poll center: ( 442244032     0 )

				perform extended poll descent ...... no

				extended poll point eval {

					extended poll point = ( 442503422     0 )

					list of points evaluation (extended poll) {

						evaluation 1/1 {

							point #90 ( 442503422  0 )
							mesh index : 1

							cache hit: #90 --> #36
							extended poll unsuccessful point #36 [ h=0 f=0.0041070652008099997263 ]
						} 

					} end of evaluations


				} 


				extended poll center: ( 442503422     0 )

				perform extended poll descent ...... no

				extended poll point eval {

					extended poll point = ( 4522422     0 )

					list of points evaluation (extended poll) {

						evaluation 1/1 {

							point #91 ( 4522422  0 )
							mesh index : 1

							cache hit: #91 --> #37
							extended poll unsuccessful point #37 [ h=0 f=0.0033328628539999998609 ]
						} 

					} end of evaluations


				} 


				extended poll center: ( 4522422     0 )

				perform extended poll descent ...... yes

				extended poll descent (on surrogates) {

					       iteration = 1
					 blackbox eval.  = 24
					      sgte eval. = 27
					      mesh index = 1
					ext. poll center = ( 4522422     0 ) f=0.0033328628539999998609 h=0


					MADS run {

						27+SGTE	OBJ	(ext-poll--surrogate)

						27+ 0	0.00445580482483000015	(ext-poll--surrogate)

					} end of run (max mesh index)

					blackbox evaluations    : 0
					best feasible solution  : ( 4522422 0 ) h=0 f=0.0044558048248300001493

				} end of extended poll descent (unsuccessful)


				extended poll point eval {

					extended poll point = ( 442403422     0 )

					list of points evaluation (extended poll) {

						evaluation 1/1 {

							point #92 ( 442403422  0 )
							mesh index : 1

							cache hit: #92 --> #38
							extended poll unsuccessful point #38 [ h=0 f=0.0041572809219400002137 ]
						} 

					} end of evaluations


				} 


				extended poll center: ( 442403422     0 )

				perform extended poll descent ...... no

				extended poll point eval {

					extended poll point = ( 442242403     0 )

					list of points evaluation (extended poll) {

						evaluation 1/1 {

							point #93 ( 442242403  0 )
							mesh index : 1

							cache hit: #93 --> #39
							extended poll unsuccessful point #39 [ h=0 f=0.0038927268981899998054 ]
						} 

					} end of evaluations


				} 


				extended poll center: ( 442242403     0 )

				perform extended poll descent ...... no

				extended poll point eval {

					extended poll point = ( 442242503     0 )

					list of points evaluation (extended poll) {

						evaluation 1/1 {

							point #94 ( 442242503  0 )
							mesh index : 1

							cache hit: #94 --> #40
							extended poll unsuccessful point #40 [ h=0 f=0.0041057062149000003379 ]
						} 

					} end of evaluations


				} 


				extended poll center: ( 442242503     0 )

				perform extended poll descent ...... no

				extended poll point eval {

					extended poll point = ( 445032422     0 )

					list of points evaluation (extended poll) {

						evaluation 1/1 {

							point #95 ( 445032422  0 )
							mesh index : 1

							cache hit: #95 --> #41
							extended poll unsuccessful point #41 [ h=0 f=0.0042375707626300003483 ]
						} 

					} end of evaluations


				} 


				extended poll center: ( 445032422     0 )

				perform extended poll descent ...... no

				extended poll point eval {

					extended poll point = ( 444032422     0 )

					list of points evaluation (extended poll) {

						evaluation 1/1 {

							point #96 ( 444032422  0 )
							mesh index : 1

							cache hit: #96 --> #42
							extended poll unsuccessful point #42 [ h=0 f=0.0039411306381199997032 ]
						} 

					} end of evaluations


				} 


				extended poll center: ( 444032422     0 )

				perform extended poll descent ...... no

				extended poll point eval {

					extended poll point = ( 4402422     0 )

					list of points evaluation (extended poll) {

						evaluation 1/1 {

							point #97 ( 4402422  0 )
							mesh index : 1

							cache hit: #97 --> #43
							extended poll unsuccessful point #43 [ h=0 f=0.0051071500778199999809 ]
						} 

					} end of evaluations


				} 


				extended poll center: ( 4402422     0 )

				perform extended poll descent ...... no

				extended poll point eval {

					extended poll point = ( 4422420     0 )

					list of points evaluation (extended poll) {

						evaluation 1/1 {

							point #98 ( 4422420  0 )
							mesh index : 1

							cache hit: #98 --> #44
							extended poll unsuccessful point #44 [ h=0 f=0.0050911617279099999345 ]
						} 

					} end of evaluations


				} 


				extended poll center: ( 4422420     0 )

				perform extended poll descent ...... no

				extended poll point eval {

					extended poll point = ( 4422402     0 )

					list of points evaluation (extended poll) {

						evaluation 1/1 {

							point #99 ( 4422402  0 )
							mesh index : 1

							cache hit: #99 --> #45
							extended poll unsuccessful point #45 [ h=0 f=0.0050840997695900001438 ]
						} 

					} end of evaluations


				} 


				extended poll center: ( 4422402     0 )

				perform extended poll descent ...... no

				extended poll point eval {

					extended poll point = ( 4420422     0 )

					list of points evaluation (extended poll) {

						evaluation 1/1 {

							point #100 ( 4420422  0 )
							mesh index : 1

							cache hit: #100 --> #46
							extended poll unsuccessful point #46 [ h=0 f=0.0051063966751100000468 ]
						} 

					} end of evaluations


				} 


				extended poll center: ( 4420422     0 )

				perform extended poll descent ...... no

				extended poll point eval {

					extended poll point = ( 442245032     0 )

					list of points evaluation (extended poll) {

						evaluation 1/1 {

							point #101 ( 442245032  0 )
							mesh index : 1

							cache hit: #101 --> #47
							extended poll unsuccessful point #47 [ h=0 f=0.0042181301116899997533 ]
						} 

					} end of evaluations


				} 


				extended poll center: ( 442245032     0 )

				perform extended poll descent ...... no

				extended poll point eval {

					extended poll point = ( 4432422     0 )

					list of points evaluation (extended poll) {

						evaluation 1/1 {

							point #102 ( 4432422  0 )
							mesh index : 1

							cache hit: #102 --> #48
							extended poll unsuccessful point #48 [ h=0 f=0.0036106967925999999998 ]
						} 

					} end of evaluations


				} 


				extended poll center: ( 4432422     0 )

				perform extended poll descent ...... no

			} end of extended poll

		} end of poll

		Mesh update {
			previous mesh index: 1
			new mesh index     : 2
		} 


		terminate MADS       : no
		iteration status     : unsuccessful
		new feas. incumbent  : none
		new infeas. incumbent: none

	} end of iteration 1

	MADS iteration 2 {

		blackbox evaluations : 24
		best feas. solution  : ( 4422422  0 ) h=0 f=0.0030522871017499998009
		best infeas. solution: none
		poll center          : ( 4422422  0 )
		mesh size            : ( 0.0625 0.0625 )
		poll size            : ( 0.25 0.25 )
		mesh index           : 2
		h_max                : inf

		MADS search {
		} end of search

		MADS poll {

			poll center: ( 4422422  0 )

			poll directions (include mesh size parameter) {
				dir 0 : (  0 -1 ) Ortho-MADS 2n
				dir 1 : (  0  1 ) Ortho-MADS 2n
			} 

			re-ordered list of 2 poll trial points {
				#109 : ( 4422422 -1 ) (dir 0)
				#110 : ( 4422422  1 ) (dir 1)
			} 

			list of points evaluation (poll) {

				surrogate evaluation 1/2 {

					point #109 ( 4422422 -1 )
					direction  : (  0 -1 ) Ortho-MADS 2n
					mesh index : 2

					surrogate cache hit: #109 --> #1

					point #1 sgte eval: failed
				} 

				surrogate evaluation 2/2 {

					point #110 ( 4422422  1 )
					direction  : (  0  1 ) Ortho-MADS 2n
					mesh index : 2

					surrogate cache hit: #110 --> #2

					point #2 sgte eval: failed
				} 

			} end of evaluations

			re-ordered list of 2 poll trial points {

				#111: ( 4422422 -1 ) (dir 0)
				#112: ( 4422422  1 ) (dir 1)
			} 

			list of points evaluation (poll) {

				evaluation 1/2 {

					point #111 ( 4422422 -1 )
					direction  : (  0 -1 ) Ortho-MADS 2n
					mesh index : 0

					cache hit: #111 --> #3
					poll unsuccessful point #3: evaluation failed
				} 

				evaluation 2/2 {

					point #112 ( 4422422  1 )
					direction  : (  0  1 ) Ortho-MADS 2n
					mesh index : 0

					cache hit: #112 --> #4
					poll unsuccessful point #4: evaluation failed
				} 

			} end of evaluations


			MADS extended poll {


				extended poll pts sorting (on surrogates) {


					list of points evaluation (extended poll) {

						surrogate evaluation 1/23 {

							point #113 ( 5422422  0 )
							mesh index : 2

							surrogate cache hit: #113 --> #5

							point #5 sgte eval: h=0 f=0.0034151077270500001908
						} 

						surrogate evaluation 2/23 {

							point #114 ( 4522422  0 )
							mesh index : 2

							surrogate cache hit: #114 --> #6

							point #6 sgte eval: h=0 f=0.0044558048248300001493
						} 

						surrogate evaluation 3/23 {

							point #115 ( 42422  0 )
							mesh index : 2

							surrogate cache hit: #115 --> #7

							point #7 sgte eval: h=0 f=0.0032279491424599998824
						} 

						surrogate evaluation 4/23 {

							point #116 ( 42422  0 )
							mesh index : 2

							surrogate cache hit: #116 --> #7

							point #7 sgte eval: h=0 f=0.0032279491424599998824
						} 

						surrogate evaluation 5/23 {

							point #117 ( 4402422  0 )
							mesh index : 2

							surrogate cache hit: #117 --> #9

							point #9 sgte eval: h=0 f=0.0050199031829800001142
						} 

						surrogate evaluation 6/23 {

							point #118 ( 4432422  0 )
							mesh index : 2

							surrogate cache hit: #118 --> #10

							point #10 sgte eval: h=0 f=0.0064299106597900000312
						} 

						surrogate evaluation 7/23 {

							point #119 ( 444032422  0 )
							mesh index : 2

							surrogate cache hit: #119 --> #11

							point #11 sgte eval: h=0 f=0.0048871040344199995903
						} 

						surrogate evaluation 8/23 {

							point #120 ( 445032422  0 )
							mesh index : 2

							surrogate cache hit: #120 --> #12

							point #12 sgte eval: h=0 f=0.0048170089721700001112
						} 

						surrogate evaluation 9/23 {

							point #121 ( 4420422  0 )
							mesh index : 2

							surrogate cache hit: #121 --> #13

							point #13 sgte eval: h=0 f=0.0058140754699699996946
						} 

						surrogate evaluation 10/23 {

							point #122 ( 4423422  0 )
							mesh index : 2

							surrogate cache hit: #122 --> #14

							point #14 sgte eval: h=0 f=0.0036571025848399999619
						} 

						surrogate evaluation 11/23 {

							point #123 ( 442403422  0 )
							mesh index : 2

							surrogate cache hit: #123 --> #15

							point #15 sgte eval: h=0 f=0.0045580863952600003328
						} 

						surrogate evaluation 12/23 {

							point #124 ( 442503422  0 )
							mesh index : 2

							surrogate cache hit: #124 --> #16

							point #16 sgte eval: h=0 f=0.0039448738098100000898
						} 

						surrogate evaluation 13/23 {

							point #125 ( 4422522  0 )
							mesh index : 2

							surrogate cache hit: #125 --> #17

							point #17 sgte eval: h=0 f=0.0032229423522900000308
						} 

						surrogate evaluation 14/23 {

							point #126 ( 44222  0 )
							mesh index : 2

							surrogate cache hit: #126 --> #18

							point #18 sgte eval: h=0 f=0.003879070281980000201
						} 

						surrogate evaluation 15/23 {

							point #127 ( 44222  0 )
							mesh index : 2

							surrogate cache hit: #127 --> #18

							point #18 sgte eval: h=0 f=0.003879070281980000201
						} 

						surrogate evaluation 16/23 {

							point #128 ( 4422402  0 )
							mesh index : 2

							surrogate cache hit: #128 --> #20

							point #20 sgte eval: h=0 f=0.005169868469240000361
						} 

						surrogate evaluation 17/23 {

							point #129 ( 4422432  0 )
							mesh index : 2

							surrogate cache hit: #129 --> #21

							point #21 sgte eval: h=0 f=0.0037229061126699998507
						} 

						surrogate evaluation 18/23 {

							point #130 ( 442244032  0 )
							mesh index : 2

							surrogate cache hit: #130 --> #22

							point #22 sgte eval: h=0 f=0.0038950443267800000449
						} 

						surrogate evaluation 19/23 {

							point #131 ( 442245032  0 )
							mesh index : 2

							surrogate cache hit: #131 --> #23

							point #23 sgte eval: h=0 f=0.0061409473419200000244
						} 

						surrogate evaluation 20/23 {

							point #132 ( 4422420  0 )
							mesh index : 2

							surrogate cache hit: #132 --> #24

							point #24 sgte eval: h=0 f=0.0050699710845900003084
						} 

						surrogate evaluation 21/23 {

							point #133 ( 4422423  0 )
							mesh index : 2

							surrogate cache hit: #133 --> #25

							point #25 sgte eval: h=0 f=0.003634929656980000201
						} 

						surrogate evaluation 22/23 {

							point #134 ( 442242403  0 )
							mesh index : 2

							surrogate cache hit: #134 --> #26

							point #26 sgte eval: h=0 f=0.0046339035034200001112
						} 

						surrogate evaluation 23/23 {

							point #135 ( 442242503  0 )
							mesh index : 2

							surrogate cache hit: #135 --> #27

							point #27 sgte eval: h=0 f=0.004684925079350000035
						} 

					} end of evaluations


					sorted ext poll pts {

						point # 1/21 : ( 4422522     0 )
						point # 2/21 : ( 42422     0 )
						point # 3/21 : ( 5422422     0 )
						point # 4/21 : ( 4422423     0 )
						point # 5/21 : ( 4423422     0 )
						point # 6/21 : ( 4422432     0 )
						point # 7/21 : ( 44222     0 )
						point # 8/21 : ( 442244032     0 )
						point # 9/21 : ( 442503422     0 )
						point #10/21 : ( 4522422     0 )
						point #11/21 : ( 442403422     0 )
						point #12/21 : ( 442242403     0 )
						point #13/21 : ( 442242503     0 )
						point #14/21 : ( 445032422     0 )
						point #15/21 : ( 444032422     0 )
						point #16/21 : ( 4402422     0 )
						point #17/21 : ( 4422420     0 )
						point #18/21 : ( 4422402     0 )
						point #19/21 : ( 4420422     0 )
						point #20/21 : ( 442245032     0 )
						point #21/21 : ( 4432422     0 )

					} 


				} end of ext poll pts sorting (on surrogates)


				extended poll point eval {

					extended poll point = ( 4422522     0 )

					list of points evaluation (extended poll) {

						evaluation 1/1 {

							point #136 ( 4422522  0 )
							mesh index : 2

							cache hit: #136 --> #28
							extended poll unsuccessful point #28 [ h=0 f=0.0036811876296999998699 ]
						} 

					} end of evaluations


				} 


				extended poll center: ( 4422522     0 )

				perform extended poll descent ...... no

				extended poll point eval {

					extended poll point = ( 42422     0 )

					list of points evaluation (extended poll) {

						evaluation 1/1 {

							point #137 ( 42422  0 )
							mesh index : 2

							cache hit: #137 --> #29
							extended poll unsuccessful point #29 [ h=0 f=0.0034752845764200001981 ]
						} 

					} end of evaluations


				} 


				extended poll center: ( 42422     0 )

				perform extended poll descent ...... no

				extended poll point eval {

					extended poll point = ( 5422422     0 )

					list of points evaluation (extended poll) {

						evaluation 1/1 {

							point #138 ( 5422422  0 )
							mesh index : 2

							cache hit: #138 --> #30
							extended poll unsuccessful point #30 [ h=0 f=0.0034641456603999999479 ]
						} 

					} end of evaluations


				} 


				extended poll center: ( 5422422     0 )

				perform extended poll descent ...... no

				extended poll point eval {

					extended poll point = ( 4422423     0 )

					list of points evaluation (extended poll) {

						evaluation 1/1 {

							point #139 ( 4422423  0 )
							mesh index : 2

							cache hit: #139 --> #31
							extended poll unsuccessful point #31 [ h=0 f=0.0042413139343299996811 ]
						} 

					} end of evaluations


				} 


				extended poll center: ( 4422423     0 )

				perform extended poll descent ...... no

				extended poll point eval {

					extended poll point = ( 4423422     0 )

					list of points evaluation (extended poll) {

						evaluation 1/1 {

							point #140 ( 4423422  0 )
							mesh index : 2

							cache hit: #140 --> #32
							extended poll unsuccessful point #32 [ h=0 f=0.0036408710479699998852 ]
						} 

					} end of evaluations


				} 


				extended poll center: ( 4423422     0 )

				perform extended poll descent ...... no

				extended poll point eval {

					extended poll point = ( 4422432     0 )

					list of points evaluation (extended poll) {

						evaluation 1/1 {

							point #141 ( 4422432  0 )
							mesh index : 2

							cache hit: #141 --> #33
							extended poll unsuccessful point #33 [ h=0 f=0.0036167764663699998422 ]
						} 

					} end of evaluations


				} 


				extended poll center: ( 4422432     0 )

				perform extended poll descent ...... no

				extended poll point eval {

					extended poll point = ( 44222     0 )

					list of points evaluation (extended poll) {

						evaluation 1/1 {

							point #142 ( 44222  0 )
							mesh index : 2

							cache hit: #142 --> #34
							extended poll unsuccessful point #34 [ h=0 f=0.0032824754715000000437 ]
						} 

					} end of evaluations


				} 


				extended poll center: ( 44222     0 )

				perform extended poll descent ...... yes

				extended poll descent (on surrogates) {

					       iteration = 2
					 blackbox eval.  = 24
					      sgte eval. = 27
					      mesh index = 2
					ext. poll center = ( 44222     0 ) f=0.0032824754715000000437 h=0


					MADS run {

						27+SGTE	OBJ	(ext-poll--surrogate)

						27+ 0	0.00387907028198000020	(ext-poll--surrogate)

					} end of run (max mesh index)

					blackbox evaluations    : 0
					best feasible solution  : ( 44222 0 ) h=0 f=0.003879070281980000201

				} end of extended poll descent (unsuccessful)


				extended poll point eval {

					extended poll point = ( 442244032     0 )

					list of points evaluation (extended poll) {

						evaluation 1/1 {

							point #143 ( 442244032  0 )
							mesh index : 2

							cache hit: #143 --> #35
							extended poll unsuccessful point #35 [ h=0 f=0.0043532514572099997169 ]
						} 

					} end of evaluations


				} 


				extended poll center: ( 442244032     0 )

				perform extended poll descent ...... no

				extended poll point eval {

					extended poll point = ( 442503422     0 )

					list of points evaluation (extended poll) {

						evaluation 1/1 {

							point #144 ( 442503422  0 )
							mesh index : 2

							cache hit: #144 --> #36
							extended poll unsuccessful point #36 [ h=0 f=0.0041070652008099997263 ]
						} 

					} end of evaluations


				} 


				extended poll center: ( 442503422     0 )

				perform extended poll descent ...... no

				extended poll point eval {

					extended poll point = ( 4522422     0 )

					list of points evaluation (extended poll) {

						evaluation 1/1 {

							point #145 ( 4522422  0 )
							mesh index : 2

							cache hit: #145 --> #37
							extended poll unsuccessful point #37 [ h=0 f=0.0033328628539999998609 ]
						} 

					} end of evaluations


				} 


				extended poll center: ( 4522422     0 )

				perform extended poll descent ...... yes

				extended poll descent (on surrogates) {

					       iteration = 2
					 blackbox eval.  = 24
					      sgte eval. = 27
					      mesh index = 2
					ext. poll center = ( 4522422     0 ) f=0.0033328628539999998609 h=0


					MADS run {

						27+SGTE	OBJ	(ext-poll--surrogate)

						27+ 0	0.00445580482483000015	(ext-poll--surrogate)

					} end of run (max mesh index)

					blackbox evaluations    : 0
					best feasible solution  : ( 4522422 0 ) h=0 f=0.0044558048248300001493

				} end of extended poll descent (unsuccessful)


				extended poll point eval {

					extended poll point = ( 442403422     0 )

					list of points evaluation (extended poll) {

						evaluation 1/1 {

							point #146 ( 442403422  0 )
							mesh index : 2

							cache hit: #146 --> #38
							extended poll unsuccessful point #38 [ h=0 f=0.0041572809219400002137 ]
						} 

					} end of evaluations


				} 


				extended poll center: ( 442403422     0 )

				perform extended poll descent ...... no

				extended poll point eval {

					extended poll point = ( 442242403     0 )

					list of points evaluation (extended poll) {

						evaluation 1/1 {

							point #147 ( 442242403  0 )
							mesh index : 2

							cache hit: #147 --> #39
							extended poll unsuccessful point #39 [ h=0 f=0.0038927268981899998054 ]
						} 

					} end of evaluations


				} 


				extended poll center: ( 442242403     0 )

				perform extended poll descent ...... no

				extended poll point eval {

					extended poll point = ( 442242503     0 )

					list of points evaluation (extended poll) {

						evaluation 1/1 {

							point #148 ( 442242503  0 )
							mesh index : 2

							cache hit: #148 --> #40
							extended poll unsuccessful point #40 [ h=0 f=0.0041057062149000003379 ]
						} 

					} end of evaluations


				} 


				extended poll center: ( 442242503     0 )

				perform extended poll descent ...... no

				extended poll point eval {

					extended poll point = ( 445032422     0 )

					list of points evaluation (extended poll) {

						evaluation 1/1 {

							point #149 ( 445032422  0 )
							mesh index : 2

							cache hit: #149 --> #41
							extended poll unsuccessful point #41 [ h=0 f=0.0042375707626300003483 ]
						} 

					} end of evaluations


				} 


				extended poll center: ( 445032422     0 )

				perform extended poll descent ...... no

				extended poll point eval {

					extended poll point = ( 444032422     0 )

					list of points evaluation (extended poll) {

						evaluation 1/1 {

							point #150 ( 444032422  0 )
							mesh index : 2

							cache hit: #150 --> #42
							extended poll unsuccessful point #42 [ h=0 f=0.0039411306381199997032 ]
						} 

					} end of evaluations


				} 


				extended poll center: ( 444032422     0 )

				perform extended poll descent ...... no

				extended poll point eval {

					extended poll point = ( 4402422     0 )

					list of points evaluation (extended poll) {

						evaluation 1/1 {

							point #151 ( 4402422  0 )
							mesh index : 2

							cache hit: #151 --> #43
							extended poll unsuccessful point #43 [ h=0 f=0.0051071500778199999809 ]
						} 

					} end of evaluations


				} 


				extended poll center: ( 4402422     0 )

				perform extended poll descent ...... no

				extended poll point eval {

					extended poll point = ( 4422420     0 )

					list of points evaluation (extended poll) {

						evaluation 1/1 {

							point #152 ( 4422420  0 )
							mesh index : 2

							cache hit: #152 --> #44
							extended poll unsuccessful point #44 [ h=0 f=0.0050911617279099999345 ]
						} 

					} end of evaluations


				} 


				extended poll center: ( 4422420     0 )

				perform extended poll descent ...... no

				extended poll point eval {

					extended poll point = ( 4422402     0 )

					list of points evaluation (extended poll) {

						evaluation 1/1 {

							point #153 ( 4422402  0 )
							mesh index : 2

							cache hit: #153 --> #45
							extended poll unsuccessful point #45 [ h=0 f=0.0050840997695900001438 ]
						} 

					} end of evaluations


				} 


				extended poll center: ( 4422402     0 )

				perform extended poll descent ...... no

				extended poll point eval {

					extended poll point = ( 4420422     0 )

					list of points evaluation (extended poll) {

						evaluation 1/1 {

							point #154 ( 4420422  0 )
							mesh index : 2

							cache hit: #154 --> #46
							extended poll unsuccessful point #46 [ h=0 f=0.0051063966751100000468 ]
						} 

					} end of evaluations


				} 


				extended poll center: ( 4420422     0 )

				perform extended poll descent ...... no

				extended poll point eval {

					extended poll point = ( 442245032     0 )

					list of points evaluation (extended poll) {

						evaluation 1/1 {

							point #155 ( 442245032  0 )
							mesh index : 2

							cache hit: #155 --> #47
							extended poll unsuccessful point #47 [ h=0 f=0.0042181301116899997533 ]
						} 

					} end of evaluations


				} 


				extended poll center: ( 442245032     0 )

				perform extended poll descent ...... no

				extended poll point eval {

					extended poll point = ( 4432422     0 )

					list of points evaluation (extended poll) {

						evaluation 1/1 {

							point #156 ( 4432422  0 )
							mesh index : 2

							cache hit: #156 --> #48
							extended poll unsuccessful point #48 [ h=0 f=0.0036106967925999999998 ]
						} 

					} end of evaluations


				} 


				extended poll center: ( 4432422     0 )

				perform extended poll descent ...... no

			} end of extended poll

		} end of poll

		Mesh update {
			previous mesh index: 2
			new mesh index     : 3
		} 


		terminate MADS       : yes
		termination cause    : max mesh index
		iteration status     : unsuccessful
		new feas. incumbent  : none
		new infeas. incumbent: none

	} end of iteration 2

} end of run (max mesh index)

NOMAD final display {

	cache {
		number of cache points: 24
		size in memory        : 2.8999999999999999112 KB
		cache file            : -
	} 

	stats {
		MADS iterations                 : 3
		blackbox evaluations            : 24
		simulated blackbox evaluations  : 0
		evaluations                     : 70
		surrogate evaluations           : 27
		failed evaluations              : 8
		interrupted sequences of eval.  : 0
		cache hits                      : 112
		number of poll searches         : 3
		poll successes                  : 0
		poll points                     : 6
		number of extended polls        : 3
		number of ext. poll descents    : 6
		number of ext. poll successes   : 0
		number of ext. poll points      : 132
		number of ext. poll bb eval     : 21
		number of speculative searches  : 0
		number of user searches         : 0
		number of LH searches           : 0
		number of cache searches        : 0
		number of VNS searches          : 0
		no model has been constructed
		wall-clock time                 : 1m 20s
	} 

	miscellaneous {
		mesh index      : min=0, max=3, last=2
		best feas. sol  : ( 4422422 0 ) h=0 f=0.0030522871017499998009
		best infeas. sol: none
	} 
} 
