
NOMAD - version 3.5.1 - www.gerad.ca/nomad

Copyright (C) 2001-2012 {
	Mark A. Abramson     - The Boeing Company
	Charles Audet        - Ecole Polytechnique de Montreal
	Gilles Couture       - Ecole Polytechnique de Montreal
	John E. Dennis, Jr.  - Rice University
	Sebastien Le Digabel - Ecole Polytechnique de Montreal
	Christophe Tribes    - Ecole Polytechnique de Montreal
} 

Funded in part by AFOSR and Exxon Mobil.

License   : '$NOMAD_HOME/src/lgpl.txt'
User guide: '$NOMAD_HOME/doc/user_guide.pdf'
Examples  : '$NOMAD_HOME/examples'
Tools     : '$NOMAD_HOME/tools'

Please report bugs to nomad@gerad.ca

parameters {

	problem directory    : ./
	dimension            : n=2
	blackbox input types : (   cat(C)   int(I) )
	extended poll trigger: 0.10000000000000000555 (relative)
	neighbors executable : $python neighbors.py
	variable groups {
		group #0 {
			indexes: { 0 }
			no directions (categorical variables)
		} 
		group #1 {
			indexes: { 1 }
			directions {
				n             : 1
				types         : { [Ortho-MADS 2n] }
				sec poll types: { }
				halton_seed   : 3
			} 
		} 
	} 
	blackbox outputs (m=1) {
		#0          OBJ	$python blackbox.py	$python surrogate.py
	} 
	signature                       : standard
	has surrogate                   : yes
	sort trial points with surrogate: yes
	surrogate cost                  : none
	add seed to output file names   : yes
	solution file                   : nomad-solution.29801.txt
	history file                    : none
	stats file                      : none
	cache file                      : none
	x0                              : ( 275378    0 )
	directions         : Ortho-MADS 2n
	user halton seed   : 3
	mesh {
		update basis       :   4
		coarsening exponent:   1
		refining exponent  :  -1
		initial mesh index :   0
		max mesh index     :   2
		initial mesh size  : (    1    1 )
		min poll size      : (  NaN    1 )
	} 
	snap to bounds                   : yes
	opportunistic evaluations        : yes
	use models                       : no
	speculative search               : yes
	VNS search                       : no
	Latin-Hypercube (LH) search      : no
	cache search                     : no
	random seed / run id             : 29801
	epsilon                          : 1.0000000000000000304e-13
	undefined string                 : NaN
	infinity string                  : inf
	display degrees {
		general  : full (3)
		search   : full (3)
		poll     : full (3)
		iterative: full (3)
	} 
	display stats                : EVAL BBE [ SOL, ] BBO TIME
	display all evaluations      : no
	point display limit          : no limit
	max number of blackbox eval. : 100
	max cache memory             : 2000 MB
} 

MADS run {

	starting point evaluation {

		x0 eval point: ( 275378  0 )

		list of points evaluation (x0 evaluation) {

			evaluation 1/1 {

				point #0 ( 275378  0 )


				x0 evaluation dominating point #0 {
					x    = ( 275378  0 )
					F(x) = [ 8.5191726684600004461e-05 ]
					h    = 0
					f    = 8.5191726684600004461e-05
				} 
			} 

		} end of evaluations


		terminate MADS       : no
		iteration status     : dominating
		new feas. incumbent  : #0 {
			x    = ( 275378  0 )
			F(x) = [ 8.5191726684600004461e-05 ]
			h    = 0
			f    = 8.5191726684600004461e-05
		} 
		new infeas. incumbent: none

	} end of starting point evaluation

	MADS iteration 0 {

		blackbox evaluations : 1
		best feas. solution  : ( 275378  0 ) h=0 f=8.5191726684600004461e-05
		best infeas. solution: none
		poll center          : ( 275378  0 )
		mesh size            : (  1  1 )
		poll size            : (  1  1 )
		mesh index           : 0
		h_max                : inf

		MADS search {
		} end of search

		MADS poll {

			poll center: ( 275378  0 )

			poll directions (include mesh size parameter) {
				dir 0 : (  0 -1 ) Ortho-MADS 2n
				dir 1 : (  0  1 ) Ortho-MADS 2n
			} 

			re-ordered list of 2 poll trial points {
				#1 : ( 275378 -1 ) (dir 0)
				#2 : ( 275378  1 ) (dir 1)
			} 

			list of points evaluation (poll) {

				surrogate evaluation 1/2 {

					point #1 ( 275378 -1 )
					direction  : (  0 -1 ) Ortho-MADS 2n
					mesh index : 0


					point #1 sgte eval: failed
				} 

				surrogate evaluation 2/2 {

					point #2 ( 275378  1 )
					direction  : (  0  1 ) Ortho-MADS 2n
					mesh index : 0


					point #2 sgte eval: failed
				} 

			} end of evaluations

			re-ordered list of 2 poll trial points {

				#3: ( 275378 -1 ) (dir 0)
				#4: ( 275378  1 ) (dir 1)
			} 

			list of points evaluation (poll) {

				evaluation 1/2 {

					point #3 ( 275378 -1 )
					direction  : (  0 -1 ) Ortho-MADS 2n
					mesh index : 0

					poll unsuccessful point #3: evaluation failed
				} 

				evaluation 2/2 {

					point #4 ( 275378  1 )
					direction  : (  0  1 ) Ortho-MADS 2n
					mesh index : 0

					poll unsuccessful point #4: evaluation failed
				} 

			} end of evaluations


			MADS extended poll {


				extended poll pts sorting (on surrogates) {


					list of points evaluation (extended poll) {

						surrogate evaluation 1/23 {

							point #5 ( 228722  0 )
							mesh index : 0


							point #5 sgte eval: h=0 f=0.00088169574737500004333
						} 

						surrogate evaluation 2/23 {

							point #6 ( 267602  0 )
							mesh index : 0


							point #6 sgte eval: h=0 f=0.00084319114685099997263
						} 

						surrogate evaluation 3/23 {

							point #7 ( 7106  0 )
							mesh index : 0


							point #7 sgte eval: h=0 f=0.00081830024719200004577
						} 

						surrogate evaluation 4/23 {

							point #8 ( 7106  0 )
							mesh index : 0

							surrogate cache hit: #8 --> #7

							point #7 sgte eval: h=0 f=0.00081830024719200004577
						} 

						surrogate evaluation 5/23 {

							point #9 ( 274082  0 )
							mesh index : 0


							point #9 sgte eval: h=0 f=0.00091571807861300005132
						} 

						surrogate evaluation 6/23 {

							point #10 ( 276674  0 )
							mesh index : 0


							point #10 sgte eval: h=0 f=0.0010414838790899999619
						} 

						surrogate evaluation 7/23 {

							point #11 ( 9996674  0 )
							mesh index : 0


							point #11 sgte eval: h=0 f=0.0012470006942700000586
						} 

						surrogate evaluation 8/23 {

							point #12 ( 10043330  0 )
							mesh index : 0


							point #12 sgte eval: h=0 f=0.0016034841537500000002
						} 

						surrogate evaluation 9/23 {

							point #13 ( 275162  0 )
							mesh index : 0


							point #13 sgte eval: h=0 f=0.00082678794860800003657
						} 

						surrogate evaluation 10/23 {

							point #14 ( 275594  0 )
							mesh index : 0


							point #14 sgte eval: h=0 f=0.00083041191101100001078
						} 

						surrogate evaluation 11/23 {

							point #15 ( 9924314  0 )
							mesh index : 0


							point #15 sgte eval: h=0 f=0.00088179111480699999461
						} 

						surrogate evaluation 12/23 {

							point #16 ( 9932090  0 )
							mesh index : 0


							point #16 sgte eval: h=0 f=0.00087940692901599998212
						} 

						surrogate evaluation 13/23 {

							point #17 ( 275342  0 )
							mesh index : 0


							point #17 sgte eval: h=0 f=0.00091249942779500004594
						} 

						surrogate evaluation 14/23 {

							point #18 ( 7646  0 )
							mesh index : 0


							point #18 sgte eval: h=0 f=0.0008203029632569999556
						} 

						surrogate evaluation 15/23 {

							point #19 ( 7646  0 )
							mesh index : 0

							surrogate cache hit: #19 --> #18

							point #18 sgte eval: h=0 f=0.0008203029632569999556
						} 

						surrogate evaluation 16/23 {

							point #20 ( 275372  0 )
							mesh index : 0


							point #20 sgte eval: h=0 f=0.0013177156448400000922
						} 

						surrogate evaluation 17/23 {

							point #21 ( 275384  0 )
							mesh index : 0


							point #21 sgte eval: h=0 f=0.0011506080627400000569
						} 

						surrogate evaluation 18/23 {

							point #22 ( 9914024  0 )
							mesh index : 0


							point #22 sgte eval: h=0 f=0.0012452125549300000536
						} 

						surrogate evaluation 19/23 {

							point #23 ( 9914240  0 )
							mesh index : 0


							point #23 sgte eval: h=0 f=0.0011553049087499999564
						} 

						surrogate evaluation 20/23 {

							point #24 ( 275377  0 )
							mesh index : 0


							point #24 sgte eval: h=0 f=0.00088140964508100000038
						} 

						surrogate evaluation 21/23 {

							point #25 ( 275379  0 )
							mesh index : 0


							point #25 sgte eval: h=0 f=0.0010066986083999999654
						} 

						surrogate evaluation 22/23 {

							point #26 ( 9913689  0 )
							mesh index : 0


							point #26 sgte eval: h=0 f=0.00093870162963900001963
						} 

						surrogate evaluation 23/23 {

							point #27 ( 9913725  0 )
							mesh index : 0


							point #27 sgte eval: h=0 f=0.0011240005493200000766
						} 

					} end of evaluations


					sorted ext poll pts {

						point # 1/21 : (  7106     0 )
						point # 2/21 : (  7646     0 )
						point # 3/21 : ( 275162     0 )
						point # 4/21 : ( 275594     0 )
						point # 5/21 : ( 267602     0 )
						point # 6/21 : ( 9932090     0 )
						point # 7/21 : ( 275377     0 )
						point # 8/21 : ( 228722     0 )
						point # 9/21 : ( 9924314     0 )
						point #10/21 : ( 275342     0 )
						point #11/21 : ( 274082     0 )
						point #12/21 : ( 9913689     0 )
						point #13/21 : ( 275379     0 )
						point #14/21 : ( 276674     0 )
						point #15/21 : ( 9913725     0 )
						point #16/21 : ( 275384     0 )
						point #17/21 : ( 9914240     0 )
						point #18/21 : ( 9914024     0 )
						point #19/21 : ( 9996674     0 )
						point #20/21 : ( 275372     0 )
						point #21/21 : ( 10043330     0 )

					} 


				} end of ext poll pts sorting (on surrogates)


				extended poll point eval {

					extended poll point = (  7106     0 )

					list of points evaluation (extended poll) {

						evaluation 1/1 {

							point #28 ( 7106  0 )
							mesh index : 0


							extended poll dominating point #28 {
								x    = ( 7106  0 )
								F(x) = [ 8.2550048828099997756e-05 ]
								h    = 0
								f    = 8.2550048828099997756e-05
							} 
						} 

					} end of evaluations


				} 


			} end of extended poll

		} end of poll

		Mesh update {
			previous mesh index: 0
			new mesh index     : -1
		} 


		terminate MADS       : no
		iteration status     : dominating
		new feas. incumbent  : #28 {
			x    = ( 7106  0 )
			F(x) = [ 8.2550048828099997756e-05 ]
			h    = 0
			f    = 8.2550048828099997756e-05
		} 
		new infeas. incumbent: none

	} end of iteration 0

	MADS iteration 1 {

		blackbox evaluations : 4
		best feas. solution  : ( 7106  0 ) h=0 f=8.2550048828099997756e-05
		best infeas. solution: none
		poll center          : ( 7106  0 )
		mesh size            : (  1  1 )
		poll size            : (  2  2 )
		mesh index           : -1
		h_max                : inf

		MADS search {

			speculative search {

			} end of speculative search (unsuccessful)

		} end of search

		MADS poll {

			poll center: ( 7106  0 )

			poll directions (include mesh size parameter) {
				dir 0 : (  0 -1 ) Ortho-MADS 2n
				dir 1 : (  0  1 ) Ortho-MADS 2n
			} 

			re-ordered list of 2 poll trial points {
				#49 : ( 7106 -1 ) (dir 0)
				#50 : ( 7106  1 ) (dir 1)
			} 

			list of points evaluation (poll) {

				surrogate evaluation 1/2 {

					point #49 ( 7106 -1 )
					direction  : (  0 -1 ) Ortho-MADS 2n
					mesh index : -1


					point #49 sgte eval: failed
				} 

				surrogate evaluation 2/2 {

					point #50 ( 7106  1 )
					direction  : (  0  1 ) Ortho-MADS 2n
					mesh index : -1


					point #50 sgte eval: failed
				} 

			} end of evaluations

			re-ordered list of 2 poll trial points {

				#51: ( 7106 -1 ) (dir 0)
				#52: ( 7106  1 ) (dir 1)
			} 

			list of points evaluation (poll) {

				evaluation 1/2 {

					point #51 ( 7106 -1 )
					direction  : (  0 -1 ) Ortho-MADS 2n
					mesh index : -1

					poll unsuccessful point #51: evaluation failed
				} 

				evaluation 2/2 {

					point #52 ( 7106  1 )
					direction  : (  0  1 ) Ortho-MADS 2n
					mesh index : -1

					poll unsuccessful point #52: evaluation failed
				} 

			} end of evaluations


			MADS extended poll {


				extended poll pts sorting (on surrogates) {


					list of points evaluation (extended poll) {

						surrogate evaluation 1/16 {

							point #53 ( 5810  0 )
							mesh index : -1


							point #53 sgte eval: h=0 f=0.00089530944824199999808
						} 

						surrogate evaluation 2/16 {

							point #54 ( 6890  0 )
							mesh index : -1


							point #54 sgte eval: h=0 f=0.0011754989624000000518
						} 

						surrogate evaluation 3/16 {

							point #55 ( 7322  0 )
							mesh index : -1


							point #55 sgte eval: h=0 f=0.00094211101531999996792
						} 

						surrogate evaluation 4/16 {

							point #56 ( 266522  0 )
							mesh index : -1


							point #56 sgte eval: h=0 f=0.0012919187545800000193
						} 

						surrogate evaluation 5/16 {

							point #57 ( 274298  0 )
							mesh index : -1


							point #57 sgte eval: h=0 f=0.00089628696441699997211
						} 

						surrogate evaluation 6/16 {

							point #58 ( 7070  0 )
							mesh index : -1


							point #58 sgte eval: h=0 f=0.00082998275756800002703
						} 

						surrogate evaluation 7/16 {

							point #59 ( 194  0 )
							mesh index : -1


							point #59 sgte eval: h=0 f=0.00081999301910400004649
						} 

						surrogate evaluation 8/16 {

							point #60 ( 194  0 )
							mesh index : -1

							surrogate cache hit: #60 --> #59

							point #59 sgte eval: h=0 f=0.00081999301910400004649
						} 

						surrogate evaluation 9/16 {

							point #61 ( 7100  0 )
							mesh index : -1


							point #61 sgte eval: h=0 f=0.0010740041732800000886
						} 

						surrogate evaluation 10/16 {

							point #62 ( 7112  0 )
							mesh index : -1


							point #62 sgte eval: h=0 f=0.0011211156845099998994
						} 

						surrogate evaluation 11/16 {

							point #63 ( 256232  0 )
							mesh index : -1


							point #63 sgte eval: h=0 f=0.0010050058364900001009
						} 

						surrogate evaluation 12/16 {

							point #64 ( 256448  0 )
							mesh index : -1


							point #64 sgte eval: h=0 f=0.0010977983474699999113
						} 

						surrogate evaluation 13/16 {

							point #65 ( 7105  0 )
							mesh index : -1


							point #65 sgte eval: h=0 f=0.00085840225219700001715
						} 

						surrogate evaluation 14/16 {

							point #66 ( 7107  0 )
							mesh index : -1


							point #66 sgte eval: h=0 f=0.0011347055435200000158
						} 

						surrogate evaluation 15/16 {

							point #67 ( 255897  0 )
							mesh index : -1


							point #67 sgte eval: h=0 f=0.0015083074569699999982
						} 

						surrogate evaluation 16/16 {

							point #68 ( 255933  0 )
							mesh index : -1


							point #68 sgte eval: h=0 f=0.0011402130127000000698
						} 

					} end of evaluations


					sorted ext poll pts {

						point # 1/15 : (   194     0 )
						point # 2/15 : (  7070     0 )
						point # 3/15 : (  7105     0 )
						point # 4/15 : (  5810     0 )
						point # 5/15 : ( 274298     0 )
						point # 6/15 : (  7322     0 )
						point # 7/15 : ( 256232     0 )
						point # 8/15 : (  7100     0 )
						point # 9/15 : ( 256448     0 )
						point #10/15 : (  7112     0 )
						point #11/15 : (  7107     0 )
						point #12/15 : ( 255933     0 )
						point #13/15 : (  6890     0 )
						point #14/15 : ( 266522     0 )
						point #15/15 : ( 255897     0 )

					} 


				} end of ext poll pts sorting (on surrogates)


				extended poll point eval {

					extended poll point = (   194     0 )

					list of points evaluation (extended poll) {

						evaluation 1/1 {

							point #69 ( 194  0 )
							mesh index : -1


							extended poll dominating point #69 {
								x    = ( 194  0 )
								F(x) = [ 8.0652236938500001867e-05 ]
								h    = 0
								f    = 8.0652236938500001867e-05
							} 
						} 

					} end of evaluations


				} 


			} end of extended poll

		} end of poll

		Mesh update {
			previous mesh index: -1
			new mesh index     : -2
		} 


		terminate MADS       : no
		iteration status     : dominating
		new feas. incumbent  : #69 {
			x    = ( 194  0 )
			F(x) = [ 8.0652236938500001867e-05 ]
			h    = 0
			f    = 8.0652236938500001867e-05
		} 
		new infeas. incumbent: none

	} end of iteration 1

	MADS iteration 2 {

		blackbox evaluations : 7
		best feas. solution  : ( 194  0 ) h=0 f=8.0652236938500001867e-05
		best infeas. solution: none
		poll center          : ( 194  0 )
		mesh size            : (  1  1 )
		poll size            : (  4  4 )
		mesh index           : -2
		h_max                : inf

		MADS search {

			speculative search {

			} end of speculative search (unsuccessful)

		} end of search

		MADS poll {

			poll center: ( 194  0 )

			poll directions (include mesh size parameter) {
				dir 0 : (  0 -4 ) Ortho-MADS 2n
				dir 1 : (  0  4 ) Ortho-MADS 2n
			} 

			re-ordered list of 2 poll trial points {
				#84 : ( 194 -4 ) (dir 0)
				#85 : ( 194  4 ) (dir 1)
			} 

			list of points evaluation (poll) {

				surrogate evaluation 1/2 {

					point #84 ( 194 -4 )
					direction  : (  0 -4 ) Ortho-MADS 2n
					mesh index : -2


					point #84 sgte eval: failed
				} 

				surrogate evaluation 2/2 {

					point #85 ( 194  4 )
					direction  : (  0  4 ) Ortho-MADS 2n
					mesh index : -2


					point #85 sgte eval: failed
				} 

			} end of evaluations

			re-ordered list of 2 poll trial points {

				#86: ( 194 -4 ) (dir 0)
				#87: ( 194  4 ) (dir 1)
			} 

			list of points evaluation (poll) {

				evaluation 1/2 {

					point #86 ( 194 -4 )
					direction  : (  0 -4 ) Ortho-MADS 2n
					mesh index : -2

					poll unsuccessful point #86: evaluation failed
				} 

				evaluation 2/2 {

					point #87 ( 194  4 )
					direction  : (  0  4 ) Ortho-MADS 2n
					mesh index : -2

					poll unsuccessful point #87: evaluation failed
				} 

			} end of evaluations


			MADS extended poll {


				extended poll pts sorting (on surrogates) {


					list of points evaluation (extended poll) {

						surrogate evaluation 1/11 {

							point #88 ( 158  0 )
							mesh index : -2


							point #88 sgte eval: h=0 f=0.00087029933929399995625
						} 

						surrogate evaluation 2/11 {

							point #89 (  2  0 )
							mesh index : -2


							point #89 sgte eval: h=0 f=0.00078470706939700002151
						} 

						surrogate evaluation 3/11 {

							point #90 (  2  0 )
							mesh index : -2

							surrogate cache hit: #90 --> #89

							point #89 sgte eval: h=0 f=0.00078470706939700002151
						} 

						surrogate evaluation 4/11 {

							point #91 ( 188  0 )
							mesh index : -2


							point #91 sgte eval: h=0 f=0.0016371965408299999755
						} 

						surrogate evaluation 5/11 {

							point #92 ( 200  0 )
							mesh index : -2


							point #92 sgte eval: h=0 f=0.0012398958206200000939
						} 

						surrogate evaluation 6/11 {

							point #93 ( 7400  0 )
							mesh index : -2


							point #93 sgte eval: h=0 f=0.0010733127594000000087
						} 

						surrogate evaluation 7/11 {

							point #94 ( 7616  0 )
							mesh index : -2


							point #94 sgte eval: h=0 f=0.00090119838714600001856
						} 

						surrogate evaluation 8/11 {

							point #95 ( 193  0 )
							mesh index : -2


							point #95 sgte eval: h=0 f=0.0011661052703900000663
						} 

						surrogate evaluation 9/11 {

							point #96 ( 195  0 )
							mesh index : -2


							point #96 sgte eval: h=0 f=0.001429104804990000057
						} 

						surrogate evaluation 10/11 {

							point #97 ( 7065  0 )
							mesh index : -2


							point #97 sgte eval: h=0 f=0.0014630079269399999097
						} 

						surrogate evaluation 11/11 {

							point #98 ( 7101  0 )
							mesh index : -2


							point #98 sgte eval: h=0 f=0.0011401891708399999187
						} 

					} end of evaluations


					sorted ext poll pts {

						point # 1/10 : (     2     0 )
						point # 2/10 : (   158     0 )
						point # 3/10 : (  7616     0 )
						point # 4/10 : (  7400     0 )
						point # 5/10 : (  7101     0 )
						point # 6/10 : (   193     0 )
						point # 7/10 : (   200     0 )
						point # 8/10 : (   195     0 )
						point # 9/10 : (  7065     0 )
						point #10/10 : (   188     0 )

					} 


				} end of ext poll pts sorting (on surrogates)


				extended poll point eval {

					extended poll point = (     2     0 )

					list of points evaluation (extended poll) {

						evaluation 1/1 {

							point #99 (  2  0 )
							mesh index : -2


							extended poll dominating point #99 {
								x    = (  2  0 )
								F(x) = [ 7.9200267791700002624e-05 ]
								h    = 0
								f    = 7.9200267791700002624e-05
							} 
						} 

					} end of evaluations


				} 


			} end of extended poll

		} end of poll

		Mesh update {
			previous mesh index: -2
			new mesh index     : -3
		} 


		terminate MADS       : no
		iteration status     : dominating
		new feas. incumbent  : #99 {
			x    = (  2  0 )
			F(x) = [ 7.9200267791700002624e-05 ]
			h    = 0
			f    = 7.9200267791700002624e-05
		} 
		new infeas. incumbent: none

	} end of iteration 2

	MADS iteration 3 {

		blackbox evaluations : 10
		best feas. solution  : (  2  0 ) h=0 f=7.9200267791700002624e-05
		best infeas. solution: none
		poll center          : (  2  0 )
		mesh size            : (  1  1 )
		poll size            : (  8  8 )
		mesh index           : -3
		h_max                : inf

		MADS search {

			speculative search {

			} end of speculative search (unsuccessful)

		} end of search

		MADS poll {

			poll center: (  2  0 )

			poll directions (include mesh size parameter) {
				dir 0 : (  0 -4 ) Ortho-MADS 2n
				dir 1 : (  0  4 ) Ortho-MADS 2n
			} 

			re-ordered list of 2 poll trial points {
				#109 : (  2 -4 ) (dir 0)
				#110 : (  2  4 ) (dir 1)
			} 

			list of points evaluation (poll) {

				surrogate evaluation 1/2 {

					point #109 (  2 -4 )
					direction  : (  0 -4 ) Ortho-MADS 2n
					mesh index : -3


					point #109 sgte eval: failed
				} 

				surrogate evaluation 2/2 {

					point #110 (  2  4 )
					direction  : (  0  4 ) Ortho-MADS 2n
					mesh index : -3


					point #110 sgte eval: failed
				} 

			} end of evaluations

			re-ordered list of 2 poll trial points {

				#111: (  2 -4 ) (dir 0)
				#112: (  2  4 ) (dir 1)
			} 

			list of points evaluation (poll) {

				evaluation 1/2 {

					point #111 (  2 -4 )
					direction  : (  0 -4 ) Ortho-MADS 2n
					mesh index : -3

					poll unsuccessful point #111: evaluation failed
				} 

				evaluation 2/2 {

					point #112 (  2  4 )
					direction  : (  0  4 ) Ortho-MADS 2n
					mesh index : -3

					poll unsuccessful point #112: evaluation failed
				} 

			} end of evaluations


			MADS extended poll {


				extended poll pts sorting (on surrogates) {


					list of points evaluation (extended poll) {

						surrogate evaluation 1/4 {

							point #113 (  1  0 )
							mesh index : -3


							point #113 sgte eval: h=0 f=0.0016381025314300000535
						} 

						surrogate evaluation 2/4 {

							point #114 (  3  0 )
							mesh index : -3


							point #114 sgte eval: h=0 f=0.0014186143875099998992
						} 

						surrogate evaluation 3/4 {

							point #115 ( 153  0 )
							mesh index : -3


							point #115 sgte eval: h=0 f=0.001627302169799999974
						} 

						surrogate evaluation 4/4 {

							point #116 ( 189  0 )
							mesh index : -3


							point #116 sgte eval: h=0 f=0.0015036821365399999015
						} 

					} end of evaluations


					sorted ext poll pts {

						point #1/4 : (     3     0 )
						point #2/4 : (   189     0 )
						point #3/4 : (   153     0 )
						point #4/4 : (     1     0 )

					} 


				} end of ext poll pts sorting (on surrogates)


				extended poll point eval {

					extended poll point = (     3     0 )

					list of points evaluation (extended poll) {

						evaluation 1/1 {

							point #117 (  3  0 )
							mesh index : -3

							extended poll unsuccessful point #117 [ h=0 f=0.00014122009277300000924 ]
						} 

					} end of evaluations


				} 


				extended poll center: (     3     0 )

				perform extended poll descent ...... no

				extended poll point eval {

					extended poll point = (   189     0 )

					list of points evaluation (extended poll) {

						evaluation 1/1 {

							point #118 ( 189  0 )
							mesh index : -3

							extended poll unsuccessful point #118 [ h=0 f=0.00014536857605000001303 ]
						} 

					} end of evaluations


				} 


				extended poll center: (   189     0 )

				perform extended poll descent ...... no

				extended poll point eval {

					extended poll point = (   153     0 )

					list of points evaluation (extended poll) {

						evaluation 1/1 {

							point #119 ( 153  0 )
							mesh index : -3

							extended poll unsuccessful point #119 [ h=0 f=0.00016034841537500001086 ]
						} 

					} end of evaluations


				} 


				extended poll center: (   153     0 )

				perform extended poll descent ...... no

				extended poll point eval {

					extended poll point = (     1     0 )

					list of points evaluation (extended poll) {

						evaluation 1/1 {

							point #120 (  1  0 )
							mesh index : -3

							extended poll unsuccessful point #120 [ h=0 f=0.00016231060028099999278 ]
						} 

					} end of evaluations


				} 


				extended poll center: (     1     0 )

				perform extended poll descent ...... no

			} end of extended poll

		} end of poll

		Mesh update {
			previous mesh index: -3
			new mesh index     : -2
		} 


		terminate MADS       : no
		iteration status     : unsuccessful
		new feas. incumbent  : none
		new infeas. incumbent: none

	} end of iteration 3

	MADS iteration 4 {

		blackbox evaluations : 16
		best feas. solution  : (  2  0 ) h=0 f=7.9200267791700002624e-05
		best infeas. solution: none
		poll center          : (  2  0 )
		mesh size            : (  1  1 )
		poll size            : (  4  4 )
		mesh index           : -2
		h_max                : inf

		MADS search {
		} end of search

		MADS poll {

			poll center: (  2  0 )

			poll directions (include mesh size parameter) {
				dir 0 : (  0 -4 ) Ortho-MADS 2n
				dir 1 : (  0  4 ) Ortho-MADS 2n
			} 

			re-ordered list of 2 poll trial points {
				#121 : (  2 -4 ) (dir 0)
				#122 : (  2  4 ) (dir 1)
			} 

			list of points evaluation (poll) {

				surrogate evaluation 1/2 {

					point #121 (  2 -4 )
					direction  : (  0 -4 ) Ortho-MADS 2n
					mesh index : -2

					surrogate cache hit: #121 --> #109

					point #109 sgte eval: failed
				} 

				surrogate evaluation 2/2 {

					point #122 (  2  4 )
					direction  : (  0  4 ) Ortho-MADS 2n
					mesh index : -2

					surrogate cache hit: #122 --> #110

					point #110 sgte eval: failed
				} 

			} end of evaluations

			re-ordered list of 2 poll trial points {

				#123: (  2 -4 ) (dir 0)
				#124: (  2  4 ) (dir 1)
			} 

			list of points evaluation (poll) {

				evaluation 1/2 {

					point #123 (  2 -4 )
					direction  : (  0 -4 ) Ortho-MADS 2n
					mesh index : -3

					cache hit: #123 --> #111
					poll unsuccessful point #111: evaluation failed
				} 

				evaluation 2/2 {

					point #124 (  2  4 )
					direction  : (  0  4 ) Ortho-MADS 2n
					mesh index : -3

					cache hit: #124 --> #112
					poll unsuccessful point #112: evaluation failed
				} 

			} end of evaluations


			MADS extended poll {


				extended poll pts sorting (on surrogates) {


					list of points evaluation (extended poll) {

						surrogate evaluation 1/4 {

							point #125 (  1  0 )
							mesh index : -2

							surrogate cache hit: #125 --> #113

							point #113 sgte eval: h=0 f=0.0016381025314300000535
						} 

						surrogate evaluation 2/4 {

							point #126 (  3  0 )
							mesh index : -2

							surrogate cache hit: #126 --> #114

							point #114 sgte eval: h=0 f=0.0014186143875099998992
						} 

						surrogate evaluation 3/4 {

							point #127 ( 153  0 )
							mesh index : -2

							surrogate cache hit: #127 --> #115

							point #115 sgte eval: h=0 f=0.001627302169799999974
						} 

						surrogate evaluation 4/4 {

							point #128 ( 189  0 )
							mesh index : -2

							surrogate cache hit: #128 --> #116

							point #116 sgte eval: h=0 f=0.0015036821365399999015
						} 

					} end of evaluations


					sorted ext poll pts {

						point #1/4 : (     3     0 )
						point #2/4 : (   189     0 )
						point #3/4 : (   153     0 )
						point #4/4 : (     1     0 )

					} 


				} end of ext poll pts sorting (on surrogates)


				extended poll point eval {

					extended poll point = (     3     0 )

					list of points evaluation (extended poll) {

						evaluation 1/1 {

							point #129 (  3  0 )
							mesh index : -2

							cache hit: #129 --> #117
							extended poll unsuccessful point #117 [ h=0 f=0.00014122009277300000924 ]
						} 

					} end of evaluations


				} 


				extended poll center: (     3     0 )

				perform extended poll descent ...... no

				extended poll point eval {

					extended poll point = (   189     0 )

					list of points evaluation (extended poll) {

						evaluation 1/1 {

							point #130 ( 189  0 )
							mesh index : -2

							cache hit: #130 --> #118
							extended poll unsuccessful point #118 [ h=0 f=0.00014536857605000001303 ]
						} 

					} end of evaluations


				} 


				extended poll center: (   189     0 )

				perform extended poll descent ...... no

				extended poll point eval {

					extended poll point = (   153     0 )

					list of points evaluation (extended poll) {

						evaluation 1/1 {

							point #131 ( 153  0 )
							mesh index : -2

							cache hit: #131 --> #119
							extended poll unsuccessful point #119 [ h=0 f=0.00016034841537500001086 ]
						} 

					} end of evaluations


				} 


				extended poll center: (   153     0 )

				perform extended poll descent ...... no

				extended poll point eval {

					extended poll point = (     1     0 )

					list of points evaluation (extended poll) {

						evaluation 1/1 {

							point #132 (  1  0 )
							mesh index : -2

							cache hit: #132 --> #120
							extended poll unsuccessful point #120 [ h=0 f=0.00016231060028099999278 ]
						} 

					} end of evaluations


				} 


				extended poll center: (     1     0 )

				perform extended poll descent ...... no

			} end of extended poll

		} end of poll

		Mesh update {
			previous mesh index: -2
			new mesh index     : -1
		} 


		terminate MADS       : no
		iteration status     : unsuccessful
		new feas. incumbent  : none
		new infeas. incumbent: none

	} end of iteration 4

	MADS iteration 5 {

		blackbox evaluations : 16
		best feas. solution  : (  2  0 ) h=0 f=7.9200267791700002624e-05
		best infeas. solution: none
		poll center          : (  2  0 )
		mesh size            : (  1  1 )
		poll size            : (  2  2 )
		mesh index           : -1
		h_max                : inf

		MADS search {
		} end of search

		MADS poll {

			poll center: (  2  0 )

			poll directions (include mesh size parameter) {
				dir 0 : (  0 -1 ) Ortho-MADS 2n
				dir 1 : (  0  1 ) Ortho-MADS 2n
			} 

			re-ordered list of 2 poll trial points {
				#133 : (  2 -1 ) (dir 0)
				#134 : (  2  1 ) (dir 1)
			} 

			list of points evaluation (poll) {

				surrogate evaluation 1/2 {

					point #133 (  2 -1 )
					direction  : (  0 -1 ) Ortho-MADS 2n
					mesh index : -1


					point #133 sgte eval: failed
				} 

				surrogate evaluation 2/2 {

					point #134 (  2  1 )
					direction  : (  0  1 ) Ortho-MADS 2n
					mesh index : -1


					point #134 sgte eval: failed
				} 

			} end of evaluations

			re-ordered list of 2 poll trial points {

				#135: (  2 -1 ) (dir 0)
				#136: (  2  1 ) (dir 1)
			} 

			list of points evaluation (poll) {

				evaluation 1/2 {

					point #135 (  2 -1 )
					direction  : (  0 -1 ) Ortho-MADS 2n
					mesh index : -1

					poll unsuccessful point #135: evaluation failed
				} 

				evaluation 2/2 {

					point #136 (  2  1 )
					direction  : (  0  1 ) Ortho-MADS 2n
					mesh index : -1

					poll unsuccessful point #136: evaluation failed
				} 

			} end of evaluations


			MADS extended poll {


				extended poll pts sorting (on surrogates) {


					list of points evaluation (extended poll) {

						surrogate evaluation 1/4 {

							point #137 (  1  0 )
							mesh index : -1

							surrogate cache hit: #137 --> #113

							point #113 sgte eval: h=0 f=0.0016381025314300000535
						} 

						surrogate evaluation 2/4 {

							point #138 (  3  0 )
							mesh index : -1

							surrogate cache hit: #138 --> #114

							point #114 sgte eval: h=0 f=0.0014186143875099998992
						} 

						surrogate evaluation 3/4 {

							point #139 ( 153  0 )
							mesh index : -1

							surrogate cache hit: #139 --> #115

							point #115 sgte eval: h=0 f=0.001627302169799999974
						} 

						surrogate evaluation 4/4 {

							point #140 ( 189  0 )
							mesh index : -1

							surrogate cache hit: #140 --> #116

							point #116 sgte eval: h=0 f=0.0015036821365399999015
						} 

					} end of evaluations


					sorted ext poll pts {

						point #1/4 : (     3     0 )
						point #2/4 : (   189     0 )
						point #3/4 : (   153     0 )
						point #4/4 : (     1     0 )

					} 


				} end of ext poll pts sorting (on surrogates)


				extended poll point eval {

					extended poll point = (     3     0 )

					list of points evaluation (extended poll) {

						evaluation 1/1 {

							point #141 (  3  0 )
							mesh index : -1

							cache hit: #141 --> #117
							extended poll unsuccessful point #117 [ h=0 f=0.00014122009277300000924 ]
						} 

					} end of evaluations


				} 


				extended poll center: (     3     0 )

				perform extended poll descent ...... no

				extended poll point eval {

					extended poll point = (   189     0 )

					list of points evaluation (extended poll) {

						evaluation 1/1 {

							point #142 ( 189  0 )
							mesh index : -1

							cache hit: #142 --> #118
							extended poll unsuccessful point #118 [ h=0 f=0.00014536857605000001303 ]
						} 

					} end of evaluations


				} 


				extended poll center: (   189     0 )

				perform extended poll descent ...... no

				extended poll point eval {

					extended poll point = (   153     0 )

					list of points evaluation (extended poll) {

						evaluation 1/1 {

							point #143 ( 153  0 )
							mesh index : -1

							cache hit: #143 --> #119
							extended poll unsuccessful point #119 [ h=0 f=0.00016034841537500001086 ]
						} 

					} end of evaluations


				} 


				extended poll center: (   153     0 )

				perform extended poll descent ...... no

				extended poll point eval {

					extended poll point = (     1     0 )

					list of points evaluation (extended poll) {

						evaluation 1/1 {

							point #144 (  1  0 )
							mesh index : -1

							cache hit: #144 --> #120
							extended poll unsuccessful point #120 [ h=0 f=0.00016231060028099999278 ]
						} 

					} end of evaluations


				} 


				extended poll center: (     1     0 )

				perform extended poll descent ...... no

			} end of extended poll

		} end of poll

		Mesh update {
			previous mesh index: -1
			new mesh index     : 0
		} 


		terminate MADS       : no
		iteration status     : unsuccessful
		new feas. incumbent  : none
		new infeas. incumbent: none

	} end of iteration 5

	MADS iteration 6 {

		blackbox evaluations : 18
		best feas. solution  : (  2  0 ) h=0 f=7.9200267791700002624e-05
		best infeas. solution: none
		poll center          : (  2  0 )
		mesh size            : (  1  1 )
		poll size            : (  1  1 )
		mesh index           : 0
		h_max                : inf

		MADS search {
		} end of search

		MADS poll {

			poll center: (  2  0 )

			poll directions (include mesh size parameter) {
				dir 0 : (  0 -1 ) Ortho-MADS 2n
				dir 1 : (  0  1 ) Ortho-MADS 2n
			} 

			re-ordered list of 2 poll trial points {
				#145 : (  2 -1 ) (dir 0)
				#146 : (  2  1 ) (dir 1)
			} 

			list of points evaluation (poll) {

				surrogate evaluation 1/2 {

					point #145 (  2 -1 )
					direction  : (  0 -1 ) Ortho-MADS 2n
					mesh index : 0

					surrogate cache hit: #145 --> #133

					point #133 sgte eval: failed
				} 

				surrogate evaluation 2/2 {

					point #146 (  2  1 )
					direction  : (  0  1 ) Ortho-MADS 2n
					mesh index : 0

					surrogate cache hit: #146 --> #134

					point #134 sgte eval: failed
				} 

			} end of evaluations

			re-ordered list of 2 poll trial points {

				#147: (  2 -1 ) (dir 0)
				#148: (  2  1 ) (dir 1)
			} 

			list of points evaluation (poll) {

				evaluation 1/2 {

					point #147 (  2 -1 )
					direction  : (  0 -1 ) Ortho-MADS 2n
					mesh index : -1

					cache hit: #147 --> #135
					poll unsuccessful point #135: evaluation failed
				} 

				evaluation 2/2 {

					point #148 (  2  1 )
					direction  : (  0  1 ) Ortho-MADS 2n
					mesh index : -1

					cache hit: #148 --> #136
					poll unsuccessful point #136: evaluation failed
				} 

			} end of evaluations


			MADS extended poll {


				extended poll pts sorting (on surrogates) {


					list of points evaluation (extended poll) {

						surrogate evaluation 1/4 {

							point #149 (  1  0 )
							mesh index : 0

							surrogate cache hit: #149 --> #113

							point #113 sgte eval: h=0 f=0.0016381025314300000535
						} 

						surrogate evaluation 2/4 {

							point #150 (  3  0 )
							mesh index : 0

							surrogate cache hit: #150 --> #114

							point #114 sgte eval: h=0 f=0.0014186143875099998992
						} 

						surrogate evaluation 3/4 {

							point #151 ( 153  0 )
							mesh index : 0

							surrogate cache hit: #151 --> #115

							point #115 sgte eval: h=0 f=0.001627302169799999974
						} 

						surrogate evaluation 4/4 {

							point #152 ( 189  0 )
							mesh index : 0

							surrogate cache hit: #152 --> #116

							point #116 sgte eval: h=0 f=0.0015036821365399999015
						} 

					} end of evaluations


					sorted ext poll pts {

						point #1/4 : (     3     0 )
						point #2/4 : (   189     0 )
						point #3/4 : (   153     0 )
						point #4/4 : (     1     0 )

					} 


				} end of ext poll pts sorting (on surrogates)


				extended poll point eval {

					extended poll point = (     3     0 )

					list of points evaluation (extended poll) {

						evaluation 1/1 {

							point #153 (  3  0 )
							mesh index : 0

							cache hit: #153 --> #117
							extended poll unsuccessful point #117 [ h=0 f=0.00014122009277300000924 ]
						} 

					} end of evaluations


				} 


				extended poll center: (     3     0 )

				perform extended poll descent ...... no

				extended poll point eval {

					extended poll point = (   189     0 )

					list of points evaluation (extended poll) {

						evaluation 1/1 {

							point #154 ( 189  0 )
							mesh index : 0

							cache hit: #154 --> #118
							extended poll unsuccessful point #118 [ h=0 f=0.00014536857605000001303 ]
						} 

					} end of evaluations


				} 


				extended poll center: (   189     0 )

				perform extended poll descent ...... no

				extended poll point eval {

					extended poll point = (   153     0 )

					list of points evaluation (extended poll) {

						evaluation 1/1 {

							point #155 ( 153  0 )
							mesh index : 0

							cache hit: #155 --> #119
							extended poll unsuccessful point #119 [ h=0 f=0.00016034841537500001086 ]
						} 

					} end of evaluations


				} 


				extended poll center: (   153     0 )

				perform extended poll descent ...... no

				extended poll point eval {

					extended poll point = (     1     0 )

					list of points evaluation (extended poll) {

						evaluation 1/1 {

							point #156 (  1  0 )
							mesh index : 0

							cache hit: #156 --> #120
							extended poll unsuccessful point #120 [ h=0 f=0.00016231060028099999278 ]
						} 

					} end of evaluations


				} 


				extended poll center: (     1     0 )

				perform extended poll descent ...... no

			} end of extended poll

		} end of poll

		Mesh update {
			previous mesh index: 0
			new mesh index     : 1
		} 


		terminate MADS       : no
		iteration status     : unsuccessful
		new feas. incumbent  : none
		new infeas. incumbent: none

	} end of iteration 6

	MADS iteration 7 {

		blackbox evaluations : 18
		best feas. solution  : (  2  0 ) h=0 f=7.9200267791700002624e-05
		best infeas. solution: none
		poll center          : (  2  0 )
		mesh size            : ( 0.25 0.25 )
		poll size            : ( 0.5 0.5 )
		mesh index           : 1
		h_max                : inf

		MADS search {
		} end of search

		MADS poll {

			poll center: (  2  0 )

			poll directions (include mesh size parameter) {
				dir 0 : (  0 -1 ) Ortho-MADS 2n
				dir 1 : (  0  1 ) Ortho-MADS 2n
			} 

			re-ordered list of 2 poll trial points {
				#157 : (  2 -1 ) (dir 0)
				#158 : (  2  1 ) (dir 1)
			} 

			list of points evaluation (poll) {

				surrogate evaluation 1/2 {

					point #157 (  2 -1 )
					direction  : (  0 -1 ) Ortho-MADS 2n
					mesh index : 1

					surrogate cache hit: #157 --> #133

					point #133 sgte eval: failed
				} 

				surrogate evaluation 2/2 {

					point #158 (  2  1 )
					direction  : (  0  1 ) Ortho-MADS 2n
					mesh index : 1

					surrogate cache hit: #158 --> #134

					point #134 sgte eval: failed
				} 

			} end of evaluations

			re-ordered list of 2 poll trial points {

				#159: (  2 -1 ) (dir 0)
				#160: (  2  1 ) (dir 1)
			} 

			list of points evaluation (poll) {

				evaluation 1/2 {

					point #159 (  2 -1 )
					direction  : (  0 -1 ) Ortho-MADS 2n
					mesh index : -1

					cache hit: #159 --> #135
					poll unsuccessful point #135: evaluation failed
				} 

				evaluation 2/2 {

					point #160 (  2  1 )
					direction  : (  0  1 ) Ortho-MADS 2n
					mesh index : -1

					cache hit: #160 --> #136
					poll unsuccessful point #136: evaluation failed
				} 

			} end of evaluations


			MADS extended poll {


				extended poll pts sorting (on surrogates) {


					list of points evaluation (extended poll) {

						surrogate evaluation 1/4 {

							point #161 (  1  0 )
							mesh index : 1

							surrogate cache hit: #161 --> #113

							point #113 sgte eval: h=0 f=0.0016381025314300000535
						} 

						surrogate evaluation 2/4 {

							point #162 (  3  0 )
							mesh index : 1

							surrogate cache hit: #162 --> #114

							point #114 sgte eval: h=0 f=0.0014186143875099998992
						} 

						surrogate evaluation 3/4 {

							point #163 ( 153  0 )
							mesh index : 1

							surrogate cache hit: #163 --> #115

							point #115 sgte eval: h=0 f=0.001627302169799999974
						} 

						surrogate evaluation 4/4 {

							point #164 ( 189  0 )
							mesh index : 1

							surrogate cache hit: #164 --> #116

							point #116 sgte eval: h=0 f=0.0015036821365399999015
						} 

					} end of evaluations


					sorted ext poll pts {

						point #1/4 : (     3     0 )
						point #2/4 : (   189     0 )
						point #3/4 : (   153     0 )
						point #4/4 : (     1     0 )

					} 


				} end of ext poll pts sorting (on surrogates)


				extended poll point eval {

					extended poll point = (     3     0 )

					list of points evaluation (extended poll) {

						evaluation 1/1 {

							point #165 (  3  0 )
							mesh index : 1

							cache hit: #165 --> #117
							extended poll unsuccessful point #117 [ h=0 f=0.00014122009277300000924 ]
						} 

					} end of evaluations


				} 


				extended poll center: (     3     0 )

				perform extended poll descent ...... no

				extended poll point eval {

					extended poll point = (   189     0 )

					list of points evaluation (extended poll) {

						evaluation 1/1 {

							point #166 ( 189  0 )
							mesh index : 1

							cache hit: #166 --> #118
							extended poll unsuccessful point #118 [ h=0 f=0.00014536857605000001303 ]
						} 

					} end of evaluations


				} 


				extended poll center: (   189     0 )

				perform extended poll descent ...... no

				extended poll point eval {

					extended poll point = (   153     0 )

					list of points evaluation (extended poll) {

						evaluation 1/1 {

							point #167 ( 153  0 )
							mesh index : 1

							cache hit: #167 --> #119
							extended poll unsuccessful point #119 [ h=0 f=0.00016034841537500001086 ]
						} 

					} end of evaluations


				} 


				extended poll center: (   153     0 )

				perform extended poll descent ...... no

				extended poll point eval {

					extended poll point = (     1     0 )

					list of points evaluation (extended poll) {

						evaluation 1/1 {

							point #168 (  1  0 )
							mesh index : 1

							cache hit: #168 --> #120
							extended poll unsuccessful point #120 [ h=0 f=0.00016231060028099999278 ]
						} 

					} end of evaluations


				} 


				extended poll center: (     1     0 )

				perform extended poll descent ...... no

			} end of extended poll

		} end of poll

		Mesh update {
			previous mesh index: 1
			new mesh index     : 2
		} 


		terminate MADS       : no
		iteration status     : unsuccessful
		new feas. incumbent  : none
		new infeas. incumbent: none

	} end of iteration 7

	MADS iteration 8 {

		blackbox evaluations : 18
		best feas. solution  : (  2  0 ) h=0 f=7.9200267791700002624e-05
		best infeas. solution: none
		poll center          : (  2  0 )
		mesh size            : ( 0.0625 0.0625 )
		poll size            : ( 0.25 0.25 )
		mesh index           : 2
		h_max                : inf

		MADS search {
		} end of search

		MADS poll {

			poll center: (  2  0 )

			poll directions (include mesh size parameter) {
				dir 0 : (  0 -1 ) Ortho-MADS 2n
				dir 1 : (  0  1 ) Ortho-MADS 2n
			} 

			re-ordered list of 2 poll trial points {
				#169 : (  2 -1 ) (dir 0)
				#170 : (  2  1 ) (dir 1)
			} 

			list of points evaluation (poll) {

				surrogate evaluation 1/2 {

					point #169 (  2 -1 )
					direction  : (  0 -1 ) Ortho-MADS 2n
					mesh index : 2

					surrogate cache hit: #169 --> #133

					point #133 sgte eval: failed
				} 

				surrogate evaluation 2/2 {

					point #170 (  2  1 )
					direction  : (  0  1 ) Ortho-MADS 2n
					mesh index : 2

					surrogate cache hit: #170 --> #134

					point #134 sgte eval: failed
				} 

			} end of evaluations

			re-ordered list of 2 poll trial points {

				#171: (  2 -1 ) (dir 0)
				#172: (  2  1 ) (dir 1)
			} 

			list of points evaluation (poll) {

				evaluation 1/2 {

					point #171 (  2 -1 )
					direction  : (  0 -1 ) Ortho-MADS 2n
					mesh index : -1

					cache hit: #171 --> #135
					poll unsuccessful point #135: evaluation failed
				} 

				evaluation 2/2 {

					point #172 (  2  1 )
					direction  : (  0  1 ) Ortho-MADS 2n
					mesh index : -1

					cache hit: #172 --> #136
					poll unsuccessful point #136: evaluation failed
				} 

			} end of evaluations


			MADS extended poll {


				extended poll pts sorting (on surrogates) {


					list of points evaluation (extended poll) {

						surrogate evaluation 1/4 {

							point #173 (  1  0 )
							mesh index : 2

							surrogate cache hit: #173 --> #113

							point #113 sgte eval: h=0 f=0.0016381025314300000535
						} 

						surrogate evaluation 2/4 {

							point #174 (  3  0 )
							mesh index : 2

							surrogate cache hit: #174 --> #114

							point #114 sgte eval: h=0 f=0.0014186143875099998992
						} 

						surrogate evaluation 3/4 {

							point #175 ( 153  0 )
							mesh index : 2

							surrogate cache hit: #175 --> #115

							point #115 sgte eval: h=0 f=0.001627302169799999974
						} 

						surrogate evaluation 4/4 {

							point #176 ( 189  0 )
							mesh index : 2

							surrogate cache hit: #176 --> #116

							point #116 sgte eval: h=0 f=0.0015036821365399999015
						} 

					} end of evaluations


					sorted ext poll pts {

						point #1/4 : (     3     0 )
						point #2/4 : (   189     0 )
						point #3/4 : (   153     0 )
						point #4/4 : (     1     0 )

					} 


				} end of ext poll pts sorting (on surrogates)


				extended poll point eval {

					extended poll point = (     3     0 )

					list of points evaluation (extended poll) {

						evaluation 1/1 {

							point #177 (  3  0 )
							mesh index : 2

							cache hit: #177 --> #117
							extended poll unsuccessful point #117 [ h=0 f=0.00014122009277300000924 ]
						} 

					} end of evaluations


				} 


				extended poll center: (     3     0 )

				perform extended poll descent ...... no

				extended poll point eval {

					extended poll point = (   189     0 )

					list of points evaluation (extended poll) {

						evaluation 1/1 {

							point #178 ( 189  0 )
							mesh index : 2

							cache hit: #178 --> #118
							extended poll unsuccessful point #118 [ h=0 f=0.00014536857605000001303 ]
						} 

					} end of evaluations


				} 


				extended poll center: (   189     0 )

				perform extended poll descent ...... no

				extended poll point eval {

					extended poll point = (   153     0 )

					list of points evaluation (extended poll) {

						evaluation 1/1 {

							point #179 ( 153  0 )
							mesh index : 2

							cache hit: #179 --> #119
							extended poll unsuccessful point #119 [ h=0 f=0.00016034841537500001086 ]
						} 

					} end of evaluations


				} 


				extended poll center: (   153     0 )

				perform extended poll descent ...... no

				extended poll point eval {

					extended poll point = (     1     0 )

					list of points evaluation (extended poll) {

						evaluation 1/1 {

							point #180 (  1  0 )
							mesh index : 2

							cache hit: #180 --> #120
							extended poll unsuccessful point #120 [ h=0 f=0.00016231060028099999278 ]
						} 

					} end of evaluations


				} 


				extended poll center: (     1     0 )

				perform extended poll descent ...... no

			} end of extended poll

		} end of poll

		Mesh update {
			previous mesh index: 2
			new mesh index     : 3
		} 


		terminate MADS       : yes
		termination cause    : max mesh index
		iteration status     : unsuccessful
		new feas. incumbent  : none
		new infeas. incumbent: none

	} end of iteration 8

} end of run (max mesh index)

NOMAD final display {

	cache {
		number of cache points: 18
		size in memory        : 2.5 KB
		cache file            : -
	} 

	stats {
		MADS iterations                 : 9
		blackbox evaluations            : 18
		simulated blackbox evaluations  : 0
		evaluations                     : 46
		surrogate evaluations           : 60
		failed evaluations              : 20
		interrupted sequences of eval.  : 0
		cache hits                      : 60
		number of poll searches         : 9
		poll successes                  : 3
		poll points                     : 18
		number of extended polls        : 9
		number of ext. poll descents    : 0
		number of ext. poll successes   : 3
		number of ext. poll points      : 101
		number of ext. poll bb eval     : 7
		number of speculative searches  : 3
		speculative search successes    : 0
		speculative search points       : 0
		number of user searches         : 0
		number of LH searches           : 0
		number of cache searches        : 0
		number of VNS searches          : 0
		no model has been constructed
		wall-clock time                 : 2m 32s
	} 

	miscellaneous {
		mesh index      : min=-3, max=3, last=2
		best feas. sol  : ( 2 0 ) h=0 f=7.9200267791700002624e-05
		best infeas. sol: none
	} 
} 
