
NOMAD - version 3.5.1 - www.gerad.ca/nomad

Copyright (C) 2001-2012 {
	Mark A. Abramson     - The Boeing Company
	Charles Audet        - Ecole Polytechnique de Montreal
	Gilles Couture       - Ecole Polytechnique de Montreal
	John E. Dennis, Jr.  - Rice University
	Sebastien Le Digabel - Ecole Polytechnique de Montreal
	Christophe Tribes    - Ecole Polytechnique de Montreal
} 

Funded in part by AFOSR and Exxon Mobil.

License   : '$NOMAD_HOME/src/lgpl.txt'
User guide: '$NOMAD_HOME/doc/user_guide.pdf'
Examples  : '$NOMAD_HOME/examples'
Tools     : '$NOMAD_HOME/tools'

Please report bugs to nomad@gerad.ca

parameters {

	problem directory    : ./
	dimension            : n=2
	blackbox input types : (   cat(C)   int(I) )
	extended poll trigger: 0.10000000000000000555 (relative)
	neighbors executable : $python neighbors.py
	variable groups {
		group #0 {
			indexes: { 0 }
			no directions (categorical variables)
		} 
		group #1 {
			indexes: { 1 }
			directions {
				n             : 1
				types         : { [Ortho-MADS 2n] }
				sec poll types: { }
				halton_seed   : 3
			} 
		} 
	} 
	blackbox outputs (m=1) {
		#0          OBJ	$python blackbox.py
	} 
	signature                       : standard
	has surrogate                   : no
	add seed to output file names   : yes
	solution file                   : nomad-solution.16509.txt
	history file                    : none
	stats file                      : none
	cache file                      : none
	x0                              : ( 5511511    0 )
	directions         : Ortho-MADS 2n
	user halton seed   : 3
	mesh {
		update basis       :   4
		coarsening exponent:   1
		refining exponent  :  -1
		initial mesh index :   0
		max mesh index     :   2
		initial mesh size  : (    1    1 )
		min poll size      : (  NaN    1 )
	} 
	snap to bounds                   : yes
	opportunistic evaluations        : yes
	use models                       : no
	speculative search               : yes
	VNS search                       : no
	Latin-Hypercube (LH) search      : no
	cache search                     : no
	random seed / run id             : 16509
	epsilon                          : 1.0000000000000000304e-13
	undefined string                 : NaN
	infinity string                  : inf
	display degrees {
		general  : full (3)
		search   : full (3)
		poll     : full (3)
		iterative: full (3)
	} 
	display stats                : EVAL BBE [ SOL, ] BBO TIME
	display all evaluations      : no
	point display limit          : no limit
	max number of blackbox eval. : 100
	max cache memory             : 2000 MB
} 

MADS run {

	starting point evaluation {

		x0 eval point: ( 5511511  0 )

		list of points evaluation (x0 evaluation) {

			evaluation 1/1 {

				point #0 ( 5511511  0 )


				x0 evaluation dominating point #0 {
					x    = ( 5511511  0 )
					F(x) = [ 0.02235829830170000046 ]
					h    = 0
					f    = 0.02235829830170000046
				} 
			} 

		} end of evaluations


		terminate MADS       : no
		iteration status     : dominating
		new feas. incumbent  : #0 {
			x    = ( 5511511  0 )
			F(x) = [ 0.02235829830170000046 ]
			h    = 0
			f    = 0.02235829830170000046
		} 
		new infeas. incumbent: none

	} end of starting point evaluation

	MADS iteration 0 {

		blackbox evaluations : 1
		best feas. solution  : ( 5511511  0 ) h=0 f=0.02235829830170000046
		best infeas. solution: none
		poll center          : ( 5511511  0 )
		mesh size            : (  1  1 )
		poll size            : (  1  1 )
		mesh index           : 0
		h_max                : inf

		MADS search {
		} end of search

		MADS poll {

			poll center: ( 5511511  0 )

			poll directions (include mesh size parameter) {
				dir 0 : (  0 -1 ) Ortho-MADS 2n
				dir 1 : (  0  1 ) Ortho-MADS 2n
			} 

			re-ordered list of 2 poll trial points {
				#1 : ( 5511511 -1 ) (dir 0)
				#2 : ( 5511511  1 ) (dir 1)
			} 

			list of points evaluation (poll) {

				evaluation 1/2 {

					point #1 ( 5511511 -1 )
					direction  : (  0 -1 ) Ortho-MADS 2n
					mesh index : 0

					poll unsuccessful point #1: evaluation failed
				} 

				evaluation 2/2 {

					point #2 ( 5511511  1 )
					direction  : (  0  1 ) Ortho-MADS 2n
					mesh index : 0

					poll unsuccessful point #2: evaluation failed
				} 

			} end of evaluations


			MADS extended poll {


				extended poll pts sorting {


					list of points evaluation (extended poll) {

						evaluation 1/23 {

							point #3 ( 4511511  0 )
							mesh index : 0

							extended poll unsuccessful point #3 [ h=0 f=0.024044203758199999416 ]
						} 

						evaluation 2/23 {

							point #4 ( 5411511  0 )
							mesh index : 0


							extended poll dominating point #4 {
								x    = ( 5411511  0 )
								F(x) = [ 0.021931252479600000377 ]
								h    = 0
								f    = 0.021931252479600000377
							} 

							opport. strategy: stop evaluations
						} 

					} end of evaluations


				} end of ext poll pts sorting (success)


			} end of extended poll

		} end of poll

		Mesh update {
			previous mesh index: 0
			new mesh index     : -1
		} 


		terminate MADS       : no
		iteration status     : dominating
		new feas. incumbent  : #4 {
			x    = ( 5411511  0 )
			F(x) = [ 0.021931252479600000377 ]
			h    = 0
			f    = 0.021931252479600000377
		} 
		new infeas. incumbent: none

	} end of iteration 0

	MADS iteration 1 {

		blackbox evaluations : 5
		best feas. solution  : ( 5411511  0 ) h=0 f=0.021931252479600000377
		best infeas. solution: none
		poll center          : ( 5411511  0 )
		mesh size            : (  1  1 )
		poll size            : (  2  2 )
		mesh index           : -1
		h_max                : inf

		MADS search {

			speculative search {

			} end of speculative search (unsuccessful)

		} end of search

		MADS poll {

			poll center: ( 5411511  0 )

			poll directions (include mesh size parameter) {
				dir 0 : (  0 -1 ) Ortho-MADS 2n
				dir 1 : (  0  1 ) Ortho-MADS 2n
			} 

			re-ordered list of 2 poll trial points {
				#26 : ( 5411511 -1 ) (dir 0)
				#27 : ( 5411511  1 ) (dir 1)
			} 

			list of points evaluation (poll) {

				evaluation 1/2 {

					point #26 ( 5411511 -1 )
					direction  : (  0 -1 ) Ortho-MADS 2n
					mesh index : -1

					poll unsuccessful point #26: evaluation failed
				} 

				evaluation 2/2 {

					point #27 ( 5411511  1 )
					direction  : (  0  1 ) Ortho-MADS 2n
					mesh index : -1

					poll unsuccessful point #27: evaluation failed
				} 

			} end of evaluations


			MADS extended poll {


				extended poll pts sorting {


					list of points evaluation (extended poll) {

						evaluation 1/23 {

							point #28 ( 4411511  0 )
							mesh index : -1

							extended poll unsuccessful point #28 [ h=0 f=0.022520689964300000946 ]
						} 

						evaluation 2/23 {

							point #29 ( 5511511  0 )
							mesh index : -1

							cache hit: #29 --> #0
							extended poll unsuccessful point #0 [ h=0 f=0.02235829830170000046 ]
						} 

						evaluation 3/23 {

							point #30 ( 51511  0 )
							mesh index : -1


							extended poll dominating point #30 {
								x    = ( 51511  0 )
								F(x) = [ 0.021615986824000000405 ]
								h    = 0
								f    = 0.021615986824000000405
							} 

							opport. strategy: stop evaluations
						} 

					} end of evaluations


				} end of ext poll pts sorting (success)


			} end of extended poll

		} end of poll

		Mesh update {
			previous mesh index: -1
			new mesh index     : -2
		} 


		terminate MADS       : no
		iteration status     : dominating
		new feas. incumbent  : #30 {
			x    = ( 51511  0 )
			F(x) = [ 0.021615986824000000405 ]
			h    = 0
			f    = 0.021615986824000000405
		} 
		new infeas. incumbent: none

	} end of iteration 1

	MADS iteration 2 {

		blackbox evaluations : 9
		best feas. solution  : ( 51511  0 ) h=0 f=0.021615986824000000405
		best infeas. solution: none
		poll center          : ( 51511  0 )
		mesh size            : (  1  1 )
		poll size            : (  4  4 )
		mesh index           : -2
		h_max                : inf

		MADS search {

			speculative search {

			} end of speculative search (unsuccessful)

		} end of search

		MADS poll {

			poll center: ( 51511  0 )

			poll directions (include mesh size parameter) {
				dir 0 : (  0 -4 ) Ortho-MADS 2n
				dir 1 : (  0  4 ) Ortho-MADS 2n
			} 

			re-ordered list of 2 poll trial points {
				#51 : ( 51511 -4 ) (dir 0)
				#52 : ( 51511  4 ) (dir 1)
			} 

			list of points evaluation (poll) {

				evaluation 1/2 {

					point #51 ( 51511 -4 )
					direction  : (  0 -4 ) Ortho-MADS 2n
					mesh index : -2

					poll unsuccessful point #51: evaluation failed
				} 

				evaluation 2/2 {

					point #52 ( 51511  4 )
					direction  : (  0  4 ) Ortho-MADS 2n
					mesh index : -2

					poll unsuccessful point #52: evaluation failed
				} 

			} end of evaluations


			MADS extended poll {


				extended poll pts sorting {


					list of points evaluation (extended poll) {

						evaluation 1/16 {

							point #53 ( 41511  0 )
							mesh index : -2

							extended poll unsuccessful point #53 [ h=0 f=0.023385081291200000148 ]
						} 

						evaluation 2/16 {

							point #54 ( 52511  0 )
							mesh index : -2


							extended poll dominating point #54 {
								x    = ( 52511  0 )
								F(x) = [ 0.018300490379300000249 ]
								h    = 0
								f    = 0.018300490379300000249
							} 

							opport. strategy: stop evaluations
						} 

					} end of evaluations


				} end of ext poll pts sorting (success)


			} end of extended poll

		} end of poll

		Mesh update {
			previous mesh index: -2
			new mesh index     : -3
		} 


		terminate MADS       : no
		iteration status     : dominating
		new feas. incumbent  : #54 {
			x    = ( 52511  0 )
			F(x) = [ 0.018300490379300000249 ]
			h    = 0
			f    = 0.018300490379300000249
		} 
		new infeas. incumbent: none

	} end of iteration 2

	MADS iteration 3 {

		blackbox evaluations : 13
		best feas. solution  : ( 52511  0 ) h=0 f=0.018300490379300000249
		best infeas. solution: none
		poll center          : ( 52511  0 )
		mesh size            : (  1  1 )
		poll size            : (  8  8 )
		mesh index           : -3
		h_max                : inf

		MADS search {

			speculative search {

			} end of speculative search (unsuccessful)

		} end of search

		MADS poll {

			poll center: ( 52511  0 )

			poll directions (include mesh size parameter) {
				dir 0 : (  0 -4 ) Ortho-MADS 2n
				dir 1 : (  0  4 ) Ortho-MADS 2n
			} 

			re-ordered list of 2 poll trial points {
				#69 : ( 52511 -4 ) (dir 0)
				#70 : ( 52511  4 ) (dir 1)
			} 

			list of points evaluation (poll) {

				evaluation 1/2 {

					point #69 ( 52511 -4 )
					direction  : (  0 -4 ) Ortho-MADS 2n
					mesh index : -3

					poll unsuccessful point #69: evaluation failed
				} 

				evaluation 2/2 {

					point #70 ( 52511  4 )
					direction  : (  0  4 ) Ortho-MADS 2n
					mesh index : -3

					poll unsuccessful point #70: evaluation failed
				} 

			} end of evaluations


			MADS extended poll {


				extended poll pts sorting {


					list of points evaluation (extended poll) {

						evaluation 1/16 {

							point #71 ( 42511  0 )
							mesh index : -3

							extended poll unsuccessful point #71 [ h=0 f=0.01962240219120000087 ]
						} 

						evaluation 2/16 {

							point #72 ( 50511  0 )
							mesh index : -3

							extended poll unsuccessful point #72 [ h=0 f=0.042970900535600001224 ]
						} 

						evaluation 3/16 {

							point #73 ( 53511  0 )
							mesh index : -3

							extended poll unsuccessful point #73 [ h=0 f=0.035371227264400000034 ]
						} 

						evaluation 4/16 {

							point #74 ( 5403511  0 )
							mesh index : -3

							extended poll unsuccessful point #74 [ h=0 f=0.037236871719400002623 ]
						} 

						evaluation 5/16 {

							point #75 ( 5503511  0 )
							mesh index : -3

							extended poll unsuccessful point #75 [ h=0 f=0.054506502151499998388 ]
						} 

						evaluation 6/16 {

							point #76 ( 52411  0 )
							mesh index : -3

							extended poll unsuccessful point #76 [ h=0 f=0.018622241020199999106 ]
						} 

						evaluation 7/16 {

							point #77 ( 521  0 )
							mesh index : -3

							extended poll unsuccessful point #77 [ h=0 f=0.018895826339699998281 ]
						} 

						evaluation 8/16 {

							point #78 ( 521  0 )
							mesh index : -3

							cache hit: #78 --> #77
							extended poll unsuccessful point #77 [ h=0 f=0.018895826339699998281 ]
						} 

						evaluation 9/16 {

							point #79 ( 52521  0 )
							mesh index : -3


							extended poll dominating point #79 {
								x    = ( 52521  0 )
								F(x) = [ 0.018120789527899999749 ]
								h    = 0
								f    = 0.018120789527899999749
							} 

							opport. strategy: stop evaluations
						} 

					} end of evaluations


				} end of ext poll pts sorting (success)


			} end of extended poll

		} end of poll

		Mesh update {
			previous mesh index: -3
			new mesh index     : -4
		} 


		terminate MADS       : no
		iteration status     : dominating
		new feas. incumbent  : #79 {
			x    = ( 52521  0 )
			F(x) = [ 0.018120789527899999749 ]
			h    = 0
			f    = 0.018120789527899999749
		} 
		new infeas. incumbent: none

	} end of iteration 3

	MADS iteration 4 {

		blackbox evaluations : 23
		best feas. solution  : ( 52521  0 ) h=0 f=0.018120789527899999749
		best infeas. solution: none
		poll center          : ( 52521  0 )
		mesh size            : (  1  1 )
		poll size            : ( 16 16 )
		mesh index           : -4
		h_max                : inf

		MADS search {

			speculative search {

			} end of speculative search (unsuccessful)

		} end of search

		MADS poll {

			poll center: ( 52521  0 )

			poll directions (include mesh size parameter) {
				dir 0 : (  0 -16 ) Ortho-MADS 2n
				dir 1 : (  0 16 ) Ortho-MADS 2n
			} 

			re-ordered list of 2 poll trial points {
				#87 : ( 52521 -16 ) (dir 0)
				#88 : ( 52521 16 ) (dir 1)
			} 

			list of points evaluation (poll) {

				evaluation 1/2 {

					point #87 ( 52521 -16 )
					direction  : (  0 -16 ) Ortho-MADS 2n
					mesh index : -4

					poll unsuccessful point #87: evaluation failed
				} 

				evaluation 2/2 {

					point #88 ( 52521 16 )
					direction  : (  0 16 ) Ortho-MADS 2n
					mesh index : -4

					poll unsuccessful point #88: evaluation failed
				} 

			} end of evaluations


			MADS extended poll {


				extended poll pts sorting {


					list of points evaluation (extended poll) {

						evaluation 1/16 {

							point #89 ( 42521  0 )
							mesh index : -4


							extended poll dominating point #89 {
								x    = ( 42521  0 )
								F(x) = [ 0.017598519325299998711 ]
								h    = 0
								f    = 0.017598519325299998711
							} 

							opport. strategy: stop evaluations
						} 

					} end of evaluations


				} end of ext poll pts sorting (success)


			} end of extended poll

		} end of poll

		Mesh update {
			previous mesh index: -4
			new mesh index     : -5
		} 


		terminate MADS       : no
		iteration status     : dominating
		new feas. incumbent  : #89 {
			x    = ( 42521  0 )
			F(x) = [ 0.017598519325299998711 ]
			h    = 0
			f    = 0.017598519325299998711
		} 
		new infeas. incumbent: none

	} end of iteration 4

	MADS iteration 5 {

		blackbox evaluations : 26
		best feas. solution  : ( 42521  0 ) h=0 f=0.017598519325299998711
		best infeas. solution: none
		poll center          : ( 42521  0 )
		mesh size            : (  1  1 )
		poll size            : ( 32 32 )
		mesh index           : -5
		h_max                : inf

		MADS search {

			speculative search {

			} end of speculative search (unsuccessful)

		} end of search

		MADS poll {

			poll center: ( 42521  0 )

			poll directions (include mesh size parameter) {
				dir 0 : (  0 -25 ) Ortho-MADS 2n
				dir 1 : (  0 25 ) Ortho-MADS 2n
			} 

			re-ordered list of 2 poll trial points {
				#105 : ( 42521 -25 ) (dir 0)
				#106 : ( 42521 25 ) (dir 1)
			} 

			list of points evaluation (poll) {

				evaluation 1/2 {

					point #105 ( 42521 -25 )
					direction  : (  0 -25 ) Ortho-MADS 2n
					mesh index : -5

					poll unsuccessful point #105: evaluation failed
				} 

				evaluation 2/2 {

					point #106 ( 42521 25 )
					direction  : (  0 25 ) Ortho-MADS 2n
					mesh index : -5

					poll unsuccessful point #106: evaluation failed
				} 

			} end of evaluations


			MADS extended poll {


				extended poll pts sorting {


					list of points evaluation (extended poll) {

						evaluation 1/16 {

							point #107 ( 52521  0 )
							mesh index : -5

							cache hit: #107 --> #79
							extended poll unsuccessful point #79 [ h=0 f=0.018120789527899999749 ]
						} 

						evaluation 2/16 {

							point #108 ( 40521  0 )
							mesh index : -5

							extended poll unsuccessful point #108 [ h=0 f=0.036880621910099997685 ]
						} 

						evaluation 3/16 {

							point #109 ( 43521  0 )
							mesh index : -5

							extended poll unsuccessful point #109 [ h=0 f=0.03396452903750000335 ]
						} 

						evaluation 4/16 {

							point #110 ( 4403521  0 )
							mesh index : -5

							extended poll unsuccessful point #110 [ h=0 f=0.034545269012400001141 ]
						} 

						evaluation 5/16 {

							point #111 ( 4503521  0 )
							mesh index : -5

							extended poll unsuccessful point #111 [ h=0 f=0.037071008682299996795 ]
						} 

						evaluation 6/16 {

							point #112 ( 42421  0 )
							mesh index : -5

							extended poll unsuccessful point #112 [ h=0 f=0.018973846435499999719 ]
						} 

						evaluation 7/16 {

							point #113 ( 422  0 )
							mesh index : -5


							extended poll dominating point #113 {
								x    = ( 422  0 )
								F(x) = [ 0.01585177421569999856 ]
								h    = 0
								f    = 0.01585177421569999856
							} 

							opport. strategy: stop evaluations
						} 

					} end of evaluations


				} end of ext poll pts sorting (success)


			} end of extended poll

		} end of poll

		Mesh update {
			previous mesh index: -5
			new mesh index     : -6
		} 


		terminate MADS       : no
		iteration status     : dominating
		new feas. incumbent  : #113 {
			x    = ( 422  0 )
			F(x) = [ 0.01585177421569999856 ]
			h    = 0
			f    = 0.01585177421569999856
		} 
		new infeas. incumbent: none

	} end of iteration 5

	MADS iteration 6 {

		blackbox evaluations : 34
		best feas. solution  : ( 422  0 ) h=0 f=0.01585177421569999856
		best infeas. solution: none
		poll center          : ( 422  0 )
		mesh size            : (  1  1 )
		poll size            : ( 64 64 )
		mesh index           : -6
		h_max                : inf

		MADS search {

			speculative search {

			} end of speculative search (unsuccessful)

		} end of search

		MADS poll {

			poll center: ( 422  0 )

			poll directions (include mesh size parameter) {
				dir 0 : (  0 -64 ) Ortho-MADS 2n
				dir 1 : (  0 64 ) Ortho-MADS 2n
			} 

			re-ordered list of 2 poll trial points {
				#123 : ( 422 -64 ) (dir 0)
				#124 : ( 422 64 ) (dir 1)
			} 

			list of points evaluation (poll) {

				evaluation 1/2 {

					point #123 ( 422 -64 )
					direction  : (  0 -64 ) Ortho-MADS 2n
					mesh index : -6

					poll unsuccessful point #123: evaluation failed
				} 

				evaluation 2/2 {

					point #124 ( 422 64 )
					direction  : (  0 64 ) Ortho-MADS 2n
					mesh index : -6

					poll unsuccessful point #124: evaluation failed
				} 

			} end of evaluations


			MADS extended poll {


				extended poll pts sorting {


					list of points evaluation (extended poll) {

						evaluation 1/11 {

							point #125 ( 522  0 )
							mesh index : -6

							extended poll unsuccessful point #125 [ h=0 f=0.016249017715500000542 ]
						} 

						evaluation 2/11 {

							point #126 (  2  0 )
							mesh index : -6


							extended poll dominating point #126 {
								x    = (  2  0 )
								F(x) = [ 0.013917293548599999481 ]
								h    = 0
								f    = 0.013917293548599999481
							} 

							opport. strategy: stop evaluations
						} 

					} end of evaluations


				} end of ext poll pts sorting (success)


			} end of extended poll

		} end of poll

		Mesh update {
			previous mesh index: -6
			new mesh index     : -7
		} 


		terminate MADS       : no
		iteration status     : dominating
		new feas. incumbent  : #126 {
			x    = (  2  0 )
			F(x) = [ 0.013917293548599999481 ]
			h    = 0
			f    = 0.013917293548599999481
		} 
		new infeas. incumbent: none

	} end of iteration 6

	MADS iteration 7 {

		blackbox evaluations : 38
		best feas. solution  : (  2  0 ) h=0 f=0.013917293548599999481
		best infeas. solution: none
		poll center          : (  2  0 )
		mesh size            : (  1  1 )
		poll size            : ( 128 128 )
		mesh index           : -7
		h_max                : inf

		MADS search {

			speculative search {

			} end of speculative search (unsuccessful)

		} end of search

		MADS poll {

			poll center: (  2  0 )

			poll directions (include mesh size parameter) {
				dir 0 : (  0 -121 ) Ortho-MADS 2n
				dir 1 : (  0 121 ) Ortho-MADS 2n
			} 

			re-ordered list of 2 poll trial points {
				#136 : (  2 -121 ) (dir 0)
				#137 : (  2 121 ) (dir 1)
			} 

			list of points evaluation (poll) {

				evaluation 1/2 {

					point #136 (  2 -121 )
					direction  : (  0 -121 ) Ortho-MADS 2n
					mesh index : -7

					poll unsuccessful point #136: evaluation failed
				} 

				evaluation 2/2 {

					point #137 (  2 121 )
					direction  : (  0 121 ) Ortho-MADS 2n
					mesh index : -7

					poll unsuccessful point #137: evaluation failed
				} 

			} end of evaluations


			MADS extended poll {


				extended poll pts sorting {


					list of points evaluation (extended poll) {

						evaluation 1/4 {

							point #138 (  0  0 )
							mesh index : -7

							extended poll unsuccessful point #138 [ h=0 f=0.092660460472099998031 ]
						} 

						evaluation 2/4 {

							point #139 (  3  0 )
							mesh index : -7

							extended poll unsuccessful point #139 [ h=0 f=0.036042590141299998829 ]
						} 

						evaluation 3/4 {

							point #140 ( 403  0 )
							mesh index : -7

							extended poll unsuccessful point #140 [ h=0 f=0.051355991363499997604 ]
						} 

						evaluation 4/4 {

							point #141 ( 503  0 )
							mesh index : -7

							extended poll unsuccessful point #141 [ h=0 f=0.055728993415800003042 ]
						} 

					} end of evaluations


					sorted ext poll pts {

						point #1/4 : (     3     0 )
						point #2/4 : (   403     0 )
						point #3/4 : (   503     0 )
						point #4/4 : (     0     0 )

					} 


				} end of ext poll pts sorting


				extended poll point eval {

					extended poll point = (     3     0 )

					list of points evaluation (extended poll) {

						evaluation 1/1 {

							point #142 (  3  0 )
							mesh index : -7

							cache hit: #142 --> #139
							extended poll unsuccessful point #139 [ h=0 f=0.036042590141299998829 ]
						} 

					} end of evaluations


				} 


				extended poll center: (     3     0 )

				perform extended poll descent ...... no

				extended poll point eval {

					extended poll point = (   403     0 )

					list of points evaluation (extended poll) {

						evaluation 1/1 {

							point #143 ( 403  0 )
							mesh index : -7

							cache hit: #143 --> #140
							extended poll unsuccessful point #140 [ h=0 f=0.051355991363499997604 ]
						} 

					} end of evaluations


				} 


				extended poll center: (   403     0 )

				perform extended poll descent ...... no

				extended poll point eval {

					extended poll point = (   503     0 )

					list of points evaluation (extended poll) {

						evaluation 1/1 {

							point #144 ( 503  0 )
							mesh index : -7

							cache hit: #144 --> #141
							extended poll unsuccessful point #141 [ h=0 f=0.055728993415800003042 ]
						} 

					} end of evaluations


				} 


				extended poll center: (   503     0 )

				perform extended poll descent ...... no

				extended poll point eval {

					extended poll point = (     0     0 )

					list of points evaluation (extended poll) {

						evaluation 1/1 {

							point #145 (  0  0 )
							mesh index : -7

							cache hit: #145 --> #138
							extended poll unsuccessful point #138 [ h=0 f=0.092660460472099998031 ]
						} 

					} end of evaluations


				} 


				extended poll center: (     0     0 )

				perform extended poll descent ...... no

			} end of extended poll

		} end of poll

		Mesh update {
			previous mesh index: -7
			new mesh index     : -6
		} 


		terminate MADS       : no
		iteration status     : unsuccessful
		new feas. incumbent  : none
		new infeas. incumbent: none

	} end of iteration 7

	MADS iteration 8 {

		blackbox evaluations : 44
		best feas. solution  : (  2  0 ) h=0 f=0.013917293548599999481
		best infeas. solution: none
		poll center          : (  2  0 )
		mesh size            : (  1  1 )
		poll size            : ( 64 64 )
		mesh index           : -6
		h_max                : inf

		MADS search {
		} end of search

		MADS poll {

			poll center: (  2  0 )

			poll directions (include mesh size parameter) {
				dir 0 : (  0 -64 ) Ortho-MADS 2n
				dir 1 : (  0 64 ) Ortho-MADS 2n
			} 

			re-ordered list of 2 poll trial points {
				#146 : (  2 -64 ) (dir 0)
				#147 : (  2 64 ) (dir 1)
			} 

			list of points evaluation (poll) {

				evaluation 1/2 {

					point #146 (  2 -64 )
					direction  : (  0 -64 ) Ortho-MADS 2n
					mesh index : -6

					poll unsuccessful point #146: evaluation failed
				} 

				evaluation 2/2 {

					point #147 (  2 64 )
					direction  : (  0 64 ) Ortho-MADS 2n
					mesh index : -6

					poll unsuccessful point #147: evaluation failed
				} 

			} end of evaluations


			MADS extended poll {


				extended poll pts sorting {


					list of points evaluation (extended poll) {

						evaluation 1/4 {

							point #148 (  0  0 )
							mesh index : -6

							cache hit: #148 --> #138
							extended poll unsuccessful point #138 [ h=0 f=0.092660460472099998031 ]
						} 

						evaluation 2/4 {

							point #149 (  3  0 )
							mesh index : -6

							cache hit: #149 --> #139
							extended poll unsuccessful point #139 [ h=0 f=0.036042590141299998829 ]
						} 

						evaluation 3/4 {

							point #150 ( 403  0 )
							mesh index : -6

							cache hit: #150 --> #140
							extended poll unsuccessful point #140 [ h=0 f=0.051355991363499997604 ]
						} 

						evaluation 4/4 {

							point #151 ( 503  0 )
							mesh index : -6

							cache hit: #151 --> #141
							extended poll unsuccessful point #141 [ h=0 f=0.055728993415800003042 ]
						} 

					} end of evaluations


					sorted ext poll pts {

						point #1/4 : (     3     0 )
						point #2/4 : (   403     0 )
						point #3/4 : (   503     0 )
						point #4/4 : (     0     0 )

					} 


				} end of ext poll pts sorting


				extended poll point eval {

					extended poll point = (     3     0 )

					list of points evaluation (extended poll) {

						evaluation 1/1 {

							point #152 (  3  0 )
							mesh index : -6

							cache hit: #152 --> #139
							extended poll unsuccessful point #139 [ h=0 f=0.036042590141299998829 ]
						} 

					} end of evaluations


				} 


				extended poll center: (     3     0 )

				perform extended poll descent ...... no

				extended poll point eval {

					extended poll point = (   403     0 )

					list of points evaluation (extended poll) {

						evaluation 1/1 {

							point #153 ( 403  0 )
							mesh index : -6

							cache hit: #153 --> #140
							extended poll unsuccessful point #140 [ h=0 f=0.051355991363499997604 ]
						} 

					} end of evaluations


				} 


				extended poll center: (   403     0 )

				perform extended poll descent ...... no

				extended poll point eval {

					extended poll point = (   503     0 )

					list of points evaluation (extended poll) {

						evaluation 1/1 {

							point #154 ( 503  0 )
							mesh index : -6

							cache hit: #154 --> #141
							extended poll unsuccessful point #141 [ h=0 f=0.055728993415800003042 ]
						} 

					} end of evaluations


				} 


				extended poll center: (   503     0 )

				perform extended poll descent ...... no

				extended poll point eval {

					extended poll point = (     0     0 )

					list of points evaluation (extended poll) {

						evaluation 1/1 {

							point #155 (  0  0 )
							mesh index : -6

							cache hit: #155 --> #138
							extended poll unsuccessful point #138 [ h=0 f=0.092660460472099998031 ]
						} 

					} end of evaluations


				} 


				extended poll center: (     0     0 )

				perform extended poll descent ...... no

			} end of extended poll

		} end of poll

		Mesh update {
			previous mesh index: -6
			new mesh index     : -5
		} 


		terminate MADS       : no
		iteration status     : unsuccessful
		new feas. incumbent  : none
		new infeas. incumbent: none

	} end of iteration 8

	MADS iteration 9 {

		blackbox evaluations : 46
		best feas. solution  : (  2  0 ) h=0 f=0.013917293548599999481
		best infeas. solution: none
		poll center          : (  2  0 )
		mesh size            : (  1  1 )
		poll size            : ( 32 32 )
		mesh index           : -5
		h_max                : inf

		MADS search {
		} end of search

		MADS poll {

			poll center: (  2  0 )

			poll directions (include mesh size parameter) {
				dir 0 : (  0 -25 ) Ortho-MADS 2n
				dir 1 : (  0 25 ) Ortho-MADS 2n
			} 

			re-ordered list of 2 poll trial points {
				#156 : (  2 -25 ) (dir 0)
				#157 : (  2 25 ) (dir 1)
			} 

			list of points evaluation (poll) {

				evaluation 1/2 {

					point #156 (  2 -25 )
					direction  : (  0 -25 ) Ortho-MADS 2n
					mesh index : -5

					poll unsuccessful point #156: evaluation failed
				} 

				evaluation 2/2 {

					point #157 (  2 25 )
					direction  : (  0 25 ) Ortho-MADS 2n
					mesh index : -5

					poll unsuccessful point #157: evaluation failed
				} 

			} end of evaluations


			MADS extended poll {


				extended poll pts sorting {


					list of points evaluation (extended poll) {

						evaluation 1/4 {

							point #158 (  0  0 )
							mesh index : -5

							cache hit: #158 --> #138
							extended poll unsuccessful point #138 [ h=0 f=0.092660460472099998031 ]
						} 

						evaluation 2/4 {

							point #159 (  3  0 )
							mesh index : -5

							cache hit: #159 --> #139
							extended poll unsuccessful point #139 [ h=0 f=0.036042590141299998829 ]
						} 

						evaluation 3/4 {

							point #160 ( 403  0 )
							mesh index : -5

							cache hit: #160 --> #140
							extended poll unsuccessful point #140 [ h=0 f=0.051355991363499997604 ]
						} 

						evaluation 4/4 {

							point #161 ( 503  0 )
							mesh index : -5

							cache hit: #161 --> #141
							extended poll unsuccessful point #141 [ h=0 f=0.055728993415800003042 ]
						} 

					} end of evaluations


					sorted ext poll pts {

						point #1/4 : (     3     0 )
						point #2/4 : (   403     0 )
						point #3/4 : (   503     0 )
						point #4/4 : (     0     0 )

					} 


				} end of ext poll pts sorting


				extended poll point eval {

					extended poll point = (     3     0 )

					list of points evaluation (extended poll) {

						evaluation 1/1 {

							point #162 (  3  0 )
							mesh index : -5

							cache hit: #162 --> #139
							extended poll unsuccessful point #139 [ h=0 f=0.036042590141299998829 ]
						} 

					} end of evaluations


				} 


				extended poll center: (     3     0 )

				perform extended poll descent ...... no

				extended poll point eval {

					extended poll point = (   403     0 )

					list of points evaluation (extended poll) {

						evaluation 1/1 {

							point #163 ( 403  0 )
							mesh index : -5

							cache hit: #163 --> #140
							extended poll unsuccessful point #140 [ h=0 f=0.051355991363499997604 ]
						} 

					} end of evaluations


				} 


				extended poll center: (   403     0 )

				perform extended poll descent ...... no

				extended poll point eval {

					extended poll point = (   503     0 )

					list of points evaluation (extended poll) {

						evaluation 1/1 {

							point #164 ( 503  0 )
							mesh index : -5

							cache hit: #164 --> #141
							extended poll unsuccessful point #141 [ h=0 f=0.055728993415800003042 ]
						} 

					} end of evaluations


				} 


				extended poll center: (   503     0 )

				perform extended poll descent ...... no

				extended poll point eval {

					extended poll point = (     0     0 )

					list of points evaluation (extended poll) {

						evaluation 1/1 {

							point #165 (  0  0 )
							mesh index : -5

							cache hit: #165 --> #138
							extended poll unsuccessful point #138 [ h=0 f=0.092660460472099998031 ]
						} 

					} end of evaluations


				} 


				extended poll center: (     0     0 )

				perform extended poll descent ...... no

			} end of extended poll

		} end of poll

		Mesh update {
			previous mesh index: -5
			new mesh index     : -4
		} 


		terminate MADS       : no
		iteration status     : unsuccessful
		new feas. incumbent  : none
		new infeas. incumbent: none

	} end of iteration 9

	MADS iteration 10 {

		blackbox evaluations : 48
		best feas. solution  : (  2  0 ) h=0 f=0.013917293548599999481
		best infeas. solution: none
		poll center          : (  2  0 )
		mesh size            : (  1  1 )
		poll size            : ( 16 16 )
		mesh index           : -4
		h_max                : inf

		MADS search {
		} end of search

		MADS poll {

			poll center: (  2  0 )

			poll directions (include mesh size parameter) {
				dir 0 : (  0 -16 ) Ortho-MADS 2n
				dir 1 : (  0 16 ) Ortho-MADS 2n
			} 

			re-ordered list of 2 poll trial points {
				#166 : (  2 -16 ) (dir 0)
				#167 : (  2 16 ) (dir 1)
			} 

			list of points evaluation (poll) {

				evaluation 1/2 {

					point #166 (  2 -16 )
					direction  : (  0 -16 ) Ortho-MADS 2n
					mesh index : -4

					poll unsuccessful point #166: evaluation failed
				} 

				evaluation 2/2 {

					point #167 (  2 16 )
					direction  : (  0 16 ) Ortho-MADS 2n
					mesh index : -4

					poll unsuccessful point #167: evaluation failed
				} 

			} end of evaluations


			MADS extended poll {


				extended poll pts sorting {


					list of points evaluation (extended poll) {

						evaluation 1/4 {

							point #168 (  0  0 )
							mesh index : -4

							cache hit: #168 --> #138
							extended poll unsuccessful point #138 [ h=0 f=0.092660460472099998031 ]
						} 

						evaluation 2/4 {

							point #169 (  3  0 )
							mesh index : -4

							cache hit: #169 --> #139
							extended poll unsuccessful point #139 [ h=0 f=0.036042590141299998829 ]
						} 

						evaluation 3/4 {

							point #170 ( 403  0 )
							mesh index : -4

							cache hit: #170 --> #140
							extended poll unsuccessful point #140 [ h=0 f=0.051355991363499997604 ]
						} 

						evaluation 4/4 {

							point #171 ( 503  0 )
							mesh index : -4

							cache hit: #171 --> #141
							extended poll unsuccessful point #141 [ h=0 f=0.055728993415800003042 ]
						} 

					} end of evaluations


					sorted ext poll pts {

						point #1/4 : (     3     0 )
						point #2/4 : (   403     0 )
						point #3/4 : (   503     0 )
						point #4/4 : (     0     0 )

					} 


				} end of ext poll pts sorting


				extended poll point eval {

					extended poll point = (     3     0 )

					list of points evaluation (extended poll) {

						evaluation 1/1 {

							point #172 (  3  0 )
							mesh index : -4

							cache hit: #172 --> #139
							extended poll unsuccessful point #139 [ h=0 f=0.036042590141299998829 ]
						} 

					} end of evaluations


				} 


				extended poll center: (     3     0 )

				perform extended poll descent ...... no

				extended poll point eval {

					extended poll point = (   403     0 )

					list of points evaluation (extended poll) {

						evaluation 1/1 {

							point #173 ( 403  0 )
							mesh index : -4

							cache hit: #173 --> #140
							extended poll unsuccessful point #140 [ h=0 f=0.051355991363499997604 ]
						} 

					} end of evaluations


				} 


				extended poll center: (   403     0 )

				perform extended poll descent ...... no

				extended poll point eval {

					extended poll point = (   503     0 )

					list of points evaluation (extended poll) {

						evaluation 1/1 {

							point #174 ( 503  0 )
							mesh index : -4

							cache hit: #174 --> #141
							extended poll unsuccessful point #141 [ h=0 f=0.055728993415800003042 ]
						} 

					} end of evaluations


				} 


				extended poll center: (   503     0 )

				perform extended poll descent ...... no

				extended poll point eval {

					extended poll point = (     0     0 )

					list of points evaluation (extended poll) {

						evaluation 1/1 {

							point #175 (  0  0 )
							mesh index : -4

							cache hit: #175 --> #138
							extended poll unsuccessful point #138 [ h=0 f=0.092660460472099998031 ]
						} 

					} end of evaluations


				} 


				extended poll center: (     0     0 )

				perform extended poll descent ...... no

			} end of extended poll

		} end of poll

		Mesh update {
			previous mesh index: -4
			new mesh index     : -3
		} 


		terminate MADS       : no
		iteration status     : unsuccessful
		new feas. incumbent  : none
		new infeas. incumbent: none

	} end of iteration 10

	MADS iteration 11 {

		blackbox evaluations : 50
		best feas. solution  : (  2  0 ) h=0 f=0.013917293548599999481
		best infeas. solution: none
		poll center          : (  2  0 )
		mesh size            : (  1  1 )
		poll size            : (  8  8 )
		mesh index           : -3
		h_max                : inf

		MADS search {
		} end of search

		MADS poll {

			poll center: (  2  0 )

			poll directions (include mesh size parameter) {
				dir 0 : (  0 -4 ) Ortho-MADS 2n
				dir 1 : (  0  4 ) Ortho-MADS 2n
			} 

			re-ordered list of 2 poll trial points {
				#176 : (  2 -4 ) (dir 0)
				#177 : (  2  4 ) (dir 1)
			} 

			list of points evaluation (poll) {

				evaluation 1/2 {

					point #176 (  2 -4 )
					direction  : (  0 -4 ) Ortho-MADS 2n
					mesh index : -3

					poll unsuccessful point #176: evaluation failed
				} 

				evaluation 2/2 {

					point #177 (  2  4 )
					direction  : (  0  4 ) Ortho-MADS 2n
					mesh index : -3

					poll unsuccessful point #177: evaluation failed
				} 

			} end of evaluations


			MADS extended poll {


				extended poll pts sorting {


					list of points evaluation (extended poll) {

						evaluation 1/4 {

							point #178 (  0  0 )
							mesh index : -3

							cache hit: #178 --> #138
							extended poll unsuccessful point #138 [ h=0 f=0.092660460472099998031 ]
						} 

						evaluation 2/4 {

							point #179 (  3  0 )
							mesh index : -3

							cache hit: #179 --> #139
							extended poll unsuccessful point #139 [ h=0 f=0.036042590141299998829 ]
						} 

						evaluation 3/4 {

							point #180 ( 403  0 )
							mesh index : -3

							cache hit: #180 --> #140
							extended poll unsuccessful point #140 [ h=0 f=0.051355991363499997604 ]
						} 

						evaluation 4/4 {

							point #181 ( 503  0 )
							mesh index : -3

							cache hit: #181 --> #141
							extended poll unsuccessful point #141 [ h=0 f=0.055728993415800003042 ]
						} 

					} end of evaluations


					sorted ext poll pts {

						point #1/4 : (     3     0 )
						point #2/4 : (   403     0 )
						point #3/4 : (   503     0 )
						point #4/4 : (     0     0 )

					} 


				} end of ext poll pts sorting


				extended poll point eval {

					extended poll point = (     3     0 )

					list of points evaluation (extended poll) {

						evaluation 1/1 {

							point #182 (  3  0 )
							mesh index : -3

							cache hit: #182 --> #139
							extended poll unsuccessful point #139 [ h=0 f=0.036042590141299998829 ]
						} 

					} end of evaluations


				} 


				extended poll center: (     3     0 )

				perform extended poll descent ...... no

				extended poll point eval {

					extended poll point = (   403     0 )

					list of points evaluation (extended poll) {

						evaluation 1/1 {

							point #183 ( 403  0 )
							mesh index : -3

							cache hit: #183 --> #140
							extended poll unsuccessful point #140 [ h=0 f=0.051355991363499997604 ]
						} 

					} end of evaluations


				} 


				extended poll center: (   403     0 )

				perform extended poll descent ...... no

				extended poll point eval {

					extended poll point = (   503     0 )

					list of points evaluation (extended poll) {

						evaluation 1/1 {

							point #184 ( 503  0 )
							mesh index : -3

							cache hit: #184 --> #141
							extended poll unsuccessful point #141 [ h=0 f=0.055728993415800003042 ]
						} 

					} end of evaluations


				} 


				extended poll center: (   503     0 )

				perform extended poll descent ...... no

				extended poll point eval {

					extended poll point = (     0     0 )

					list of points evaluation (extended poll) {

						evaluation 1/1 {

							point #185 (  0  0 )
							mesh index : -3

							cache hit: #185 --> #138
							extended poll unsuccessful point #138 [ h=0 f=0.092660460472099998031 ]
						} 

					} end of evaluations


				} 


				extended poll center: (     0     0 )

				perform extended poll descent ...... no

			} end of extended poll

		} end of poll

		Mesh update {
			previous mesh index: -3
			new mesh index     : -2
		} 


		terminate MADS       : no
		iteration status     : unsuccessful
		new feas. incumbent  : none
		new infeas. incumbent: none

	} end of iteration 11

	MADS iteration 12 {

		blackbox evaluations : 52
		best feas. solution  : (  2  0 ) h=0 f=0.013917293548599999481
		best infeas. solution: none
		poll center          : (  2  0 )
		mesh size            : (  1  1 )
		poll size            : (  4  4 )
		mesh index           : -2
		h_max                : inf

		MADS search {
		} end of search

		MADS poll {

			poll center: (  2  0 )

			poll directions (include mesh size parameter) {
				dir 0 : (  0 -4 ) Ortho-MADS 2n
				dir 1 : (  0  4 ) Ortho-MADS 2n
			} 

			re-ordered list of 2 poll trial points {
				#186 : (  2 -4 ) (dir 0)
				#187 : (  2  4 ) (dir 1)
			} 

			list of points evaluation (poll) {

				evaluation 1/2 {

					point #186 (  2 -4 )
					direction  : (  0 -4 ) Ortho-MADS 2n
					mesh index : -2

					cache hit: #186 --> #176
					poll unsuccessful point #176: evaluation failed
				} 

				evaluation 2/2 {

					point #187 (  2  4 )
					direction  : (  0  4 ) Ortho-MADS 2n
					mesh index : -2

					cache hit: #187 --> #177
					poll unsuccessful point #177: evaluation failed
				} 

			} end of evaluations


			MADS extended poll {


				extended poll pts sorting {


					list of points evaluation (extended poll) {

						evaluation 1/4 {

							point #188 (  0  0 )
							mesh index : -2

							cache hit: #188 --> #138
							extended poll unsuccessful point #138 [ h=0 f=0.092660460472099998031 ]
						} 

						evaluation 2/4 {

							point #189 (  3  0 )
							mesh index : -2

							cache hit: #189 --> #139
							extended poll unsuccessful point #139 [ h=0 f=0.036042590141299998829 ]
						} 

						evaluation 3/4 {

							point #190 ( 403  0 )
							mesh index : -2

							cache hit: #190 --> #140
							extended poll unsuccessful point #140 [ h=0 f=0.051355991363499997604 ]
						} 

						evaluation 4/4 {

							point #191 ( 503  0 )
							mesh index : -2

							cache hit: #191 --> #141
							extended poll unsuccessful point #141 [ h=0 f=0.055728993415800003042 ]
						} 

					} end of evaluations


					sorted ext poll pts {

						point #1/4 : (     3     0 )
						point #2/4 : (   403     0 )
						point #3/4 : (   503     0 )
						point #4/4 : (     0     0 )

					} 


				} end of ext poll pts sorting


				extended poll point eval {

					extended poll point = (     3     0 )

					list of points evaluation (extended poll) {

						evaluation 1/1 {

							point #192 (  3  0 )
							mesh index : -2

							cache hit: #192 --> #139
							extended poll unsuccessful point #139 [ h=0 f=0.036042590141299998829 ]
						} 

					} end of evaluations


				} 


				extended poll center: (     3     0 )

				perform extended poll descent ...... no

				extended poll point eval {

					extended poll point = (   403     0 )

					list of points evaluation (extended poll) {

						evaluation 1/1 {

							point #193 ( 403  0 )
							mesh index : -2

							cache hit: #193 --> #140
							extended poll unsuccessful point #140 [ h=0 f=0.051355991363499997604 ]
						} 

					} end of evaluations


				} 


				extended poll center: (   403     0 )

				perform extended poll descent ...... no

				extended poll point eval {

					extended poll point = (   503     0 )

					list of points evaluation (extended poll) {

						evaluation 1/1 {

							point #194 ( 503  0 )
							mesh index : -2

							cache hit: #194 --> #141
							extended poll unsuccessful point #141 [ h=0 f=0.055728993415800003042 ]
						} 

					} end of evaluations


				} 


				extended poll center: (   503     0 )

				perform extended poll descent ...... no

				extended poll point eval {

					extended poll point = (     0     0 )

					list of points evaluation (extended poll) {

						evaluation 1/1 {

							point #195 (  0  0 )
							mesh index : -2

							cache hit: #195 --> #138
							extended poll unsuccessful point #138 [ h=0 f=0.092660460472099998031 ]
						} 

					} end of evaluations


				} 


				extended poll center: (     0     0 )

				perform extended poll descent ...... no

			} end of extended poll

		} end of poll

		Mesh update {
			previous mesh index: -2
			new mesh index     : -1
		} 


		terminate MADS       : no
		iteration status     : unsuccessful
		new feas. incumbent  : none
		new infeas. incumbent: none

	} end of iteration 12

	MADS iteration 13 {

		blackbox evaluations : 52
		best feas. solution  : (  2  0 ) h=0 f=0.013917293548599999481
		best infeas. solution: none
		poll center          : (  2  0 )
		mesh size            : (  1  1 )
		poll size            : (  2  2 )
		mesh index           : -1
		h_max                : inf

		MADS search {
		} end of search

		MADS poll {

			poll center: (  2  0 )

			poll directions (include mesh size parameter) {
				dir 0 : (  0 -1 ) Ortho-MADS 2n
				dir 1 : (  0  1 ) Ortho-MADS 2n
			} 

			re-ordered list of 2 poll trial points {
				#196 : (  2 -1 ) (dir 0)
				#197 : (  2  1 ) (dir 1)
			} 

			list of points evaluation (poll) {

				evaluation 1/2 {

					point #196 (  2 -1 )
					direction  : (  0 -1 ) Ortho-MADS 2n
					mesh index : -1

					poll unsuccessful point #196: evaluation failed
				} 

				evaluation 2/2 {

					point #197 (  2  1 )
					direction  : (  0  1 ) Ortho-MADS 2n
					mesh index : -1

					poll unsuccessful point #197: evaluation failed
				} 

			} end of evaluations


			MADS extended poll {


				extended poll pts sorting {


					list of points evaluation (extended poll) {

						evaluation 1/4 {

							point #198 (  0  0 )
							mesh index : -1

							cache hit: #198 --> #138
							extended poll unsuccessful point #138 [ h=0 f=0.092660460472099998031 ]
						} 

						evaluation 2/4 {

							point #199 (  3  0 )
							mesh index : -1

							cache hit: #199 --> #139
							extended poll unsuccessful point #139 [ h=0 f=0.036042590141299998829 ]
						} 

						evaluation 3/4 {

							point #200 ( 403  0 )
							mesh index : -1

							cache hit: #200 --> #140
							extended poll unsuccessful point #140 [ h=0 f=0.051355991363499997604 ]
						} 

						evaluation 4/4 {

							point #201 ( 503  0 )
							mesh index : -1

							cache hit: #201 --> #141
							extended poll unsuccessful point #141 [ h=0 f=0.055728993415800003042 ]
						} 

					} end of evaluations


					sorted ext poll pts {

						point #1/4 : (     3     0 )
						point #2/4 : (   403     0 )
						point #3/4 : (   503     0 )
						point #4/4 : (     0     0 )

					} 


				} end of ext poll pts sorting


				extended poll point eval {

					extended poll point = (     3     0 )

					list of points evaluation (extended poll) {

						evaluation 1/1 {

							point #202 (  3  0 )
							mesh index : -1

							cache hit: #202 --> #139
							extended poll unsuccessful point #139 [ h=0 f=0.036042590141299998829 ]
						} 

					} end of evaluations


				} 


				extended poll center: (     3     0 )

				perform extended poll descent ...... no

				extended poll point eval {

					extended poll point = (   403     0 )

					list of points evaluation (extended poll) {

						evaluation 1/1 {

							point #203 ( 403  0 )
							mesh index : -1

							cache hit: #203 --> #140
							extended poll unsuccessful point #140 [ h=0 f=0.051355991363499997604 ]
						} 

					} end of evaluations


				} 


				extended poll center: (   403     0 )

				perform extended poll descent ...... no

				extended poll point eval {

					extended poll point = (   503     0 )

					list of points evaluation (extended poll) {

						evaluation 1/1 {

							point #204 ( 503  0 )
							mesh index : -1

							cache hit: #204 --> #141
							extended poll unsuccessful point #141 [ h=0 f=0.055728993415800003042 ]
						} 

					} end of evaluations


				} 


				extended poll center: (   503     0 )

				perform extended poll descent ...... no

				extended poll point eval {

					extended poll point = (     0     0 )

					list of points evaluation (extended poll) {

						evaluation 1/1 {

							point #205 (  0  0 )
							mesh index : -1

							cache hit: #205 --> #138
							extended poll unsuccessful point #138 [ h=0 f=0.092660460472099998031 ]
						} 

					} end of evaluations


				} 


				extended poll center: (     0     0 )

				perform extended poll descent ...... no

			} end of extended poll

		} end of poll

		Mesh update {
			previous mesh index: -1
			new mesh index     : 0
		} 


		terminate MADS       : no
		iteration status     : unsuccessful
		new feas. incumbent  : none
		new infeas. incumbent: none

	} end of iteration 13

	MADS iteration 14 {

		blackbox evaluations : 54
		best feas. solution  : (  2  0 ) h=0 f=0.013917293548599999481
		best infeas. solution: none
		poll center          : (  2  0 )
		mesh size            : (  1  1 )
		poll size            : (  1  1 )
		mesh index           : 0
		h_max                : inf

		MADS search {
		} end of search

		MADS poll {

			poll center: (  2  0 )

			poll directions (include mesh size parameter) {
				dir 0 : (  0 -1 ) Ortho-MADS 2n
				dir 1 : (  0  1 ) Ortho-MADS 2n
			} 

			re-ordered list of 2 poll trial points {
				#206 : (  2 -1 ) (dir 0)
				#207 : (  2  1 ) (dir 1)
			} 

			list of points evaluation (poll) {

				evaluation 1/2 {

					point #206 (  2 -1 )
					direction  : (  0 -1 ) Ortho-MADS 2n
					mesh index : 0

					cache hit: #206 --> #196
					poll unsuccessful point #196: evaluation failed
				} 

				evaluation 2/2 {

					point #207 (  2  1 )
					direction  : (  0  1 ) Ortho-MADS 2n
					mesh index : 0

					cache hit: #207 --> #197
					poll unsuccessful point #197: evaluation failed
				} 

			} end of evaluations


			MADS extended poll {


				extended poll pts sorting {


					list of points evaluation (extended poll) {

						evaluation 1/4 {

							point #208 (  0  0 )
							mesh index : 0

							cache hit: #208 --> #138
							extended poll unsuccessful point #138 [ h=0 f=0.092660460472099998031 ]
						} 

						evaluation 2/4 {

							point #209 (  3  0 )
							mesh index : 0

							cache hit: #209 --> #139
							extended poll unsuccessful point #139 [ h=0 f=0.036042590141299998829 ]
						} 

						evaluation 3/4 {

							point #210 ( 403  0 )
							mesh index : 0

							cache hit: #210 --> #140
							extended poll unsuccessful point #140 [ h=0 f=0.051355991363499997604 ]
						} 

						evaluation 4/4 {

							point #211 ( 503  0 )
							mesh index : 0

							cache hit: #211 --> #141
							extended poll unsuccessful point #141 [ h=0 f=0.055728993415800003042 ]
						} 

					} end of evaluations


					sorted ext poll pts {

						point #1/4 : (     3     0 )
						point #2/4 : (   403     0 )
						point #3/4 : (   503     0 )
						point #4/4 : (     0     0 )

					} 


				} end of ext poll pts sorting


				extended poll point eval {

					extended poll point = (     3     0 )

					list of points evaluation (extended poll) {

						evaluation 1/1 {

							point #212 (  3  0 )
							mesh index : 0

							cache hit: #212 --> #139
							extended poll unsuccessful point #139 [ h=0 f=0.036042590141299998829 ]
						} 

					} end of evaluations


				} 


				extended poll center: (     3     0 )

				perform extended poll descent ...... no

				extended poll point eval {

					extended poll point = (   403     0 )

					list of points evaluation (extended poll) {

						evaluation 1/1 {

							point #213 ( 403  0 )
							mesh index : 0

							cache hit: #213 --> #140
							extended poll unsuccessful point #140 [ h=0 f=0.051355991363499997604 ]
						} 

					} end of evaluations


				} 


				extended poll center: (   403     0 )

				perform extended poll descent ...... no

				extended poll point eval {

					extended poll point = (   503     0 )

					list of points evaluation (extended poll) {

						evaluation 1/1 {

							point #214 ( 503  0 )
							mesh index : 0

							cache hit: #214 --> #141
							extended poll unsuccessful point #141 [ h=0 f=0.055728993415800003042 ]
						} 

					} end of evaluations


				} 


				extended poll center: (   503     0 )

				perform extended poll descent ...... no

				extended poll point eval {

					extended poll point = (     0     0 )

					list of points evaluation (extended poll) {

						evaluation 1/1 {

							point #215 (  0  0 )
							mesh index : 0

							cache hit: #215 --> #138
							extended poll unsuccessful point #138 [ h=0 f=0.092660460472099998031 ]
						} 

					} end of evaluations


				} 


				extended poll center: (     0     0 )

				perform extended poll descent ...... no

			} end of extended poll

		} end of poll

		Mesh update {
			previous mesh index: 0
			new mesh index     : 1
		} 


		terminate MADS       : no
		iteration status     : unsuccessful
		new feas. incumbent  : none
		new infeas. incumbent: none

	} end of iteration 14

	MADS iteration 15 {

		blackbox evaluations : 54
		best feas. solution  : (  2  0 ) h=0 f=0.013917293548599999481
		best infeas. solution: none
		poll center          : (  2  0 )
		mesh size            : ( 0.25 0.25 )
		poll size            : ( 0.5 0.5 )
		mesh index           : 1
		h_max                : inf

		MADS search {
		} end of search

		MADS poll {

			poll center: (  2  0 )

			poll directions (include mesh size parameter) {
				dir 0 : (  0 -1 ) Ortho-MADS 2n
				dir 1 : (  0  1 ) Ortho-MADS 2n
			} 

			re-ordered list of 2 poll trial points {
				#216 : (  2 -1 ) (dir 0)
				#217 : (  2  1 ) (dir 1)
			} 

			list of points evaluation (poll) {

				evaluation 1/2 {

					point #216 (  2 -1 )
					direction  : (  0 -1 ) Ortho-MADS 2n
					mesh index : 1

					cache hit: #216 --> #196
					poll unsuccessful point #196: evaluation failed
				} 

				evaluation 2/2 {

					point #217 (  2  1 )
					direction  : (  0  1 ) Ortho-MADS 2n
					mesh index : 1

					cache hit: #217 --> #197
					poll unsuccessful point #197: evaluation failed
				} 

			} end of evaluations


			MADS extended poll {


				extended poll pts sorting {


					list of points evaluation (extended poll) {

						evaluation 1/4 {

							point #218 (  0  0 )
							mesh index : 1

							cache hit: #218 --> #138
							extended poll unsuccessful point #138 [ h=0 f=0.092660460472099998031 ]
						} 

						evaluation 2/4 {

							point #219 (  3  0 )
							mesh index : 1

							cache hit: #219 --> #139
							extended poll unsuccessful point #139 [ h=0 f=0.036042590141299998829 ]
						} 

						evaluation 3/4 {

							point #220 ( 403  0 )
							mesh index : 1

							cache hit: #220 --> #140
							extended poll unsuccessful point #140 [ h=0 f=0.051355991363499997604 ]
						} 

						evaluation 4/4 {

							point #221 ( 503  0 )
							mesh index : 1

							cache hit: #221 --> #141
							extended poll unsuccessful point #141 [ h=0 f=0.055728993415800003042 ]
						} 

					} end of evaluations


					sorted ext poll pts {

						point #1/4 : (     3     0 )
						point #2/4 : (   403     0 )
						point #3/4 : (   503     0 )
						point #4/4 : (     0     0 )

					} 


				} end of ext poll pts sorting


				extended poll point eval {

					extended poll point = (     3     0 )

					list of points evaluation (extended poll) {

						evaluation 1/1 {

							point #222 (  3  0 )
							mesh index : 1

							cache hit: #222 --> #139
							extended poll unsuccessful point #139 [ h=0 f=0.036042590141299998829 ]
						} 

					} end of evaluations


				} 


				extended poll center: (     3     0 )

				perform extended poll descent ...... no

				extended poll point eval {

					extended poll point = (   403     0 )

					list of points evaluation (extended poll) {

						evaluation 1/1 {

							point #223 ( 403  0 )
							mesh index : 1

							cache hit: #223 --> #140
							extended poll unsuccessful point #140 [ h=0 f=0.051355991363499997604 ]
						} 

					} end of evaluations


				} 


				extended poll center: (   403     0 )

				perform extended poll descent ...... no

				extended poll point eval {

					extended poll point = (   503     0 )

					list of points evaluation (extended poll) {

						evaluation 1/1 {

							point #224 ( 503  0 )
							mesh index : 1

							cache hit: #224 --> #141
							extended poll unsuccessful point #141 [ h=0 f=0.055728993415800003042 ]
						} 

					} end of evaluations


				} 


				extended poll center: (   503     0 )

				perform extended poll descent ...... no

				extended poll point eval {

					extended poll point = (     0     0 )

					list of points evaluation (extended poll) {

						evaluation 1/1 {

							point #225 (  0  0 )
							mesh index : 1

							cache hit: #225 --> #138
							extended poll unsuccessful point #138 [ h=0 f=0.092660460472099998031 ]
						} 

					} end of evaluations


				} 


				extended poll center: (     0     0 )

				perform extended poll descent ...... no

			} end of extended poll

		} end of poll

		Mesh update {
			previous mesh index: 1
			new mesh index     : 2
		} 


		terminate MADS       : no
		iteration status     : unsuccessful
		new feas. incumbent  : none
		new infeas. incumbent: none

	} end of iteration 15

	MADS iteration 16 {

		blackbox evaluations : 54
		best feas. solution  : (  2  0 ) h=0 f=0.013917293548599999481
		best infeas. solution: none
		poll center          : (  2  0 )
		mesh size            : ( 0.0625 0.0625 )
		poll size            : ( 0.25 0.25 )
		mesh index           : 2
		h_max                : inf

		MADS search {
		} end of search

		MADS poll {

			poll center: (  2  0 )

			poll directions (include mesh size parameter) {
				dir 0 : (  0 -1 ) Ortho-MADS 2n
				dir 1 : (  0  1 ) Ortho-MADS 2n
			} 

			re-ordered list of 2 poll trial points {
				#226 : (  2 -1 ) (dir 0)
				#227 : (  2  1 ) (dir 1)
			} 

			list of points evaluation (poll) {

				evaluation 1/2 {

					point #226 (  2 -1 )
					direction  : (  0 -1 ) Ortho-MADS 2n
					mesh index : 2

					cache hit: #226 --> #196
					poll unsuccessful point #196: evaluation failed
				} 

				evaluation 2/2 {

					point #227 (  2  1 )
					direction  : (  0  1 ) Ortho-MADS 2n
					mesh index : 2

					cache hit: #227 --> #197
					poll unsuccessful point #197: evaluation failed
				} 

			} end of evaluations


			MADS extended poll {


				extended poll pts sorting {


					list of points evaluation (extended poll) {

						evaluation 1/4 {

							point #228 (  0  0 )
							mesh index : 2

							cache hit: #228 --> #138
							extended poll unsuccessful point #138 [ h=0 f=0.092660460472099998031 ]
						} 

						evaluation 2/4 {

							point #229 (  3  0 )
							mesh index : 2

							cache hit: #229 --> #139
							extended poll unsuccessful point #139 [ h=0 f=0.036042590141299998829 ]
						} 

						evaluation 3/4 {

							point #230 ( 403  0 )
							mesh index : 2

							cache hit: #230 --> #140
							extended poll unsuccessful point #140 [ h=0 f=0.051355991363499997604 ]
						} 

						evaluation 4/4 {

							point #231 ( 503  0 )
							mesh index : 2

							cache hit: #231 --> #141
							extended poll unsuccessful point #141 [ h=0 f=0.055728993415800003042 ]
						} 

					} end of evaluations


					sorted ext poll pts {

						point #1/4 : (     3     0 )
						point #2/4 : (   403     0 )
						point #3/4 : (   503     0 )
						point #4/4 : (     0     0 )

					} 


				} end of ext poll pts sorting


				extended poll point eval {

					extended poll point = (     3     0 )

					list of points evaluation (extended poll) {

						evaluation 1/1 {

							point #232 (  3  0 )
							mesh index : 2

							cache hit: #232 --> #139
							extended poll unsuccessful point #139 [ h=0 f=0.036042590141299998829 ]
						} 

					} end of evaluations


				} 


				extended poll center: (     3     0 )

				perform extended poll descent ...... no

				extended poll point eval {

					extended poll point = (   403     0 )

					list of points evaluation (extended poll) {

						evaluation 1/1 {

							point #233 ( 403  0 )
							mesh index : 2

							cache hit: #233 --> #140
							extended poll unsuccessful point #140 [ h=0 f=0.051355991363499997604 ]
						} 

					} end of evaluations


				} 


				extended poll center: (   403     0 )

				perform extended poll descent ...... no

				extended poll point eval {

					extended poll point = (   503     0 )

					list of points evaluation (extended poll) {

						evaluation 1/1 {

							point #234 ( 503  0 )
							mesh index : 2

							cache hit: #234 --> #141
							extended poll unsuccessful point #141 [ h=0 f=0.055728993415800003042 ]
						} 

					} end of evaluations


				} 


				extended poll center: (   503     0 )

				perform extended poll descent ...... no

				extended poll point eval {

					extended poll point = (     0     0 )

					list of points evaluation (extended poll) {

						evaluation 1/1 {

							point #235 (  0  0 )
							mesh index : 2

							cache hit: #235 --> #138
							extended poll unsuccessful point #138 [ h=0 f=0.092660460472099998031 ]
						} 

					} end of evaluations


				} 


				extended poll center: (     0     0 )

				perform extended poll descent ...... no

			} end of extended poll

		} end of poll

		Mesh update {
			previous mesh index: 2
			new mesh index     : 3
		} 


		terminate MADS       : yes
		termination cause    : max mesh index
		iteration status     : unsuccessful
		new feas. incumbent  : none
		new infeas. incumbent: none

	} end of iteration 16

} end of run (max mesh index)

NOMAD final display {

	cache {
		number of cache points: 54
		size in memory        : 6.9000000000000003553 KB
		cache file            : -
	} 

	stats {
		MADS iterations                 : 17
		blackbox evaluations            : 54
		simulated blackbox evaluations  : 0
		evaluations                     : 141
		failed evaluations              : 26
		interrupted sequences of eval.  : 7
		cache hits                      : 87
		number of poll searches         : 17
		poll successes                  : 7
		poll points                     : 34
		number of extended polls        : 17
		number of ext. poll descents    : 0
		number of ext. poll successes   : 7
		number of ext. poll points      : 201
		number of ext. poll bb eval     : 27
		number of speculative searches  : 7
		speculative search successes    : 0
		speculative search points       : 0
		number of user searches         : 0
		number of LH searches           : 0
		number of cache searches        : 0
		number of VNS searches          : 0
		no model has been constructed
		wall-clock time                 : 9m 41s
	} 

	miscellaneous {
		mesh index      : min=-7, max=3, last=2
		best feas. sol  : ( 2 0 ) h=0 f=0.013917293548599999481
		best infeas. sol: none
	} 
} 
