
NOMAD - version 3.5.1 - www.gerad.ca/nomad

Copyright (C) 2001-2012 {
	Mark A. Abramson     - The Boeing Company
	Charles Audet        - Ecole Polytechnique de Montreal
	Gilles Couture       - Ecole Polytechnique de Montreal
	John E. Dennis, Jr.  - Rice University
	Sebastien Le Digabel - Ecole Polytechnique de Montreal
	Christophe Tribes    - Ecole Polytechnique de Montreal
} 

Funded in part by AFOSR and Exxon Mobil.

License   : '$NOMAD_HOME/src/lgpl.txt'
User guide: '$NOMAD_HOME/doc/user_guide.pdf'
Examples  : '$NOMAD_HOME/examples'
Tools     : '$NOMAD_HOME/tools'

Please report bugs to nomad@gerad.ca

parameters {

	problem directory    : ./
	dimension            : n=2
	blackbox input types : (   cat(C)   int(I) )
	extended poll trigger: 0.10000000000000000555 (relative)
	neighbors executable : $python neighbors.py
	variable groups {
		group #0 {
			indexes: { 0 }
			no directions (categorical variables)
		} 
		group #1 {
			indexes: { 1 }
			directions {
				n             : 1
				types         : { [Ortho-MADS 2n] }
				sec poll types: { }
				halton_seed   : 3
			} 
		} 
	} 
	blackbox outputs (m=1) {
		#0          OBJ	$python blackbox.py	$python surrogate.py
	} 
	signature                       : standard
	has surrogate                   : yes
	sort trial points with surrogate: yes
	surrogate cost                  : none
	add seed to output file names   : yes
	solution file                   : nomad-solution.15695.txt
	history file                    : none
	stats file                      : none
	cache file                      : none
	x0                              : ( 219391    0 )
	directions         : Ortho-MADS 2n
	user halton seed   : 3
	mesh {
		update basis       :   4
		coarsening exponent:   1
		refining exponent  :  -1
		initial mesh index :   0
		max mesh index     :   2
		initial mesh size  : (    1    1 )
		min poll size      : (  NaN    1 )
	} 
	snap to bounds                   : yes
	opportunistic evaluations        : yes
	use models                       : no
	speculative search               : yes
	VNS search                       : no
	Latin-Hypercube (LH) search      : no
	cache search                     : no
	random seed / run id             : 15695
	epsilon                          : 1.0000000000000000304e-13
	undefined string                 : NaN
	infinity string                  : inf
	display degrees {
		general  : full (3)
		search   : full (3)
		poll     : full (3)
		iterative: full (3)
	} 
	display stats                : EVAL BBE [ SOL, ] BBO TIME
	display all evaluations      : no
	point display limit          : no limit
	max number of blackbox eval. : 100
	max cache memory             : 2000 MB
} 

MADS run {

	starting point evaluation {

		x0 eval point: ( 219391  0 )

		list of points evaluation (x0 evaluation) {

			evaluation 1/1 {

				point #0 ( 219391  0 )


				x0 evaluation dominating point #0 {
					x    = ( 219391  0 )
					F(x) = [ 0.00016307115554800000168 ]
					h    = 0
					f    = 0.00016307115554800000168
				} 
			} 

		} end of evaluations


		terminate MADS       : no
		iteration status     : dominating
		new feas. incumbent  : #0 {
			x    = ( 219391  0 )
			F(x) = [ 0.00016307115554800000168 ]
			h    = 0
			f    = 0.00016307115554800000168
		} 
		new infeas. incumbent: none

	} end of starting point evaluation

	MADS iteration 0 {

		blackbox evaluations : 1
		best feas. solution  : ( 219391  0 ) h=0 f=0.00016307115554800000168
		best infeas. solution: none
		poll center          : ( 219391  0 )
		mesh size            : (  1  1 )
		poll size            : (  1  1 )
		mesh index           : 0
		h_max                : inf

		MADS search {
		} end of search

		MADS poll {

			poll center: ( 219391  0 )

			poll directions (include mesh size parameter) {
				dir 0 : (  0 -1 ) Ortho-MADS 2n
				dir 1 : (  0  1 ) Ortho-MADS 2n
			} 

			re-ordered list of 2 poll trial points {
				#1 : ( 219391 -1 ) (dir 0)
				#2 : ( 219391  1 ) (dir 1)
			} 

			list of points evaluation (poll) {

				surrogate evaluation 1/2 {

					point #1 ( 219391 -1 )
					direction  : (  0 -1 ) Ortho-MADS 2n
					mesh index : 0


					point #1 sgte eval: failed
				} 

				surrogate evaluation 2/2 {

					point #2 ( 219391  1 )
					direction  : (  0  1 ) Ortho-MADS 2n
					mesh index : 0


					point #2 sgte eval: failed
				} 

			} end of evaluations

			re-ordered list of 2 poll trial points {

				#3: ( 219391 -1 ) (dir 0)
				#4: ( 219391  1 ) (dir 1)
			} 

			list of points evaluation (poll) {

				evaluation 1/2 {

					point #3 ( 219391 -1 )
					direction  : (  0 -1 ) Ortho-MADS 2n
					mesh index : 0

					poll unsuccessful point #3: evaluation failed
				} 

				evaluation 2/2 {

					point #4 ( 219391  1 )
					direction  : (  0  1 ) Ortho-MADS 2n
					mesh index : 0

					poll unsuccessful point #4: evaluation failed
				} 

			} end of evaluations


			MADS extended poll {


				extended poll pts sorting (on surrogates) {


					list of points evaluation (extended poll) {

						surrogate evaluation 1/23 {

							point #5 ( 266047  0 )
							mesh index : 0


							point #5 sgte eval: h=0 f=0.0015880107879599999251
						} 

						surrogate evaluation 2/23 {

							point #6 ( 227167  0 )
							mesh index : 0


							point #6 sgte eval: h=0 f=0.0015987873077400001007
						} 

						surrogate evaluation 3/23 {

							point #7 ( 5551  0 )
							mesh index : 0


							point #7 sgte eval: h=0 f=0.0019288063049300000103
						} 

						surrogate evaluation 4/23 {

							point #8 ( 5551  0 )
							mesh index : 0

							surrogate cache hit: #8 --> #7

							point #7 sgte eval: h=0 f=0.0019288063049300000103
						} 

						surrogate evaluation 5/23 {

							point #9 ( 220687  0 )
							mesh index : 0


							point #9 sgte eval: h=0 f=0.0014613866806000000344
						} 

						surrogate evaluation 6/23 {

							point #10 ( 221983  0 )
							mesh index : 0


							point #10 sgte eval: h=0 f=0.0016623020172099999686
						} 

						surrogate evaluation 7/23 {

							point #11 ( 8044639  0 )
							mesh index : 0


							point #11 sgte eval: h=0 f=0.0016083002090499999744
						} 

						surrogate evaluation 8/23 {

							point #12 ( 8091295  0 )
							mesh index : 0


							point #12 sgte eval: h=0 f=0.0015866041183500000783
						} 

						surrogate evaluation 9/23 {

							point #13 ( 219607  0 )
							mesh index : 0


							point #13 sgte eval: h=0 f=0.0015333890914900000571
						} 

						surrogate evaluation 10/23 {

							point #14 ( 219823  0 )
							mesh index : 0


							point #14 sgte eval: h=0 f=0.0016607046127300000276
						} 

						surrogate evaluation 11/23 {

							point #15 ( 7919359  0 )
							mesh index : 0


							point #15 sgte eval: h=0 f=0.0015964984893800000798
						} 

						surrogate evaluation 12/23 {

							point #16 ( 7927135  0 )
							mesh index : 0


							point #16 sgte eval: h=0 f=0.001606321334840000092
						} 

						surrogate evaluation 13/23 {

							point #17 ( 219427  0 )
							mesh index : 0


							point #17 sgte eval: h=0 f=0.0019028902053800000795
						} 

						surrogate evaluation 14/23 {

							point #18 ( 6091  0 )
							mesh index : 0


							point #18 sgte eval: h=0 f=0.0016364812850999999917
						} 

						surrogate evaluation 15/23 {

							point #19 ( 6091  0 )
							mesh index : 0

							surrogate cache hit: #19 --> #18

							point #18 sgte eval: h=0 f=0.0016364812850999999917
						} 

						surrogate evaluation 16/23 {

							point #20 ( 219397  0 )
							mesh index : 0


							point #20 sgte eval: h=0 f=0.0014728784561200000073
						} 

						surrogate evaluation 17/23 {

							point #21 ( 219403  0 )
							mesh index : 0


							point #21 sgte eval: h=0 f=0.0016620874404899999704
						} 

						surrogate evaluation 18/23 {

							point #22 ( 7898779  0 )
							mesh index : 0


							point #22 sgte eval: h=0 f=0.001636195182799999974
						} 

						surrogate evaluation 19/23 {

							point #23 ( 7898995  0 )
							mesh index : 0


							point #23 sgte eval: h=0 f=0.0016951799392700001023
						} 

						surrogate evaluation 20/23 {

							point #24 ( 219392  0 )
							mesh index : 0


							point #24 sgte eval: h=0 f=0.0014817953109699999112
						} 

						surrogate evaluation 21/23 {

							point #25 ( 219393  0 )
							mesh index : 0


							point #25 sgte eval: h=0 f=0.0016616106033300001056
						} 

						surrogate evaluation 22/23 {

							point #26 ( 7898199  0 )
							mesh index : 0


							point #26 sgte eval: h=0 f=0.0015996217727699999726
						} 

						surrogate evaluation 23/23 {

							point #27 ( 7898235  0 )
							mesh index : 0


							point #27 sgte eval: h=0 f=0.0016042947769199999378
						} 

					} end of evaluations


					sorted ext poll pts {

						point # 1/21 : ( 220687     0 )
						point # 2/21 : ( 219397     0 )
						point # 3/21 : ( 219392     0 )
						point # 4/21 : ( 219607     0 )
						point # 5/21 : ( 8091295     0 )
						point # 6/21 : ( 266047     0 )
						point # 7/21 : ( 7919359     0 )
						point # 8/21 : ( 227167     0 )
						point # 9/21 : ( 7898199     0 )
						point #10/21 : ( 7898235     0 )
						point #11/21 : ( 7927135     0 )
						point #12/21 : ( 8044639     0 )
						point #13/21 : ( 7898779     0 )
						point #14/21 : (  6091     0 )
						point #15/21 : ( 219823     0 )
						point #16/21 : ( 219393     0 )
						point #17/21 : ( 219403     0 )
						point #18/21 : ( 221983     0 )
						point #19/21 : ( 7898995     0 )
						point #20/21 : ( 219427     0 )
						point #21/21 : (  5551     0 )

					} 


				} end of ext poll pts sorting (on surrogates)


				extended poll point eval {

					extended poll point = ( 220687     0 )

					list of points evaluation (extended poll) {

						evaluation 1/1 {

							point #28 ( 220687  0 )
							mesh index : 0


							extended poll dominating point #28 {
								x    = ( 220687  0 )
								F(x) = [ 0.0001479196548460000077 ]
								h    = 0
								f    = 0.0001479196548460000077
							} 
						} 

					} end of evaluations


				} 


			} end of extended poll

		} end of poll

		Mesh update {
			previous mesh index: 0
			new mesh index     : -1
		} 


		terminate MADS       : no
		iteration status     : dominating
		new feas. incumbent  : #28 {
			x    = ( 220687  0 )
			F(x) = [ 0.0001479196548460000077 ]
			h    = 0
			f    = 0.0001479196548460000077
		} 
		new infeas. incumbent: none

	} end of iteration 0

	MADS iteration 1 {

		blackbox evaluations : 4
		best feas. solution  : ( 220687  0 ) h=0 f=0.0001479196548460000077
		best infeas. solution: none
		poll center          : ( 220687  0 )
		mesh size            : (  1  1 )
		poll size            : (  2  2 )
		mesh index           : -1
		h_max                : inf

		MADS search {

			speculative search {

			} end of speculative search (unsuccessful)

		} end of search

		MADS poll {

			poll center: ( 220687  0 )

			poll directions (include mesh size parameter) {
				dir 0 : (  0 -1 ) Ortho-MADS 2n
				dir 1 : (  0  1 ) Ortho-MADS 2n
			} 

			re-ordered list of 2 poll trial points {
				#49 : ( 220687 -1 ) (dir 0)
				#50 : ( 220687  1 ) (dir 1)
			} 

			list of points evaluation (poll) {

				surrogate evaluation 1/2 {

					point #49 ( 220687 -1 )
					direction  : (  0 -1 ) Ortho-MADS 2n
					mesh index : -1


					point #49 sgte eval: failed
				} 

				surrogate evaluation 2/2 {

					point #50 ( 220687  1 )
					direction  : (  0  1 ) Ortho-MADS 2n
					mesh index : -1


					point #50 sgte eval: failed
				} 

			} end of evaluations

			re-ordered list of 2 poll trial points {

				#51: ( 220687 -1 ) (dir 0)
				#52: ( 220687  1 ) (dir 1)
			} 

			list of points evaluation (poll) {

				evaluation 1/2 {

					point #51 ( 220687 -1 )
					direction  : (  0 -1 ) Ortho-MADS 2n
					mesh index : -1

					poll unsuccessful point #51: evaluation failed
				} 

				evaluation 2/2 {

					point #52 ( 220687  1 )
					direction  : (  0  1 ) Ortho-MADS 2n
					mesh index : -1

					poll unsuccessful point #52: evaluation failed
				} 

			} end of evaluations


			MADS extended poll {


				extended poll pts sorting (on surrogates) {


					list of points evaluation (extended poll) {

						surrogate evaluation 1/23 {

							point #53 ( 267343  0 )
							mesh index : -1


							point #53 sgte eval: h=0 f=0.0018117904663099999168
						} 

						surrogate evaluation 2/23 {

							point #54 ( 228463  0 )
							mesh index : -1


							point #54 sgte eval: h=0 f=0.0015579938888500000343
						} 

						surrogate evaluation 3/23 {

							point #55 ( 5767  0 )
							mesh index : -1


							point #55 sgte eval: h=0 f=0.0012429952621500000524
						} 

						surrogate evaluation 4/23 {

							point #56 ( 5551  0 )
							mesh index : -1

							surrogate cache hit: #56 --> #7

							point #7 sgte eval: h=0 f=0.0019288063049300000103
						} 

						surrogate evaluation 5/23 {

							point #57 ( 219391  0 )
							mesh index : -1


							point #57 sgte eval: h=0 f=0.0016328811645500000173
						} 

						surrogate evaluation 6/23 {

							point #58 ( 221983  0 )
							mesh index : -1

							surrogate cache hit: #58 --> #10

							point #10 sgte eval: h=0 f=0.0016623020172099999686
						} 

						surrogate evaluation 7/23 {

							point #59 ( 8036863  0 )
							mesh index : -1


							point #59 sgte eval: h=0 f=0.0016776084899900001006
						} 

						surrogate evaluation 8/23 {

							point #60 ( 8083519  0 )
							mesh index : -1


							point #60 sgte eval: h=0 f=0.0016594886779800000279
						} 

						surrogate evaluation 9/23 {

							point #61 ( 220903  0 )
							mesh index : -1


							point #61 sgte eval: h=0 f=0.0012925148010299999587
						} 

						surrogate evaluation 10/23 {

							point #62 ( 221119  0 )
							mesh index : -1


							point #62 sgte eval: h=0 f=0.0014873027801499999652
						} 

						surrogate evaluation 11/23 {

							point #63 ( 7966015  0 )
							mesh index : -1


							point #63 sgte eval: h=0 f=0.0014403104782100000121
						} 

						surrogate evaluation 12/23 {

							point #64 ( 7973791  0 )
							mesh index : -1


							point #64 sgte eval: h=0 f=0.0014603853225700000329
						} 

						surrogate evaluation 13/23 {

							point #65 ( 220723  0 )
							mesh index : -1


							point #65 sgte eval: h=0 f=0.0018119812011699999808
						} 

						surrogate evaluation 14/23 {

							point #66 ( 6127  0 )
							mesh index : -1


							point #66 sgte eval: h=0 f=0.0014904022216799999237
						} 

						surrogate evaluation 15/23 {

							point #67 ( 6127  0 )
							mesh index : -1

							surrogate cache hit: #67 --> #66

							point #66 sgte eval: h=0 f=0.0014904022216799999237
						} 

						surrogate evaluation 16/23 {

							point #68 ( 220693  0 )
							mesh index : -1


							point #68 sgte eval: h=0 f=0.0013226032257100000557
						} 

						surrogate evaluation 17/23 {

							point #69 ( 220699  0 )
							mesh index : -1


							point #69 sgte eval: h=0 f=0.0016973972320599999171
						} 

						surrogate evaluation 18/23 {

							point #70 ( 7945435  0 )
							mesh index : -1


							point #70 sgte eval: h=0 f=0.0014284849166899999968
						} 

						surrogate evaluation 19/23 {

							point #71 ( 7945651  0 )
							mesh index : -1


							point #71 sgte eval: h=0 f=0.0014322996139499999391
						} 

						surrogate evaluation 20/23 {

							point #72 ( 220688  0 )
							mesh index : -1


							point #72 sgte eval: h=0 f=0.0012667179107700001026
						} 

						surrogate evaluation 21/23 {

							point #73 ( 220689  0 )
							mesh index : -1


							point #73 sgte eval: h=0 f=0.0016891956329299999667
						} 

						surrogate evaluation 22/23 {

							point #74 ( 7944855  0 )
							mesh index : -1


							point #74 sgte eval: h=0 f=0.0014353990554799998976
						} 

						surrogate evaluation 23/23 {

							point #75 ( 7944891  0 )
							mesh index : -1


							point #75 sgte eval: h=0 f=0.0013385057449300000968
						} 

					} end of evaluations


					sorted ext poll pts {

						point # 1/22 : (  5767     0 )
						point # 2/22 : ( 220688     0 )
						point # 3/22 : ( 220903     0 )
						point # 4/22 : ( 220693     0 )
						point # 5/22 : ( 7944891     0 )
						point # 6/22 : ( 7945435     0 )
						point # 7/22 : ( 7945651     0 )
						point # 8/22 : ( 7944855     0 )
						point # 9/22 : ( 7966015     0 )
						point #10/22 : ( 7973791     0 )
						point #11/22 : ( 221119     0 )
						point #12/22 : (  6127     0 )
						point #13/22 : ( 228463     0 )
						point #14/22 : ( 219391     0 )
						point #15/22 : ( 8083519     0 )
						point #16/22 : ( 221983     0 )
						point #17/22 : ( 8036863     0 )
						point #18/22 : ( 220689     0 )
						point #19/22 : ( 220699     0 )
						point #20/22 : ( 267343     0 )
						point #21/22 : ( 220723     0 )
						point #22/22 : (  5551     0 )

					} 


				} end of ext poll pts sorting (on surrogates)


				extended poll point eval {

					extended poll point = (  5767     0 )

					list of points evaluation (extended poll) {

						evaluation 1/1 {

							point #76 ( 5767  0 )
							mesh index : -1


							extended poll dominating point #76 {
								x    = ( 5767  0 )
								F(x) = [ 0.00012860059738199999574 ]
								h    = 0
								f    = 0.00012860059738199999574
							} 
						} 

					} end of evaluations


				} 


			} end of extended poll

		} end of poll

		Mesh update {
			previous mesh index: -1
			new mesh index     : -2
		} 


		terminate MADS       : no
		iteration status     : dominating
		new feas. incumbent  : #76 {
			x    = ( 5767  0 )
			F(x) = [ 0.00012860059738199999574 ]
			h    = 0
			f    = 0.00012860059738199999574
		} 
		new infeas. incumbent: none

	} end of iteration 1

	MADS iteration 2 {

		blackbox evaluations : 7
		best feas. solution  : ( 5767  0 ) h=0 f=0.00012860059738199999574
		best infeas. solution: none
		poll center          : ( 5767  0 )
		mesh size            : (  1  1 )
		poll size            : (  4  4 )
		mesh index           : -2
		h_max                : inf

		MADS search {

			speculative search {

			} end of speculative search (unsuccessful)

		} end of search

		MADS poll {

			poll center: ( 5767  0 )

			poll directions (include mesh size parameter) {
				dir 0 : (  0 -4 ) Ortho-MADS 2n
				dir 1 : (  0  4 ) Ortho-MADS 2n
			} 

			re-ordered list of 2 poll trial points {
				# 98 : ( 5767 -4 ) (dir 0)
				# 99 : ( 5767  4 ) (dir 1)
			} 

			list of points evaluation (poll) {

				surrogate evaluation 1/2 {

					point #98 ( 5767 -4 )
					direction  : (  0 -4 ) Ortho-MADS 2n
					mesh index : -2


					point #98 sgte eval: failed
				} 

				surrogate evaluation 2/2 {

					point #99 ( 5767  4 )
					direction  : (  0  4 ) Ortho-MADS 2n
					mesh index : -2


					point #99 sgte eval: failed
				} 

			} end of evaluations

			re-ordered list of 2 poll trial points {

				#100: ( 5767 -4 ) (dir 0)
				#101: ( 5767  4 ) (dir 1)
			} 

			list of points evaluation (poll) {

				evaluation 1/2 {

					point #100 ( 5767 -4 )
					direction  : (  0 -4 ) Ortho-MADS 2n
					mesh index : -2

					poll unsuccessful point #100: evaluation failed
				} 

				evaluation 2/2 {

					point #101 ( 5767  4 )
					direction  : (  0  4 ) Ortho-MADS 2n
					mesh index : -2

					poll unsuccessful point #101: evaluation failed
				} 

			} end of evaluations


			MADS extended poll {


				extended poll pts sorting (on surrogates) {


					list of points evaluation (extended poll) {

						surrogate evaluation 1/16 {

							point #102 ( 7063  0 )
							mesh index : -2


							point #102 sgte eval: h=0 f=0.0012445926666299999934
						} 

						surrogate evaluation 2/16 {

							point #103 ( 5551  0 )
							mesh index : -2

							surrogate cache hit: #103 --> #7

							point #7 sgte eval: h=0 f=0.0019288063049300000103
						} 

						surrogate evaluation 3/16 {

							point #104 ( 5983  0 )
							mesh index : -2


							point #104 sgte eval: h=0 f=0.0017941951751699999808
						} 

						surrogate evaluation 4/16 {

							point #105 ( 219823  0 )
							mesh index : -2

							surrogate cache hit: #105 --> #14

							point #14 sgte eval: h=0 f=0.0016607046127300000276
						} 

						surrogate evaluation 5/16 {

							point #106 ( 227599  0 )
							mesh index : -2


							point #106 sgte eval: h=0 f=0.002001309394839999832
						} 

						surrogate evaluation 6/16 {

							point #107 ( 5803  0 )
							mesh index : -2


							point #107 sgte eval: h=0 f=0.0012534856796299999934
						} 

						surrogate evaluation 7/16 {

							point #108 ( 157  0 )
							mesh index : -2


							point #108 sgte eval: h=0 f=0.001252198219299999974
						} 

						surrogate evaluation 8/16 {

							point #109 ( 157  0 )
							mesh index : -2

							surrogate cache hit: #109 --> #108

							point #108 sgte eval: h=0 f=0.001252198219299999974
						} 

						surrogate evaluation 9/16 {

							point #110 ( 5773  0 )
							mesh index : -2


							point #110 sgte eval: h=0 f=0.0010928869247400000136
						} 

						surrogate evaluation 10/16 {

							point #111 ( 5779  0 )
							mesh index : -2


							point #111 sgte eval: h=0 f=0.0012943983078000001041
						} 

						surrogate evaluation 11/16 {

							point #112 ( 208315  0 )
							mesh index : -2


							point #112 sgte eval: h=0 f=0.0011963844299300000103
						} 

						surrogate evaluation 12/16 {

							point #113 ( 208531  0 )
							mesh index : -2


							point #113 sgte eval: h=0 f=0.0012873172760000000433
						} 

						surrogate evaluation 13/16 {

							point #114 ( 5768  0 )
							mesh index : -2


							point #114 sgte eval: h=0 f=0.0010636091232300000711
						} 

						surrogate evaluation 14/16 {

							point #115 ( 5769  0 )
							mesh index : -2


							point #115 sgte eval: h=0 f=0.0014681100845300000882
						} 

						surrogate evaluation 15/16 {

							point #116 ( 207735  0 )
							mesh index : -2


							point #116 sgte eval: h=0 f=0.0012302160263100000905
						} 

						surrogate evaluation 16/16 {

							point #117 ( 207771  0 )
							mesh index : -2


							point #117 sgte eval: h=0 f=0.0011667966842699999293
						} 

					} end of evaluations


					sorted ext poll pts {

						point # 1/15 : (  5768     0 )
						point # 2/15 : (  5773     0 )
						point # 3/15 : ( 207771     0 )
						point # 4/15 : ( 208315     0 )
						point # 5/15 : ( 207735     0 )
						point # 6/15 : (  7063     0 )
						point # 7/15 : (   157     0 )
						point # 8/15 : (  5803     0 )
						point # 9/15 : ( 208531     0 )
						point #10/15 : (  5779     0 )
						point #11/15 : (  5769     0 )
						point #12/15 : ( 219823     0 )
						point #13/15 : (  5983     0 )
						point #14/15 : (  5551     0 )
						point #15/15 : ( 227599     0 )

					} 


				} end of ext poll pts sorting (on surrogates)


				extended poll point eval {

					extended poll point = (  5768     0 )

					list of points evaluation (extended poll) {

						evaluation 1/1 {

							point #118 ( 5768  0 )
							mesh index : -2


							extended poll dominating point #118 {
								x    = ( 5768  0 )
								F(x) = [ 0.00010936021804799999464 ]
								h    = 0
								f    = 0.00010936021804799999464
							} 
						} 

					} end of evaluations


				} 


			} end of extended poll

		} end of poll

		Mesh update {
			previous mesh index: -2
			new mesh index     : -3
		} 


		terminate MADS       : no
		iteration status     : dominating
		new feas. incumbent  : #118 {
			x    = ( 5768  0 )
			F(x) = [ 0.00010936021804799999464 ]
			h    = 0
			f    = 0.00010936021804799999464
		} 
		new infeas. incumbent: none

	} end of iteration 2

	MADS iteration 3 {

		blackbox evaluations : 10
		best feas. solution  : ( 5768  0 ) h=0 f=0.00010936021804799999464
		best infeas. solution: none
		poll center          : ( 5768  0 )
		mesh size            : (  1  1 )
		poll size            : (  8  8 )
		mesh index           : -3
		h_max                : inf

		MADS search {

			speculative search {

			} end of speculative search (unsuccessful)

		} end of search

		MADS poll {

			poll center: ( 5768  0 )

			poll directions (include mesh size parameter) {
				dir 0 : (  0 -4 ) Ortho-MADS 2n
				dir 1 : (  0  4 ) Ortho-MADS 2n
			} 

			re-ordered list of 2 poll trial points {
				#133 : ( 5768 -4 ) (dir 0)
				#134 : ( 5768  4 ) (dir 1)
			} 

			list of points evaluation (poll) {

				surrogate evaluation 1/2 {

					point #133 ( 5768 -4 )
					direction  : (  0 -4 ) Ortho-MADS 2n
					mesh index : -3


					point #133 sgte eval: failed
				} 

				surrogate evaluation 2/2 {

					point #134 ( 5768  4 )
					direction  : (  0  4 ) Ortho-MADS 2n
					mesh index : -3


					point #134 sgte eval: failed
				} 

			} end of evaluations

			re-ordered list of 2 poll trial points {

				#135: ( 5768 -4 ) (dir 0)
				#136: ( 5768  4 ) (dir 1)
			} 

			list of points evaluation (poll) {

				evaluation 1/2 {

					point #135 ( 5768 -4 )
					direction  : (  0 -4 ) Ortho-MADS 2n
					mesh index : -3

					poll unsuccessful point #135: evaluation failed
				} 

				evaluation 2/2 {

					point #136 ( 5768  4 )
					direction  : (  0  4 ) Ortho-MADS 2n
					mesh index : -3

					poll unsuccessful point #136: evaluation failed
				} 

			} end of evaluations


			MADS extended poll {


				extended poll pts sorting (on surrogates) {


					list of points evaluation (extended poll) {

						surrogate evaluation 1/16 {

							point #137 ( 7064  0 )
							mesh index : -3


							point #137 sgte eval: h=0 f=0.0011513948440600000906
						} 

						surrogate evaluation 2/16 {

							point #138 ( 5552  0 )
							mesh index : -3


							point #138 sgte eval: h=0 f=0.0014831066131600000816
						} 

						surrogate evaluation 3/16 {

							point #139 ( 5984  0 )
							mesh index : -3


							point #139 sgte eval: h=0 f=0.0014334917068500000348
						} 

						surrogate evaluation 4/16 {

							point #140 ( 219824  0 )
							mesh index : -3


							point #140 sgte eval: h=0 f=0.0014837026596100000211
						} 

						surrogate evaluation 5/16 {

							point #141 ( 227600  0 )
							mesh index : -3


							point #141 sgte eval: h=0 f=0.0014543056487999999737
						} 

						surrogate evaluation 6/16 {

							point #142 ( 5804  0 )
							mesh index : -3


							point #142 sgte eval: h=0 f=0.0010478973388700000939
						} 

						surrogate evaluation 7/16 {

							point #143 ( 157  0 )
							mesh index : -3

							surrogate cache hit: #143 --> #108

							point #108 sgte eval: h=0 f=0.001252198219299999974
						} 

						surrogate evaluation 8/16 {

							point #144 ( 158  0 )
							mesh index : -3


							point #144 sgte eval: h=0 f=0.00086841583251999997228
						} 

						surrogate evaluation 9/16 {

							point #145 ( 5774  0 )
							mesh index : -3


							point #145 sgte eval: h=0 f=0.00090689659118699998772
						} 

						surrogate evaluation 10/16 {

							point #146 ( 5780  0 )
							mesh index : -3


							point #146 sgte eval: h=0 f=0.0010960102081299999063
						} 

						surrogate evaluation 11/16 {

							point #147 ( 208316  0 )
							mesh index : -3


							point #147 sgte eval: h=0 f=0.0010389089584399999536
						} 

						surrogate evaluation 12/16 {

							point #148 ( 208532  0 )
							mesh index : -3


							point #148 sgte eval: h=0 f=0.0010685920715299999581
						} 

						surrogate evaluation 13/16 {

							point #149 ( 5767  0 )
							mesh index : -3

							surrogate cache hit: #149 --> #55

							point #55 sgte eval: h=0 f=0.0012429952621500000524
						} 

						surrogate evaluation 14/16 {

							point #150 ( 5769  0 )
							mesh index : -3

							surrogate cache hit: #150 --> #115

							point #115 sgte eval: h=0 f=0.0014681100845300000882
						} 

						surrogate evaluation 15/16 {

							point #151 ( 207729  0 )
							mesh index : -3


							point #151 sgte eval: h=0 f=0.001297187805179999924
						} 

						surrogate evaluation 16/16 {

							point #152 ( 207765  0 )
							mesh index : -3


							point #152 sgte eval: h=0 f=0.0013079881668100000035
						} 

					} end of evaluations


					sorted ext poll pts {

						point # 1/16 : (   158     0 )
						point # 2/16 : (  5774     0 )
						point # 3/16 : ( 208316     0 )
						point # 4/16 : (  5804     0 )
						point # 5/16 : ( 208532     0 )
						point # 6/16 : (  5780     0 )
						point # 7/16 : (  7064     0 )
						point # 8/16 : (  5767     0 )
						point # 9/16 : (   157     0 )
						point #10/16 : ( 207729     0 )
						point #11/16 : ( 207765     0 )
						point #12/16 : (  5984     0 )
						point #13/16 : ( 227600     0 )
						point #14/16 : (  5769     0 )
						point #15/16 : (  5552     0 )
						point #16/16 : ( 219824     0 )

					} 


				} end of ext poll pts sorting (on surrogates)


				extended poll point eval {

					extended poll point = (   158     0 )

					list of points evaluation (extended poll) {

						evaluation 1/1 {

							point #153 ( 158  0 )
							mesh index : -3


							extended poll dominating point #153 {
								x    = ( 158  0 )
								F(x) = [ 8.6460113525400000096e-05 ]
								h    = 0
								f    = 8.6460113525400000096e-05
							} 
						} 

					} end of evaluations


				} 


			} end of extended poll

		} end of poll

		Mesh update {
			previous mesh index: -3
			new mesh index     : -4
		} 


		terminate MADS       : no
		iteration status     : dominating
		new feas. incumbent  : #153 {
			x    = ( 158  0 )
			F(x) = [ 8.6460113525400000096e-05 ]
			h    = 0
			f    = 8.6460113525400000096e-05
		} 
		new infeas. incumbent: none

	} end of iteration 3

	MADS iteration 4 {

		blackbox evaluations : 13
		best feas. solution  : ( 158  0 ) h=0 f=8.6460113525400000096e-05
		best infeas. solution: none
		poll center          : ( 158  0 )
		mesh size            : (  1  1 )
		poll size            : ( 16 16 )
		mesh index           : -4
		h_max                : inf

		MADS search {

			speculative search {

			} end of speculative search (unsuccessful)

		} end of search

		MADS poll {

			poll center: ( 158  0 )

			poll directions (include mesh size parameter) {
				dir 0 : (  0 -16 ) Ortho-MADS 2n
				dir 1 : (  0 16 ) Ortho-MADS 2n
			} 

			re-ordered list of 2 poll trial points {
				#169 : ( 158 -16 ) (dir 0)
				#170 : ( 158 16 ) (dir 1)
			} 

			list of points evaluation (poll) {

				surrogate evaluation 1/2 {

					point #169 ( 158 -16 )
					direction  : (  0 -16 ) Ortho-MADS 2n
					mesh index : -4


					point #169 sgte eval: failed
				} 

				surrogate evaluation 2/2 {

					point #170 ( 158 16 )
					direction  : (  0 16 ) Ortho-MADS 2n
					mesh index : -4


					point #170 sgte eval: failed
				} 

			} end of evaluations

			re-ordered list of 2 poll trial points {

				#171: ( 158 -16 ) (dir 0)
				#172: ( 158 16 ) (dir 1)
			} 

			list of points evaluation (poll) {

				evaluation 1/2 {

					point #171 ( 158 -16 )
					direction  : (  0 -16 ) Ortho-MADS 2n
					mesh index : -4

					poll unsuccessful point #171: evaluation failed
				} 

				evaluation 2/2 {

					point #172 ( 158 16 )
					direction  : (  0 16 ) Ortho-MADS 2n
					mesh index : -4

					poll unsuccessful point #172: evaluation failed
				} 

			} end of evaluations


			MADS extended poll {


				extended poll pts sorting (on surrogates) {


					list of points evaluation (extended poll) {

						surrogate evaluation 1/11 {

							point #173 ( 194  0 )
							mesh index : -4


							point #173 sgte eval: h=0 f=0.0008154869079590000092
						} 

						surrogate evaluation 2/11 {

							point #174 (  2  0 )
							mesh index : -4


							point #174 sgte eval: h=0 f=0.00079948902130100004196
						} 

						surrogate evaluation 3/11 {

							point #175 (  2  0 )
							mesh index : -4

							surrogate cache hit: #175 --> #174

							point #174 sgte eval: h=0 f=0.00079948902130100004196
						} 

						surrogate evaluation 4/11 {

							point #176 ( 152  0 )
							mesh index : -4


							point #176 sgte eval: h=0 f=0.0014252185821500000951
						} 

						surrogate evaluation 5/11 {

							point #177 ( 164  0 )
							mesh index : -4


							point #177 sgte eval: h=0 f=0.0012167215347299998977
						} 

						surrogate evaluation 6/11 {

							point #178 ( 6104  0 )
							mesh index : -4


							point #178 sgte eval: h=0 f=0.0012859821319599999689
						} 

						surrogate evaluation 7/11 {

							point #179 ( 6320  0 )
							mesh index : -4


							point #179 sgte eval: h=0 f=0.0012341976165799999759
						} 

						surrogate evaluation 8/11 {

							point #180 ( 157  0 )
							mesh index : -4

							surrogate cache hit: #180 --> #108

							point #108 sgte eval: h=0 f=0.001252198219299999974
						} 

						surrogate evaluation 9/11 {

							point #181 ( 159  0 )
							mesh index : -4


							point #181 sgte eval: h=0 f=0.001213908195499999957
						} 

						surrogate evaluation 10/11 {

							point #182 ( 5769  0 )
							mesh index : -4

							surrogate cache hit: #182 --> #115

							point #115 sgte eval: h=0 f=0.0014681100845300000882
						} 

						surrogate evaluation 11/11 {

							point #183 ( 5805  0 )
							mesh index : -4


							point #183 sgte eval: h=0 f=0.0012653112411500000087
						} 

					} end of evaluations


					sorted ext poll pts {

						point # 1/10 : (     2     0 )
						point # 2/10 : (   194     0 )
						point # 3/10 : (   159     0 )
						point # 4/10 : (   164     0 )
						point # 5/10 : (  6320     0 )
						point # 6/10 : (   157     0 )
						point # 7/10 : (  5805     0 )
						point # 8/10 : (  6104     0 )
						point # 9/10 : (   152     0 )
						point #10/10 : (  5769     0 )

					} 


				} end of ext poll pts sorting (on surrogates)


				extended poll point eval {

					extended poll point = (     2     0 )

					list of points evaluation (extended poll) {

						evaluation 1/1 {

							point #184 (  2  0 )
							mesh index : -4


							extended poll dominating point #184 {
								x    = (  2  0 )
								F(x) = [ 8.061885833739999591e-05 ]
								h    = 0
								f    = 8.061885833739999591e-05
							} 
						} 

					} end of evaluations


				} 


			} end of extended poll

		} end of poll

		Mesh update {
			previous mesh index: -4
			new mesh index     : -5
		} 


		terminate MADS       : no
		iteration status     : dominating
		new feas. incumbent  : #184 {
			x    = (  2  0 )
			F(x) = [ 8.061885833739999591e-05 ]
			h    = 0
			f    = 8.061885833739999591e-05
		} 
		new infeas. incumbent: none

	} end of iteration 4

	MADS iteration 5 {

		blackbox evaluations : 16
		best feas. solution  : (  2  0 ) h=0 f=8.061885833739999591e-05
		best infeas. solution: none
		poll center          : (  2  0 )
		mesh size            : (  1  1 )
		poll size            : ( 32 32 )
		mesh index           : -5
		h_max                : inf

		MADS search {

			speculative search {

			} end of speculative search (unsuccessful)

		} end of search

		MADS poll {

			poll center: (  2  0 )

			poll directions (include mesh size parameter) {
				dir 0 : (  0 -25 ) Ortho-MADS 2n
				dir 1 : (  0 25 ) Ortho-MADS 2n
			} 

			re-ordered list of 2 poll trial points {
				#194 : (  2 -25 ) (dir 0)
				#195 : (  2 25 ) (dir 1)
			} 

			list of points evaluation (poll) {

				surrogate evaluation 1/2 {

					point #194 (  2 -25 )
					direction  : (  0 -25 ) Ortho-MADS 2n
					mesh index : -5


					point #194 sgte eval: failed
				} 

				surrogate evaluation 2/2 {

					point #195 (  2 25 )
					direction  : (  0 25 ) Ortho-MADS 2n
					mesh index : -5


					point #195 sgte eval: failed
				} 

			} end of evaluations

			re-ordered list of 2 poll trial points {

				#196: (  2 -25 ) (dir 0)
				#197: (  2 25 ) (dir 1)
			} 

			list of points evaluation (poll) {

				evaluation 1/2 {

					point #196 (  2 -25 )
					direction  : (  0 -25 ) Ortho-MADS 2n
					mesh index : -5

					poll unsuccessful point #196: evaluation failed
				} 

				evaluation 2/2 {

					point #197 (  2 25 )
					direction  : (  0 25 ) Ortho-MADS 2n
					mesh index : -5

					poll unsuccessful point #197: evaluation failed
				} 

			} end of evaluations


			MADS extended poll {


				extended poll pts sorting (on surrogates) {


					list of points evaluation (extended poll) {

						surrogate evaluation 1/4 {

							point #198 (  1  0 )
							mesh index : -5


							point #198 sgte eval: h=0 f=0.0016809940338100000465
						} 

						surrogate evaluation 2/4 {

							point #199 (  3  0 )
							mesh index : -5


							point #199 sgte eval: h=0 f=0.0014376878738399999184
						} 

						surrogate evaluation 3/4 {

							point #200 ( 153  0 )
							mesh index : -5


							point #200 sgte eval: h=0 f=0.0015920162200899999616
						} 

						surrogate evaluation 4/4 {

							point #201 ( 189  0 )
							mesh index : -5


							point #201 sgte eval: h=0 f=0.0015530824661299999501
						} 

					} end of evaluations


					sorted ext poll pts {

						point #1/4 : (     3     0 )
						point #2/4 : (   189     0 )
						point #3/4 : (   153     0 )
						point #4/4 : (     1     0 )

					} 


				} end of ext poll pts sorting (on surrogates)


				extended poll point eval {

					extended poll point = (     3     0 )

					list of points evaluation (extended poll) {

						evaluation 1/1 {

							point #202 (  3  0 )
							mesh index : -5

							extended poll unsuccessful point #202 [ h=0 f=0.0001417088508610000032 ]
						} 

					} end of evaluations


				} 


				extended poll center: (     3     0 )

				perform extended poll descent ...... no

				extended poll point eval {

					extended poll point = (   189     0 )

					list of points evaluation (extended poll) {

						evaluation 1/1 {

							point #203 ( 189  0 )
							mesh index : -5

							extended poll unsuccessful point #203 [ h=0 f=0.00015724897384600001202 ]
						} 

					} end of evaluations


				} 


				extended poll center: (   189     0 )

				perform extended poll descent ...... no

				extended poll point eval {

					extended poll point = (   153     0 )

					list of points evaluation (extended poll) {

						evaluation 1/1 {

							point #204 ( 153  0 )
							mesh index : -5

							extended poll unsuccessful point #204 [ h=0 f=0.00016211032867399999486 ]
						} 

					} end of evaluations


				} 


				extended poll center: (   153     0 )

				perform extended poll descent ...... no

				extended poll point eval {

					extended poll point = (     1     0 )

					list of points evaluation (extended poll) {

						evaluation 1/1 {

							point #205 (  1  0 )
							mesh index : -5

							extended poll unsuccessful point #205 [ h=0 f=0.00016795158386200001259 ]
						} 

					} end of evaluations


				} 


				extended poll center: (     1     0 )

				perform extended poll descent ...... no

			} end of extended poll

		} end of poll

		Mesh update {
			previous mesh index: -5
			new mesh index     : -4
		} 


		terminate MADS       : no
		iteration status     : unsuccessful
		new feas. incumbent  : none
		new infeas. incumbent: none

	} end of iteration 5

	MADS iteration 6 {

		blackbox evaluations : 22
		best feas. solution  : (  2  0 ) h=0 f=8.061885833739999591e-05
		best infeas. solution: none
		poll center          : (  2  0 )
		mesh size            : (  1  1 )
		poll size            : ( 16 16 )
		mesh index           : -4
		h_max                : inf

		MADS search {
		} end of search

		MADS poll {

			poll center: (  2  0 )

			poll directions (include mesh size parameter) {
				dir 0 : (  0 -16 ) Ortho-MADS 2n
				dir 1 : (  0 16 ) Ortho-MADS 2n
			} 

			re-ordered list of 2 poll trial points {
				#206 : (  2 -16 ) (dir 0)
				#207 : (  2 16 ) (dir 1)
			} 

			list of points evaluation (poll) {

				surrogate evaluation 1/2 {

					point #206 (  2 -16 )
					direction  : (  0 -16 ) Ortho-MADS 2n
					mesh index : -4


					point #206 sgte eval: failed
				} 

				surrogate evaluation 2/2 {

					point #207 (  2 16 )
					direction  : (  0 16 ) Ortho-MADS 2n
					mesh index : -4


					point #207 sgte eval: failed
				} 

			} end of evaluations

			re-ordered list of 2 poll trial points {

				#208: (  2 -16 ) (dir 0)
				#209: (  2 16 ) (dir 1)
			} 

			list of points evaluation (poll) {

				evaluation 1/2 {

					point #208 (  2 -16 )
					direction  : (  0 -16 ) Ortho-MADS 2n
					mesh index : -4

					poll unsuccessful point #208: evaluation failed
				} 

				evaluation 2/2 {

					point #209 (  2 16 )
					direction  : (  0 16 ) Ortho-MADS 2n
					mesh index : -4

					poll unsuccessful point #209: evaluation failed
				} 

			} end of evaluations


			MADS extended poll {


				extended poll pts sorting (on surrogates) {


					list of points evaluation (extended poll) {

						surrogate evaluation 1/4 {

							point #210 (  1  0 )
							mesh index : -4

							surrogate cache hit: #210 --> #198

							point #198 sgte eval: h=0 f=0.0016809940338100000465
						} 

						surrogate evaluation 2/4 {

							point #211 (  3  0 )
							mesh index : -4

							surrogate cache hit: #211 --> #199

							point #199 sgte eval: h=0 f=0.0014376878738399999184
						} 

						surrogate evaluation 3/4 {

							point #212 ( 153  0 )
							mesh index : -4

							surrogate cache hit: #212 --> #200

							point #200 sgte eval: h=0 f=0.0015920162200899999616
						} 

						surrogate evaluation 4/4 {

							point #213 ( 189  0 )
							mesh index : -4

							surrogate cache hit: #213 --> #201

							point #201 sgte eval: h=0 f=0.0015530824661299999501
						} 

					} end of evaluations


					sorted ext poll pts {

						point #1/4 : (     3     0 )
						point #2/4 : (   189     0 )
						point #3/4 : (   153     0 )
						point #4/4 : (     1     0 )

					} 


				} end of ext poll pts sorting (on surrogates)


				extended poll point eval {

					extended poll point = (     3     0 )

					list of points evaluation (extended poll) {

						evaluation 1/1 {

							point #214 (  3  0 )
							mesh index : -4

							cache hit: #214 --> #202
							extended poll unsuccessful point #202 [ h=0 f=0.0001417088508610000032 ]
						} 

					} end of evaluations


				} 


				extended poll center: (     3     0 )

				perform extended poll descent ...... no

				extended poll point eval {

					extended poll point = (   189     0 )

					list of points evaluation (extended poll) {

						evaluation 1/1 {

							point #215 ( 189  0 )
							mesh index : -4

							cache hit: #215 --> #203
							extended poll unsuccessful point #203 [ h=0 f=0.00015724897384600001202 ]
						} 

					} end of evaluations


				} 


				extended poll center: (   189     0 )

				perform extended poll descent ...... no

				extended poll point eval {

					extended poll point = (   153     0 )

					list of points evaluation (extended poll) {

						evaluation 1/1 {

							point #216 ( 153  0 )
							mesh index : -4

							cache hit: #216 --> #204
							extended poll unsuccessful point #204 [ h=0 f=0.00016211032867399999486 ]
						} 

					} end of evaluations


				} 


				extended poll center: (   153     0 )

				perform extended poll descent ...... no

				extended poll point eval {

					extended poll point = (     1     0 )

					list of points evaluation (extended poll) {

						evaluation 1/1 {

							point #217 (  1  0 )
							mesh index : -4

							cache hit: #217 --> #205
							extended poll unsuccessful point #205 [ h=0 f=0.00016795158386200001259 ]
						} 

					} end of evaluations


				} 


				extended poll center: (     1     0 )

				perform extended poll descent ...... no

			} end of extended poll

		} end of poll

		Mesh update {
			previous mesh index: -4
			new mesh index     : -3
		} 


		terminate MADS       : no
		iteration status     : unsuccessful
		new feas. incumbent  : none
		new infeas. incumbent: none

	} end of iteration 6

	MADS iteration 7 {

		blackbox evaluations : 24
		best feas. solution  : (  2  0 ) h=0 f=8.061885833739999591e-05
		best infeas. solution: none
		poll center          : (  2  0 )
		mesh size            : (  1  1 )
		poll size            : (  8  8 )
		mesh index           : -3
		h_max                : inf

		MADS search {
		} end of search

		MADS poll {

			poll center: (  2  0 )

			poll directions (include mesh size parameter) {
				dir 0 : (  0 -4 ) Ortho-MADS 2n
				dir 1 : (  0  4 ) Ortho-MADS 2n
			} 

			re-ordered list of 2 poll trial points {
				#218 : (  2 -4 ) (dir 0)
				#219 : (  2  4 ) (dir 1)
			} 

			list of points evaluation (poll) {

				surrogate evaluation 1/2 {

					point #218 (  2 -4 )
					direction  : (  0 -4 ) Ortho-MADS 2n
					mesh index : -3


					point #218 sgte eval: failed
				} 

				surrogate evaluation 2/2 {

					point #219 (  2  4 )
					direction  : (  0  4 ) Ortho-MADS 2n
					mesh index : -3


					point #219 sgte eval: failed
				} 

			} end of evaluations

			re-ordered list of 2 poll trial points {

				#220: (  2 -4 ) (dir 0)
				#221: (  2  4 ) (dir 1)
			} 

			list of points evaluation (poll) {

				evaluation 1/2 {

					point #220 (  2 -4 )
					direction  : (  0 -4 ) Ortho-MADS 2n
					mesh index : -3

					poll unsuccessful point #220: evaluation failed
				} 

				evaluation 2/2 {

					point #221 (  2  4 )
					direction  : (  0  4 ) Ortho-MADS 2n
					mesh index : -3

					poll unsuccessful point #221: evaluation failed
				} 

			} end of evaluations


			MADS extended poll {


				extended poll pts sorting (on surrogates) {


					list of points evaluation (extended poll) {

						surrogate evaluation 1/4 {

							point #222 (  1  0 )
							mesh index : -3

							surrogate cache hit: #222 --> #198

							point #198 sgte eval: h=0 f=0.0016809940338100000465
						} 

						surrogate evaluation 2/4 {

							point #223 (  3  0 )
							mesh index : -3

							surrogate cache hit: #223 --> #199

							point #199 sgte eval: h=0 f=0.0014376878738399999184
						} 

						surrogate evaluation 3/4 {

							point #224 ( 153  0 )
							mesh index : -3

							surrogate cache hit: #224 --> #200

							point #200 sgte eval: h=0 f=0.0015920162200899999616
						} 

						surrogate evaluation 4/4 {

							point #225 ( 189  0 )
							mesh index : -3

							surrogate cache hit: #225 --> #201

							point #201 sgte eval: h=0 f=0.0015530824661299999501
						} 

					} end of evaluations


					sorted ext poll pts {

						point #1/4 : (     3     0 )
						point #2/4 : (   189     0 )
						point #3/4 : (   153     0 )
						point #4/4 : (     1     0 )

					} 


				} end of ext poll pts sorting (on surrogates)


				extended poll point eval {

					extended poll point = (     3     0 )

					list of points evaluation (extended poll) {

						evaluation 1/1 {

							point #226 (  3  0 )
							mesh index : -3

							cache hit: #226 --> #202
							extended poll unsuccessful point #202 [ h=0 f=0.0001417088508610000032 ]
						} 

					} end of evaluations


				} 


				extended poll center: (     3     0 )

				perform extended poll descent ...... no

				extended poll point eval {

					extended poll point = (   189     0 )

					list of points evaluation (extended poll) {

						evaluation 1/1 {

							point #227 ( 189  0 )
							mesh index : -3

							cache hit: #227 --> #203
							extended poll unsuccessful point #203 [ h=0 f=0.00015724897384600001202 ]
						} 

					} end of evaluations


				} 


				extended poll center: (   189     0 )

				perform extended poll descent ...... no

				extended poll point eval {

					extended poll point = (   153     0 )

					list of points evaluation (extended poll) {

						evaluation 1/1 {

							point #228 ( 153  0 )
							mesh index : -3

							cache hit: #228 --> #204
							extended poll unsuccessful point #204 [ h=0 f=0.00016211032867399999486 ]
						} 

					} end of evaluations


				} 


				extended poll center: (   153     0 )

				perform extended poll descent ...... no

				extended poll point eval {

					extended poll point = (     1     0 )

					list of points evaluation (extended poll) {

						evaluation 1/1 {

							point #229 (  1  0 )
							mesh index : -3

							cache hit: #229 --> #205
							extended poll unsuccessful point #205 [ h=0 f=0.00016795158386200001259 ]
						} 

					} end of evaluations


				} 


				extended poll center: (     1     0 )

				perform extended poll descent ...... no

			} end of extended poll

		} end of poll

		Mesh update {
			previous mesh index: -3
			new mesh index     : -2
		} 


		terminate MADS       : no
		iteration status     : unsuccessful
		new feas. incumbent  : none
		new infeas. incumbent: none

	} end of iteration 7

	MADS iteration 8 {

		blackbox evaluations : 26
		best feas. solution  : (  2  0 ) h=0 f=8.061885833739999591e-05
		best infeas. solution: none
		poll center          : (  2  0 )
		mesh size            : (  1  1 )
		poll size            : (  4  4 )
		mesh index           : -2
		h_max                : inf

		MADS search {
		} end of search

		MADS poll {

			poll center: (  2  0 )

			poll directions (include mesh size parameter) {
				dir 0 : (  0 -4 ) Ortho-MADS 2n
				dir 1 : (  0  4 ) Ortho-MADS 2n
			} 

			re-ordered list of 2 poll trial points {
				#230 : (  2 -4 ) (dir 0)
				#231 : (  2  4 ) (dir 1)
			} 

			list of points evaluation (poll) {

				surrogate evaluation 1/2 {

					point #230 (  2 -4 )
					direction  : (  0 -4 ) Ortho-MADS 2n
					mesh index : -2

					surrogate cache hit: #230 --> #218

					point #218 sgte eval: failed
				} 

				surrogate evaluation 2/2 {

					point #231 (  2  4 )
					direction  : (  0  4 ) Ortho-MADS 2n
					mesh index : -2

					surrogate cache hit: #231 --> #219

					point #219 sgte eval: failed
				} 

			} end of evaluations

			re-ordered list of 2 poll trial points {

				#232: (  2 -4 ) (dir 0)
				#233: (  2  4 ) (dir 1)
			} 

			list of points evaluation (poll) {

				evaluation 1/2 {

					point #232 (  2 -4 )
					direction  : (  0 -4 ) Ortho-MADS 2n
					mesh index : -3

					cache hit: #232 --> #220
					poll unsuccessful point #220: evaluation failed
				} 

				evaluation 2/2 {

					point #233 (  2  4 )
					direction  : (  0  4 ) Ortho-MADS 2n
					mesh index : -3

					cache hit: #233 --> #221
					poll unsuccessful point #221: evaluation failed
				} 

			} end of evaluations


			MADS extended poll {


				extended poll pts sorting (on surrogates) {


					list of points evaluation (extended poll) {

						surrogate evaluation 1/4 {

							point #234 (  1  0 )
							mesh index : -2

							surrogate cache hit: #234 --> #198

							point #198 sgte eval: h=0 f=0.0016809940338100000465
						} 

						surrogate evaluation 2/4 {

							point #235 (  3  0 )
							mesh index : -2

							surrogate cache hit: #235 --> #199

							point #199 sgte eval: h=0 f=0.0014376878738399999184
						} 

						surrogate evaluation 3/4 {

							point #236 ( 153  0 )
							mesh index : -2

							surrogate cache hit: #236 --> #200

							point #200 sgte eval: h=0 f=0.0015920162200899999616
						} 

						surrogate evaluation 4/4 {

							point #237 ( 189  0 )
							mesh index : -2

							surrogate cache hit: #237 --> #201

							point #201 sgte eval: h=0 f=0.0015530824661299999501
						} 

					} end of evaluations


					sorted ext poll pts {

						point #1/4 : (     3     0 )
						point #2/4 : (   189     0 )
						point #3/4 : (   153     0 )
						point #4/4 : (     1     0 )

					} 


				} end of ext poll pts sorting (on surrogates)


				extended poll point eval {

					extended poll point = (     3     0 )

					list of points evaluation (extended poll) {

						evaluation 1/1 {

							point #238 (  3  0 )
							mesh index : -2

							cache hit: #238 --> #202
							extended poll unsuccessful point #202 [ h=0 f=0.0001417088508610000032 ]
						} 

					} end of evaluations


				} 


				extended poll center: (     3     0 )

				perform extended poll descent ...... no

				extended poll point eval {

					extended poll point = (   189     0 )

					list of points evaluation (extended poll) {

						evaluation 1/1 {

							point #239 ( 189  0 )
							mesh index : -2

							cache hit: #239 --> #203
							extended poll unsuccessful point #203 [ h=0 f=0.00015724897384600001202 ]
						} 

					} end of evaluations


				} 


				extended poll center: (   189     0 )

				perform extended poll descent ...... no

				extended poll point eval {

					extended poll point = (   153     0 )

					list of points evaluation (extended poll) {

						evaluation 1/1 {

							point #240 ( 153  0 )
							mesh index : -2

							cache hit: #240 --> #204
							extended poll unsuccessful point #204 [ h=0 f=0.00016211032867399999486 ]
						} 

					} end of evaluations


				} 


				extended poll center: (   153     0 )

				perform extended poll descent ...... no

				extended poll point eval {

					extended poll point = (     1     0 )

					list of points evaluation (extended poll) {

						evaluation 1/1 {

							point #241 (  1  0 )
							mesh index : -2

							cache hit: #241 --> #205
							extended poll unsuccessful point #205 [ h=0 f=0.00016795158386200001259 ]
						} 

					} end of evaluations


				} 


				extended poll center: (     1     0 )

				perform extended poll descent ...... no

			} end of extended poll

		} end of poll

		Mesh update {
			previous mesh index: -2
			new mesh index     : -1
		} 


		terminate MADS       : no
		iteration status     : unsuccessful
		new feas. incumbent  : none
		new infeas. incumbent: none

	} end of iteration 8

	MADS iteration 9 {

		blackbox evaluations : 26
		best feas. solution  : (  2  0 ) h=0 f=8.061885833739999591e-05
		best infeas. solution: none
		poll center          : (  2  0 )
		mesh size            : (  1  1 )
		poll size            : (  2  2 )
		mesh index           : -1
		h_max                : inf

		MADS search {
		} end of search

		MADS poll {

			poll center: (  2  0 )

			poll directions (include mesh size parameter) {
				dir 0 : (  0 -1 ) Ortho-MADS 2n
				dir 1 : (  0  1 ) Ortho-MADS 2n
			} 

			re-ordered list of 2 poll trial points {
				#242 : (  2 -1 ) (dir 0)
				#243 : (  2  1 ) (dir 1)
			} 

			list of points evaluation (poll) {

				surrogate evaluation 1/2 {

					point #242 (  2 -1 )
					direction  : (  0 -1 ) Ortho-MADS 2n
					mesh index : -1


					point #242 sgte eval: failed
				} 

				surrogate evaluation 2/2 {

					point #243 (  2  1 )
					direction  : (  0  1 ) Ortho-MADS 2n
					mesh index : -1


					point #243 sgte eval: failed
				} 

			} end of evaluations

			re-ordered list of 2 poll trial points {

				#244: (  2 -1 ) (dir 0)
				#245: (  2  1 ) (dir 1)
			} 

			list of points evaluation (poll) {

				evaluation 1/2 {

					point #244 (  2 -1 )
					direction  : (  0 -1 ) Ortho-MADS 2n
					mesh index : -1

					poll unsuccessful point #244: evaluation failed
				} 

				evaluation 2/2 {

					point #245 (  2  1 )
					direction  : (  0  1 ) Ortho-MADS 2n
					mesh index : -1

					poll unsuccessful point #245: evaluation failed
				} 

			} end of evaluations


			MADS extended poll {


				extended poll pts sorting (on surrogates) {


					list of points evaluation (extended poll) {

						surrogate evaluation 1/4 {

							point #246 (  1  0 )
							mesh index : -1

							surrogate cache hit: #246 --> #198

							point #198 sgte eval: h=0 f=0.0016809940338100000465
						} 

						surrogate evaluation 2/4 {

							point #247 (  3  0 )
							mesh index : -1

							surrogate cache hit: #247 --> #199

							point #199 sgte eval: h=0 f=0.0014376878738399999184
						} 

						surrogate evaluation 3/4 {

							point #248 ( 153  0 )
							mesh index : -1

							surrogate cache hit: #248 --> #200

							point #200 sgte eval: h=0 f=0.0015920162200899999616
						} 

						surrogate evaluation 4/4 {

							point #249 ( 189  0 )
							mesh index : -1

							surrogate cache hit: #249 --> #201

							point #201 sgte eval: h=0 f=0.0015530824661299999501
						} 

					} end of evaluations


					sorted ext poll pts {

						point #1/4 : (     3     0 )
						point #2/4 : (   189     0 )
						point #3/4 : (   153     0 )
						point #4/4 : (     1     0 )

					} 


				} end of ext poll pts sorting (on surrogates)


				extended poll point eval {

					extended poll point = (     3     0 )

					list of points evaluation (extended poll) {

						evaluation 1/1 {

							point #250 (  3  0 )
							mesh index : -1

							cache hit: #250 --> #202
							extended poll unsuccessful point #202 [ h=0 f=0.0001417088508610000032 ]
						} 

					} end of evaluations


				} 


				extended poll center: (     3     0 )

				perform extended poll descent ...... no

				extended poll point eval {

					extended poll point = (   189     0 )

					list of points evaluation (extended poll) {

						evaluation 1/1 {

							point #251 ( 189  0 )
							mesh index : -1

							cache hit: #251 --> #203
							extended poll unsuccessful point #203 [ h=0 f=0.00015724897384600001202 ]
						} 

					} end of evaluations


				} 


				extended poll center: (   189     0 )

				perform extended poll descent ...... no

				extended poll point eval {

					extended poll point = (   153     0 )

					list of points evaluation (extended poll) {

						evaluation 1/1 {

							point #252 ( 153  0 )
							mesh index : -1

							cache hit: #252 --> #204
							extended poll unsuccessful point #204 [ h=0 f=0.00016211032867399999486 ]
						} 

					} end of evaluations


				} 


				extended poll center: (   153     0 )

				perform extended poll descent ...... no

				extended poll point eval {

					extended poll point = (     1     0 )

					list of points evaluation (extended poll) {

						evaluation 1/1 {

							point #253 (  1  0 )
							mesh index : -1

							cache hit: #253 --> #205
							extended poll unsuccessful point #205 [ h=0 f=0.00016795158386200001259 ]
						} 

					} end of evaluations


				} 


				extended poll center: (     1     0 )

				perform extended poll descent ...... no

			} end of extended poll

		} end of poll

		Mesh update {
			previous mesh index: -1
			new mesh index     : 0
		} 


		terminate MADS       : no
		iteration status     : unsuccessful
		new feas. incumbent  : none
		new infeas. incumbent: none

	} end of iteration 9

	MADS iteration 10 {

		blackbox evaluations : 28
		best feas. solution  : (  2  0 ) h=0 f=8.061885833739999591e-05
		best infeas. solution: none
		poll center          : (  2  0 )
		mesh size            : (  1  1 )
		poll size            : (  1  1 )
		mesh index           : 0
		h_max                : inf

		MADS search {
		} end of search

		MADS poll {

			poll center: (  2  0 )

			poll directions (include mesh size parameter) {
				dir 0 : (  0 -1 ) Ortho-MADS 2n
				dir 1 : (  0  1 ) Ortho-MADS 2n
			} 

			re-ordered list of 2 poll trial points {
				#254 : (  2 -1 ) (dir 0)
				#255 : (  2  1 ) (dir 1)
			} 

			list of points evaluation (poll) {

				surrogate evaluation 1/2 {

					point #254 (  2 -1 )
					direction  : (  0 -1 ) Ortho-MADS 2n
					mesh index : 0

					surrogate cache hit: #254 --> #242

					point #242 sgte eval: failed
				} 

				surrogate evaluation 2/2 {

					point #255 (  2  1 )
					direction  : (  0  1 ) Ortho-MADS 2n
					mesh index : 0

					surrogate cache hit: #255 --> #243

					point #243 sgte eval: failed
				} 

			} end of evaluations

			re-ordered list of 2 poll trial points {

				#256: (  2 -1 ) (dir 0)
				#257: (  2  1 ) (dir 1)
			} 

			list of points evaluation (poll) {

				evaluation 1/2 {

					point #256 (  2 -1 )
					direction  : (  0 -1 ) Ortho-MADS 2n
					mesh index : -1

					cache hit: #256 --> #244
					poll unsuccessful point #244: evaluation failed
				} 

				evaluation 2/2 {

					point #257 (  2  1 )
					direction  : (  0  1 ) Ortho-MADS 2n
					mesh index : -1

					cache hit: #257 --> #245
					poll unsuccessful point #245: evaluation failed
				} 

			} end of evaluations


			MADS extended poll {


				extended poll pts sorting (on surrogates) {


					list of points evaluation (extended poll) {

						surrogate evaluation 1/4 {

							point #258 (  1  0 )
							mesh index : 0

							surrogate cache hit: #258 --> #198

							point #198 sgte eval: h=0 f=0.0016809940338100000465
						} 

						surrogate evaluation 2/4 {

							point #259 (  3  0 )
							mesh index : 0

							surrogate cache hit: #259 --> #199

							point #199 sgte eval: h=0 f=0.0014376878738399999184
						} 

						surrogate evaluation 3/4 {

							point #260 ( 153  0 )
							mesh index : 0

							surrogate cache hit: #260 --> #200

							point #200 sgte eval: h=0 f=0.0015920162200899999616
						} 

						surrogate evaluation 4/4 {

							point #261 ( 189  0 )
							mesh index : 0

							surrogate cache hit: #261 --> #201

							point #201 sgte eval: h=0 f=0.0015530824661299999501
						} 

					} end of evaluations


					sorted ext poll pts {

						point #1/4 : (     3     0 )
						point #2/4 : (   189     0 )
						point #3/4 : (   153     0 )
						point #4/4 : (     1     0 )

					} 


				} end of ext poll pts sorting (on surrogates)


				extended poll point eval {

					extended poll point = (     3     0 )

					list of points evaluation (extended poll) {

						evaluation 1/1 {

							point #262 (  3  0 )
							mesh index : 0

							cache hit: #262 --> #202
							extended poll unsuccessful point #202 [ h=0 f=0.0001417088508610000032 ]
						} 

					} end of evaluations


				} 


				extended poll center: (     3     0 )

				perform extended poll descent ...... no

				extended poll point eval {

					extended poll point = (   189     0 )

					list of points evaluation (extended poll) {

						evaluation 1/1 {

							point #263 ( 189  0 )
							mesh index : 0

							cache hit: #263 --> #203
							extended poll unsuccessful point #203 [ h=0 f=0.00015724897384600001202 ]
						} 

					} end of evaluations


				} 


				extended poll center: (   189     0 )

				perform extended poll descent ...... no

				extended poll point eval {

					extended poll point = (   153     0 )

					list of points evaluation (extended poll) {

						evaluation 1/1 {

							point #264 ( 153  0 )
							mesh index : 0

							cache hit: #264 --> #204
							extended poll unsuccessful point #204 [ h=0 f=0.00016211032867399999486 ]
						} 

					} end of evaluations


				} 


				extended poll center: (   153     0 )

				perform extended poll descent ...... no

				extended poll point eval {

					extended poll point = (     1     0 )

					list of points evaluation (extended poll) {

						evaluation 1/1 {

							point #265 (  1  0 )
							mesh index : 0

							cache hit: #265 --> #205
							extended poll unsuccessful point #205 [ h=0 f=0.00016795158386200001259 ]
						} 

					} end of evaluations


				} 


				extended poll center: (     1     0 )

				perform extended poll descent ...... no

			} end of extended poll

		} end of poll

		Mesh update {
			previous mesh index: 0
			new mesh index     : 1
		} 


		terminate MADS       : no
		iteration status     : unsuccessful
		new feas. incumbent  : none
		new infeas. incumbent: none

	} end of iteration 10

	MADS iteration 11 {

		blackbox evaluations : 28
		best feas. solution  : (  2  0 ) h=0 f=8.061885833739999591e-05
		best infeas. solution: none
		poll center          : (  2  0 )
		mesh size            : ( 0.25 0.25 )
		poll size            : ( 0.5 0.5 )
		mesh index           : 1
		h_max                : inf

		MADS search {
		} end of search

		MADS poll {

			poll center: (  2  0 )

			poll directions (include mesh size parameter) {
				dir 0 : (  0 -1 ) Ortho-MADS 2n
				dir 1 : (  0  1 ) Ortho-MADS 2n
			} 

			re-ordered list of 2 poll trial points {
				#266 : (  2 -1 ) (dir 0)
				#267 : (  2  1 ) (dir 1)
			} 

			list of points evaluation (poll) {

				surrogate evaluation 1/2 {

					point #266 (  2 -1 )
					direction  : (  0 -1 ) Ortho-MADS 2n
					mesh index : 1

					surrogate cache hit: #266 --> #242

					point #242 sgte eval: failed
				} 

				surrogate evaluation 2/2 {

					point #267 (  2  1 )
					direction  : (  0  1 ) Ortho-MADS 2n
					mesh index : 1

					surrogate cache hit: #267 --> #243

					point #243 sgte eval: failed
				} 

			} end of evaluations

			re-ordered list of 2 poll trial points {

				#268: (  2 -1 ) (dir 0)
				#269: (  2  1 ) (dir 1)
			} 

			list of points evaluation (poll) {

				evaluation 1/2 {

					point #268 (  2 -1 )
					direction  : (  0 -1 ) Ortho-MADS 2n
					mesh index : -1

					cache hit: #268 --> #244
					poll unsuccessful point #244: evaluation failed
				} 

				evaluation 2/2 {

					point #269 (  2  1 )
					direction  : (  0  1 ) Ortho-MADS 2n
					mesh index : -1

					cache hit: #269 --> #245
					poll unsuccessful point #245: evaluation failed
				} 

			} end of evaluations


			MADS extended poll {


				extended poll pts sorting (on surrogates) {


					list of points evaluation (extended poll) {

						surrogate evaluation 1/4 {

							point #270 (  1  0 )
							mesh index : 1

							surrogate cache hit: #270 --> #198

							point #198 sgte eval: h=0 f=0.0016809940338100000465
						} 

						surrogate evaluation 2/4 {

							point #271 (  3  0 )
							mesh index : 1

							surrogate cache hit: #271 --> #199

							point #199 sgte eval: h=0 f=0.0014376878738399999184
						} 

						surrogate evaluation 3/4 {

							point #272 ( 153  0 )
							mesh index : 1

							surrogate cache hit: #272 --> #200

							point #200 sgte eval: h=0 f=0.0015920162200899999616
						} 

						surrogate evaluation 4/4 {

							point #273 ( 189  0 )
							mesh index : 1

							surrogate cache hit: #273 --> #201

							point #201 sgte eval: h=0 f=0.0015530824661299999501
						} 

					} end of evaluations


					sorted ext poll pts {

						point #1/4 : (     3     0 )
						point #2/4 : (   189     0 )
						point #3/4 : (   153     0 )
						point #4/4 : (     1     0 )

					} 


				} end of ext poll pts sorting (on surrogates)


				extended poll point eval {

					extended poll point = (     3     0 )

					list of points evaluation (extended poll) {

						evaluation 1/1 {

							point #274 (  3  0 )
							mesh index : 1

							cache hit: #274 --> #202
							extended poll unsuccessful point #202 [ h=0 f=0.0001417088508610000032 ]
						} 

					} end of evaluations


				} 


				extended poll center: (     3     0 )

				perform extended poll descent ...... no

				extended poll point eval {

					extended poll point = (   189     0 )

					list of points evaluation (extended poll) {

						evaluation 1/1 {

							point #275 ( 189  0 )
							mesh index : 1

							cache hit: #275 --> #203
							extended poll unsuccessful point #203 [ h=0 f=0.00015724897384600001202 ]
						} 

					} end of evaluations


				} 


				extended poll center: (   189     0 )

				perform extended poll descent ...... no

				extended poll point eval {

					extended poll point = (   153     0 )

					list of points evaluation (extended poll) {

						evaluation 1/1 {

							point #276 ( 153  0 )
							mesh index : 1

							cache hit: #276 --> #204
							extended poll unsuccessful point #204 [ h=0 f=0.00016211032867399999486 ]
						} 

					} end of evaluations


				} 


				extended poll center: (   153     0 )

				perform extended poll descent ...... no

				extended poll point eval {

					extended poll point = (     1     0 )

					list of points evaluation (extended poll) {

						evaluation 1/1 {

							point #277 (  1  0 )
							mesh index : 1

							cache hit: #277 --> #205
							extended poll unsuccessful point #205 [ h=0 f=0.00016795158386200001259 ]
						} 

					} end of evaluations


				} 


				extended poll center: (     1     0 )

				perform extended poll descent ...... no

			} end of extended poll

		} end of poll

		Mesh update {
			previous mesh index: 1
			new mesh index     : 2
		} 


		terminate MADS       : no
		iteration status     : unsuccessful
		new feas. incumbent  : none
		new infeas. incumbent: none

	} end of iteration 11

	MADS iteration 12 {

		blackbox evaluations : 28
		best feas. solution  : (  2  0 ) h=0 f=8.061885833739999591e-05
		best infeas. solution: none
		poll center          : (  2  0 )
		mesh size            : ( 0.0625 0.0625 )
		poll size            : ( 0.25 0.25 )
		mesh index           : 2
		h_max                : inf

		MADS search {
		} end of search

		MADS poll {

			poll center: (  2  0 )

			poll directions (include mesh size parameter) {
				dir 0 : (  0 -1 ) Ortho-MADS 2n
				dir 1 : (  0  1 ) Ortho-MADS 2n
			} 

			re-ordered list of 2 poll trial points {
				#278 : (  2 -1 ) (dir 0)
				#279 : (  2  1 ) (dir 1)
			} 

			list of points evaluation (poll) {

				surrogate evaluation 1/2 {

					point #278 (  2 -1 )
					direction  : (  0 -1 ) Ortho-MADS 2n
					mesh index : 2

					surrogate cache hit: #278 --> #242

					point #242 sgte eval: failed
				} 

				surrogate evaluation 2/2 {

					point #279 (  2  1 )
					direction  : (  0  1 ) Ortho-MADS 2n
					mesh index : 2

					surrogate cache hit: #279 --> #243

					point #243 sgte eval: failed
				} 

			} end of evaluations

			re-ordered list of 2 poll trial points {

				#280: (  2 -1 ) (dir 0)
				#281: (  2  1 ) (dir 1)
			} 

			list of points evaluation (poll) {

				evaluation 1/2 {

					point #280 (  2 -1 )
					direction  : (  0 -1 ) Ortho-MADS 2n
					mesh index : -1

					cache hit: #280 --> #244
					poll unsuccessful point #244: evaluation failed
				} 

				evaluation 2/2 {

					point #281 (  2  1 )
					direction  : (  0  1 ) Ortho-MADS 2n
					mesh index : -1

					cache hit: #281 --> #245
					poll unsuccessful point #245: evaluation failed
				} 

			} end of evaluations


			MADS extended poll {


				extended poll pts sorting (on surrogates) {


					list of points evaluation (extended poll) {

						surrogate evaluation 1/4 {

							point #282 (  1  0 )
							mesh index : 2

							surrogate cache hit: #282 --> #198

							point #198 sgte eval: h=0 f=0.0016809940338100000465
						} 

						surrogate evaluation 2/4 {

							point #283 (  3  0 )
							mesh index : 2

							surrogate cache hit: #283 --> #199

							point #199 sgte eval: h=0 f=0.0014376878738399999184
						} 

						surrogate evaluation 3/4 {

							point #284 ( 153  0 )
							mesh index : 2

							surrogate cache hit: #284 --> #200

							point #200 sgte eval: h=0 f=0.0015920162200899999616
						} 

						surrogate evaluation 4/4 {

							point #285 ( 189  0 )
							mesh index : 2

							surrogate cache hit: #285 --> #201

							point #201 sgte eval: h=0 f=0.0015530824661299999501
						} 

					} end of evaluations


					sorted ext poll pts {

						point #1/4 : (     3     0 )
						point #2/4 : (   189     0 )
						point #3/4 : (   153     0 )
						point #4/4 : (     1     0 )

					} 


				} end of ext poll pts sorting (on surrogates)


				extended poll point eval {

					extended poll point = (     3     0 )

					list of points evaluation (extended poll) {

						evaluation 1/1 {

							point #286 (  3  0 )
							mesh index : 2

							cache hit: #286 --> #202
							extended poll unsuccessful point #202 [ h=0 f=0.0001417088508610000032 ]
						} 

					} end of evaluations


				} 


				extended poll center: (     3     0 )

				perform extended poll descent ...... no

				extended poll point eval {

					extended poll point = (   189     0 )

					list of points evaluation (extended poll) {

						evaluation 1/1 {

							point #287 ( 189  0 )
							mesh index : 2

							cache hit: #287 --> #203
							extended poll unsuccessful point #203 [ h=0 f=0.00015724897384600001202 ]
						} 

					} end of evaluations


				} 


				extended poll center: (   189     0 )

				perform extended poll descent ...... no

				extended poll point eval {

					extended poll point = (   153     0 )

					list of points evaluation (extended poll) {

						evaluation 1/1 {

							point #288 ( 153  0 )
							mesh index : 2

							cache hit: #288 --> #204
							extended poll unsuccessful point #204 [ h=0 f=0.00016211032867399999486 ]
						} 

					} end of evaluations


				} 


				extended poll center: (   153     0 )

				perform extended poll descent ...... no

				extended poll point eval {

					extended poll point = (     1     0 )

					list of points evaluation (extended poll) {

						evaluation 1/1 {

							point #289 (  1  0 )
							mesh index : 2

							cache hit: #289 --> #205
							extended poll unsuccessful point #205 [ h=0 f=0.00016795158386200001259 ]
						} 

					} end of evaluations


				} 


				extended poll center: (     1     0 )

				perform extended poll descent ...... no

			} end of extended poll

		} end of poll

		Mesh update {
			previous mesh index: 2
			new mesh index     : 3
		} 


		terminate MADS       : yes
		termination cause    : max mesh index
		iteration status     : unsuccessful
		new feas. incumbent  : none
		new infeas. incumbent: none

	} end of iteration 12

} end of run (max mesh index)

NOMAD final display {

	cache {
		number of cache points: 28
		size in memory        : 3.7999999999999998224 KB
		cache file            : -
	} 

	stats {
		MADS iterations                 : 13
		blackbox evaluations            : 28
		simulated blackbox evaluations  : 0
		evaluations                     : 64
		surrogate evaluations           : 97
		failed evaluations              : 36
		interrupted sequences of eval.  : 0
		cache hits                      : 86
		number of poll searches         : 13
		poll successes                  : 5
		poll points                     : 26
		number of extended polls        : 13
		number of ext. poll descents    : 0
		number of ext. poll successes   : 5
		number of ext. poll points      : 158
		number of ext. poll bb eval     : 9
		number of speculative searches  : 5
		speculative search successes    : 0
		speculative search points       : 0
		number of user searches         : 0
		number of LH searches           : 0
		number of cache searches        : 0
		number of VNS searches          : 0
		no model has been constructed
		wall-clock time                 : 3m 54s
	} 

	miscellaneous {
		mesh index      : min=-5, max=3, last=2
		best feas. sol  : ( 2 0 ) h=0 f=8.061885833739999591e-05
		best infeas. sol: none
	} 
} 
